9.406583e-09 -7.647857e-08
-9.912755e-08 -1.161080e-07
-2.211745e-07 -2.730231e-08
-2.356857e-07 1.460352e-07
-1.052023e-07 2.993613e-07
1.211648e-07 3.114794e-07
2.834299e-07 1.464835e-07
2.660841e-07 -5.933582e-08
1.421077e-07 -1.507576e-07
6.030250e-08 -1.390452e-07
4.198264e-08 -1.453923e-07
-1.713593e-08 -2.000339e-07
-1.602964e-07 -1.962341e-07
-2.798630e-07 -5.493663e-08
-2.492268e-07 1.438674e-07
-8.831585e-08 2.450825e-07
5.884446e-08 2.009828e-07
9.956523e-08 1.143082e-07
9.358742e-08 9.254294e-08
1.526713e-07 1.028850e-07
2.661052e-07 1.751602e-08
2.817495e-07 -1.970573e-07
8.991662e-08 -3.876444e-07
-2.087760e-07 -3.628871e-07
-3.824782e-07 -1.217196e-07
-3.229357e-07 1.318914e-07
-1.563456e-07 2.269055e-07
-5.743723e-08 2.122313e-07
-1.553072e-08 2.390564e-07
1.169166e-07 3.030700e-07
3.548164e-07 2.246096e-07
4.844685e-07 -8.078635e-08
3.121146e-07 -4.185194e-07
-6.490413e-08 -5.027653e-07
-3.444979e-07 -2.882272e-07
-3.619699e-07 -6.411054e-09
-2.377125e-07 1.328297e-07
-1.575424e-07 1.636244e-07
-1.170221e-07 2.300738e-07
1.862556e-08 3.241321e-07
2.556420e-07 2.826125e-07
4.055282e-07 3.759608e-08
3.113835e-07 -2.477114e-07
5.031658e-08 -3.527947e-07
-1.593199e-07 -2.451844e-07
-2.064471e-07 -7.990851e-08
-1.651044e-07 1.321700e-08
-1.390939e-07 5.515431e-08
-1.191826e-07 1.195207e-07
-3.630715e-08 1.900886e-07
1.005195e-07 1.797161e-07
1.908745e-07 6.301705e-08
1.639068e-07 -7.535399e-08
5.964562e-08 -1.366206e-07
-2.885890e-08 -1.101537e-07
-5.963868e-08 -5.760280e-08
-6.009445e-08 -2.436953e-08
-6.241451e-08 -1.785727e-09
-5.948319e-08 3.080030e-08
-3.064470e-08 6.247225e-08
1.634050e-08 6.503011e-08
