4.847772e-08 -4.744856e-08
-4.806466e-09 -1.341315e-07
-1.398634e-07 -1.434103e-07
-2.578401e-07 -3.064114e-08
-2.596305e-07 1.688375e-07
-8.663524e-08 3.258417e-07
1.572404e-07 2.915280e-07
2.752325e-07 9.557348e-08
2.133801e-07 -7.624474e-08
1.051073e-07 -1.166880e-07
6.889660e-08 -1.028097e-07
6.098321e-08 -1.428135e-07
-2.424677e-08 -2.065472e-07
-1.755220e-07 -1.745884e-07
-2.619883e-07 -1.629213e-08
-1.972450e-07 1.539807e-07
-4.572982e-08 2.084504e-07
5.830112e-08 1.490390e-07
6.910117e-08 8.714162e-08
6.948867e-08 9.261838e-08
1.450647e-07 1.010569e-07
2.483288e-07 6.937725e-10
2.334620e-07 -1.994898e-07
3.967970e-08 -3.387305e-07
-2.038694e-07 -2.765052e-07
-3.066215e-07 -6.490408e-08
-2.326965e-07 1.101275e-07
-1.214071e-07 1.551591e-07
-8.009911e-08 1.606543e-07
-3.848841e-08 2.294568e-07
1.214707e-07 2.895726e-07
3.422708e-07 1.759233e-07
4.097307e-07 -1.167560e-07
2.160046e-07 -3.712224e-07
-8.796961e-08 -3.854702e-07
-2.651209e-07 -2.001228e-07
-2.580106e-07 -1.658614e-08
-1.979092e-07 6.445415e-08
-1.775056e-07 1.221614e-07
-1.270370e-07 2.319280e-07
4.254324e-08 3.117090e-07
2.591038e-07 2.256025e-07
3.434780e-07 -1.118389e-08
2.247569e-07 -2.220554e-07
2.087264e-08 -2.667798e-07
-1.114114e-07 -1.791045e-07
-1.418515e-07 -8.151788e-08
-1.428328e-07 -2.339362e-08
-1.501078e-07 3.863139e-08
-1.182898e-07 1.271294e-07
-1.392840e-08 1.837728e-07
1.089732e-07 1.446088e-07
1.613820e-07 3.155810e-08
1.201669e-07 -6.856580e-08
4.213354e-08 -1.002450e-07
-1.241149e-08 -8.177386e-08
-3.651153e-08 -5.642399e-08
-5.318091e-08 -3.547696e-08
-6.618577e-08 -4.463464e-09
-5.702540e-08 3.594805e-08
-2.017135e-08 6.101542e-08
