1.201130e-07 -5.833378e-08
1.198063e-07 -2.247354e-07
-3.390197e-08 -3.564218e-07
-2.692219e-07 -3.320369e-07
-4.483052e-07 -1.157328e-07
-4.144359e-07 1.914421e-07
-1.745049e-07 3.664932e-07
6.249255e-08 3.188649e-07
1.532635e-07 1.916543e-07
1.758722e-07 1.235452e-07
2.388141e-07 6.078247e-08
2.770270e-07 -9.612312e-08
1.608267e-07 -2.756665e-07
-7.167303e-08 -3.037294e-07
-2.299582e-07 -1.477400e-07
-2.092763e-07 3.464550e-08
-1.011476e-07 1.016559e-07
-4.072014e-08 8.150577e-08
-3.501144e-08 8.030265e-08
-1.339815e-09 1.144745e-07
8.084402e-08 1.081426e-07
1.363241e-07 2.558195e-08
1.049844e-07 -6.953894e-08
2.214776e-08 -9.864007e-08
-3.372376e-08 -6.157333e-08
-3.514815e-08 -1.871822e-08
-1.778250e-08 -8.748260e-09
-1.860294e-08 -1.614538e-08
-3.433385e-08 -1.019703e-08
-4.006887e-08 1.357763e-08
-2.454712e-08 3.638089e-08
2.327355e-09 4.187699e-08
2.415156e-08 2.894097e-08
3.078176e-08 7.791180e-09
2.293235e-08 -8.224840e-09
1.132406e-08 -1.170558e-08
7.576186e-09 -8.186156e-09
1.084492e-08 -1.063232e-08
7.430059e-09 -2.216325e-08
-1.076360e-08 -2.857838e-08
-3.131982e-08 -1.509305e-08
-3.316105e-08 1.198231e-08
-1.286591e-08 2.921203e-08
9.565592e-09 2.336352e-08
1.477826e-08 6.742433e-09
6.747507e-09 -3.117193e-11
4.325963e-09 5.304994e-09
1.391240e-08 6.077008e-09
2.054825e-08 -7.988498e-09
9.141986e-09 -2.456615e-08
-1.335815e-08 -2.384051e-08
-2.505570e-08 -4.612013e-09
-1.613780e-08 1.357394e-08
8.095629e-12 1.485178e-08
5.540827e-09 5.270184e-09
6.104592e-10 1.455286e-09
-3.569811e-10 6.887487e-09
8.562163e-09 8.761861e-09
1.579745e-08 -1.637546e-09
9.119654e-09 -1.498183e-08
-6.420575e-09 -1.600158e-08
