1.413375e-07 3.758816e-07
5.449642e-07 2.767307e-07
7.241687e-07 -1.858461e-07
4.470199e-07 -6.373774e-07
-6.268693e-08 -7.165900e-07
-4.133346e-07 -4.319618e-07
-4.359676e-07 -9.215066e-08
-3.083710e-07 5.686554e-08
-2.687571e-07 9.100570e-08
-2.830516e-07 2.202557e-07
-1.357197e-07 4.252292e-07
1.987083e-07 4.554175e-07
4.582247e-07 1.899162e-07
4.140051e-07 -1.666513e-07
1.516962e-07 -3.265118e-07
-6.166943e-08 -2.490048e-07
-1.070187e-07 -1.237349e-07
-9.228686e-08 -8.568505e-08
-1.343363e-07 -7.535545e-08
-1.905214e-07 1.094082e-08
-1.501725e-07 1.438423e-07
-1.060981e-08 2.009085e-07
1.140097e-07 1.323643e-07
1.349374e-07 1.519882e-08
7.730898e-08 -5.100921e-08
2.264341e-08 -4.817986e-08
9.918875e-09 -2.664456e-08
1.600826e-08 -2.674913e-08
7.307797e-09 -4.202513e-08
-1.944584e-08 -4.556043e-08
-4.367569e-08 -2.605731e-08
-4.740353e-08 5.007011e-09
-3.004276e-08 2.780652e-08
-6.465237e-09 3.070093e-08
5.825804e-09 1.919221e-08
2.988509e-09 1.091003e-08
-3.410638e-10 1.661301e-08
1.186462e-08 2.560173e-08
3.430910e-08 1.692128e-08
4.255844e-08 -1.266421e-08
2.224736e-08 -3.985743e-08
-1.095736e-08 -4.039182e-08
-2.859468e-08 -1.788442e-08
-2.280877e-08 2.044087e-09
-1.227703e-08 4.666356e-09
-1.393917e-08 2.071965e-09
-1.986574e-08 1.192388e-08
-1.038203e-08 2.969611e-08
1.570262e-08 3.295560e-08
3.579294e-08 1.164275e-08
3.060156e-08 -1.688513e-08
7.513840e-09 -2.808712e-08
-9.947193e-09 -1.860362e-08
-1.112914e-08 -6.214053e-09
-7.281512e-09 -4.037550e-09
-1.118990e-08 -5.062739e-09
-1.775385e-08 3.532832e-09
-1.233004e-08 1.863928e-08
6.302744e-09 2.341707e-08
2.149461e-08 1.007078e-08
1.912170e-08 -8.903146e-09
