1.898218e-08 -8.306630e-09
1.467570e-08 -3.182130e-08
-1.384459e-08 -4.845422e-08
-5.342228e-08 -3.530081e-08
-7.253284e-08 9.479851e-09
-5.049763e-08 5.631820e-08
-3.600375e-09 7.103536e-08
3.240322e-08 5.239045e-08
4.441279e-08 2.749614e-08
4.950718e-08 1.110577e-08
5.846682e-08 -1.089931e-08
5.248576e-08 -4.918768e-08
1.167388e-08 -8.060432e-08
-4.604638e-08 -7.080285e-08
-7.712506e-08 -2.115232e-08
-6.292721e-08 2.856227e-08
-2.832921e-08 4.720830e-08
-4.563955e-09 4.325177e-08
7.946032e-09 4.031604e-08
2.676748e-08 3.912590e-08
5.101536e-08 2.135617e-08
5.777443e-08 -1.592120e-08
3.395679e-08 -4.899962e-08
-4.402420e-09 -5.441921e-08
-3.053546e-08 -3.477327e-08
-3.523796e-08 -1.125360e-08
-3.004096e-08 2.182708e-09
-2.752676e-08 9.796041e-09
-2.612292e-08 2.194162e-08
-1.481141e-08 3.847063e-08
1.084995e-08 4.642818e-08
3.968108e-08 3.345110e-08
5.301368e-08 2.576882e-09
4.262524e-08 -2.821945e-08
1.858049e-08 -4.313882e-08
-3.532979e-09 -4.290026e-08
-2.032543e-08 -3.776333e-08
-3.873527e-08 -2.879033e-08
-5.673247e-08 -5.655651e-09
-5.659543e-08 3.300066e-08
-2.555920e-08 6.623188e-08
2.257349e-08 6.839858e-08
5.726022e-08 3.781827e-08
6.228653e-08 -2.040233e-09
4.739749e-08 -3.025628e-08
2.760659e-08 -4.652722e-08
3.168613e-09 -5.730905e-08
-3.078206e-08 -5.575418e-08
-6.291805e-08 -2.894759e-08
-6.934243e-08 1.751127e-08
-4.109480e-08 5.601502e-08
2.540969e-09 6.350814e-08
3.418457e-08 4.370490e-08
4.490116e-08 1.695933e-08
4.370397e-08 -5.049575e-09
3.672419e-08 -2.494058e-08
1.911912e-08 -4.305270e-08
-1.050272e-08 -4.812155e-08
-3.824389e-08 -3.069320e-08
-4.594491e-08 8.906149e-10
-3.090460e-08 2.615996e-08
