-7.483456e-08 2.539147e-08
-6.380195e-08 1.440479e-07
5.839963e-08 2.081716e-07
1.808606e-07 1.698041e-07
2.713778e-07 7.138684e-08
2.998358e-07 -9.054602e-08
2.091539e-07 -2.553330e-07
3.414103e-08 -3.270990e-07
-1.360413e-07 -2.907334e-07
-2.602325e-07 -1.877277e-07
-3.313468e-07 -3.645529e-08
-3.163623e-07 1.494636e-07
-1.876319e-07 3.050827e-07
8.054858e-09 3.517384e-07
1.768340e-07 2.843593e-07
2.747592e-07 1.676093e-07
3.292624e-07 4.200354e-08
3.545228e-07 -1.176149e-07
2.909211e-07 -3.259514e-07
6.917551e-08 -4.999692e-07
-2.689421e-07 -4.931232e-07
-5.469733e-07 -2.384205e-07
-5.836223e-07 1.516888e-07
-3.580551e-07 4.555764e-07
-3.001045e-08 5.316392e-07
2.220823e-07 4.255396e-07
3.634040e-07 2.688211e-07
4.648627e-07 9.765481e-08
5.200786e-07 -1.585344e-07
3.910549e-07 -4.894789e-07
1.985593e-09 -6.918063e-07
-4.666375e-07 -5.464072e-07
-6.900787e-07 -9.872488e-08
-5.310328e-07 3.373580e-07
-1.792138e-07 4.968260e-07
8.657677e-08 4.131277e-07
2.020569e-07 2.925787e-07
2.974244e-07 2.106985e-07
4.216266e-07 5.413689e-08
4.269565e-07 -2.348557e-07
1.825143e-07 -4.876076e-07
-1.938339e-07 -4.758634e-07
-4.244732e-07 -1.961832e-07
-3.741245e-07 1.141155e-07
-1.720767e-07 2.458652e-07
-1.949634e-08 2.166022e-07
3.904532e-08 1.701054e-07
9.541740e-08 1.578883e-07
1.888532e-07 1.034919e-07
2.336560e-07 -3.990578e-08
1.472566e-07 -1.880773e-07
-2.152722e-08 -2.194566e-07
-1.409665e-07 -1.221965e-07
-1.440214e-07 1.558968e-09
-8.072125e-08 6.115835e-08
-3.122737e-08 6.076429e-08
-1.334230e-08 5.439994e-08
6.544871e-09 6.104920e-08
4.339474e-08 5.360272e-08
6.961337e-08 1.405129e-08
5.709278e-08 -3.409131e-08
