-1.295017e-06 -9.430571e-07
-2.494992e-06 1.934448e-07
-2.398673e-06 2.316070e-06
-5.274219e-07 3.908106e-06
2.174349e-06 3.642427e-06
3.922945e-06 1.418249e-06
3.562139e-06 -1.238789e-06
1.771351e-06 -2.651636e-06
1.099565e-08 -2.610329e-06
-1.077047e-06 -1.899562e-06
-1.654066e-06 -1.021422e-06
-1.807298e-06 -2.037420e-08
-1.390678e-06 9.197078e-07
-5.193222e-07 1.376713e-06
3.136229e-07 1.183135e-06
7.104663e-07 6.516229e-07
7.213139e-07 2.023974e-07
6.335947e-07 -5.750601e-08
5.624204e-07 -2.852139e-07
3.812460e-07 -5.517695e-07
3.950528e-09 -6.960941e-07
-4.104279e-07 -5.421584e-07
-5.996670e-07 -1.553355e-07
-4.854004e-07 2.027606e-07
-2.347211e-07 3.501328e-07
-4.052381e-08 3.339601e-07
7.491457e-08 2.909651e-07
1.948743e-07 2.441381e-07
3.182054e-07 1.143154e-07
3.332946e-07 -1.040570e-07
1.820906e-07 -2.806257e-07
-3.618280e-08 -2.932285e-07
-1.706707e-07 -1.697063e-07
-1.801726e-07 -3.678239e-08
-1.376770e-07 3.392327e-08
-1.045382e-07 7.106738e-08
-6.579540e-08 1.119942e-07
6.124833e-09 1.338022e-07
8.295675e-08 9.829154e-08
1.107673e-07 2.136996e-08
8.040706e-08 -4.058150e-08
3.273208e-08 -5.726804e-08
3.562189e-09 -4.636511e-08
-7.581200e-09 -3.525204e-08
-1.583774e-08 -2.918404e-08
-2.486850e-08 -2.092814e-08
-3.040946e-08 -9.085562e-09
-3.165604e-08 4.031246e-09
-2.776204e-08 1.885830e-08
-1.411166e-08 3.210626e-08
7.437269e-09 3.336420e-08
2.285857e-08 1.885114e-08
2.160595e-08 1.677969e-09
1.253303e-08 -3.102212e-09
1.231692e-08 2.953794e-10
2.034741e-08 -5.450269e-09
1.814431e-08 -2.357478e-08
-3.467988e-09 -3.502899e-08
-2.819818e-08 -2.304034e-08
-3.317178e-08 3.496132e-09
-1.723786e-08 2.040997e-08
