-1.534963e-07 3.945581e-07
2.534928e-07 6.099850e-07
7.618320e-07 3.432909e-07
8.500072e-07 -2.855313e-07
4.084723e-07 -7.408032e-07
-1.573490e-07 -6.935529e-07
-4.110767e-07 -3.305492e-07
-3.377691e-07 -6.326844e-08
-2.530333e-07 -2.236238e-08
-3.223595e-07 2.250673e-08
-3.537450e-07 2.511387e-07
-1.219440e-07 4.939243e-07
2.653348e-07 4.562323e-07
4.748700e-07 1.265008e-07
3.588926e-07 -2.004398e-07
1.036582e-07 -2.871172e-07
-4.309287e-08 -1.948403e-07
-5.673316e-08 -1.223962e-07
-7.742880e-08 -1.252776e-07
-1.621804e-07 -9.615012e-08
-2.127898e-07 2.984433e-08
-1.377141e-07 1.669373e-07
1.360332e-08 1.950690e-07
1.162618e-07 1.088136e-07
1.158818e-07 5.180260e-09
6.291644e-08 -3.955952e-08
2.650263e-08 -3.399579e-08
2.107206e-08 -2.560488e-08
1.920240e-08 -3.481416e-08
1.294426e-09 -4.650881e-08
-2.561166e-08 -4.168827e-08
-4.340794e-08 -1.871042e-08
-4.131381e-08 9.251137e-09
-2.281309e-08 2.593510e-08
-3.150357e-09 2.405681e-08
2.878812e-09 1.272766e-08
-3.214846e-09 9.756023e-09
-3.472445e-09 2.053570e-08
1.414329e-08 2.845296e-08
3.672167e-08 1.437033e-08
3.909698e-08 -1.648262e-08
1.544014e-08 -3.727918e-08
-1.207770e-08 -3.141936e-08
-2.057204e-08 -1.183575e-08
-1.348342e-08 -1.916348e-09
-1.137841e-08 -4.618142e-09
-2.071889e-08 -1.930115e-09
-2.454617e-08 1.606502e-08
-7.446911e-09 3.404471e-08
2.048952e-08 3.023797e-08
3.395142e-08 5.329415e-09
2.301317e-08 -1.755589e-08
3.423475e-09 -2.102379e-08
-5.431598e-09 -1.191953e-08
-3.826553e-09 -7.419592e-09
-5.950217e-09 -1.030070e-08
-1.599409e-08 -7.619937e-09
-2.084474e-08 7.362145e-09
-9.112904e-09 2.243216e-08
1.112175e-08 2.117796e-08
2.099895e-08 4.528416e-09
