-3.783354e-08 -4.787641e-08
-1.510682e-07 -6.345312e-08
-3.045587e-07 7.985694e-08
-2.459600e-07 3.899067e-07
1.350098e-07 5.397014e-07
5.145615e-07 2.750881e-07
5.120596e-07 -1.864928e-07
1.752538e-07 -4.195788e-07
-1.249681e-07 -3.093458e-07
-1.785699e-07 -1.068310e-07
-1.144203e-07 -3.502805e-08
-1.198530e-07 -4.321076e-08
-1.760543e-07 1.955824e-08
-1.457050e-07 1.504933e-07
-3.175709e-09 2.146804e-07
1.337991e-07 1.443561e-07
1.634977e-07 1.353102e-08
1.029009e-07 -7.178851e-08
3.115463e-08 -8.352019e-08
-6.509007e-09 -6.095676e-08
-1.792370e-08 -4.211365e-08
-2.530570e-08 -3.317966e-08
-3.687476e-08 -2.318108e-08
-4.627951e-08 -3.695499e-09
-4.222309e-08 2.262871e-08
-2.003029e-08 4.205966e-08
9.456575e-09 4.062465e-08
2.634839e-08 2.042458e-08
2.248440e-08 6.051116e-10
1.116912e-08 -3.711054e-09
9.886019e-09 9.981521e-10
1.738948e-08 -2.606848e-09
1.671494e-08 -1.743106e-08
2.026352e-10 -2.713710e-08
-1.838873e-08 -1.855029e-08
-2.148188e-08 1.116621e-12
-1.041411e-08 9.627391e-09
-2.213178e-09 5.511960e-09
-5.694793e-09 1.385174e-09
-1.019332e-08 8.568323e-09
-1.953521e-09 1.922386e-08
1.508953e-08 1.695180e-08
2.307850e-08 -1.039960e-10
1.347707e-08 -1.554911e-08
-1.954617e-09 -1.554964e-08
-7.158084e-09 -5.742296e-09
-2.430824e-09 -1.572914e-09
-1.509357e-09 -6.256829e-09
-1.007710e-08 -7.340004e-09
-1.659911e-08 3.774376e-09
-8.626981e-09 1.753489e-08
8.589168e-09 1.790891e-08
1.769290e-08 3.857779e-09
1.130549e-08 -9.307183e-09
6.415043e-11 -1.000630e-08
-3.289652e-09 -3.633896e-09
-2.076428e-10 -1.915252e-09
-9.458766e-10 -5.583351e-09
-7.613705e-09 -5.149081e-09
-1.098592e-08 3.324770e-09
-4.476111e-09 1.151122e-08
