-1.243306e-06 4.988157e-07
-1.479130e-06 2.506301e-06
1.150284e-06 4.788618e-06
5.916289e-06 3.363535e-06
7.665814e-06 -2.536013e-06
3.415464e-06 -7.764985e-06
-3.160196e-06 -7.336612e-06
-6.235204e-06 -2.519443e-06
-4.785221e-06 1.471884e-06
-2.532734e-06 2.316950e-06
-1.977283e-06 2.345302e-06
-1.458143e-06 3.762097e-06
1.248356e-06 5.019011e-06
4.849688e-06 3.327285e-06
5.929314e-06 -9.484377e-07
3.404171e-06 -4.420136e-06
-3.036366e-07 -4.751146e-06
-2.463081e-06 -2.883223e-06
-2.800920e-06 -1.012121e-06
-2.592915e-06 1.517984e-07
-2.318187e-06 1.260004e-06
-1.371843e-06 2.441190e-06
3.858816e-07 2.818317e-06
1.972138e-06 1.841812e-06
2.387418e-06 1.720451e-07
1.695504e-06 -1.087834e-06
6.775234e-07 -1.517473e-06
-1.437687e-07 -1.407506e-06
-7.420095e-07 -1.049795e-06
-1.122105e-06 -4.677539e-07
-1.109235e-06 2.502694e-07
-6.551666e-07 7.785839e-07
-4.341016e-08 8.599919e-07
3.701879e-07 5.861754e-07
4.901724e-07 2.438528e-07
4.502811e-07 -6.211411e-09
3.580972e-07 -1.859048e-07
2.050613e-07 -3.216510e-07
-8.932651e-09 -3.571430e-07
-1.948092e-07 -2.529949e-07
-2.586541e-07 -7.441898e-08
-2.036417e-07 6.810824e-08
-1.081733e-07 1.254029e-07
-3.398087e-08 1.252218e-07
1.301474e-08 1.095277e-07
5.083803e-08 9.023363e-08
8.462269e-08 5.831729e-08
1.027410e-07 9.271481e-09
9.140010e-08 -4.627669e-08
4.857501e-08 -8.668443e-08
-9.211302e-09 -9.266958e-08
-5.441471e-08 -6.364605e-08
-6.953730e-08 -2.033531e-08
-6.019283e-08 1.438917e-08
-4.265612e-08 3.518822e-08
-2.257868e-08 4.921362e-08
5.100401e-09 5.607439e-08
3.720026e-08 4.471869e-08
5.593553e-08 1.245578e-08
4.746446e-08 -2.356079e-08
1.948513e-08 -4.146977e-08
