-2.551554e-07 -3.943317e-07
-6.823898e-07 -2.354438e-07
-7.581827e-07 1.023954e-07
-7.416349e-07 3.101725e-07
-6.890654e-07 6.980018e-07
-1.951355e-07 1.109437e-06
5.659547e-07 9.914451e-07
9.712349e-07 3.559977e-07
8.209433e-07 -2.542850e-07
4.552124e-07 -5.180751e-07
1.631266e-07 -5.713494e-07
-1.016563e-07 -5.788640e-07
-4.125877e-07 -4.563960e-07
-6.102025e-07 -1.130308e-07
-5.075279e-07 2.831688e-07
-1.855377e-07 4.651675e-07
9.402459e-08 3.893554e-07
2.078261e-07 2.369928e-07
2.496125e-07 1.330257e-07
3.035197e-07 1.928491e-08
2.939086e-07 -1.676927e-07
1.270171e-07 -3.301001e-07
-1.206120e-07 -3.164683e-07
-2.631234e-07 -1.332055e-07
-2.254229e-07 5.404193e-08
-1.102542e-07 1.219019e-07
-4.063340e-08 1.070860e-07
-1.715134e-08 1.038104e-07
2.944982e-08 1.195039e-07
1.046997e-07 8.996759e-08
1.383667e-07 -4.710556e-10
9.077516e-08 -8.392205e-08
9.155538e-09 -9.771763e-08
-3.712552e-08 -5.733297e-08
-3.633569e-08 -2.014398e-08
-2.523120e-08 -1.049156e-08
-2.778527e-08 -8.962643e-09
-3.410483e-08 3.285442e-09
-2.932297e-08 2.111096e-08
-1.432974e-08 3.262084e-08
3.859847e-09 3.469129e-08
2.140083e-08 2.711337e-08
3.183476e-08 9.264275e-09
2.692661e-08 -1.092461e-08
1.073061e-08 -1.878928e-08
3.809597e-10 -1.201513e-08
3.838902e-09 -6.860300e-09
6.798789e-09 -1.544428e-08
-6.929588e-09 -2.557161e-08
-2.880525e-08 -1.615432e-08
-3.349922e-08 1.121398e-08
-1.282619e-08 3.058432e-08
1.195510e-08 2.423012e-08
1.726522e-08 4.740831e-09
6.402849e-09 -3.327944e-09
1.638799e-09 3.957287e-09
1.188057e-08 7.376547e-09
2.074916e-08 -6.296577e-09
1.023231e-08 -2.444342e-08
-1.333583e-08 -2.472988e-08
-2.612675e-08 -4.733928e-09
