1.158813e-07 -6.483784e-07
-6.414413e-07 -9.550302e-07
-1.291524e-06 -3.587162e-07
-1.135807e-06 3.999987e-07
-6.672295e-07 7.311650e-07
-2.556012e-07 8.100536e-07
1.139470e-07 7.570080e-07
4.047957e-07 5.624964e-07
5.601334e-07 3.008458e-07
6.223844e-07 3.111665e-08
5.919837e-07 -2.864437e-07
3.515278e-07 -6.098122e-07
-1.104859e-07 -7.137719e-07
-5.302487e-07 -4.423068e-07
-6.046958e-07 2.339844e-08
-3.524223e-07 3.235595e-07
-7.851075e-08 3.282961e-07
1.919116e-08 2.339140e-07
5.064841e-08 2.329061e-07
1.876891e-07 2.486401e-07
3.640255e-07 9.785996e-08
3.575102e-07 -1.906944e-07
1.138788e-07 -3.738264e-07
-1.598074e-07 -2.992005e-07
-2.485982e-07 -8.368343e-08
-1.667847e-07 5.806157e-08
-8.058438e-08 6.992134e-08
-6.991590e-08 6.080786e-08
-6.216375e-08 1.069314e-07
1.641862e-08 1.500163e-07
1.195736e-07 1.052895e-07
1.484883e-07 -7.307559e-09
8.461945e-08 -9.019193e-08
1.885719e-09 -9.101408e-08
-3.344805e-08 -4.732083e-08
-2.674353e-08 -1.793191e-08
-1.869628e-08 -1.511121e-08
-2.598477e-08 -1.498494e-08
-3.563491e-08 -2.137468e-09
-3.404249e-08 1.788758e-08
-1.959283e-08 3.431106e-08
3.285044e-09 3.937401e-08
2.522746e-08 2.797325e-08
3.240294e-08 4.696746e-09
2.049658e-08 -1.282304e-08
5.275375e-09 -1.162134e-08
5.377483e-09 -2.466957e-09
1.549914e-08 -7.149201e-09
1.153954e-08 -2.602112e-08
-1.416621e-08 -3.347602e-08
-3.748151e-08 -1.245739e-08
-3.217068e-08 1.942999e-08
-4.851764e-09 3.068551e-08
1.374003e-08 1.593340e-08
9.006783e-09 2.771068e-10
-1.213424e-09 3.383386e-09
5.082063e-09 1.385707e-08
2.217282e-08 7.972088e-09
2.482265e-08 -1.514075e-08
3.776072e-09 -3.068888e-08
-2.059645e-08 -2.068699e-08
