8.494776e-08 4.321130e-08
1.375776e-07 -3.496177e-08
1.039420e-07 -1.502618e-07
-2.233099e-08 -2.070479e-07
-1.554994e-07 -1.463356e-07
-1.990546e-07 -1.164805e-08
-1.411409e-07 9.807100e-08
-4.878512e-08 1.309588e-07
1.865410e-08 1.102076e-07
5.429361e-08 7.597630e-08
7.331928e-08 4.080976e-08
7.835126e-08 1.928876e-09
6.375902e-08 -3.480509e-08
3.295665e-08 -5.644352e-08
-6.635678e-10 -5.682615e-08
-2.420050e-08 -4.112929e-08
-3.276250e-08 -2.071761e-08
-3.074740e-08 -5.452849e-09
-2.712207e-08 2.936844e-09
-2.598447e-08 1.086028e-08
-2.171206e-08 2.314085e-08
-7.182987e-09 3.397669e-08
1.379291e-08 3.232797e-08
2.775500e-08 1.667044e-08
2.694990e-08 -1.200475e-09
1.828849e-08 -9.931382e-09
1.311439e-08 -1.166734e-08
1.169729e-08 -1.639913e-08
4.038699e-09 -2.551316e-08
-1.390989e-08 -2.766241e-08
-3.097607e-08 -1.342968e-08
-3.193801e-08 1.039606e-08
-1.551816e-08 2.624754e-08
3.783328e-09 2.480328e-08
1.243743e-08 1.389853e-08
1.197210e-08 6.654470e-09
1.302986e-08 4.848509e-09
1.837415e-08 -7.946775e-10
1.818864e-08 -1.454085e-08
4.287462e-09 -2.628448e-08
-1.603794e-08 -2.259116e-08
-2.604910e-08 -4.186778e-09
-1.859186e-08 1.345628e-08
-3.596425e-09 1.767361e-08
5.209319e-09 1.156760e-08
6.109478e-09 6.426263e-09
7.323953e-09 5.608309e-09
1.213698e-08 2.269232e-09
1.335574e-08 -7.515833e-09
4.525765e-09 -1.640459e-08
-9.022774e-09 -1.455301e-08
-1.545170e-08 -2.888301e-09
-1.061204e-08 7.717131e-09
-1.807140e-09 9.660706e-09
2.691618e-09 5.988123e-09
2.950528e-09 3.510785e-09
3.916063e-09 3.200208e-09
6.485456e-09 1.014217e-09
6.470300e-09 -4.124741e-09
1.648319e-09 -7.800620e-09
-4.279897e-09 -6.101393e-09
