-6.925853e-09 -1.148608e-08
-1.969565e-08 -6.944800e-09
-2.505286e-08 8.262701e-09
-1.668496e-08 2.305239e-08
-8.565597e-10 2.724465e-08
1.155006e-08 2.054940e-08
1.518772e-08 1.127663e-08
1.495377e-08 6.776483e-09
1.856710e-08 4.274763e-09
2.443315e-08 -4.994520e-09
2.156224e-08 -2.196122e-08
3.603681e-09 -3.451317e-08
-2.032417e-08 -2.950854e-08
-3.284696e-08 -8.464469e-09
-2.641632e-08 1.257764e-08
-1.084837e-08 1.997072e-08
-8.300847e-10 1.622350e-08
1.366368e-09 1.371377e-08
5.962192e-09 1.651061e-08
1.838024e-08 1.456521e-08
2.822221e-08 -1.050425e-09
2.110190e-08 -2.219002e-08
-1.245227e-09 -3.014647e-08
-2.026308e-08 -1.788350e-08
-2.171218e-08 1.328113e-09
-1.106415e-08 1.062381e-08
-3.323099e-09 8.963584e-09
-2.651122e-09 7.757120e-09
-3.560405e-11 1.173460e-08
9.803493e-09 1.227368e-08
1.822774e-08 1.765652e-09
1.399640e-08 -1.301004e-08
-6.826521e-10 -1.811436e-08
-1.217340e-08 -9.845204e-09
-1.204323e-08 1.694084e-09
-5.365970e-09 6.296450e-09
-1.295247e-09 4.840556e-09
-1.030548e-09 4.269518e-09
7.873985e-10 6.169226e-09
5.881759e-09 5.525325e-09
9.099343e-09 -4.027850e-10
5.856013e-09 -7.079704e-09
-1.284604e-09 -8.300678e-09
-5.814366e-09 -3.819013e-09
-5.007775e-09 1.140650e-09
-1.906798e-09 2.629343e-09
-3.410865e-10 1.657961e-09
-5.182701e-10 1.228418e-09
-2.202405e-10 2.001693e-09
1.392610e-09 2.170500e-09
2.730494e-09 5.761248e-10
2.150552e-09 -1.577843e-09
1.392984e-10 -2.283651e-09
-1.328901e-09 -1.140114e-09
-1.108506e-09 3.460997e-10
-3.550929e-12 6.448322e-10
4.349404e-10 -1.237420e-10
-1.944385e-10 -6.137568e-10
-8.402360e-10 -7.025949e-11
-5.123950e-10 7.826188e-10
4.258726e-10 8.183436e-10
