-2.271153e-08 1.487795e-07
1.303386e-07 1.836992e-07
2.699002e-07 7.203918e-08
2.892968e-07 -1.127705e-07
1.806383e-07 -2.687666e-07
-2.796640e-10 -3.202772e-07
-1.610133e-07 -2.585030e-07
-2.525018e-07 -1.427954e-07
-2.912577e-07 -1.483758e-08
-2.823602e-07 1.321002e-07
-1.877248e-07 2.818613e-07
4.819225e-10 3.580688e-07
2.046637e-07 2.982548e-07
3.232726e-07 1.339354e-07
3.293628e-07 -4.261046e-08
2.714560e-07 -1.798161e-07
1.813701e-07 -2.957065e-07
2.523536e-08 -3.962959e-07
-2.217235e-07 -4.045833e-07
-4.706439e-07 -2.228569e-07
-5.460333e-07 1.227791e-07
-3.549630e-07 4.437806e-07
-7.309409e-09 5.440731e-07
2.803488e-07 4.074956e-07
3.993632e-07 1.854726e-07
4.141932e-07 -2.487323e-09
3.997711e-07 -1.855601e-07
2.941984e-07 -4.136256e-07
2.695682e-11 -5.802145e-07
-3.972044e-07 -4.884279e-07
-6.293622e-07 -1.111571e-07
-5.180827e-07 3.110820e-07
-1.782904e-07 5.009483e-07
1.201649e-07 4.227233e-07
2.503913e-07 2.568169e-07
2.990809e-07 1.331174e-07
3.544407e-07 1.473178e-10
3.436892e-07 -2.141648e-07
1.525219e-07 -4.163422e-07
-1.614301e-07 -4.224588e-07
-3.809825e-07 -1.940484e-07
-3.622437e-07 9.404988e-08
-1.799670e-07 2.445006e-07
-1.072081e-08 2.318239e-07
6.902826e-08 1.674564e-07
1.130784e-07 1.240103e-07
1.693446e-07 6.706221e-08
1.940712e-07 -4.440167e-08
1.246063e-07 -1.618440e-07
-1.410160e-08 -1.934893e-07
-1.232804e-07 -1.176454e-07
-1.382419e-07 -6.540201e-09
-8.558368e-08 5.956618e-08
-3.105138e-08 6.840201e-08
-2.822416e-09 5.801155e-08
1.632828e-08 5.251452e-08
4.149197e-08 4.065058e-08
5.897056e-08 9.029854e-09
4.898422e-08 -2.916934e-08
1.593312e-08 -4.777722e-08
-1.530751e-08 -3.814026e-08
