-1.132834e-07 8.833164e-08
-2.380726e-08 2.846962e-07
1.272504e-07 3.618158e-07
2.979300e-07 5.294984e-07
8.872241e-07 5.845539e-07
1.564210e-06 -1.513966e-07
1.328449e-06 -1.493580e-06
-8.644403e-08 -2.269073e-06
-1.679401e-06 -1.645017e-06
-2.236024e-06 -1.055910e-07
-1.609924e-06 1.146537e-06
-6.455745e-07 1.536481e-06
1.288456e-08 1.480768e-06
5.649319e-07 1.460675e-06
1.387705e-06 1.236480e-06
2.163230e-06 2.927545e-07
2.096250e-06 -1.207547e-06
9.082559e-07 -2.348600e-06
-7.458226e-07 -2.366313e-06
-1.915236e-06 -1.351594e-06
-2.162365e-06 2.660896e-09
-1.664556e-06 1.091482e-06
-7.866097e-07 1.687801e-06
1.991046e-07 1.768126e-06
1.066771e-06 1.353657e-06
1.581355e-06 5.574001e-07
1.589549e-06 -3.759683e-07
1.099744e-06 -1.156922e-06
2.619117e-07 -1.542583e-06
-6.564269e-07 -1.379940e-06
-1.294334e-06 -6.947488e-07
-1.355280e-06 2.150932e-07
-8.506330e-07 8.933750e-07
-1.337346e-07 1.055069e-06
3.975117e-07 7.933753e-07
6.184322e-07 4.087742e-07
6.533618e-07 7.772599e-08
5.980767e-07 -2.256391e-07
3.963992e-07 -5.155937e-07
1.525599e-08 -6.519684e-07
-3.818620e-07 -4.923411e-07
-5.475804e-07 -1.136861e-07
-4.114089e-07 2.241365e-07
-1.431719e-07 3.361236e-07
4.930060e-08 2.635466e-07
1.166133e-07 1.592808e-07
1.388319e-07 9.520572e-08
1.675498e-07 3.184161e-08
1.656281e-07 -6.470794e-08
9.077801e-08 -1.500083e-07
-2.423112e-08 -1.584741e-07
-1.022437e-07 -8.901364e-08
-1.057934e-07 -3.951665e-09
-6.403947e-08 4.163496e-08
-2.583823e-08 4.544496e-08
-9.343789e-09 3.774914e-08
-3.376317e-10 3.777691e-08
1.666432e-08 3.872167e-08
3.767767e-08 2.593980e-08
4.639373e-08 -1.324201e-09
3.403129e-08 -2.786044e-08
