-9.965950e-08 1.255073e-07
2.729385e-08 2.378383e-07
2.170149e-07 1.960664e-07
3.128029e-07 2.208212e-08
2.630610e-07 -1.634451e-07
1.186634e-07 -2.613368e-07
-2.301790e-08 -2.545085e-07
-1.137857e-07 -2.063621e-07
-1.911806e-07 -1.570571e-07
-2.796946e-07 -6.215473e-08
-3.088532e-07 1.160291e-07
-1.930360e-07 3.012609e-07
3.220796e-08 3.581814e-07
2.214406e-07 2.501952e-07
2.783241e-07 8.335431e-08
2.517234e-07 -2.981754e-08
2.382668e-07 -1.047086e-07
2.236914e-07 -2.313522e-07
8.875519e-08 -3.991297e-07
-2.056364e-07 -4.452444e-07
-4.944282e-07 -2.312652e-07
-5.410682e-07 1.550751e-07
-2.973370e-07 4.475645e-07
3.444017e-08 4.739264e-07
2.334906e-07 3.211323e-07
2.949308e-07 1.795665e-07
3.577179e-07 7.942113e-08
4.363628e-07 -1.102798e-07
3.544943e-07 -4.154790e-07
3.332178e-09 -6.171834e-07
-4.304503e-07 -4.783909e-07
-6.160789e-07 -5.767427e-08
-4.427385e-07 3.225597e-07
-1.240128e-07 4.293219e-07
8.432188e-08 3.363010e-07
1.640331e-07 2.448239e-07
2.555609e-07 1.910024e-07
3.793431e-07 4.637255e-08
3.753836e-07 -2.234128e-07
1.397076e-07 -4.384616e-07
-1.907082e-07 -4.031800e-07
-3.693133e-07 -1.486114e-07
-3.094307e-07 1.057550e-07
-1.430682e-07 2.035811e-07
-2.616916e-08 1.839083e-07
2.855676e-08 1.594269e-07
9.511484e-08 1.479273e-07
1.807699e-07 8.226159e-08
2.036320e-07 -5.315270e-08
1.132164e-07 -1.714729e-07
-2.980586e-08 -1.825037e-07
-1.195814e-07 -9.629434e-08
-1.177522e-07 5.002958e-10
-7.093857e-08 4.674364e-08
-3.431912e-08 5.296821e-08
-1.390238e-08 5.511942e-08
1.218095e-08 5.865573e-08
4.531725e-08 4.353551e-08
6.130561e-08 5.109999e-09
4.491030e-08 -3.281926e-08
1.041597e-08 -4.525893e-08
