-1.488917e-07 2.036765e-07
-9.418507e-08 4.709104e-07
3.207898e-07 7.585906e-07
1.070284e-06 5.459433e-07
1.464442e-06 -4.092283e-07
8.821533e-07 -1.469160e-06
-3.574306e-07 -1.711173e-06
-1.289240e-06 -9.963738e-07
-1.408861e-06 -5.034727e-08
-1.089492e-06 5.156511e-07
-8.246691e-07 8.424157e-07
-4.834763e-07 1.287763e-06
3.325895e-07 1.625851e-06
1.427433e-06 1.241964e-06
1.999875e-06 5.554937e-08
1.561026e-06 -1.201432e-06
4.861765e-07 -1.767521e-06
-5.143866e-07 -1.584128e-06
-1.153345e-06 -1.049454e-06
-1.523134e-06 -3.600440e-07
-1.560088e-06 5.222989e-07
-1.012048e-06 1.385464e-06
4.092238e-08 1.712409e-06
1.021519e-06 1.253250e-06
1.403205e-06 3.669786e-07
1.208524e-06 -3.936917e-07
7.856139e-07 -8.409653e-07
2.901115e-07 -1.091232e-06
-3.360152e-07 -1.123971e-06
-9.632316e-07 -7.376882e-07
-1.197553e-06 3.135684e-08
-8.280675e-07 7.376132e-07
-1.447883e-07 9.451177e-07
3.618957e-07 6.805257e-07
5.141293e-07 3.111789e-07
4.980491e-07 6.571046e-08
4.767848e-07 -1.338235e-07
3.694140e-07 -3.829068e-07
6.721587e-08 -5.526287e-07
-3.025260e-07 -4.512855e-07
-4.749697e-07 -1.176903e-07
-3.574387e-07 1.901935e-07
-1.172695e-07 2.831617e-07
4.044217e-08 2.104001e-07
8.260145e-08 1.275584e-07
1.017880e-07 9.121570e-08
1.425220e-07 4.435849e-08
1.524399e-07 -4.807644e-08
8.491369e-08 -1.321699e-07
-2.164325e-08 -1.393726e-07
-8.897814e-08 -7.423567e-08
-8.696052e-08 -9.790728e-10
-4.985067e-08 3.274402e-08
-2.188139e-08 3.269261e-08
-1.268073e-08 2.877455e-08
-5.059974e-09 3.377362e-08
1.297464e-08 3.673989e-08
3.374892e-08 2.432608e-08
4.119026e-08 -1.326437e-09
2.898682e-08 -2.463607e-08
6.661774e-09 -3.205228e-08
