-2.579586e-06 -1.426073e-06
-4.741022e-06 1.960824e-06
-2.764293e-06 7.899287e-06
6.049896e-06 1.181681e-05
1.792878e-05 4.868742e-06
1.852218e-05 -1.249705e-05
2.485993e-06 -2.343500e-05
-1.537587e-05 -1.597154e-05
-1.857795e-05 1.038119e-06
-8.657175e-06 1.052090e-05
2.893515e-07 8.157749e-06
1.085448e-06 3.580601e-06
-3.831068e-07 4.290846e-06
2.843506e-06 6.574227e-06
8.339092e-06 3.564148e-06
8.855261e-06 -3.900721e-06
2.898798e-06 -8.652943e-06
-3.716150e-06 -6.774313e-06
-5.638306e-06 -1.585014e-06
-3.521973e-06 1.682848e-06
-1.300976e-06 1.863507e-06
-7.644555e-07 1.335466e-06
-6.042603e-07 1.715393e-06
4.944173e-07 2.152336e-06
1.879179e-06 1.383389e-06
2.171509e-06 -2.608014e-07
1.185562e-06 -1.421816e-06
-4.818227e-08 -1.423292e-06
-6.383990e-07 -7.647830e-07
-6.053861e-07 -2.250283e-07
-4.437029e-07 -3.211713e-08
-4.075600e-07 5.638591e-08
-3.790806e-07 2.313324e-07
-2.036642e-07 4.106118e-07
6.906310e-08 4.293671e-07
2.680090e-07 2.703990e-07
3.041449e-07 6.539079e-08
2.363205e-07 -6.566560e-08
1.658342e-07 -1.204728e-07
1.167045e-07 -1.648287e-07
3.944312e-08 -2.186708e-07
-8.973385e-08 -2.261056e-07
-2.126745e-07 -1.361055e-07
-2.457186e-07 1.968619e-08
-1.703285e-07 1.508415e-07
-4.575913e-08 1.957706e-07
5.804120e-08 1.640724e-07
1.157716e-07 9.961357e-08
1.367996e-07 2.983323e-08
1.282833e-07 -3.912947e-08
8.689633e-08 -9.771251e-08
1.814075e-08 -1.251223e-07
-5.329962e-08 -1.069931e-07
-9.692822e-08 -5.176535e-08
-9.709418e-08 1.272028e-08
-6.206787e-08 5.709941e-08
-1.637972e-08 6.815571e-08
1.733587e-08 5.393588e-08
3.269168e-08 3.222166e-08
3.696478e-08 1.340715e-08
3.617708e-08 -3.580383e-09
