9.256371e-08 -2.351251e-08
8.002961e-08 -1.300120e-07
-3.995112e-08 -2.013575e-07
-1.961621e-07 -1.443275e-07
-2.590941e-07 2.902323e-08
-1.656682e-07 1.913484e-07
1.632798e-09 2.223769e-07
1.075844e-07 1.402593e-07
1.198784e-07 5.595405e-08
1.120186e-07 2.025263e-08
1.301142e-07 -1.676959e-08
1.275845e-07 -9.778172e-08
4.818085e-08 -1.759711e-07
-7.830066e-08 -1.718017e-07
-1.614033e-07 -7.726885e-08
-1.520783e-07 3.346756e-08
-8.747438e-08 8.924616e-08
-3.510665e-08 9.066271e-08
-1.463674e-08 8.863155e-08
1.301246e-08 1.096223e-07
8.309960e-08 1.174239e-07
1.661369e-07 5.685950e-08
1.852695e-07 -6.805975e-08
1.017459e-07 -1.775770e-07
-3.180435e-08 -1.935853e-07
-1.243565e-07 -1.230616e-07
-1.452339e-07 -3.935710e-08
-1.390739e-07 1.576974e-08
-1.383888e-07 7.300803e-08
-1.038706e-07 1.604167e-07
1.252554e-08 2.258472e-07
1.693873e-07 1.831207e-07
2.533227e-07 2.909806e-08
2.025060e-07 -1.332502e-07
7.226515e-08 -2.042523e-07
-4.164558e-08 -1.834812e-07
-1.089063e-07 -1.320590e-07
-1.585152e-07 -7.386183e-08
-1.923315e-07 1.692034e-08
-1.616055e-07 1.369792e-07
-4.310175e-08 2.168167e-07
1.029702e-07 1.906153e-07
1.842399e-07 7.672752e-08
1.694978e-07 -4.245006e-08
1.027127e-07 -1.091871e-07
3.389625e-08 -1.291935e-07
-2.905868e-08 -1.263182e-07
-9.262025e-08 -9.631594e-08
-1.350603e-07 -2.623412e-08
-1.212037e-07 6.169051e-08
-5.162632e-08 1.162093e-07
2.826760e-08 1.086717e-07
7.336834e-08 5.962330e-08
7.761189e-08 8.939874e-09
6.208833e-08 -2.510191e-08
4.028192e-08 -4.755584e-08
1.005307e-08 -6.070757e-08
-2.623745e-08 -5.477815e-08
-5.152889e-08 -2.574374e-08
-5.042658e-08 1.117454e-08
-2.740373e-08 3.395085e-08
