3.234393e-08 7.609372e-08
1.529703e-07 5.269814e-08
2.447452e-07 -8.563119e-08
2.226333e-07 -3.170635e-07
-3.980929e-08 -5.265178e-07
-4.644625e-07 -4.335112e-07
-6.804641e-07 9.428721e-09
-4.709670e-07 4.579177e-07
-4.432110e-08 5.698563e-07
2.336578e-07 3.771760e-07
2.591960e-07 1.813105e-07
2.473232e-07 1.480894e-07
3.874378e-07 1.156531e-07
5.451856e-07 -1.496746e-07
4.068408e-07 -5.740672e-07
-9.065539e-08 -7.816042e-07
-6.026346e-07 -5.247548e-07
-7.389528e-07 -1.948878e-09
-5.008800e-07 3.720330e-07
-2.159575e-07 4.524209e-07
-7.029055e-08 4.528282e-07
9.711475e-08 5.359224e-07
4.533467e-07 5.216820e-07
8.037609e-07 1.566887e-07
7.683246e-07 -4.428997e-07
2.796241e-07 -8.351628e-07
-2.971525e-07 -7.502688e-07
-5.866675e-07 -3.660635e-07
-5.801496e-07 -1.932600e-08
-4.923700e-07 1.975384e-07
-3.868597e-07 4.074359e-07
-1.347103e-07 6.166966e-07
2.824983e-07 6.253161e-07
6.259214e-07 3.103465e-07
6.449939e-07 -1.538221e-07
3.650631e-07 -4.635728e-07
2.815332e-08 -5.011445e-07
-1.942616e-07 -3.815412e-07
-3.171270e-07 -2.319475e-07
-3.912415e-07 -5.357167e-08
-3.702039e-07 1.740580e-07
-1.930620e-07 3.635645e-07
7.368594e-08 3.849300e-07
2.676863e-07 2.266440e-07
2.961944e-07 1.586858e-08
2.089434e-07 -1.231065e-07
1.027480e-07 -1.742394e-07
1.210478e-08 -1.830254e-07
-7.779171e-08 -1.624213e-07
-1.546510e-07 -9.065565e-08
-1.705599e-07 2.143625e-08
-1.072624e-07 1.124797e-07
-1.045552e-08 1.312620e-07
5.640727e-08 8.837389e-08
7.280964e-08 3.329729e-08
6.225507e-08 -2.561198e-09
4.857699e-08 -2.349590e-08
3.186156e-08 -4.119867e-08
5.057509e-09 -5.110169e-08
-2.456812e-08 -4.198887e-08
-4.019405e-08 -1.625333e-08
