1.240187e-05 -5.529315e-06
6.661546e-06 -1.841215e-05
-9.580207e-06 -2.051549e-05
-2.053626e-05 -8.068076e-06
-1.759344e-05 6.419137e-06
-7.549291e-06 1.173503e-05
-1.125156e-06 9.269598e-06
-1.145637e-07 7.544171e-06
2.133656e-06 9.411097e-06
9.013629e-06 8.773335e-06
1.446660e-05 6.824365e-07
1.099662e-05 -9.984974e-06
3.525946e-07 -1.371214e-05
-8.036381e-06 -8.057733e-06
-8.311623e-06 -7.098736e-09
-3.889061e-06 3.249345e-06
-1.290659e-06 2.080205e-06
-1.815207e-06 1.474672e-06
-1.753371e-06 3.305999e-06
1.076109e-06 4.580240e-06
4.260469e-06 2.570482e-06
4.461030e-06 -1.269339e-06
1.764639e-06 -3.440631e-06
-9.116443e-07 -2.713386e-06
-1.583718e-06 -8.932795e-07
-9.270006e-07 -4.702305e-09
-5.527522e-07 -1.222704e-07
-8.560122e-07 -1.092203e-07
-1.019736e-06 5.321636e-07
-4.502693e-07 1.190272e-06
4.775744e-07 1.148269e-06
1.006031e-06 4.559511e-07
8.609840e-07 -2.641194e-07
3.878154e-07 -5.526860e-07
3.811397e-08 -4.712341e-07
-7.849928e-08 -3.406284e-07
-1.503850e-07 -3.127044e-07
-3.167847e-07 -2.635217e-07
-4.713688e-07 -4.214103e-08
-4.141242e-07 2.822395e-07
-1.226064e-07 4.741446e-07
2.004204e-07 3.958121e-07
3.435402e-07 1.471375e-07
2.868132e-07 -6.832803e-08
1.622127e-07 -1.559668e-07
7.165330e-08 -1.681004e-07
4.992652e-09 -1.739487e-07
-7.968043e-08 -1.644462e-07
-1.636289e-07 -9.618964e-08
-1.854394e-07 2.198118e-08
-1.210968e-07 1.231089e-07
-1.446736e-08 1.494490e-07
6.651561e-08 1.028569e-07
8.709252e-08 3.224779e-08
6.271577e-08 -1.395321e-08
3.329121e-08 -2.337093e-08
2.366021e-08 -1.870353e-08
2.470515e-08 -2.575850e-08
1.219804e-08 -4.274835e-08
-1.778058e-08 -4.517230e-08
-4.085713e-08 -2.103987e-08
