-2.531912e-06 -6.965021e-06
-9.068832e-06 -5.253670e-06
-1.259725e-05 2.038271e-06
-9.230402e-06 9.956654e-06
-1.552488e-06 1.287807e-05
5.036117e-06 1.034015e-05
8.067072e-06 5.890304e-06
9.152065e-06 2.053526e-06
9.744204e-06 -2.253165e-06
7.765375e-06 -7.974761e-06
1.141385e-06 -1.181404e-05
-7.003528e-06 -9.398071e-06
-1.043831e-05 -1.753328e-06
-7.149628e-06 4.843948e-06
-1.589406e-06 6.025911e-06
1.184441e-06 3.699625e-06
1.128143e-06 2.204902e-06
1.469516e-06 2.433295e-06
3.274391e-06 1.847211e-06
4.221178e-06 -8.497758e-07
2.416173e-06 -3.587292e-06
-7.992091e-07 -3.803882e-06
-2.642755e-06 -1.691779e-06
-2.206062e-06 4.224867e-07
-9.178626e-07 1.029155e-06
-2.982678e-07 6.766852e-07
-3.469484e-07 5.610768e-07
-1.980707e-07 9.004810e-07
4.570839e-07 1.021220e-06
1.072882e-06 4.897946e-07
1.065408e-06 -3.459919e-07
4.863522e-07 -8.458452e-07
-1.413715e-07 -7.701860e-07
-4.207589e-07 -3.978820e-07
-3.904037e-07 -1.113171e-07
-3.197715e-07 -6.856299e-09
-3.330037e-07 8.243366e-08
-3.034799e-07 2.743361e-07
-8.789373e-08 4.506708e-07
2.341293e-07 4.100385e-07
4.237062e-07 1.384869e-07
3.540133e-07 -1.562859e-07
1.368397e-07 -2.765686e-07
-3.383873e-08 -2.248669e-07
-9.192423e-08 -1.363625e-07
-1.079144e-07 -8.913399e-08
-1.408163e-07 -4.696878e-08
-1.586325e-07 3.583459e-08
-1.076747e-07 1.273761e-07
-1.847163e-09 1.578452e-07
8.796846e-08 1.066510e-07
1.100649e-07 2.088704e-08
7.368554e-08 -3.836814e-08
2.551954e-08 -4.820193e-08
2.751650e-09 -2.978368e-08
6.483254e-09 -1.848245e-08
9.864168e-09 -2.873558e-08
-8.883083e-09 -4.211253e-08
-3.944920e-08 -3.117685e-08
-5.029383e-08 4.227139e-09
-2.843062e-08 3.312685e-08
