2.409038e-08 6.409572e-08
9.462549e-08 4.405589e-08
1.269640e-07 -3.607468e-08
8.836580e-08 -1.204222e-07
-1.421102e-09 -1.582582e-07
-9.539602e-08 -1.263792e-07
-1.428997e-07 -4.549840e-08
-1.331297e-07 3.465830e-08
-9.425204e-08 8.813171e-08
-4.368382e-08 1.230030e-07
2.654278e-08 1.375639e-07
1.072723e-07 1.046098e-07
1.516022e-07 1.746328e-08
1.230160e-07 -7.684605e-08
4.556392e-08 -1.193974e-07
-2.138596e-08 -1.032633e-07
-5.118934e-08 -7.038398e-08
-6.730775e-08 -4.941765e-08
-9.280704e-08 -2.371320e-08
-1.089664e-07 3.114635e-08
-7.951189e-08 9.923592e-08
-3.339657e-09 1.329976e-07
7.558324e-08 1.057459e-07
1.125340e-07 4.042518e-08
1.046955e-07 -1.882523e-08
8.191512e-08 -5.486926e-08
6.024519e-08 -8.575875e-08
1.974590e-08 -1.233295e-07
-6.019803e-08 -1.380026e-07
-1.510835e-07 -8.475383e-08
-1.840124e-07 3.274180e-08
-1.210863e-07 1.441754e-07
-4.060422e-09 1.770685e-07
8.798949e-08 1.300918e-07
1.224945e-07 6.105872e-08
1.294811e-07 7.067445e-09
1.331594e-07 -5.114220e-08
1.035207e-07 -1.318848e-07
4.590759e-09 -1.915701e-07
-1.283798e-07 -1.604824e-07
-2.019365e-07 -3.591949e-08
-1.635425e-07 9.719556e-08
-5.839052e-08 1.537837e-07
2.988015e-08 1.319374e-07
7.163506e-08 8.855238e-08
9.685989e-08 5.336215e-08
1.225635e-07 3.929210e-09
1.161845e-07 -7.388923e-08
4.665354e-08 -1.388864e-07
-5.576962e-08 -1.340982e-07
-1.203223e-07 -5.844727e-08
-1.110404e-07 2.829080e-08
-5.786688e-08 7.159224e-08
-1.057082e-08 7.131297e-08
1.598054e-08 5.893942e-08
3.802621e-08 4.737783e-08
6.111562e-08 2.320999e-08
6.598210e-08 -1.874007e-08
3.784894e-08 -5.590338e-08
-7.745188e-09 -6.134222e-08
-3.917654e-08 -3.518871e-08
