1.357370e-08 -9.940864e-09
6.963761e-09 -2.698717e-08
-1.612705e-08 -3.482212e-08
-4.085487e-08 -1.908457e-08
-4.439648e-08 1.277536e-08
-2.210430e-08 3.512358e-08
5.170646e-09 3.148424e-08
1.403444e-08 1.286569e-08
4.956423e-09 3.734941e-09
-3.320385e-10 1.210464e-08
1.259387e-08 2.051598e-08
3.178528e-08 9.088248e-09
3.319768e-08 -1.812209e-08
1.060144e-08 -3.644809e-08
-1.612802e-08 -2.958270e-08
-2.450845e-08 -8.165830e-09
-1.512615e-08 4.783137e-09
-7.522469e-09 2.442965e-09
-1.262958e-08 1.274196e-10
-1.830826e-08 1.162093e-08
-7.136579e-09 2.797945e-08
1.750766e-08 2.780938e-08
3.271887e-08 5.864043e-09
2.390313e-08 -1.840830e-08
2.414769e-09 -2.415610e-08
-1.000808e-08 -1.326175e-08
-8.139138e-09 -3.959390e-09
-5.539640e-09 -4.749151e-09
-1.164238e-08 -5.199977e-09
-1.743867e-08 5.376321e-09
-9.394103e-09 1.974249e-08
9.448723e-09 2.116828e-08
2.141086e-08 6.061439e-09
1.608469e-08 -1.086367e-08
2.026465e-09 -1.505145e-08
-6.061719e-09 -8.319190e-09
-5.277628e-09 -2.521729e-09
-4.011919e-09 -2.397394e-09
-7.079922e-09 -1.740869e-09
-8.998211e-09 4.453317e-09
-3.446528e-09 1.124353e-08
6.404015e-09 1.042199e-08
1.136929e-08 1.895043e-09
7.691918e-09 -6.188753e-09
6.524137e-10 -7.581131e-09
-3.053382e-09 -4.151239e-09
-2.755176e-09 -1.363376e-09
-2.171335e-09 -9.612703e-10
-3.083626e-09 -4.578840e-10
-3.483396e-09 1.814493e-09
-1.409943e-09 4.056162e-09
1.883072e-09 3.721808e-09
3.504655e-09 1.010110e-09
2.440211e-09 -1.488688e-09
3.802707e-10 -1.909313e-09
-5.943657e-10 -8.526813e-10
-2.256122e-10 -9.578264e-11
2.096750e-10 -3.652565e-10
-1.977582e-10 -8.282541e-10
-9.519841e-10 -5.001521e-10
-1.020633e-09 4.301824e-10
