-7.703748e-07 -3.323980e-06
-5.669732e-06 -3.406569e-06
-7.673373e-06 1.440175e-06
-4.838334e-06 3.958684e-06
-4.129965e-06 3.452530e-06
-5.148836e-06 6.191575e-06
-1.414131e-06 1.144017e-05
7.727833e-06 1.193676e-05
1.520420e-05 4.074260e-06
1.426462e-05 -7.413604e-06
5.384791e-06 -1.440097e-05
-4.854159e-06 -1.298884e-05
-1.020648e-05 -5.977175e-06
-9.541170e-06 9.376401e-07
-6.098117e-06 4.464667e-06
-3.145968e-06 5.409409e-06
-9.732552e-07 5.959518e-06
1.944280e-06 6.301832e-06
5.641886e-06 4.600707e-06
7.656156e-06 9.027995e-08
5.734379e-06 -4.905029e-06
8.455209e-07 -6.883695e-06
-3.436397e-06 -4.817792e-06
-4.527013e-06 -1.077801e-06
-3.065655e-06 1.350769e-06
-1.401496e-06 1.786506e-06
-6.899302e-07 1.606530e-06
-2.120406e-07 1.831844e-06
8.485728e-07 1.937233e-06
1.993157e-06 1.050593e-06
2.117778e-06 -5.421323e-07
1.035094e-06 -1.640303e-06
-2.958644e-07 -1.547282e-06
-9.162256e-07 -7.190794e-07
-7.777948e-07 -3.069316e-08
-4.561697e-07 1.811503e-07
-3.311865e-07 1.933723e-07
-2.955616e-07 3.064613e-07
-1.152194e-07 4.714654e-07
1.991213e-07 4.661620e-07
4.305973e-07 2.265153e-07
4.258143e-07 -8.745772e-08
2.350534e-07 -2.785986e-07
2.287270e-08 -2.876729e-07
-9.650969e-08 -1.971365e-07
-1.297402e-07 -1.124005e-07
-1.447576e-07 -6.093682e-08
-1.692432e-07 2.481095e-10
-1.608596e-07 9.748162e-08
-7.517986e-08 1.847523e-07
5.879090e-08 1.887722e-07
1.542093e-07 9.753779e-08
1.552622e-07 -2.034700e-08
8.885347e-08 -8.812935e-08
2.162788e-08 -9.235777e-08
-1.383620e-08 -7.230288e-08
-3.362634e-08 -5.769588e-08
-5.725956e-08 -4.029683e-08
-7.418645e-08 -3.672657e-09
-6.155494e-08 4.193672e-08
-1.951010e-08 6.666753e-08
