-1.032206e-08 7.001550e-08
8.797978e-08 1.363938e-07
2.512735e-07 6.437667e-08
2.788762e-07 -1.618891e-07
8.075279e-08 -3.287396e-07
-1.711182e-07 -2.612319e-07
-2.502292e-07 -4.294260e-08
-1.431739e-07 1.023948e-07
-2.715706e-08 9.004117e-08
-1.751100e-08 3.614043e-08
-4.660314e-08 5.656972e-08
-5.572731e-09 1.133251e-07
9.027906e-08 9.925604e-08
1.348553e-07 1.112375e-09
8.077508e-08 -8.789540e-08
-8.871184e-09 -9.280605e-08
-5.002596e-08 -3.690505e-08
-3.042369e-08 6.770701e-09
-4.289533e-10 4.252138e-09
-1.497092e-09 -1.785716e-08
-2.631948e-08 -1.948872e-08
-4.047109e-08 6.883748e-09
-2.474460e-08 3.566776e-08
7.642368e-09 3.992736e-08
2.819982e-08 1.843112e-08
2.283381e-08 -5.614940e-09
4.934318e-09 -1.013777e-08
-9.458184e-10 2.215626e-09
1.199415e-08 8.258293e-09
2.422911e-08 -6.888844e-09
1.377978e-08 -2.973687e-08
-1.504213e-08 -3.325356e-08
-3.456366e-08 -1.014314e-08
-2.644231e-08 1.717210e-08
-3.246110e-09 2.346894e-08
8.691065e-09 1.043186e-08
2.481124e-09 1.162144e-09
-3.427839e-09 7.920264e-09
6.865665e-09 1.651533e-08
2.354840e-08 7.464976e-09
2.380288e-08 -1.559214e-08
2.760743e-09 -2.881342e-08
-1.901388e-08 -1.827674e-08
-2.107022e-08 2.923287e-09
-7.312302e-09 1.241896e-08
2.212656e-09 6.319836e-09
-1.147363e-09 4.184844e-10
-5.501841e-09 5.698686e-09
1.793527e-09 1.318125e-08
1.471884e-08 8.142728e-09
1.660277e-08 -7.721163e-09
3.349614e-09 -1.752045e-08
-1.080738e-08 -1.133926e-08
-1.207132e-08 1.733051e-09
-3.638672e-09 7.034957e-09
1.497581e-09 3.008792e-09
-9.924056e-10 -3.586399e-11
-3.130547e-09 3.506363e-09
1.561104e-09 7.290634e-09
8.284477e-09 3.701738e-09
8.285304e-09 -4.684210e-09
