2.592891e-06 2.316341e-06
6.384591e-06 -6.506995e-07
5.253274e-06 -6.774225e-06
-1.177826e-06 -9.397373e-06
-7.266359e-06 -5.847514e-06
-8.224362e-06 6.408529e-07
-4.463498e-06 4.503317e-06
-9.532446e-07 3.868770e-06
-8.212635e-07 2.500278e-06
-1.283748e-06 4.063668e-06
1.895521e-06 6.394093e-06
7.415624e-06 4.283365e-06
9.157419e-06 -2.712077e-06
4.151903e-06 -8.545901e-06
-3.136895e-06 -7.865526e-06
-6.181745e-06 -2.456541e-06
-4.082859e-06 1.574055e-06
-1.471448e-06 1.585825e-06
-1.607286e-06 6.335019e-07
-2.510048e-06 2.017449e-06
-7.765987e-07 4.433695e-06
3.077611e-06 4.161111e-06
5.188064e-06 5.033154e-07
3.452146e-06 -3.188045e-06
-2.414641e-08 -3.788909e-06
-1.916271e-06 -1.857983e-06
-1.537331e-06 -1.447079e-07
-7.323985e-07 5.666008e-08
-8.652405e-07 -1.696386e-07
-1.289680e-06 4.197966e-07
-8.065222e-07 1.431523e-06
4.838640e-07 1.628128e-06
1.394241e-06 7.011376e-07
1.215990e-06 -4.332767e-07
4.168031e-07 -8.601823e-07
-1.508800e-07 -5.999369e-07
-2.249779e-07 -2.605983e-07
-1.488528e-07 -1.858033e-07
-2.300781e-07 -2.076808e-07
-3.854033e-07 -6.603208e-08
-3.698402e-07 2.132767e-07
-1.313680e-07 3.965435e-07
1.485175e-07 3.439648e-07
2.786372e-07 1.379814e-07
2.353462e-07 -4.486624e-08
1.304445e-07 -1.154773e-07
6.267172e-08 -1.158302e-07
3.022298e-08 -1.222122e-07
-2.388215e-08 -1.429338e-07
-1.124131e-07 -1.220840e-07
-1.750832e-07 -2.773101e-08
-1.493566e-07 9.197064e-08
-4.782784e-08 1.538420e-07
5.333061e-08 1.268252e-07
9.498667e-08 5.494844e-08
8.380810e-08 -2.047833e-09
6.065032e-08 -2.833011e-08
4.388495e-08 -4.495581e-08
2.027819e-08 -6.336125e-08
-1.921596e-08 -6.764471e-08
-5.656085e-08 -4.159252e-08
