-1.218318e-06 2.879806e-07
-1.621643e-06 1.252353e-06
-1.188085e-06 2.928181e-06
1.160012e-06 4.066614e-06
4.130694e-06 2.524247e-06
4.717697e-06 -1.109139e-06
2.287855e-06 -3.673269e-06
-6.921247e-07 -3.410418e-06
-1.967910e-06 -1.592071e-06
-1.695468e-06 -2.252600e-07
-1.216531e-06 2.432646e-07
-1.044142e-06 5.497401e-07
-7.220529e-07 1.041195e-06
1.674648e-08 1.287020e-06
7.526787e-07 9.250003e-07
9.848821e-07 2.245877e-07
7.356315e-07 -2.955472e-07
3.878317e-07 -4.616694e-07
1.670406e-07 -4.713142e-07
-1.026703e-08 -4.943396e-07
-2.582627e-07 -4.616824e-07
-4.908182e-07 -2.473258e-07
-5.274571e-07 9.362907e-08
-3.321363e-07 3.585067e-07
-5.434837e-08 4.182060e-07
1.466962e-07 3.220686e-07
2.412221e-07 1.864305e-07
2.784001e-07 5.577069e-08
2.684146e-07 -8.597999e-08
1.771375e-07 -2.178934e-07
1.520646e-08 -2.684459e-07
-1.340394e-07 -2.031429e-07
-1.946793e-07 -7.502176e-08
-1.694893e-07 3.441643e-08
-1.106554e-07 9.392398e-08
-4.952004e-08 1.195245e-07
1.423474e-08 1.207592e-07
7.244261e-08 8.799617e-08
9.794794e-08 2.726585e-08
7.974356e-08 -2.789184e-08
4.134573e-08 -5.098226e-08
1.182037e-08 -4.872659e-08
-4.599817e-09 -4.167935e-08
-1.868328e-08 -3.487875e-08
-3.114019e-08 -2.141723e-08
-3.359270e-08 -3.096589e-09
-2.648372e-08 9.907964e-09
-1.912811e-08 1.575935e-08
-1.348227e-08 2.176194e-08
-2.338814e-09 2.831524e-08
1.446261e-08 2.582577e-08
2.498363e-08 1.131653e-08
2.183052e-08 -3.615065e-09
1.363988e-08 -8.416431e-09
1.177012e-08 -8.509147e-09
1.252827e-08 -1.530335e-08
3.109344e-09 -2.626951e-08
-1.704511e-08 -2.603828e-08
-3.153811e-08 -7.981480e-09
-2.673624e-08 1.466339e-08
-8.724085e-09 2.399651e-08
