1.237618e-08 -2.176047e-09
1.743100e-08 -1.408441e-08
1.109863e-08 -3.449620e-08
-1.748584e-08 -4.825967e-08
-5.545542e-08 -3.139590e-08
-6.861442e-08 1.484590e-08
-4.125392e-08 5.553722e-08
1.712654e-09 6.125264e-08
2.692634e-08 4.226394e-08
3.426176e-08 2.701249e-08
4.605513e-08 1.752754e-08
6.187796e-08 -8.842421e-09
5.196722e-08 -5.361222e-08
3.398516e-09 -8.073107e-08
-5.118101e-08 -6.029192e-08
-6.929810e-08 -9.933747e-09
-4.911313e-08 2.730943e-08
-2.342806e-08 3.588286e-08
-1.093368e-08 3.614451e-08
2.274541e-09 4.334707e-08
2.975267e-08 4.310159e-08
5.592221e-08 1.713509e-08
5.440511e-08 -2.396984e-08
2.372064e-08 -4.981894e-08
-1.061617e-08 -4.568894e-08
-2.667996e-08 -2.545243e-08
-2.673959e-08 -9.900399e-09
-2.604209e-08 -3.099703e-09
-3.021554e-08 5.938160e-09
-2.935512e-08 2.419124e-08
-1.215090e-08 4.285517e-08
1.795512e-08 4.514331e-08
4.267224e-08 2.467873e-08
4.615665e-08 -5.756861e-09
3.124463e-08 -2.673561e-08
1.416328e-08 -3.292057e-08
2.596015e-09 -3.531486e-08
-1.305785e-08 -4.019099e-08
-4.014794e-08 -3.455560e-08
-6.286161e-08 -3.402334e-09
-5.477049e-08 4.210596e-08
-1.336145e-08 6.844321e-08
3.148679e-08 5.658940e-08
5.068774e-08 2.330253e-08
4.675499e-08 -3.218932e-09
4.018818e-08 -1.852260e-08
3.391933e-08 -3.764114e-08
1.041504e-08 -6.036118e-08
-3.385482e-08 -6.154702e-08
-7.007032e-08 -2.487764e-08
-6.667492e-08 2.816599e-08
-2.810509e-08 5.833335e-08
1.121642e-08 5.224663e-08
2.855974e-08 3.103400e-08
3.267934e-08 1.612790e-08
3.898306e-08 3.458024e-09
4.143681e-08 -1.987559e-08
2.283950e-08 -4.625914e-08
-1.423848e-08 -5.148948e-08
-4.329370e-08 -2.660788e-08
-4.358287e-08 8.330165e-09
