7.371360e-08 -3.924882e-08
4.083912e-08 -1.218312e-07
-7.185441e-08 -1.526087e-07
-1.811979e-07 -7.003168e-08
-1.845894e-07 7.608392e-08
-7.643911e-08 1.684611e-07
4.718328e-08 1.478846e-07
9.896616e-08 6.384697e-08
8.065544e-08 -1.201151e-09
4.876822e-08 -1.986847e-08
3.749785e-08 -2.111879e-08
3.466464e-08 -3.396390e-08
1.600688e-08 -5.317421e-08
-1.862526e-08 -5.480432e-08
-4.575794e-08 -2.971847e-08
-4.603836e-08 4.733559e-09
-2.511212e-08 2.365773e-08
-5.897809e-09 2.053716e-08
-2.713106e-09 1.125581e-08
-7.298458e-09 1.293505e-08
-2.215413e-09 2.336345e-08
1.573954e-08 2.538481e-08
3.100960e-08 9.694576e-09
2.840209e-08 -1.278318e-08
1.131188e-08 -2.380585e-08
-3.377931e-09 -1.900158e-08
-6.231605e-09 -1.077447e-08
-5.027415e-09 -1.034233e-08
-1.146753e-08 -1.291928e-08
-2.306387e-08 -5.476129e-09
-2.478270e-08 1.338585e-08
-8.931006e-09 2.839548e-08
1.299425e-08 2.516435e-08
2.286433e-08 7.811835e-09
1.689510e-08 -6.561931e-09
7.678833e-09 -9.047312e-09
5.555807e-09 -7.449252e-09
5.461836e-09 -1.173340e-08
-3.039808e-09 -1.789774e-08
-1.768905e-08 -1.333750e-08
-2.374556e-08 3.994620e-09
-1.283541e-08 1.996648e-08
5.478976e-09 2.059859e-08
1.512632e-08 8.384719e-09
1.213102e-08 -2.707710e-09
5.998875e-09 -5.265231e-09
4.412380e-09 -4.776139e-09
3.821233e-09 -7.906140e-09
-2.261945e-09 -1.147627e-08
-1.131058e-08 -7.706047e-09
-1.396719e-08 3.222004e-09
-6.630698e-09 1.191541e-08
3.679137e-09 1.122806e-08
8.247678e-09 4.200986e-09
6.347218e-09 -1.346695e-09
3.440482e-09 -2.593340e-09
2.602316e-09 -2.784133e-09
1.673545e-09 -4.398784e-09
-1.564639e-09 -5.401462e-09
-5.151076e-09 -3.056299e-09
-5.532743e-09 1.455413e-09
