1.858259e-09 6.311276e-09
1.265287e-08 5.296320e-09
1.927277e-08 -6.454202e-09
1.528618e-08 -1.922089e-08
5.098222e-09 -2.674940e-08
-7.437611e-09 -2.886606e-08
-2.131922e-08 -2.558582e-08
-3.472637e-08 -1.467179e-08
-4.205191e-08 4.730927e-09
-3.739198e-08 2.811339e-08
-1.904738e-08 4.766650e-08
1.040690e-08 5.528716e-08
4.316195e-08 4.328695e-08
6.388105e-08 1.000260e-08
5.739995e-08 -3.122891e-08
2.539568e-08 -5.688581e-08
-1.094648e-08 -5.485696e-08
-3.242275e-08 -3.613130e-08
-4.054285e-08 -1.769905e-08
-4.627112e-08 -2.356097e-10
-4.636029e-08 2.553456e-08
-2.580722e-08 5.382044e-08
1.499415e-08 6.136293e-08
5.038124e-08 3.584574e-08
5.546478e-08 -4.802898e-09
3.386080e-08 -3.108038e-08
1.002465e-08 -3.383763e-08
-1.376922e-09 -2.799220e-08
-8.017244e-09 -2.741438e-08
-2.209559e-08 -2.703141e-08
-3.982273e-08 -1.321507e-08
-4.444279e-08 1.488295e-08
-2.646914e-08 4.069194e-08
4.201925e-09 4.655187e-08
2.760675e-08 3.147430e-08
3.358122e-08 1.074655e-08
3.000916e-08 -2.090336e-09
2.945551e-08 -1.018168e-08
2.970451e-08 -2.592749e-08
1.451197e-08 -4.847676e-08
-2.222011e-08 -5.645329e-08
-5.939810e-08 -3.109219e-08
-6.622923e-08 1.652347e-08
-3.699193e-08 5.220076e-08
1.947808e-09 5.526483e-08
2.420160e-08 3.846768e-08
3.211784e-08 2.475396e-08
4.326387e-08 1.421398e-08
5.574599e-08 -1.097742e-08
4.511959e-08 -5.083818e-08
5.045286e-10 -7.503778e-08
-5.125859e-08 -5.637921e-08
-7.090155e-08 -6.621360e-09
-5.023791e-08 3.504018e-08
-1.675697e-08 4.605985e-08
4.036560e-09 3.893888e-08
1.546708e-08 3.376837e-08
3.230783e-08 2.806016e-08
4.985343e-08 6.065674e-09
4.632269e-08 -2.983515e-08
1.441657e-08 -5.378626e-08
