-1.809273e-07 -3.192400e-08
-2.492696e-07 1.644626e-07
-8.884293e-08 3.875128e-07
2.338380e-07 3.842291e-07
4.325293e-07 1.084606e-07
3.403842e-07 -1.970846e-07
9.514022e-08 -2.929758e-07
-6.422660e-08 -2.022736e-07
-8.415377e-08 -1.107054e-07
-8.877980e-08 -9.611446e-08
-1.507074e-07 -7.042929e-08
-1.923331e-07 3.854270e-08
-1.226776e-07 1.631909e-07
2.171817e-08 1.887749e-07
1.220693e-07 1.021066e-07
1.189348e-07 -4.508994e-09
5.908909e-08 -4.996775e-08
1.699565e-08 -3.849449e-08
1.328440e-08 -2.239761e-08
1.755125e-08 -2.986501e-08
1.997870e-09 -4.519179e-08
-2.777440e-08 -4.166032e-08
-4.667685e-08 -1.471027e-08
-3.967773e-08 1.619907e-08
-1.559848e-08 2.906833e-08
3.181577e-09 2.034047e-08
3.358137e-09 6.997061e-09
-5.945013e-09 7.681530e-09
-4.102917e-09 2.121090e-08
1.563695e-08 2.713997e-08
3.576500e-08 1.040939e-08
3.398612e-08 -1.847372e-08
1.030306e-08 -3.405109e-08
-1.261564e-08 -2.561261e-08
-1.700785e-08 -8.461000e-09
-1.000614e-08 -2.375051e-09
-1.033505e-08 -6.177235e-09
-2.062445e-08 -2.227354e-09
-2.334271e-08 1.616917e-08
-5.746865e-09 3.254155e-08
2.042624e-08 2.733601e-08
3.152816e-08 3.417530e-09
2.021964e-08 -1.694052e-08
2.377118e-09 -1.896597e-08
-4.827580e-09 -1.049709e-08
-3.171372e-09 -7.170189e-09
-5.962784e-09 -1.012796e-08
-1.583305e-08 -6.830821e-09
-1.974856e-08 7.992674e-09
-7.725445e-09 2.190770e-08
1.158709e-08 1.978728e-08
2.034290e-08 3.459269e-09
1.295099e-08 -1.068495e-08
8.776537e-10 -1.197633e-08
-3.845245e-09 -6.041149e-09
-2.584432e-09 -3.478957e-09
-3.912342e-09 -4.808151e-09
-8.940443e-09 -2.393118e-09
-9.844641e-09 5.901227e-09
-2.205127e-09 1.225812e-08
7.726322e-09 9.397931e-09
