3.438214e-08 1.094180e-07
1.498573e-07 1.306241e-07
3.015275e-07 2.579609e-08
3.251120e-07 -2.268136e-07
1.071689e-07 -4.418305e-07
-2.190079e-07 -4.126117e-07
-4.055336e-07 -1.624108e-07
-3.635017e-07 9.758746e-08
-2.153940e-07 2.188535e-07
-1.044396e-07 2.392622e-07
-3.382552e-08 2.675507e-07
8.911523e-08 3.137042e-07
2.906183e-07 2.705471e-07
4.535560e-07 5.694475e-08
4.239590e-07 -2.496946e-07
1.855344e-07 -4.601110e-07
-1.114199e-07 -4.599144e-07
-3.125487e-07 -3.087481e-07
-4.026194e-07 -1.257931e-07
-4.385953e-07 6.738256e-08
-3.920439e-07 3.102131e-07
-1.678716e-07 5.368542e-07
2.062787e-07 5.681183e-07
5.192896e-07 3.214891e-07
5.785440e-07 -5.546609e-08
4.087716e-07 -3.388043e-07
1.714103e-07 -4.579021e-07
-5.670432e-08 -4.812225e-07
-3.068730e-07 -4.207210e-07
-5.367263e-07 -1.938094e-07
-5.740381e-07 1.859071e-07
-3.215410e-07 5.069507e-07
7.036492e-08 5.528984e-07
3.407852e-07 3.437889e-07
3.936025e-07 8.749458e-08
3.383807e-07 -8.232520e-08
2.731206e-07 -2.095422e-07
1.505238e-07 -3.464618e-07
-8.698555e-08 -4.044027e-07
-3.365339e-07 -2.634768e-07
-4.089980e-07 2.578717e-08
-2.552261e-07 2.577444e-07
-2.615125e-08 2.945965e-07
1.104073e-07 1.956885e-07
1.400368e-07 9.905091e-08
1.501612e-07 4.453517e-08
1.700009e-07 -2.573818e-08
1.386986e-07 -1.305157e-07
2.243412e-08 -1.951740e-07
-1.095490e-07 -1.504110e-07
-1.586582e-07 -3.033532e-08
-1.097906e-07 6.594151e-08
-3.339188e-08 8.620524e-08
8.306579e-09 6.211515e-08
1.906423e-08 4.399794e-08
3.231373e-08 3.763168e-08
5.262720e-08 1.826707e-08
5.497733e-08 -1.895656e-08
2.720395e-08 -4.806704e-08
-1.060390e-08 -4.666945e-08
-3.068280e-08 -2.213141e-08
