1.150966e-08 -3.050941e-09
1.627917e-08 -1.450384e-08
1.345860e-08 -2.773665e-08
2.387384e-09 -3.940968e-08
-1.952982e-08 -4.385006e-08
-4.556052e-08 -2.958306e-08
-5.640351e-08 3.599108e-09
-3.985323e-08 3.608898e-08
-7.344054e-09 4.562380e-08
1.588871e-08 3.116809e-08
1.823031e-08 1.361660e-08
1.321922e-08 9.791413e-09
1.893528e-08 1.213013e-08
3.183978e-08 1.631900e-09
3.098519e-08 -2.294181e-08
7.583068e-09 -3.998295e-08
-2.058131e-08 -3.197029e-08
-3.014914e-08 -8.084721e-09
-2.031007e-08 8.123264e-09
-1.027106e-08 8.655579e-09
-1.100462e-08 7.610557e-09
-1.143540e-08 1.686142e-08
2.245034e-09 2.673669e-08
2.297957e-08 1.962230e-08
2.971400e-08 -3.297381e-09
1.545190e-08 -2.099581e-08
-3.308028e-09 -1.923053e-08
-8.785474e-09 -7.427417e-09
-3.968287e-09 -3.050572e-09
-4.326922e-09 -7.137697e-09
-1.322582e-08 -5.628866e-09
-1.707237e-08 7.445592e-09
-5.964199e-09 1.956816e-08
1.097090e-08 1.656154e-08
1.710349e-08 1.774981e-09
9.418937e-09 -8.986030e-09
8.937601e-11 -8.056338e-09
-1.372247e-09 -3.117859e-09
8.207476e-10 -3.440656e-09
-1.906940e-09 -6.753709e-09
-8.599832e-09 -4.521406e-09
-1.032757e-08 4.197633e-09
-3.341678e-09 1.076955e-08
5.598354e-09 8.578333e-09
8.243238e-09 1.129854e-09
4.636472e-09 -3.605809e-09
9.927717e-10 -3.254967e-09
5.975555e-10 -1.944682e-09
7.852567e-10 -2.875907e-09
-1.465824e-09 -4.066070e-09
-4.630507e-09 -2.250036e-09
-4.976166e-09 1.899724e-09
-1.819733e-09 4.562712e-09
1.714907e-09 3.663990e-09
2.732151e-09 9.965089e-10
1.615517e-09 -5.467611e-10
6.770499e-10 -3.670214e-10
9.554628e-10 -8.741773e-11
1.319606e-09 -8.872264e-10
4.531440e-10 -1.958816e-09
-1.206283e-09 -1.773757e-09
