-1.594011e-07 7.955849e-08
-9.690637e-08 2.662428e-07
1.460723e-07 3.374649e-07
3.731169e-07 1.582819e-07
3.666203e-07 -1.380298e-07
1.511822e-07 -3.012844e-07
-5.798280e-08 -2.514409e-07
-1.239525e-07 -1.266690e-07
-1.102490e-07 -6.540409e-08
-1.278191e-07 -4.541896e-08
-1.642980e-07 2.337761e-08
-1.286857e-07 1.333535e-07
-6.578879e-09 1.843736e-07
1.084729e-07 1.241983e-07
1.314550e-07 1.394316e-08
7.688487e-08 -5.308683e-08
1.990122e-08 -5.207503e-08
4.022155e-09 -2.755156e-08
1.162530e-08 -2.309484e-08
7.071641e-09 -3.765987e-08
-1.802629e-08 -4.350124e-08
-4.313585e-08 -2.479842e-08
-4.630236e-08 7.405663e-09
-2.631110e-08 2.945348e-08
-2.039818e-09 2.860191e-08
6.964155e-09 1.439200e-08
3.822638e-10 7.617123e-09
-3.178351e-09 1.656648e-08
1.104444e-08 2.633028e-08
3.370986e-08 1.625094e-08
3.999578e-08 -1.307383e-08
1.928501e-08 -3.728021e-08
-1.075666e-08 -3.569099e-08
-2.465531e-08 -1.503456e-08
-1.854798e-08 8.456586e-10
-1.090562e-08 1.439318e-09
-1.498026e-08 5.729174e-11
-2.073109e-08 1.165610e-08
-1.020164e-08 2.927738e-08
1.534489e-08 3.146600e-08
3.373881e-08 1.062010e-08
2.819107e-08 -1.574931e-08
6.954508e-09 -2.551112e-08
-8.464223e-09 -1.690234e-08
-9.518089e-09 -6.376017e-09
-6.917999e-09 -4.800818e-09
-1.136159e-08 -5.044560e-09
-1.718583e-08 3.917133e-09
-1.126896e-08 1.811904e-08
6.500312e-09 2.198788e-08
2.042649e-08 9.082449e-09
1.790058e-08 -8.642622e-09
4.239818e-09 -1.539098e-08
-5.660664e-09 -9.709033e-09
-5.983188e-09 -2.769039e-09
-3.853479e-09 -1.683316e-09
-5.910889e-09 -1.851013e-09
-8.488225e-09 3.047617e-09
-4.469673e-09 1.002315e-08
4.941502e-09 1.063657e-08
1.088947e-08 3.000323e-09
