9.045464e-08 8.842049e-08
1.926572e-07 1.151233e-08
1.952987e-07 -1.426230e-07
6.820916e-08 -2.532548e-07
-1.011285e-07 -2.353048e-07
-2.007514e-07 -1.131238e-07
-1.939976e-07 1.868304e-08
-1.296587e-07 9.532202e-08
-6.216300e-08 1.233499e-07
-1.032706e-10 1.279924e-07
6.165007e-08 1.067011e-07
1.038409e-07 5.165800e-08
1.018913e-07 -1.565308e-08
6.210233e-08 -5.881588e-08
1.675653e-08 -6.428964e-08
-1.019556e-08 -4.845267e-08
-1.951172e-08 -3.269975e-08
-2.381230e-08 -2.376188e-08
-3.042859e-08 -1.601253e-08
-3.695379e-08 -2.792548e-09
-3.592567e-08 1.617998e-08
-2.226882e-08 3.330499e-08
1.176880e-11 3.822656e-08
1.864757e-08 2.804947e-08
2.436223e-08 1.203173e-08
2.091506e-08 2.072561e-09
1.950938e-08 -1.256092e-09
2.283999e-08 -8.144493e-09
2.029233e-08 -2.340668e-08
2.581060e-09 -3.623157e-08
-2.277972e-08 -3.130622e-08
-3.672581e-08 -8.307652e-09
-2.948948e-08 1.561176e-08
-1.102906e-08 2.436551e-08
1.915832e-09 1.942891e-08
5.201205e-09 1.413372e-08
8.579157e-09 1.446992e-08
1.864738e-08 1.201137e-08
2.714060e-08 -2.205361e-09
2.070687e-08 -2.207167e-08
-5.386227e-10 -3.070564e-08
-2.044734e-08 -1.997412e-08
-2.432061e-08 -2.448155e-10
-1.436434e-08 1.202780e-08
-4.076841e-09 1.251629e-08
-4.233678e-10 1.002784e-08
2.221161e-09 1.116905e-08
9.916968e-09 1.100728e-08
1.760887e-08 2.138004e-09
1.503126e-08 -1.193760e-08
1.477137e-09 -1.889784e-08
-1.165625e-08 -1.258127e-08
-1.414762e-08 -2.829250e-10
-7.921078e-09 6.921802e-09
-1.977198e-09 6.821516e-09
-1.341051e-10 5.339777e-09
1.426969e-09 5.974577e-09
5.639846e-09 5.417870e-09
9.007825e-09 2.680489e-10
6.689840e-09 -6.484070e-09
-1.755847e-10 -8.724404e-09
