1.183687e-08 6.279225e-09
2.015852e-08 -3.859456e-09
1.844178e-08 -1.920509e-08
5.831273e-09 -3.057844e-08
-1.244122e-08 -3.152413e-08
-2.772268e-08 -2.068399e-08
-3.317978e-08 -4.230049e-09
-3.060386e-08 9.748499e-09
-2.612096e-08 2.111500e-08
-1.798935e-08 3.526477e-08
3.291675e-09 4.828950e-08
3.692256e-08 4.316071e-08
6.117891e-08 1.020211e-08
5.293301e-08 -3.295335e-08
1.690527e-08 -5.474801e-08
-1.699138e-08 -4.473236e-08
-2.881132e-08 -2.325651e-08
-2.875105e-08 -1.128753e-08
-3.450102e-08 -3.403604e-09
-4.045632e-08 1.724250e-08
-2.540500e-08 4.571577e-08
1.250470e-08 5.500558e-08
4.577319e-08 3.091904e-08
4.851654e-08 -7.297085e-09
2.605065e-08 -2.927257e-08
4.541568e-09 -2.762713e-08
-2.139917e-09 -1.991784e-08
-4.289031e-09 -2.082959e-08
-1.608400e-08 -2.379743e-08
-3.365134e-08 -1.319114e-08
-3.901044e-08 1.243273e-08
-2.234881e-08 3.584878e-08
5.467675e-09 3.955122e-08
2.438214e-08 2.442156e-08
2.662870e-08 7.022526e-09
2.276351e-08 -9.988203e-10
2.470995e-08 -6.149402e-09
2.710948e-08 -2.126306e-08
1.298729e-08 -4.275142e-08
-2.071763e-08 -4.859698e-08
-5.167897e-08 -2.414658e-08
-5.406650e-08 1.632740e-08
-2.817052e-08 4.295345e-08
1.444723e-09 4.332611e-08
1.712349e-08 3.186834e-08
2.579593e-08 2.414766e-08
3.969844e-08 1.418442e-08
5.037290e-08 -1.204284e-08
3.635207e-08 -4.732616e-08
-4.534060e-09 -6.321873e-08
-4.483736e-08 -4.292161e-08
-5.610697e-08 -2.783920e-09
-3.896753e-08 2.689480e-08
-1.597588e-08 3.511283e-08
-7.517870e-10 3.394434e-08
1.308864e-08 3.313251e-08
3.203548e-08 2.517597e-08
4.527683e-08 1.015398e-09
3.650557e-08 -2.963796e-08
7.382316e-09 -4.469210e-08
-2.123188e-08 -3.451652e-08
