-4.210280e-08 -1.718603e-07
-2.447653e-07 -1.710095e-07
-4.146925e-07 5.139097e-08
-3.190860e-07 3.848152e-07
4.191958e-08 5.233333e-07
3.711543e-07 3.235882e-07
4.144952e-07 -1.384971e-08
2.363630e-07 -2.055664e-07
7.097911e-08 -2.053509e-07
1.167915e-08 -1.662197e-07
-3.399573e-08 -1.756670e-07
-1.367483e-07 -1.616059e-07
-2.256339e-07 -4.788989e-08
-1.984834e-07 1.102761e-07
-6.702649e-08 1.920740e-07
6.091874e-08 1.552302e-07
1.076622e-07 6.424706e-08
8.750522e-08 -1.577620e-09
5.611780e-08 -2.362562e-08
4.066330e-08 -2.984057e-08
2.987299e-08 -4.176642e-08
7.889473e-09 -5.342107e-08
-2.196372e-08 -4.912964e-08
-4.286667e-08 -2.574604e-08
-4.286313e-08 3.555365e-09
-2.586497e-08 2.149038e-08
-7.668551e-09 2.169117e-08
-1.092816e-09 1.356449e-08
-3.773350e-09 1.158466e-08
-2.137376e-09 1.876932e-08
1.119922e-08 2.309613e-08
2.682828e-08 1.267512e-08
2.897488e-08 -8.104528e-09
1.493115e-08 -2.243404e-08
-1.454268e-09 -2.096344e-08
-7.228424e-09 -1.209910e-08
-5.779108e-09 -9.131470e-09
-9.602123e-09 -1.171416e-08
-2.051551e-08 -7.203682e-09
-2.506120e-08 9.756306e-09
-1.230665e-08 2.663270e-08
9.897109e-09 2.696171e-08
2.281242e-08 1.083206e-08
1.887086e-08 -5.494183e-09
8.711023e-09 -1.006505e-08
4.757770e-09 -8.077789e-09
4.821299e-09 -1.064967e-08
-1.865751e-09 -1.668918e-08
-1.585626e-08 -1.400741e-08
-2.354448e-08 2.014542e-09
-1.442507e-08 1.904013e-08
4.238959e-09 2.160636e-08
1.567405e-08 9.658818e-09
1.339794e-08 -2.922768e-09
6.147534e-09 -6.513041e-09
3.349653e-09 -5.334584e-09
3.003207e-09 -7.250437e-09
-2.037770e-09 -1.071289e-08
-1.080554e-08 -7.746878e-09
-1.411042e-08 2.863869e-09
-7.145261e-09 1.217339e-08
