6.028913e-06 2.888672e-07
6.459105e-06 -6.200538e-06
8.742186e-08 -1.083506e-05
-7.829368e-06 -8.033164e-06
-1.020310e-05 -4.258527e-07
-6.452995e-06 5.026486e-06
-1.983873e-06 5.354561e-06
-7.159032e-07 4.060342e-06
-3.962949e-07 5.081075e-06
3.038887e-06 6.646802e-06
8.349134e-06 3.877300e-06
9.615767e-06 -3.468190e-06
4.116030e-06 -9.317280e-06
-3.533495e-06 -8.435671e-06
-6.789553e-06 -2.721390e-06
-4.745973e-06 1.692911e-06
-1.945101e-06 2.107330e-06
-1.617013e-06 1.362415e-06
-2.007343e-06 2.543200e-06
-8.695621e-08 4.431113e-06
3.489660e-06 3.705614e-06
5.136748e-06 -7.409055e-10
3.151158e-06 -3.416494e-06
-2.659821e-07 -3.764275e-06
-2.022735e-06 -1.788813e-06
-1.629588e-06 -1.095165e-07
-8.581315e-07 1.564054e-07
-9.028422e-07 4.451295e-08
-1.137049e-06 6.151873e-07
-5.558421e-07 1.439421e-06
6.339749e-07 1.453561e-06
1.358562e-06 5.116796e-07
1.087639e-06 -5.024441e-07
3.271461e-07 -8.251944e-07
-1.712933e-07 -5.540984e-07
-2.292204e-07 -2.451482e-07
-1.701259e-07 -1.696713e-07
-2.421743e-07 -1.631748e-07
-3.549784e-07 -1.715967e-08
-3.092101e-07 2.231367e-07
-8.583805e-08 3.585880e-07
1.499102e-07 2.911158e-07
2.469027e-07 1.078062e-07
2.020608e-07 -4.298854e-08
1.152724e-07 -9.882902e-08
6.152302e-08 -1.035664e-07
2.941117e-08 -1.168055e-07
-2.785340e-08 -1.346070e-07
-1.099444e-07 -1.069590e-07
-1.589671e-07 -1.627705e-08
-1.279627e-07 8.694154e-08
-3.808119e-08 1.342675e-07
4.501604e-08 1.090048e-07
7.952063e-08 5.156414e-08
7.564390e-08 5.318252e-09
6.180316e-08 -2.256464e-08
4.544766e-08 -4.557013e-08
1.674396e-08 -6.409544e-08
-2.309276e-08 -6.257326e-08
-5.391173e-08 -3.407321e-08
-5.720845e-08 6.061287e-09
