-4.989232e-08 2.371552e-08
-2.628126e-08 7.099798e-08
3.360556e-08 8.017267e-08
7.799009e-08 3.776098e-08
7.431261e-08 -1.826702e-08
3.789009e-08 -4.681327e-08
4.915293e-09 -4.172257e-08
-6.234569e-09 -2.582839e-08
-4.854382e-09 -1.964540e-08
-8.252566e-09 -2.291687e-08
-2.137282e-08 -2.215775e-08
-3.418750e-08 -8.195707e-09
-3.346847e-08 1.391524e-08
-1.687334e-08 2.918320e-08
3.201931e-09 2.753546e-08
1.180956e-08 1.518827e-08
8.384391e-09 7.993387e-09
7.339470e-09 1.175386e-08
1.864142e-08 1.388176e-08
3.215175e-08 -2.916944e-10
2.810396e-08 -2.577703e-08
2.618506e-09 -4.010673e-08
-2.464090e-08 -2.905062e-08
-3.204903e-08 -3.785566e-09
-2.013472e-08 1.275843e-08
-7.778229e-09 1.287935e-08
-6.461012e-09 9.796169e-09
-6.938676e-09 1.600927e-08
4.724114e-09 2.446373e-08
2.452330e-08 1.812467e-08
3.268599e-08 -5.231394e-09
1.831021e-08 -2.686125e-08
-6.166425e-09 -2.833378e-08
-1.958308e-08 -1.253188e-08
-1.616736e-08 2.248494e-09
-8.298336e-09 5.624879e-09
-6.899657e-09 4.689593e-09
-7.573779e-09 9.394511e-09
-2.209931e-10 1.633943e-08
1.349081e-08 1.366894e-08
2.016645e-08 -9.626907e-10
1.193796e-08 -1.517734e-08
-3.153908e-09 -1.654782e-08
-1.128479e-08 -6.948486e-09
-8.940337e-09 1.858165e-09
-4.022470e-09 3.583751e-09
-3.020774e-09 2.704589e-09
-3.244359e-09 4.854962e-09
6.142545e-10 7.903744e-09
7.080414e-09 5.893540e-09
9.384394e-09 -1.407753e-09
4.732241e-09 -7.449396e-09
-2.089297e-09 -7.122078e-09
-4.982958e-09 -2.460884e-09
-3.391606e-09 1.039456e-09
-1.249463e-09 1.272263e-09
-1.070193e-09 5.983750e-10
-1.508066e-09 1.335310e-09
-4.321188e-10 2.651693e-09
1.752306e-09 2.374912e-09
2.812146e-09 2.722843e-10
