-2.512018e-08 1.443532e-07
1.211221e-07 1.881232e-07
2.732770e-07 8.617902e-08
3.067416e-07 -1.133740e-07
1.845368e-07 -2.894463e-07
-2.299500e-08 -3.330719e-07
-1.866256e-07 -2.402278e-07
-2.487418e-07 -1.072164e-07
-2.572706e-07 1.752370e-09
-2.507221e-07 1.133289e-07
-1.862365e-07 2.495850e-07
-1.987119e-08 3.443717e-07
1.926842e-07 3.063612e-07
3.304498e-07 1.377085e-07
3.326794e-07 -5.959696e-08
2.473217e-07 -1.974086e-07
1.433857e-07 -2.810392e-07
1.360573e-08 -3.497147e-07
-1.893240e-07 -3.657648e-07
-4.229117e-07 -2.254950e-07
-5.237736e-07 8.971746e-08
-3.636285e-07 4.176460e-07
-1.871926e-08 5.395767e-07
2.831567e-07 4.041940e-07
3.988838e-07 1.656504e-07
3.882483e-07 -2.241814e-08
3.595378e-07 -1.755148e-07
2.753347e-07 -3.725202e-07
1.929167e-08 -5.408210e-07
-3.604834e-07 -4.789569e-07
-6.051313e-07 -1.264944e-07
-5.124237e-07 2.939601e-07
-1.772990e-07 4.911485e-07
1.231001e-07 4.113027e-07
2.458342e-07 2.391204e-07
2.798812e-07 1.205229e-07
3.303321e-07 5.394447e-09
3.312220e-07 -1.942268e-07
1.566824e-07 -3.965777e-07
-1.490377e-07 -4.125907e-07
-3.691641e-07 -1.925862e-07
-3.526651e-07 9.140856e-08
-1.721463e-07 2.380741e-07
-7.441079e-09 2.214407e-07
6.497195e-08 1.572621e-07
1.041367e-07 1.194789e-07
1.613190e-07 6.898643e-08
1.899846e-07 -3.975522e-08
1.232691e-07 -1.574165e-07
-1.404667e-08 -1.891782e-07
-1.210184e-07 -1.133198e-07
-1.333349e-07 -4.290559e-09
-8.045799e-08 5.781448e-08
-2.898717e-08 6.398394e-08
-4.271253e-09 5.439482e-08
1.385737e-08 5.149803e-08
4.012801e-08 4.107654e-08
5.844503e-08 9.185442e-09
4.807844e-08 -2.926785e-08
1.468069e-08 -4.706284e-08
-1.573863e-08 -3.649521e-08
