6.117088e-06 4.425504e-06
1.176865e-05 -2.556974e-06
7.370414e-06 -1.306829e-05
-5.062427e-06 -1.456047e-05
-1.263314e-05 -5.087517e-06
-9.304239e-06 4.751009e-06
-1.686997e-06 6.450989e-06
1.411646e-06 2.556427e-06
-4.336401e-07 6.441753e-07
-1.291832e-06 2.751584e-06
1.690002e-06 4.275959e-06
4.965303e-06 1.692048e-06
4.347946e-06 -2.670684e-06
5.973689e-07 -4.331841e-06
-2.230687e-06 -2.419939e-06
-2.079630e-06 1.022936e-07
-5.783416e-07 7.286673e-07
-5.887500e-08 -2.422791e-08
-7.005612e-07 -2.753526e-07
-1.067396e-06 5.303599e-07
-3.636332e-07 1.331653e-06
7.326124e-07 1.150703e-06
1.178890e-06 2.255879e-07
7.857996e-07 -5.289550e-07
1.733655e-07 -6.366421e-07
-1.023272e-07 -3.820025e-07
-7.810053e-08 -2.445563e-07
-1.157715e-07 -3.090996e-07
-3.516131e-07 -2.919547e-07
-5.457200e-07 -2.572605e-10
-4.244868e-07 3.931739e-07
-3.482838e-08 5.564246e-07
3.127693e-07 3.809138e-07
3.947578e-07 6.861359e-08
2.709478e-07 -1.324853e-07
1.333376e-07 -1.770847e-07
6.163499e-08 -1.772968e-07
-6.137878e-09 -1.976789e-07
-1.170985e-07 -1.849359e-07
-2.134449e-07 -8.243152e-08
-2.112394e-07 6.811564e-08
-1.085543e-07 1.690388e-07
1.770828e-08 1.702517e-07
9.435067e-08 1.012104e-07
1.041403e-07 2.265782e-08
7.395908e-08 -2.537477e-08
3.991093e-08 -3.815594e-08
2.210610e-08 -3.515237e-08
1.508446e-08 -3.785907e-08
-3.623247e-10 -4.729340e-08
-2.902947e-08 -4.372505e-08
-4.959252e-08 -1.557696e-08
-4.074733e-08 1.834828e-08
-1.277072e-08 2.881629e-08
2.821655e-09 1.465181e-08
-5.204449e-09 4.386543e-09
-1.365301e-08 1.633187e-08
1.051070e-09 3.327347e-08
2.905700e-08 2.729899e-08
4.044601e-08 -1.427207e-09
2.482177e-08 -2.561422e-08
