3.029999e-06 -1.297178e-05
-1.042685e-05 -1.590434e-05
-2.049744e-05 -4.392500e-06
-1.631835e-05 9.347498e-06
-5.662818e-06 1.312359e-05
3.365085e-07 9.656339e-06
1.066726e-06 7.681565e-06
3.343562e-06 9.212493e-06
1.003188e-05 8.079697e-06
1.508963e-05 -3.239102e-07
1.120775e-05 -1.120308e-05
-8.413291e-08 -1.507892e-05
-9.367085e-06 -9.035941e-06
-1.005929e-05 1.579001e-07
-4.966648e-06 4.544502e-06
-1.128698e-06 3.510684e-06
-9.731740e-07 2.122583e-06
-1.132960e-06 3.256738e-06
1.296145e-06 4.504964e-06
4.551587e-06 2.689681e-06
5.030804e-06 -1.372364e-06
2.185959e-06 -4.055816e-06
-1.099368e-06 -3.488979e-06
-2.248399e-06 -1.242667e-06
-1.517883e-06 2.184951e-07
-7.297739e-07 3.149681e-07
-7.425237e-07 1.702656e-07
-8.961011e-07 6.176831e-07
-4.006197e-07 1.249362e-06
5.601270e-07 1.251528e-06
1.188161e-06 5.062179e-07
1.054586e-06 -3.659780e-07
4.537661e-07 -7.660994e-07
-6.079805e-08 -6.544712e-07
-2.504327e-07 -3.910823e-07
-2.756228e-07 -2.464255e-07
-3.523703e-07 -1.690516e-07
-4.573348e-07 1.919657e-08
-3.983676e-07 3.177809e-07
-1.041856e-07 5.137008e-07
2.483793e-07 4.324969e-07
4.162406e-07 1.434201e-07
3.388847e-07 -1.252750e-07
1.575990e-07 -2.293981e-07
2.321336e-08 -2.094004e-07
-4.471821e-08 -1.704425e-07
-1.044596e-07 -1.398760e-07
-1.687544e-07 -7.496958e-08
-1.855565e-07 3.626342e-08
-1.194146e-07 1.372616e-07
-5.776653e-09 1.638960e-07
8.327585e-08 1.106711e-07
1.053660e-07 2.816861e-08
7.365865e-08 -2.809975e-08
3.200480e-08 -3.948038e-08
1.320629e-08 -2.724800e-08
1.504010e-08 -2.346435e-08
1.128441e-08 -3.675096e-08
-1.322794e-08 -4.568174e-08
-4.173092e-08 -2.837309e-08
-4.584726e-08 6.336512e-09
