1.290869e-08 2.269864e-09
1.847725e-08 -9.677319e-09
1.329909e-08 -2.547056e-08
-3.978369e-09 -3.584784e-08
-2.743899e-08 -3.156415e-08
-4.338763e-08 -1.071234e-08
-4.162445e-08 1.509866e-08
-2.695874e-08 3.211654e-08
-1.052329e-08 3.950404e-08
6.965289e-09 4.384145e-08
3.202581e-08 4.114150e-08
5.793682e-08 1.789857e-08
6.165342e-08 -2.462577e-08
3.100211e-08 -5.960808e-08
-1.411723e-08 -6.075774e-08
-4.114723e-08 -3.336475e-08
-4.166779e-08 -5.770570e-09
-3.452793e-08 7.666277e-09
-3.265780e-08 1.908908e-08
-2.416254e-08 3.918539e-08
4.723619e-09 5.347625e-08
4.113503e-08 3.991544e-08
5.575806e-08 1.977307e-09
3.822989e-08 -3.134339e-08
8.569478e-09 -3.874664e-08
-8.938825e-09 -2.775161e-08
-1.237247e-08 -1.875433e-08
-1.669519e-08 -1.755740e-08
-2.882983e-08 -1.200853e-08
-3.744500e-08 7.459131e-09
-2.787910e-08 3.232682e-08
-1.297697e-09 4.388936e-08
2.491239e-08 3.352730e-08
3.509535e-08 1.142599e-08
3.053468e-08 -5.881143e-09
2.411923e-08 -1.416605e-08
2.103848e-08 -2.317824e-08
1.088664e-08 -3.833209e-08
-1.601891e-08 -4.681567e-08
-4.841939e-08 -3.021831e-08
-6.004110e-08 9.416541e-09
-3.870537e-08 4.558523e-08
-1.561246e-09 5.453035e-08
2.509542e-08 3.967818e-08
3.491802e-08 2.125782e-08
4.040574e-08 7.093265e-09
4.588825e-08 -1.317653e-08
3.656943e-08 -4.322730e-08
1.622250e-09 -6.351832e-08
-4.221441e-08 -5.104604e-08
-6.323213e-08 -1.002908e-08
-4.929977e-08 2.957453e-08
-1.873478e-08 4.473163e-08
5.050789e-09 3.988334e-08
1.868479e-08 3.128809e-08
3.172235e-08 2.181970e-08
4.322782e-08 2.270549e-09
3.895746e-08 -2.653355e-08
1.279953e-08 -4.634740e-08
-1.988276e-08 -4.108285e-08
-3.694073e-08 -1.619153e-08
