8.968172e-09 -1.478576e-08
-5.143935e-09 -2.481828e-08
-2.525816e-08 -1.856005e-08
-3.381508e-08 2.989544e-09
-2.249140e-08 2.358186e-08
-1.082404e-09 2.728635e-08
1.157461e-08 1.475377e-08
7.689745e-09 2.859323e-09
-6.277184e-10 5.222730e-09
3.728143e-09 1.541947e-08
2.067129e-08 1.438944e-08
3.113850e-08 -5.303901e-09
1.962367e-08 -2.811032e-08
-6.065948e-09 -3.244411e-08
-2.303123e-08 -1.596148e-08
-2.000006e-08 2.413994e-09
-9.040055e-09 6.462527e-09
-7.492054e-09 1.858677e-09
-1.413053e-08 5.664421e-09
-1.156937e-08 2.042752e-08
8.007101e-09 2.836153e-08
2.886154e-08 1.455121e-08
2.958870e-08 -1.164667e-08
9.819457e-09 -2.638335e-08
-9.753838e-09 -1.977667e-08
-1.350915e-08 -5.464949e-09
-7.773125e-09 -4.695510e-11
-7.334989e-09 -1.982102e-09
-1.285253e-08 1.890622e-09
-1.119070e-08 1.397780e-08
3.432215e-09 2.066142e-08
1.876314e-08 1.112620e-08
1.940075e-08 -6.964730e-09
6.113268e-09 -1.659916e-08
-6.398760e-09 -1.196022e-08
-8.456725e-09 -2.825655e-09
-4.817318e-09 5.893419e-10
-4.245569e-09 -1.834089e-10
-6.493749e-09 2.180194e-09
-4.574078e-09 8.065238e-09
3.273462e-09 1.014865e-08
1.003141e-08 4.252291e-09
9.015394e-09 -4.491690e-09
2.136864e-09 -8.156572e-09
-3.360718e-09 -5.319571e-09
-3.871699e-09 -1.092363e-09
-2.094839e-09 3.414909e-10
-1.685737e-09 -3.278710e-11
-2.459290e-09 6.971222e-10
-1.895132e-09 2.688576e-09
6.114811e-10 3.518794e-09
2.866966e-09 1.858769e-09
2.818672e-09 -7.688860e-10
9.588035e-10 -1.989163e-09
-5.800033e-10 -1.271922e-09
-5.893695e-10 -1.109105e-10
1.577333e-10 3.524084e-11
2.407562e-10 -6.478451e-10
-5.844231e-10 -8.896225e-10
-1.241177e-09 -9.873790e-11
-8.397335e-10 9.189784e-10
