1.385706e-06 -5.346894e-07
8.898805e-07 -1.907869e-06
-6.891611e-07 -2.276020e-06
-1.890201e-06 -1.252314e-06
-1.915731e-06 1.252033e-07
-1.177026e-06 9.121894e-07
-4.473152e-07 9.938600e-07
-8.819646e-08 8.318697e-07
1.166941e-07 7.995414e-07
4.865276e-07 7.773909e-07
9.299495e-07 4.288412e-07
1.032284e-06 -2.478911e-07
5.963314e-07 -8.195683e-07
-7.303981e-08 -8.858933e-07
-4.918337e-07 -5.143289e-07
-5.065485e-07 -1.136812e-07
-3.665024e-07 5.716669e-08
-3.233163e-07 1.148873e-07
-3.152452e-07 2.719940e-07
-1.291856e-07 4.809620e-07
2.309464e-07 4.891801e-07
4.941322e-07 1.999359e-07
4.465809e-07 -1.716025e-07
1.796620e-07 -3.467051e-07
-4.986731e-08 -2.848543e-07
-1.230416e-07 -1.595049e-07
-1.276499e-07 -9.858830e-08
-1.637920e-07 -6.001199e-08
-1.970477e-07 3.672999e-08
-1.397280e-07 1.593479e-07
-3.872102e-10 2.026779e-07
1.166037e-07 1.316859e-07
1.372112e-07 1.973271e-08
8.708168e-08 -4.718195e-08
3.509257e-08 -5.478745e-08
1.278331e-08 -4.196514e-08
5.890925e-09 -3.780570e-08
-5.169610e-09 -4.034958e-08
-2.292486e-08 -3.728800e-08
-3.972881e-08 -2.276511e-08
-4.626474e-08 1.621046e-09
-3.547676e-08 2.639365e-08
-1.128723e-08 3.670308e-08
8.675999e-09 2.729035e-08
1.083609e-08 1.302670e-08
4.729543e-09 1.247175e-08
1.163457e-08 2.135822e-08
3.285208e-08 1.601488e-08
4.318618e-08 -1.272377e-08
2.327892e-08 -4.204440e-08
-1.249622e-08 -4.353813e-08
-3.233404e-08 -1.885398e-08
-2.585362e-08 4.000152e-09
-1.296518e-08 7.565005e-09
-1.302251e-08 4.067399e-09
-1.865215e-08 1.286711e-08
-9.236588e-09 3.015964e-08
1.696420e-08 3.304823e-08
3.705933e-08 1.111608e-08
3.144555e-08 -1.804007e-08
7.607038e-09 -2.953085e-08
