1.521772e-08 -9.810702e-10
1.873428e-08 -1.726762e-08
6.218679e-09 -3.622147e-08
-2.220056e-08 -4.198260e-08
-5.087524e-08 -2.236138e-08
-5.708927e-08 1.513983e-08
-3.537402e-08 4.522468e-08
-4.433541e-09 5.196786e-08
1.754408e-08 4.390787e-08
3.334972e-08 3.451789e-08
5.209977e-08 1.889709e-08
6.340921e-08 -1.507001e-08
4.488100e-08 -5.684724e-08
-3.089081e-09 -7.422299e-08
-4.782983e-08 -5.092913e-08
-5.957500e-08 -8.582942e-09
-4.392682e-08 2.016159e-08
-2.673139e-08 2.948749e-08
-1.619174e-08 3.661526e-08
1.910182e-09 4.697392e-08
3.288534e-08 4.322690e-08
5.642334e-08 1.336375e-08
5.027960e-08 -2.618860e-08
1.935582e-08 -4.692346e-08
-1.039331e-08 -4.037299e-08
-2.237429e-08 -2.303024e-08
-2.313641e-08 -1.201802e-08
-2.634318e-08 -6.279194e-09
-3.250247e-08 5.667619e-09
-2.945395e-08 2.632132e-08
-9.345270e-09 4.325093e-08
1.972480e-08 4.185550e-08
4.013466e-08 2.110567e-08
4.162300e-08 -5.152155e-09
2.987303e-08 -2.271924e-08
1.681712e-08 -3.066720e-08
4.593818e-09 -3.703397e-08
-1.491928e-08 -4.185751e-08
-4.248181e-08 -3.209852e-08
-6.063499e-08 5.645211e-10
-4.938373e-08 4.158116e-08
-1.140159e-08 6.307399e-08
2.766595e-08 5.279553e-08
4.656758e-08 2.518674e-08
4.761155e-08 2.172074e-10
4.325826e-08 -1.948246e-08
3.276826e-08 -4.149500e-08
5.147044e-09 -6.019926e-08
-3.607712e-08 -5.566271e-08
-6.537818e-08 -2.001354e-08
-6.043547e-08 2.610808e-08
-2.753126e-08 5.257371e-08
6.990095e-09 5.030653e-08
2.655865e-08 3.406529e-08
3.556045e-08 1.795512e-08
4.147619e-08 2.297756e-10
3.855042e-08 -2.391412e-08
1.740275e-08 -4.505493e-08
-1.553571e-08 -4.594639e-08
-3.917974e-08 -2.324272e-08
-3.950980e-08 6.342435e-09
