-3.872191e-07 -1.739230e-07
-5.938881e-07 2.274843e-07
-3.444588e-07 6.839396e-07
1.649743e-07 7.659805e-07
5.149613e-07 4.910108e-07
5.767834e-07 1.839429e-07
5.710346e-07 2.884261e-08
6.891615e-07 -1.584878e-07
7.245788e-07 -6.278271e-07
2.711662e-07 -1.194495e-06
-6.618932e-07 -1.272711e-06
-1.442273e-06 -5.443841e-07
-1.418453e-06 5.490034e-07
-6.599353e-07 1.203292e-06
1.300090e-07 1.123515e-06
4.688880e-07 7.644624e-07
6.057508e-07 6.099948e-07
9.880290e-07 4.724482e-07
1.424766e-06 -1.773232e-07
1.185052e-06 -1.262630e-06
1.192542e-08 -1.903518e-06
-1.319211e-06 -1.388205e-06
-1.760586e-06 -9.023368e-08
-1.156241e-06 9.172095e-07
-3.059842e-07 1.077715e-06
1.070229e-07 8.185316e-07
2.557333e-07 7.418288e-07
6.477120e-07 7.480782e-07
1.195336e-06 2.984359e-07
1.236890e-06 -6.388407e-07
4.613297e-07 -1.351950e-06
-5.790145e-07 -1.207439e-06
-1.071961e-06 -4.066330e-07
-8.380333e-07 3.039338e-07
-3.753308e-07 5.094894e-07
-1.301450e-07 4.401507e-07
-2.874136e-08 4.523389e-07
2.073049e-07 5.073082e-07
5.428165e-07 3.233949e-07
6.487597e-07 -1.278523e-07
3.622626e-07 -5.161737e-07
-8.487127e-08 -5.441776e-07
-3.439533e-07 -2.747845e-07
-3.213451e-07 6.493415e-10
-1.889903e-07 1.115679e-07
-1.091268e-07 1.222364e-07
-6.983253e-08 1.481253e-07
1.136328e-08 1.833946e-07
1.273008e-07 1.470095e-07
1.864029e-07 2.630149e-08
1.382064e-07 -9.391759e-08
3.324300e-08 -1.322652e-07
-4.361036e-08 -9.251735e-08
-6.089916e-08 -3.623222e-08
-4.784069e-08 -5.873694e-09
-3.910459e-08 4.583780e-09
-3.715483e-08 1.778471e-08
-2.546089e-08 3.672924e-08
7.352513e-10 4.541367e-08
2.676888e-08 3.324542e-08
3.620739e-08 8.520855e-09
