2.216250e-06 -3.180821e-06
-1.483694e-06 -7.197244e-06
-7.499178e-06 -5.121301e-06
-8.189154e-06 5.650512e-07
-5.421390e-06 3.110334e-06
-4.275274e-06 3.468228e-06
-4.175665e-06 5.522013e-06
-1.324064e-06 9.080401e-06
5.320924e-06 9.905303e-06
1.180203e-05 4.707521e-06
1.256590e-05 -4.559952e-06
6.097026e-06 -1.164716e-05
-3.068933e-06 -1.166784e-05
-8.505442e-06 -5.740958e-06
-7.995098e-06 5.742352e-07
-4.766288e-06 3.315999e-06
-2.731681e-06 3.521227e-06
-1.924313e-06 4.263967e-06
2.670094e-07 5.762752e-06
4.324144e-06 5.168156e-06
7.098879e-06 9.958483e-07
5.619325e-06 -4.115548e-06
9.645082e-07 -6.121536e-06
-2.897667e-06 -4.103223e-06
-3.559458e-06 -8.335320e-07
-2.191968e-06 8.482880e-07
-1.182712e-06 8.953308e-07
-1.098008e-06 9.775621e-07
-7.405193e-07 1.723439e-06
5.614572e-07 2.093022e-06
1.882957e-06 1.171507e-06
1.994605e-06 -4.549354e-07
9.182510e-07 -1.448780e-06
-2.492350e-07 -1.278702e-06
-6.831161e-07 -5.611836e-07
-5.267718e-07 -9.059450e-08
-3.532890e-07 -5.934768e-09
-3.814540e-07 4.227010e-08
-3.896360e-07 2.606166e-07
-1.696159e-07 4.862648e-07
1.822677e-07 4.773401e-07
4.107272e-07 2.216819e-07
3.887351e-07 -7.974163e-08
2.056414e-07 -2.392829e-07
3.065720e-08 -2.345108e-07
-5.319682e-08 -1.671583e-07
-8.413120e-08 -1.235571e-07
-1.280240e-07 -9.470706e-08
-1.805037e-07 -2.338848e-08
-1.746354e-07 9.550374e-08
-7.515607e-08 1.881871e-07
6.284612e-08 1.808886e-07
1.452926e-07 8.419609e-08
1.349893e-07 -2.087968e-08
7.563793e-08 -7.125049e-08
2.679979e-08 -7.313951e-08
1.374943e-09 -6.627523e-08
-2.382923e-08 -6.400564e-08
-5.741630e-08 -4.693693e-08
-7.663314e-08 -3.807428e-09
-5.918524e-08 4.400042e-08
