8.097884e-08 -2.631541e-07
-1.909956e-07 -4.116640e-07
-5.878904e-07 -2.370451e-07
-7.053478e-07 2.840302e-07
-3.251757e-07 7.276668e-07
2.392720e-07 6.937575e-07
4.979738e-07 3.003325e-07
3.793016e-07 1.749397e-08
2.789976e-07 4.189165e-08
4.714301e-07 3.871746e-08
6.602982e-07 -3.619004e-07
3.286835e-07 -9.442475e-07
-5.030585e-07 -1.046617e-06
-1.141803e-06 -3.862852e-07
-1.001982e-06 4.964536e-07
-3.303638e-07 8.464649e-07
1.312172e-07 6.095001e-07
1.346539e-07 4.046842e-07
1.923346e-07 5.648201e-07
7.135194e-07 6.106463e-07
1.244962e-06 -3.067944e-08
9.811574e-07 -1.051887e-06
-9.534095e-08 -1.481172e-06
-1.056163e-06 -8.828090e-07
-1.132051e-06 9.216890e-08
-5.877353e-07 5.608868e-07
-2.102939e-07 4.709079e-07
-2.066773e-07 4.396691e-07
-6.513822e-08 7.166428e-07
5.225191e-07 8.064984e-07
1.082799e-06 2.486729e-07
9.566939e-07 -6.251506e-07
1.935914e-07 -1.041916e-06
-5.016253e-07 -7.287774e-07
-6.365727e-07 -1.598644e-07
-4.124299e-07 1.291316e-07
-2.752930e-07 1.484176e-07
-2.857808e-07 2.322579e-07
-1.613282e-07 4.497208e-07
1.989075e-07 5.135780e-07
5.143939e-07 2.336517e-07
4.887910e-07 -1.869079e-07
1.812610e-07 -4.005615e-07
-1.021737e-07 -3.175513e-07
-1.839114e-07 -1.351309e-07
-1.483220e-07 -3.741854e-08
-1.370610e-07 -7.420102e-09
-1.505335e-07 5.541682e-08
-1.006192e-07 1.502783e-07
2.451188e-08 1.822809e-07
1.316833e-07 1.066248e-07
1.418630e-07 -1.061925e-08
7.597057e-08 -7.791812e-08
9.831749e-09 -7.512387e-08
-1.654244e-08 -4.703193e-08
-2.061689e-08 -3.194129e-08
-2.982694e-08 -2.588305e-08
-4.300097e-08 -9.002006e-09
-4.132421e-08 1.892875e-08
-1.896891e-08 3.865924e-08
8.788334e-09 3.645812e-08
