2.548742e-06 1.643983e-06
7.385164e-06 -2.254623e-06
4.876810e-06 -1.191079e-05
-7.895774e-06 -1.403898e-05
-1.659436e-05 -2.407959e-06
-1.087512e-05 1.080025e-05
1.869199e-06 1.232096e-05
7.933804e-06 3.908276e-06
4.313330e-06 -2.737495e-06
-6.299665e-07 -1.807490e-06
-1.941173e-07 1.633422e-06
3.072141e-06 1.096141e-06
3.231760e-06 -2.663213e-06
-4.165118e-07 -4.345482e-06
-3.449777e-06 -1.939163e-06
-2.853481e-06 1.392939e-06
-2.823766e-07 2.211214e-06
1.054202e-06 7.669395e-07
4.167834e-07 -4.153337e-07
-4.876033e-07 -9.573228e-08
-2.812283e-07 7.372427e-07
6.073381e-07 7.566536e-07
9.973574e-07 -5.153676e-08
5.213425e-07 -7.393764e-07
-1.903828e-07 -7.035618e-07
-4.577936e-07 -2.241771e-07
-2.642470e-07 9.330825e-08
-5.728476e-08 4.820331e-08
-1.145286e-07 -7.221593e-08
-2.712797e-07 3.008858e-08
-2.222640e-07 2.874324e-07
6.534625e-08 3.978804e-07
3.294072e-07 2.207758e-07
3.446040e-07 -7.302284e-08
1.603506e-07 -2.331605e-07
-1.481615e-08 -2.037757e-07
-7.217272e-08 -1.152231e-07
-7.175172e-08 -7.594732e-08
-9.785298e-08 -6.326901e-08
-1.390635e-07 -9.904040e-09
-1.294676e-07 8.173477e-08
-4.981888e-08 1.458617e-07
5.071957e-08 1.356235e-07
1.108908e-07 6.520997e-08
1.074941e-07 -1.503481e-08
6.052449e-08 -6.139755e-08
1.037022e-08 -6.207242e-08
-1.298832e-08 -3.892397e-08
-1.221737e-08 -2.416953e-08
-1.384858e-08 -2.657552e-08
-3.172026e-08 -2.473678e-08
-4.711813e-08 -3.559715e-10
-3.527327e-08 3.175571e-08
-2.714889e-09 4.099235e-08
1.888033e-08 2.250425e-08
1.446082e-08 3.250172e-09
3.207111e-09 4.291434e-09
8.445743e-09 1.396422e-08
2.486073e-08 8.183447e-09
2.816197e-08 -1.420164e-08
9.778111e-09 -3.052531e-08
