1.958386e-08 -7.904079e-08
-5.930537e-08 -1.208255e-07
-1.674713e-07 -7.294050e-08
-2.012333e-07 6.522159e-08
-1.059388e-07 1.879358e-07
4.676433e-08 1.920747e-07
1.362540e-07 9.117762e-08
1.216299e-07 -1.424483e-08
6.019578e-08 -5.440229e-08
2.072731e-08 -4.367175e-08
1.510037e-08 -3.250118e-08
1.176583e-08 -4.180133e-08
-1.187648e-08 -5.173381e-08
-4.367723e-08 -3.717734e-08
-5.522158e-08 -4.849108e-10
-3.584091e-08 3.094618e-08
-4.707410e-09 3.476335e-08
1.045030e-08 1.727146e-08
3.626224e-09 4.479575e-09
-4.994791e-09 1.098200e-08
4.380263e-09 2.350111e-08
2.587959e-08 1.897169e-08
3.522691e-08 -5.410216e-09
2.018591e-08 -2.786547e-08
-4.390975e-09 -2.855286e-08
-1.553610e-08 -1.286686e-08
-1.005611e-08 -2.188132e-09
-5.389897e-09 -5.303944e-09
-1.358040e-08 -8.472136e-09
-2.391580e-08 3.393095e-09
-1.758701e-08 2.371346e-08
5.679796e-09 3.090325e-08
2.518122e-08 1.592879e-08
2.434324e-08 -6.119220e-09
9.825493e-09 -1.536378e-08
1.167165e-10 -1.077260e-08
7.715830e-10 -7.089906e-09
1.665385e-10 -1.160905e-08
-1.032353e-08 -1.409619e-08
-2.156497e-08 -3.103053e-09
-1.823484e-08 1.540052e-08
-1.997881e-10 2.361363e-08
1.599384e-08 1.400259e-08
1.714579e-08 -2.069515e-09
7.706223e-09 -9.629962e-09
7.371792e-10 -7.456020e-09
2.477604e-10 -5.208766e-09
-8.888263e-10 -7.375023e-09
-7.265523e-09 -7.684451e-09
-1.282722e-08 -2.885398e-10
-9.427738e-09 1.003647e-08
1.294101e-09 1.330890e-08
9.542513e-09 6.984728e-09
9.323044e-09 -1.671307e-09
4.171608e-09 -5.334268e-09
5.767816e-10 -4.333832e-09
-1.752236e-10 -3.311748e-09
-1.238603e-09 -3.751250e-09
-3.879478e-09 -3.023987e-09
-5.432390e-09 4.027577e-10
-3.494500e-09 4.098163e-09
