2.091998e-08 -7.602990e-08
-5.462100e-08 -1.154811e-07
-1.566408e-07 -6.992806e-08
-1.887349e-07 5.915493e-08
-1.013984e-07 1.739981e-07
3.974498e-08 1.799341e-07
1.239886e-07 8.862601e-08
1.130019e-07 -8.105267e-09
5.884557e-08 -4.598268e-08
2.440307e-08 -3.825610e-08
1.966010e-08 -3.125783e-08
1.465134e-08 -4.288419e-08
-1.058059e-08 -5.287326e-08
-4.242344e-08 -3.783050e-08
-5.341837e-08 -1.975438e-09
-3.504624e-08 2.768699e-08
-6.765888e-09 3.127389e-08
6.251917e-09 1.637096e-08
3.859013e-10 6.913727e-09
-5.173258e-09 1.435826e-08
6.153901e-09 2.510996e-08
2.710953e-08 1.876838e-08
3.525836e-08 -5.504413e-09
2.050625e-08 -2.701212e-08
-2.786484e-09 -2.806903e-08
-1.379700e-08 -1.411486e-08
-9.983814e-09 -4.485225e-09
-7.082055e-09 -6.682020e-09
-1.538342e-08 -8.038150e-09
-2.447991e-08 4.664033e-09
-1.718440e-08 2.448113e-08
6.018472e-09 3.100414e-08
2.517351e-08 1.607696e-08
2.456686e-08 -5.666530e-09
1.058327e-08 -1.520041e-08
8.174278e-10 -1.140008e-08
6.546201e-10 -8.088480e-09
-6.973537e-10 -1.207093e-08
-1.110294e-08 -1.369583e-08
-2.165742e-08 -2.398713e-09
-1.786452e-08 1.573569e-08
5.633366e-11 2.355257e-08
1.599806e-08 1.397890e-08
1.724572e-08 -1.898816e-09
8.085204e-09 -9.602011e-09
1.058600e-09 -7.848447e-09
9.507463e-11 -5.758048e-09
-1.423614e-09 -7.563928e-09
-7.674500e-09 -7.387775e-09
-1.281150e-08 1.093914e-10
-9.196165e-09 1.016554e-08
1.395152e-09 1.322849e-08
9.487662e-09 6.977770e-09
9.344776e-09 -1.543710e-09
4.358545e-09 -5.280427e-09
7.415251e-10 -4.486205e-09
-2.160507e-10 -3.527812e-09
-1.414851e-09 -3.816886e-09
-3.983582e-09 -2.930540e-09
-5.395186e-09 4.851169e-10
-3.438019e-09 4.066960e-09
