-5.307096e-09 -1.846226e-09
-1.248116e-08 2.989298e-09
-1.376061e-08 1.542307e-08
-2.456789e-09 2.605370e-08
1.521188e-08 2.391750e-08
2.584306e-08 8.554117e-09
2.139526e-08 -8.399744e-09
8.311331e-09 -1.386649e-08
1.111934e-09 -8.132797e-09
4.684145e-09 -4.565586e-09
7.784714e-09 -1.200387e-08
-2.144759e-09 -2.188063e-08
-2.088614e-08 -1.788896e-08
-2.995150e-08 2.694914e-09
-1.822484e-08 2.307171e-08
3.733889e-09 2.532281e-08
1.552003e-08 1.123696e-08
1.098644e-08 -8.818070e-10
3.954612e-09 4.211859e-11
7.805469e-09 4.458947e-09
1.625187e-08 -2.636334e-09
1.212807e-08 -1.848539e-08
-7.204960e-09 -2.409396e-08
-2.343378e-08 -9.647433e-09
-1.996599e-08 1.110789e-08
-2.984772e-09 1.790596e-08
7.839983e-09 9.062939e-09
5.220636e-09 5.490073e-10
7.531479e-10 2.254171e-09
5.140239e-09 5.847849e-09
1.220414e-08 -1.640052e-10
8.971247e-09 -1.196304e-08
-4.460618e-09 -1.526461e-08
-1.420075e-08 -5.285490e-09
-1.093096e-08 6.982825e-09
-9.217677e-10 9.708067e-09
4.118615e-09 4.322829e-09
2.188595e-09 5.581757e-10
6.601716e-10 2.057573e-09
3.767327e-09 3.146307e-09
6.868311e-09 -9.872579e-10
4.160598e-09 -6.818583e-09
-2.690341e-09 -7.593382e-09
-6.845178e-09 -2.459254e-09
-5.055580e-09 2.959256e-09
-7.737324e-10 3.999149e-09
1.212966e-09 1.830997e-09
4.155037e-10 4.549681e-10
-1.897177e-10 1.219969e-09
1.123208e-09 1.964029e-09
2.803379e-09 6.694050e-10
2.511613e-09 -1.784454e-09
2.347807e-10 -2.903098e-09
-1.790373e-09 -1.689822e-09
-1.802217e-09 3.218254e-10
-4.086107e-10 1.055376e-09
4.447820e-10 2.731709e-10
-6.675948e-11 -4.679078e-10
-8.351385e-10 -7.197016e-12
-5.151583e-10 9.721473e-10
6.314554e-10 1.028267e-09
