5.202503e-07 7.954621e-07
2.236117e-06 3.750939e-07
2.772533e-06 -2.248056e-06
1.086357e-07 -4.235225e-06
-3.157285e-06 -2.765415e-06
-3.611851e-06 6.138491e-07
-1.378696e-06 2.497016e-06
7.710858e-07 1.775603e-06
1.027903e-06 2.102280e-07
1.447943e-07 -2.728735e-07
-2.095263e-07 3.098900e-07
3.858900e-07 6.581045e-07
9.756824e-07 9.541745e-08
7.125265e-07 -7.532134e-07
-1.379007e-07 -9.533574e-07
-6.881347e-07 -3.999225e-07
-5.303761e-07 2.128122e-07
-8.123084e-08 3.143466e-07
7.125325e-08 5.378342e-08
-1.199304e-07 -5.178340e-08
-2.324494e-07 1.695457e-07
-6.500020e-09 3.877353e-07
3.304070e-07 2.709445e-07
4.030000e-07 -8.207384e-08
1.671648e-07 -3.084303e-07
-8.979862e-08 -2.450670e-07
-1.440153e-07 -6.708996e-08
-6.484694e-08 2.690727e-09
-3.848431e-08 -3.667995e-08
-1.013970e-07 -3.879574e-08
-1.356621e-07 5.331359e-08
-6.301081e-08 1.461897e-07
5.688521e-08 1.413313e-07
1.200479e-07 5.354377e-08
9.852309e-08 -3.147264e-08
4.200474e-08 -6.159067e-08
2.282779e-09 -4.947281e-08
-9.607567e-09 -3.010981e-08
-9.157782e-09 -2.194424e-08
-1.263598e-08 -2.294837e-08
-2.546791e-08 -2.084271e-08
-3.879628e-08 -4.521265e-09
-3.566695e-08 2.234245e-08
-1.087067e-08 3.908234e-08
1.664232e-08 2.973201e-08
2.247978e-08 5.761337e-09
7.903208e-09 -5.142114e-09
-7.396740e-10 5.203930e-09
1.215744e-08 1.421406e-08
2.901915e-08 1.284424e-10
2.279143e-08 -2.637881e-08
-5.335126e-09 -3.521970e-08
-2.661305e-08 -1.679360e-08
-2.239627e-08 6.315061e-09
-6.468114e-09 1.067850e-08
-2.837013e-09 1.859107e-09
-1.193388e-08 2.541845e-09
-1.217022e-08 1.787086e-08
7.049696e-09 2.722677e-08
2.800501e-08 1.324631e-08
2.713749e-08 -1.290362e-08
