3.618331e-06 -4.834785e-06
-1.277192e-06 -8.532982e-06
-7.742305e-06 -5.994752e-06
-9.278774e-06 6.690744e-07
-5.595546e-06 5.324567e-06
-1.122960e-06 5.634098e-06
1.006725e-06 3.873401e-06
1.474391e-06 2.858933e-06
2.449944e-06 2.580260e-06
4.035606e-06 1.149210e-06
4.183612e-06 -1.777636e-06
1.837159e-06 -4.054358e-06
-1.325958e-06 -3.720828e-06
-2.829582e-06 -1.413765e-06
-2.165743e-06 5.875556e-07
-8.737477e-07 1.041845e-06
-3.484361e-07 6.624396e-07
-4.365477e-07 6.305604e-07
-2.151127e-07 1.052513e-06
5.656936e-07 1.155306e-06
1.245316e-06 5.048593e-07
1.182040e-06 -4.495762e-07
4.900668e-07 -9.699425e-07
-1.979045e-07 -8.298943e-07
-4.569428e-07 -4.052553e-07
-3.989673e-07 -1.302599e-07
-3.562265e-07 -4.957682e-08
-4.185612e-07 7.414075e-08
-3.807420e-07 3.439630e-07
-8.733219e-08 5.599593e-07
3.106966e-07 4.785006e-07
5.100591e-07 1.313839e-07
3.974462e-07 -2.042048e-07
1.427125e-07 -3.180353e-07
-3.540010e-08 -2.524320e-07
-9.637546e-08 -1.681801e-07
-1.343999e-07 -1.240066e-07
-1.915777e-07 -5.785769e-08
-2.041422e-07 6.465538e-08
-1.182436e-07 1.759829e-07
1.996551e-08 1.924680e-07
1.163049e-07 1.152639e-07
1.284018e-07 1.635944e-08
8.588027e-08 -4.387325e-08
3.763400e-08 -5.722863e-08
9.092463e-09 -4.661624e-08
-2.545188e-10 -3.558139e-08
-4.722296e-09 -3.490297e-08
-1.910545e-08 -3.775654e-08
-4.182709e-08 -2.625543e-08
-5.158676e-08 5.020544e-09
-3.279500e-08 3.458988e-08
-1.069878e-09 3.683046e-08
1.239715e-08 1.700521e-08
2.159327e-09 6.362394e-09
-3.686811e-09 1.890582e-08
1.596500e-08 3.074677e-08
4.306353e-08 1.368741e-08
4.331314e-08 -2.368547e-08
1.225895e-08 -4.537125e-08
-1.928851e-08 -3.388879e-08
