-1.606809e-07 3.612796e-09
-3.243879e-07 1.642241e-09
-6.719437e-07 2.618882e-07
-5.855041e-07 1.014434e-06
3.780763e-07 1.423971e-06
1.379587e-06 7.377981e-07
1.383844e-06 -4.835359e-07
5.030440e-07 -1.122632e-06
-3.146018e-07 -8.642888e-07
-5.080892e-07 -3.214549e-07
-3.554973e-07 -7.771185e-08
-3.308551e-07 -6.341432e-08
-4.402246e-07 8.691946e-08
-3.579704e-07 4.076598e-07
1.327368e-08 5.748361e-07
3.866291e-07 3.855936e-07
4.703522e-07 1.795482e-08
2.958600e-07 -2.249586e-07
9.470148e-08 -2.603305e-07
-1.317458e-08 -2.169775e-07
-8.493632e-08 -1.878729e-07
-1.736466e-07 -1.323129e-07
-2.236956e-07 -7.605424e-09
-1.703521e-07 1.256292e-07
-4.891339e-08 1.773488e-07
5.070114e-08 1.405193e-07
9.099095e-08 7.657436e-08
9.771200e-08 2.504793e-08
9.172581e-08 -2.032425e-08
6.397388e-08 -6.218390e-08
1.480938e-08 -7.862592e-08
-2.720489e-08 -5.949771e-08
-4.017914e-08 -2.773056e-08
-3.519902e-08 -8.522578e-09
-3.261982e-08 6.173788e-10
-3.162714e-08 1.395106e-08
-1.997060e-08 2.894445e-08
-1.428769e-10 3.187463e-08
1.322825e-08 2.213244e-08
1.614349e-08 1.236243e-08
1.793232e-08 7.388621e-09
2.198909e-08 -5.252597e-10
1.947040e-08 -1.388755e-08
6.139667e-09 -2.201059e-08
-7.335402e-09 -1.699730e-08
-9.831503e-09 -7.011549e-09
-6.078234e-09 -4.517699e-09
-8.669936e-09 -7.507653e-09
-1.772889e-08 -2.947670e-09
-1.922902e-08 1.234936e-08
-5.093276e-09 2.441917e-08
1.371285e-08 1.964746e-08
1.991781e-08 2.943987e-09
1.135508e-08 -8.370465e-09
2.296281e-09 -6.587756e-09
3.425355e-09 -1.943556e-09
7.825916e-09 -6.530217e-09
1.944284e-09 -1.615175e-08
-1.360697e-08 -1.536593e-08
-2.246576e-08 6.547929e-10
-1.335623e-08 1.748778e-08
