1.168154e-08 9.458677e-10
1.699593e-08 -7.398304e-09
1.681748e-08 -2.192206e-08
2.913573e-09 -3.802214e-08
-2.551222e-08 -4.011062e-08
-5.037770e-08 -1.709326e-08
-5.037994e-08 1.822584e-08
-2.772751e-08 4.041521e-08
-4.268915e-09 4.237075e-08
1.010008e-08 3.920339e-08
2.758570e-08 3.801867e-08
5.357325e-08 2.271556e-08
6.564099e-08 -1.779513e-08
3.986520e-08 -6.062599e-08
-1.096793e-08 -6.939533e-08
-4.698740e-08 -3.974478e-08
-4.879342e-08 -3.767557e-09
-3.531537e-08 1.333398e-08
-2.893171e-08 2.069562e-08
-2.288366e-08 3.633158e-08
1.595521e-09 5.209705e-08
3.847645e-08 4.321208e-08
5.789687e-08 6.349325e-09
4.329197e-08 -3.104520e-08
1.129535e-08 -4.272219e-08
-1.069644e-08 -3.155202e-08
-1.566987e-08 -1.892935e-08
-1.761266e-08 -1.536677e-08
-2.719104e-08 -1.122301e-08
-3.660996e-08 5.558593e-09
-3.007783e-08 3.059653e-08
-4.376578e-09 4.548607e-08
2.489736e-08 3.737120e-08
3.847727e-08 1.320954e-08
3.324449e-08 -7.953325e-09
2.318524e-08 -1.675851e-08
1.886486e-08 -2.254935e-08
1.172161e-08 -3.597405e-08
-1.273593e-08 -4.741783e-08
-4.775163e-08 -3.437182e-08
-6.404427e-08 6.836698e-09
-4.277791e-08 4.822151e-08
-7.289885e-10 5.892554e-08
2.888182e-08 4.006476e-08
3.562976e-08 1.806186e-08
3.708281e-08 6.292699e-09
4.430862e-08 -9.270818e-09
4.052469e-08 -3.995300e-08
6.725383e-09 -6.622941e-08
-4.262164e-08 -5.698134e-08
-6.852220e-08 -1.190850e-08
-5.244953e-08 3.331506e-08
-1.637467e-08 4.803679e-08
8.170247e-09 3.813128e-08
1.711377e-08 2.786567e-08
2.743800e-08 2.277316e-08
4.264419e-08 7.225932e-09
4.353967e-08 -2.390622e-08
1.699352e-08 -4.935816e-08
-2.082569e-08 -4.564461e-08
-4.078049e-08 -1.684887e-08
