1.827622e-07 -2.811824e-06
-5.455052e-06 -5.587212e-06
-1.177775e-05 1.421724e-07
-8.170784e-06 7.393921e-06
-2.733416e-06 6.885384e-06
-2.481407e-06 5.663084e-06
-1.568528e-06 8.665303e-06
4.556929e-06 1.070775e-05
1.187554e-05 6.247405e-06
1.371666e-05 -3.167731e-06
8.111643e-06 -1.117449e-05
-1.097356e-06 -1.278031e-05
-8.054281e-06 -7.941372e-06
-9.378217e-06 -8.252420e-07
-6.197939e-06 3.911726e-06
-2.324914e-06 4.816972e-06
-2.678212e-07 3.938554e-06
6.810715e-07 3.555007e-06
2.286750e-06 3.395255e-06
4.291176e-06 1.737145e-06
4.605650e-06 -1.489462e-06
2.277473e-06 -4.042195e-06
-9.991778e-07 -3.957788e-06
-2.763107e-06 -1.782733e-06
-2.383814e-06 3.208810e-07
-1.187375e-06 1.058374e-06
-4.957274e-07 9.089750e-07
-3.232836e-07 8.681551e-07
1.870315e-08 1.092934e-06
7.176637e-07 1.018823e-06
1.247877e-06 3.423902e-07
1.110857e-06 -5.418235e-07
4.197967e-07 -1.014222e-06
-2.807253e-07 -8.662880e-07
-5.837732e-07 -3.979022e-07
-5.181229e-07 -1.820236e-08
-3.624921e-07 1.376468e-07
-2.821924e-07 2.116890e-07
-1.986304e-07 3.383170e-07
1.685872e-08 4.445335e-07
3.080428e-07 3.597256e-07
4.616722e-07 6.749679e-08
3.538591e-07 -2.351186e-07
9.374046e-08 -3.443422e-07
-1.085733e-07 -2.536482e-07
-1.637315e-07 -1.130939e-07
-1.432514e-07 -3.310918e-08
-1.346583e-07 6.373931e-09
-1.317522e-07 6.557675e-08
-8.120878e-08 1.367602e-07
1.877395e-08 1.588326e-07
1.072355e-07 1.036530e-07
1.292555e-07 9.983935e-09
8.619635e-08 -5.996534e-08
2.277169e-08 -7.466678e-08
-1.606208e-08 -4.823837e-08
-1.735202e-08 -1.941716e-08
-4.351227e-09 -1.603919e-08
-9.637519e-09 -2.981159e-08
-3.684136e-08 -2.758324e-08
-5.393402e-08 5.701919e-09
