9.420442e-07 2.747617e-07
1.479783e-06 -8.044999e-07
6.539945e-07 -2.333818e-06
-1.529401e-06 -2.552607e-06
-3.115037e-06 -6.709237e-07
-2.475942e-06 1.696663e-06
-4.594240e-07 2.396529e-06
7.267227e-07 1.428076e-06
4.631713e-07 7.288970e-07
3.911758e-07 1.261431e-06
1.756852e-06 1.539948e-06
3.218421e-06 -1.423454e-07
2.452742e-06 -2.877532e-06
-5.160130e-07 -3.890499e-06
-2.991304e-06 -2.063023e-06
-2.896324e-06 6.059801e-07
-1.201926e-06 1.627232e-06
-2.521836e-07 1.059788e-06
-5.222906e-07 8.562272e-07
-3.560069e-07 1.737990e-06
1.219078e-06 2.168306e-06
2.819294e-06 7.351377e-07
2.517987e-06 -1.629542e-06
4.570697e-07 -2.724034e-06
-1.359934e-06 -1.816171e-06
-1.597900e-06 -2.939637e-07
-9.153074e-07 3.576326e-07
-6.011925e-07 2.640857e-07
-7.695135e-07 4.449633e-07
-5.428910e-07 1.097730e-06
4.062612e-07 1.369618e-06
1.293134e-06 6.821505e-07
1.273328e-06 -4.244073e-07
4.903503e-07 -9.971663e-07
-2.322863e-07 -7.902087e-07
-4.262471e-07 -3.355390e-07
-3.310886e-07 -1.167064e-07
-3.263031e-07 -6.854218e-08
-3.987856e-07 9.022474e-08
-2.972644e-07 3.565513e-07
1.994343e-08 4.690529e-07
3.087966e-07 2.970817e-07
3.558633e-07 4.040743e-09
2.051718e-07 -1.742584e-07
4.474395e-08 -1.804365e-07
-2.375361e-08 -1.214192e-07
-4.046184e-08 -9.022271e-08
-7.049362e-08 -7.722996e-08
-1.097178e-07 -3.444669e-08
-1.111716e-07 3.846976e-08
-5.878980e-08 9.396953e-08
1.185631e-08 9.593057e-08
5.482910e-08 5.574825e-08
5.766437e-08 1.243216e-08
4.236915e-08 -9.620464e-09
3.240622e-08 -1.742794e-08
2.727043e-08 -2.883514e-08
1.132857e-08 -4.438697e-08
-1.866326e-08 -4.642478e-08
-4.426933e-08 -2.415611e-08
-4.589971e-08 9.512794e-09
