-3.894366e-07 8.352393e-08
-3.312042e-07 4.920686e-07
6.865681e-08 7.034281e-07
4.636820e-07 5.627447e-07
6.583946e-07 2.753125e-07
7.296682e-07 -3.752007e-09
7.614774e-07 -3.247740e-07
6.392641e-07 -7.781080e-07
1.378390e-07 -1.215382e-06
-7.180266e-07 -1.228913e-06
-1.460316e-06 -5.550508e-07
-1.522475e-06 5.182512e-07
-8.264034e-07 1.309129e-06
1.010388e-07 1.391427e-06
6.940057e-07 9.821518e-07
9.222766e-07 5.628178e-07
1.125910e-06 2.209052e-07
1.335603e-06 -3.743456e-07
1.071115e-06 -1.286880e-06
1.336500e-08 -1.901465e-06
-1.323512e-06 -1.505392e-06
-1.943759e-06 -2.129730e-07
-1.434660e-06 1.018594e-06
-3.988529e-07 1.400259e-06
3.136349e-07 1.082078e-06
5.514856e-07 7.280253e-07
7.672527e-07 5.557508e-07
1.134636e-06 1.753539e-07
1.193231e-06 -6.284876e-07
5.205960e-07 -1.362275e-06
-5.507192e-07 -1.337932e-06
-1.203994e-06 -5.372685e-07
-1.045378e-06 3.445635e-07
-4.593414e-07 7.022545e-07
-3.147659e-08 5.983353e-07
1.172150e-07 4.569547e-07
2.605943e-07 4.265663e-07
5.166678e-07 2.841008e-07
6.438448e-07 -1.088393e-07
4.077558e-07 -5.192256e-07
-5.852409e-08 -6.082580e-07
-3.911106e-07 -3.409208e-07
-4.031149e-07 3.167613e-09
-2.281837e-07 1.734780e-07
-8.535214e-08 1.758725e-07
-2.905410e-08 1.541827e-07
2.555804e-08 1.640650e-07
1.197746e-07 1.399074e-07
1.861567e-07 3.550108e-08
1.533666e-07 -9.098927e-08
4.555888e-08 -1.470984e-07
-4.950247e-08 -1.117069e-07
-7.848506e-08 -4.181286e-08
-5.994198e-08 3.414788e-09
-3.838767e-08 1.586994e-08
-3.060950e-08 2.106751e-08
-2.265886e-08 3.388596e-08
-1.556626e-09 4.410997e-08
2.509285e-08 3.654266e-08
3.929980e-08 1.234684e-08
3.337237e-08 -1.229027e-08
