8.714021e-09 1.094422e-08
2.110307e-08 4.053009e-09
2.442119e-08 -1.237995e-08
1.405756e-08 -2.698456e-08
-3.308954e-09 -3.021852e-08
-1.660325e-08 -2.219285e-08
-2.083641e-08 -1.185818e-08
-2.196314e-08 -6.181854e-09
-2.767159e-08 -4.700590e-10
-3.350176e-08 1.561012e-08
-2.388298e-08 4.050179e-08
8.100562e-09 5.448560e-08
4.512411e-08 3.844204e-08
5.853445e-08 -1.276583e-09
3.933311e-08 -3.525355e-08
8.426337e-09 -4.247433e-08
-9.571451e-09 -3.180053e-08
-1.505649e-08 -2.456767e-08
-2.545494e-08 -2.279947e-08
-4.298802e-08 -8.708723e-09
-4.626676e-08 2.381826e-08
-1.963134e-08 5.240824e-08
2.119702e-08 5.047479e-08
4.428929e-08 2.019752e-08
3.760222e-08 -1.039232e-08
1.865265e-08 -2.091635e-08
8.469582e-09 -1.809691e-08
6.834938e-09 -1.951877e-08
-1.183206e-09 -2.765862e-08
-2.080188e-08 -2.794176e-08
-3.827471e-08 -9.777759e-09
-3.664651e-08 1.797470e-08
-1.559690e-08 3.536513e-08
8.039627e-09 3.247037e-08
1.889551e-08 1.858130e-08
1.888334e-08 9.190726e-09
2.133647e-08 6.442457e-09
3.026923e-08 -2.390521e-09
3.157915e-08 -2.488674e-08
1.034573e-08 -4.732122e-08
-2.603591e-08 -4.640068e-08
-5.072877e-08 -1.729956e-08
-4.618008e-08 1.820689e-08
-2.267186e-08 3.602095e-08
-2.335910e-09 3.529900e-08
9.003931e-09 3.179154e-08
2.314578e-08 3.034376e-08
4.377181e-08 1.735107e-08
5.304827e-08 -1.534180e-08
3.259971e-08 -5.027564e-08
-9.254036e-09 -5.937469e-08
-4.271508e-08 -3.599975e-08
-4.844019e-08 -1.539356e-09
-3.445431e-08 2.088294e-08
-1.883320e-08 2.923310e-08
-5.783192e-09 3.410265e-08
1.231475e-08 3.644832e-08
3.447436e-08 2.547757e-08
4.521405e-08 -1.935676e-09
3.261349e-08 -3.048563e-08
4.580106e-09 -4.087393e-08
