-6.392894e-07 -9.467634e-07
-1.997668e-06 2.405392e-07
-3.177263e-06 2.891722e-06
-2.020033e-06 8.905999e-06
7.750721e-06 1.311218e-05
1.983281e-05 4.242787e-06
1.846676e-05 -1.371632e-05
1.867957e-06 -2.303576e-05
-1.433925e-05 -1.519406e-05
-1.697690e-05 -1.679048e-07
-9.188409e-06 8.077201e-06
-2.319320e-06 7.445798e-06
-7.198398e-07 5.459295e-06
2.918091e-07 6.429897e-06
4.509673e-06 6.861361e-06
8.895457e-06 2.670591e-06
8.416530e-06 -4.157203e-06
2.985274e-06 -8.111717e-06
-2.787793e-06 -6.791152e-06
-5.146914e-06 -2.691909e-06
-4.317517e-06 6.170071e-07
-2.584516e-06 1.995236e-06
-1.247964e-06 2.348901e-06
-1.238035e-07 2.442529e-06
1.076945e-06 2.109753e-06
1.975283e-06 1.090356e-06
2.045598e-06 -2.607179e-07
1.298482e-06 -1.254368e-06
2.547183e-07 -1.500951e-06
-5.396526e-07 -1.122103e-06
-8.566101e-07 -5.062533e-07
-7.846155e-07 1.388710e-08
-5.379814e-07 3.108548e-07
-2.787127e-07 4.230687e-07
-5.883613e-08 4.300730e-07
1.242202e-07 3.682181e-07
2.577099e-07 2.428889e-07
3.117509e-07 7.901109e-08
2.805974e-07 -7.426863e-08
1.920989e-07 -1.807314e-07
7.778421e-08 -2.322799e-07
-4.260349e-08 -2.286962e-07
-1.460681e-07 -1.677991e-07
-2.011190e-07 -6.295417e-08
-1.904015e-07 4.904644e-08
-1.268902e-07 1.304149e-07
-3.942536e-08 1.647869e-07
4.791746e-08 1.529257e-07
1.159996e-07 1.000657e-07
1.444435e-07 1.945979e-08
1.219289e-07 -6.032917e-08
6.115108e-08 -1.076911e-07
-7.274349e-09 -1.101922e-07
-5.740292e-08 -7.901875e-08
-8.014010e-08 -3.352650e-08
-7.726633e-08 1.145384e-08
-5.396666e-08 4.533933e-08
-1.934471e-08 6.002177e-08
1.370890e-08 5.384529e-08
3.475687e-08 3.352084e-08
4.056520e-08 9.083005e-09
