-3.528258e-06 -1.038919e-06
-5.653392e-06 2.434637e-06
-3.977777e-06 7.780366e-06
2.223346e-06 1.070081e-05
9.579231e-06 7.790228e-06
1.271899e-05 -1.380130e-07
9.277754e-06 -7.766662e-06
2.365817e-06 -1.061816e-05
-3.641601e-06 -8.851587e-06
-7.035277e-06 -4.852696e-06
-7.837861e-06 -1.900903e-07
-6.019401e-06 3.995337e-06
-2.192235e-06 6.084280e-06
1.608077e-06 5.257383e-06
3.474010e-06 2.737055e-06
3.435970e-06 4.995732e-07
2.786972e-06 -8.083623e-07
2.102772e-06 -1.804543e-06
9.172995e-07 -2.685629e-06
-8.552113e-07 -2.706594e-06
-2.237801e-06 -1.435707e-06
-2.277547e-06 3.328678e-07
-1.209647e-06 1.372642e-06
-9.960570e-08 1.324883e-06
3.799044e-07 8.121224e-07
4.260778e-07 4.855368e-07
5.074594e-07 3.703460e-07
6.982690e-07 1.410685e-07
7.148765e-07 -2.952147e-07
3.845057e-07 -6.729342e-07
-1.162586e-07 -7.102019e-07
-4.615407e-07 -4.177961e-07
-5.012927e-07 -5.149767e-08
-3.503414e-07 1.673219e-07
-2.002324e-07 2.313471e-07
-1.064043e-07 2.617138e-07
1.046504e-08 3.050740e-07
1.893340e-07 2.772129e-07
3.312632e-07 1.080598e-07
3.107738e-07 -1.250371e-07
1.384685e-07 -2.629909e-07
-4.600398e-08 -2.389906e-07
-1.319554e-07 -1.310093e-07
-1.333567e-07 -4.392515e-08
-1.201269e-07 3.215478e-09
-1.108928e-07 5.035006e-08
-7.273731e-08 1.050176e-07
2.994743e-09 1.266244e-07
7.378740e-08 8.972867e-08
9.623731e-08 2.161024e-08
7.160407e-08 -3.098838e-08
3.249620e-08 -4.813462e-08
4.990591e-09 -4.103787e-08
-5.862212e-09 -2.878826e-08
-8.089005e-09 -2.279504e-08
-1.304654e-08 -2.332979e-08
-2.620384e-08 -2.030731e-08
-3.874194e-08 -3.146210e-09
-3.409215e-08 2.299012e-08
-9.752869e-09 3.734612e-08
1.434855e-08 2.775177e-08
