2.624007e-06 8.570361e-06
1.348654e-05 6.441100e-06
1.897582e-05 -7.906375e-06
7.561455e-06 -2.249738e-05
-1.208534e-05 -2.029390e-05
-2.025206e-05 -3.415562e-06
-1.177138e-05 9.807944e-06
-4.604177e-07 8.949426e-06
1.114123e-06 2.418261e-06
-3.022104e-06 2.589501e-06
-1.373812e-06 8.326869e-06
7.195297e-06 8.712210e-06
1.237451e-05 -3.219857e-08
7.391415e-06 -9.223756e-06
-2.177052e-06 -9.753658e-06
-6.602907e-06 -3.262274e-06
-4.041384e-06 1.802387e-06
-5.640360e-07 1.519020e-06
-7.069824e-07 -4.028972e-07
-2.466115e-06 3.716093e-07
-1.845518e-06 2.953151e-06
1.201719e-06 3.605850e-06
3.332970e-06 1.287557e-06
2.597715e-06 -1.433473e-06
4.526514e-07 -2.111454e-06
-7.404082e-07 -1.080450e-06
-5.224700e-07 -1.827011e-07
-1.006826e-07 -2.282828e-07
-3.284691e-07 -5.111476e-07
-8.208605e-07 -2.331068e-07
-8.254602e-07 4.584901e-07
-2.493503e-07 8.761234e-07
3.732164e-07 6.991749e-07
5.887604e-07 2.175325e-07
4.333151e-07 -1.288404e-07
2.227677e-07 -2.078055e-07
1.413339e-07 -1.926954e-07
1.059068e-07 -2.507928e-07
-3.464310e-08 -3.351444e-07
-2.632884e-07 -2.812163e-07
-4.000762e-07 -4.372772e-08
-3.154883e-07 2.248914e-07
-7.928792e-08 3.364441e-07
1.255097e-07 2.580857e-07
1.961341e-07 1.095556e-07
1.746153e-07 4.114320e-09
1.419478e-07 -5.226456e-08
1.108776e-07 -1.056526e-07
4.513232e-08 -1.570463e-07
-5.649934e-08 -1.587203e-07
-1.385869e-07 -8.692899e-08
-1.480095e-07 1.857953e-08
-8.850073e-08 9.227237e-08
-1.079992e-08 1.023507e-07
3.764116e-08 6.787905e-08
4.714293e-08 2.888547e-08
3.921527e-08 8.079368e-09
3.539116e-08 -9.205171e-10
3.533666e-08 -1.428088e-08
2.471239e-08 -3.274483e-08
6.938745e-11 -4.030291e-08
