3.880338e-08 1.381777e-07
1.886163e-07 1.195353e-07
2.931544e-07 -3.589260e-08
2.475520e-07 -2.486069e-07
4.374688e-08 -3.799476e-07
-2.014283e-07 -3.266550e-07
-3.313285e-07 -1.327639e-07
-3.099333e-07 5.810482e-08
-2.239735e-07 1.699382e-07
-1.387861e-07 2.385096e-07
-2.936022e-08 3.007243e-07
1.389030e-07 3.129471e-07
3.177041e-07 2.059343e-07
4.005543e-07 -1.176820e-08
3.283652e-07 -2.394225e-07
1.441499e-07 -3.734075e-07
-6.317933e-08 -3.885645e-07
-2.452530e-07 -3.171925e-07
-3.948655e-07 -1.708292e-07
-4.710420e-07 6.700075e-08
-3.843228e-07 3.531729e-07
-1.042403e-07 5.426950e-07
2.473202e-07 4.996956e-07
4.758558e-07 2.463114e-07
4.947710e-07 -5.525660e-08
3.741124e-07 -2.762976e-07
2.015124e-07 -4.148911e-07
-2.701330e-08 -4.918901e-07
-3.196292e-07 -4.365045e-07
-5.549946e-07 -1.697193e-07
-5.488086e-07 2.213671e-07
-2.708879e-07 4.988055e-07
8.777284e-08 5.040339e-07
3.104635e-07 3.096333e-07
3.603464e-07 9.645688e-08
3.372939e-07 -6.125743e-08
2.848512e-07 -2.118851e-07
1.411972e-07 -3.602732e-07
-1.105687e-07 -3.960222e-07
-3.395505e-07 -2.334140e-07
-3.831783e-07 4.303065e-08
-2.307155e-07 2.445368e-07
-2.726388e-08 2.729078e-07
9.635147e-08 1.920875e-07
1.384023e-07 1.084598e-07
1.610052e-07 4.384731e-08
1.719600e-07 -4.052711e-08
1.234315e-07 -1.396667e-07
6.663389e-09 -1.854689e-07
-1.086232e-07 -1.333169e-07
-1.458213e-07 -2.446808e-08
-1.020666e-07 5.915704e-08
-3.641120e-08 8.027913e-08
4.264745e-09 6.467852e-08
2.231952e-08 4.840997e-08
3.869494e-08 3.524294e-08
5.330490e-08 1.077611e-08
4.891667e-08 -2.316617e-08
2.125444e-08 -4.541353e-08
-1.126153e-08 -4.153018e-08
-2.775458e-08 -1.992711e-08
