1.675377e-07 -1.104223e-06
-1.298687e-06 -1.643270e-06
-2.598345e-06 -3.747302e-07
-2.188727e-06 1.184170e-06
-1.269118e-06 1.669144e-06
-8.738885e-07 1.888608e-06
-3.172495e-07 2.657641e-06
1.383785e-06 3.282237e-06
3.812883e-06 2.284932e-06
5.108427e-06 -7.518140e-07
3.675407e-06 -4.246960e-06
-3.817255e-08 -5.741320e-06
-3.640867e-06 -4.141430e-06
-4.899142e-06 -7.876249e-07
-3.721633e-06 1.911748e-06
-1.839014e-06 2.848439e-06
-5.930094e-07 2.878801e-06
4.205411e-07 3.090867e-06
2.168890e-06 3.040137e-06
4.150351e-06 1.403262e-06
4.459078e-06 -1.773670e-06
2.113909e-06 -4.386384e-06
-1.378925e-06 -4.356869e-06
-3.430578e-06 -1.960845e-06
-3.073119e-06 5.668739e-07
-1.616628e-06 1.586804e-06
-6.713322e-07 1.504841e-06
-3.026969e-07 1.544595e-06
4.287109e-07 1.841987e-06
1.671907e-06 1.450620e-06
2.362119e-06 -2.646663e-08
1.636837e-06 -1.614239e-06
2.807897e-08 -2.047885e-06
-1.138625e-06 -1.216469e-06
-1.219893e-06 -1.213185e-07
-7.122516e-07 3.886957e-07
-3.611436e-07 3.939758e-07
-2.784565e-07 4.174986e-07
-9.871261e-08 5.947050e-07
3.132147e-07 6.043566e-07
6.456350e-07 2.437385e-07
5.837046e-07 -2.481733e-07
2.093551e-07 -4.891179e-07
-1.336879e-07 -3.839487e-07
-2.373025e-07 -1.496362e-07
-1.758731e-07 -8.548778e-09
-1.178771e-07 1.938832e-08
-1.154377e-07 3.823362e-08
-1.032992e-07 9.935319e-08
-2.955862e-08 1.535378e-07
7.274901e-08 1.373459e-07
1.318158e-07 5.416586e-08
1.162005e-07 -3.510167e-08
5.698737e-08 -7.750038e-08
5.746368e-09 -7.132175e-08
-1.619812e-08 -5.098012e-08
-2.576027e-08 -4.101255e-08
-4.355510e-08 -3.278477e-08
-6.256360e-08 -6.126319e-09
-5.763087e-08 3.583191e-08
-2.085155e-08 6.434619e-08
