-5.393152e-08 3.027717e-06
3.875979e-06 3.870315e-06
8.093638e-06 -3.509762e-07
6.341607e-06 -7.811407e-06
-1.870992e-06 -1.067502e-05
-8.836674e-06 -5.308417e-06
-8.213755e-06 2.559211e-06
-2.752524e-06 5.359002e-06
3.373034e-07 3.087889e-06
-6.953327e-07 1.772241e-06
-8.920541e-07 4.024687e-06
3.062386e-06 5.506522e-06
7.454350e-06 1.817877e-06
6.618353e-06 -4.639540e-06
7.929557e-07 -7.523638e-06
-4.227126e-06 -4.659500e-06
-4.525626e-06 -1.504217e-07
-2.121774e-06 1.553026e-06
-9.978531e-07 8.307247e-07
-1.634795e-06 8.727153e-07
-1.397640e-06 2.521123e-06
9.161246e-07 3.403682e-06
3.252332e-06 1.732052e-06
3.221995e-06 -1.136465e-06
1.144585e-06 -2.594898e-06
-7.355036e-07 -1.954466e-06
-1.138118e-06 -6.905858e-07
-7.533763e-07 -1.492907e-07
-6.714501e-07 -1.417751e-07
-8.928327e-07 1.493230e-07
-7.254865e-07 7.829777e-07
5.687185e-10 1.094456e-06
6.981936e-07 7.180002e-07
8.280043e-07 3.189886e-08
4.830235e-07 -3.907478e-07
1.124519e-07 -4.079851e-07
-4.228003e-08 -2.741185e-07
-7.781169e-08 -2.081653e-07
-1.476183e-07 -1.862686e-07
-2.432683e-07 -9.585036e-08
-2.578792e-07 6.717338e-08
-1.517525e-07 1.992906e-07
2.611050e-09 2.189496e-07
1.072598e-07 1.436148e-07
1.297450e-07 5.083617e-08
1.084411e-07 -6.242354e-09
8.949714e-08 -3.559360e-08
7.456643e-08 -6.956686e-08
3.415836e-08 -1.087379e-07
-3.799186e-08 -1.163478e-07
-1.025747e-07 -6.771154e-08
-1.144021e-07 1.173097e-08
-7.223310e-08 7.002102e-08
-1.543702e-08 8.192134e-08
2.271242e-08 6.420914e-08
4.182726e-08 4.211363e-08
5.451753e-08 1.946210e-08
5.866616e-08 -1.114986e-08
4.211933e-08 -4.336880e-08
6.566688e-09 -5.766569e-08
-2.764651e-08 -4.451281e-08
