4.159620e-08 -7.148348e-08
-3.156130e-08 -1.216632e-07
-1.395955e-07 -8.244187e-08
-1.774806e-07 4.458881e-08
-9.598733e-08 1.569745e-07
3.642156e-08 1.621654e-07
1.114463e-07 7.590077e-08
9.639502e-08 -1.048676e-08
4.616170e-08 -3.844673e-08
2.027679e-08 -2.699550e-08
2.232445e-08 -2.283387e-08
1.903770e-08 -3.918843e-08
-7.475168e-09 -5.149782e-08
-3.982061e-08 -3.645228e-08
-4.968415e-08 -1.137102e-09
-3.078285e-08 2.618591e-08
-4.243267e-09 2.743064e-08
5.934907e-09 1.229315e-08
-1.619691e-09 4.406188e-09
-7.241300e-09 1.330612e-08
4.292598e-09 2.455121e-08
2.485968e-08 1.868470e-08
3.282960e-08 -4.272120e-09
1.917218e-08 -2.433794e-08
-2.134433e-09 -2.519482e-08
-1.171779e-08 -1.250004e-08
-7.839058e-09 -4.464083e-09
-5.702711e-09 -7.533208e-09
-1.469110e-08 -9.039249e-09
-2.415559e-08 3.658278e-09
-1.724031e-08 2.338954e-08
5.401549e-09 3.001348e-08
2.408879e-08 1.559533e-08
2.346179e-08 -5.419042e-09
9.931761e-09 -1.442388e-08
7.715794e-10 -1.055253e-08
9.977180e-10 -7.523494e-09
-2.810486e-10 -1.181814e-08
-1.072262e-08 -1.358923e-08
-2.121799e-08 -2.396007e-09
-1.737611e-08 1.546246e-08
2.986475e-10 2.291990e-08
1.569190e-08 1.328716e-08
1.650599e-08 -2.154701e-09
7.422092e-09 -9.243691e-09
8.788308e-10 -7.197797e-09
3.498551e-10 -5.257318e-09
-1.031547e-09 -7.350544e-09
-7.287335e-09 -7.351020e-09
-1.239076e-08 -1.369236e-11
-8.827315e-09 9.750997e-09
1.415809e-09 1.255537e-08
8.983648e-09 6.414082e-09
8.560182e-09 -1.589731e-09
3.788016e-09 -4.778503e-09
6.777260e-10 -3.802502e-09
1.208673e-10 -3.049498e-09
-9.586960e-10 -3.659527e-09
-3.580328e-09 -3.009952e-09
-5.091955e-09 2.397366e-10
-3.301842e-09 3.683598e-09
