4.829414e-06 4.027022e-06
8.738258e-06 -9.989995e-07
6.364034e-06 -8.459932e-06
-1.957196e-06 -1.099737e-05
-8.772663e-06 -5.547317e-06
-8.136634e-06 2.262482e-06
-2.674465e-06 5.172401e-06
7.903576e-07 2.912006e-06
1.165977e-07 8.399273e-07
-8.840661e-07 1.877774e-06
9.416921e-07 3.338376e-06
3.738600e-06 1.854101e-06
3.875736e-06 -1.655158e-06
1.083922e-06 -3.567263e-06
-1.576994e-06 -2.430099e-06
-1.890533e-06 -2.623956e-07
-7.317462e-07 5.745280e-07
-1.287676e-07 8.139150e-08
-5.645135e-07 -2.082952e-07
-9.311772e-07 4.051672e-07
-4.015783e-07 1.144165e-06
5.728501e-07 1.081698e-06
1.056165e-06 2.974155e-07
7.747431e-07 -4.256103e-07
2.228732e-07 -5.940751e-07
-7.403768e-08 -3.946161e-07
-9.005403e-08 -2.514646e-07
-1.244373e-07 -2.809705e-07
-3.209394e-07 -2.604424e-07
-4.950425e-07 -8.728675e-09
-4.011352e-07 3.471915e-07
-5.474122e-08 5.154258e-07
2.784551e-07 3.736304e-07
3.774749e-07 8.242308e-08
2.697411e-07 -1.236609e-07
1.292692e-07 -1.767980e-07
5.079757e-08 -1.705607e-07
-9.357343e-09 -1.795716e-07
-1.040405e-07 -1.691235e-07
-1.938998e-07 -8.206142e-08
-2.001130e-07 5.613641e-08
-1.091496e-07 1.571382e-07
1.278019e-08 1.649065e-07
9.117730e-08 9.952367e-08
1.019040e-07 2.046228e-08
6.967890e-08 -2.742587e-08
3.422081e-08 -3.688293e-08
1.877873e-08 -3.015121e-08
1.628895e-08 -3.264352e-08
3.251572e-09 -4.544649e-08
-2.696924e-08 -4.496091e-08
-5.030757e-08 -1.641154e-08
-4.155093e-08 2.012087e-08
-1.076434e-08 3.138873e-08
6.932306e-09 1.464559e-08
-2.348638e-09 1.148331e-09
-1.391325e-08 1.244703e-08
-1.006860e-09 3.108639e-08
2.717410e-08 2.654288e-08
3.877684e-08 -2.040798e-09
2.233207e-08 -2.586307e-08
