8.600225e-07 -6.057751e-07
2.530388e-07 -1.941322e-06
-1.562794e-06 -2.036007e-06
-2.641430e-06 -5.225058e-07
-2.235272e-06 1.071069e-06
-1.183218e-06 1.747588e-06
-4.466092e-07 1.773731e-06
-1.873876e-08 1.975341e-06
9.613631e-07 2.421160e-06
2.796285e-06 1.994152e-06
4.198868e-06 -2.451769e-07
3.347710e-06 -3.362470e-06
1.566692e-07 -4.934865e-06
-3.121863e-06 -3.554686e-06
-4.113133e-06 -5.034113e-07
-2.822809e-06 1.678383e-06
-1.257034e-06 2.053779e-06
-6.775257e-07 1.921056e-06
-1.876949e-07 2.493569e-06
1.487912e-06 2.937651e-06
3.630283e-06 1.564654e-06
4.024841e-06 -1.476932e-06
1.789632e-06 -3.838304e-06
-1.297339e-06 -3.590572e-06
-2.785361e-06 -1.403196e-06
-2.222678e-06 4.887034e-07
-1.147172e-06 9.741418e-07
-7.752947e-07 8.924740e-07
-6.505675e-07 1.294498e-06
1.965909e-07 1.836083e-06
1.543614e-06 1.423611e-06
2.140389e-06 -6.486020e-08
1.346966e-06 -1.454340e-06
-6.817281e-08 -1.668714e-06
-9.077260e-07 -8.894606e-07
-8.557377e-07 -9.437765e-08
-5.081158e-07 1.717089e-07
-3.896755e-07 1.829869e-07
-3.833619e-07 3.514274e-07
-1.407576e-07 6.035120e-07
3.105592e-07 5.786806e-07
5.953988e-07 1.928713e-07
4.860957e-07 -2.408084e-07
1.487215e-07 -4.017445e-07
-1.051489e-07 -2.873858e-07
-1.581537e-07 -1.172608e-07
-1.188033e-07 -4.032616e-08
-1.108913e-07 -2.395130e-08
-1.322326e-07 2.104868e-08
-1.104808e-07 1.021319e-07
-2.305904e-08 1.515411e-07
7.469819e-08 1.221325e-07
1.171416e-07 3.967127e-08
9.353584e-08 -3.264079e-08
4.479527e-08 -5.881383e-08
1.185321e-08 -5.261970e-08
-1.650295e-09 -4.581688e-08
-1.742494e-08 -4.694440e-08
-4.441102e-08 -3.754239e-08
-6.357067e-08 -4.145382e-09
-5.217287e-08 3.784434e-08
