-1.900498e-08 -3.231604e-08
-5.948219e-08 -2.073058e-08
-8.442703e-08 3.524979e-08
-4.697312e-08 1.057430e-07
4.497006e-08 1.211400e-07
1.164231e-07 5.466113e-08
1.078947e-07 -3.549363e-08
4.686344e-08 -7.344213e-08
6.366079e-09 -5.752958e-08
4.799108e-09 -4.838401e-08
-9.509362e-09 -7.046994e-08
-6.751269e-08 -7.308840e-08
-1.192372e-07 -9.645350e-09
-9.636460e-08 8.233892e-08
-8.291159e-09 1.197500e-07
6.557695e-08 7.723795e-08
7.368859e-08 1.211344e-08
4.451051e-08 -1.553462e-08
3.226096e-08 -1.174121e-08
4.255020e-08 -2.130606e-08
3.577621e-08 -5.650019e-08
-1.002740e-08 -8.041206e-08
-6.588728e-08 -5.718071e-08
-8.501052e-08 1.993405e-09
-5.526148e-08 5.075355e-08
-9.866356e-09 5.794415e-08
1.209164e-08 3.807027e-08
9.588331e-09 2.884090e-08
1.692075e-08 4.112581e-08
5.409255e-08 4.171482e-08
9.025199e-08 -3.439552e-09
7.401684e-08 -7.501235e-08
8.930290e-10 -1.105270e-07
-7.128476e-08 -7.647120e-08
-8.789729e-08 -1.015488e-08
-6.053594e-08 2.907012e-08
-4.041210e-08 3.488863e-08
-3.973876e-08 4.967576e-08
-1.624274e-08 8.748840e-08
5.402492e-08 9.992442e-08
1.228933e-07 4.119945e-08
1.203810e-07 -5.807632e-08
4.398555e-08 -1.172886e-07
-3.731175e-08 -1.000095e-07
-6.869446e-08 -4.777291e-08
-6.507883e-08 -1.338593e-08
-6.681328e-08 5.492677e-09
-7.066030e-08 4.176515e-08
-3.876127e-08 9.033416e-08
3.333759e-08 1.026061e-07
9.457937e-08 5.234307e-08
9.629945e-08 -2.379725e-08
4.850256e-08 -6.808833e-08
-8.127614e-11 -6.560922e-08
-2.318809e-08 -4.602704e-08
-3.475479e-08 -3.260226e-08
-5.016410e-08 -1.599562e-08
-5.659191e-08 1.707324e-08
-3.416274e-08 5.185736e-08
9.093182e-09 5.938309e-08
4.152560e-08 3.369522e-08
