9.659019e-08 -3.508682e-06
-3.174787e-06 -3.751530e-06
-5.772713e-06 -8.637694e-07
-5.104582e-06 3.120353e-06
-1.908362e-06 5.081725e-06
1.102898e-06 4.334753e-06
2.387613e-06 2.538541e-06
2.595474e-06 1.259872e-06
2.879090e-06 2.937323e-07
2.950359e-06 -1.257013e-06
1.717707e-06 -2.959423e-06
-6.334485e-07 -3.299265e-06
-2.419242e-06 -1.785993e-06
-2.423539e-06 2.587642e-07
-1.221643e-06 1.271272e-06
-2.212284e-07 1.098077e-06
1.871892e-08 7.031691e-07
4.663124e-08 7.170277e-07
4.303836e-07 8.249821e-07
9.752006e-07 4.762758e-07
1.090569e-06 -2.862742e-07
5.848727e-07 -8.897263e-07
-1.324731e-07 -9.134325e-07
-5.438920e-07 -4.942181e-07
-5.334160e-07 -7.345813e-08
-3.696676e-07 1.057985e-07
-2.948718e-07 1.617370e-07
-2.577293e-07 2.901019e-07
-7.463027e-08 4.532000e-07
2.484446e-07 4.354953e-07
4.742129e-07 1.573993e-07
4.153369e-07 -1.876055e-07
1.547663e-07 -3.473420e-07
-7.157696e-08 -2.808326e-07
-1.460367e-07 -1.458208e-07
-1.414791e-07 -6.905671e-08
-1.539703e-07 -2.534318e-08
-1.660073e-07 5.493037e-08
-1.082511e-07 1.511896e-07
1.302533e-08 1.800679e-07
1.127860e-07 1.137287e-07
1.298728e-07 1.259137e-08
8.352809e-08 -5.130591e-08
3.008612e-08 -6.144839e-08
1.420471e-09 -4.547543e-08
-5.644527e-09 -3.141425e-08
-7.405378e-09 -2.859864e-08
-1.698887e-08 -3.096166e-08
-3.566431e-08 -2.406428e-08
-4.832692e-08 1.040954e-09
-3.677987e-08 3.193413e-08
-5.249378e-09 4.268623e-08
1.814861e-08 2.580253e-08
1.523192e-08 5.328049e-09
2.631619e-09 6.177262e-09
8.680586e-09 1.936723e-08
3.192412e-08 1.440816e-08
4.085977e-08 -1.630902e-08
1.689215e-08 -4.383491e-08
-1.931779e-08 -3.945046e-08
-3.401032e-08 -1.092822e-08
