9.715872e-10 2.429375e-08
3.289382e-08 3.770263e-08
7.070656e-08 1.217105e-08
6.933226e-08 -3.966169e-08
2.620732e-08 -7.034112e-08
-2.011322e-08 -5.876420e-08
-3.765527e-08 -2.530963e-08
-2.844036e-08 -1.550386e-09
-1.579407e-08 2.035463e-09
-1.519806e-08 -1.599791e-09
-2.205148e-08 3.169143e-09
-2.215332e-08 1.795361e-08
-8.165230e-09 3.099189e-08
1.302154e-08 2.977733e-08
2.653207e-08 1.367367e-08
2.392973e-08 -4.651078e-09
1.206261e-08 -1.182590e-08
5.289275e-09 -8.242290e-09
8.105927e-09 -6.860856e-09
9.289160e-09 -1.577151e-08
-3.157451e-09 -2.569489e-08
-2.388397e-08 -2.008818e-08
-3.326163e-08 2.928698e-09
-2.020735e-08 2.499276e-08
3.402509e-09 2.743989e-08
1.612174e-08 1.276242e-08
1.201897e-08 8.965598e-11
5.340008e-09 3.580955e-10
9.067140e-09 3.809137e-09
1.659403e-08 -3.858834e-09
1.156613e-08 -1.925634e-08
-7.733275e-09 -2.407274e-08
-2.343719e-08 -9.552869e-09
-2.001339e-08 1.080085e-08
-3.514787e-09 1.774578e-08
7.415698e-09 9.530829e-09
5.501360e-09 1.043964e-09
1.182192e-09 2.031665e-09
4.823669e-09 5.373432e-09
1.146201e-08 1.606953e-10
8.997110e-09 -1.092315e-08
-3.412270e-09 -1.475667e-08
-1.326164e-08 -5.939148e-09
-1.101872e-08 6.008679e-09
-1.565435e-09 9.436530e-09
3.874371e-09 4.596950e-09
2.370495e-09 5.591685e-10
5.457826e-10 1.669028e-09
3.145498e-09 3.057759e-09
6.387418e-09 -4.029171e-10
4.386499e-09 -6.070436e-09
-2.011769e-09 -7.368612e-09
-6.371066e-09 -2.795900e-09
-5.038810e-09 2.548375e-09
-9.445925e-10 3.840686e-09
1.140218e-09 1.820220e-09
4.106993e-10 3.799036e-10
-2.981812e-10 1.091664e-09
8.980753e-10 1.952899e-09
2.628107e-09 8.455706e-10
2.523296e-09 -1.541234e-09
