5.992196e-07 8.681145e-07
1.620703e-06 2.094359e-07
1.647410e-06 -1.367800e-06
1.685369e-07 -2.471048e-06
-1.720948e-06 -1.911489e-06
-2.387811e-06 -1.314794e-07
-1.524620e-06 1.222147e-06
-4.297986e-07 1.296144e-06
-1.736680e-07 9.511036e-07
-1.828484e-07 1.283116e-06
7.252360e-07 1.854010e-06
2.319403e-06 1.225410e-06
2.902946e-06 -8.661732e-07
1.466761e-06 -2.774582e-06
-8.720585e-07 -2.806256e-06
-2.149895e-06 -1.224630e-06
-1.834250e-06 2.575465e-07
-1.090672e-06 6.859071e-07
-9.058257e-07 7.437010e-07
-8.144297e-07 1.317342e-06
1.096900e-07 1.996331e-06
1.615077e-06 1.636005e-06
2.377322e-06 6.482760e-08
1.649084e-06 -1.512946e-06
1.566402e-07 -1.916102e-06
-8.567251e-07 -1.242327e-06
-1.014824e-06 -4.452035e-07
-8.672872e-07 -5.493545e-08
-8.569396e-07 2.101017e-07
-7.610226e-07 6.821000e-07
-2.243301e-07 1.111283e-06
5.655692e-07 1.008879e-06
1.027941e-06 3.494224e-07
8.698457e-07 -3.633736e-07
3.591178e-07 -6.722111e-07
-6.753992e-08 -5.804845e-07
-2.565415e-07 -3.704248e-07
-3.280245e-07 -2.061277e-07
-3.775181e-07 -4.295758e-08
-3.488224e-07 1.655853e-07
-1.785653e-07 3.333278e-07
6.277907e-08 3.431719e-07
2.289482e-07 1.977292e-07
2.473786e-07 1.405571e-08
1.655258e-07 -1.014988e-07
7.037440e-08 -1.324956e-07
3.958496e-09 -1.206852e-07
-4.100550e-08 -9.790300e-08
-7.655233e-08 -6.459283e-08
-9.468587e-08 -1.549643e-08
-8.176655e-08 3.684474e-08
-4.151691e-08 6.890849e-08
3.782440e-09 6.888395e-08
3.281143e-08 4.660750e-08
4.175136e-08 2.110500e-08
4.056852e-08 1.998275e-09
3.652532e-08 -1.398604e-08
2.647761e-08 -3.032339e-08
6.161582e-09 -4.088284e-08
-1.840842e-08 -3.637976e-08
-3.407145e-08 -1.725983e-08
