-3.833347e-06 -5.352551e-07
-4.922223e-06 4.125263e-06
-6.649765e-07 9.314857e-06
7.986509e-06 9.073286e-06
1.392955e-05 6.729680e-07
1.048141e-05 -9.895643e-06
2.772728e-07 -1.344866e-05
-7.652185e-06 -8.432328e-06
-8.689922e-06 -1.353079e-06
-6.010576e-06 2.351243e-06
-4.007322e-06 3.441284e-06
-2.693396e-06 4.812338e-06
1.287196e-07 6.221658e-06
4.127056e-06 5.194728e-06
6.391169e-06 1.304681e-06
5.221152e-06 -2.857489e-06
1.959962e-06 -4.720745e-06
-9.815541e-07 -4.111402e-06
-2.513062e-06 -2.420662e-06
-2.903501e-06 -6.949082e-07
-2.546623e-06 7.936984e-07
-1.557066e-06 1.851300e-06
-2.232972e-07 2.146628e-06
8.891156e-07 1.646181e-06
1.397415e-06 7.560483e-07
1.350404e-06 -7.571584e-08
9.770856e-07 -6.614717e-07
4.310659e-07 -9.622057e-07
-1.541521e-07 -9.297191e-07
-5.731887e-07 -5.871240e-07
-6.731155e-07 -1.277777e-07
-5.068889e-07 2.096275e-07
-2.643415e-07 3.396040e-07
-7.582209e-08 3.399204e-07
5.735270e-08 3.008346e-07
1.709246e-07 2.342791e-07
2.538470e-07 1.201020e-07
2.676267e-07 -2.540833e-08
2.017307e-07 -1.520821e-07
8.525386e-08 -2.182847e-07
-3.794814e-08 -2.126679e-07
-1.311445e-07 -1.492813e-07
-1.741154e-07 -5.616999e-08
-1.655669e-07 3.681536e-08
-1.169762e-07 1.084754e-07
-4.273251e-08 1.464436e-07
4.026985e-08 1.413717e-07
1.068269e-07 9.121469e-08
1.305196e-07 1.348776e-08
1.042197e-07 -5.733109e-08
4.819654e-08 -9.320654e-08
-7.720579e-09 -9.104064e-08
-4.650351e-08 -6.549772e-08
-6.589981e-08 -3.025708e-08
-6.646222e-08 7.267370e-09
-4.798601e-08 3.851756e-08
-1.668085e-08 5.271564e-08
1.344586e-08 4.605419e-08
3.043417e-08 2.632181e-08
3.248332e-08 5.607756e-09
2.527625e-08 -8.769230e-09
