-1.825901e-06 -7.322649e-07
-2.909911e-06 1.166144e-06
-1.680468e-06 2.669167e-06
-6.202267e-07 2.441921e-06
-3.197781e-07 2.680653e-06
1.077868e-06 3.264172e-06
3.191639e-06 2.272617e-06
3.963830e-06 -2.840865e-07
2.678301e-06 -2.560772e-06
4.567717e-07 -3.240991e-06
-1.339681e-06 -2.474572e-06
-2.150470e-06 -1.075414e-06
-2.036796e-06 2.784948e-07
-1.297394e-06 1.166397e-06
-3.642445e-07 1.405784e-06
3.459724e-07 1.134441e-06
6.911171e-07 6.930589e-07
8.132213e-07 2.969495e-07
8.400205e-07 -8.982745e-08
6.936662e-07 -5.211811e-07
2.671586e-07 -8.403178e-07
-3.051612e-07 -8.014669e-07
-6.867197e-07 -3.845854e-07
-6.650880e-07 1.238490e-07
-3.605510e-07 4.048918e-07
-6.450402e-08 4.042502e-07
7.841015e-08 3.050107e-07
1.554608e-07 2.488084e-07
2.736515e-07 1.806626e-07
3.687774e-07 -4.570318e-09
2.942837e-07 -2.503879e-07
4.804156e-08 -3.684278e-07
-1.886212e-07 -2.665860e-07
-2.534287e-07 -6.024287e-08
-1.715600e-07 7.458372e-08
-8.156670e-08 9.539531e-08
-4.935350e-08 8.804817e-08
-2.372780e-08 1.110430e-07
4.431732e-08 1.233148e-07
1.163321e-07 7.088767e-08
1.250362e-07 -2.157269e-08
6.775134e-08 -8.248166e-08
1.570429e-09 -8.172895e-08
-3.082269e-08 -4.911374e-08
-3.382129e-08 -2.147178e-08
-2.841487e-08 -7.461060e-09
-2.405890e-08 -8.059848e-10
-2.296295e-08 3.223577e-09
-2.524472e-08 1.089144e-08
-2.173265e-08 2.697025e-08
-1.062041e-09 4.048857e-08
2.786579e-08 3.154844e-08
3.800050e-08 1.469793e-09
1.955075e-08 -2.066147e-08
-2.276900e-09 -1.454937e-08
-1.307746e-10 2.034708e-09
1.642515e-08 -1.979965e-09
1.441205e-08 -2.526941e-08
-1.409817e-08 -3.445977e-08
-3.849597e-08 -1.107388e-08
-3.049119e-08 2.188557e-08
