-4.338744e-06 -1.172410e-06
-5.692677e-06 4.029501e-06
-1.294224e-06 9.761557e-06
7.870058e-06 1.002661e-05
1.481251e-05 1.549138e-06
1.194190e-05 -1.011361e-05
1.024293e-06 -1.484912e-05
-8.322928e-06 -9.841488e-06
-1.007202e-05 -1.617835e-06
-6.850151e-06 3.139812e-06
-3.891575e-06 4.262380e-06
-2.258497e-06 5.014132e-06
2.285729e-07 6.110286e-06
4.015287e-06 5.336115e-06
6.583961e-06 1.659916e-06
5.773922e-06 -2.813938e-06
2.353263e-06 -5.205482e-06
-1.152808e-06 -4.707878e-06
-3.041299e-06 -2.601248e-06
-3.269786e-06 -4.232422e-07
-2.530378e-06 1.126904e-06
-1.374150e-06 1.952561e-06
-1.446485e-07 2.087690e-06
8.561319e-07 1.636230e-06
1.410491e-06 8.317088e-07
1.461262e-06 -4.503468e-08
1.073749e-06 -7.509573e-07
4.098644e-07 -1.090589e-06
-2.592761e-07 -9.777218e-07
-6.529144e-07 -5.381068e-07
-6.751805e-07 -5.875249e-08
-4.687713e-07 2.348656e-07
-2.414294e-07 3.270761e-07
-7.884351e-08 3.282449e-07
5.204281e-08 3.054719e-07
1.781931e-07 2.408917e-07
2.645243e-07 1.146917e-07
2.675845e-07 -3.780242e-08
1.912431e-07 -1.574390e-07
7.654589e-08 -2.118251e-07
-3.607485e-08 -2.027893e-07
-1.219908e-07 -1.466633e-07
-1.677276e-07 -6.260947e-08
-1.676135e-07 2.861578e-08
-1.240389e-07 1.060139e-07
-4.765202e-08 1.500362e-07
4.032138e-08 1.457095e-07
1.087644e-07 9.255373e-08
1.308014e-07 1.328912e-08
1.035268e-07 -5.594215e-08
4.963533e-08 -9.047328e-08
-3.616173e-09 -9.032785e-08
-4.298866e-08 -6.864761e-08
-6.615646e-08 -3.500749e-08
-6.997093e-08 4.701223e-09
-5.148242e-08 3.938377e-08
-1.788828e-08 5.508669e-08
1.401479e-08 4.761944e-08
3.108012e-08 2.670887e-08
3.258518e-08 5.844576e-09
2.548774e-08 -8.134115e-09
