5.917683e-08 1.502300e-08
1.028952e-07 -3.902397e-08
8.460786e-08 -1.485877e-07
-5.187999e-08 -2.201673e-07
-2.200815e-07 -1.379422e-07
-2.573522e-07 5.964038e-08
-1.298652e-07 2.019718e-07
2.833565e-08 1.926895e-07
9.452154e-08 1.058394e-07
9.116751e-08 5.338417e-08
1.047527e-07 3.714080e-08
1.408255e-07 -1.442015e-08
1.258286e-07 -1.123071e-07
2.672914e-08 -1.793842e-07
-9.412459e-08 -1.508689e-07
-1.517718e-07 -5.202487e-08
-1.284248e-07 3.870135e-08
-7.429996e-08 7.605819e-08
-3.888869e-08 7.982726e-08
-1.974361e-08 9.165308e-08
2.139356e-08 1.154846e-07
9.860980e-08 1.077723e-07
1.667730e-07 3.109291e-08
1.601209e-07 -8.698621e-08
6.891725e-08 -1.673345e-07
-4.195360e-08 -1.614165e-07
-1.057544e-07 -1.006693e-07
-1.248566e-07 -4.379262e-08
-1.403757e-07 4.542780e-09
-1.470039e-07 8.207701e-08
-8.829990e-08 1.799674e-07
4.944195e-08 2.179801e-07
1.845178e-07 1.380622e-07
2.196222e-07 -1.135712e-08
1.508198e-07 -1.256931e-07
5.501367e-08 -1.613054e-07
-1.798737e-08 -1.566112e-07
-8.775460e-08 -1.418800e-07
-1.683590e-07 -8.655191e-08
-2.069713e-07 3.463167e-08
-1.422623e-07 1.655660e-07
2.051658e-10 2.108576e-07
1.207343e-07 1.455431e-07
1.543995e-07 3.897806e-08
1.269078e-07 -3.594819e-08
9.161933e-08 -7.655938e-08
5.232731e-08 -1.135789e-07
-1.796236e-08 -1.372337e-07
-1.050150e-07 -1.040033e-07
-1.469932e-07 -1.013017e-08
-1.076158e-07 8.314873e-08
-2.353842e-08 1.135920e-07
3.952747e-08 8.302208e-08
5.821739e-08 3.957050e-08
5.753352e-08 1.219182e-08
5.836058e-08 -1.089097e-08
4.871319e-08 -4.299830e-08
1.290014e-08 -6.720827e-08
-3.376840e-08 -5.768330e-08
-5.743429e-08 -1.781541e-08
-4.520985e-08 2.069734e-08
