5.085912e-07 -1.007972e-06
-3.899166e-07 -1.500690e-06
-1.362067e-06 -1.047396e-06
-1.659897e-06 -8.943212e-08
-1.312247e-06 7.332185e-07
-6.468407e-07 1.138897e-06
9.309835e-10 1.109838e-06
4.213262e-07 8.419831e-07
6.551116e-07 5.431742e-07
8.193459e-07 2.123105e-07
8.481042e-07 -2.368655e-07
5.706495e-07 -6.922158e-07
2.642089e-08 -8.637610e-07
-4.649747e-07 -6.207592e-07
-6.199162e-07 -1.774161e-07
-4.805897e-07 1.434999e-07
-2.980782e-07 2.554901e-07
-1.914530e-07 3.112239e-07
-5.410901e-08 4.040022e-07
1.999837e-07 4.144983e-07
4.382869e-07 2.072764e-07
4.509232e-07 -1.294280e-07
2.227537e-07 -3.514034e-07
-4.412740e-08 -3.347706e-07
-1.709451e-07 -1.856017e-07
-1.714675e-07 -6.760604e-08
-1.574670e-07 -1.255267e-08
-1.606596e-07 4.990620e-08
-1.197523e-07 1.395475e-07
-8.246268e-09 1.861199e-07
1.055654e-07 1.355439e-07
1.410012e-07 2.892311e-08
9.750896e-08 -4.931583e-08
3.759348e-08 -6.517430e-08
6.370356e-09 -4.887260e-08
-1.511706e-09 -3.753230e-08
-9.165559e-09 -3.657015e-08
-2.367650e-08 -3.303397e-08
-3.771293e-08 -1.974003e-08
-4.337584e-08 1.279976e-09
-3.591184e-08 2.367792e-08
-1.559300e-08 3.731220e-08
7.187469e-09 3.394574e-08
1.777423e-08 1.895631e-08
1.476579e-08 8.910494e-09
1.361173e-08 1.049353e-08
2.481987e-08 9.648717e-09
3.563947e-08 -8.731196e-09
2.483658e-08 -3.560783e-08
-6.830981e-09 -4.478690e-08
-3.343958e-08 -2.559794e-08
-3.442700e-08 2.980563e-09
-1.808767e-08 1.624407e-08
-7.252531e-09 1.304875e-08
-8.380325e-09 1.184823e-08
-6.159377e-09 2.151034e-08
1.114765e-08 2.809637e-08
3.196202e-08 1.484576e-08
3.429805e-08 -1.288945e-08
1.368124e-08 -3.161850e-08
-1.087107e-08 -2.714497e-08
