8.785568e-07 1.709329e-07
1.326587e-06 -9.954973e-07
2.915596e-07 -2.256145e-06
-1.548613e-06 -2.116524e-06
-2.658667e-06 -5.442334e-07
-2.209508e-06 1.245895e-06
-8.237618e-07 1.933945e-06
1.055135e-07 1.540943e-06
2.178412e-07 1.295881e-06
6.330023e-07 1.741056e-06
2.133474e-06 1.702159e-06
3.535303e-06 -1.231232e-07
2.829894e-06 -2.935118e-06
-9.921053e-08 -4.238676e-06
-2.894831e-06 -2.741960e-06
-3.353933e-06 8.039683e-09
-1.919549e-06 1.539180e-06
-7.430878e-07 1.408950e-06
-6.871527e-07 1.259442e-06
-4.277109e-07 2.078697e-06
1.222385e-06 2.634474e-06
3.196451e-06 1.282571e-06
3.327716e-06 -1.464253e-06
1.187600e-06 -3.256168e-06
-1.285669e-06 -2.694043e-06
-2.133289e-06 -8.373272e-07
-1.484332e-06 3.877371e-07
-8.303028e-07 5.087443e-07
-8.352876e-07 5.503971e-07
-7.300618e-07 1.171278e-06
2.088406e-07 1.685801e-06
1.427033e-06 1.154935e-06
1.769330e-06 -2.060003e-07
9.569754e-07 -1.241364e-06
-1.482578e-07 -1.239317e-06
-6.566680e-07 -5.985464e-07
-5.549655e-07 -1.065650e-07
-3.878187e-07 8.540211e-09
-4.138267e-07 8.181335e-08
-3.954185e-07 3.378133e-07
-1.009949e-07 5.675430e-07
3.108646e-07 4.791926e-07
5.001050e-07 1.149718e-07
3.618884e-07 -2.139195e-07
9.743932e-08 -2.975852e-07
-6.439094e-08 -2.011062e-07
-8.993010e-08 -1.010833e-07
-8.384191e-08 -6.764577e-08
-1.109092e-07 -4.513253e-08
-1.346461e-07 2.035462e-08
-9.872144e-08 1.018962e-07
-1.052452e-08 1.349201e-07
6.900724e-08 9.719326e-08
9.342478e-08 2.725030e-08
7.021841e-08 -2.323293e-08
3.820333e-08 -3.845499e-08
2.069870e-08 -3.903668e-08
8.567721e-09 -4.512445e-08
-1.517366e-08 -5.052240e-08
-4.574146e-08 -3.587238e-08
-5.942132e-08 8.040056e-10
