-4.524889e-08 3.514284e-08
-1.600584e-08 8.508060e-08
5.223180e-08 9.075898e-08
9.976519e-08 3.652627e-08
8.881735e-08 -3.091509e-08
4.016832e-08 -6.201436e-08
-1.044452e-09 -5.102227e-08
-1.258537e-08 -2.788259e-08
-7.605003e-09 -1.929679e-08
-9.767813e-09 -2.427918e-08
-2.532737e-08 -2.388200e-08
-3.975861e-08 -6.385194e-09
-3.625637e-08 1.959105e-08
-1.480148e-08 3.456786e-08
7.301216e-09 2.915990e-08
1.414475e-08 1.415756e-08
8.827519e-09 7.564993e-09
8.538693e-09 1.256605e-08
2.153235e-08 1.349947e-08
3.437930e-08 -3.441879e-09
2.716947e-08 -2.988805e-08
-9.063271e-10 -4.207878e-08
-2.792182e-08 -2.798327e-08
-3.320904e-08 -1.445193e-09
-1.968552e-08 1.439641e-08
-7.151209e-09 1.351686e-08
-6.147062e-09 1.024636e-08
-6.421108e-09 1.664153e-08
5.783425e-09 2.476668e-08
2.562694e-08 1.755930e-08
3.303443e-08 -6.416911e-09
1.770753e-08 -2.780491e-08
-7.089437e-09 -2.842741e-08
-2.003228e-08 -1.200109e-08
-1.599069e-08 2.672590e-09
-8.033060e-09 5.561457e-09
-7.018669e-09 4.482748e-09
-7.876735e-09 9.554468e-09
-1.586883e-10 1.679399e-08
1.400817e-08 1.384116e-08
2.059976e-08 -1.360528e-09
1.182127e-08 -1.574386e-08
-3.630033e-09 -1.672920e-08
-1.159672e-08 -6.728704e-09
-8.942778e-09 2.061973e-09
-4.031754e-09 3.587174e-09
-3.227818e-09 2.784824e-09
-3.368740e-09 5.253959e-09
9.329821e-10 8.375925e-09
7.737989e-09 5.955781e-09
9.875508e-09 -1.883334e-09
4.710047e-09 -8.092208e-09
-2.496194e-09 -7.497412e-09
-5.421306e-09 -2.475636e-09
-3.677899e-09 1.208577e-09
-1.418107e-09 1.494493e-09
-1.146068e-09 8.846587e-10
-1.405049e-09 1.666212e-09
-1.043166e-10 2.866768e-09
2.164520e-09 2.304668e-09
3.061784e-09 -7.060101e-11
