2.364989e-08 3.021207e-08
7.524453e-08 4.844121e-09
9.308854e-08 -6.319269e-08
6.241972e-08 -1.419037e-07
-4.182342e-08 -2.019487e-07
-1.974373e-07 -1.532527e-07
-2.701102e-07 2.457688e-08
-1.759765e-07 1.986375e-07
-2.405231e-10 2.359658e-07
1.162321e-07 1.541694e-07
1.396951e-07 6.212711e-08
1.345148e-07 8.429633e-09
1.369864e-07 -4.436191e-08
1.108134e-07 -1.205994e-07
2.388086e-08 -1.768322e-07
-8.864189e-08 -1.589189e-07
-1.591015e-07 -7.187570e-08
-1.570376e-07 2.857447e-08
-1.060780e-07 9.427970e-08
-4.650417e-08 1.185317e-07
3.793932e-09 1.219811e-07
5.465041e-08 1.174701e-07
1.160496e-07 9.059566e-08
1.671479e-07 1.841720e-08
1.627764e-07 -8.879983e-08
8.230570e-08 -1.758328e-07
-3.614685e-08 -1.892219e-07
-1.285573e-07 -1.309398e-07
-1.677340e-07 -4.657479e-08
-1.705883e-07 3.498495e-08
-1.451557e-07 1.197537e-07
-6.756637e-08 1.994132e-07
6.646161e-08 2.212201e-07
1.957497e-07 1.412651e-07
2.383138e-07 -7.605084e-09
1.769880e-07 -1.374936e-07
6.840640e-08 -1.941031e-07
-3.282469e-08 -1.914815e-07
-1.211123e-07 -1.556018e-07
-1.975005e-07 -7.632278e-08
-2.210309e-07 5.442762e-08
-1.459613e-07 1.845993e-07
2.755098e-09 2.298772e-07
1.334907e-07 1.638937e-07
1.783374e-07 4.718942e-08
1.512359e-07 -4.553825e-08
1.028816e-07 -9.831291e-08
4.816723e-08 -1.341084e-07
-2.978092e-08 -1.492885e-07
-1.183598e-07 -1.090937e-07
-1.614181e-07 -9.625863e-09
-1.212279e-07 9.186940e-08
-2.929569e-08 1.301518e-07
4.638408e-08 9.912064e-08
7.278507e-08 4.583301e-08
6.970562e-08 7.865213e-09
6.329770e-08 -1.882527e-08
4.928208e-08 -4.917309e-08
1.253223e-08 -7.231687e-08
-3.617813e-08 -6.345371e-08
-6.391498e-08 -2.184246e-08
