-4.687318e-08 3.160390e-08
-2.038550e-08 8.220400e-08
4.656876e-08 9.120826e-08
9.620519e-08 4.064642e-08
8.962424e-08 -2.588197e-08
4.444094e-08 -5.964738e-08
3.297635e-09 -5.285786e-08
-1.141368e-08 -3.215065e-08
-9.940899e-09 -2.243030e-08
-1.289268e-08 -2.428288e-08
-2.650049e-08 -2.211246e-08
-3.913049e-08 -5.529954e-09
-3.612107e-08 1.892073e-08
-1.623633e-08 3.430743e-08
5.931060e-09 3.084758e-08
1.491254e-08 1.663318e-08
1.138297e-08 8.365529e-09
1.046753e-08 1.102867e-08
2.130050e-08 1.147240e-08
3.296222e-08 -3.981797e-09
2.652198e-08 -2.905956e-08
-2.670253e-10 -4.152163e-08
-2.721854e-08 -2.861756e-08
-3.360797e-08 -2.489191e-09
-2.088062e-08 1.422748e-08
-7.909438e-09 1.441538e-08
-5.844300e-09 1.123258e-08
-5.641364e-09 1.683685e-08
6.119926e-09 2.434746e-08
2.538393e-08 1.734290e-08
3.288623e-08 -6.088234e-09
1.815755e-08 -2.746922e-08
-6.413119e-09 -2.875104e-08
-1.992778e-08 -1.286586e-08
-1.667381e-08 2.076299e-09
-8.861130e-09 5.767556e-09
-7.276812e-09 5.153333e-09
-7.583578e-09 9.983622e-09
1.227838e-10 1.678515e-08
1.400145e-08 1.379722e-08
2.061507e-08 -1.153321e-09
1.217701e-08 -1.556413e-08
-3.166302e-09 -1.698658e-08
-1.153749e-08 -7.318763e-09
-9.388299e-09 1.680610e-09
-4.533783e-09 3.720077e-09
-3.361341e-09 3.169312e-09
-3.200911e-09 5.464151e-09
1.056489e-09 8.345863e-09
7.696255e-09 5.938969e-09
9.863281e-09 -1.752173e-09
4.881359e-09 -7.978123e-09
-2.270363e-09 -7.594297e-09
-5.372026e-09 -2.722958e-09
-3.837351e-09 1.042020e-09
-1.604641e-09 1.523469e-09
-1.203561e-09 1.007397e-09
-1.359228e-09 1.731381e-09
-7.554703e-11 2.850660e-09
2.128798e-09 2.295012e-09
3.024793e-09 -1.297466e-11
