6.794434e-07 -4.695441e-07
2.477252e-07 -1.586201e-06
-1.257956e-06 -1.678523e-06
-2.061057e-06 -3.074308e-07
-1.425609e-06 9.950005e-07
-2.958321e-07 1.239758e-06
3.356850e-07 7.334529e-07
3.087532e-07 2.634943e-07
1.208953e-07 2.302550e-07
2.414486e-07 3.870847e-07
6.052153e-07 2.579844e-07
7.415998e-07 -2.578336e-07
3.614077e-07 -7.432175e-07
-2.696936e-07 -7.368940e-07
-6.151766e-07 -2.695666e-07
-4.711681e-07 1.854556e-07
-1.482050e-07 2.781528e-07
-2.826094e-08 1.435394e-07
-9.943155e-08 1.254581e-07
-6.248580e-08 2.801188e-07
1.932685e-07 3.326724e-07
4.200666e-07 9.875724e-08
3.512476e-07 -2.412106e-07
5.179516e-08 -3.722499e-07
-1.823373e-07 -2.302097e-07
-1.936695e-07 -3.135214e-08
-9.913265e-08 3.539861e-08
-7.018516e-08 1.019495e-08
-1.067275e-07 3.279471e-08
-8.942511e-08 1.219931e-07
2.129674e-08 1.677887e-07
1.307857e-07 1.004973e-07
1.422236e-07 -1.902863e-08
6.966974e-08 -8.722019e-08
-2.331334e-09 -7.654521e-08
-2.507502e-08 -3.755809e-08
-1.717880e-08 -1.827534e-08
-1.417633e-08 -1.963346e-08
-2.494935e-08 -1.930573e-08
-3.691797e-08 -5.751080e-09
-3.725820e-08 1.678748e-08
-2.101454e-08 3.667798e-08
6.347738e-09 4.050258e-08
2.768947e-08 2.319790e-08
2.721281e-08 -1.211006e-09
1.090775e-08 -1.019087e-08
3.027100e-09 -6.635681e-10
1.440184e-08 4.541825e-09
2.498576e-08 -1.221442e-08
1.020459e-08 -3.544823e-08
-2.245813e-08 -3.435034e-08
-3.953154e-08 -4.820766e-09
-2.449990e-08 2.300942e-08
1.325486e-09 2.342623e-08
8.555603e-09 6.810900e-09
-1.891147e-09 1.659468e-09
-4.161958e-09 1.388319e-08
1.326884e-08 2.018174e-08
3.022151e-08 2.868186e-09
2.253693e-08 -2.359639e-08
-4.511011e-09 -3.069351e-08
