-1.396970e-07 2.869751e-07
1.039725e-07 6.668561e-07
8.893686e-07 7.383645e-07
1.634133e-06 -1.395107e-07
1.271059e-06 -1.555327e-06
-2.587267e-07 -2.167994e-06
-1.678993e-06 -1.310307e-06
-1.852369e-06 1.546234e-07
-1.082093e-06 9.514847e-07
-4.796994e-07 9.480629e-07
-3.563418e-07 1.013849e-06
5.611379e-08 1.489079e-06
1.210359e-06 1.550615e-06
2.273875e-06 4.237575e-07
2.062857e-06 -1.321360e-06
5.924708e-07 -2.287383e-06
-9.180032e-07 -1.878927e-06
-1.521082e-06 -8.201859e-07
-1.426144e-06 -1.871670e-08
-1.261184e-06 4.788971e-07
-1.032036e-06 1.080275e-06
-3.054004e-07 1.665683e-06
8.453828e-07 1.603820e-06
1.667441e-06 6.793231e-07
1.585528e-06 -5.002719e-07
8.323970e-07 -1.182022e-06
4.326771e-08 -1.222315e-06
-4.797980e-07 -9.593929e-07
-8.336562e-07 -6.027522e-07
-1.045174e-06 -8.808577e-08
-9.149255e-07 5.403824e-07
-3.737338e-07 9.559183e-07
2.788202e-07 8.894279e-07
6.519417e-07 4.588872e-07
6.550110e-07 1.197644e-08
4.793249e-07 -2.587594e-07
2.810658e-07 -4.026664e-07
4.879516e-08 -4.798082e-07
-2.277354e-07 -4.254103e-07
-4.244678e-07 -1.896446e-07
-4.055425e-07 1.127170e-07
-2.032456e-07 2.913333e-07
1.249536e-08 2.794618e-07
1.210831e-07 1.713544e-07
1.408255e-07 7.839484e-08
1.405115e-07 1.775617e-08
1.328618e-07 -4.614992e-08
8.655726e-08 -1.113510e-07
1.809356e-09 -1.340610e-07
-7.291853e-08 -9.384524e-08
-9.518678e-08 -2.370451e-08
-7.032670e-08 2.809823e-08
-3.379125e-08 4.426195e-08
-1.008023e-08 4.024966e-08
2.006945e-09 3.527747e-08
1.400265e-08 3.273201e-08
2.928625e-08 2.437591e-08
3.962315e-08 4.992871e-09
3.501892e-08 -1.909076e-08
1.539248e-08 -3.432468e-08
-7.510534e-09 -3.249119e-08
