-2.794311e-06 1.630279e-06
-2.423351e-06 6.303509e-06
4.282590e-06 1.005053e-05
1.342718e-05 4.866229e-06
1.394298e-05 -7.564802e-06
3.400722e-06 -1.511433e-05
-7.890594e-06 -1.095974e-05
-1.039479e-05 -1.340541e-06
-5.767691e-06 4.127529e-06
-1.590318e-06 3.769284e-06
-8.733738e-07 2.511461e-06
-6.298404e-07 3.251732e-06
1.606887e-06 3.883444e-06
4.110616e-06 1.948488e-06
4.083447e-06 -1.425781e-06
1.625134e-06 -3.310533e-06
-8.121099e-07 -2.720724e-06
-1.618736e-06 -1.139062e-06
-1.287320e-06 -1.438745e-07
-9.432023e-07 1.554524e-07
-8.458800e-07 4.143134e-07
-5.807223e-07 8.192600e-07
2.235212e-09 9.988648e-07
5.555190e-07 7.201342e-07
7.365767e-07 2.070548e-07
5.774624e-07 -1.834680e-07
3.325971e-07 -3.349996e-07
1.556254e-07 -3.639717e-07
1.283206e-08 -3.811299e-07
-1.652355e-07 -3.623331e-07
-3.440034e-07 -2.305866e-07
-4.131321e-07 5.837716e-09
-3.155116e-07 2.333257e-07
-1.122168e-07 3.383859e-07
8.183547e-08 3.035369e-07
1.991557e-07 1.913879e-07
2.412698e-07 6.276729e-08
2.261562e-07 -5.971671e-08
1.559991e-07 -1.606539e-07
4.171555e-08 -2.084252e-07
-7.485291e-08 -1.818528e-07
-1.465477e-07 -9.970756e-08
-1.575767e-07 -5.083543e-09
-1.222982e-07 6.971916e-08
-6.088302e-08 1.113958e-07
7.892931e-09 1.138133e-07
6.065898e-08 7.932824e-08
7.887471e-08 2.814311e-08
6.636942e-08 -1.261653e-08
4.376002e-08 -3.274695e-08
2.379531e-08 -4.110275e-08
3.760341e-09 -4.443426e-08
-1.754263e-08 -3.800706e-08
-3.058700e-08 -2.025819e-08
-2.928080e-08 -2.247685e-09
-2.201738e-08 6.284166e-09
-1.885974e-08 1.029342e-08
-1.606690e-08 1.869454e-08
-4.331033e-09 2.731944e-08
1.290368e-08 2.444182e-08
2.177676e-08 1.016397e-08
