-8.368994e-06 -1.418962e-06
-9.063005e-06 5.080493e-06
-5.377788e-06 8.559140e-06
-2.559979e-06 9.797135e-06
1.406208e-06 1.194768e-05
8.876904e-06 1.120094e-05
1.514683e-05 3.881488e-06
1.436362e-05 -6.644509e-06
6.531779e-06 -1.359685e-05
-3.200414e-06 -1.335820e-05
-9.489170e-06 -7.431310e-06
-1.021499e-05 -9.163805e-08
-6.792917e-06 4.860824e-06
-2.361398e-06 6.169403e-06
7.297547e-07 5.124817e-06
2.291152e-06 3.641538e-06
3.342175e-06 2.290681e-06
4.131754e-06 4.251968e-07
3.725840e-06 -2.038201e-06
1.595253e-06 -3.808300e-06
-1.156139e-06 -3.570582e-06
-2.717376e-06 -1.625459e-06
-2.431705e-06 3.914772e-07
-1.231309e-06 1.253583e-06
-3.355615e-07 1.128981e-06
-2.503086e-08 8.726672e-07
1.903262e-07 8.565143e-07
6.262230e-07 7.672948e-07
1.018866e-06 2.871665e-07
9.621600e-07 -4.045227e-07
4.434622e-07 -8.454215e-07
-1.581369e-07 -7.995370e-07
-4.830533e-07 -4.391920e-07
-4.904976e-07 -9.102457e-08
-3.771068e-07 9.195816e-08
-2.947055e-07 1.884645e-07
-2.088014e-07 3.069280e-07
-2.139821e-08 4.069473e-07
2.366654e-07 3.554423e-07
3.997108e-07 1.220879e-07
3.499417e-07 -1.495010e-07
1.496107e-07 -2.854475e-07
-3.820810e-08 -2.523456e-07
-1.230088e-07 -1.507265e-07
-1.384568e-07 -7.178054e-08
-1.444050e-07 -1.541292e-08
-1.395655e-07 5.315823e-08
-8.947365e-08 1.229050e-07
1.139093e-09 1.460841e-07
8.113155e-08 1.033714e-07
1.073821e-07 2.767169e-08
8.169459e-08 -3.253425e-08
3.682936e-08 -5.370164e-08
4.164653e-09 -4.396110e-08
-5.168923e-09 -2.722526e-08
-2.439780e-09 -2.304012e-08
-8.418032e-09 -3.042486e-08
-2.961266e-08 -2.917895e-08
-4.709384e-08 -5.101659e-09
-3.810971e-08 2.742731e-08
-7.718631e-09 3.933195e-08
