-4.095530e-07 5.335530e-07
-7.052669e-07 6.946120e-07
-1.506475e-06 2.004610e-06
1.163020e-07 4.537136e-06
4.442490e-06 4.049708e-06
6.520415e-06 -6.933656e-07
3.590647e-06 -5.103915e-06
-1.190779e-06 -5.164127e-06
-3.455724e-06 -2.064838e-06
-2.656903e-06 5.049474e-07
-1.221825e-06 1.062709e-06
-7.201531e-07 8.608186e-07
-5.752788e-07 1.119850e-06
1.254749e-07 1.481611e-06
1.101988e-06 1.101212e-06
1.458811e-06 6.292422e-08
9.577044e-07 -7.945870e-07
1.811656e-07 -9.584505e-07
-2.865661e-07 -6.591997e-07
-4.068885e-07 -3.519923e-07
-4.415177e-07 -1.678764e-07
-4.852442e-07 3.506259e-08
-4.079919e-07 3.057312e-07
-1.387755e-07 4.853650e-07
1.790616e-07 4.292502e-07
3.475041e-07 1.985362e-07
3.267562e-07 -2.633688e-08
2.230945e-07 -1.500834e-07
1.202318e-07 -2.061226e-07
9.994185e-09 -2.325515e-07
-1.172418e-07 -2.000670e-07
-2.031286e-07 -8.623579e-08
-1.882038e-07 4.992990e-08
-9.943499e-08 1.230373e-07
-1.700735e-08 1.199295e-07
2.459288e-08 9.339944e-08
5.286721e-08 7.430081e-08
8.507091e-08 4.239455e-08
9.396720e-08 -1.452734e-08
5.846271e-08 -6.335969e-08
5.624383e-09 -6.945327e-08
-2.402904e-08 -4.423457e-08
-2.716709e-08 -2.250242e-08
-2.727056e-08 -1.364280e-08
-3.175609e-08 -2.695126e-09
-2.814181e-08 1.385192e-08
-1.415968e-08 2.271966e-08
-3.189817e-09 2.051596e-08
7.424822e-10 1.925421e-08
9.046964e-09 2.194240e-08
2.398083e-08 1.526513e-08
2.898428e-08 -5.156539e-09
1.437890e-08 -2.119803e-08
-3.723357e-09 -1.702721e-08
-5.095643e-09 -3.915875e-09
4.548970e-09 -4.059895e-09
2.350353e-09 -1.691654e-08
-1.660404e-08 -1.940206e-08
-3.030211e-08 1.006301e-10
-1.985280e-08 2.375374e-08
4.800854e-09 2.730524e-08
