-1.457800e-07 -5.790056e-08
-2.214753e-07 9.516443e-08
-1.227079e-07 2.803179e-07
1.054955e-07 3.212343e-07
2.886268e-07 1.713611e-07
2.974529e-07 -4.860754e-08
1.697590e-07 -1.741257e-07
5.358177e-08 -1.718362e-07
1.674602e-08 -1.506315e-07
-2.200032e-08 -1.845475e-07
-1.445552e-07 -1.992194e-07
-2.844538e-07 -8.345580e-08
-2.918550e-07 1.332467e-07
-1.273105e-07 2.862819e-07
7.540252e-08 2.638980e-07
1.637930e-07 1.351955e-07
1.427608e-07 5.231478e-08
1.452592e-07 5.017183e-08
2.300952e-07 5.531343e-09
2.721626e-07 -1.772366e-07
1.119376e-07 -3.890433e-07
-2.072232e-07 -4.031317e-07
-4.353341e-07 -1.501508e-07
-3.882919e-07 1.702941e-07
-1.600785e-07 3.119003e-07
1.262761e-08 2.628599e-07
5.864752e-08 2.102067e-07
1.283695e-07 2.387198e-07
3.182030e-07 1.969438e-07
4.651494e-07 -6.357817e-08
3.320297e-07 -4.117473e-07
-5.359762e-08 -5.378889e-07
-3.846962e-07 -3.238633e-07
-4.239492e-07 1.441585e-08
-2.537629e-07 2.011762e-07
-1.098625e-07 2.120987e-07
-5.889460e-08 2.169491e-07
3.255665e-08 2.796201e-07
2.325086e-07 2.612631e-07
3.914504e-07 4.855361e-08
3.241462e-07 -2.406871e-07
6.119862e-08 -3.723658e-07
-1.780649e-07 -2.688502e-07
-2.406215e-07 -7.425844e-08
-1.781671e-07 4.596840e-08
-1.197631e-07 8.121969e-08
-9.225033e-08 1.170027e-07
-2.812500e-08 1.716901e-07
9.182565e-08 1.701189e-07
1.850181e-07 6.726203e-08
1.691546e-07 -7.190234e-08
6.511990e-08 -1.437350e-07
-3.433570e-08 -1.199920e-07
-7.178620e-08 -5.763473e-08
-6.617682e-08 -1.443123e-08
-5.788668e-08 7.212041e-09
-5.168730e-08 3.140277e-08
-2.775408e-08 5.799730e-08
1.448888e-08 6.260440e-08
4.797327e-08 3.492645e-08
5.039812e-08 -4.506819e-09
