-2.816686e-07 -1.578286e-07
-4.847276e-07 7.697693e-08
-4.396287e-07 4.760999e-07
-5.911589e-08 7.524698e-07
4.279592e-07 6.632456e-07
6.985085e-07 2.879186e-07
6.807628e-07 -8.374088e-08
5.703884e-07 -3.152084e-07
4.823101e-07 -5.508431e-07
2.276586e-07 -8.929407e-07
-3.950472e-07 -1.073915e-06
-1.140998e-06 -6.805159e-07
-1.400755e-06 2.523059e-07
-8.731843e-07 1.094161e-06
1.476695e-08 1.257354e-06
5.862461e-07 8.557517e-07
7.174270e-07 4.651682e-07
8.458116e-07 2.784915e-07
1.145140e-06 -1.204145e-07
1.098212e-06 -9.730854e-07
2.115908e-07 -1.697097e-06
-1.084793e-06 -1.452915e-06
-1.729648e-06 -2.668872e-07
-1.257979e-06 8.705435e-07
-3.208762e-07 1.153307e-06
2.113458e-07 8.212273e-07
3.019276e-07 6.052739e-07
5.299296e-07 6.284407e-07
1.031261e-06 3.409458e-07
1.193933e-06 -4.949054e-07
5.389758e-07 -1.267098e-06
-5.101130e-07 -1.224821e-06
-1.073316e-06 -4.344336e-07
-8.451843e-07 3.278180e-07
-3.280689e-07 5.343092e-07
-7.010968e-08 4.006217e-07
-3.042785e-08 3.747981e-07
1.465701e-07 4.695450e-07
4.914798e-07 3.471053e-07
6.437434e-07 -9.189455e-08
3.741039e-07 -5.075239e-07
-9.075655e-08 -5.459210e-07
-3.554856e-07 -2.567694e-07
-3.079980e-07 2.902604e-08
-1.539842e-07 1.168087e-07
-8.608343e-08 9.711643e-08
-7.660106e-08 1.202478e-07
-8.261316e-09 1.765386e-07
1.182196e-07 1.549312e-07
1.886912e-07 2.995920e-08
1.374464e-07 -9.837517e-08
2.439745e-08 -1.332796e-07
-5.068888e-08 -8.347612e-08
-5.730689e-08 -2.463284e-08
-3.718102e-08 -2.233196e-09
-3.138348e-08 -7.065025e-10
-3.686958e-08 1.084943e-08
-2.897125e-08 3.401174e-08
-1.263124e-09 4.631712e-08
2.744409e-08 3.383415e-08
3.687070e-08 6.832912e-09
