-1.793503e-07 -5.866267e-08
-2.473553e-07 1.332612e-07
-9.471246e-08 3.425311e-07
1.993670e-07 3.388267e-07
3.744285e-07 9.258302e-08
2.882624e-07 -1.731604e-07
7.322678e-08 -2.468485e-07
-5.445720e-08 -1.601865e-07
-5.757405e-08 -8.753122e-08
-6.061104e-08 -9.176127e-08
-1.284073e-07 -7.858699e-08
-1.781357e-07 2.297972e-08
-1.181419e-07 1.439605e-07
1.563247e-08 1.709215e-07
1.078152e-07 9.161609e-08
1.029621e-07 -4.424776e-09
4.827572e-08 -4.159317e-08
1.411315e-08 -2.789530e-08
1.601830e-08 -1.467442e-08
2.182129e-08 -2.607011e-08
5.742584e-09 -4.357524e-08
-2.418843e-08 -4.096974e-08
-4.285124e-08 -1.543009e-08
-3.668560e-08 1.351048e-08
-1.479896e-08 2.541004e-08
1.940474e-09 1.752033e-08
1.534488e-09 5.741376e-09
-7.352164e-09 7.262524e-09
-5.371755e-09 2.088094e-08
1.398869e-08 2.719365e-08
3.414973e-08 1.149761e-08
3.337216e-08 -1.657556e-08
1.095717e-08 -3.240172e-08
-1.145157e-08 -2.492097e-08
-1.614759e-08 -8.436388e-09
-9.465632e-09 -2.379705e-09
-9.654915e-09 -6.137217e-09
-1.973488e-08 -2.590441e-09
-2.274715e-08 1.519979e-08
-5.894887e-09 3.138047e-08
1.965656e-08 2.658162e-08
3.063328e-08 3.273796e-09
1.953956e-08 -1.669383e-08
1.911238e-09 -1.856746e-08
-5.149062e-09 -9.953952e-09
-3.217915e-09 -6.435415e-09
-5.514835e-09 -9.401659e-09
-1.493942e-08 -6.542287e-09
-1.886762e-08 7.571309e-09
-7.407643e-09 2.099879e-08
1.118324e-08 1.897952e-08
1.957558e-08 3.208481e-09
1.232586e-08 -1.039237e-08
6.224453e-10 -1.146146e-08
-3.800443e-09 -5.546277e-09
-2.319103e-09 -3.058480e-09
-3.398986e-09 -4.546763e-09
-8.261202e-09 -2.518329e-09
-9.357853e-09 5.268491e-09
-2.306520e-09 1.139297e-08
7.024869e-09 8.844062e-09
