6.332944e-07 1.652996e-06
2.255808e-06 9.672001e-07
2.682374e-06 -1.123052e-06
1.080707e-06 -2.803814e-06
-1.169006e-06 -2.463211e-06
-2.053580e-06 -6.762324e-07
-1.291919e-06 6.554414e-07
-2.982661e-07 6.606619e-07
-1.641509e-07 1.773227e-07
-5.025740e-07 2.637392e-07
-3.603282e-07 8.240030e-07
3.918219e-07 9.930962e-07
1.001048e-06 4.051662e-07
8.818492e-07 -3.966295e-07
2.742578e-07 -7.176342e-07
-1.811565e-07 -4.955153e-07
-2.236690e-07 -1.984845e-07
-1.337289e-07 -1.537565e-07
-2.289003e-07 -2.101575e-07
-4.324772e-07 -6.115746e-08
-4.256626e-07 2.898965e-07
-1.031938e-07 5.248951e-07
2.791135e-07 4.159477e-07
4.154632e-07 8.951499e-08
2.844633e-07 -1.565949e-07
1.030176e-07 -1.979872e-07
2.508828e-08 -1.523262e-07
-1.064417e-10 -1.517927e-07
-7.743448e-08 -1.691420e-07
-1.862019e-07 -1.038272e-07
-2.145783e-07 4.441460e-08
-1.204077e-07 1.646724e-07
1.642037e-08 1.728317e-07
9.590847e-08 9.620124e-08
9.715232e-08 1.664652e-08
6.467489e-08 -2.197787e-08
3.858644e-08 -3.048083e-08
2.515053e-08 -3.267225e-08
1.455331e-08 -3.770721e-08
-9.366393e-10 -4.271610e-08
-2.265230e-08 -3.965172e-08
-4.205613e-08 -2.082220e-08
-4.348642e-08 9.013308e-09
-2.263534e-08 2.923643e-08
1.221837e-09 2.483214e-08
5.201139e-09 8.498024e-09
-6.313133e-09 6.693217e-09
-6.116677e-09 2.292272e-08
1.716615e-08 3.075961e-08
4.028396e-08 1.019248e-08
3.519610e-08 -2.285800e-08
6.587807e-09 -3.616270e-08
-1.516140e-08 -2.250765e-08
-1.427535e-08 -5.555078e-09
-6.550509e-09 -4.778959e-09
-1.218476e-08 -1.036219e-08
-2.554438e-08 -1.325994e-09
-2.383933e-08 2.158663e-08
-3.626833e-10 3.480481e-08
2.453106e-08 2.277502e-08
2.861198e-08 -2.126067e-09
