-1.496576e-06 -7.503573e-07
-2.408409e-06 6.830772e-07
-1.764917e-06 2.479709e-06
-5.727693e-08 3.257820e-06
1.652846e-06 2.881527e-06
2.899220e-06 1.773006e-06
3.581302e-06 2.086751e-07
3.540624e-06 -1.727003e-06
2.330377e-06 -3.758087e-06
-3.189066e-07 -4.904927e-06
-3.520047e-06 -3.914748e-06
-5.284558e-06 -7.570425e-07
-4.292378e-06 2.693216e-06
-1.449427e-06 4.226067e-06
1.014939e-06 3.523415e-06
2.008591e-06 2.150176e-06
2.380633e-06 1.280982e-06
3.055641e-06 3.296397e-07
3.298861e-06 -1.615398e-06
1.738494e-06 -3.752188e-06
-1.291138e-06 -4.082997e-06
-3.565124e-06 -1.956693e-06
-3.414419e-06 8.924267e-07
-1.560303e-06 2.294248e-06
2.387406e-08 1.969025e-06
5.098903e-07 1.278804e-06
6.986384e-07 1.106437e-06
1.336338e-06 8.981912e-07
1.894987e-06 -9.178116e-08
1.420524e-06 -1.425642e-06
1.228504e-08 -1.931752e-06
-1.183901e-06 -1.200841e-06
-1.333383e-06 -3.588482e-08
-7.360408e-07 5.920491e-07
-2.054946e-07 5.635842e-07
-5.398163e-08 4.082807e-07
2.229402e-08 4.393531e-07
2.825989e-07 4.511450e-07
5.500973e-07 1.872010e-07
5.180257e-07 -2.307848e-07
1.893149e-07 -4.639944e-07
-1.439566e-07 -3.761661e-07
-2.577615e-07 -1.396134e-07
-1.911919e-07 2.030744e-08
-1.081383e-07 5.480482e-08
-8.409361e-08 5.604448e-08
-7.233049e-08 9.062820e-08
-1.669555e-08 1.304201e-07
6.739952e-08 1.181584e-07
1.204215e-07 4.733121e-08
1.091840e-07 -3.407881e-08
5.482759e-08 -7.696442e-08
2.565428e-09 -7.351175e-08
-2.330177e-08 -5.110813e-08
-3.258473e-08 -3.478463e-08
-4.392398e-08 -2.266170e-08
-5.573362e-08 9.917645e-10
-4.897307e-08 3.597554e-08
-1.579916e-08 5.976204e-08
2.503693e-08 5.274325e-08
4.651997e-08 2.152959e-08
