1.479112e-08 -1.458131e-08
-2.183399e-09 -4.187318e-08
-4.624568e-08 -4.485750e-08
-8.511229e-08 -7.026480e-09
-8.562131e-08 5.876590e-08
-3.054106e-08 1.126244e-07
5.273563e-08 1.084623e-07
1.046200e-07 4.552076e-08
9.537280e-08 -2.432175e-08
5.542162e-08 -5.605185e-08
2.817547e-08 -6.016416e-08
1.089757e-08 -7.153687e-08
-2.928439e-08 -8.562333e-08
-8.898107e-08 -6.076630e-08
-1.158892e-07 1.373873e-08
-7.490068e-08 8.681938e-08
1.673241e-09 1.021790e-07
5.232417e-08 6.374180e-08
5.770967e-08 2.100373e-08
4.856774e-08 2.219324e-09
5.062747e-08 -1.014382e-08
5.033894e-08 -3.833629e-08
2.257377e-08 -7.007821e-08
-2.767665e-08 -7.344394e-08
-6.663058e-08 -3.844702e-08
-6.878989e-08 1.019196e-08
-4.182281e-08 4.000556e-08
-1.404401e-08 4.260471e-08
-2.307802e-09 3.665844e-08
4.449573e-09 4.119850e-08
2.759158e-08 4.898527e-08
6.519925e-08 3.258587e-08
8.421016e-08 -1.866697e-08
5.549893e-08 -7.495876e-08
-7.153497e-09 -9.212426e-08
-5.753890e-08 -6.110855e-08
-6.893188e-08 -1.629555e-08
-5.938540e-08 1.087906e-08
-5.544612e-08 2.914986e-08
-4.756813e-08 6.191997e-08
-5.353638e-09 9.705935e-08
6.672905e-08 9.031022e-08
1.166878e-07 2.446880e-08
1.011234e-07 -5.815341e-08
3.643177e-08 -9.917627e-08
-2.405895e-08 -8.665823e-08
-5.308499e-08 -5.458703e-08
-6.646598e-08 -2.810099e-08
-7.943959e-08 3.627964e-09
-7.434348e-08 5.283692e-08
-2.850989e-08 9.592235e-08
4.164637e-08 9.357102e-08
8.830623e-08 4.120466e-08
8.367682e-08 -2.182788e-08
4.586098e-08 -5.625584e-08
9.022965e-09 -5.956995e-08
-1.569334e-08 -5.174433e-08
-3.766358e-08 -4.001568e-08
-5.695290e-08 -1.490656e-08
-5.676338e-08 2.341031e-08
-2.812221e-08 5.336967e-08
