-4.789423e-08 1.211261e-08
-4.706180e-08 6.226130e-08
5.055044e-09 1.077326e-07
9.142764e-08 9.462105e-08
1.428355e-07 8.932829e-09
1.085571e-07 -8.764991e-08
2.172053e-08 -1.193549e-07
-3.899727e-08 -8.489446e-08
-4.884319e-08 -4.871137e-08
-5.631713e-08 -4.267803e-08
-9.337612e-08 -2.386597e-08
-1.143226e-07 4.712884e-08
-5.991869e-08 1.273020e-07
4.693022e-08 1.352622e-07
1.169971e-07 5.844183e-08
1.021889e-07 -2.889166e-08
4.600457e-08 -5.907586e-08
1.570385e-08 -4.501896e-08
1.747934e-08 -4.294440e-08
4.459769e-09 -6.807823e-08
-4.725584e-08 -7.760165e-08
-1.006668e-07 -3.307275e-08
-1.014668e-07 4.490402e-08
-4.324719e-08 9.601017e-08
2.419568e-08 8.651813e-08
5.129542e-08 4.389820e-08
4.332212e-08 1.928960e-08
4.655083e-08 2.157612e-08
7.907872e-08 6.311549e-09
9.482033e-08 -5.858630e-08
3.843742e-08 -1.319771e-07
-7.103064e-08 -1.341814e-07
-1.443323e-07 -4.606255e-08
-1.230753e-07 5.809376e-08
-4.816811e-08 9.755197e-08
4.284751e-10 7.951516e-08
1.096353e-08 7.062022e-08
4.156044e-08 8.739343e-08
1.140753e-07 6.757854e-08
1.588853e-07 -3.070943e-08
1.005837e-07 -1.455575e-07
-3.162266e-08 -1.721848e-07
-1.276968e-07 -9.123479e-08
-1.262286e-07 1.140345e-08
-7.379294e-08 5.689266e-08
-4.204931e-08 5.946680e-08
-2.989119e-08 7.550604e-08
1.337840e-08 1.039872e-07
9.068886e-08 8.659651e-08
1.351261e-07 1.305641e-09
9.522287e-08 -9.158217e-08
4.379772e-09 -1.175281e-07
-6.041068e-08 -7.353001e-08
-6.800364e-08 -1.826190e-08
-5.122207e-08 7.889558e-09
-4.438488e-08 1.956970e-08
-3.785315e-08 4.250608e-08
-6.709595e-09 6.543225e-08
4.034137e-08 5.654736e-08
6.554990e-08 1.279065e-08
4.946315e-08 -3.151648e-08
