-4.433298e-06 8.395793e-06
4.947472e-06 1.332521e-05
1.656486e-05 6.532406e-06
1.742759e-05 -8.734442e-06
4.984721e-06 -1.837190e-05
-8.966661e-06 -1.395667e-05
-1.241909e-05 -2.368077e-06
-6.834316e-06 4.065323e-06
-2.456780e-06 2.899887e-06
-3.505322e-06 1.734355e-06
-4.231148e-06 5.309589e-06
6.741258e-07 8.921492e-06
7.701420e-06 6.155191e-06
9.421510e-06 -1.602337e-06
4.387544e-06 -7.019916e-06
-1.684985e-06 -6.139722e-06
-3.628795e-06 -2.127490e-06
-2.212524e-06 1.222013e-07
-1.210166e-06 -9.484540e-08
-1.855232e-06 -1.253539e-07
-2.180851e-06 1.365867e-06
-6.873241e-07 2.797238e-06
1.499653e-06 2.357337e-06
2.370820e-06 4.641502e-07
1.545806e-06 -1.053202e-06
2.983455e-07 -1.243066e-06
-2.605142e-07 -7.035737e-07
-2.158021e-07 -3.678902e-07
-2.136218e-07 -3.933867e-07
-4.693153e-07 -3.474153e-07
-6.609919e-07 6.100454e-09
-4.995113e-07 4.323070e-07
-8.869590e-08 5.930415e-07
2.555708e-07 4.319330e-07
3.582673e-07 1.579167e-07
2.923189e-07 -2.659615e-08
2.129884e-07 -9.992361e-08
1.704747e-07 -1.564385e-07
9.853103e-08 -2.403396e-07
-5.334094e-08 -2.841276e-07
-2.246617e-07 -2.038444e-07
-2.975954e-07 -1.743867e-08
-2.239387e-07 1.600529e-07
-6.998082e-08 2.301344e-07
6.176601e-08 1.923333e-07
1.262889e-07 1.115708e-07
1.424545e-07 3.619146e-08
1.350248e-07 -2.988032e-08
1.018499e-07 -9.132412e-08
3.612665e-08 -1.308330e-07
-4.395819e-08 -1.236562e-07
-1.012023e-07 -6.876262e-08
-1.095606e-07 4.683197e-09
-7.345525e-08 5.912978e-08
-2.114897e-08 7.461683e-08
1.800101e-08 5.824176e-08
3.333185e-08 3.249124e-08
3.420500e-08 1.370239e-08
3.317380e-08 1.162911e-09
3.066348e-08 -1.283328e-08
1.937205e-08 -2.679381e-08
