-8.672414e-08 1.300952e-07
4.285129e-08 2.214326e-07
2.269746e-07 1.588430e-07
2.946935e-07 -4.380441e-08
1.783899e-07 -2.215894e-07
-9.499780e-09 -2.420082e-07
-1.160225e-07 -1.429996e-07
-1.190267e-07 -5.358669e-08
-1.062504e-07 -2.048978e-08
-1.208483e-07 1.508300e-08
-1.105833e-07 8.913004e-08
-3.148669e-08 1.469207e-07
7.063722e-08 1.236491e-07
1.151065e-07 3.728452e-08
8.404934e-08 -3.568400e-08
3.014848e-08 -5.129932e-08
4.290758e-09 -3.212566e-08
6.878085e-09 -2.085172e-08
8.132199e-09 -2.956764e-08
-8.686481e-09 -3.928250e-08
-3.336201e-08 -3.063615e-08
-4.546740e-08 -4.301058e-09
-3.538405e-08 2.244047e-08
-1.206313e-08 3.242718e-08
5.691882e-09 2.399330e-08
7.596851e-09 1.217238e-08
2.775009e-09 1.201813e-08
8.569121e-09 2.000322e-08
2.716287e-08 1.716785e-08
3.927119e-08 -6.156295e-09
2.634565e-08 -3.430404e-08
-4.959153e-09 -4.188985e-08
-2.839734e-08 -2.343566e-08
-2.814983e-08 7.388525e-10
-1.511563e-08 1.004760e-08
-9.280094e-09 7.154044e-09
-1.278107e-08 9.505914e-09
-9.532966e-09 2.212507e-08
9.489728e-09 2.920326e-08
3.053938e-08 1.554970e-08
3.246177e-08 -1.141542e-08
1.280266e-08 -2.860600e-08
-9.351857e-09 -2.393968e-08
-1.652291e-08 -8.340468e-09
-1.137177e-08 7.230658e-10
-8.143849e-09 7.507183e-10
-1.121973e-08 2.952340e-09
-1.047765e-08 1.263922e-08
1.740511e-09 1.983394e-08
1.709603e-08 1.290082e-08
2.040536e-08 -4.412245e-09
8.794438e-09 -1.631279e-08
-5.135784e-09 -1.391242e-08
-9.452494e-09 -4.263767e-09
-5.896514e-09 1.083687e-09
-3.700944e-09 6.586706e-10
-5.407869e-09 1.518937e-09
-4.908345e-09 6.507096e-09
1.573865e-09 9.695854e-09
8.809101e-09 5.464072e-09
9.350895e-09 -3.028450e-09
