-9.435131e-07 1.945103e-07
-1.605742e-06 1.146338e-06
-1.054232e-06 3.318460e-06
2.166451e-06 4.571152e-06
5.928968e-06 2.086036e-06
6.188914e-06 -3.060810e-06
2.206609e-06 -6.470335e-06
-2.478004e-06 -5.648333e-06
-4.525627e-06 -2.449881e-06
-4.182428e-06 1.175757e-07
-3.459195e-06 1.532191e-06
-2.743346e-06 3.017726e-06
-8.634076e-07 4.556904e-06
2.226769e-06 4.517003e-06
4.629346e-06 2.124230e-06
4.668986e-06 -1.185635e-06
2.717891e-06 -3.374822e-06
3.399260e-07 -3.814832e-06
-1.521517e-06 -3.127971e-06
-2.783218e-06 -1.820971e-06
-3.270846e-06 1.480488e-09
-2.565938e-06 1.861319e-06
-8.427579e-07 2.818723e-06
9.034092e-07 2.427597e-06
1.792834e-06 1.249376e-06
1.831390e-06 1.315319e-07
1.501461e-06 -6.539287e-07
9.719692e-07 -1.259536e-06
1.217729e-07 -1.595542e-06
-8.577011e-07 -1.312681e-06
-1.387757e-06 -4.191187e-07
-1.139947e-06 5.060295e-07
-4.436350e-07 8.876336e-07
1.142854e-07 7.242090e-07
3.146022e-07 4.244390e-07
3.571517e-07 2.426846e-07
4.232468e-07 9.151659e-08
4.320234e-07 -1.503915e-07
2.491955e-07 -3.821469e-07
-5.369317e-08 -4.152194e-07
-2.631789e-07 -2.344526e-07
-2.716210e-07 -1.092136e-08
-1.617445e-07 1.042530e-07
-6.683952e-08 1.112495e-07
-2.818734e-08 9.432217e-08
-3.432883e-09 9.788818e-08
4.251326e-08 9.892573e-08
9.391123e-08 6.431492e-08
1.132040e-07 -2.025265e-09
8.445314e-08 -6.488958e-08
2.631124e-08 -9.142234e-08
-2.632875e-08 -7.641102e-08
-5.109309e-08 -4.157342e-08
-5.239003e-08 -1.194310e-08
-4.783456e-08 7.077001e-09
-4.287658e-08 2.638600e-08
-2.616563e-08 4.886772e-08
8.129179e-09 5.852101e-08
4.328458e-08 4.003987e-08
5.455876e-08 2.153347e-09
3.703579e-08 -2.858241e-08
