-2.206554e-08 6.224301e-07
7.239432e-07 7.329873e-07
1.450790e-06 -1.236061e-08
1.252269e-06 -1.296045e-06
-4.778068e-08 -2.005845e-06
-1.450186e-06 -1.392611e-06
-1.805712e-06 -3.121941e-08
-1.154470e-06 8.624380e-07
-5.014082e-07 9.362766e-07
-3.424174e-07 9.301088e-07
-5.979225e-08 1.352878e-06
9.576738e-07 1.570863e-06
2.124355e-06 6.808373e-07
2.194044e-06 -1.047767e-06
8.594008e-07 -2.249788e-06
-7.881676e-07 -2.030283e-06
-1.557051e-06 -9.156564e-07
-1.421514e-06 3.884695e-09
-1.143230e-06 4.262225e-07
-1.008672e-06 8.522474e-07
-5.443275e-07 1.478735e-06
5.221418e-07 1.717643e-06
1.590623e-06 1.014122e-06
1.805225e-06 -2.849803e-07
1.065042e-06 -1.249081e-06
6.496499e-08 -1.380377e-06
-5.632883e-07 -9.741938e-07
-7.999559e-07 -5.227015e-07
-9.042845e-07 -1.292261e-07
-8.862463e-07 3.442946e-07
-5.532487e-07 8.180547e-07
6.639897e-08 9.748984e-07
6.205812e-07 6.652378e-07
7.900724e-07 1.175613e-07
5.918875e-07 -3.133754e-07
2.691387e-07 -4.818010e-07
-2.750125e-09 -4.684562e-07
-2.057318e-07 -3.710626e-07
-3.488652e-07 -2.017279e-07
-3.822336e-07 2.735312e-08
-2.687451e-07 2.287567e-07
-6.774018e-08 3.032968e-07
1.051566e-07 2.398857e-07
1.813224e-07 1.136603e-07
1.739403e-07 1.872717e-09
1.277711e-07 -6.942732e-08
6.892199e-08 -1.069262e-07
5.500969e-09 -1.146752e-07
-5.058761e-08 -9.073847e-08
-8.172001e-08 -4.307002e-08
-7.972359e-08 7.682562e-09
-5.331226e-08 4.181466e-08
-2.004357e-08 5.259621e-08
6.268502e-09 4.619990e-08
2.189412e-08 3.311385e-08
3.048995e-08 1.931066e-08
3.506843e-08 4.101800e-09
3.299703e-08 -1.381106e-08
2.020674e-08 -2.958888e-08
-4.762365e-10 -3.451093e-08
-1.876472e-08 -2.549939e-08
