1.731348e-08 2.042133e-08
3.758395e-08 9.452881e-09
4.500392e-08 -1.405971e-08
3.585265e-08 -3.826134e-08
1.190362e-08 -5.403509e-08
-1.935411e-08 -5.131167e-08
-4.108958e-08 -2.870296e-08
-4.165676e-08 -1.107125e-09
-2.805263e-08 1.419547e-08
-1.703385e-08 1.596612e-08
-1.457675e-08 1.730077e-08
-1.049530e-08 2.599770e-08
4.985229e-09 3.329576e-08
2.550495e-08 2.596774e-08
3.503196e-08 4.965596e-09
2.742166e-08 -1.457372e-08
1.287118e-08 -2.134680e-08
3.666174e-09 -1.957461e-08
-7.734132e-10 -1.973761e-08
-9.751576e-09 -2.218204e-08
-2.461079e-08 -1.640057e-08
-3.308372e-08 2.818127e-09
-2.359099e-08 2.446943e-08
-1.195499e-09 3.166436e-08
1.653972e-08 2.099028e-08
1.941927e-08 5.686234e-09
1.445666e-08 -1.663755e-09
1.313604e-08 -3.645445e-09
1.438652e-08 -1.040370e-08
7.304347e-09 -2.154670e-08
-1.047972e-08 -2.405848e-08
-2.550363e-08 -9.968329e-09
-2.366917e-08 1.088323e-08
-7.645780e-09 2.124977e-08
6.948754e-09 1.624861e-08
1.064486e-08 6.394148e-09
8.604114e-09 1.730439e-09
9.146225e-09 1.334584e-10
1.074951e-08 -5.429123e-09
5.796595e-09 -1.356961e-08
-6.065175e-09 -1.506765e-08
-1.515148e-08 -5.879490e-09
-1.340285e-08 6.483891e-09
-3.947044e-09 1.183301e-08
3.826241e-09 8.691553e-09
5.620011e-09 3.545656e-09
4.831399e-09 1.114224e-09
5.178338e-09 -2.447259e-10
5.297869e-09 -3.392818e-09
2.153448e-09 -6.798569e-09
-3.252724e-09 -6.547398e-09
-6.469773e-09 -2.109716e-09
-5.104869e-09 2.655461e-09
-1.382395e-09 4.151991e-09
1.070163e-09 2.718668e-09
1.276481e-09 1.105894e-09
8.998062e-10 7.513887e-10
1.285016e-09 7.401859e-10
1.851265e-09 -1.130086e-10
1.385744e-09 -1.423957e-09
-5.990590e-11 -1.857775e-09
