5.384205e-08 5.004367e-08
1.136717e-07 -2.256476e-09
1.098633e-07 -9.856804e-08
2.820192e-08 -1.702492e-07
-9.135708e-08 -1.638452e-07
-1.759658e-07 -7.119355e-08
-1.720067e-07 4.883496e-08
-1.008889e-07 1.232818e-07
-2.281030e-08 1.389208e-07
3.855306e-08 1.276027e-07
9.682222e-08 9.944365e-08
1.448376e-07 3.528321e-08
1.434006e-07 -5.833952e-08
7.689667e-08 -1.301816e-07
-1.409991e-08 -1.374726e-07
-7.528118e-08 -9.314165e-08
-9.445978e-08 -4.134612e-08
-9.637790e-08 -2.275549e-09
-9.503844e-08 3.760315e-08
-7.449050e-08 8.739065e-08
-1.802796e-08 1.259088e-07
5.992108e-08 1.211228e-07
1.202318e-07 6.614811e-08
1.335731e-07 -1.164968e-08
1.031476e-07 -7.617692e-08
5.275718e-08 -1.124234e-07
-2.996639e-09 -1.271405e-07
-6.765681e-08 -1.219383e-07
-1.371249e-07 -7.840843e-08
-1.759624e-07 1.544420e-08
-1.406905e-07 1.272477e-07
-3.323534e-08 1.904901e-07
8.597625e-08 1.658226e-07
1.529854e-07 8.021168e-08
1.578195e-07 -9.094283e-09
1.310097e-07 -7.732236e-08
8.520821e-08 -1.355800e-07
2.748115e-09 -1.776619e-07
-1.113159e-07 -1.604149e-07
-1.962780e-07 -5.902064e-08
-1.867293e-07 7.900028e-08
-8.802221e-08 1.666472e-07
2.638244e-08 1.634547e-07
9.420035e-08 1.049200e-07
1.161503e-07 4.372433e-08
1.210596e-07 -1.013132e-08
1.078284e-07 -7.255320e-08
5.137692e-08 -1.304586e-07
-4.203756e-08 -1.386539e-07
-1.181667e-07 -7.657934e-08
-1.270485e-07 1.651198e-08
-7.557918e-08 7.896534e-08
-1.302145e-08 8.765602e-08
2.580469e-08 6.668114e-08
4.509433e-08 4.376811e-08
5.957476e-08 1.948356e-08
6.383600e-08 -1.569372e-08
4.238443e-08 -5.195396e-08
-6.480952e-10 -6.445587e-08
-3.821890e-08 -4.352124e-08
-4.803104e-08 -7.348178e-09
