1.606106e-08 -4.409112e-11
2.013534e-08 -1.735705e-08
6.930365e-09 -3.701773e-08
-2.182136e-08 -4.260794e-08
-5.031781e-08 -2.356104e-08
-5.781923e-08 1.277863e-08
-3.885629e-08 4.381902e-08
-8.657558e-09 5.450016e-08
1.698307e-08 4.962506e-08
3.781823e-08 3.855532e-08
5.764293e-08 1.779209e-08
6.541597e-08 -1.925364e-08
4.347779e-08 -5.961508e-08
-4.304572e-09 -7.451123e-08
-4.743514e-08 -5.149749e-08
-6.002497e-08 -1.096311e-08
-4.725109e-08 1.840115e-08
-3.090955e-08 3.133097e-08
-1.740922e-08 4.124612e-08
4.544273e-09 5.057565e-08
3.657017e-08 4.347600e-08
5.830926e-08 1.153060e-08
5.036543e-08 -2.763184e-08
1.939318e-08 -4.738955e-08
-9.731832e-09 -4.113588e-08
-2.225373e-08 -2.485751e-08
-2.473274e-08 -1.383600e-08
-2.906464e-08 -6.371744e-09
-3.442320e-08 7.609782e-09
-2.934348e-08 2.877285e-08
-7.893799e-09 4.450575e-08
2.090287e-08 4.180269e-08
4.049794e-08 2.099614e-08
4.218108e-08 -4.646637e-09
3.147501e-08 -2.259054e-08
1.853861e-08 -3.221360e-08
4.583504e-09 -3.979256e-08
-1.707738e-08 -4.375172e-08
-4.509626e-08 -3.180392e-08
-6.192745e-08 2.186482e-09
-4.944111e-08 4.290158e-08
-1.142223e-08 6.386039e-08
2.753184e-08 5.402704e-08
4.749002e-08 2.696799e-08
5.007532e-08 1.062769e-09
4.583701e-08 -2.080732e-08
3.358898e-08 -4.422441e-08
4.004680e-09 -6.241369e-08
-3.784434e-08 -5.645462e-08
-6.679446e-08 -1.996723e-08
-6.170992e-08 2.642119e-08
-2.888910e-08 5.353617e-08
6.313203e-09 5.227411e-08
2.746589e-08 3.620633e-08
3.769587e-08 1.886796e-08
4.343140e-08 -4.866604e-10
3.939263e-08 -2.536698e-08
1.737689e-08 -4.630963e-08
-1.588125e-08 -4.692096e-08
-3.988782e-08 -2.414271e-08
-4.081481e-08 5.866277e-09
