-2.977003e-06 -1.990923e-06
-4.433079e-06 3.824801e-07
-3.620382e-06 2.586110e-06
-2.270518e-06 3.689143e-06
-5.873676e-07 4.565502e-06
1.983884e-06 4.500255e-06
4.252662e-06 2.524328e-06
4.636602e-06 -5.058528e-07
3.077267e-06 -2.855729e-06
7.272148e-07 -3.607226e-06
-1.276044e-06 -2.919570e-06
-2.326153e-06 -1.434164e-06
-2.299707e-06 1.186466e-07
-1.509714e-06 1.130514e-06
-5.495172e-07 1.395041e-06
1.249163e-07 1.180447e-06
4.874390e-07 8.745796e-07
7.496793e-07 5.849483e-07
9.587758e-07 1.731418e-07
9.188069e-07 -3.862693e-07
4.989068e-07 -8.395652e-07
-1.148376e-07 -8.960948e-07
-5.573184e-07 -5.534111e-07
-6.347951e-07 -9.959893e-08
-4.663026e-07 1.917844e-07
-2.796758e-07 2.966456e-07
-1.466929e-07 3.516352e-07
2.134384e-08 4.064074e-07
2.594372e-07 3.567132e-07
4.356689e-07 1.260375e-07
3.965630e-07 -1.763104e-07
1.660392e-07 -3.468787e-07
-7.256353e-08 -3.066913e-07
-1.790858e-07 -1.612775e-07
-1.753573e-07 -4.697710e-08
-1.540815e-07 1.325699e-08
-1.389617e-07 7.324627e-08
-8.535953e-08 1.421903e-07
1.678738e-08 1.642603e-07
1.067415e-07 1.069819e-07
1.260577e-07 1.336973e-08
8.405889e-08 -4.994114e-08
3.229361e-08 -6.258866e-08
2.339343e-09 -4.975031e-08
-9.620856e-09 -3.667180e-08
-1.608184e-08 -2.847850e-08
-2.221921e-08 -2.231425e-08
-3.016919e-08 -1.498454e-08
-3.811451e-08 -4.988618e-10
-3.539185e-08 2.224524e-08
-1.435231e-08 3.931112e-08
1.253609e-08 3.454693e-08
2.277693e-08 1.390949e-08
1.393495e-08 1.599452e-09
8.384388e-09 7.042403e-09
2.073330e-08 1.060570e-08
3.428348e-08 -7.531435e-09
2.314357e-08 -3.573021e-08
-1.015406e-08 -4.337088e-08
-3.524487e-08 -2.097542e-08
-3.195174e-08 7.824028e-09
