-3.462173e-07 -6.786549e-06
-7.359273e-06 -6.416552e-06
-1.087948e-05 4.631267e-07
-7.431189e-06 6.662621e-06
-2.194912e-06 7.686755e-06
4.154553e-07 6.343962e-06
1.762320e-06 6.298069e-06
5.183429e-06 6.577833e-06
1.003527e-05 3.176907e-06
1.121123e-05 -4.659620e-06
5.314951e-06 -1.166365e-05
-4.164633e-06 -1.169957e-05
-9.863940e-06 -4.887593e-06
-8.476820e-06 2.449026e-06
-3.704012e-06 5.058694e-06
-8.353014e-07 3.954869e-06
-4.690032e-07 3.372813e-06
6.741079e-07 4.425617e-06
3.944797e-06 4.139997e-06
6.415524e-06 4.623140e-07
4.890111e-06 -4.238468e-06
3.238201e-07 -5.884669e-06
-3.276905e-06 -3.585240e-06
-3.563164e-06 -2.493210e-07
-1.896128e-06 1.261990e-06
-7.784442e-07 1.044875e-06
-7.354024e-07 9.036789e-07
-4.963330e-07 1.496800e-06
6.336271e-07 1.790065e-06
1.765832e-06 9.067144e-07
1.763092e-06 -5.682659e-07
7.111468e-07 -1.391987e-06
-3.405685e-07 -1.141464e-06
-6.744542e-07 -4.463464e-07
-4.853379e-07 -2.906376e-08
-3.140886e-07 2.847094e-08
-3.354122e-07 6.688364e-08
-3.300433e-07 2.607761e-07
-1.189271e-07 4.477495e-07
1.945418e-07 4.162068e-07
3.809527e-07 1.736505e-07
3.426636e-07 -9.151243e-08
1.737090e-07 -2.210969e-07
2.323713e-08 -2.105147e-07
-4.825061e-08 -1.544854e-07
-8.259590e-08 -1.191869e-07
-1.305147e-07 -8.589410e-08
-1.747351e-07 -8.062468e-09
-1.550540e-07 1.039408e-07
-5.400862e-08 1.780833e-07
6.843155e-08 1.588775e-07
1.335745e-07 6.861434e-08
1.205371e-07 -2.109478e-08
7.062725e-08 -6.447898e-08
2.813313e-08 -7.113211e-08
-9.903529e-10 -6.887767e-08
-3.132542e-08 -6.220834e-08
-6.141614e-08 -3.735621e-08
-7.094005e-08 6.082846e-09
-4.833135e-08 4.548212e-08
-7.776300e-09 5.738711e-08
