3.018364e-09 -7.670216e-08
-5.614918e-08 -1.478606e-07
-2.022039e-07 -1.870297e-07
-4.012549e-07 -5.632131e-08
-4.220791e-07 2.743886e-07
-1.216153e-07 5.297553e-07
2.750971e-07 4.438700e-07
4.368882e-07 1.151291e-07
3.217845e-07 -1.494079e-07
1.437307e-07 -2.187486e-07
4.483334e-08 -2.043487e-07
-2.811599e-08 -2.093749e-07
-1.426435e-07 -1.857885e-07
-2.366368e-07 -6.536093e-08
-2.140861e-07 9.663512e-08
-9.119722e-08 1.842124e-07
2.919752e-08 1.645566e-07
8.659370e-08 9.941218e-08
1.009069e-07 4.347771e-08
1.017284e-07 -4.074451e-09
8.287439e-08 -5.293490e-08
3.599194e-08 -8.381823e-08
-1.613444e-08 -7.670216e-08
-4.368363e-08 -4.443594e-08
-4.523033e-08 -1.552964e-08
-3.956174e-08 6.296602e-10
-3.517900e-08 1.363711e-08
-2.562388e-08 2.771717e-08
-8.227048e-09 3.531088e-08
9.265432e-09 3.178299e-08
2.050573e-08 2.188869e-08
2.656168e-08 1.029872e-08
2.809701e-08 -3.422000e-09
2.155713e-08 -1.743259e-08
7.355227e-09 -2.427235e-08
-5.775741e-09 -2.024838e-08
-1.062278e-08 -1.212965e-08
-1.100262e-08 -8.213007e-09
-1.492056e-08 -6.344359e-09
-2.074205e-08 2.069274e-09
-1.777965e-08 1.694035e-08
-1.956344e-09 2.588217e-08
1.562807e-08 1.900883e-08
2.053785e-08 2.461924e-09
1.225372e-08 -8.345439e-09
3.759688e-09 -7.425827e-09
3.912716e-09 -4.101137e-09
6.301678e-09 -8.390665e-09
-3.426853e-10 -1.596895e-08
-1.447324e-08 -1.361228e-08
-2.150769e-08 1.824094e-09
-1.233305e-08 1.698673e-08
4.243486e-09 1.778391e-08
1.227889e-08 6.545858e-09
8.226787e-09 -2.403803e-09
2.915139e-09 -2.040949e-09
4.531049e-09 4.673493e-11
7.461564e-09 -4.680172e-09
2.235653e-09 -1.196352e-08
-9.015870e-09 -1.077765e-08
-1.433462e-08 3.360109e-10
