1.138027e-07 -1.477047e-07
6.094909e-10 -3.035492e-07
-2.549335e-07 -3.336518e-07
-4.946260e-07 -1.193243e-07
-4.886756e-07 2.505535e-07
-1.964338e-07 4.969196e-07
1.510270e-07 4.491838e-07
3.203391e-07 2.216809e-07
3.099122e-07 2.208292e-08
2.496734e-07 -9.171596e-08
1.863940e-07 -1.834251e-07
7.137415e-08 -2.637879e-07
-9.605981e-08 -2.596620e-07
-2.231329e-07 -1.389293e-07
-2.317776e-07 2.399283e-08
-1.452445e-07 1.300036e-07
-4.286424e-08 1.521108e-07
2.887271e-08 1.268551e-07
7.228954e-08 8.724247e-08
9.572394e-08 3.885008e-08
9.312893e-08 -1.410281e-08
6.309971e-08 -5.399484e-08
2.181244e-08 -6.679366e-08
-1.117464e-08 -5.671904e-08
-2.898619e-08 -3.765002e-08
-3.524386e-08 -1.888206e-08
-3.452567e-08 -3.167846e-09
-2.974756e-08 8.862610e-09
-2.314365e-08 1.787403e-08
-1.460874e-08 2.549492e-08
-1.853591e-09 3.049444e-08
1.408792e-08 2.783567e-08
2.596600e-08 1.530383e-08
2.705207e-08 -9.148355e-10
1.953290e-08 -1.161359e-08
1.182816e-08 -1.501385e-08
7.360284e-09 -1.741851e-08
6.023516e-10 -2.232881e-08
-1.314781e-08 -2.337563e-08
-2.758246e-08 -1.218272e-08
-3.003474e-08 8.507812e-09
-1.647141e-08 2.467123e-08
2.526837e-09 2.563332e-08
1.333231e-08 1.540255e-08
1.401833e-08 6.168056e-09
1.345718e-08 2.613293e-09
1.661015e-08 -2.108700e-09
1.651907e-08 -1.361106e-08
4.566297e-09 -2.479121e-08
-1.482016e-08 -2.265086e-08
-2.607437e-08 -5.414710e-09
-2.005704e-08 1.319516e-08
-4.535484e-09 1.916529e-08
6.151365e-09 1.322442e-08
7.969972e-09 6.493157e-09
8.285903e-09 4.296869e-09
1.177962e-08 1.090262e-09
1.268963e-08 -7.830531e-09
4.270666e-09 -1.644148e-08
-9.269639e-09 -1.489902e-08
-1.626082e-08 -3.149240e-09
