-3.399600e-06 6.431310e-06
4.398643e-06 1.232635e-05
1.765322e-05 7.071628e-06
2.036713e-05 -1.062699e-05
5.156524e-06 -2.335836e-05
-1.345666e-05 -1.732808e-05
-1.764722e-05 -6.478636e-07
-8.195302e-06 8.681864e-06
-8.179911e-08 5.770013e-06
-1.083077e-06 1.417281e-06
-3.878564e-06 4.190275e-06
3.133896e-07 9.095010e-06
8.500825e-06 6.823264e-06
1.089737e-05 -2.241525e-06
4.676180e-06 -8.876255e-06
-3.067629e-06 -7.405243e-06
-5.239573e-06 -1.737530e-06
-2.658198e-06 1.349098e-06
-6.605295e-07 6.144299e-07
-1.358808e-06 -2.104343e-07
-2.191764e-06 1.169655e-06
-7.916645e-07 2.943402e-06
1.712429e-06 2.581376e-06
2.732713e-06 3.693121e-07
1.660136e-06 -1.407566e-06
9.759802e-08 -1.495829e-06
-5.067028e-07 -6.828062e-07
-2.916268e-07 -2.219838e-07
-1.615541e-07 -3.200326e-07
-4.370598e-07 -3.675977e-07
-6.942472e-07 -8.726921e-09
-5.330322e-07 4.748173e-07
-6.716946e-08 6.510594e-07
3.127419e-07 4.480715e-07
3.985019e-07 1.284895e-07
2.939891e-07 -6.286312e-08
1.969548e-07 -1.138595e-07
1.642344e-07 -1.544176e-07
1.037150e-07 -2.450063e-07
-5.621527e-08 -3.013520e-07
-2.463015e-07 -2.157748e-07
-3.238043e-07 -6.858631e-09
-2.324094e-07 1.868562e-07
-5.678680e-08 2.509630e-07
8.021975e-08 1.953266e-07
1.356430e-07 1.051309e-07
1.453134e-07 3.259082e-08
1.407063e-07 -3.137982e-08
1.094546e-07 -9.931046e-08
3.562647e-08 -1.454504e-07
-5.635716e-08 -1.339163e-07
-1.164958e-07 -6.618908e-08
-1.164773e-07 1.599272e-08
-7.064218e-08 6.862459e-08
-1.581414e-08 7.754920e-08
2.055857e-08 5.823332e-08
3.468907e-08 3.379386e-08
3.777971e-08 1.523884e-08
3.809043e-08 -6.444061e-10
3.278821e-08 -1.806546e-08
1.696849e-08 -3.141470e-08
