-6.235185e-07 -8.452376e-07
-1.981711e-06 -2.476610e-07
-1.984467e-06 1.317639e-06
-1.033252e-06 1.777058e-06
-8.979725e-07 1.846420e-06
-5.585742e-07 3.018671e-06
1.681516e-06 4.064316e-06
4.903610e-06 2.620042e-06
6.194739e-06 -1.468785e-06
3.858919e-06 -5.539863e-06
-7.474114e-07 -6.676361e-06
-4.575281e-06 -4.364450e-06
-5.638330e-06 -5.769808e-07
-4.302204e-06 2.343860e-06
-2.220589e-06 3.587152e-06
-4.517308e-07 3.832589e-06
1.201818e-06 3.757912e-06
3.155757e-06 3.002306e-06
4.769873e-06 8.149782e-07
4.580701e-06 -2.434147e-06
1.980700e-06 -4.892305e-06
-1.650085e-06 -4.787082e-06
-3.951171e-06 -2.274610e-06
-3.781017e-06 6.515616e-07
-2.099313e-06 2.174513e-06
-5.815874e-07 2.230607e-06
2.096651e-07 1.911893e-06
8.975056e-07 1.751734e-06
1.852409e-06 1.209883e-06
2.398710e-06 -1.672668e-07
1.715233e-06 -1.722856e-06
7.713423e-08 -2.271677e-06
-1.293959e-06 -1.473773e-06
-1.543092e-06 -1.808767e-07
-9.545810e-07 5.908883e-07
-3.565192e-07 6.645259e-07
-1.152361e-07 5.425260e-07
3.007372e-08 5.619058e-07
3.390240e-07 5.467948e-07
6.445625e-07 2.398373e-07
6.233625e-07 -2.426728e-07
2.582878e-07 -5.355553e-07
-1.409129e-07 -4.631525e-07
-3.036183e-07 -1.928172e-07
-2.421519e-07 1.384255e-08
-1.363680e-07 7.196329e-08
-9.359531e-08 7.135176e-08
-7.906094e-08 9.979532e-08
-2.493995e-08 1.430881e-07
6.654021e-08 1.380897e-07
1.339786e-07 6.537165e-08
1.315471e-07 -2.990884e-08
7.221417e-08 -8.839920e-08
6.218625e-09 -9.030069e-08
-2.974979e-08 -6.165779e-08
-3.915820e-08 -3.712150e-08
-4.625748e-08 -2.352464e-08
-5.852679e-08 -2.963730e-09
-5.723508e-08 3.314128e-08
-2.604024e-08 6.485921e-08
2.160691e-08 6.488522e-08
