3.549755e-06 -8.695324e-06
-4.458369e-06 -1.225210e-05
-1.368139e-05 -7.368208e-06
-1.569335e-05 3.543017e-06
-8.957200e-06 1.156423e-05
-3.863010e-07 1.179195e-05
3.716307e-06 7.935593e-06
4.581744e-06 5.805978e-06
7.101292e-06 5.046477e-06
1.093859e-05 7.310705e-07
1.009776e-05 -7.484995e-06
2.056112e-06 -1.276904e-05
-7.178506e-06 -9.595570e-06
-9.871299e-06 -1.218919e-06
-5.724551e-06 4.410127e-06
-1.028984e-06 4.218768e-06
-2.353715e-08 2.131150e-06
-6.691868e-07 2.268627e-06
6.782166e-07 3.619586e-06
3.610349e-06 2.738757e-06
4.672223e-06 -7.372989e-07
2.423787e-06 -3.627316e-06
-8.320146e-07 -3.498657e-06
-2.248510e-06 -1.348384e-06
-1.597876e-06 2.922507e-07
-6.496511e-07 4.680783e-07
-5.404509e-07 1.838172e-07
-7.688613e-07 4.648509e-07
-4.365824e-07 1.080769e-06
4.419033e-07 1.189111e-06
1.102658e-06 5.380201e-07
1.033007e-06 -3.198636e-07
4.538131e-07 -7.484113e-07
-7.576305e-08 -6.452614e-07
-2.679505e-07 -3.592137e-07
-2.621044e-07 -1.996904e-07
-3.042826e-07 -1.455927e-07
-4.098214e-07 -7.590357e-10
-3.844316e-07 2.760687e-07
-1.199397e-07 4.851806e-07
2.298955e-07 4.261660e-07
4.077465e-07 1.428171e-07
3.299931e-07 -1.305664e-07
1.397486e-07 -2.295457e-07
6.936196e-09 -1.935545e-07
-4.384494e-08 -1.463822e-07
-8.726547e-08 -1.257371e-07
-1.508629e-07 -7.763690e-08
-1.781842e-07 2.603696e-08
-1.197402e-07 1.303187e-07
-5.961726e-09 1.609192e-07
8.447667e-08 1.063411e-07
1.032304e-07 2.146017e-08
6.624202e-08 -3.207580e-08
2.397404e-08 -3.666078e-08
1.052695e-08 -2.021783e-08
1.809568e-08 -1.857811e-08
1.492406e-08 -3.689931e-08
-1.322280e-08 -4.762285e-08
-4.389344e-08 -2.751412e-08
-4.562788e-08 9.997908e-09
