-5.730918e-08 1.344850e-08
-4.841258e-08 7.805766e-08
2.325800e-08 1.161483e-07
1.061743e-07 8.029964e-08
1.348231e-07 -8.036690e-09
9.227454e-08 -8.467062e-08
2.155679e-08 -1.041525e-07
-2.404147e-08 -8.195741e-08
-4.192508e-08 -6.339895e-08
-6.878547e-08 -5.467913e-08
-1.096060e-07 -1.664152e-08
-1.143419e-07 6.441637e-08
-4.551703e-08 1.339447e-07
5.723536e-08 1.262092e-07
1.131506e-07 4.782447e-08
9.302000e-08 -2.838131e-08
4.478780e-08 -5.115655e-08
2.315703e-08 -4.215865e-08
2.289314e-08 -4.964174e-08
1.844122e-10 -7.629969e-08
-5.683089e-08 -7.749053e-08
-1.049544e-07 -2.470400e-08
-9.630222e-08 5.199080e-08
-3.560030e-08 9.433423e-08
2.493615e-08 7.966435e-08
4.524158e-08 4.181021e-08
3.997855e-08 2.502902e-08
5.180906e-08 2.679075e-08
8.642014e-08 2.612672e-09
9.387323e-08 -6.725702e-08
2.993625e-08 -1.341246e-07
-7.559096e-08 -1.270844e-07
-1.390132e-07 -4.010895e-08
-1.163166e-07 5.433530e-08
-5.046483e-08 9.004471e-08
-7.761729e-09 7.998819e-08
9.135041e-09 7.892686e-08
4.903504e-08 9.153419e-08
1.199256e-07 6.168426e-08
1.547255e-07 -3.750410e-08
9.322690e-08 -1.429128e-07
-3.048090e-08 -1.642304e-07
-1.192157e-07 -9.039799e-08
-1.228231e-07 3.090693e-09
-8.070422e-08 5.090799e-08
-4.972782e-08 6.389621e-08
-2.819082e-08 8.352128e-08
2.071759e-08 1.043973e-07
9.237674e-08 8.012575e-08
1.291781e-07 -1.344021e-09
9.127543e-08 -8.602290e-08
8.977642e-09 -1.118667e-07
-5.327212e-08 -7.612408e-08
-6.785111e-08 -2.578320e-08
-5.770525e-08 5.168689e-09
-4.863942e-08 2.408690e-08
-3.530934e-08 4.708306e-08
-2.488863e-09 6.422524e-08
3.987221e-08 5.265477e-08
6.167621e-08 1.260288e-08
4.827392e-08 -2.765285e-08
