-3.555798e-06 2.374799e-07
-3.946925e-06 4.499793e-06
-8.662207e-07 5.120258e-06
-2.048221e-06 4.014646e-06
-2.455634e-06 8.856899e-06
5.762777e-06 1.260716e-05
1.560225e-05 5.713801e-06
1.553885e-05 -7.529184e-06
5.319632e-06 -1.529237e-05
-5.623386e-06 -1.283350e-05
-1.019291e-05 -5.141229e-06
-8.921625e-06 1.323110e-06
-5.613242e-06 4.556787e-06
-2.396363e-06 5.645738e-06
4.933502e-07 5.493390e-06
2.918258e-06 4.195000e-06
4.367088e-06 1.952675e-06
4.461975e-06 -6.423622e-07
3.169161e-06 -2.852833e-06
8.543060e-07 -3.910070e-06
-1.557292e-06 -3.318496e-06
-2.893751e-06 -1.426415e-06
-2.634620e-06 5.840672e-07
-1.375156e-06 1.631862e-06
-1.751207e-07 1.597218e-06
4.398597e-07 1.119019e-06
6.771543e-07 7.224498e-07
8.687671e-07 3.914259e-07
9.811950e-07 -8.322965e-08
7.715910e-07 -6.361670e-07
2.135011e-07 -9.432036e-07
-3.916463e-07 -7.935831e-07
-6.951947e-07 -3.204731e-07
-6.097473e-07 1.389260e-07
-3.304585e-07 3.545471e-07
-9.670707e-08 3.562027e-07
2.797139e-08 3.073386e-07
1.359028e-07 2.799463e-07
2.798688e-07 1.984411e-07
3.677045e-07 -2.782031e-09
2.814632e-07 -2.365655e-07
5.188640e-08 -3.355768e-07
-1.533245e-07 -2.441473e-07
-2.114098e-07 -7.413360e-08
-1.564429e-07 3.696801e-08
-9.527507e-08 6.660988e-08
-6.811167e-08 7.947853e-08
-3.526356e-08 1.087827e-07
3.060542e-08 1.196321e-07
9.609452e-08 7.711917e-08
1.135845e-07 8.987461e-10
7.748228e-08 -5.973016e-08
2.083023e-08 -7.655306e-08
-2.124661e-08 -5.628791e-08
-3.325387e-08 -2.399320e-08
-2.231804e-08 -4.742637e-09
-1.192512e-08 -7.220794e-09
-2.086578e-08 -1.428161e-08
-3.903893e-08 -5.787427e-10
-3.578913e-08 3.212610e-08
-1.463980e-09 5.030835e-08
