2.183607e-07 5.907356e-08
3.059161e-07 -1.408064e-07
1.891205e-07 -3.939665e-07
-1.229347e-07 -4.892453e-07
-4.237054e-07 -3.069808e-07
-4.893626e-07 3.025839e-08
-3.186948e-07 2.718852e-07
-1.074179e-07 3.209506e-07
2.321370e-08 2.884737e-07
1.322894e-07 2.629152e-07
2.728076e-07 1.806904e-07
3.502290e-07 -1.938381e-08
2.523864e-07 -2.376643e-07
3.212090e-08 -3.113468e-07
-1.413621e-07 -2.158011e-07
-1.815257e-07 -7.553398e-08
-1.488348e-07 6.853251e-09
-1.236693e-07 4.775968e-08
-9.923900e-08 9.944375e-08
-3.131689e-08 1.466829e-07
6.489765e-08 1.334274e-07
1.218656e-07 5.488075e-08
1.054169e-07 -2.842239e-08
5.018846e-08 -6.297641e-08
8.823038e-09 -5.328497e-08
-3.719354e-09 -3.634334e-08
-6.844330e-09 -3.218122e-08
-1.776738e-08 -3.267406e-08
-3.408178e-08 -2.376283e-08
-4.357381e-08 -2.950488e-09
-3.794446e-08 2.118005e-08
-1.836613e-08 3.656447e-08
4.765581e-09 3.563807e-08
1.840962e-08 2.217583e-08
1.883333e-08 9.340907e-09
1.600463e-08 5.702285e-09
2.069711e-08 4.440528e-09
2.829395e-08 -7.312165e-09
2.268019e-08 -2.834791e-08
-1.684008e-09 -4.022725e-08
-2.851325e-08 -2.844626e-08
-3.634448e-08 -1.435051e-09
-2.293394e-08 1.822225e-08
-6.056247e-09 1.965384e-08
-2.784722e-10 1.349134e-08
-4.801705e-10 1.416606e-08
7.187877e-09 1.944978e-08
2.303575e-08 1.445382e-08
3.077243e-08 -5.994538e-09
1.803905e-08 -2.705457e-08
-6.501030e-09 -2.996117e-08
-2.211423e-08 -1.402550e-08
-1.957112e-08 3.595464e-09
-9.240093e-09 9.283994e-09
-4.687701e-09 7.202365e-09
-5.103171e-09 8.948889e-09
9.674351e-11 1.488456e-08
1.273404e-08 1.369621e-08
2.069741e-08 5.252966e-11
1.368689e-08 -1.545984e-08
-2.432222e-09 -1.855066e-08
