1.806641e-07 9.296810e-08
3.042520e-07 -9.456311e-08
2.153686e-07 -3.676496e-07
-9.964545e-08 -5.002598e-07
-4.441324e-07 -3.327696e-07
-5.461966e-07 4.775256e-08
-3.442010e-07 3.480518e-07
-6.057152e-08 3.879031e-07
7.977916e-08 2.813300e-07
1.077222e-07 2.386993e-07
2.129554e-07 2.683485e-07
4.352038e-07 1.713156e-07
5.565169e-07 -1.632743e-07
3.535832e-07 -5.470237e-07
-9.841811e-08 -6.609875e-07
-4.714928e-07 -4.162697e-07
-5.440674e-07 -4.805512e-08
-4.160892e-07 1.836966e-07
-3.038826e-07 2.863667e-07
-2.146959e-07 4.262864e-07
2.878287e-08 5.931907e-07
4.485524e-07 5.449586e-07
7.627356e-07 1.412896e-07
6.786860e-07 -3.995704e-07
2.467220e-07 -7.001061e-07
-2.017326e-07 -6.247866e-07
-4.322786e-07 -3.601854e-07
-4.904923e-07 -1.162253e-07
-4.983863e-07 1.020812e-07
-4.214959e-07 3.657417e-07
-1.508916e-07 5.911555e-07
2.552730e-07 5.816235e-07
5.538504e-07 2.834116e-07
5.627375e-07 -1.152724e-07
3.375193e-07 -3.767588e-07
6.646572e-08 -4.317870e-07
-1.379626e-07 -3.629385e-07
-2.802137e-07 -2.405124e-07
-3.648484e-07 -6.254826e-08
-3.386320e-07 1.552326e-07
-1.734846e-07 3.189860e-07
5.439986e-08 3.334726e-07
2.178723e-07 2.062296e-07
2.545589e-07 3.565409e-08
1.982269e-07 -9.108405e-08
1.096063e-07 -1.557340e-07
1.606336e-08 -1.742627e-07
-7.471868e-08 -1.488023e-07
-1.386496e-07 -7.587475e-08
-1.441471e-07 1.996790e-08
-9.056238e-08 9.090816e-08
-1.578472e-08 1.071075e-07
3.881596e-08 7.935597e-08
6.034389e-08 3.850109e-08
5.977840e-08 4.049700e-09
4.839494e-08 -2.186552e-08
2.843358e-08 -3.988643e-08
2.056137e-09 -4.518993e-08
-2.161070e-08 -3.442475e-08
-3.237263e-08 -1.348378e-08
-2.837177e-08 5.924186e-09
