-6.528902e-08 -2.813867e-09
-7.680525e-08 6.463507e-08
-1.732048e-08 1.240049e-07
7.347701e-08 1.097171e-07
1.178599e-07 3.076071e-08
8.957585e-08 -4.407318e-08
3.073213e-08 -6.522933e-08
-5.245041e-09 -4.406079e-08
-7.101698e-09 -2.295546e-08
-1.422824e-09 -2.349472e-08
-1.179932e-08 -3.197302e-08
-3.366757e-08 -2.518564e-08
-4.476787e-08 8.058301e-10
-3.204597e-08 2.743027e-08
-5.946778e-09 3.438951e-08
1.104971e-08 2.138181e-08
9.093447e-09 7.688533e-09
1.455419e-09 9.271236e-09
7.444482e-09 1.925307e-08
2.689431e-08 1.626566e-08
3.807066e-08 -7.757405e-09
2.355254e-08 -3.465079e-08
-7.279848e-09 -3.964081e-08
-2.796906e-08 -2.016003e-08
-2.539279e-08 2.193029e-09
-1.268589e-08 8.747359e-09
-9.104594e-09 4.876882e-09
-1.422281e-08 8.517381e-09
-1.055405e-08 2.274858e-08
9.794155e-09 2.987878e-08
3.105602e-08 1.508896e-08
3.181350e-08 -1.223569e-08
1.143560e-08 -2.818859e-08
-9.632768e-09 -2.227084e-08
-1.509429e-08 -7.271990e-09
-9.859372e-09 -7.134493e-11
-8.311409e-09 -7.644842e-10
-1.254901e-08 2.741519e-09
-1.092432e-08 1.385231e-08
2.873521e-09 2.060465e-08
1.828340e-08 1.205371e-08
2.014307e-08 -5.828580e-09
7.586228e-09 -1.667636e-08
-5.771330e-09 -1.323391e-08
-9.191672e-09 -3.822452e-09
-5.782970e-09 7.946410e-10
-4.337560e-09 5.330830e-10
-6.014980e-09 2.327564e-09
-4.483876e-09 7.683144e-09
2.852412e-09 1.007685e-08
9.852540e-09 4.745003e-09
9.483552e-09 -4.100371e-09
2.730525e-09 -8.433212e-09
-3.323814e-09 -5.967754e-09
-4.366756e-09 -1.422594e-09
-2.553928e-09 5.455692e-10
-1.755945e-09 3.465506e-10
-2.285887e-09 8.930200e-10
-1.748311e-09 2.703682e-09
6.904518e-10 3.514948e-09
2.977515e-09 1.853535e-09
