3.412877e-06 3.784711e-06
7.674336e-06 8.349367e-08
6.607941e-06 -6.893214e-06
-4.625826e-07 -1.026200e-05
-7.313321e-06 -6.503823e-06
-8.234114e-06 3.775090e-07
-4.408121e-06 4.017878e-06
-1.453552e-06 3.349488e-06
-1.573044e-06 2.768696e-06
-1.179719e-06 4.889778e-06
2.890364e-06 6.416533e-06
7.801256e-06 3.044962e-06
7.950697e-06 -3.767690e-06
2.477764e-06 -7.915728e-06
-3.427062e-06 -6.107390e-06
-4.970904e-06 -1.465015e-06
-3.007446e-06 1.106574e-06
-1.564210e-06 8.880135e-07
-2.014562e-06 8.712891e-07
-1.998016e-06 2.611635e-06
3.326511e-07 4.042092e-06
3.333060e-06 2.740400e-06
4.054651e-06 -5.362540e-07
2.036754e-06 -2.831382e-06
-4.335614e-07 -2.621375e-06
-1.351269e-06 -1.134784e-06
-9.859073e-07 -2.271375e-07
-7.184063e-07 -1.700295e-07
-9.709839e-07 -9.337843e-09
-1.004265e-06 6.880439e-07
-3.011873e-07 1.277855e-06
6.520687e-07 1.072489e-06
1.051052e-06 2.607896e-07
7.360430e-07 -4.173169e-07
2.071963e-07 -5.572767e-07
-7.441727e-08 -3.683159e-07
-1.074364e-07 -2.197984e-07
-1.305406e-07 -1.984042e-07
-2.370724e-07 -1.522309e-07
-3.104807e-07 1.171392e-08
-2.343240e-07 2.036093e-07
-4.582439e-08 2.811585e-07
1.200488e-07 2.106938e-07
1.760291e-07 7.847441e-08
1.446477e-07 -1.748359e-08
9.877975e-08 -5.541079e-08
7.226970e-08 -7.616091e-08
4.019302e-08 -1.079471e-07
-2.497052e-08 -1.262925e-07
-1.011514e-07 -9.125283e-08
-1.343446e-07 -7.082158e-09
-9.993355e-08 7.358157e-08
-2.881972e-08 1.036118e-07
2.965099e-08 8.374896e-08
5.553640e-08 4.686418e-08
6.104681e-08 1.535039e-08
5.883195e-08 -1.235173e-08
4.520601e-08 -4.036892e-08
1.487409e-08 -5.867088e-08
-2.195563e-08 -5.365587e-08
-4.554598e-08 -2.669554e-08
