-9.556463e-07 -2.405399e-06
-4.448157e-06 -1.694001e-06
-5.215304e-06 2.433251e-06
-1.908658e-06 4.740130e-06
9.907747e-07 3.495659e-06
1.446096e-06 1.657180e-06
1.039129e-06 1.170392e-06
1.470732e-06 1.321381e-06
2.529757e-06 5.821491e-07
2.726484e-06 -1.279320e-06
1.238365e-06 -2.891269e-06
-1.030303e-06 -2.825023e-06
-2.371663e-06 -1.172441e-06
-2.041950e-06 6.135652e-07
-8.357666e-07 1.305604e-06
2.309163e-08 9.949611e-07
1.789198e-07 5.820924e-07
1.749939e-07 5.609808e-07
4.901576e-07 6.095324e-07
9.169722e-07 2.466901e-07
9.197549e-07 -4.547193e-07
3.524600e-07 -9.452007e-07
-3.592353e-07 -8.394479e-07
-6.952765e-07 -3.097307e-07
-5.559833e-07 1.620219e-07
-2.567361e-07 3.057581e-07
-9.860665e-08 2.540353e-07
-6.170795e-08 2.559947e-07
5.379938e-08 3.299206e-07
2.867253e-07 2.828772e-07
4.357033e-07 2.199562e-08
3.231564e-07 -2.807068e-07
3.185219e-08 -3.811416e-07
-1.921377e-07 -2.433408e-07
-2.203386e-07 -4.803623e-08
-1.411534e-07 4.524262e-08
-9.213174e-08 5.357959e-08
-8.652491e-08 7.649930e-08
-4.764142e-08 1.313692e-07
4.710744e-08 1.455656e-07
1.285675e-07 7.721101e-08
1.311322e-07 -2.444730e-08
6.861180e-08 -8.442289e-08
2.087453e-09 -8.199080e-08
-3.040416e-08 -4.901801e-08
-3.258693e-08 -2.015557e-08
-2.407224e-08 -7.487014e-09
-2.030209e-08 -6.583543e-09
-2.702536e-08 -4.586440e-09
-3.498462e-08 1.112685e-08
-2.514748e-08 3.611163e-08
6.395362e-09 4.607019e-08
3.467021e-08 2.540242e-08
3.280603e-08 -6.896731e-09
8.950014e-09 -1.727617e-08
-2.443689e-09 -2.181035e-09
1.199248e-08 6.904836e-09
2.543147e-08 -1.136771e-08
9.220852e-09 -3.639667e-08
-2.520695e-08 -3.330138e-08
-4.027183e-08 -1.122244e-09
