1.267802e-08 2.939695e-09
1.865266e-08 -9.205190e-09
1.322076e-08 -2.517604e-08
-3.891794e-09 -3.495630e-08
-2.598226e-08 -3.086314e-08
-4.142662e-08 -1.221887e-08
-4.220300e-08 1.169083e-08
-3.110922e-08 3.057385e-08
-1.461369e-08 4.267567e-08
7.417314e-09 4.931924e-08
3.661530e-08 4.369756e-08
6.187839e-08 1.590928e-08
6.201235e-08 -2.766857e-08
2.987021e-08 -6.040739e-08
-1.362955e-08 -6.048788e-08
-3.977927e-08 -3.503442e-08
-4.269257e-08 -9.097046e-09
-3.861164e-08 6.262890e-09
-3.648304e-08 2.165001e-08
-2.449638e-08 4.352867e-08
7.370710e-09 5.601340e-08
4.379892e-08 3.969229e-08
5.679104e-08 8.311446e-10
3.852484e-08 -3.181694e-08
9.429102e-09 -3.901738e-08
-7.871339e-09 -2.907112e-08
-1.257699e-08 -2.103407e-08
-1.873303e-08 -1.919317e-08
-3.146520e-08 -1.164971e-08
-3.888161e-08 9.431001e-09
-2.757622e-08 3.428664e-08
-2.749025e-10 4.476633e-08
2.555271e-08 3.375832e-08
3.553788e-08 1.194735e-08
3.173068e-08 -5.229012e-09
2.607548e-08 -1.459915e-08
2.233695e-08 -2.523763e-08
1.026834e-08 -4.083785e-08
-1.809470e-08 -4.806555e-08
-5.039099e-08 -2.985262e-08
-6.112189e-08 1.041291e-08
-3.936021e-08 4.654585e-08
-2.113617e-09 5.585375e-08
2.536882e-08 4.162566e-08
3.670598e-08 2.285305e-08
4.297714e-08 7.020971e-09
4.763169e-08 -1.490849e-08
3.675814e-08 -4.531936e-08
8.752852e-10 -6.499447e-08
-4.323409e-08 -5.202431e-08
-6.468617e-08 -1.070952e-08
-5.130303e-08 2.979869e-08
-2.035038e-08 4.643648e-08
5.070960e-09 4.234145e-08
2.032308e-08 3.290409e-08
3.362867e-08 2.185553e-08
4.432578e-08 1.450477e-09
3.944117e-08 -2.729668e-08
1.324291e-08 -4.712738e-08
-1.974523e-08 -4.235157e-08
-3.784326e-08 -1.755996e-08
