-1.609974e-07 8.987070e-08
-9.001334e-08 2.819451e-07
1.657352e-07 3.460845e-07
3.931107e-07 1.482846e-07
3.696390e-07 -1.591560e-07
1.363119e-07 -3.141167e-07
-7.469883e-08 -2.464874e-07
-1.282646e-07 -1.127062e-07
-1.033971e-07 -5.656958e-08
-1.205061e-07 -4.555415e-08
-1.622084e-07 2.077232e-08
-1.283059e-07 1.336468e-07
-3.195432e-09 1.854377e-07
1.135587e-07 1.212177e-07
1.329108e-07 6.709533e-09
7.209679e-08 -5.952986e-08
1.200021e-08 -5.284444e-08
-1.328846e-09 -2.267742e-08
1.169057e-08 -1.703312e-08
1.054604e-08 -3.471725e-08
-1.520896e-08 -4.403132e-08
-4.270859e-08 -2.589912e-08
-4.650246e-08 7.893206e-09
-2.490933e-08 3.048639e-08
4.682020e-10 2.778174e-08
7.985199e-09 1.144389e-08
-1.391437e-09 4.961506e-09
-6.096214e-09 1.643188e-08
9.587487e-09 2.823826e-08
3.435100e-08 1.788299e-08
4.111899e-08 -1.305438e-08
1.931649e-08 -3.801064e-08
-1.154892e-08 -3.563623e-08
-2.486373e-08 -1.401409e-08
-1.759241e-08 1.598967e-09
-9.732847e-09 9.718345e-10
-1.480817e-08 -1.117573e-09
-2.155912e-08 1.104937e-08
-1.091723e-08 2.970088e-08
1.552029e-08 3.211186e-08
3.434114e-08 1.055094e-08
2.823741e-08 -1.639482e-08
6.280109e-09 -2.578013e-08
-9.012827e-09 -1.634137e-08
-9.235646e-09 -5.631209e-09
-6.163753e-09 -4.741534e-09
-1.103969e-08 -5.634133e-09
-1.754627e-08 3.490977e-09
-1.166991e-08 1.830665e-08
6.619636e-09 2.233530e-08
2.078178e-08 8.975483e-09
1.784679e-08 -9.075189e-09
3.739315e-09 -1.549062e-08
-5.979302e-09 -9.249502e-09
-5.706830e-09 -2.274795e-09
-3.326102e-09 -1.703471e-09
-5.725184e-09 -2.260153e-09
-8.716418e-09 2.789600e-09
-4.683718e-09 1.012128e-08
5.009566e-09 1.078341e-08
1.102964e-08 2.907017e-09
