-1.200420e-06 4.646428e-07
-1.008966e-06 1.330762e-06
-1.026471e-06 1.435603e-06
-1.381948e-06 2.709374e-06
6.653252e-07 4.524820e-06
4.310172e-06 3.358744e-06
5.520249e-06 -7.613801e-07
3.011581e-06 -4.052595e-06
-5.081748e-07 -4.114501e-06
-2.284105e-06 -2.144885e-06
-2.228972e-06 -4.020491e-07
-1.684027e-06 4.368834e-07
-1.249340e-06 9.612654e-07
-6.168475e-07 1.439832e-06
3.105770e-07 1.491023e-06
1.051851e-06 9.112002e-07
1.192191e-06 8.324382e-08
8.509063e-07 -4.964034e-07
4.011460e-07 -7.106006e-07
2.233150e-08 -7.198904e-07
-3.137980e-07 -6.103047e-07
-5.821277e-07 -3.362532e-07
-6.397646e-07 6.748239e-08
-4.244817e-07 4.036182e-07
-8.226619e-08 4.965168e-07
1.726796e-07 3.734711e-07
2.695046e-07 1.969421e-07
2.873575e-07 6.067908e-08
2.851896e-07 -6.899489e-08
2.172374e-07 -2.190220e-07
4.251051e-08 -3.109341e-07
-1.582745e-07 -2.521003e-07
-2.477562e-07 -7.690694e-08
-1.912439e-07 7.633420e-08
-8.477285e-08 1.229776e-07
-2.222552e-08 1.049354e-07
3.920847e-09 9.604856e-08
4.587060e-08 9.606758e-08
9.947015e-08 5.831951e-08
1.114130e-07 -1.727607e-08
6.445143e-08 -7.469919e-08
2.894736e-09 -7.735823e-08
-2.857814e-08 -4.728197e-08
-3.160374e-08 -2.228615e-08
-2.948499e-08 -1.010263e-08
-2.874366e-08 3.696064e-10
-2.381644e-08 1.047648e-08
-1.720661e-08 1.576860e-08
-1.292653e-08 2.100599e-08
-3.198617e-09 2.983499e-08
1.762902e-08 3.015881e-08
3.445089e-08 1.042620e-08
2.767134e-08 -1.569031e-08
4.641518e-09 -2.216357e-08
-6.303799e-09 -7.674787e-09
4.210781e-09 8.588148e-10
1.249073e-08 -1.243124e-08
-3.158033e-09 -2.798160e-08
-2.916535e-08 -1.841016e-08
-3.401994e-08 1.172699e-08
-1.103376e-08 3.087366e-08
