8.866394e-08 -3.304856e-07
-2.659990e-07 -4.635146e-07
-6.618193e-07 -1.962845e-07
-6.913389e-07 3.407763e-07
-2.828308e-07 7.063662e-07
2.054479e-07 6.297236e-07
3.904596e-07 3.101698e-07
3.203332e-07 1.436980e-07
3.648970e-07 1.769686e-07
6.379002e-07 3.954027e-08
7.433641e-07 -4.949049e-07
2.645301e-07 -1.059773e-06
-5.999082e-07 -1.035034e-06
-1.139180e-06 -3.192714e-07
-9.347728e-07 4.782752e-07
-3.450692e-07 7.457053e-07
-1.693692e-10 5.775423e-07
3.197596e-08 5.235242e-07
2.494305e-07 7.171753e-07
8.639368e-07 6.309066e-07
1.315371e-06 -1.367961e-07
9.242622e-07 -1.129266e-06
-1.563686e-07 -1.447660e-06
-1.020718e-06 -8.290971e-07
-1.062809e-06 5.483174e-08
-6.045830e-07 4.679463e-07
-3.093885e-07 4.469141e-07
-2.691760e-07 5.161154e-07
-2.763758e-08 7.941648e-07
5.901394e-07 8.012046e-07
1.090214e-06 1.993688e-07
9.169320e-07 -6.318917e-07
1.854368e-07 -1.000022e-06
-4.568298e-07 -7.085522e-07
-5.991191e-07 -1.966969e-07
-4.298448e-07 8.177187e-08
-3.184993e-07 1.452164e-07
-2.999988e-07 2.620842e-07
-1.431999e-07 4.635938e-07
2.085399e-07 4.987701e-07
4.971488e-07 2.235565e-07
4.717478e-07 -1.694333e-07
1.916649e-07 -3.758041e-07
-7.596966e-08 -3.158816e-07
-1.721488e-07 -1.547541e-07
-1.579472e-07 -5.215743e-08
-1.484598e-07 -4.828998e-09
-1.493369e-07 6.232487e-08
-9.485526e-08 1.473565e-07
2.130086e-08 1.741238e-07
1.210587e-07 1.064622e-07
1.364000e-07 -8.776919e-10
8.116661e-08 -6.887555e-08
1.855903e-08 -7.484180e-08
-1.297803e-08 -5.246848e-08
-2.257572e-08 -3.561632e-08
-3.194481e-08 -2.548031e-08
-4.230184e-08 -7.897506e-09
-3.976288e-08 1.771293e-08
-1.953193e-08 3.601818e-08
5.921184e-09 3.528118e-08
