1.309620e-05 -7.045957e-06
5.367113e-06 -2.053202e-05
-1.244108e-05 -2.034012e-05
-2.158308e-05 -5.298627e-06
-1.551130e-05 8.488669e-06
-4.915794e-06 1.078519e-05
-8.486412e-07 6.737302e-06
-1.973119e-06 6.366512e-06
6.187479e-07 1.036485e-05
9.221006e-06 1.011474e-05
1.540822e-05 8.427208e-07
1.119761e-05 -1.061452e-05
-1.901070e-07 -1.386357e-05
-8.261399e-06 -7.472969e-06
-7.760810e-06 4.423653e-07
-3.216461e-06 2.929267e-06
-1.246349e-06 1.367199e-06
-2.332655e-06 1.117271e-06
-2.219825e-06 3.503954e-06
1.010813e-06 4.942602e-06
4.427493e-06 2.730790e-06
4.568576e-06 -1.294887e-06
1.763076e-06 -3.456239e-06
-8.938420e-07 -2.659443e-06
-1.488048e-06 -8.673165e-07
-8.333341e-07 -7.737150e-08
-5.512555e-07 -2.424282e-07
-9.393327e-07 -1.804245e-07
-1.110806e-06 5.453748e-07
-4.912207e-07 1.249085e-06
4.857904e-07 1.199328e-06
1.031625e-06 4.791445e-07
8.825943e-07 -2.587678e-07
4.048581e-07 -5.531678e-07
5.467161e-08 -4.775967e-07
-6.670129e-08 -3.563566e-07
-1.511835e-07 -3.330750e-07
-3.303515e-07 -2.775988e-07
-4.888709e-07 -4.342442e-08
-4.262254e-07 2.911310e-07
-1.259411e-07 4.862682e-07
2.042469e-07 4.057096e-07
3.512475e-07 1.520351e-07
2.946103e-07 -6.908096e-08
1.667534e-07 -1.604964e-07
7.218676e-08 -1.728619e-07
3.619479e-09 -1.768063e-07
-8.103065e-08 -1.661218e-07
-1.653741e-07 -9.782002e-08
-1.884847e-07 2.131366e-08
-1.241853e-07 1.249366e-07
-1.518603e-08 1.530025e-07
6.857164e-08 1.054042e-07
8.976102e-08 3.221492e-08
6.387906e-08 -1.554763e-08
3.284507e-08 -2.463039e-08
2.280419e-08 -1.884092e-08
2.440214e-08 -2.519160e-08
1.266193e-08 -4.226251e-08
-1.696610e-08 -4.540690e-08
-4.055190e-08 -2.205588e-08
