3.681749e-06 -3.194713e-06
7.205097e-07 -7.261551e-06
-5.699309e-06 -7.368510e-06
-1.011650e-05 -1.601503e-06
-8.182974e-06 5.425253e-06
-2.315017e-06 7.895323e-06
1.698718e-06 5.756221e-06
2.194325e-06 3.762842e-06
2.958575e-06 4.135266e-06
6.473178e-06 3.333998e-06
9.058559e-06 -2.022077e-06
5.632687e-06 -8.747064e-06
-2.472808e-06 -1.012101e-05
-8.150679e-06 -4.584280e-06
-7.108523e-06 2.112801e-06
-2.606495e-06 4.242128e-06
-2.651491e-07 2.636958e-06
-7.690464e-07 1.956829e-06
-3.487771e-07 3.529341e-06
2.740985e-06 4.014390e-06
5.457712e-06 9.337777e-07
4.345774e-06 -3.415632e-06
3.011525e-07 -4.920382e-06
-2.733276e-06 -2.804878e-06
-2.695886e-06 -1.090422e-08
-1.186310e-06 9.105568e-07
-5.405588e-07 4.538211e-07
-8.699486e-07 4.638018e-07
-7.156272e-07 1.293350e-06
4.501140e-07 1.682499e-06
1.546823e-06 8.333453e-07
1.488922e-06 -5.119956e-07
5.209827e-07 -1.152202e-06
-3.123229e-07 -8.436802e-07
-4.704311e-07 -2.784777e-07
-2.749540e-07 -4.940199e-08
-2.142930e-07 -8.550013e-08
-3.308943e-07 -2.748259e-08
-3.479352e-07 2.138083e-07
-1.271535e-07 4.126572e-07
1.751151e-07 3.706897e-07
3.288643e-07 1.381811e-07
2.731632e-07 -8.507654e-08
1.262419e-07 -1.696599e-07
2.369632e-08 -1.457439e-07
-9.839451e-09 -1.146280e-07
-3.969791e-08 -1.169902e-07
-1.075718e-07 -1.036030e-07
-1.686870e-07 -2.240202e-08
-1.492405e-07 9.645611e-08
-4.460267e-08 1.646139e-07
6.772053e-08 1.347804e-07
1.128578e-07 4.867942e-08
9.074524e-08 -1.953318e-08
5.315251e-08 -4.306869e-08
3.154973e-08 -4.851055e-08
1.261620e-08 -5.951803e-08
-2.184591e-08 -6.368834e-08
-5.845247e-08 -3.907701e-08
-6.733925e-08 7.668855e-09
-4.052239e-08 4.456975e-08
