-4.037273e-06 -3.918083e-06
-8.092452e-06 6.462366e-08
-6.756151e-06 5.751514e-06
-2.432533e-06 7.734730e-06
5.800696e-07 7.261436e-06
3.015362e-06 7.076092e-06
6.860017e-06 6.071717e-06
1.073799e-05 1.603969e-06
1.064615e-05 -5.952228e-06
4.498676e-06 -1.205058e-05
-4.590294e-06 -1.184499e-05
-1.044536e-05 -5.284135e-06
-9.686081e-06 2.468823e-06
-4.764894e-06 6.230600e-06
-5.971578e-07 5.676288e-06
9.619671e-07 4.231679e-06
1.989094e-06 3.934463e-06
4.262589e-06 3.191942e-06
6.152861e-06 1.239230e-09
4.832187e-06 -4.324016e-06
4.529914e-07 -6.219523e-06
-3.555024e-06 -4.172038e-06
-4.356245e-06 -4.400024e-07
-2.564806e-06 1.797012e-06
-7.618372e-07 1.834313e-06
-2.145241e-07 1.284425e-06
-5.717334e-08 1.367924e-06
7.294091e-07 1.548107e-06
1.728916e-06 8.355285e-07
1.828110e-06 -5.700663e-07
8.169557e-07 -1.517637e-06
-3.827930e-07 -1.355244e-06
-8.798194e-07 -5.530868e-07
-6.818538e-07 5.673237e-08
-3.628125e-07 1.995064e-07
-2.618991e-07 1.765831e-07
-2.453710e-07 2.722273e-07
-8.437698e-08 4.208426e-07
1.994540e-07 4.063254e-07
3.965447e-07 1.788951e-07
3.734517e-07 -1.021657e-07
1.918522e-07 -2.587540e-07
7.028201e-09 -2.525770e-07
-8.884236e-08 -1.702341e-07
-1.165708e-07 -1.016276e-07
-1.374892e-07 -5.646478e-08
-1.623625e-07 8.471941e-09
-1.444475e-07 1.043210e-07
-5.335463e-08 1.770287e-07
6.927135e-08 1.654340e-07
1.441704e-07 7.475053e-08
1.348219e-07 -2.688246e-08
7.505765e-08 -8.005066e-08
1.931884e-08 -8.320291e-08
-1.323629e-08 -6.927584e-08
-3.692019e-08 -5.547104e-08
-6.023393e-08 -3.241522e-08
-6.925608e-08 6.543909e-09
-4.951133e-08 4.534598e-08
-9.399768e-09 6.002277e-08
2.558642e-08 4.447287e-08
