-3.736455e-06 -7.117049e-07
-4.804762e-06 2.939629e-06
-2.784543e-06 5.851193e-06
-2.514174e-07 7.039894e-06
3.075485e-06 7.844817e-06
8.114295e-06 6.280787e-06
1.177546e-05 3.146291e-07
1.007664e-05 -7.634938e-06
2.933058e-06 -1.246307e-05
-5.505712e-06 -1.103518e-05
-1.034773e-05 -4.627689e-06
-9.633179e-06 2.454707e-06
-5.278353e-06 6.431579e-06
-8.066053e-07 6.675996e-06
1.869915e-06 5.185756e-06
3.387836e-06 3.720712e-06
4.848311e-06 2.003345e-06
5.626571e-06 -9.466554e-07
4.088564e-06 -4.389335e-06
2.322029e-07 -5.918999e-06
-3.500817e-06 -4.169286e-06
-4.589152e-06 -6.081699e-07
-3.015519e-06 1.990687e-06
-8.744501e-07 2.420250e-06
2.111694e-07 1.722252e-06
4.861982e-07 1.281956e-06
9.236143e-07 1.154061e-06
1.582129e-06 5.693051e-07
1.661041e-06 -5.832589e-07
7.954425e-07 -1.473089e-06
-3.702990e-07 -1.404018e-06
-9.645399e-07 -6.233006e-07
-8.175349e-07 9.431050e-08
-4.159633e-07 3.359893e-07
-1.927726e-07 2.913462e-07
-1.356251e-07 2.860272e-07
-2.520100e-08 3.630114e-07
1.934825e-07 3.515424e-07
3.698277e-07 1.637526e-07
3.644647e-07 -9.491608e-08
1.995994e-07 -2.602542e-07
7.526872e-09 -2.696668e-07
-1.078783e-07 -1.836975e-07
-1.411837e-07 -9.329810e-08
-1.449720e-07 -3.203758e-08
-1.481859e-07 2.617998e-08
-1.263380e-07 1.020969e-07
-4.886421e-08 1.645799e-07
6.219194e-08 1.601404e-07
1.401102e-07 7.989091e-08
1.400806e-07 -2.252614e-08
8.150511e-08 -8.449791e-08
1.784623e-08 -9.132434e-08
-2.072494e-08 -7.161676e-08
-4.177044e-08 -5.071926e-08
-5.858480e-08 -2.725641e-08
-6.517790e-08 6.887994e-09
-4.837871e-08 4.238450e-08
-1.176345e-08 5.844156e-08
2.327514e-08 4.629229e-08
3.784596e-08 1.828240e-08
