1.340557e-06 -2.726383e-06
-2.427742e-06 -5.750043e-06
-8.152735e-06 -2.665447e-06
-7.624092e-06 4.578433e-06
-1.271001e-06 7.511439e-06
3.598612e-06 4.225896e-06
3.231901e-06 -1.002629e-07
5.041686e-07 -8.948992e-07
-1.082142e-07 9.088609e-07
1.818812e-06 1.396809e-06
3.028009e-06 -7.925618e-07
1.401467e-06 -3.128230e-06
-1.466618e-06 -2.916005e-06
-2.690360e-06 -6.085527e-07
-1.625582e-06 1.244169e-06
-6.982800e-08 1.259377e-06
3.493403e-07 3.730853e-07
-1.211485e-07 7.919978e-08
-2.673935e-07 5.588111e-07
3.449029e-07 8.658013e-07
1.016093e-06 3.738885e-07
9.693665e-07 -5.083459e-07
2.594666e-07 -9.642381e-07
-4.275184e-07 -7.090932e-07
-5.949381e-07 -1.597428e-07
-3.645875e-07 1.557395e-07
-1.622240e-07 1.488856e-07
-1.685021e-07 1.102903e-07
-1.875640e-07 2.420993e-07
1.178525e-09 4.013540e-07
3.124840e-07 3.276057e-07
4.558910e-07 8.753393e-09
2.978009e-07 -2.911046e-07
7.703993e-09 -3.451071e-07
-1.654121e-07 -1.968313e-07
-1.640350e-07 -4.780063e-08
-1.136145e-07 7.232591e-10
-1.114102e-07 1.438983e-08
-1.188367e-07 7.306960e-08
-6.056249e-08 1.478218e-07
5.093075e-08 1.555435e-07
1.315824e-07 7.718013e-08
1.289353e-07 -2.408247e-08
6.741317e-08 -8.041601e-08
4.055468e-09 -7.816846e-08
-2.706406e-08 -4.662695e-08
-2.746177e-08 -1.933541e-08
-1.827186e-08 -1.141219e-08
-2.013126e-08 -1.500592e-08
-3.490525e-08 -8.942506e-09
-4.178575e-08 1.686315e-08
-2.132486e-08 4.395727e-08
1.526547e-08 4.364492e-08
3.423536e-08 1.501199e-08
2.141273e-08 -9.928926e-09
1.566355e-09 -6.861327e-09
4.642673e-09 8.723581e-09
2.421751e-08 4.338482e-09
2.689269e-08 -2.275491e-08
-3.352229e-10 -4.053160e-08
-3.103840e-08 -2.548994e-08
