-1.183759e-07 -5.164315e-08
-1.982693e-07 5.675708e-08
-1.533408e-07 2.384126e-07
5.930246e-08 3.326190e-07
2.855556e-07 2.094868e-07
3.268020e-07 -4.028976e-08
1.805075e-07 -2.005116e-07
2.741685e-08 -1.897470e-07
-1.340843e-08 -1.302514e-07
-1.752653e-08 -1.449090e-07
-1.070718e-07 -1.823680e-07
-2.515912e-07 -1.057866e-07
-2.940466e-07 9.737743e-08
-1.549854e-07 2.740166e-07
5.868724e-08 2.812531e-07
1.763489e-07 1.512093e-07
1.611186e-07 3.964046e-08
1.349195e-07 2.355515e-08
1.948339e-07 5.023432e-09
2.542000e-07 -1.415427e-07
1.365371e-07 -3.557315e-07
-1.685470e-07 -4.103676e-07
-4.280835e-07 -1.838200e-07
-4.132304e-07 1.565986e-07
-1.745818e-07 3.314264e-07
3.131586e-08 2.789079e-07
8.058286e-08 1.924020e-07
1.165757e-07 2.090125e-07
2.845240e-07 1.973110e-07
4.533669e-07 -3.300917e-08
3.543707e-07 -3.922764e-07
-3.213705e-08 -5.518134e-07
-3.932651e-07 -3.445909e-07
-4.448106e-07 1.988221e-08
-2.522053e-07 2.236869e-07
-8.661524e-08 2.168768e-07
-4.693519e-08 1.964198e-07
1.805723e-08 2.627527e-07
2.145638e-07 2.691377e-07
3.947483e-07 6.509998e-08
3.395039e-07 -2.416479e-07
6.240106e-08 -3.880194e-07
-1.942143e-07 -2.739722e-07
-2.510897e-07 -5.979922e-08
-1.685642e-07 6.080145e-08
-1.038345e-07 7.810329e-08
-9.003700e-08 1.033643e-07
-3.816338e-08 1.669965e-07
8.686383e-08 1.776160e-07
1.917141e-07 7.235391e-08
1.757009e-07 -7.823154e-08
6.052814e-08 -1.526237e-07
-4.465499e-08 -1.190176e-07
-7.502946e-08 -4.824279e-08
-5.987607e-08 -8.322846e-09
-5.128445e-08 4.542007e-09
-5.187077e-08 2.608206e-08
-3.152351e-08 5.733553e-08
1.382904e-08 6.564782e-08
5.104762e-08 3.587020e-08
5.233287e-08 -7.485794e-09
