2.686160e-07 1.238907e-08
3.272667e-07 -2.431979e-07
1.410990e-07 -4.961043e-07
-2.074494e-07 -5.362236e-07
-4.969353e-07 -3.036470e-07
-5.391019e-07 5.517946e-08
-3.540323e-07 3.073643e-07
-1.263590e-07 3.715454e-07
3.659713e-08 3.464832e-07
1.809841e-07 3.009430e-07
3.321886e-07 1.771516e-07
3.877576e-07 -5.712712e-08
2.557728e-07 -2.820415e-07
1.289522e-08 -3.408511e-07
-1.661981e-07 -2.270050e-07
-2.035011e-07 -7.428337e-08
-1.659254e-07 1.648560e-08
-1.333589e-07 6.378450e-08
-9.848628e-08 1.173241e-07
-2.102987e-08 1.595599e-07
7.892438e-08 1.369501e-07
1.329757e-07 5.013898e-08
1.103186e-07 -3.669275e-08
4.973285e-08 -7.026136e-08
5.825942e-09 -5.768848e-08
-7.051701e-09 -3.832447e-08
-9.867090e-09 -3.276407e-08
-2.052216e-08 -3.215978e-08
-3.613299e-08 -2.206673e-08
-4.415610e-08 -6.650063e-10
-3.711713e-08 2.278349e-08
-1.734556e-08 3.682710e-08
4.859492e-09 3.533832e-08
1.785714e-08 2.258472e-08
1.888932e-08 1.061913e-08
1.724982e-08 6.731450e-09
2.232853e-08 4.279866e-09
2.922007e-08 -8.318167e-09
2.284643e-08 -2.922657e-08
-1.525334e-09 -4.076138e-08
-2.814606e-08 -2.931833e-08
-3.657617e-08 -2.974092e-09
-2.449634e-08 1.688398e-08
-8.402429e-09 1.977136e-08
-1.918510e-09 1.524044e-08
-4.762550e-10 1.637964e-08
8.400502e-09 2.084323e-08
2.438829e-08 1.478375e-08
3.177543e-08 -6.153385e-09
1.894588e-08 -2.738026e-08
-5.583220e-09 -3.077502e-08
-2.177678e-08 -1.553261e-08
-2.045976e-08 2.062955e-09
-1.104469e-08 8.839954e-09
-6.179650e-09 8.207915e-09
-5.312314e-09 1.054717e-08
9.664258e-10 1.588970e-08
1.372509e-08 1.374572e-08
2.122292e-08 -3.376524e-10
1.392140e-08 -1.580741e-08
-2.212819e-09 -1.895672e-08
