-2.885239e-08 -9.913276e-09
-6.973706e-08 2.295877e-08
-6.390199e-08 1.051290e-07
3.215350e-08 1.555259e-07
1.430843e-07 9.522448e-08
1.605508e-07 -3.379085e-08
7.574097e-08 -1.189644e-07
-2.375055e-08 -1.063917e-07
-6.127735e-08 -4.103926e-08
-3.971520e-08 3.905970e-09
-1.202203e-08 3.693022e-09
-1.406813e-08 -1.202519e-08
-3.481321e-08 -6.178372e-09
-3.945666e-08 2.444167e-08
-1.179718e-08 4.962151e-08
2.712824e-08 4.127340e-08
4.190191e-08 5.981905e-09
2.260513e-08 -2.134702e-08
-3.938065e-09 -1.720369e-08
-6.560580e-09 3.739540e-09
1.259138e-08 8.335698e-09
2.228839e-08 -1.255217e-08
3.365480e-09 -3.257003e-08
-2.594777e-08 -2.418523e-08
-3.312916e-08 5.669196e-09
-1.249795e-08 2.468868e-08
9.122647e-09 1.633800e-08
8.373687e-09 -1.169010e-09
-5.503034e-09 -1.731756e-09
-6.174523e-09 1.332762e-08
1.230516e-08 1.867516e-08
2.711824e-08 9.101542e-10
1.765180e-08 -2.242639e-08
-7.005023e-09 -2.570980e-08
-2.043744e-08 -7.946291e-09
-1.275703e-08 8.183705e-09
-2.128437e-10 7.277750e-09
-1.869215e-10 -9.224168e-10
-7.982133e-09 1.009359e-09
-6.347779e-09 1.229753e-08
8.093196e-09 1.574847e-08
1.922374e-08 2.871318e-09
1.331188e-08 -1.366084e-08
-2.894125e-09 -1.662419e-08
-1.188630e-08 -5.862119e-09
-7.786291e-09 3.943050e-09
-9.078030e-10 3.755229e-09
-1.051799e-09 -1.475656e-10
-4.704339e-09 1.695421e-09
-2.623198e-09 7.634514e-09
5.511175e-09 8.285216e-09
1.054678e-08 6.827833e-10
6.621914e-09 -7.512091e-09
-1.502781e-09 -8.367937e-09
-5.508958e-09 -3.137622e-09
-3.721988e-09 1.130962e-09
-1.103772e-09 1.167226e-09
-1.285962e-09 2.923962e-11
-2.448405e-09 1.153048e-09
-1.284304e-09 3.482963e-09
1.926445e-09 3.656928e-09
