8.019011e-09 3.365280e-08
5.997499e-08 3.174985e-08
9.521866e-08 -1.632281e-08
9.815426e-08 -7.879250e-08
5.648063e-08 -1.563963e-07
-6.327134e-08 -1.959362e-07
-1.971992e-07 -1.176125e-07
-2.270883e-07 4.485330e-08
-1.325823e-07 1.674554e-07
-5.587231e-09 1.840810e-07
7.529491e-08 1.367331e-07
1.153487e-07 8.361068e-08
1.435938e-07 2.571123e-08
1.462388e-07 -5.429255e-08
9.409618e-08 -1.319964e-07
8.102981e-10 -1.599581e-07
-8.389996e-08 -1.254259e-07
-1.267260e-07 -5.825929e-08
-1.304744e-07 9.379154e-09
-1.089901e-07 6.677347e-08
-6.652543e-08 1.117409e-07
-4.265379e-09 1.352593e-07
6.740420e-08 1.248229e-07
1.280206e-07 7.533256e-08
1.543417e-07 -3.785185e-09
1.320562e-07 -8.763563e-08
6.702848e-08 -1.461557e-07
-1.767391e-08 -1.620065e-07
-9.951754e-08 -1.354758e-07
-1.640039e-07 -7.049701e-08
-1.908914e-07 3.001074e-08
-1.510917e-07 1.428460e-07
-3.932362e-08 2.136610e-07
9.636503e-08 1.949192e-07
1.839098e-07 9.735922e-08
1.924349e-07 -1.789009e-08
1.487726e-07 -1.038103e-07
8.422480e-08 -1.608785e-07
-5.526558e-09 -1.954985e-07
-1.238881e-07 -1.765114e-07
-2.204304e-07 -7.068329e-08
-2.192371e-07 8.652973e-08
-1.078467e-07 1.977894e-07
3.529745e-08 1.985832e-07
1.216227e-07 1.199811e-07
1.381663e-07 3.742618e-08
1.293759e-07 -2.008221e-08
1.140361e-07 -7.725571e-08
6.242661e-08 -1.399610e-07
-3.829889e-08 -1.607963e-07
-1.351424e-07 -9.838822e-08
-1.563253e-07 1.542000e-08
-9.363581e-08 9.964041e-08
-8.985332e-09 1.099433e-07
3.969856e-08 7.423569e-08
5.262648e-08 4.092394e-08
6.054999e-08 1.930264e-08
6.874665e-08 -1.174337e-08
5.333573e-08 -5.394467e-08
5.858535e-09 -7.676933e-08
-4.434777e-08 -5.684493e-08
