-6.059362e-07 1.765809e-06
1.415734e-06 2.682788e-06
3.783834e-06 1.026408e-06
3.565929e-06 -2.243666e-06
6.879422e-07 -3.851153e-06
-1.950147e-06 -2.530006e-06
-2.252094e-06 -2.104387e-07
-1.010902e-06 8.060082e-07
-2.104003e-07 4.122516e-07
-4.466513e-07 6.521793e-08
-7.205450e-07 5.369558e-07
-1.907548e-07 1.148486e-06
7.426779e-07 9.880620e-07
1.141882e-06 1.287369e-07
7.345713e-07 -6.026895e-07
8.746784e-08 -6.833545e-07
-2.008993e-07 -3.660527e-07
-1.359208e-07 -1.750894e-07
-1.161876e-07 -2.358295e-07
-3.214446e-07 -2.453075e-07
-5.078320e-07 2.420865e-08
-3.799167e-07 4.002038e-07
1.044013e-08 5.357898e-07
3.342002e-07 3.327859e-07
3.755584e-07 2.080233e-08
2.275621e-07 -1.482915e-07
1.005103e-07 -1.588834e-07
5.590044e-08 -1.510564e-07
2.289618e-09 -1.846304e-07
-1.126063e-07 -1.814686e-07
-2.121995e-07 -7.504965e-08
-2.009440e-07 7.828476e-08
-8.930407e-08 1.673951e-07
2.905257e-08 1.520841e-07
8.610244e-08 8.207649e-08
8.633899e-08 1.982143e-08
6.555279e-08 -1.447564e-08
4.477337e-08 -3.038910e-08
2.723073e-08 -3.821368e-08
1.120058e-08 -4.244437e-08
-6.828839e-09 -4.358609e-08
-2.799680e-08 -3.570812e-08
-4.260604e-08 -1.322650e-08
-3.698023e-08 1.430040e-08
-1.459357e-08 2.615854e-08
1.785359e-09 1.660193e-08
-1.784564e-09 5.588290e-09
-1.035866e-08 1.254771e-08
-7.525515e-10 2.805765e-08
2.419404e-08 2.605047e-08
3.756463e-08 8.818038e-10
2.457449e-08 -2.373421e-08
1.524160e-09 -2.631285e-08
-8.094859e-09 -1.418819e-08
-4.525223e-09 -8.941704e-09
-6.563669e-09 -1.433685e-08
-2.072188e-08 -1.294019e-08
-3.017184e-08 5.905310e-09
-1.825162e-08 2.803405e-08
7.537030e-09 3.147796e-08
2.402170e-08 1.427435e-08
