-4.889021e-06 2.085699e-06
-4.136525e-06 5.502423e-06
-2.108807e-06 8.288582e-06
2.379015e-06 1.087777e-05
1.005036e-05 9.291288e-06
1.507126e-05 7.881633e-07
1.179244e-05 -9.334237e-06
2.573807e-06 -1.356618e-05
-5.647257e-06 -1.051142e-05
-8.990397e-06 -4.315827e-06
-8.267908e-06 1.091391e-06
-5.564814e-06 4.512899e-06
-2.081077e-06 5.958956e-06
1.285142e-06 5.419863e-06
3.483321e-06 3.356363e-06
4.055083e-06 8.867881e-07
3.441978e-06 -1.095054e-06
2.219239e-06 -2.404291e-06
5.941536e-07 -3.010913e-06
-1.142594e-06 -2.643676e-06
-2.272180e-06 -1.292172e-06
-2.221873e-06 3.323983e-07
-1.254573e-06 1.302661e-06
-2.187262e-07 1.344576e-06
3.245019e-07 9.323845e-07
4.830894e-07 5.944712e-07
6.055516e-07 3.912589e-07
7.557041e-07 9.843682e-08
7.201093e-07 -3.367485e-07
3.772212e-07 -6.859119e-07
-1.075841e-07 -7.158184e-07
-4.493418e-07 -4.427503e-07
-5.146255e-07 -8.927523e-08
-3.930841e-07 1.493332e-07
-2.423512e-07 2.516366e-07
-1.176571e-07 3.019509e-07
2.783126e-08 3.326917e-07
2.097305e-07 2.821566e-07
3.406145e-07 1.059821e-07
3.185133e-07 -1.220212e-07
1.547745e-07 -2.633937e-07
-3.022336e-08 -2.549873e-07
-1.335205e-07 -1.562063e-07
-1.530102e-07 -5.878702e-08
-1.408759e-07 7.766034e-09
-1.186039e-07 6.433136e-08
-6.978226e-08 1.144241e-07
6.161679e-09 1.291177e-07
7.360280e-08 9.212272e-08
9.775516e-08 2.718867e-08
7.850060e-08 -2.687379e-08
4.094524e-08 -5.065756e-08
8.457507e-09 -4.860349e-08
-8.803522e-09 -3.499308e-08
-1.281760e-08 -2.381000e-08
-1.479415e-08 -2.131189e-08
-2.503135e-08 -1.973046e-08
-3.831781e-08 -5.356788e-09
-3.674930e-08 2.073413e-08
-1.390595e-08 3.811897e-08
1.201484e-08 3.145512e-08
