-7.950856e-06 -2.178892e-06
-9.893768e-06 4.354471e-06
-6.478921e-06 9.742036e-06
-1.384049e-06 1.195470e-05
4.513579e-06 1.198764e-05
1.075394e-05 8.415971e-06
1.397781e-05 8.745316e-07
1.165464e-05 -7.333176e-06
4.865326e-06 -1.220550e-05
-3.100820e-06 -1.189906e-05
-8.834751e-06 -7.030387e-06
-1.007548e-05 -1.762297e-07
-6.919912e-06 5.147258e-06
-2.027016e-06 6.699993e-06
1.516900e-06 5.182977e-06
2.832870e-06 3.024919e-06
3.195204e-06 1.551354e-06
3.573620e-06 1.457929e-07
3.304069e-06 -1.841028e-06
1.520189e-06 -3.511961e-06
-1.063876e-06 -3.434684e-06
-2.666284e-06 -1.606801e-06
-2.431366e-06 4.284761e-07
-1.189180e-06 1.323355e-06
-2.344523e-07 1.149701e-06
5.821285e-08 8.071848e-07
1.922791e-07 7.604937e-07
5.653807e-07 7.163185e-07
9.597590e-07 2.995905e-07
9.440828e-07 -3.664061e-07
4.563483e-07 -8.221962e-07
-1.437717e-07 -7.987787e-07
-4.806909e-07 -4.446684e-07
-4.930311e-07 -9.048217e-08
-3.752212e-07 9.567175e-08
-2.895788e-07 1.878965e-07
-2.071447e-07 3.019637e-07
-2.502245e-08 4.036208e-07
2.324144e-07 3.573147e-07
3.995310e-07 1.266645e-07
3.538643e-07 -1.469545e-07
1.541125e-07 -2.872082e-07
-3.667707e-08 -2.570876e-07
-1.256069e-07 -1.550719e-07
-1.433533e-07 -7.274138e-08
-1.481532e-07 -1.261748e-08
-1.399765e-07 5.720886e-08
-8.739380e-08 1.253361e-07
3.289998e-09 1.463308e-07
8.219238e-08 1.028865e-07
1.080422e-07 2.750175e-08
8.269269e-08 -3.279464e-08
3.779698e-08 -5.468860e-08
4.394860e-09 -4.546019e-08
-5.815973e-09 -2.859404e-08
-3.709865e-09 -2.384156e-08
-9.933536e-09 -3.035341e-08
-3.067986e-08 -2.816670e-08
-4.706780e-08 -3.847731e-09
-3.738534e-08 2.785073e-08
-7.568277e-09 3.891960e-08
