1.828761e-08 9.466264e-09
3.210097e-08 -3.013472e-09
3.531885e-08 -2.521465e-08
2.087301e-08 -4.868209e-08
-1.141160e-08 -5.785989e-08
-4.430365e-08 -3.971573e-08
-5.399513e-08 -3.588538e-09
-3.659768e-08 2.410692e-08
-1.266598e-08 2.805649e-08
-2.763887e-09 1.900606e-08
-4.689630e-09 1.725452e-08
-2.015721e-10 2.609746e-08
1.842766e-08 2.881555e-08
3.667869e-08 1.216914e-08
3.564094e-08 -1.472491e-08
1.569904e-08 -3.043548e-08
-4.444256e-09 -2.649457e-08
-1.109444e-08 -1.517997e-08
-1.027419e-08 -1.096343e-08
-1.536945e-08 -1.137275e-08
-2.571563e-08 -2.875810e-09
-2.603948e-08 1.694338e-08
-7.969095e-09 3.217209e-08
1.598929e-08 2.739430e-08
2.604623e-08 7.567644e-09
1.859989e-08 -8.193381e-09
8.103840e-09 -1.046115e-08
5.788206e-09 -8.459029e-09
5.532732e-09 -1.307415e-08
-3.977562e-09 -1.935887e-08
-1.952022e-08 -1.370798e-08
-2.505982e-08 5.056770e-09
-1.277591e-08 2.122234e-08
6.083010e-09 2.090937e-08
1.511885e-08 8.199603e-09
1.174178e-08 -2.302110e-09
6.317607e-09 -4.355627e-09
5.574662e-09 -4.510698e-09
4.713912e-09 -8.763151e-09
-2.459326e-09 -1.258283e-08
-1.212786e-08 -8.070547e-09
-1.448307e-08 3.528632e-09
-6.676078e-09 1.220091e-08
3.638444e-09 1.127566e-08
8.045013e-09 4.367363e-09
6.342470e-09 -9.112458e-10
3.865754e-09 -2.265847e-09
3.149965e-09 -2.934771e-09
1.882109e-09 -4.897805e-09
-1.782627e-09 -5.821905e-09
-5.525259e-09 -3.159177e-09
-5.803851e-09 1.598211e-09
-2.516109e-09 4.513961e-09
1.054868e-09 3.854280e-09
2.266715e-09 1.501094e-09
1.571641e-09 5.764400e-11
9.466977e-10 -2.747222e-11
1.148542e-09 -6.873501e-11
1.254475e-09 -8.503825e-10
4.084259e-10 -1.633561e-09
-8.625087e-10 -1.368248e-09
