4.446110e-07 -1.089808e-06
-5.059727e-07 -1.478235e-06
-1.352027e-06 -9.282729e-07
-1.506705e-06 -7.708238e-08
-1.217427e-06 5.745345e-07
-7.276070e-07 9.686610e-07
-1.645056e-07 1.076682e-06
3.176156e-07 9.301665e-07
6.567414e-07 6.427604e-07
8.697696e-07 2.538147e-07
8.842562e-07 -2.427718e-07
5.786787e-07 -7.045036e-07
2.713912e-08 -8.630374e-07
-4.546050e-07 -6.167753e-07
-6.049381e-07 -1.855398e-07
-4.772512e-07 1.240533e-07
-3.121227e-07 2.411308e-07
-2.100411e-07 3.148476e-07
-5.985395e-08 4.200419e-07
2.099382e-07 4.256576e-07
4.508497e-07 2.040539e-07
4.533943e-07 -1.402313e-07
2.158119e-07 -3.573735e-07
-5.073988e-08 -3.321810e-07
-1.713273e-07 -1.806415e-07
-1.686261e-07 -6.652670e-08
-1.570761e-07 -1.459675e-08
-1.634573e-07 4.969220e-08
-1.214254e-07 1.431788e-07
-5.414994e-09 1.901712e-07
1.110211e-07 1.354348e-07
1.440748e-07 2.436707e-08
9.573651e-08 -5.407495e-08
3.346493e-08 -6.627968e-08
3.938291e-09 -4.679929e-08
-1.211689e-09 -3.556115e-08
-8.307572e-09 -3.642708e-08
-2.407124e-08 -3.344885e-08
-3.866886e-08 -1.900716e-08
-4.326683e-08 2.924547e-09
-3.446226e-08 2.476332e-08
-1.385122e-08 3.708216e-08
8.286522e-09 3.277692e-08
1.797689e-08 1.750345e-08
1.414341e-08 7.684953e-09
1.247969e-08 9.944944e-09
2.381302e-08 9.879599e-09
3.517717e-08 -8.232727e-09
2.458778e-08 -3.534831e-08
-7.371880e-09 -4.447575e-08
-3.393202e-08 -2.459913e-08
-3.393356e-08 4.415006e-09
-1.647928e-08 1.691038e-08
-5.698972e-09 1.224824e-08
-8.042441e-09 1.034440e-08
-6.854653e-09 2.057931e-08
1.047588e-08 2.801021e-08
3.175665e-08 1.487112e-08
3.401918e-08 -1.317186e-08
1.291061e-08 -3.168934e-08
-1.161366e-08 -2.643414e-08
