3.879682e-06 -1.190813e-05
-8.217129e-06 -1.596836e-05
-1.928635e-05 -6.788989e-06
-1.815479e-05 7.137662e-06
-8.491267e-06 1.396658e-05
-8.906837e-08 1.254516e-05
3.322964e-06 9.254554e-06
5.507779e-06 8.069042e-06
1.000916e-05 6.040516e-06
1.366987e-05 -9.935520e-07
1.040067e-05 -1.045600e-05
2.818330e-07 -1.446547e-05
-8.924939e-06 -9.345911e-06
-1.040958e-05 -3.314568e-07
-5.643940e-06 4.783184e-06
-1.206544e-06 4.286846e-06
-3.445888e-07 2.561094e-06
-5.045572e-07 2.978163e-06
1.378192e-06 3.947178e-06
4.236238e-06 2.414237e-06
4.768955e-06 -1.295739e-06
2.151538e-06 -3.917788e-06
-1.062269e-06 -3.472347e-06
-2.290943e-06 -1.268800e-06
-1.595839e-06 2.751223e-07
-7.248049e-07 4.347711e-07
-6.394616e-07 2.394300e-07
-7.874115e-07 5.813170e-07
-3.670807e-07 1.158542e-06
5.227874e-07 1.186165e-06
1.135900e-06 4.951228e-07
1.026345e-06 -3.476638e-07
4.472872e-07 -7.495246e-07
-6.359919e-08 -6.457728e-07
-2.545776e-07 -3.803859e-07
-2.725519e-07 -2.309400e-07
-3.376975e-07 -1.585570e-07
-4.395116e-07 1.583290e-08
-3.894820e-07 3.037452e-07
-1.076402e-07 5.000243e-07
2.387222e-07 4.267644e-07
4.079559e-07 1.452098e-07
3.351097e-07 -1.204172e-07
1.575229e-07 -2.250446e-07
2.483140e-08 -2.068790e-07
-4.301138e-08 -1.694846e-07
-1.031958e-07 -1.395143e-07
-1.674232e-07 -7.471818e-08
-1.838304e-07 3.578382e-08
-1.182330e-07 1.354540e-07
-6.373214e-09 1.616792e-07
8.126113e-08 1.098211e-07
1.037573e-07 2.916544e-08
7.361842e-08 -2.659364e-08
3.294425e-08 -3.886125e-08
1.395189e-08 -2.759375e-08
1.514517e-08 -2.409348e-08
1.089264e-08 -3.718781e-08
-1.388391e-08 -4.564968e-08
-4.216386e-08 -2.769664e-08
-4.542713e-08 7.208740e-09
