-2.971332e-07 -1.749557e-07
-6.176423e-07 9.865078e-08
-5.788117e-07 7.119825e-07
8.982757e-08 1.116562e-06
8.948679e-07 7.657151e-07
1.088902e-06 -8.571277e-08
5.961067e-07 -6.731168e-07
1.279518e-08 -6.484133e-07
-1.947481e-07 -3.546322e-07
-1.547931e-07 -2.319176e-07
-2.260181e-07 -2.670035e-07
-4.417777e-07 -1.534281e-07
-5.062862e-07 1.929608e-07
-2.452133e-07 4.976062e-07
1.492771e-07 4.894754e-07
3.656888e-07 2.235050e-07
3.259813e-07 -3.439636e-08
1.949875e-07 -1.366418e-07
1.153944e-07 -1.540675e-07
6.115103e-08 -1.891714e-07
-4.426726e-08 -2.178419e-07
-1.740575e-07 -1.570116e-07
-2.267249e-07 -1.078464e-08
-1.618402e-07 1.216841e-07
-4.323014e-08 1.622883e-07
4.494557e-08 1.238519e-07
7.771121e-08 6.515453e-08
7.863241e-08 2.015212e-08
6.882580e-08 -1.216112e-08
5.068167e-08 -3.703007e-08
2.484319e-08 -5.052889e-08
-1.321382e-09 -5.001808e-08
-2.161778e-08 -3.926843e-08
-3.419131e-08 -2.219009e-08
-3.655211e-08 -1.777419e-09
-2.717060e-08 1.483555e-08
-1.265621e-08 2.000769e-08
-4.079840e-09 1.620727e-08
-3.134440e-09 1.464238e-08
4.493902e-10 1.960127e-08
1.319573e-08 2.126253e-08
2.613569e-08 9.777286e-09
2.570392e-08 -8.950120e-09
1.246171e-08 -1.956116e-08
3.130369e-10 -1.720984e-08
-2.767738e-09 -1.234509e-08
-4.343796e-09 -1.370259e-08
-1.368359e-08 -1.485476e-08
-2.520117e-08 -4.296453e-09
-2.400494e-08 1.546439e-08
-6.477801e-09 2.778511e-08
1.305238e-08 2.198566e-08
1.931759e-08 6.329905e-09
1.372408e-08 -3.617107e-09
9.084042e-09 -4.710340e-09
1.008621e-08 -6.968962e-09
7.542911e-09 -1.560837e-08
-5.831434e-09 -2.103084e-08
-2.140067e-08 -1.174238e-08
-2.338086e-08 7.931769e-09
-9.041918e-09 2.084943e-08
