3.938513e-08 1.425027e-07
1.921465e-07 1.168106e-07
2.872023e-07 -3.906553e-08
2.433863e-07 -2.380197e-07
5.922470e-08 -3.695155e-07
-1.784412e-07 -3.405687e-07
-3.315104e-07 -1.669357e-07
-3.425996e-07 3.639576e-08
-2.623243e-07 1.845453e-07
-1.492521e-07 2.760996e-07
-9.166623e-09 3.268149e-07
1.621403e-07 3.123030e-07
3.229977e-07 1.967654e-07
3.992022e-07 -7.187239e-09
3.444073e-07 -2.284804e-07
1.752795e-07 -3.848326e-07
-5.023085e-08 -4.306986e-07
-2.744944e-07 -3.586992e-07
-4.470951e-07 -1.734313e-07
-5.028073e-07 1.033845e-07
-3.774235e-07 3.916871e-07
-8.185903e-08 5.555276e-07
2.570949e-07 4.975074e-07
4.773186e-07 2.537666e-07
5.119721e-07 -4.034727e-08
4.088896e-07 -2.815102e-07
2.235501e-07 -4.520574e-07
-4.306909e-08 -5.351360e-07
-3.611659e-07 -4.506827e-07
-5.867738e-07 -1.505041e-07
-5.538887e-07 2.479965e-07
-2.629105e-07 5.121887e-07
9.135027e-08 5.093166e-07
3.123614e-07 3.201828e-07
3.735091e-07 1.092481e-07
3.606720e-07 -6.190285e-08
3.012184e-07 -2.310139e-07
1.381166e-07 -3.840019e-07
-1.270355e-07 -4.079264e-07
-3.547446e-07 -2.313492e-07
-3.905701e-07 5.008625e-08
-2.338689e-07 2.504928e-07
-2.949352e-08 2.791667e-07
9.728298e-08 2.002579e-07
1.449175e-07 1.150563e-07
1.702213e-07 4.436448e-08
1.783351e-07 -4.573032e-08
1.246747e-07 -1.462101e-07
4.642722e-09 -1.900891e-07
-1.116175e-07 -1.358557e-07
-1.492436e-07 -2.554705e-08
-1.056666e-07 5.990805e-08
-3.885537e-08 8.303356e-08
4.200412e-09 6.806573e-08
2.413123e-08 5.055684e-08
4.073238e-08 3.564310e-08
5.460919e-08 1.031799e-08
4.973830e-08 -2.371475e-08
2.196499e-08 -4.615361e-08
-1.094690e-08 -4.268871e-08
-2.825105e-08 -2.110339e-08
