-1.201232e-08 2.045814e-07
3.023004e-07 3.661129e-07
7.446831e-07 8.487895e-08
7.186585e-07 -5.707165e-07
9.027217e-08 -9.547217e-07
-5.983050e-07 -6.665794e-07
-7.519054e-07 1.809620e-09
-3.629626e-07 4.150508e-07
3.832003e-08 3.184813e-07
6.295608e-08 6.504543e-08
-1.020374e-07 7.707490e-08
-4.564068e-08 2.880455e-07
2.610570e-07 3.013309e-07
4.427142e-07 -1.448791e-08
2.568325e-07 -3.425127e-07
-9.049333e-08 -3.538019e-07
-2.450680e-07 -1.134469e-07
-1.457680e-07 6.711375e-08
-2.121423e-08 4.950340e-08
-3.584801e-08 -2.138601e-08
-1.070566e-07 1.637348e-08
-8.083814e-08 1.240035e-07
4.400090e-08 1.549698e-07
1.372621e-07 6.528843e-08
1.175596e-07 -4.892859e-08
3.301724e-08 -8.830046e-08
-2.441968e-08 -5.402917e-08
-2.453632e-08 -1.240751e-08
-3.765863e-09 -5.339273e-09
-1.855584e-09 -2.000893e-08
-2.126654e-08 -2.421108e-08
-3.838466e-08 -5.476113e-09
-3.371538e-08 2.249794e-08
-8.903486e-09 3.717032e-08
1.645130e-08 2.784907e-08
2.275140e-08 5.525385e-09
9.887974e-09 -7.166165e-09
-1.781292e-09 -1.176859e-10
5.154338e-09 1.163708e-08
2.247434e-08 5.746977e-09
2.494780e-08 -1.781388e-08
2.844945e-09 -3.400817e-08
-2.347276e-08 -2.349536e-08
-2.802101e-08 2.319634e-09
-1.150202e-08 1.589032e-08
1.643599e-09 8.782379e-09
-2.894635e-09 1.779746e-10
-1.099462e-08 7.824012e-09
-2.020350e-09 2.217871e-08
2.010694e-08 1.961322e-08
3.015969e-08 -3.835179e-09
1.493534e-08 -2.502936e-08
-9.013033e-09 -2.299859e-08
-1.710355e-08 -4.963579e-09
-7.641543e-09 5.559235e-09
-2.570091e-10 6.936138e-10
-6.219642e-09 -4.091440e-09
-1.327370e-08 4.732121e-09
-5.273381e-09 1.790769e-08
1.286329e-08 1.644627e-08
2.070825e-08 -1.023572e-09
