1.389759e-06 -7.056398e-07
6.916399e-07 -2.282255e-06
-1.423919e-06 -2.637487e-06
-3.088599e-06 -9.740818e-07
-2.794578e-06 1.310777e-06
-1.118405e-06 2.346143e-06
1.734768e-07 1.925378e-06
4.230447e-07 1.463956e-06
7.922329e-07 1.774817e-06
2.264160e-06 1.713214e-06
3.695110e-06 -1.686352e-07
2.945117e-06 -3.104629e-06
-1.518611e-07 -4.457736e-06
-3.099106e-06 -2.840662e-06
-3.548431e-06 1.001186e-07
-1.971586e-06 1.729119e-06
-6.531071e-07 1.563991e-06
-5.263032e-07 1.315422e-06
-2.609749e-07 2.021091e-06
1.323184e-06 2.466821e-06
3.150007e-06 1.069570e-06
3.130163e-06 -1.586340e-06
9.660558e-07 -3.194312e-06
-1.380360e-06 -2.509295e-06
-2.081646e-06 -6.792298e-07
-1.389685e-06 4.507569e-07
-7.623966e-07 5.310273e-07
-7.564232e-07 5.782955e-07
-6.026273e-07 1.150674e-06
3.126340e-07 1.551937e-06
1.393896e-06 9.651257e-07
1.600857e-06 -3.056706e-07
7.877094e-07 -1.181382e-06
-2.001232e-07 -1.100712e-06
-6.063023e-07 -5.045902e-07
-4.958215e-07 -8.768307e-08
-3.633112e-07 8.565705e-09
-3.894581e-07 9.896446e-08
-3.414070e-07 3.408951e-07
-4.962402e-08 5.198366e-07
3.081477e-07 4.033129e-07
4.427666e-07 7.026717e-08
3.006114e-07 -2.008325e-07
7.423921e-08 -2.550803e-07
-5.384899e-08 -1.702492e-07
-7.462409e-08 -9.248783e-08
-7.783575e-08 -6.540169e-08
-1.055766e-07 -3.781538e-08
-1.203948e-07 2.599149e-08
-8.106258e-08 9.469698e-08
-3.050776e-09 1.161067e-07
6.079347e-08 7.969687e-08
7.736306e-08 2.205815e-08
5.846725e-08 -1.676051e-08
3.574883e-08 -2.939016e-08
2.312541e-08 -3.440813e-08
9.606113e-09 -4.395380e-08
-1.594063e-08 -4.786840e-08
-4.377162e-08 -3.081258e-08
-5.267685e-08 3.473927e-09
-3.541939e-08 3.305986e-08
