-2.145745e-06 5.205706e-08
-2.313943e-06 1.227245e-06
-2.250661e-06 2.310632e-06
-1.381423e-06 4.066729e-06
1.551099e-06 4.996090e-06
4.753248e-06 2.929360e-06
5.217677e-06 -1.008936e-06
2.780502e-06 -3.667905e-06
-1.419279e-07 -3.693072e-06
-1.710714e-06 -2.258547e-06
-2.016480e-06 -8.746744e-07
-1.848144e-06 8.792301e-08
-1.453953e-06 8.615808e-07
-7.282427e-07 1.388129e-06
1.518971e-07 1.396912e-06
7.711928e-07 9.224922e-07
9.455305e-07 3.223857e-07
8.329906e-07 -1.313512e-07
6.239975e-07 -4.366806e-07
3.346597e-07 -6.560399e-07
-5.988563e-08 -7.227870e-07
-4.420795e-07 -5.370864e-07
-6.159633e-07 -1.603984e-07
-5.179511e-07 1.957027e-07
-2.769314e-07 3.724235e-07
-5.527833e-08 3.868716e-07
1.049055e-07 3.370826e-07
2.436111e-07 2.507637e-07
3.477651e-07 8.852067e-08
3.341856e-07 -1.312647e-07
1.724546e-07 -2.925475e-07
-4.130106e-08 -2.974432e-07
-1.745155e-07 -1.765283e-07
-1.905961e-07 -4.301787e-08
-1.516686e-07 3.694767e-08
-1.120223e-07 8.313214e-08
-6.265842e-08 1.239796e-07
1.450285e-08 1.385148e-07
8.924427e-08 9.658334e-08
1.127854e-07 1.839761e-08
8.075067e-08 -4.183183e-08
3.389275e-08 -5.786680e-08
4.899906e-09 -4.833155e-08
-8.215915e-09 -3.809150e-08
-1.848813e-08 -3.031635e-08
-2.679167e-08 -1.932744e-08
-2.951203e-08 -7.111018e-09
-2.944185e-08 3.484410e-09
-2.748514e-08 1.617420e-08
-1.655281e-08 3.037916e-08
4.698811e-09 3.431504e-08
2.197148e-08 2.104861e-08
2.202960e-08 3.149502e-09
1.279184e-08 -2.222901e-09
1.262865e-08 1.749854e-09
2.206192e-08 -3.775887e-09
2.122629e-08 -2.347916e-08
-9.399483e-10 -3.733345e-08
-2.794357e-08 -2.644397e-08
-3.506508e-08 9.821782e-10
-1.989949e-08 1.970298e-08
