-5.798506e-07 1.971407e-06
1.747015e-06 2.966978e-06
4.387517e-06 9.359661e-07
3.886892e-06 -2.825451e-06
4.184995e-07 -4.413919e-06
-2.475629e-06 -2.614236e-06
-2.538700e-06 9.370652e-08
-9.422718e-07 1.098081e-06
-2.876177e-08 4.737823e-07
-3.733232e-07 -5.219916e-09
-7.447534e-07 5.075704e-07
-1.903119e-07 1.185375e-06
8.050879e-07 1.000595e-06
1.193452e-06 6.771520e-08
7.092622e-07 -6.842115e-07
8.332116e-09 -7.069903e-07
-2.584843e-07 -3.195330e-07
-1.312764e-07 -1.135639e-07
-7.531454e-08 -2.121019e-07
-2.926327e-07 -2.594832e-07
-5.064628e-07 6.739365e-09
-3.850388e-07 3.991949e-07
1.744166e-08 5.388664e-07
3.451780e-07 3.223749e-07
3.720251e-07 1.382731e-09
2.082430e-07 -1.573969e-07
8.249518e-08 -1.492988e-07
5.293291e-08 -1.337441e-07
1.130100e-08 -1.744118e-07
-1.032598e-07 -1.816197e-07
-2.085687e-07 -7.899115e-08
-2.006788e-07 7.619025e-08
-8.845681e-08 1.669541e-07
3.092719e-08 1.506325e-07
8.684965e-08 7.879920e-08
8.438738e-08 1.645898e-08
6.164036e-08 -1.554063e-08
4.141748e-08 -2.836721e-08
2.656994e-08 -3.477291e-08
1.299036e-08 -4.022787e-08
-4.807041e-09 -4.359864e-08
-2.733452e-08 -3.660848e-08
-4.271090e-08 -1.344511e-08
-3.651067e-08 1.454035e-08
-1.362888e-08 2.560889e-08
1.934663e-09 1.512412e-08
-3.008201e-09 4.477660e-09
-1.197149e-08 1.282791e-08
-1.503593e-09 2.933537e-08
2.452356e-08 2.725107e-08
3.837924e-08 1.453207e-09
2.538265e-08 -2.368179e-08
2.216113e-09 -2.659052e-08
-7.581142e-09 -1.478016e-08
-4.387488e-09 -9.792211e-09
-6.973727e-09 -1.518256e-08
-2.161822e-08 -1.339254e-08
-3.118607e-08 6.133895e-09
-1.884983e-08 2.886423e-08
7.654438e-09 3.240033e-08
2.459738e-08 1.475044e-08
