3.922052e-08 -1.747954e-07
-1.295504e-07 -2.786819e-07
-3.956396e-07 -1.927075e-07
-5.208748e-07 1.437695e-07
-3.037578e-07 4.975055e-07
1.202439e-07 5.496905e-07
4.027741e-07 2.805109e-07
3.876103e-07 -3.270660e-08
2.268474e-07 -1.751023e-07
1.111181e-07 -1.895741e-07
4.608936e-08 -2.060848e-07
-5.724750e-08 -2.272613e-07
-1.912773e-07 -1.643760e-07
-2.500003e-07 -6.929445e-09
-1.785912e-07 1.419572e-07
-4.141851e-08 1.883635e-07
6.235480e-08 1.396962e-07
9.700431e-08 6.510837e-08
8.969473e-08 1.109607e-08
7.200815e-08 -2.119619e-08
5.120275e-08 -4.366789e-08
2.427635e-08 -5.734861e-08
-5.723270e-09 -5.716416e-08
-3.040712e-08 -4.238863e-08
-4.238124e-08 -1.845232e-08
-3.897244e-08 5.219208e-09
-2.494019e-08 1.911591e-08
-1.103200e-08 2.072425e-08
-4.700542e-09 1.757469e-08
-2.200182e-09 1.856340e-08
5.554944e-09 2.224991e-08
1.909302e-08 1.868012e-08
2.765992e-08 3.874818e-09
2.268713e-08 -1.281755e-08
9.302691e-09 -1.949847e-08
-3.382279e-10 -1.619418e-08
-2.806108e-09 -1.299709e-08
-6.242904e-09 -1.463428e-08
-1.637985e-08 -1.341009e-08
-2.566637e-08 -8.949229e-10
-2.160773e-08 1.771958e-08
-3.784562e-09 2.718536e-08
1.369742e-08 2.008579e-08
1.841010e-08 5.503080e-09
1.325623e-08 -3.108349e-09
9.716641e-09 -4.382175e-09
1.069886e-08 -7.668809e-09
7.173060e-09 -1.654406e-08
-6.720157e-09 -2.117856e-08
-2.182533e-08 -1.124011e-08
-2.322544e-08 8.246376e-09
-8.965466e-09 2.071924e-08
7.161554e-09 1.732140e-08
1.250613e-08 5.994924e-09
9.148691e-09 -8.302166e-10
6.954077e-09 -1.821001e-09
8.044525e-09 -4.593927e-09
5.240338e-09 -1.127036e-08
-4.821841e-09 -1.396087e-08
-1.437571e-08 -6.349184e-09
-1.386009e-08 6.218252e-09
