-7.071766e-08 4.662542e-07
5.684135e-07 6.642183e-07
1.345352e-06 9.435593e-08
1.458466e-06 -1.215348e-06
2.264942e-07 -2.419972e-06
-1.820017e-06 -2.110385e-06
-2.854701e-06 -1.350921e-07
-1.906905e-06 1.778160e-06
-1.556160e-07 2.059459e-06
6.452466e-07 1.193558e-06
4.511437e-07 8.013926e-07
7.095953e-07 1.208788e-06
1.963672e-06 9.956241e-07
2.762794e-06 -7.771209e-07
1.563741e-06 -2.852737e-06
-9.909677e-07 -3.136603e-06
-2.659162e-06 -1.348635e-06
-2.301334e-06 6.635777e-07
-1.032791e-06 1.312255e-06
-4.212838e-07 1.027140e-06
-4.207554e-07 1.136063e-06
1.476304e-07 1.729108e-06
1.525615e-06 1.587898e-06
2.445248e-06 1.083956e-07
1.798068e-06 -1.643320e-06
1.140662e-07 -2.188340e-06
-1.130718e-06 -1.374892e-06
-1.267295e-06 -3.066809e-07
-8.955109e-07 1.795775e-07
-7.365969e-07 3.193092e-07
-6.821495e-07 6.623603e-07
-2.285637e-07 1.103535e-06
5.834834e-07 1.062493e-06
1.121092e-06 3.744335e-07
9.585926e-07 -4.351314e-07
3.550638e-07 -7.836655e-07
-1.434631e-07 -6.347558e-07
-3.197676e-07 -3.529026e-07
-3.440592e-07 -1.752824e-07
-3.804324e-07 -3.474195e-08
-3.674230e-07 1.726677e-07
-1.941026e-07 3.642342e-07
7.855434e-08 3.813667e-07
2.678232e-07 2.098309e-07
2.764193e-07 -4.705626e-09
1.690343e-07 -1.264032e-07
6.136233e-08 -1.440795e-07
-9.168756e-10 -1.228302e-07
-4.170646e-08 -1.025256e-07
-8.229062e-08 -7.240825e-08
-1.071616e-07 -1.767670e-08
-9.269825e-08 4.478938e-08
-4.329632e-08 8.149665e-08
1.031795e-08 7.749712e-08
4.100829e-08 4.789155e-08
4.644908e-08 1.814932e-08
4.187135e-08 -6.178764e-10
3.758713e-08 -1.505256e-08
2.873573e-08 -3.217643e-08
7.346149e-09 -4.536959e-08
-2.129107e-08 -4.150356e-08
