-4.374394e-07 -1.897772e-08
-5.833873e-07 5.019773e-07
-9.314025e-08 1.061964e-06
7.896806e-07 9.346724e-07
1.213697e-06 8.482197e-08
7.992469e-07 -7.157735e-07
4.879550e-08 -8.353569e-07
-3.410378e-07 -4.405962e-07
-2.677312e-07 -1.275564e-07
-1.618907e-07 -1.374791e-07
-3.053509e-07 -1.736612e-07
-4.816713e-07 6.612214e-08
-3.455943e-07 4.382145e-07
7.273651e-08 5.565297e-07
4.039773e-07 3.028501e-07
4.030674e-07 -5.160667e-08
1.962367e-07 -2.116019e-07
4.536832e-08 -1.760705e-07
1.817046e-08 -1.327479e-07
-1.093318e-08 -1.612928e-07
-1.171867e-07 -1.644294e-07
-2.145607e-07 -5.628602e-08
-1.919679e-07 1.008257e-07
-6.458385e-08 1.804978e-07
5.660186e-08 1.437642e-07
9.808195e-08 5.812410e-08
7.827400e-08 -1.220805e-09
4.993550e-08 -2.052271e-08
3.560680e-08 -2.592608e-08
2.567988e-08 -3.482577e-08
8.881804e-09 -4.337887e-08
-1.347420e-08 -4.206131e-08
-3.245955e-08 -2.732055e-08
-3.850313e-08 -3.788919e-09
-2.791991e-08 1.648587e-08
-9.331091e-09 2.156100e-08
1.076672e-09 1.277835e-08
-2.739303e-09 6.020748e-09
-7.740747e-09 1.290167e-08
1.884904e-09 2.423649e-08
2.210872e-08 2.080082e-08
3.211199e-08 -4.556062e-10
2.094982e-08 -2.071491e-08
1.640255e-09 -2.305073e-08
-6.859906e-09 -1.315067e-08
-4.365045e-09 -8.656976e-09
-6.476504e-09 -1.311362e-08
-1.921206e-08 -1.172942e-08
-2.806137e-08 5.444195e-09
-1.737651e-08 2.627286e-08
6.951111e-09 3.011006e-08
2.320231e-08 1.392157e-08
2.025853e-08 -4.515269e-09
9.040256e-09 -9.923149e-09
4.805066e-09 -7.007355e-09
6.304026e-09 -9.295909e-09
6.586900e-10 -1.703747e-08
-1.449847e-08 -1.629123e-08
-2.439355e-08 -1.952922e-10
-1.611082e-08 1.851125e-08
3.414415e-09 2.213397e-08
