-7.712245e-09 3.323622e-08
3.953785e-08 5.418268e-08
8.939806e-08 2.272319e-08
1.063664e-07 -2.896601e-08
9.923502e-08 -9.354107e-08
3.653291e-08 -1.627805e-07
-8.213852e-08 -1.693950e-07
-1.766877e-07 -7.987809e-08
-1.789203e-07 4.541072e-08
-1.085196e-07 1.269021e-07
-2.566471e-08 1.490237e-07
4.587652e-08 1.381878e-07
1.111587e-07 9.999446e-08
1.530293e-07 2.395825e-08
1.383343e-07 -6.863030e-08
6.931317e-08 -1.281874e-07
-9.935692e-09 -1.311304e-07
-6.405152e-08 -9.949669e-08
-9.588985e-08 -6.051803e-08
-1.177784e-07 -1.356519e-08
-1.187583e-07 4.988964e-08
-7.847598e-08 1.133696e-07
-1.919497e-09 1.421908e-07
7.670206e-08 1.185262e-07
1.236880e-07 5.754108e-08
1.307093e-07 -1.085943e-08
1.100310e-07 -6.872497e-08
7.130735e-08 -1.158370e-07
9.061744e-09 -1.506811e-07
-8.077354e-08 -1.512072e-07
-1.710386e-07 -8.735387e-08
-2.040363e-07 3.629367e-08
-1.414238e-07 1.587877e-07
-1.353448e-08 2.058118e-07
1.008722e-07 1.605837e-07
1.518585e-07 7.458733e-08
1.565343e-07 -4.183379e-10
1.478106e-07 -6.751869e-08
1.108105e-07 -1.485034e-07
7.657244e-09 -2.123843e-07
-1.389451e-07 -1.863251e-07
-2.323183e-07 -5.127901e-08
-1.985587e-07 1.090376e-07
-7.289602e-08 1.864274e-07
4.201664e-08 1.597488e-07
9.186291e-08 9.634499e-08
1.080844e-07 5.074658e-08
1.293395e-07 5.185101e-09
1.308450e-07 -7.308724e-08
6.429735e-08 -1.531700e-07
-5.456494e-08 -1.619337e-07
-1.422759e-07 -7.811944e-08
-1.382386e-07 3.292947e-08
-6.866265e-08 9.162042e-08
-4.166767e-09 8.583266e-08
2.374730e-08 6.096799e-08
3.846591e-08 4.743007e-08
6.183403e-08 2.954151e-08
7.560027e-08 -1.279217e-08
5.108011e-08 -6.100103e-08
-3.669250e-09 -7.573650e-08
