-8.339540e-08 9.764721e-08
-1.839943e-08 2.007009e-07
1.475095e-07 2.361617e-07
3.202554e-07 1.075299e-07
3.368298e-07 -1.359892e-07
1.642313e-07 -3.094990e-07
-4.962926e-08 -3.024211e-07
-1.613554e-07 -1.915755e-07
-1.873198e-07 -1.038694e-07
-2.206176e-07 -4.511089e-08
-2.623009e-07 6.460714e-08
-2.169803e-07 2.314225e-07
-3.986581e-08 3.448248e-07
1.796340e-07 3.031835e-07
3.058729e-07 1.341486e-07
2.985642e-07 -4.144555e-08
2.313558e-07 -1.503265e-07
1.689117e-07 -2.309202e-07
6.825471e-08 -3.340153e-07
-1.461983e-07 -3.921991e-07
-4.153458e-07 -2.619523e-07
-5.320429e-07 7.364406e-08
-3.576014e-07 4.095783e-07
-9.738654e-09 5.072749e-07
2.530445e-07 3.566629e-07
3.260443e-07 1.579683e-07
3.329889e-07 3.745974e-08
3.761336e-07 -9.789341e-08
3.378662e-07 -3.484238e-07
5.453397e-08 -5.710627e-07
-3.731319e-07 -4.987318e-07
-6.104383e-07 -1.037365e-07
-4.688455e-07 3.100285e-07
-1.278246e-07 4.452761e-07
1.064579e-07 3.322871e-07
1.664931e-07 2.103528e-07
2.187262e-07 1.695747e-07
3.408425e-07 6.890409e-08
3.753586e-07 -1.828450e-07
1.671790e-07 -4.227842e-07
-1.744723e-07 -4.143769e-07
-3.737390e-07 -1.554396e-07
-3.094073e-07 1.153684e-07
-1.249266e-07 2.074664e-07
-1.035459e-08 1.647358e-07
1.918658e-08 1.337180e-07
6.943769e-08 1.429034e-07
1.662123e-07 9.867573e-08
2.091250e-07 -3.837020e-08
1.222880e-07 -1.716194e-07
-3.128363e-08 -1.869776e-07
-1.247883e-07 -9.154222e-08
-1.132310e-07 1.015302e-08
-5.814797e-08 4.729465e-08
-2.715378e-08 4.188787e-08
-1.917400e-08 4.426804e-08
2.367220e-09 5.781730e-08
4.139219e-08 4.943166e-08
6.372133e-08 8.705958e-09
4.689171e-08 -3.408648e-08
8.591788e-09 -4.664460e-08
