3.297129e-09 -3.989975e-08
-4.287716e-08 -4.945916e-08
-8.832347e-08 -7.682645e-09
-8.255356e-08 6.456629e-08
-1.863848e-08 1.098977e-07
5.671958e-08 9.158896e-08
8.930126e-08 3.119103e-08
7.381718e-08 -1.830838e-08
4.953544e-08 -3.572201e-08
4.006019e-08 -4.736375e-08
2.242234e-08 -7.470452e-08
-2.970787e-08 -9.165545e-08
-9.235657e-08 -5.726815e-08
-1.094263e-07 2.051635e-08
-6.217850e-08 8.305511e-08
5.960786e-09 8.749335e-08
4.274419e-08 5.181667e-08
4.421728e-08 2.162178e-08
4.270410e-08 1.081933e-08
5.272538e-08 -3.905967e-09
5.282866e-08 -3.762793e-08
2.139090e-08 -6.984831e-08
-2.897318e-08 -6.935199e-08
-6.298849e-08 -3.293633e-08
-6.084197e-08 1.111319e-08
-3.569199e-08 3.425121e-08
-1.449571e-08 3.482499e-08
-7.319480e-09 3.305128e-08
9.474489e-10 4.228351e-08
2.770012e-08 4.956549e-08
6.429295e-08 2.967177e-08
7.810619e-08 -2.056805e-08
4.811342e-08 -6.963670e-08
-7.457650e-09 -8.141301e-08
-4.911974e-08 -5.420230e-08
-5.966842e-08 -1.830491e-08
-5.627076e-08 5.077826e-09
-5.582139e-08 2.652222e-08
-4.513311e-08 6.077998e-08
-1.823900e-09 9.072397e-08
6.282093e-08 7.974576e-08
1.034051e-07 2.008956e-08
8.866464e-08 -4.985248e-08
3.531041e-08 -8.518491e-08
-1.591228e-08 -7.883877e-08
-4.594805e-08 -5.500864e-08
-6.412143e-08 -2.919892e-08
-7.590211e-08 5.453174e-09
-6.600343e-08 5.131814e-08
-2.238356e-08 8.558392e-08
3.670256e-08 8.045910e-08
7.470282e-08 3.696272e-08
7.317969e-08 -1.452688e-08
4.525855e-08 -4.635244e-08
1.345955e-08 -5.533321e-08
-1.362888e-08 -5.146013e-08
-3.748957e-08 -3.770578e-08
-5.311149e-08 -1.091125e-08
-4.894299e-08 2.282692e-08
-2.316772e-08 4.589050e-08
9.265119e-09 4.557269e-08
