1.217125e-05 5.468987e-06
1.790954e-05 -7.449496e-06
8.297000e-06 -2.131379e-05
-9.419021e-06 -2.092775e-05
-1.878594e-05 -7.273443e-06
-1.437225e-05 5.588560e-06
-5.460384e-06 8.306767e-06
-2.202888e-06 5.389689e-06
-3.186789e-06 6.003400e-06
-1.270360e-07 1.022852e-05
8.366936e-06 9.757855e-06
1.389637e-05 8.828809e-07
9.680126e-06 -9.268056e-06
-3.127736e-07 -1.154680e-05
-6.615842e-06 -5.812977e-06
-5.673059e-06 3.034819e-07
-2.242136e-06 1.609677e-06
-1.495102e-06 3.330825e-07
-2.734419e-06 9.065568e-07
-2.136457e-06 3.429808e-06
1.097354e-06 4.393054e-06
3.864689e-06 2.088268e-06
3.575544e-06 -1.259639e-06
1.166028e-06 -2.667201e-06
-6.900507e-07 -1.810590e-06
-8.756844e-07 -5.626740e-07
-4.051873e-07 -2.533538e-07
-4.567451e-07 -4.690874e-07
-9.315550e-07 -2.492995e-07
-1.009037e-06 4.979996e-07
-3.924959e-07 1.066168e-06
4.087869e-07 9.491794e-07
7.823214e-07 3.571500e-07
6.357319e-07 -1.652550e-07
3.149353e-07 -3.411999e-07
1.243119e-07 -3.065225e-07
5.510749e-08 -2.994954e-07
-6.706157e-08 -3.509509e-07
-2.882252e-07 -3.031397e-07
-4.487964e-07 -6.311905e-08
-3.811129e-07 2.451994e-07
-1.160377e-07 4.041356e-07
1.489797e-07 3.315148e-07
2.592921e-07 1.396826e-07
2.284000e-07 -1.638779e-08
1.594104e-07 -9.063110e-08
1.039650e-07 -1.310046e-07
3.720278e-08 -1.675992e-07
-5.999677e-08 -1.688877e-07
-1.483149e-07 -1.011547e-07
-1.695546e-07 1.136643e-08
-1.117216e-07 1.027490e-07
-1.977598e-08 1.262841e-07
4.801314e-08 8.880948e-08
6.585110e-08 3.375614e-08
5.026920e-08 -5.724537e-10
3.398673e-08 -9.093655e-09
3.129909e-08 -1.302077e-08
2.866511e-08 -2.798007e-08
9.220507e-09 -4.348994e-08
-1.997348e-08 -3.871051e-08
