1.950781e-08 7.507632e-10
2.382139e-08 -1.932303e-08
6.559419e-09 -4.032495e-08
-2.585677e-08 -4.004720e-08
-4.784809e-08 -1.236662e-08
-3.986734e-08 2.189985e-08
-1.105800e-08 3.474199e-08
1.012428e-08 2.153472e-08
8.272400e-09 4.590292e-09
-3.147670e-09 5.131033e-09
-9.495320e-10 1.835147e-08
1.811906e-08 2.127090e-08
3.340592e-08 2.515541e-09
2.596998e-08 -2.291553e-08
1.688997e-09 -3.143942e-08
-1.623557e-08 -1.862202e-08
-1.526183e-08 -2.660592e-09
-6.757428e-09 -1.728836e-10
-8.378754e-09 -5.676112e-09
-1.912274e-08 -1.167286e-09
-2.030538e-08 1.711772e-08
-1.642579e-09 3.091445e-08
2.249116e-08 2.258453e-08
2.931427e-08 -1.492524e-09
1.538962e-08 -1.830351e-08
-9.403490e-10 -1.649534e-08
-4.664932e-09 -7.626137e-09
-1.752802e-09 -6.726564e-09
-6.281512e-09 -1.093748e-08
-1.739331e-08 -5.937218e-09
-1.951721e-08 1.065354e-08
-4.884855e-09 2.321528e-08
1.413689e-08 1.796882e-08
1.996816e-08 7.217239e-10
1.084471e-08 -1.125423e-08
9.611210e-11 -1.055613e-08
-2.698377e-09 -5.334202e-09
-1.749811e-09 -4.613558e-09
-4.880304e-09 -6.012862e-09
-1.043296e-08 -1.911726e-09
-9.957693e-09 7.338904e-09
-1.100735e-09 1.277194e-08
8.369399e-09 8.646717e-09
1.025255e-08 -4.109805e-10
5.227546e-09 -5.870188e-09
1.119094e-10 -5.283303e-09
-1.290625e-09 -2.905961e-09
-1.169414e-09 -2.371693e-09
-2.475289e-09 -2.484077e-09
-4.305522e-09 -6.019846e-10
-3.808712e-09 2.736425e-09
-6.531920e-10 4.451164e-09
2.403013e-09 3.041527e-09
2.961297e-09 2.722398e-10
1.501113e-09 -1.247588e-09
1.883321e-10 -9.430294e-10
1.475530e-10 -2.517226e-10
5.898963e-10 -4.266849e-10
3.051804e-10 -1.126007e-09
-7.027024e-10 -1.191998e-09
-1.355484e-09 -2.843641e-10
