-1.597833e-07 4.952365e-08
-1.144764e-07 2.237148e-07
8.319369e-08 2.965775e-07
2.715411e-07 1.843326e-07
3.162205e-07 -2.277279e-08
2.151920e-07 -1.813039e-07
7.577867e-08 -2.196630e-07
-7.254437e-09 -1.943758e-07
-5.971030e-08 -1.911768e-07
-1.612534e-07 -1.875297e-07
-2.904380e-07 -8.433293e-08
-3.160263e-07 1.276789e-07
-1.645425e-07 3.090762e-07
6.435639e-08 3.202908e-07
2.020924e-07 1.870520e-07
2.061171e-07 5.989039e-08
1.889096e-07 1.596749e-08
2.384458e-07 -3.404033e-08
2.687744e-07 -2.000583e-07
1.174945e-07 -4.125552e-07
-2.129284e-07 -4.504555e-07
-4.896855e-07 -1.996149e-07
-4.829043e-07 1.766385e-07
-2.263548e-07 3.967208e-07
3.347631e-08 3.700015e-07
1.436608e-07 2.590692e-07
1.995795e-07 2.154577e-07
3.393019e-07 1.599540e-07
4.760186e-07 -7.373628e-08
3.716621e-07 -4.294946e-07
-2.243102e-08 -6.107819e-07
-4.317523e-07 -4.202824e-07
-5.440265e-07 -1.343027e-08
-3.516003e-07 2.792867e-07
-1.086913e-07 3.251980e-07
1.180036e-08 2.709120e-07
8.699657e-08 2.657747e-07
2.416115e-07 2.442050e-07
4.029269e-07 6.168495e-08
3.729656e-07 -2.394347e-07
1.070337e-07 -4.280297e-07
-1.975871e-07 -3.517466e-07
-3.207318e-07 -1.094595e-07
-2.478129e-07 8.542157e-08
-1.276121e-07 1.455949e-07
-5.950693e-08 1.474637e-07
-5.963247e-09 1.666598e-07
9.087667e-08 1.677959e-07
1.899938e-07 8.278494e-08
1.972317e-07 -6.402077e-08
9.361426e-08 -1.665843e-07
-3.614689e-08 -1.584324e-07
-1.016888e-07 -7.734939e-08
-9.400767e-08 -3.937584e-09
-6.342373e-08 2.817048e-08
-4.310896e-08 4.118341e-08
-2.293930e-08 5.666796e-08
1.207557e-08 6.323579e-08
4.829388e-08 4.196828e-08
5.892701e-08 4.851435e-10
3.827277e-08 -3.253345e-08
