4.602185e-11 -1.900527e-07
-2.150387e-07 -2.055705e-07
-3.952262e-07 1.871973e-08
-3.021394e-07 3.469069e-07
4.111992e-08 4.729821e-07
3.374648e-07 2.788037e-07
3.588374e-07 -2.636698e-08
1.894370e-07 -1.794571e-07
5.534398e-08 -1.609905e-07
2.506761e-08 -1.300744e-07
-9.045871e-09 -1.591558e-07
-1.139477e-07 -1.604325e-07
-2.083940e-07 -5.479095e-08
-1.865526e-07 9.798755e-08
-6.252067e-08 1.756586e-07
5.557133e-08 1.393121e-07
9.461479e-08 5.534783e-08
7.358019e-08 -5.118653e-10
4.773293e-08 -1.572721e-08
3.929409e-08 -2.117929e-08
3.244567e-08 -3.626099e-08
1.085177e-08 -5.090936e-08
-1.958329e-08 -4.765907e-08
-4.013534e-08 -2.465519e-08
-3.952592e-08 3.290708e-09
-2.324464e-08 1.931351e-08
-7.039525e-09 1.874620e-08
-2.058271e-09 1.152495e-08
-4.868744e-09 1.080165e-08
-2.696487e-09 1.825404e-08
1.047706e-08 2.218721e-08
2.521775e-08 1.201939e-08
2.699437e-08 -7.501178e-09
1.383690e-08 -2.065554e-08
-1.155226e-09 -1.916809e-08
-6.240412e-09 -1.117710e-08
-4.985477e-09 -8.875231e-09
-9.039395e-09 -1.146260e-08
-1.964680e-08 -6.912150e-09
-2.380186e-08 9.470832e-09
-1.135926e-08 2.541889e-08
9.793526e-09 2.534604e-08
2.171475e-08 9.757960e-09
1.755008e-08 -5.578402e-09
7.847390e-09 -9.493714e-09
4.404229e-09 -7.412246e-09
4.678527e-09 -1.005371e-08
-1.845063e-09 -1.598442e-08
-1.537312e-08 -1.323770e-08
-2.249919e-08 2.347144e-09
-1.334401e-08 1.848131e-08
4.569133e-09 2.039898e-08
1.501786e-08 8.652995e-09
1.233549e-08 -3.083048e-09
5.446373e-09 -5.964855e-09
3.230126e-09 -4.668879e-09
3.171899e-09 -6.790645e-09
-1.783733e-09 -1.035416e-08
-1.032997e-08 -7.441387e-09
-1.336053e-08 2.809992e-09
-6.533863e-09 1.149310e-08
