-4.545563e-06 1.394360e-06
-3.504787e-06 7.862416e-06
5.195175e-06 1.148084e-05
1.605979e-05 5.135749e-06
1.768817e-05 -1.056917e-05
3.706318e-06 -2.219201e-05
-1.435502e-05 -1.655329e-05
-1.898507e-05 5.439687e-07
-8.809503e-06 1.131287e-05
1.667332e-06 8.587241e-06
2.379540e-06 2.043340e-06
-1.277338e-06 2.116099e-06
4.498781e-07 6.275515e-06
7.012027e-06 5.310209e-06
9.539882e-06 -2.296940e-06
4.047695e-06 -8.580235e-06
-3.566849e-06 -7.301968e-06
-5.964048e-06 -1.368460e-06
-3.073257e-06 2.337002e-06
-1.883962e-07 1.692502e-06
-2.774225e-07 1.396231e-07
-1.346637e-06 6.623944e-07
-6.504700e-07 2.188576e-06
1.403127e-06 2.154436e-06
2.437525e-06 2.985172e-07
1.516024e-06 -1.396823e-06
-3.809760e-08 -1.516264e-06
-6.971070e-07 -6.241791e-07
-4.099150e-07 -2.065429e-08
-9.536777e-08 -9.677899e-08
-2.503749e-07 -2.801165e-07
-5.431322e-07 -7.430744e-08
-4.948388e-07 3.623654e-07
-1.012495e-07 5.831177e-07
2.748356e-07 4.305957e-07
3.778747e-07 1.256231e-07
2.752513e-07 -6.644540e-08
1.732249e-07 -1.068578e-07
1.500544e-07 -1.301301e-07
1.130400e-07 -2.178389e-07
-3.014467e-08 -2.925986e-07
-2.259244e-07 -2.307668e-07
-3.250781e-07 -2.943112e-08
-2.497144e-07 1.775957e-07
-7.064722e-08 2.597046e-07
8.138136e-08 2.081931e-07
1.446498e-07 1.078727e-07
1.483060e-07 2.685066e-08
1.356243e-07 -3.335794e-08
1.069697e-07 -9.292816e-08
4.273672e-08 -1.399523e-07
-4.685579e-08 -1.389590e-07
-1.165805e-07 -7.794926e-08
-1.269412e-07 1.034141e-08
-8.006371e-08 7.466817e-08
-1.504445e-08 8.732429e-08
2.795796e-08 6.115810e-08
3.875896e-08 2.942539e-08
3.529515e-08 1.169581e-08
3.505977e-08 1.399152e-09
3.474170e-08 -1.455751e-08
