-2.177153e-06 1.724532e-06
-3.584429e-06 3.874620e-06
-2.316877e-06 9.747957e-06
7.025874e-06 1.315362e-05
1.743347e-05 5.002826e-06
1.627617e-05 -9.886424e-06
3.552753e-06 -1.744976e-05
-8.501418e-06 -1.239250e-05
-1.120956e-05 -2.485181e-06
-7.282830e-06 3.316260e-06
-3.518178e-06 4.198615e-06
-1.895174e-06 4.215787e-06
-1.024363e-07 4.923662e-06
2.829869e-06 4.434761e-06
4.905505e-06 1.650570e-06
4.346263e-06 -1.724995e-06
1.902663e-06 -3.436612e-06
-4.265526e-07 -3.100636e-06
-1.600628e-06 -1.851223e-06
-1.855242e-06 -6.608953e-07
-1.657485e-06 2.632290e-07
-1.146459e-06 9.394710e-07
-4.110306e-07 1.235140e-06
2.759451e-07 1.075334e-06
6.614450e-07 6.403101e-07
7.342389e-07 1.984997e-07
6.384182e-07 -1.283251e-07
4.695335e-07 -3.605484e-07
2.318683e-07 -5.124897e-07
-6.012131e-08 -5.358860e-07
-3.199802e-07 -3.948341e-07
-4.436806e-07 -1.410892e-07
-4.000791e-07 1.087301e-07
-2.502442e-07 2.630901e-07
-8.051789e-08 3.107210e-07
6.741915e-08 2.877949e-07
1.907491e-07 2.129835e-07
2.706713e-07 8.151300e-08
2.626928e-07 -8.226450e-08
1.544413e-07 -2.061431e-07
3.979620e-09 -2.293167e-07
-1.069609e-07 -1.633484e-07
-1.467737e-07 -7.083120e-08
-1.398811e-07 4.686482e-09
-1.123513e-07 6.205229e-08
-6.414114e-08 1.048646e-07
3.039266e-09 1.165025e-07
6.244841e-08 8.504710e-08
8.528803e-08 2.951591e-08
7.166909e-08 -1.711804e-08
4.353941e-08 -4.013513e-08
1.718996e-08 -4.542718e-08
-3.685350e-09 -4.055751e-08
-1.701203e-08 -2.906475e-08
-2.132090e-08 -1.729854e-08
-2.265437e-08 -1.060522e-08
-2.775787e-08 -3.662118e-09
-3.057865e-08 1.189126e-08
-1.881925e-08 2.986350e-08
4.570708e-09 3.310968e-08
2.006219e-08 1.800674e-08
