-4.153746e-08 4.646174e-08
4.474042e-09 9.610495e-08
8.673637e-08 8.708709e-08
1.370772e-07 1.152647e-08
1.157656e-07 -7.903797e-08
4.036796e-08 -1.255215e-07
-3.363917e-08 -1.101880e-07
-6.900702e-08 -6.829572e-08
-8.167446e-08 -3.678576e-08
-1.001226e-07 -4.936251e-09
-1.071470e-07 5.596622e-08
-5.865290e-08 1.261829e-07
4.105332e-08 1.416246e-07
1.216697e-07 7.455794e-08
1.232617e-07 -2.204810e-08
6.537198e-08 -7.356573e-08
1.535056e-08 -6.785798e-08
2.370871e-09 -5.376764e-08
-7.215329e-09 -6.438791e-08
-4.872062e-08 -7.300837e-08
-1.015799e-07 -3.570463e-08
-1.107898e-07 4.249811e-08
-5.558333e-08 1.049341e-07
2.258615e-08 1.056360e-07
6.610185e-08 5.915309e-08
6.453935e-08 1.810954e-08
5.807748e-08 6.464501e-09
7.582215e-08 -7.801345e-09
8.767301e-08 -6.186403e-08
3.905279e-08 -1.315639e-07
-6.772594e-08 -1.430966e-07
-1.544432e-07 -6.132461e-08
-1.486894e-07 5.661835e-08
-6.768400e-08 1.208999e-07
8.122298e-09 1.103539e-07
3.828736e-08 8.126051e-08
6.055455e-08 7.405426e-08
1.124730e-07 5.340572e-08
1.538879e-07 -2.940492e-08
1.102744e-07 -1.419485e-07
-1.783380e-08 -1.871636e-07
-1.354399e-07 -1.185265e-07
-1.577262e-07 1.390342e-09
-1.002800e-07 7.794155e-08
-3.940762e-08 9.009425e-08
-8.229142e-09 8.666979e-08
2.638408e-08 9.495522e-08
8.733736e-08 8.015466e-08
1.335389e-07 8.400758e-09
1.085618e-07 -8.623067e-08
1.981798e-08 -1.305207e-07
-6.373159e-08 -9.664275e-08
-8.946966e-08 -2.819428e-08
-6.929519e-08 1.923196e-08
-4.440361e-08 3.657347e-08
-2.783801e-08 4.813823e-08
-2.371000e-09 6.142631e-08
3.709868e-08 5.586333e-08
6.551604e-08 1.911892e-08
5.792952e-08 -2.770690e-08
2.163565e-08 -5.153951e-08
