7.122156e-08 -1.713377e-08
8.202815e-08 -1.035230e-07
-1.185840e-08 -2.017834e-07
-1.941214e-07 -1.768671e-07
-2.958083e-07 1.686304e-08
-1.936948e-07 2.239030e-07
1.876017e-08 2.629322e-07
1.490134e-07 1.440696e-07
1.398595e-07 2.579770e-08
9.754695e-08 -4.664803e-09
1.092195e-07 -1.322021e-08
1.278777e-07 -8.183160e-08
6.412774e-08 -1.757503e-07
-7.337363e-08 -1.910136e-07
-1.801266e-07 -9.257706e-08
-1.775683e-07 4.304447e-08
-9.305518e-08 1.169332e-07
-1.543220e-08 1.091135e-07
7.835760e-09 8.161269e-08
1.509031e-08 9.108559e-08
6.957292e-08 1.131616e-07
1.625704e-07 7.009548e-08
2.019520e-07 -6.141563e-08
1.172887e-07 -1.949528e-07
-4.198463e-08 -2.187987e-07
-1.525624e-07 -1.261537e-07
-1.601457e-07 -1.746808e-08
-1.279933e-07 3.464516e-08
-1.229230e-07 6.946171e-08
-1.066767e-07 1.492453e-07
5.704333e-10 2.310722e-07
1.734532e-07 2.006239e-07
2.750876e-07 3.270971e-08
2.164497e-07 -1.523218e-07
6.249335e-08 -2.241867e-07
-5.973812e-08 -1.835002e-07
-1.130561e-07 -1.204560e-07
-1.513841e-07 -7.183401e-08
-1.935268e-07 8.410713e-09
-1.749635e-07 1.367692e-07
-5.020536e-08 2.324691e-07
1.145244e-07 2.054425e-07
2.019320e-07 7.380303e-08
1.740749e-07 -5.662088e-08
9.471797e-08 -1.159114e-07
2.959950e-08 -1.247537e-07
-2.353598e-08 -1.244362e-07
-8.925600e-08 -1.048408e-07
-1.439525e-07 -3.466650e-08
-1.343437e-07 6.622618e-08
-5.404778e-08 1.298613e-07
3.783215e-08 1.164162e-07
8.217416e-08 5.568410e-08
7.722527e-08 2.424282e-09
5.806738e-08 -2.503311e-08
4.147952e-08 -4.384343e-08
1.538686e-08 -6.181725e-08
-2.500504e-08 -6.143056e-08
-5.726391e-08 -3.026268e-08
-5.692867e-08 1.381463e-08
-2.823312e-08 3.996143e-08
