-6.864030e-09 -1.174522e-08
-1.953436e-08 -7.347371e-09
-2.532197e-08 7.425960e-09
-1.795946e-08 2.270320e-08
-2.089747e-09 2.844057e-08
1.197677e-08 2.253152e-08
1.721697e-08 1.206769e-08
1.669856e-08 5.565829e-09
1.851945e-08 2.404750e-09
2.314947e-08 -5.719478e-09
2.072462e-08 -2.135851e-08
3.896934e-09 -3.388620e-08
-1.976368e-08 -2.979179e-08
-3.303853e-08 -9.196149e-09
-2.726419e-08 1.240380e-08
-1.146150e-08 2.060288e-08
-6.812684e-10 1.700991e-08
1.953296e-09 1.398754e-08
6.348424e-09 1.627545e-08
1.834436e-08 1.431809e-08
2.809575e-08 -9.706751e-10
2.128600e-08 -2.197418e-08
-8.028945e-10 -3.024971e-08
-2.004770e-08 -1.843492e-08
-2.207337e-08 7.566622e-10
-1.175642e-08 1.056747e-08
-3.752013e-09 9.443159e-09
-2.552328e-09 8.274754e-09
2.828882e-10 1.189918e-08
9.952698e-09 1.221834e-08
1.825109e-08 1.819820e-09
1.419490e-08 -1.286926e-08
-3.046057e-10 -1.822081e-08
-1.199536e-08 -1.029847e-08
-1.231772e-08 1.253858e-09
-5.854767e-09 6.259104e-09
-1.561868e-09 5.153761e-09
-9.583454e-10 4.558461e-09
9.454338e-10 6.226967e-09
5.909096e-09 5.493055e-09
9.073622e-09 -3.336208e-10
5.956285e-09 -6.958495e-09
-1.075913e-09 -8.317251e-09
-5.694640e-09 -4.014530e-09
-5.091249e-09 9.361771e-10
-2.091700e-09 2.583174e-09
-4.522577e-10 1.752720e-09
-5.060587e-10 1.322744e-09
-1.756447e-10 2.013145e-09
1.381162e-09 2.147202e-09
2.681776e-09 6.039722e-10
2.149219e-09 -1.492010e-09
2.236103e-10 -2.218629e-09
-1.215262e-09 -1.167421e-09
-1.056430e-09 2.412441e-10
-4.536115e-11 5.455878e-10
3.499234e-10 -1.529690e-10
-2.529231e-10 -5.840869e-10
-8.562868e-10 -3.595183e-11
-5.216358e-10 7.979516e-10
4.018783e-10 8.426238e-10
