-2.963883e-09 1.442898e-06
-8.430616e-07 1.409971e-06
-2.814093e-06 5.900394e-06
4.232497e-06 1.276529e-05
1.769300e-05 7.291161e-06
1.953603e-05 -1.042129e-05
4.433416e-06 -2.182185e-05
-1.235232e-05 -1.569625e-05
-1.601453e-05 -1.047997e-06
-8.632445e-06 7.471430e-06
-1.575133e-06 6.891020e-06
1.932671e-07 4.307402e-06
5.607337e-07 4.324455e-06
3.113418e-06 4.517994e-06
5.876170e-06 1.707802e-06
5.380580e-06 -2.704273e-06
1.830486e-06 -5.032438e-06
-1.632324e-06 -4.061178e-06
-2.913870e-06 -1.646277e-06
-2.473884e-06 1.722405e-07
-1.625781e-06 1.004309e-06
-8.787379e-07 1.377347e-06
-9.532679e-08 1.503788e-06
6.819136e-07 1.215989e-06
1.121517e-06 5.395525e-07
1.051115e-06 -1.738357e-07
6.483737e-07 -6.029777e-07
2.024434e-07 -7.049252e-07
-1.397261e-07 -6.104102e-07
-3.722229e-07 -4.207801e-07
-4.963063e-07 -1.634222e-07
-4.726689e-07 1.210451e-07
-2.944850e-07 3.336783e-07
-4.764501e-08 3.879204e-07
1.443040e-07 2.977252e-07
2.279595e-07 1.575180e-07
2.403214e-07 3.660232e-08
2.225452e-07 -6.937784e-08
1.597114e-07 -1.733959e-07
3.293482e-08 -2.325467e-07
-1.080775e-07 -1.926852e-07
-1.774993e-07 -7.478749e-08
-1.511251e-07 3.462038e-08
-8.632694e-08 8.051766e-08
-4.000146e-08 8.511178e-08
-8.750949e-09 8.865034e-08
3.352781e-08 8.730778e-08
7.733523e-08 5.534360e-08
8.930358e-08 -9.799266e-10
6.235506e-08 -4.607071e-08
2.223684e-08 -5.979447e-08
-8.438744e-09 -5.138359e-08
-2.657903e-08 -3.450034e-08
-3.319553e-08 -1.420021e-08
-2.732844e-08 2.377828e-09
-1.754823e-08 6.819733e-09
-1.714333e-08 5.611101e-09
-2.182136e-08 1.508746e-08
-1.162404e-08 3.332003e-08
1.644430e-08 3.611802e-08
3.619010e-08 1.200542e-08
