4.700566e-08 -2.087450e-07
-2.351081e-07 -3.372947e-07
-5.585829e-07 -1.163726e-07
-5.788469e-07 3.022544e-07
-2.877655e-07 6.029519e-07
9.706417e-08 6.141098e-07
3.246343e-07 4.231632e-07
3.872933e-07 2.748814e-07
5.096039e-07 2.096638e-07
7.509641e-07 -2.750359e-08
7.916077e-07 -5.861749e-07
2.915578e-07 -1.146940e-06
-5.894945e-07 -1.162467e-06
-1.226027e-06 -4.886500e-07
-1.165413e-06 3.842324e-07
-6.116882e-07 8.499950e-07
-1.241252e-07 8.414196e-07
1.014931e-07 7.773519e-07
4.075955e-07 8.623210e-07
1.034333e-06 7.119185e-07
1.546763e-06 -9.824739e-08
1.226606e-06 -1.251822e-06
2.967466e-08 -1.818633e-06
-1.173959e-06 -1.275389e-06
-1.503524e-06 -1.386270e-07
-1.005171e-06 6.457270e-07
-4.276035e-07 7.738598e-07
-1.909794e-07 7.276000e-07
3.499944e-08 8.928081e-07
6.324049e-07 9.492826e-07
1.284764e-06 3.835728e-07
1.278972e-06 -6.411362e-07
4.508840e-07 -1.318933e-06
-5.329408e-07 -1.121816e-06
-9.323334e-07 -3.801445e-07
-7.121872e-07 1.945483e-07
-3.844672e-07 3.383761e-07
-2.604998e-07 3.500499e-07
-1.545085e-07 4.929656e-07
1.753990e-07 5.993902e-07
5.768720e-07 3.721451e-07
6.716931e-07 -1.295684e-07
3.526252e-07 -5.127136e-07
-8.444796e-08 -5.102881e-07
-3.027962e-07 -2.469842e-07
-2.676252e-07 -1.857698e-08
-1.724028e-07 5.700532e-08
-1.396125e-07 8.108508e-08
-1.113889e-07 1.483540e-07
-5.869863e-09 2.079727e-07
1.341745e-07 1.640281e-07
1.945397e-07 2.643006e-08
1.355011e-07 -9.642726e-08
2.851711e-08 -1.255073e-07
-3.848026e-08 -8.198492e-08
-4.793099e-08 -3.432455e-08
-3.896812e-08 -1.500764e-08
-4.097223e-08 -6.337881e-09
-4.494089e-08 1.399494e-08
-3.059991e-08 3.972119e-08
8.793676e-10 4.878057e-08
