2.841240e-07 1.829076e-07
5.001430e-07 -6.789627e-08
4.229206e-07 -4.446145e-07
6.663951e-08 -6.436574e-07
-3.210072e-07 -5.272589e-07
-4.998585e-07 -2.067322e-07
-4.343402e-07 7.716584e-08
-2.926284e-07 2.055517e-07
-1.970403e-07 2.727428e-07
-7.465909e-08 3.690732e-07
1.620650e-07 3.968617e-07
4.006272e-07 2.166172e-07
4.305001e-07 -1.036693e-07
2.201078e-07 -3.245079e-07
-3.490769e-08 -3.125825e-07
-1.516081e-07 -1.709232e-07
-1.457874e-07 -6.750399e-08
-1.380953e-07 -3.026412e-08
-1.600553e-07 2.480037e-08
-1.359515e-07 1.244033e-07
-2.585099e-08 1.881925e-07
9.908483e-08 1.459342e-07
1.434660e-07 3.473978e-08
9.829486e-08 -5.006896e-08
3.287014e-08 -6.399369e-08
3.594381e-09 -4.055714e-08
5.017950e-09 -2.851114e-08
2.630242e-09 -3.663569e-08
-1.761587e-08 -4.201269e-08
-4.129683e-08 -2.755915e-08
-4.913138e-08 1.395671e-09
-3.586947e-08 2.727262e-08
-1.165875e-08 3.632341e-08
7.244954e-09 2.819069e-08
1.173235e-08 1.562578e-08
8.554979e-09 1.224211e-08
1.289758e-08 1.668471e-08
2.831065e-08 1.278753e-08
3.833842e-08 -9.392324e-09
2.494459e-08 -3.647758e-08
-6.883945e-09 -4.381095e-08
-3.155442e-08 -2.450007e-08
-3.174916e-08 1.910277e-09
-1.708077e-08 1.333559e-08
-8.584329e-09 1.052344e-08
-1.061408e-08 1.111948e-08
-7.753708e-09 2.213207e-08
1.043823e-08 2.894456e-08
3.153905e-08 1.550462e-08
3.387857e-08 -1.206582e-08
1.366814e-08 -3.038859e-08
-1.001321e-08 -2.594522e-08
-1.825735e-08 -9.217063e-09
-1.285537e-08 1.144533e-09
-8.817706e-09 1.548216e-09
-1.158005e-08 3.590888e-09
-1.081548e-08 1.349259e-08
1.987929e-09 2.109441e-08
1.835966e-08 1.380203e-08
2.201590e-08 -4.730164e-09
9.617049e-09 -1.762670e-08
