8.847173e-08 6.971196e-08
2.161992e-07 -3.660603e-08
2.158217e-07 -2.668006e-07
-2.275187e-09 -4.843878e-07
-4.120855e-07 -4.637964e-07
-7.055862e-07 -5.963175e-08
-5.565885e-07 4.580373e-07
-8.066616e-08 6.493465e-07
2.850832e-07 4.357371e-07
3.160013e-07 1.563928e-07
2.293434e-07 9.983727e-08
3.309496e-07 1.372594e-07
5.538218e-07 -6.709565e-08
5.063022e-07 -5.388144e-07
2.536609e-10 -8.596771e-07
-6.226941e-07 -6.442823e-07
-8.393475e-07 -3.985834e-08
-5.577187e-07 4.270499e-07
-1.860314e-07 4.876733e-07
-5.534393e-08 4.020629e-07
5.085689e-09 4.938263e-07
3.349914e-07 6.175667e-07
8.305627e-07 3.475026e-07
9.636299e-07 -3.538983e-07
4.594123e-07 -9.506916e-07
-2.990916e-07 -9.392535e-07
-7.118764e-07 -4.361145e-07
-6.459218e-07 3.488620e-08
-4.534530e-07 2.178749e-07
-3.829575e-07 3.248542e-07
-2.621004e-07 5.613002e-07
1.366468e-07 7.343818e-07
6.425510e-07 5.145577e-07
8.255968e-07 -5.695234e-08
5.255553e-07 -5.527165e-07
3.471441e-08 -6.460838e-07
-2.769544e-07 -4.305793e-07
-3.495916e-07 -1.975903e-07
-3.562584e-07 -5.367262e-08
-3.706590e-07 1.056654e-07
-2.814243e-07 3.215117e-07
-2.161618e-08 4.479460e-07
2.693096e-07 3.432098e-07
3.861416e-07 7.270559e-08
2.876133e-07 -1.597978e-07
1.092900e-07 -2.356157e-07
-1.816034e-08 -2.016420e-07
-8.482992e-08 -1.491755e-07
-1.363708e-07 -9.513987e-08
-1.697229e-07 -1.012167e-08
-1.412437e-07 9.232788e-08
-4.764296e-08 1.500290e-07
5.171784e-08 1.269105e-07
9.730348e-08 5.451435e-08
8.534720e-08 -9.072220e-09
5.251890e-08 -3.807964e-08
2.598466e-08 -4.537448e-08
5.025515e-09 -4.747145e-08
-1.791182e-08 -4.319050e-08
-3.750878e-08 -2.536835e-08
-4.172408e-08 1.445034e-09
