1.105936e-08 5.538052e-09
1.823759e-08 -2.054304e-09
1.949583e-08 -1.481961e-08
1.135791e-08 -2.849154e-08
-7.063558e-09 -3.549355e-08
-2.850828e-08 -2.748585e-08
-3.923479e-08 -6.366702e-09
-3.417378e-08 1.401756e-08
-2.319876e-08 2.479647e-08
-1.431227e-08 3.265964e-08
7.052188e-10 4.368688e-08
3.062157e-08 4.471941e-08
6.012125e-08 1.765531e-08
5.964891e-08 -2.854057e-08
2.370818e-08 -5.871221e-08
-1.749710e-08 -5.178200e-08
-3.426363e-08 -2.521138e-08
-3.142676e-08 -7.829672e-09
-3.213220e-08 -1.060363e-09
-3.818956e-08 1.496127e-08
-2.759574e-08 4.261868e-08
8.243500e-09 5.609940e-08
4.478230e-08 3.550066e-08
5.194967e-08 -4.280058e-09
2.991359e-08 -3.060873e-08
5.064472e-09 -3.093382e-08
-4.272618e-09 -2.125145e-08
-5.565758e-09 -1.948989e-08
-1.483835e-08 -2.260609e-08
-3.196699e-08 -1.450668e-08
-3.981457e-08 9.877831e-09
-2.539271e-08 3.539117e-08
3.581145e-09 4.215998e-08
2.583283e-08 2.712962e-08
2.930382e-08 6.717211e-09
2.302733e-08 -3.248099e-09
2.261277e-08 -6.517775e-09
2.648886e-08 -1.884604e-08
1.573863e-08 -4.127453e-08
-1.796704e-08 -5.104816e-08
-5.300285e-08 -2.790894e-08
-5.803307e-08 1.616038e-08
-2.950238e-08 4.639170e-08
4.199059e-09 4.521058e-08
1.928048e-08 2.946833e-08
2.350703e-08 2.144672e-08
3.602328e-08 1.604947e-08
5.105602e-08 -7.419533e-09
4.121179e-08 -4.622574e-08
-1.733431e-09 -6.731133e-08
-4.752802e-08 -4.669316e-08
-6.003494e-08 -1.436623e-09
-3.849519e-08 3.063220e-08
-1.226466e-08 3.522536e-08
1.517663e-10 3.005060e-08
9.256692e-09 3.098277e-08
2.849615e-08 2.821407e-08
4.677206e-08 5.444335e-09
4.089503e-08 -2.936997e-08
8.971950e-09 -4.825234e-08
-2.373395e-08 -3.670018e-08
