1.352349e-06 6.844384e-07
1.984247e-06 -6.326773e-07
1.138727e-06 -2.146658e-06
-6.850528e-07 -2.355323e-06
-1.871391e-06 -1.084286e-06
-1.622318e-06 3.541192e-07
-6.839534e-07 8.295071e-07
-1.732602e-07 5.338004e-07
-2.554501e-07 3.725859e-07
-2.461313e-07 6.746443e-07
2.742262e-07 9.053176e-07
9.029325e-07 5.328486e-07
9.972938e-07 -2.420518e-07
4.821710e-07 -7.631307e-07
-1.239054e-07 -7.001536e-07
-3.610802e-07 -3.339474e-07
-2.857988e-07 -1.063643e-07
-2.442845e-07 -9.246670e-08
-3.587426e-07 -2.874580e-08
-4.019246e-07 2.363964e-07
-1.610606e-07 5.027545e-07
2.367855e-07 4.788037e-07
4.619236e-07 1.612268e-07
3.706914e-07 -1.652277e-07
1.340005e-07 -2.712542e-07
-1.618564e-08 -2.039784e-07
-4.825304e-08 -1.413972e-07
-8.220739e-08 -1.371345e-07
-1.669780e-07 -9.904538e-08
-2.136887e-07 2.745542e-08
-1.407912e-07 1.616629e-07
4.841196e-09 1.929972e-07
1.080210e-07 1.155862e-07
1.168985e-07 1.639624e-08
7.272895e-08 -3.462998e-08
3.478466e-08 -3.956771e-08
1.991345e-08 -3.394807e-08
1.277104e-08 -3.618725e-08
-4.606237e-10 -4.177340e-08
-2.098054e-08 -4.019743e-08
-4.094077e-08 -2.428443e-08
-4.692556e-08 4.103855e-09
-3.078641e-08 2.920190e-08
-4.034613e-09 3.275106e-08
9.362102e-09 1.724160e-08
2.339997e-09 6.934685e-09
-3.712580e-09 1.649322e-08
1.211283e-08 2.853707e-08
3.811797e-08 1.603380e-08
4.233205e-08 -1.842221e-08
1.509885e-08 -4.229767e-08
-1.702682e-08 -3.406628e-08
-2.544581e-08 -9.294332e-09
-1.418141e-08 2.821994e-09
-8.825960e-09 -1.978769e-09
-1.836882e-08 -2.082200e-09
-2.378227e-08 1.532861e-08
-7.003251e-09 3.403857e-08
2.167154e-08 3.006746e-08
3.504664e-08 3.916467e-09
2.263774e-08 -1.960899e-08
