5.171568e-08 4.730291e-08
1.102227e-07 -3.963680e-10
1.111951e-07 -9.572317e-08
2.944101e-08 -1.722100e-07
-9.593445e-08 -1.646195e-07
-1.797229e-07 -6.384696e-08
-1.653978e-07 5.840005e-08
-8.683093e-08 1.226918e-07
-1.481868e-08 1.260479e-07
3.288602e-08 1.140584e-07
8.446071e-08 9.644825e-08
1.374697e-07 4.133417e-08
1.435893e-07 -5.279782e-08
7.791709e-08 -1.294818e-07
-1.693508e-08 -1.367908e-07
-7.803963e-08 -8.725206e-08
-9.049636e-08 -3.302071e-08
-8.584984e-08 4.329653e-10
-8.577183e-08 3.103070e-08
-7.352202e-08 7.674671e-08
-2.421202e-08 1.194627e-07
5.366464e-08 1.213120e-07
1.181286e-07 6.819650e-08
1.326133e-07 -1.226598e-08
9.858741e-08 -7.717277e-08
4.620767e-08 -1.079243e-07
-4.137159e-09 -1.167758e-07
-5.952962e-08 -1.134033e-07
-1.253194e-07 -7.913475e-08
-1.696167e-07 7.042403e-09
-1.421867e-07 1.193367e-07
-3.702349e-08 1.875840e-07
8.449339e-08 1.646747e-07
1.513877e-07 7.679422e-08
1.517154e-07 -1.227937e-08
1.222786e-07 -7.434749e-08
8.114448e-08 -1.259934e-07
7.166493e-09 -1.683065e-07
-1.026140e-07 -1.576440e-07
-1.899264e-07 -6.213867e-08
-1.844528e-07 7.486882e-08
-8.711127e-08 1.636282e-07
2.717672e-08 1.598162e-07
9.269296e-08 9.996277e-08
1.108892e-07 4.036879e-08
1.146282e-07 -8.842597e-09
1.043298e-07 -6.750178e-08
5.200473e-08 -1.253101e-07
-3.929892e-08 -1.357119e-07
-1.152560e-07 -7.546192e-08
-1.241322e-07 1.658543e-08
-7.264246e-08 7.758056e-08
-1.130330e-08 8.452204e-08
2.504603e-08 6.315534e-08
4.241833e-08 4.185408e-08
5.688128e-08 1.973392e-08
6.231122e-08 -1.437007e-08
4.177090e-08 -5.060260e-08
-8.467266e-10 -6.310900e-08
-3.777269e-08 -4.202906e-08
-4.662792e-08 -6.295419e-09
