1.051215e-07 1.824928e-08
1.450410e-07 -7.823714e-08
8.861483e-08 -1.915889e-07
-4.961129e-08 -2.320487e-07
-1.849039e-07 -1.563932e-07
-2.278320e-07 -8.564531e-09
-1.641898e-07 1.149569e-07
-5.807000e-08 1.573802e-07
2.665729e-08 1.355502e-07
7.439435e-08 8.966245e-08
9.465692e-08 3.900977e-08
9.118173e-08 -1.068254e-08
6.515386e-08 -4.888181e-08
2.749335e-08 -6.488413e-08
-6.215366e-09 -5.935567e-08
-2.736582e-08 -4.203555e-08
-3.602232e-08 -2.238217e-08
-3.611410e-08 -5.663745e-09
-3.222522e-08 6.843295e-09
-2.691701e-08 1.727275e-08
-1.828748e-08 2.758132e-08
-3.146422e-09 3.443760e-08
1.556881e-08 3.104913e-08
2.822703e-08 1.638664e-08
2.842038e-08 -8.504951e-10
2.064203e-08 -1.113263e-08
1.402566e-08 -1.478144e-08
9.956055e-09 -1.921793e-08
1.140815e-09 -2.602275e-08
-1.570351e-08 -2.625595e-08
-3.110138e-08 -1.194730e-08
-3.149145e-08 1.095832e-08
-1.544368e-08 2.636745e-08
3.661596e-09 2.520253e-08
1.270548e-08 1.449967e-08
1.264749e-08 6.896089e-09
1.358599e-08 4.546789e-09
1.845825e-08 -1.242078e-09
1.800572e-08 -1.469550e-08
4.271828e-09 -2.617191e-08
-1.577473e-08 -2.260304e-08
-2.584569e-08 -4.557897e-09
-1.881423e-08 1.297389e-08
-4.161462e-09 1.755107e-08
4.784889e-09 1.194453e-08
6.169659e-09 6.934221e-09
7.703872e-09 5.800579e-09
1.241853e-08 2.107393e-09
1.337858e-08 -7.731029e-09
4.468284e-09 -1.649653e-08
-9.030910e-09 -1.464392e-08
-1.555802e-08 -3.076840e-09
-1.096381e-08 7.633807e-09
-2.203395e-09 9.958945e-09
2.663044e-09 6.588073e-09
3.431894e-09 3.964082e-09
4.584437e-09 3.144316e-09
6.884639e-09 5.248639e-10
6.434680e-09 -4.679762e-09
1.337395e-09 -8.149784e-09
-4.660585e-09 -6.215892e-09
