1.619985e-07 3.509263e-08
2.939378e-07 -1.548722e-07
1.874560e-07 -4.339630e-07
-1.446637e-07 -5.251648e-07
-4.566696e-07 -3.139470e-07
-5.061253e-07 6.381025e-08
-2.740645e-07 3.166176e-07
-1.217869e-08 2.946219e-07
6.210317e-08 1.625555e-07
3.406444e-08 1.451400e-07
1.154495e-07 2.012369e-07
2.914932e-07 1.154969e-07
3.278146e-07 -1.419923e-07
1.182444e-07 -3.358893e-07
-1.486101e-07 -2.768503e-07
-2.339929e-07 -6.320219e-08
-1.376550e-07 7.234092e-08
-4.382339e-08 5.990111e-08
-5.092990e-08 2.585134e-08
-7.479688e-08 7.159583e-08
-1.351822e-08 1.383073e-07
9.776453e-08 1.167870e-07
1.447211e-07 8.315076e-09
8.845522e-08 -8.390670e-08
1.084915e-09 -8.959430e-08
-3.668052e-08 -4.028195e-08
-2.170773e-08 -6.489520e-09
-4.155878e-09 -1.137767e-08
-1.419521e-08 -2.456195e-08
-3.661034e-08 -1.536794e-08
-4.267808e-08 1.331992e-08
-2.391976e-08 3.772519e-08
5.421748e-09 4.057390e-08
2.525311e-08 2.339163e-08
2.560574e-08 1.947336e-09
1.348006e-08 -7.395498e-09
6.118614e-09 -2.662768e-09
1.236672e-08 1.148474e-09
2.051489e-08 -1.013462e-08
1.137419e-08 -2.938540e-08
-1.529604e-08 -3.339053e-08
-3.588657e-08 -1.179802e-08
-3.002826e-08 1.706764e-08
-6.030877e-09 2.684113e-08
9.733447e-09 1.478957e-08
6.174978e-09 2.707567e-09
-8.144351e-10 6.251083e-09
6.816547e-09 1.454900e-08
2.271733e-08 7.268377e-09
2.425224e-08 -1.511194e-08
3.854658e-09 -2.962822e-08
-1.927950e-08 -2.011213e-08
-2.291055e-08 2.122371e-09
-8.822672e-09 1.346588e-08
2.343551e-09 7.734234e-09
-3.008551e-10 6.591993e-10
-5.468914e-09 5.210810e-09
1.126365e-09 1.340077e-08
1.472584e-08 9.227579e-09
1.776885e-08 -7.071848e-09
4.590412e-09 -1.816441e-08
