-1.151104e-07 -2.868841e-07
-4.336023e-07 -2.243989e-07
-6.393522e-07 1.602629e-07
-4.321402e-07 6.378358e-07
9.956567e-08 7.849395e-07
5.212956e-07 4.940844e-07
5.664998e-07 1.003152e-07
4.345948e-07 -6.411243e-08
4.611349e-07 -1.064527e-07
5.804027e-07 -3.847736e-07
3.497470e-07 -8.996597e-07
-4.059685e-07 -1.118203e-06
-1.178561e-06 -5.890364e-07
-1.258535e-06 3.937184e-07
-5.925040e-07 1.026477e-06
1.336857e-07 9.315896e-07
3.734313e-07 5.605970e-07
3.825565e-07 4.755286e-07
7.096528e-07 5.026091e-07
1.221532e-06 1.440652e-08
1.129122e-06 -1.002109e-06
9.549563e-08 -1.660748e-06
-1.120098e-06 -1.215869e-06
-1.479351e-06 -5.216284e-08
-8.936090e-07 7.663903e-07
-2.050795e-07 7.895147e-07
-3.343023e-09 5.577745e-07
4.279415e-08 6.391432e-07
4.763008e-07 7.794437e-07
1.092324e-06 3.611772e-07
1.141433e-06 -5.671019e-07
3.785060e-07 -1.208915e-06
-5.471705e-07 -9.971964e-07
-8.781214e-07 -2.638532e-07
-5.995903e-07 2.560884e-07
-2.660896e-07 3.181791e-07
-1.890349e-07 2.735849e-07
-1.394080e-07 4.068549e-07
1.523887e-07 5.270723e-07
5.250070e-07 3.188026e-07
5.949558e-07 -1.483602e-07
2.775766e-07 -4.784095e-07
-1.160501e-07 -4.361456e-07
-2.767237e-07 -1.796558e-07
-2.144313e-07 5.665801e-09
-1.325152e-07 4.452849e-08
-1.232755e-07 6.127786e-08
-1.030780e-07 1.344312e-07
2.645212e-09 1.908717e-07
1.321865e-07 1.386345e-07
1.733326e-07 6.379583e-09
1.062418e-07 -9.513299e-08
1.153787e-08 -1.054479e-07
-3.590116e-08 -6.098654e-08
-3.592379e-08 -2.528343e-08
-3.005263e-08 -1.579365e-08
-3.754585e-08 -8.344032e-09
-4.211805e-08 1.397160e-08
-2.579559e-08 3.846397e-08
4.815365e-09 4.360876e-08
2.765220e-08 2.614458e-08
