-1.490042e-07 8.295781e-07
1.327936e-06 1.879214e-06
3.965047e-06 4.520788e-07
3.722848e-06 -3.504602e-06
-3.754685e-07 -5.386024e-06
-4.101598e-06 -2.845753e-06
-3.949411e-06 1.193398e-06
-1.102596e-06 2.815216e-06
9.599401e-07 1.612475e-06
8.266015e-07 8.243240e-08
-5.396489e-08 -2.280361e-08
-1.499983e-08 6.437631e-07
7.993519e-07 6.322254e-07
1.146523e-06 -2.702331e-07
5.005870e-07 -1.046697e-06
-4.349433e-07 -9.151892e-07
-7.621299e-07 -1.856197e-07
-4.114401e-07 3.126147e-07
-6.566206e-09 2.467262e-07
5.525416e-09 -1.016847e-09
-1.910706e-07 2.495022e-08
-1.717924e-07 2.807883e-07
1.313061e-07 3.798942e-07
3.872819e-07 1.474000e-07
3.302518e-07 -1.801364e-07
6.860713e-08 -2.937253e-07
-1.112429e-07 -1.753076e-07
-1.057529e-07 -3.947176e-08
-4.708491e-08 -2.070466e-08
-6.348807e-08 -4.848001e-08
-1.200055e-07 -9.714728e-09
-1.126332e-07 8.506369e-08
-2.438565e-08 1.399925e-07
6.869486e-08 1.086839e-07
1.022278e-07 3.258416e-08
7.963713e-08 -2.782128e-08
3.875968e-08 -5.057940e-08
6.736857e-09 -4.623812e-08
-8.467636e-09 -3.230559e-08
-1.139697e-08 -2.278280e-08
-1.486796e-08 -2.175948e-08
-2.739559e-08 -1.825704e-08
-3.877601e-08 5.082161e-10
-3.023310e-08 2.681520e-08
-2.789852e-09 3.652478e-08
1.832399e-08 2.090964e-08
1.536296e-08 9.543223e-10
1.941443e-09 -1.711446e-10
3.105462e-09 1.148908e-08
1.952068e-08 1.086657e-08
2.713073e-08 -9.304524e-09
1.172276e-08 -2.789989e-08
-1.146591e-08 -2.469392e-08
-1.925638e-08 -6.800085e-09
-1.083587e-08 3.523455e-09
-5.124380e-09 -1.223132e-10
-1.175409e-08 -2.194837e-09
-1.758790e-08 9.641230e-09
-6.608129e-09 2.490833e-08
1.563849e-08 2.356098e-08
2.717483e-08 3.464259e-09
