-1.024263e-09 -1.477607e-08
-1.652126e-08 -1.705296e-08
-3.074098e-08 -3.426920e-09
-2.854532e-08 1.837340e-08
-1.023491e-08 3.057313e-08
8.547998e-09 2.499710e-08
1.375048e-08 1.131635e-08
8.299659e-09 5.553723e-09
7.749472e-09 1.029569e-08
1.928810e-08 1.114514e-08
3.042610e-08 -4.159541e-09
2.334332e-08 -2.759821e-08
-2.110535e-09 -3.774905e-08
-2.592508e-08 -2.436044e-08
-2.989021e-08 -4.159484e-10
-1.727158e-08 1.330477e-08
-6.237764e-09 1.192667e-08
-6.019266e-09 9.023672e-09
-6.525885e-09 1.563142e-08
5.345262e-09 2.375856e-08
2.466495e-08 1.677979e-08
3.168460e-08 -6.579745e-09
1.640737e-08 -2.710423e-08
-7.698392e-09 -2.696940e-08
-1.946262e-08 -1.048887e-08
-1.457686e-08 3.243332e-09
-6.921696e-09 4.936587e-09
-6.960990e-09 3.603252e-09
-8.281715e-09 9.417558e-09
3.273483e-11 1.710152e-08
1.470387e-08 1.349789e-08
2.062932e-08 -2.491514e-09
1.070682e-08 -1.646384e-08
-4.839784e-09 -1.615721e-08
-1.171119e-08 -5.553304e-09
-8.190565e-09 2.560229e-09
-3.568598e-09 3.239982e-09
-3.466073e-09 2.523232e-09
-3.585704e-09 5.610445e-09
1.351590e-09 8.789919e-09
8.397012e-09 5.723859e-09
1.000781e-08 -2.585013e-09
4.234222e-09 -8.524337e-09
-2.985307e-09 -7.356714e-09
-5.504449e-09 -2.142329e-09
-3.532642e-09 1.315156e-09
-1.397806e-09 1.416674e-09
-1.278499e-09 9.051505e-10
-1.456979e-09 1.856020e-09
4.008251e-11 3.036333e-09
2.377597e-09 2.297859e-09
3.177457e-09 -2.054679e-10
1.660474e-09 -2.202256e-09
-5.161208e-10 -2.076631e-09
-1.336307e-09 -5.416452e-10
-5.908925e-10 5.036505e-10
2.774433e-10 2.118501e-10
1.122503e-10 -5.192362e-10
-6.716051e-10 -4.476820e-10
-8.595553e-10 4.162491e-10
-1.009162e-10 9.653094e-10
