3.906361e-09 1.338907e-07
1.360098e-07 1.362407e-07
2.364982e-07 1.028770e-08
1.980691e-07 -1.621799e-07
4.195793e-08 -2.437419e-07
-1.058053e-07 -1.878976e-07
-1.555369e-07 -7.424360e-08
-1.336553e-07 4.738887e-09
-1.073297e-07 4.411299e-08
-8.388675e-08 8.505964e-08
-2.914626e-08 1.240068e-07
5.127105e-08 1.166592e-07
1.036499e-07 5.293539e-08
9.422854e-08 -2.008643e-08
4.750786e-08 -5.379003e-08
9.699733e-09 -4.698090e-08
-1.804940e-09 -3.116935e-08
-2.509106e-09 -2.761486e-08
-1.092175e-08 -3.140475e-08
-2.821297e-08 -2.724225e-08
-4.179151e-08 -8.508557e-09
-3.934040e-08 1.713356e-08
-2.014809e-08 3.438658e-08
3.020402e-09 3.349589e-08
1.491845e-08 2.016433e-08
1.360319e-08 1.006062e-08
1.226624e-08 1.037256e-08
2.138695e-08 1.039539e-08
3.250007e-08 -4.004272e-09
2.686928e-08 -2.871575e-08
4.185641e-10 -4.210530e-08
-2.760626e-08 -2.987900e-08
-3.526928e-08 -2.864582e-09
-2.234282e-08 1.561692e-08
-7.627609e-09 1.662047e-08
-3.871386e-09 1.238904e-08
-3.611452e-09 1.603535e-08
6.641811e-09 2.252448e-08
2.449105e-08 1.621708e-08
3.204690e-08 -5.958516e-09
1.826428e-08 -2.717997e-08
-6.186750e-09 -2.933764e-08
-2.077990e-08 -1.366242e-08
-1.815367e-08 2.534596e-09
-9.243299e-09 7.443496e-09
-6.007332e-09 6.255883e-09
-6.223320e-09 9.356764e-09
-1.654947e-11 1.551742e-08
1.287930e-08 1.366570e-08
2.025019e-08 -1.221267e-10
1.304305e-08 -1.491440e-08
-2.318576e-09 -1.751523e-08
-1.169191e-08 -8.113734e-09
-9.949531e-09 1.666561e-09
-4.461427e-09 4.144598e-09
-2.793933e-09 3.002658e-09
-3.171197e-09 4.624283e-09
1.810941e-10 7.819741e-09
6.716092e-09 6.402384e-09
9.659640e-09 -7.495156e-10
5.416990e-09 -7.306099e-09
