-3.883573e-06 -1.017125e-06
-5.392526e-06 2.565573e-06
-3.701684e-06 6.316375e-06
-1.034690e-07 8.340315e-06
4.629445e-06 8.238924e-06
9.277630e-06 4.833190e-06
1.096755e-05 -1.517472e-06
8.079200e-06 -7.817670e-06
1.866607e-06 -1.093731e-05
-4.822648e-06 -9.603224e-06
-9.130470e-06 -4.574987e-06
-9.282565e-06 1.719106e-06
-5.679934e-06 6.177960e-06
-8.940671e-07 7.074833e-06
2.441662e-06 5.335794e-06
3.849879e-06 3.109387e-06
4.501120e-06 1.221117e-06
4.783217e-06 -1.059737e-06
3.592992e-06 -3.806502e-06
4.082574e-07 -5.322641e-06
-3.070931e-06 -4.041979e-06
-4.388669e-06 -7.902808e-07
-3.054593e-06 1.884419e-06
-8.788584e-07 2.470535e-06
3.390204e-07 1.727324e-06
5.818359e-07 1.129174e-06
8.434294e-07 9.718003e-07
1.395550e-06 5.292581e-07
1.537286e-06 -4.758056e-07
8.021448e-07 -1.346356e-06
-2.999604e-07 -1.352294e-06
-9.147893e-07 -6.333372e-07
-8.033481e-07 7.833879e-08
-4.068497e-07 3.336893e-07
-1.742367e-07 2.844405e-07
-1.233356e-07 2.623990e-07
-3.464065e-08 3.362964e-07
1.692334e-07 3.415175e-07
3.501728e-07 1.732427e-07
3.598666e-07 -7.922495e-08
2.050807e-07 -2.509829e-07
1.306963e-08 -2.681366e-07
-1.060827e-07 -1.840103e-07
-1.401482e-07 -9.181459e-08
-1.417266e-07 -3.057453e-08
-1.440424e-07 2.466949e-08
-1.245710e-07 9.802897e-08
-5.039019e-08 1.610486e-07
5.948783e-08 1.591376e-07
1.384891e-07 8.060936e-08
1.397091e-07 -2.191527e-08
8.116175e-08 -8.456317e-08
1.687971e-08 -9.124248e-08
-2.171838e-08 -7.063389e-08
-4.186441e-08 -4.912302e-08
-5.758568e-08 -2.599505e-08
-6.373050e-08 7.168096e-09
-4.727379e-08 4.180840e-08
-1.129909e-08 5.757265e-08
2.328395e-08 4.552500e-08
3.760866e-08 1.766272e-08
