-1.382169e-07 -3.561133e-07
-5.535230e-07 -2.542838e-07
-7.907539e-07 2.740976e-07
-4.650076e-07 9.037708e-07
3.174598e-07 1.048635e-06
9.182626e-07 5.065591e-07
8.626570e-07 -2.221887e-07
3.887304e-07 -5.416093e-07
4.068490e-08 -4.395447e-07
-2.907220e-08 -3.158515e-07
-9.183539e-08 -3.522145e-07
-3.212144e-07 -3.367190e-07
-5.256855e-07 -7.093555e-08
-4.452529e-07 3.014576e-07
-1.185256e-07 4.773728e-07
1.792891e-07 3.686959e-07
2.766316e-07 1.546247e-07
2.434339e-07 1.246946e-08
2.081857e-07 -6.250441e-08
1.737774e-07 -1.502575e-07
7.116461e-08 -2.369980e-07
-8.800815e-08 -2.340920e-07
-2.012575e-07 -1.182726e-07
-2.002296e-07 2.754513e-08
-1.197843e-07 1.132553e-07
-3.507596e-08 1.266073e-07
2.148564e-08 1.067653e-07
5.964669e-08 7.723123e-08
8.368177e-08 3.543402e-08
8.148417e-08 -1.352057e-08
5.226313e-08 -4.792301e-08
1.630114e-08 -5.517739e-08
-8.009257e-09 -4.517590e-08
-2.078458e-08 -3.266509e-08
-2.931019e-08 -2.018361e-08
-3.309733e-08 -4.647497e-09
-2.823640e-08 1.042931e-08
-1.789750e-08 1.872821e-08
-8.781749e-09 2.112471e-08
-1.039983e-09 2.271266e-08
9.546350e-09 2.250597e-08
2.085090e-08 1.473255e-08
2.444093e-08 2.704897e-10
1.771402e-08 -1.138634e-08
8.574544e-09 -1.432782e-08
4.169346e-09 -1.380652e-08
7.239999e-10 -1.675481e-08
-9.274372e-09 -1.944140e-08
-2.278410e-08 -1.182808e-08
-2.682733e-08 6.541868e-09
-1.489891e-08 2.229493e-08
3.327845e-09 2.315601e-08
1.310054e-08 1.244379e-08
1.195633e-08 3.490125e-09
1.005101e-08 1.762004e-09
1.363469e-08 -6.926293e-10
1.522763e-08 -1.110437e-08
4.726651e-09 -2.251054e-08
-1.391308e-08 -2.088731e-08
-2.447996e-08 -4.083282e-09
-1.770117e-08 1.353601e-08
