5.831637e-08 -5.874046e-08
1.251405e-08 -1.326195e-07
-9.936247e-08 -1.490228e-07
-2.003612e-07 -5.870962e-08
-1.965701e-07 9.069170e-08
-8.136067e-08 1.858760e-07
5.164321e-08 1.655040e-07
1.124734e-07 7.551169e-08
9.724904e-08 -3.776598e-10
6.038036e-08 -2.849353e-08
4.026226e-08 -3.241731e-08
3.116363e-08 -4.167083e-08
1.146205e-08 -5.608439e-08
-2.157893e-08 -5.567096e-08
-4.818339e-08 -3.074524e-08
-4.950627e-08 4.248882e-09
-2.887653e-08 2.539919e-08
-7.796706e-09 2.426263e-08
-1.976342e-09 1.482214e-08
-5.311815e-09 1.480704e-08
-5.319481e-10 2.399769e-08
1.713241e-08 2.587872e-08
3.293516e-08 9.952890e-09
3.068417e-08 -1.378187e-08
1.260000e-08 -2.626158e-08
-4.003184e-09 -2.165009e-08
-8.158306e-09 -1.217238e-08
-6.881192e-09 -1.027216e-08
-1.254891e-08 -1.221075e-08
-2.365269e-08 -4.794195e-09
-2.527126e-08 1.411703e-08
-9.158066e-09 2.944532e-08
1.343976e-08 2.631991e-08
2.397266e-08 8.472105e-09
1.810449e-08 -6.754719e-09
8.378717e-09 -9.849634e-09
5.601330e-09 -8.291499e-09
5.166039e-09 -1.226161e-08
-3.355567e-09 -1.818627e-08
-1.803764e-08 -1.358417e-08
-2.430428e-08 3.872526e-09
-1.350002e-08 2.027957e-08
5.177408e-09 2.139971e-08
1.553460e-08 9.203522e-09
1.300531e-08 -2.470017e-09
6.698711e-09 -5.716724e-09
4.549049e-09 -5.469800e-09
3.547992e-09 -8.385606e-09
-2.619272e-09 -1.169002e-08
-1.168657e-08 -7.802851e-09
-1.445392e-08 3.296758e-09
-7.084191e-09 1.236903e-08
3.650108e-09 1.199609e-08
8.825037e-09 4.815493e-09
7.200950e-09 -1.335063e-09
4.011764e-09 -3.156978e-09
2.624954e-09 -3.486675e-09
1.316385e-09 -4.854380e-09
-2.006384e-09 -5.544413e-09
-5.543169e-09 -2.991579e-09
-5.852611e-09 1.686206e-09
