6.923333e-09 -5.790110e-09
8.684166e-09 -1.553535e-08
4.311823e-09 -2.877418e-08
-1.288575e-08 -3.999829e-08
-4.160885e-08 -3.385864e-08
-6.099719e-08 -1.588160e-09
-4.870347e-08 3.928971e-08
-9.362084e-09 5.718666e-08
2.576695e-08 4.012404e-08
3.168658e-08 9.946426e-09
1.700572e-08 -3.166152e-09
1.047520e-08 3.500217e-09
2.239409e-08 4.975327e-09
3.134541e-08 -1.501458e-08
1.443843e-08 -3.955068e-08
-1.945223e-08 -3.941942e-08
-3.862337e-08 -1.169576e-08
-2.797046e-08 1.580887e-08
-6.217083e-09 1.982994e-08
1.044293e-09 8.891607e-09
-5.422784e-09 6.969820e-09
-3.872996e-09 1.822720e-08
1.415702e-08 2.221675e-08
2.992265e-08 4.867569e-09
2.305201e-08 -1.956364e-08
-1.381926e-10 -2.643671e-08
-1.510312e-08 -1.272213e-08
-1.124849e-08 1.338342e-09
-2.740789e-09 1.183242e-09
-5.195250e-09 -4.279154e-09
-1.338352e-08 7.799638e-10
-1.076769e-08 1.441915e-08
5.105306e-09 1.945022e-08
1.816425e-08 7.841231e-09
1.524636e-08 -8.297955e-09
2.375341e-09 -1.316043e-08
-5.287015e-09 -6.650767e-09
-3.419516e-09 -9.942593e-10
-9.296286e-10 -2.373601e-09
-4.508472e-09 -4.237230e-09
-9.044400e-09 6.428276e-10
-6.212204e-09 8.707441e-09
2.955467e-09 1.062462e-08
9.328754e-09 4.098233e-09
7.587829e-09 -3.679490e-09
1.816393e-09 -5.828357e-09
-1.338754e-09 -3.392681e-09
-9.565616e-10 -1.657119e-09
-8.895910e-10 -2.297321e-09
-2.981336e-09 -2.317086e-09
-4.635759e-09 4.305236e-10
-3.057152e-09 3.866016e-09
7.124357e-10 4.580432e-09
3.224362e-09 2.195130e-09
2.832336e-09 -5.640722e-10
1.083776e-09 -1.408885e-09
2.226720e-10 -7.766567e-10
5.180866e-10 -4.982991e-10
5.452908e-10 -1.177536e-09
-5.125880e-10 -1.644488e-09
-1.704457e-09 -8.065003e-10
