-4.922165e-08 -5.613720e-08
-1.080507e-07 -5.941215e-09
-9.794472e-08 8.875789e-08
-7.471604e-09 1.404390e-07
8.748253e-08 9.977319e-08
1.110296e-07 9.803879e-09
6.546292e-08 -4.979741e-08
1.277119e-08 -4.928215e-08
-3.045086e-09 -2.368591e-08
6.543525e-09 -1.589034e-08
6.589200e-09 -2.933071e-08
-1.496659e-08 -3.716426e-08
-3.879065e-08 -2.076254e-08
-4.096867e-08 9.856824e-09
-1.980466e-08 2.933167e-08
3.676346e-09 2.464649e-08
9.068007e-09 7.990917e-09
-1.475265e-09 2.064741e-09
-6.720397e-09 1.361686e-08
7.633322e-09 2.516226e-08
3.019706e-08 1.591684e-08
3.595933e-08 -1.183174e-08
1.609680e-08 -3.346149e-08
-1.090798e-08 -3.030379e-08
-2.130179e-08 -1.085475e-08
-1.371990e-08 1.731751e-09
-7.327639e-09 -6.101740e-10
-1.378877e-08 -2.824016e-09
-2.100651e-08 9.611020e-09
-1.057491e-08 2.797232e-08
1.491902e-08 2.991792e-08
3.219615e-08 8.893125e-09
2.533842e-08 -1.616703e-08
4.469206e-09 -2.364764e-08
-8.736644e-09 -1.398256e-08
-7.856750e-09 -4.651471e-09
-5.331645e-09 -4.904044e-09
-1.094780e-08 -5.553503e-09
-1.700147e-08 4.138250e-09
-1.022968e-08 1.830843e-08
7.691940e-09 2.091954e-08
2.023689e-08 7.221551e-09
1.626678e-08 -9.560392e-09
2.753639e-09 -1.465876e-08
-5.831851e-09 -8.432365e-09
-5.347496e-09 -2.215343e-09
-3.478725e-09 -1.787811e-09
-5.910257e-09 -1.827612e-09
-8.244642e-09 3.309764e-09
-3.878025e-09 9.918603e-09
5.232006e-09 9.947631e-09
1.044314e-08 2.331595e-09
7.405986e-09 -5.515539e-09
6.973158e-10 -7.110871e-09
-2.963745e-09 -3.779279e-09
-2.508928e-09 -9.496191e-10
-1.620171e-09 -7.110925e-10
-2.437361e-09 -6.606587e-10
-3.156518e-09 1.211806e-09
-1.585908e-09 3.440670e-09
1.400719e-09 3.438520e-09
