6.465311e-07 6.277698e-06
8.437651e-06 6.189302e-06
1.350430e-05 -2.880698e-06
7.398397e-06 -1.325483e-05
-4.955107e-06 -1.357408e-05
-1.134081e-05 -4.251234e-06
-7.750981e-06 4.188573e-06
-1.344757e-06 5.005388e-06
5.270175e-07 1.799394e-06
-1.130468e-06 1.099070e-06
-9.376329e-07 3.323674e-06
2.349524e-06 3.925488e-06
4.810405e-06 8.304802e-07
3.451525e-06 -2.917844e-06
-1.485834e-08 -3.698589e-06
-2.013249e-06 -1.707884e-06
-1.529846e-06 1.972572e-07
-3.968710e-07 4.067154e-07
-2.675795e-07 -1.548570e-07
-8.123095e-07 -5.472939e-08
-8.343565e-07 7.286503e-07
-4.628885e-08 1.192997e-06
7.785900e-07 8.040348e-07
9.376569e-07 1.650246e-08
5.301888e-07 -4.606105e-07
1.104092e-07 -4.501442e-07
-2.026450e-08 -2.859054e-07
-1.862834e-08 -2.673836e-07
-1.430494e-07 -3.321225e-07
-3.830918e-07 -2.379231e-07
-4.938700e-07 7.369242e-08
-3.185185e-07 3.872256e-07
2.091630e-08 4.622521e-07
2.698605e-07 2.885198e-07
3.099295e-07 5.424786e-08
2.260246e-07 -8.555902e-08
1.429954e-07 -1.364346e-07
8.055869e-08 -1.725210e-07
-8.939750e-09 -2.018433e-07
-1.248063e-07 -1.703346e-07
-1.995644e-07 -6.060553e-08
-1.811475e-07 6.946043e-08
-8.939953e-08 1.460581e-07
1.264602e-08 1.442176e-07
7.583761e-08 9.035554e-08
8.858814e-08 2.705114e-08
6.821618e-08 -1.531019e-08
4.223368e-08 -3.051189e-08
2.708612e-08 -3.380795e-08
1.622887e-08 -4.138691e-08
-5.297608e-09 -4.867562e-08
-3.361615e-08 -3.756280e-08
-4.559005e-08 -6.767571e-09
-3.039548e-08 1.931794e-08
-7.561221e-09 2.066078e-08
-1.991396e-09 8.343984e-09
-1.071593e-08 7.777057e-09
-9.737225e-09 2.229018e-08
9.884175e-09 2.979882e-08
2.938558e-08 1.549776e-08
2.905355e-08 -7.865396e-09
