-2.554729e-06 -2.536261e-06
-7.786455e-06 3.436337e-07
-6.424046e-06 6.657902e-06
-1.708771e-06 6.486646e-06
-2.144606e-06 5.059823e-06
-1.727825e-06 8.800021e-06
5.321074e-06 1.130064e-05
1.339111e-05 5.637563e-06
1.413049e-05 -5.137808e-06
6.719255e-06 -1.268642e-05
-2.875440e-06 -1.261267e-05
-8.793805e-06 -6.884891e-06
-9.319653e-06 -1.276617e-07
-6.240788e-06 4.251788e-06
-2.427921e-06 5.472622e-06
2.674633e-07 4.792289e-06
1.848812e-06 3.754048e-06
3.190942e-06 2.630147e-06
4.288318e-06 6.987731e-07
4.006166e-06 -2.013915e-06
1.762342e-06 -4.009197e-06
-1.214635e-06 -3.809011e-06
-2.922020e-06 -1.723151e-06
-2.620195e-06 4.649874e-07
-1.310820e-06 1.409010e-06
-3.149198e-07 1.278436e-06
5.952252e-08 9.849032e-07
3.240440e-07 9.176108e-07
7.886801e-07 7.454451e-07
1.150710e-06 1.611760e-07
9.894384e-07 -5.994527e-07
3.364033e-07 -1.020295e-06
-3.537222e-07 -8.654736e-07
-6.701260e-07 -3.660391e-07
-5.816030e-07 7.409467e-08
-3.472465e-07 2.594680e-07
-1.863315e-07 2.881094e-07
-8.697476e-08 3.251448e-07
7.527304e-08 3.702611e-07
3.016452e-07 2.881484e-07
4.285489e-07 3.212716e-08
3.263285e-07 -2.469802e-07
6.990296e-08 -3.525431e-07
-1.404657e-07 -2.537479e-07
-1.949487e-07 -9.079445e-08
-1.520585e-07 6.499011e-09
-1.147485e-07 3.923588e-08
-9.981305e-08 7.425550e-08
-5.787251e-08 1.248989e-07
2.637320e-08 1.413157e-07
1.044920e-07 9.118489e-08
1.242680e-07 4.348583e-09
8.339104e-08 -6.254394e-08
2.108978e-08 -7.860320e-08
-2.116292e-08 -5.359914e-08
-2.740241e-08 -2.063101e-08
-1.324421e-08 -8.680037e-09
-9.533504e-09 -1.852805e-08
-2.903441e-08 -2.237271e-08
-4.848859e-08 2.339873e-09
-3.593164e-08 3.962894e-08
