-1.322707e-08 4.420289e-08
2.713376e-08 6.233665e-08
7.041680e-08 3.765867e-08
7.811767e-08 -1.149918e-08
5.069399e-08 -4.703373e-08
1.483442e-08 -5.345678e-08
-8.086877e-09 -4.107651e-08
-1.568162e-08 -2.761799e-08
-1.843015e-08 -2.108762e-08
-2.495213e-08 -1.660382e-08
-3.338113e-08 -5.691480e-09
-3.442086e-08 1.287495e-08
-2.187693e-08 3.007726e-08
-9.373849e-10 3.465197e-08
1.533247e-08 2.512978e-08
1.944875e-08 1.203158e-08
1.738880e-08 5.607924e-09
1.965614e-08 3.380574e-09
2.580448e-08 -5.573882e-09
2.324068e-08 -2.371712e-08
3.756331e-09 -3.770968e-08
-2.278919e-08 -3.212016e-08
-3.642940e-08 -8.383761e-09
-2.851162e-08 1.504311e-08
-1.051651e-08 2.260326e-08
7.249720e-10 1.742626e-08
2.672822e-09 1.367031e-08
6.658379e-09 1.610667e-08
1.879573e-08 1.419000e-08
2.855483e-08 -1.466861e-09
2.132578e-08 -2.273850e-08
-1.253369e-09 -3.086983e-08
-2.076133e-08 -1.865688e-08
-2.277809e-08 1.018254e-09
-1.209927e-08 1.124856e-08
-3.459906e-09 1.011773e-08
-1.908712e-09 8.366368e-09
5.393283e-10 1.142390e-08
9.554442e-09 1.192856e-08
1.786186e-08 2.227128e-09
1.452259e-08 -1.227170e-08
4.517619e-10 -1.828105e-08
-1.171128e-08 -1.099576e-08
-1.275403e-08 7.591862e-10
-6.331357e-09 6.420729e-09
-1.517739e-09 5.489997e-09
-6.979133e-10 4.479975e-09
8.348834e-10 5.899123e-09
5.465486e-09 5.499365e-09
8.859162e-09 1.140182e-10
6.232502e-09 -6.555521e-09
-6.504678e-10 -8.337948e-09
-5.534603e-09 -4.296753e-09
-5.188752e-09 7.568259e-10
-2.177246e-09 2.586001e-09
-4.237730e-10 1.754227e-09
-4.973388e-10 1.226257e-09
-2.844036e-10 1.929061e-09
1.241873e-09 2.187869e-09
2.636119e-09 7.192828e-10
2.187636e-09 -1.419527e-09
