5.365820e-06 4.387461e-06
1.069973e-05 -1.551593e-06
7.572361e-06 -1.109566e-05
-3.164889e-06 -1.355276e-05
-1.085511e-05 -6.112493e-06
-9.257557e-06 2.951392e-06
-2.918706e-06 5.669290e-06
4.556054e-07 3.062245e-06
-4.205115e-07 1.360573e-06
-9.029647e-07 2.875685e-06
1.735561e-06 4.057175e-06
4.727746e-06 1.718425e-06
4.317610e-06 -2.355720e-06
9.072672e-07 -4.151163e-06
-1.923321e-06 -2.603141e-06
-2.080941e-06 -2.217778e-07
-8.107833e-07 5.897161e-07
-2.440407e-07 7.483629e-08
-7.058637e-07 -1.247581e-07
-9.819851e-07 5.798661e-07
-3.178453e-07 1.296858e-06
7.171765e-07 1.124618e-06
1.163051e-06 2.432103e-07
8.075879e-07 -5.073900e-07
2.073555e-07 -6.513494e-07
-9.877346e-08 -4.216059e-07
-1.095832e-07 -2.675980e-07
-1.487614e-07 -2.959476e-07
-3.570811e-07 -2.623611e-07
-5.282013e-07 1.555227e-08
-4.084679e-07 3.879530e-07
-3.342851e-08 5.458890e-07
3.073660e-07 3.788596e-07
3.943875e-07 7.236291e-08
2.756511e-07 -1.325251e-07
1.351396e-07 -1.826197e-07
5.723428e-08 -1.817382e-07
-1.202826e-08 -1.962053e-07
-1.188586e-07 -1.797071e-07
-2.105315e-07 -7.860121e-08
-2.071287e-07 6.797820e-08
-1.065962e-07 1.661495e-07
1.670092e-08 1.674842e-07
9.199131e-08 1.005959e-07
1.027359e-07 2.398411e-08
7.434940e-08 -2.400502e-08
4.088237e-08 -3.810899e-08
2.219394e-08 -3.584481e-08
1.443102e-08 -3.795356e-08
-6.176298e-10 -4.666728e-08
-2.862401e-08 -4.331634e-08
-4.928996e-08 -1.569079e-08
-4.082504e-08 1.837086e-08
-1.257351e-08 2.922386e-08
3.601691e-09 1.473150e-08
-4.561090e-09 3.659011e-09
-1.381711e-08 1.537888e-08
4.107097e-10 3.283354e-08
2.856844e-08 2.725056e-08
4.001670e-08 -1.535506e-09
2.404925e-08 -2.556189e-08
