5.090684e-08 -8.830846e-08
6.790723e-10 -1.926530e-07
-1.328263e-07 -2.578480e-07
-3.304169e-07 -2.022617e-07
-4.590315e-07 4.638544e-08
-3.342299e-07 3.555982e-07
-1.051910e-08 4.620672e-07
2.483233e-07 3.086568e-07
3.023521e-07 8.781012e-08
2.485541e-07 -4.515694e-08
2.015486e-07 -1.254344e-07
1.309116e-07 -2.209732e-07
-2.275994e-08 -2.749602e-07
-1.920073e-07 -1.958070e-07
-2.472607e-07 -2.036118e-08
-1.678745e-07 1.155244e-07
-5.622397e-08 1.433490e-07
6.094837e-09 1.159929e-07
3.745759e-08 9.818454e-08
8.087151e-08 7.905334e-08
1.184781e-07 2.141426e-08
1.027176e-07 -5.636388e-08
3.639609e-08 -9.582805e-08
-2.516979e-08 -7.589070e-08
-4.361286e-08 -3.375605e-08
-3.381717e-08 -1.036240e-08
-2.830349e-08 -6.257370e-09
-3.349919e-08 9.193668e-10
-3.339684e-08 1.878846e-08
-1.872794e-08 3.516703e-08
3.474688e-09 3.849462e-08
2.214479e-08 2.857410e-08
3.117170e-08 1.121641e-08
2.866919e-08 -6.596595e-09
1.736068e-08 -1.738337e-08
5.693056e-09 -1.799274e-08
7.436658e-10 -1.453001e-08
-9.992724e-10 -1.550384e-08
-9.027125e-09 -1.889828e-08
-2.317107e-08 -1.309427e-08
-2.961776e-08 6.048861e-09
-1.755448e-08 2.531642e-08
4.894169e-09 2.772332e-08
1.840149e-08 1.320176e-08
1.510337e-08 -1.400142e-09
6.530583e-09 -3.585102e-09
6.572545e-09 3.146922e-10
1.261106e-08 -3.720419e-09
1.009524e-08 -1.626305e-08
-5.921052e-09 -2.221310e-08
-2.171319e-08 -1.080893e-08
-2.111736e-08 8.943809e-09
-5.814148e-09 1.844580e-08
7.261580e-09 1.202629e-08
7.579593e-09 2.041008e-09
2.475289e-09 6.965729e-10
3.938004e-09 4.305101e-09
1.056616e-08 1.147016e-09
1.022800e-08 -9.648098e-09
-1.337762e-09 -1.571208e-08
-1.318605e-08 -8.548817e-09
