-1.187076e-06 8.215442e-08
-1.217508e-06 1.759197e-06
6.698381e-07 3.478683e-06
4.570609e-06 3.252036e-06
7.767792e-06 -1.416654e-06
5.117072e-06 -8.196880e-06
-2.966202e-06 -1.001467e-05
-9.135994e-06 -4.300394e-06
-8.081715e-06 3.240498e-06
-2.707062e-06 5.961054e-06
6.736443e-07 4.067553e-06
6.188131e-07 2.585652e-06
9.609845e-07 3.533950e-06
3.962922e-06 3.648472e-06
6.634681e-06 3.485681e-08
5.039490e-06 -5.040369e-06
-1.059865e-07 -6.855836e-06
-4.277048e-06 -4.146758e-06
-4.659373e-06 -1.487668e-07
-2.721795e-06 1.836918e-06
-1.261512e-06 1.877769e-06
-8.117621e-07 1.913845e-06
-2.824602e-09 2.485502e-06
1.661002e-06 2.338888e-06
2.901908e-06 7.156956e-07
2.483415e-06 -1.351888e-06
8.148221e-07 -2.313640e-06
-6.882916e-07 -1.844121e-06
-1.232188e-06 -8.337531e-07
-1.114810e-06 -1.062446e-07
-8.892048e-07 2.831465e-07
-6.550500e-07 6.035819e-07
-2.475425e-07 8.503191e-07
2.814312e-07 8.011913e-07
6.419772e-07 4.197281e-07
6.508515e-07 -4.750309e-08
4.058339e-07 -3.382344e-07
1.258085e-07 -3.960858e-07
-6.412892e-08 -3.230674e-07
-1.665452e-07 -2.177866e-07
-2.176675e-07 -1.081424e-07
-2.235483e-07 7.046283e-09
-1.744322e-07 1.102086e-07
-8.137202e-08 1.679372e-07
1.762410e-08 1.629399e-07
8.411341e-08 1.119257e-07
1.074661e-07 5.035095e-08
1.045379e-07 7.027750e-10
9.185446e-08 -4.002150e-08
6.537302e-08 -7.961160e-08
1.463501e-08 -1.062003e-07
-4.911829e-08 -9.634835e-08
-9.292532e-08 -4.651044e-08
-9.361373e-08 1.594224e-08
-5.979807e-08 5.819758e-08
-1.760394e-08 7.026975e-08
1.677632e-08 6.253219e-08
4.229487e-08 4.419123e-08
5.789596e-08 1.586629e-08
5.577748e-08 -1.862441e-08
3.267025e-08 -4.533785e-08
