-3.707700e-06 -5.159131e-07
-4.827435e-06 3.997653e-06
-7.250459e-07 8.933548e-06
7.242879e-06 8.733396e-06
1.276697e-05 1.364114e-06
1.024200e-05 -8.094572e-06
1.650532e-06 -1.192687e-05
-5.695017e-06 -8.466151e-06
-7.705459e-06 -2.514991e-06
-6.120487e-06 1.555465e-06
-3.917728e-06 3.460367e-06
-1.753300e-06 4.468918e-06
7.929795e-07 4.552750e-06
3.067823e-06 3.081447e-06
3.843309e-06 5.922630e-07
2.959007e-06 -1.494409e-06
1.380136e-06 -2.389927e-06
-2.822131e-08 -2.334221e-06
-1.056646e-06 -1.773038e-06
-1.673665e-06 -8.629675e-07
-1.692038e-06 2.137599e-07
-1.082253e-06 1.018483e-06
-2.297301e-07 1.205428e-06
3.738852e-07 8.845512e-07
5.745690e-07 4.517434e-07
5.620168e-07 1.553196e-07
5.294375e-07 -4.663690e-08
4.665260e-07 -2.684018e-07
2.717948e-07 -4.805257e-07
-4.513218e-08 -5.435774e-07
-3.324958e-07 -3.889212e-07
-4.420120e-07 -1.090761e-07
-3.640585e-07 1.316610e-07
-2.074745e-07 2.472138e-07
-6.816945e-08 2.707140e-07
4.834589e-08 2.607793e-07
1.695577e-07 2.120284e-07
2.651230e-07 8.781459e-08
2.616313e-07 -8.557835e-08
1.426631e-07 -2.113225e-07
-1.277878e-08 -2.205977e-07
-1.112215e-07 -1.424930e-07
-1.340283e-07 -5.492165e-08
-1.229314e-07 5.373348e-09
-1.037098e-07 5.366218e-08
-6.338392e-08 9.815473e-08
3.190874e-09 1.136839e-07
6.429464e-08 8.132127e-08
8.462417e-08 2.284975e-08
6.551438e-08 -2.243593e-08
3.526238e-08 -3.925373e-08
1.296389e-08 -3.932214e-08
-1.932693e-09 -3.511776e-08
-1.348176e-08 -2.835572e-08
-2.096770e-08 -1.923662e-08
-2.522420e-08 -1.021430e-08
-2.862405e-08 3.112253e-10
-2.708846e-08 1.549813e-08
-1.369553e-08 2.928607e-08
7.035555e-09 2.939117e-08
1.936256e-08 1.499676e-08
