-4.863053e-09 8.400693e-10
-7.879629e-09 7.038974e-09
-4.578495e-09 1.529551e-08
4.744083e-09 1.896742e-08
1.528914e-08 1.516668e-08
2.153987e-08 4.583301e-09
1.932695e-08 -7.542722e-09
1.095528e-08 -1.415862e-08
3.594388e-09 -1.423665e-08
1.689328e-10 -1.358856e-08
-4.349968e-09 -1.572876e-08
-1.464660e-08 -1.517543e-08
-2.521801e-08 -4.035484e-09
-2.389297e-08 1.502891e-08
-7.067620e-09 2.749549e-08
1.277387e-08 2.239833e-08
1.974916e-08 6.138964e-09
1.308794e-08 -4.843415e-09
6.508277e-09 -4.621889e-09
8.248145e-09 -3.709370e-09
9.606488e-09 -1.147765e-08
-9.006099e-10 -2.021412e-08
-1.788696e-08 -1.497347e-08
-2.347788e-08 3.973421e-09
-1.089322e-08 1.884224e-08
6.098311e-09 1.653673e-08
1.127538e-08 4.372622e-09
5.786715e-09 -1.963965e-09
2.726460e-09 3.217813e-10
6.639757e-09 6.083167e-10
8.223704e-09 -6.709744e-09
9.204472e-11 -1.314827e-08
-1.103198e-08 -8.753301e-09
-1.309548e-08 3.241243e-09
-4.747160e-09 1.060000e-08
3.937872e-09 7.886096e-09
5.303965e-09 1.593898e-09
2.389442e-09 -4.852256e-10
1.945667e-09 8.797876e-10
4.305549e-09 -3.455901e-11
4.202009e-09 -4.296341e-09
-5.438819e-10 -6.859865e-09
-5.614708e-09 -4.023160e-09
-6.011054e-09 1.528573e-09
-2.201272e-09 4.444138e-09
1.259982e-09 3.168454e-09
1.628808e-09 7.494739e-10
4.318018e-10 1.913421e-10
3.888422e-10 1.057078e-09
1.732152e-09 1.000343e-09
2.404887e-09 -7.356655e-10
1.079993e-09 -2.434606e-09
-1.113845e-09 -2.229136e-09
-2.035182e-09 -4.044792e-10
-1.081745e-09 1.047255e-09
2.670080e-10 8.551053e-10
4.169815e-10 -1.618977e-10
-4.190690e-10 -3.776304e-10
-7.388506e-10 4.723022e-10
1.031225e-10 1.075613e-09
1.048377e-09 4.580888e-10
