5.060314e-07 -1.860770e-06
-1.486417e-06 -2.437518e-06
-3.289986e-06 -8.020205e-07
-2.963987e-06 1.636822e-06
-1.114158e-06 2.725098e-06
3.344453e-07 2.247688e-06
6.836703e-07 1.680816e-06
1.098444e-06 1.885705e-06
2.617117e-06 1.736699e-06
4.129668e-06 -3.025203e-07
3.351881e-06 -3.556536e-06
-1.018694e-07 -5.222746e-06
-3.654283e-06 -3.532259e-06
-4.477897e-06 -4.922915e-09
-2.661679e-06 2.295400e-06
-7.197476e-07 2.316898e-06
-1.954655e-07 1.743069e-06
8.718773e-09 2.134726e-06
1.468259e-06 2.618242e-06
3.497051e-06 1.311598e-06
3.772560e-06 -1.652271e-06
1.449125e-06 -3.831344e-06
-1.557702e-06 -3.352453e-06
-2.811763e-06 -1.071120e-06
-2.049819e-06 7.159252e-07
-9.309246e-07 1.035157e-06
-6.033160e-07 8.567681e-07
-5.108261e-07 1.206363e-06
2.908752e-07 1.673270e-06
1.514134e-06 1.211478e-06
1.963847e-06 -2.035614e-07
1.135761e-06 -1.422239e-06
-1.692428e-07 -1.515758e-06
-8.738421e-07 -7.542870e-07
-7.794451e-07 -4.765620e-08
-4.643932e-07 1.726089e-07
-3.623458e-07 1.940376e-07
-3.312581e-07 3.585637e-07
-8.144551e-08 5.629031e-07
3.208404e-07 4.990885e-07
5.421243e-07 1.355024e-07
4.178939e-07 -2.361255e-07
1.182695e-07 -3.578259e-07
-9.475973e-08 -2.524326e-07
-1.397905e-07 -1.096000e-07
-1.137879e-07 -4.264960e-08
-1.112882e-07 -1.826528e-08
-1.230212e-07 3.068513e-08
-9.289266e-08 1.010927e-07
-1.161489e-08 1.362931e-07
7.064102e-08 1.042733e-07
1.029235e-07 3.231622e-08
8.184926e-08 -2.765476e-08
4.252312e-08 -5.023353e-08
1.517570e-08 -4.896262e-08
-4.535922e-10 -4.696925e-08
-2.028006e-08 -4.658128e-08
-4.599527e-08 -3.242339e-08
-5.914470e-08 1.356900e-09
-4.438555e-08 3.741643e-08
-9.888297e-09 5.226319e-08
