-1.171723e-06 2.629057e-07
-1.845476e-06 1.009124e-06
-1.891247e-06 3.022181e-06
6.694491e-07 4.910735e-06
4.527086e-06 3.504968e-06
5.668457e-06 -8.441676e-07
2.944265e-06 -4.166981e-06
-6.852966e-07 -4.021913e-06
-2.278316e-06 -1.840477e-06
-1.898723e-06 -1.827133e-07
-1.252979e-06 2.897998e-07
-1.085572e-06 5.176947e-07
-8.355577e-07 1.048967e-06
-6.544110e-08 1.402376e-06
7.938348e-07 1.063277e-06
1.107205e-06 2.711750e-07
8.283249e-07 -3.535170e-07
3.951668e-07 -5.466294e-07
1.206870e-07 -5.129184e-07
-5.167298e-08 -4.865734e-07
-2.704482e-07 -4.394257e-07
-4.877951e-07 -2.356042e-07
-5.270669e-07 9.812394e-08
-3.331181e-07 3.676839e-07
-4.575082e-08 4.302477e-07
1.650255e-07 3.240017e-07
2.557504e-07 1.726454e-07
2.775115e-07 3.600320e-08
2.544570e-07 -9.751566e-08
1.617113e-07 -2.161703e-07
7.054258e-09 -2.588316e-07
-1.340764e-07 -1.932953e-07
-1.902133e-07 -6.894641e-08
-1.641228e-07 3.644315e-08
-1.063241e-07 9.331617e-08
-4.649035e-08 1.177517e-07
1.642763e-08 1.182240e-07
7.342736e-08 8.434261e-08
9.642334e-08 2.322318e-08
7.567042e-08 -2.998065e-08
3.718302e-08 -4.961083e-08
1.020821e-08 -4.536447e-08
-3.743308e-09 -3.908233e-08
-1.738250e-08 -3.386055e-08
-3.027973e-08 -2.078837e-08
-3.231373e-08 -2.347994e-09
-2.447789e-08 9.741295e-09
-1.764412e-08 1.412407e-08
-1.350276e-08 1.974768e-08
-3.256931e-09 2.706283e-08
1.351567e-08 2.511092e-08
2.371745e-08 1.066708e-08
1.982068e-08 -3.488083e-09
1.190010e-08 -6.610095e-09
1.190009e-08 -5.798462e-09
1.452103e-08 -1.366887e-08
5.219530e-09 -2.656184e-08
-1.613028e-08 -2.718919e-08
-3.140473e-08 -8.743140e-09
-2.644647e-08 1.417067e-08
-8.412973e-09 2.299872e-08
