-2.748156e-07 -9.845453e-08
-4.058693e-07 1.501452e-08
-5.758633e-07 7.728890e-08
-8.203719e-07 4.786372e-07
-4.703716e-07 1.191621e-06
5.424387e-07 1.326077e-06
1.287550e-06 5.333407e-07
1.120438e-06 -4.539655e-07
4.181024e-07 -8.466572e-07
-1.022048e-07 -6.672575e-07
-2.560576e-07 -4.176211e-07
-3.364660e-07 -3.105825e-07
-4.968079e-07 -1.516412e-07
-5.424688e-07 1.842174e-07
-2.989336e-07 4.942476e-07
8.966488e-08 5.241170e-07
3.394425e-07 2.972579e-07
3.594183e-07 4.197081e-08
2.746567e-07 -1.063671e-07
1.902830e-07 -1.920824e-07
7.938748e-08 -2.663393e-07
-8.836366e-08 -2.732736e-07
-2.326460e-07 -1.544378e-07
-2.485234e-07 2.672789e-08
-1.464558e-07 1.435269e-07
-3.271489e-08 1.529399e-07
2.690920e-08 1.167585e-07
5.799457e-08 9.055923e-08
9.536212e-08 5.910929e-08
1.161242e-07 -4.499141e-09
8.351320e-08 -7.233792e-08
1.504134e-08 -9.313168e-08
-3.450554e-08 -6.270113e-08
-4.183522e-08 -2.423486e-08
-3.176501e-08 -7.846312e-09
-3.022617e-08 -2.936885e-09
-3.256070e-08 9.253594e-09
-2.417604e-08 2.525206e-08
-7.065767e-09 3.186501e-08
7.730651e-09 2.826865e-08
1.801107e-08 2.112354e-08
2.622622e-08 1.028580e-08
2.747225e-08 -6.045834e-09
1.638626e-08 -1.952313e-08
9.271073e-10 -1.966957e-08
-4.961214e-09 -1.094184e-08
-1.674190e-09 -8.216074e-09
-3.940545e-09 -1.424602e-08
-1.757017e-08 -1.412980e-08
-2.781083e-08 2.449624e-09
-1.851399e-08 2.334235e-08
4.444691e-09 2.760437e-08
1.908298e-08 1.250705e-08
1.483243e-08 -3.381811e-09
4.262420e-09 -4.821491e-09
4.101930e-09 1.521523e-09
1.226251e-08 -1.171284e-09
1.177747e-08 -1.490901e-08
-4.437440e-09 -2.292121e-08
-2.192400e-08 -1.199068e-08
-2.214079e-08 9.045601e-09
