-5.221787e-07 -1.420698e-07
-7.845070e-07 6.733683e-07
-5.581779e-07 1.896992e-06
1.078273e-06 3.674626e-06
5.278615e-06 3.323790e-06
8.153822e-06 -1.986202e-06
4.718262e-06 -8.542898e-06
-3.218608e-06 -9.593320e-06
-8.584179e-06 -3.998365e-06
-7.548311e-06 2.617676e-06
-3.203515e-06 5.114948e-06
-3.899905e-07 4.221437e-06
3.355740e-07 3.633990e-06
1.757939e-06 4.162966e-06
4.721312e-06 3.205766e-06
6.475573e-06 -6.528988e-07
4.488712e-06 -5.001971e-06
-7.032723e-08 -6.365151e-06
-3.725083e-06 -4.163851e-06
-4.532112e-06 -8.002790e-07
-3.370372e-06 1.444714e-06
-1.917813e-06 2.337126e-06
-6.835422e-07 2.685682e-06
6.735142e-07 2.685575e-06
2.046447e-06 1.900703e-06
2.700798e-06 3.246006e-07
2.185685e-06 -1.277198e-06
8.756947e-07 -2.087084e-06
-4.486400e-07 -1.916892e-06
-1.254079e-06 -1.134228e-06
-1.435209e-06 -2.111511e-07
-1.130248e-06 5.260000e-07
-5.643063e-07 9.067631e-07
1.330872e-08 9.076334e-07
4.142447e-07 6.463634e-07
5.849950e-07 2.938844e-07
5.703590e-07 -3.442835e-08
4.223021e-07 -2.879564e-07
1.818889e-07 -4.232955e-07
-7.644476e-08 -4.017577e-07
-2.509299e-07 -2.463111e-07
-2.863814e-07 -5.155633e-08
-2.158626e-07 8.798622e-08
-1.150498e-07 1.444022e-07
-3.284731e-08 1.463592e-07
2.539364e-08 1.267765e-07
6.924476e-08 9.631107e-08
1.000288e-07 5.343652e-08
1.107142e-07 -2.729510e-10
9.375003e-08 -5.515878e-08
4.856921e-08 -9.422523e-08
-1.128231e-08 -1.003877e-07
-6.061767e-08 -7.081144e-08
-8.001172e-08 -2.310599e-08
-7.071433e-08 1.904121e-08
-4.753273e-08 4.537779e-08
-1.990029e-08 5.910312e-08
1.204035e-08 6.109581e-08
4.385324e-08 4.492272e-08
6.067002e-08 1.042822e-08
5.107184e-08 -2.666632e-08
