-7.913575e-08 -2.631880e-08
-1.452592e-07 8.021700e-08
-7.886894e-08 2.179853e-07
7.059274e-08 2.594433e-07
2.191305e-07 1.959457e-07
3.050979e-07 3.994396e-08
2.669141e-07 -1.392403e-07
1.367954e-07 -2.395293e-07
1.006557e-08 -2.487462e-07
-8.580286e-08 -2.290876e-07
-1.929945e-07 -1.898413e-07
-3.002129e-07 -7.259774e-08
-3.127694e-07 1.243161e-07
-1.783829e-07 2.904074e-07
2.213896e-08 3.186090e-07
1.617458e-07 2.301539e-07
2.129333e-07 1.309013e-07
2.508538e-07 6.183770e-08
3.122177e-07 -4.741731e-08
3.067057e-07 -2.530088e-07
1.157884e-07 -4.624427e-07
-2.274685e-07 -4.836906e-07
-5.087879e-07 -2.318511e-07
-5.253655e-07 1.455425e-07
-2.950388e-07 3.978660e-07
-2.428960e-08 4.239072e-07
1.377187e-07 3.401804e-07
2.450686e-07 2.766252e-07
4.033434e-07 1.799029e-07
5.347066e-07 -8.611703e-08
4.195669e-07 -4.668428e-07
2.249354e-09 -6.744985e-07
-4.533733e-07 -4.934605e-07
-6.115389e-07 -5.508866e-08
-4.249751e-07 2.945683e-07
-1.457518e-07 3.765072e-07
1.267685e-08 3.179608e-07
9.970005e-08 2.963193e-07
2.581855e-07 2.732053e-07
4.404271e-07 8.857659e-08
4.318823e-07 -2.436165e-07
1.498958e-07 -4.789083e-07
-2.072584e-07 -4.177743e-07
-3.713602e-07 -1.412116e-07
-2.925380e-07 9.962223e-08
-1.400274e-07 1.732952e-07
-5.632967e-08 1.599113e-07
-1.132138e-08 1.716883e-07
8.289311e-08 1.863348e-07
2.023704e-07 1.099966e-07
2.309999e-07 -5.532280e-08
1.213717e-07 -1.881431e-07
-3.658026e-08 -1.898577e-07
-1.218831e-07 -9.182763e-08
-1.098316e-07 1.489264e-09
-6.535747e-08 3.632723e-08
-4.161708e-08 4.110682e-08
-2.807549e-08 5.482901e-08
4.849457e-09 6.924294e-08
4.924945e-08 5.328156e-08
6.878915e-08 6.427931e-09
