7.649017e-07 1.762155e-06
2.770376e-06 1.011847e-06
3.238344e-06 -1.582261e-06
1.139124e-06 -3.487399e-06
-1.493674e-06 -2.861498e-06
-2.369501e-06 -7.450614e-07
-1.472328e-06 6.892053e-07
-4.403439e-07 6.932955e-07
-3.146912e-07 2.683179e-07
-5.845860e-07 4.463668e-07
-3.049597e-07 1.018733e-06
5.490861e-07 1.094650e-06
1.161664e-06 3.825902e-07
9.719801e-07 -4.955001e-07
2.825481e-07 -8.232404e-07
-2.223097e-07 -5.650353e-07
-2.762768e-07 -2.277051e-07
-1.803424e-07 -1.585154e-07
-2.707128e-07 -1.999043e-07
-4.679693e-07 -3.207524e-08
-4.400425e-07 3.373027e-07
-8.423181e-08 5.716213e-07
3.215707e-07 4.372481e-07
4.553537e-07 7.898026e-08
3.037937e-07 -1.834621e-07
1.034718e-07 -2.229272e-07
1.679968e-08 -1.693552e-07
-1.232346e-08 -1.628436e-07
-9.328389e-08 -1.736490e-07
-2.020681e-07 -9.875643e-08
-2.234502e-07 5.747907e-08
-1.190823e-07 1.783663e-07
2.410550e-08 1.806378e-07
1.037627e-07 9.755010e-08
1.023118e-07 1.492389e-08
6.792392e-08 -2.429435e-08
4.095804e-08 -3.339318e-08
2.603051e-08 -3.653802e-08
1.302866e-08 -4.135637e-08
-4.108559e-09 -4.429103e-08
-2.527755e-08 -3.876089e-08
-4.266245e-08 -1.912932e-08
-4.276572e-08 9.547952e-09
-2.247108e-08 2.838923e-08
-6.885335e-11 2.409920e-08
3.387075e-09 9.224757e-09
-7.139450e-09 8.654377e-09
-5.488966e-09 2.483560e-08
1.852282e-08 3.177242e-08
4.159095e-08 1.047744e-08
3.642355e-08 -2.284386e-08
8.045788e-09 -3.653825e-08
-1.370695e-08 -2.382303e-08
-1.374763e-08 -7.885025e-09
-7.722180e-09 -7.199802e-09
-1.475895e-08 -1.150693e-08
-2.818493e-08 -5.291406e-10
-2.520560e-08 2.370833e-08
-1.367006e-10 3.694447e-08
2.565347e-08 2.407129e-08
2.985178e-08 -1.623734e-09
