1.674655e-08 -8.751028e-09
9.618956e-09 -2.711743e-08
-1.448864e-08 -3.399441e-08
-3.778901e-08 -1.717403e-08
-3.927940e-08 1.300362e-08
-1.731136e-08 3.200344e-08
7.147890e-09 2.629209e-08
1.297147e-08 8.063794e-09
2.242344e-09 5.231853e-10
-3.744313e-09 1.032208e-08
8.608885e-09 2.020281e-08
2.781645e-08 1.089943e-08
3.078778e-08 -1.419093e-08
1.098319e-08 -3.187379e-08
-1.328564e-08 -2.634360e-08
-2.074094e-08 -7.261587e-09
-1.190457e-08 3.626193e-09
-5.619474e-09 5.185682e-11
-1.230020e-08 -2.640517e-09
-1.943820e-08 9.324350e-09
-9.145221e-09 2.683803e-08
1.548944e-08 2.797519e-08
3.134397e-08 6.928725e-09
2.336370e-08 -1.700010e-08
2.650994e-09 -2.281428e-08
-9.134663e-09 -1.233062e-08
-6.964426e-09 -3.748909e-09
-4.606069e-09 -5.273236e-09
-1.133143e-08 -6.043972e-09
-1.766088e-08 4.712627e-09
-9.794538e-09 1.941898e-08
9.057933e-09 2.104997e-08
2.099143e-08 6.087244e-09
1.567837e-08 -1.058212e-08
1.875499e-09 -1.451180e-08
-5.789691e-09 -7.798711e-09
-4.739463e-09 -2.339602e-09
-3.542883e-09 -2.597757e-09
-6.866732e-09 -2.116610e-09
-9.001088e-09 4.087242e-09
-3.591800e-09 1.092665e-08
6.103495e-09 1.018129e-08
1.092861e-08 1.854909e-09
7.282842e-09 -5.921409e-09
5.112948e-10 -7.093827e-09
-2.843762e-09 -3.702798e-09
-2.339233e-09 -1.173370e-09
-1.777576e-09 -1.058738e-09
-2.853953e-09 -7.278706e-10
-3.443826e-09 1.500544e-09
-1.537118e-09 3.788212e-09
1.632609e-09 3.575416e-09
3.218670e-09 1.043857e-09
2.243293e-09 -1.283994e-09
3.658785e-10 -1.632748e-09
-4.259937e-10 -6.436305e-10
3.227682e-11 -5.657551e-11
4.197670e-10 -5.101646e-10
-1.483924e-10 -1.073670e-09
-1.085263e-09 -7.036451e-10
-1.245963e-09 3.811393e-10
