1.519411e-08 4.302065e-09
2.789320e-08 -8.619841e-09
2.643038e-08 -2.815203e-08
1.229013e-08 -4.058660e-08
-6.399877e-09 -4.346100e-08
-2.617651e-08 -3.673933e-08
-4.131056e-08 -1.875757e-08
-4.317501e-08 6.081017e-09
-2.955158e-08 2.582217e-08
-9.949612e-09 3.116949e-08
3.175584e-09 2.568459e-08
8.389382e-09 2.066604e-08
1.480730e-08 1.941567e-08
2.630762e-08 1.309172e-08
3.303709e-08 -4.612669e-09
2.385756e-08 -2.475640e-08
2.879683e-09 -3.184341e-08
-1.387718e-08 -2.287431e-08
-1.784689e-08 -1.017163e-08
-1.640679e-08 -3.998483e-09
-1.891452e-08 1.807325e-10
-2.107596e-08 1.155823e-08
-1.119629e-08 2.613650e-08
1.008336e-08 2.851646e-08
2.595424e-08 1.264289e-08
2.319514e-08 -7.823722e-09
8.762717e-09 -1.557190e-08
-2.983535e-10 -1.060102e-08
4.856622e-10 -7.053788e-09
-3.094629e-10 -1.127372e-08
-1.031549e-08 -1.305052e-08
-2.012583e-08 -2.188371e-09
-1.589998e-08 1.441950e-08
6.099672e-10 2.028786e-08
1.335175e-08 1.069855e-08
1.234010e-08 -2.066466e-09
4.503747e-09 -5.751689e-09
1.540844e-09 -2.680516e-09
3.802086e-09 -2.854342e-09
2.469850e-09 -7.918895e-09
-5.435920e-09 -9.383775e-09
-1.186751e-08 -2.039291e-09
-8.951696e-09 7.817392e-09
3.200118e-10 1.054396e-08
6.474189e-09 5.244392e-09
5.592462e-09 -6.284442e-10
2.363149e-09 -1.852455e-09
1.845113e-09 -8.596196e-10
2.830072e-09 -2.055104e-09
1.219031e-09 -4.815584e-09
-3.077340e-09 -4.907095e-09
-5.807533e-09 -1.005358e-09
-4.184751e-09 3.334924e-09
-2.788735e-10 4.315138e-09
2.021035e-09 2.238800e-09
1.633351e-09 2.533245e-10
6.424590e-10 1.142726e-10
9.177963e-10 6.284599e-10
1.841967e-09 -8.302358e-12
1.613284e-09 -1.622072e-09
-1.307327e-10 -2.406273e-09
