1.712504e-08 -4.076363e-09
1.905216e-08 -2.276474e-08
2.517415e-09 -4.220493e-08
-2.963063e-08 -4.268911e-08
-5.409149e-08 -1.455105e-08
-4.777327e-08 2.396660e-08
-1.600442e-08 4.182620e-08
1.119542e-08 2.942481e-08
1.310173e-08 8.664640e-09
9.466563e-10 5.392143e-09
1.224381e-09 1.808974e-08
2.075546e-08 2.168187e-08
3.758613e-08 1.175559e-09
2.890520e-08 -2.781862e-08
1.323829e-10 -3.755385e-08
-2.159103e-08 -2.165172e-08
-2.041620e-08 -1.149876e-09
-8.834879e-09 3.456576e-09
-7.936725e-09 -2.847119e-09
-1.813247e-08 3.111916e-10
-1.939012e-08 1.823884e-08
-1.346152e-10 3.188514e-08
2.464067e-08 2.247453e-08
3.090214e-08 -3.127201e-09
1.532544e-08 -2.046477e-08
-2.343948e-09 -1.771681e-08
-6.104481e-09 -7.451192e-09
-2.326209e-09 -5.905573e-09
-6.159977e-09 -1.038044e-08
-1.724005e-08 -5.813007e-09
-1.958811e-08 1.076644e-08
-4.868097e-09 2.356361e-08
1.452811e-08 1.826717e-08
2.050998e-08 5.738531e-10
1.104590e-08 -1.178116e-08
-1.853985e-10 -1.097751e-08
-3.096969e-09 -5.339676e-09
-1.887696e-09 -4.403627e-09
-4.826396e-09 -5.948479e-09
-1.051318e-08 -1.995034e-09
-1.022358e-08 7.429587e-09
-1.218343e-09 1.317325e-08
8.669257e-09 9.058662e-09
1.079777e-08 -3.809153e-10
5.594432e-09 -6.249165e-09
9.138882e-11 -5.745077e-09
-1.549452e-09 -3.166849e-09
-1.435107e-09 -2.426924e-09
-2.691357e-09 -2.453177e-09
-4.519842e-09 -4.956058e-10
-3.967953e-09 2.988191e-09
-6.040209e-10 4.799168e-09
2.706870e-09 3.274891e-09
3.347116e-09 2.149778e-10
1.719812e-09 -1.553571e-09
1.318983e-10 -1.287350e-09
-1.032188e-10 -4.474193e-10
2.965853e-10 -4.154997e-10
9.088578e-11 -9.424827e-10
-7.565381e-10 -9.132014e-10
-1.214055e-09 -2.915688e-11
