-2.694418e-07 2.111339e-07
-1.059332e-07 5.196618e-07
2.897429e-07 6.288054e-07
6.989304e-07 4.368016e-07
9.367848e-07 -8.347486e-09
8.590063e-07 -5.636763e-07
4.487573e-07 -9.998706e-07
-1.554753e-07 -1.147165e-06
-7.816726e-07 -9.535138e-07
-1.262028e-06 -4.161556e-07
-1.376307e-06 3.870429e-07
-9.441838e-07 1.172072e-06
-7.313207e-08 1.524745e-06
8.014002e-07 1.247558e-06
1.270716e-06 5.688991e-07
1.303411e-06 -1.229004e-07
1.107445e-06 -6.941736e-07
7.100705e-07 -1.228633e-06
-6.369152e-08 -1.598265e-06
-1.109476e-06 -1.374377e-06
-1.812896e-06 -3.748951e-07
-1.591392e-06 8.773692e-07
-5.965594e-07 1.550009e-06
4.012985e-07 1.355671e-06
8.586929e-07 7.611955e-07
9.287791e-07 2.957613e-07
9.841319e-07 -6.030729e-08
9.598080e-07 -5.919559e-07
4.869232e-07 -1.178263e-06
-4.146115e-07 -1.282478e-06
-1.143636e-06 -6.528787e-07
-1.155871e-06 2.644489e-07
-5.769262e-07 7.933644e-07
1.087500e-08 7.468528e-07
2.646092e-07 4.792527e-07
3.346841e-07 3.156799e-07
4.576257e-07 1.903754e-07
5.593485e-07 -9.189069e-08
4.035264e-07 -4.542683e-07
-7.235006e-09 -5.971920e-07
-3.743428e-07 -3.870028e-07
-4.443420e-07 -2.466584e-08
-2.683095e-07 2.024638e-07
-7.552641e-08 2.211656e-07
1.042269e-08 1.630531e-07
4.546811e-08 1.377818e-07
1.069119e-07 1.181294e-07
1.678410e-07 3.955904e-08
1.532804e-07 -7.662630e-08
5.756759e-08 -1.447188e-07
-4.449456e-08 -1.219960e-07
-8.597410e-08 -4.965054e-08
-6.928620e-08 6.708095e-09
-3.939301e-08 2.442010e-08
-2.462319e-08 2.492352e-08
-1.790572e-08 3.078955e-08
-2.553471e-09 3.973292e-08
2.135008e-08 3.634851e-08
3.825920e-08 1.566815e-08
3.624866e-08 -1.028598e-08
1.927015e-08 -2.557177e-08
