-5.930294e-08 -4.004416e-07
-4.701527e-07 -4.235092e-07
-8.567754e-07 -4.202954e-08
-8.359907e-07 6.149117e-07
-2.645639e-07 1.097001e-06
5.062061e-07 9.768399e-07
8.904092e-07 3.643632e-07
7.335813e-07 -1.938322e-07
4.028027e-07 -3.884426e-07
2.140454e-07 -3.981285e-07
8.698151e-08 -4.651617e-07
-1.708942e-07 -5.168431e-07
-4.822164e-07 -3.386253e-07
-5.798301e-07 4.701506e-08
-3.743198e-07 3.674119e-07
-6.207874e-08 4.314269e-07
1.377531e-07 3.159734e-07
2.113812e-07 1.918966e-07
2.598449e-07 9.482186e-08
2.929102e-07 -4.358005e-08
2.251843e-07 -2.143925e-07
4.125604e-08 -3.016590e-07
-1.443832e-07 -2.342798e-07
-2.158326e-07 -8.025624e-08
-1.766185e-07 4.262106e-08
-1.076894e-07 9.457242e-08
-5.349715e-08 1.126648e-07
1.165087e-09 1.216074e-07
6.475146e-08 1.019333e-07
1.055169e-07 4.190783e-08
9.482979e-08 -2.628124e-08
4.902412e-08 -6.086593e-08
8.014292e-09 -5.705596e-08
-1.049541e-08 -4.090363e-08
-1.781660e-08 -3.066462e-08
-2.623029e-08 -2.272381e-08
-3.336062e-08 -9.576620e-09
-3.289895e-08 6.453517e-09
-2.523957e-08 1.959532e-08
-1.331632e-08 2.811284e-08
1.983179e-09 3.069492e-08
1.719726e-08 2.405765e-08
2.461630e-08 9.718197e-09
2.132786e-08 -3.139505e-09
1.483458e-08 -7.972306e-09
1.303084e-08 -9.893992e-09
1.191873e-08 -1.733935e-08
1.141520e-09 -2.693312e-08
-1.860818e-08 -2.507003e-08
-3.189378e-08 -6.472732e-09
-2.613970e-08 1.586748e-08
-7.569014e-09 2.453189e-08
6.371738e-09 1.773315e-08
8.244428e-09 9.143003e-09
7.353615e-09 8.345654e-09
1.378084e-08 8.656211e-09
2.223856e-08 -1.447822e-09
1.828569e-08 -1.935805e-08
-1.118712e-09 -2.842932e-08
-2.074382e-08 -1.813675e-08
-2.407787e-08 2.173429e-09
