3.641405e-09 -6.402321e-09
2.780003e-09 -1.623490e-08
-7.710056e-09 -2.860993e-08
-3.197575e-08 -3.025405e-08
-5.542313e-08 -6.352375e-09
-5.170603e-08 3.474749e-08
-1.448798e-08 6.071140e-08
2.855195e-08 4.827873e-08
4.265052e-08 1.130356e-08
2.464277e-08 -1.345282e-08
5.162037e-09 -9.022347e-09
9.154311e-09 3.385783e-09
2.443739e-08 -5.060292e-09
1.975476e-08 -3.076402e-08
-1.131683e-08 -4.143785e-08
-3.930131e-08 -1.898521e-08
-3.565477e-08 1.562813e-08
-8.531861e-09 2.852268e-08
9.524806e-09 1.484905e-08
4.181696e-09 1.113271e-09
-5.237659e-09 6.859537e-09
3.646828e-09 1.899376e-08
2.358204e-08 1.270162e-08
2.784677e-08 -1.192566e-08
7.681743e-09 -2.876105e-08
-1.549720e-08 -2.043553e-08
-1.877797e-08 -1.663837e-10
-6.352796e-09 8.080069e-09
2.395207e-10 1.328608e-09
-6.459638e-09 -2.437735e-09
-1.150717e-08 7.185243e-09
-1.538960e-09 1.798058e-08
1.501257e-08 1.334162e-08
1.933420e-08 -3.983324e-09
7.399243e-09 -1.568325e-08
-6.150872e-09 -1.190845e-08
-8.373237e-09 -1.740642e-09
-3.010729e-09 1.774189e-09
-1.479969e-09 -1.278216e-09
-5.687587e-09 -1.204702e-09
-6.991248e-09 5.314751e-09
-2.519405e-10 1.048517e-08
8.383397e-09 6.959397e-09
9.921192e-09 -2.035845e-09
3.975012e-09 -7.436109e-09
-2.090886e-09 -5.774932e-09
-3.223138e-09 -1.738979e-09
-1.625423e-09 -4.222362e-10
-1.630134e-09 -1.186349e-09
-3.342361e-09 -4.035622e-10
-3.447926e-09 2.556164e-09
-5.383529e-10 4.592808e-09
2.890057e-09 3.324905e-09
3.752585e-09 8.619599e-11
1.973235e-09 -2.015805e-09
-8.582745e-13 -1.768433e-09
-4.128394e-10 -6.514304e-10
1.012867e-10 -4.405221e-10
-3.338381e-11 -1.035842e-09
-1.047606e-09 -1.032727e-09
-1.650024e-09 1.173792e-10
