-1.272001e-07 8.000528e-08
-3.699153e-08 2.931231e-07
2.080277e-07 4.802426e-07
7.636566e-07 5.686878e-07
1.529579e-06 -5.615703e-08
1.453102e-06 -1.491597e-06
-4.802386e-08 -2.476144e-06
-1.919773e-06 -1.815407e-06
-2.553913e-06 4.549084e-08
-1.643531e-06 1.516419e-06
-3.625126e-07 1.739870e-06
2.707548e-07 1.357470e-06
5.554102e-07 1.266486e-06
1.280223e-06 1.244548e-06
2.238464e-06 3.942006e-07
2.288746e-06 -1.309906e-06
8.886073e-07 -2.646269e-06
-1.060584e-06 -2.506779e-06
-2.192416e-06 -1.136419e-06
-2.099475e-06 3.165803e-07
-1.405145e-06 1.142211e-06
-6.993340e-07 1.502359e-06
4.631521e-08 1.686067e-06
9.711722e-07 1.513918e-06
1.740685e-06 7.087456e-07
1.808410e-06 -4.856556e-07
1.082184e-06 -1.406775e-06
3.744312e-08 -1.617802e-06
-7.886080e-07 -1.216311e-06
-1.191443e-06 -5.447246e-07
-1.204581e-06 1.553924e-07
-8.762374e-07 7.403945e-07
-2.885293e-07 1.040107e-06
3.342957e-07 9.343784e-07
7.223225e-07 5.125086e-07
7.738000e-07 2.419381e-08
5.890786e-07 -3.377582e-07
3.042644e-07 -5.339854e-07
-1.715154e-08 -5.773181e-07
-3.193259e-07 -4.482015e-07
-4.887509e-07 -1.619424e-07
-4.363486e-07 1.533063e-07
-2.136736e-07 3.315289e-07
1.980858e-08 3.183941e-07
1.477593e-07 1.997717e-07
1.764202e-07 8.440823e-08
1.674374e-07 2.983568e-09
1.430388e-07 -6.799213e-08
8.471252e-08 -1.293240e-07
-5.294128e-09 -1.464593e-07
-8.333084e-08 -1.017675e-07
-1.080221e-07 -2.555933e-08
-8.150901e-08 3.368611e-08
-3.873573e-08 5.434410e-08
-8.310678e-09 4.942333e-08
7.160500e-09 4.041743e-08
1.928811e-08 3.427257e-08
3.363575e-08 2.392348e-08
4.318052e-08 3.306835e-09
3.769349e-08 -2.199711e-08
1.657038e-08 -3.831937e-08
