-3.077883e-07 3.957039e-08
-3.481715e-07 3.033859e-07
-1.670324e-07 5.984348e-07
2.442111e-07 7.260128e-07
7.018892e-07 5.204037e-07
9.336706e-07 3.160902e-08
8.169938e-07 -4.936622e-07
4.576939e-07 -8.487747e-07
-3.420584e-09 -1.006721e-06
-5.432540e-07 -9.662245e-07
-1.101535e-06 -5.979413e-07
-1.383769e-06 1.683320e-07
-1.056364e-06 1.037160e-06
-1.936887e-07 1.467250e-06
6.729579e-07 1.216060e-06
1.097219e-06 5.983753e-07
1.150475e-06 4.315352e-08
1.114534e-06 -4.382580e-07
9.013703e-07 -1.059222e-06
1.569491e-07 -1.621170e-06
-1.009808e-06 -1.499140e-06
-1.805355e-06 -4.572599e-07
-1.559466e-06 8.336687e-07
-5.486865e-07 1.437077e-06
3.328104e-07 1.179504e-06
6.399348e-07 6.867213e-07
7.259413e-07 4.291393e-07
9.718367e-07 1.633115e-07
1.101019e-06 -4.813542e-07
5.971378e-07 -1.218751e-06
-4.169714e-07 -1.333128e-06
-1.156490e-06 -6.178962e-07
-1.076997e-06 3.054338e-07
-4.686143e-07 7.225787e-07
9.336174e-09 5.961500e-07
1.363452e-07 3.972486e-07
2.105865e-07 3.726827e-07
4.453555e-07 2.981516e-07
6.212520e-07 -5.090341e-08
4.346242e-07 -4.828793e-07
-3.333637e-08 -6.111257e-07
-3.910514e-07 -3.476459e-07
-4.032025e-07 1.500240e-08
-2.069855e-07 1.832794e-07
-6.047875e-08 1.595614e-07
-2.898560e-08 1.231612e-07
2.250535e-09 1.484218e-07
9.927714e-08 1.484575e-07
1.836925e-07 5.019376e-08
1.594726e-07 -8.654916e-08
4.607399e-08 -1.494192e-07
-5.405207e-08 -1.093258e-07
-7.821461e-08 -3.360755e-08
-5.172328e-08 8.525455e-09
-2.938437e-08 1.224893e-08
-2.828595e-08 1.271459e-08
-2.680631e-08 2.825433e-08
-6.597146e-09 4.397644e-08
2.323298e-08 3.901229e-08
4.001167e-08 1.353066e-08
3.357430e-08 -1.317310e-08
