2.637354e-07 1.947400e-07
4.929569e-07 -4.024890e-08
4.397126e-07 -4.272312e-07
8.305997e-08 -6.538604e-07
-3.279954e-07 -5.469631e-07
-5.233002e-07 -2.100419e-07
-4.509470e-07 9.501174e-08
-2.886474e-07 2.280927e-07
-1.794384e-07 2.815800e-07
-6.119960e-08 3.615885e-07
1.619665e-07 3.860930e-07
3.939181e-07 2.148613e-07
4.293953e-07 -9.814273e-08
2.266229e-07 -3.225066e-07
-2.972959e-08 -3.189261e-07
-1.548658e-07 -1.790364e-07
-1.540580e-07 -6.882637e-08
-1.427633e-07 -2.464327e-08
-1.578340e-07 3.024497e-08
-1.314534e-07 1.244363e-07
-2.492039e-08 1.847310e-07
9.604991e-08 1.444348e-07
1.409515e-07 3.738685e-08
9.977908e-08 -4.641180e-08
3.687612e-08 -6.355556e-08
5.840423e-09 -4.366415e-08
3.572199e-09 -3.158372e-08
-1.885858e-10 -3.669010e-08
-1.848099e-08 -3.992854e-08
-3.982264e-08 -2.640172e-08
-4.775054e-08 3.223997e-10
-3.644290e-08 2.559601e-08
-1.342358e-08 3.612797e-08
6.270513e-09 2.954664e-08
1.229710e-08 1.695526e-08
9.681980e-09 1.239311e-08
1.334304e-08 1.600352e-08
2.789886e-08 1.237247e-08
3.789869e-08 -8.991589e-09
2.528338e-08 -3.575769e-08
-5.859203e-09 -4.372705e-08
-3.077896e-08 -2.543121e-08
-3.204743e-08 6.395552e-10
-1.825180e-08 1.280723e-08
-9.588526e-09 1.106734e-08
-1.073746e-08 1.199786e-08
-7.347556e-09 2.249877e-08
1.058725e-08 2.885724e-08
3.133865e-08 1.565418e-08
3.399467e-08 -1.149108e-08
1.445335e-08 -3.007180e-08
-9.178333e-09 -2.649914e-08
-1.824085e-08 -1.025952e-08
-1.365471e-08 5.861605e-10
-9.577103e-09 1.853917e-09
-1.167821e-08 4.184636e-09
-1.052367e-08 1.370233e-08
2.074436e-09 2.097611e-08
1.819220e-08 1.385547e-08
2.204780e-08 -4.401489e-09
1.003090e-08 -1.746643e-08
