-1.100627e-06 2.220928e-07
-1.063521e-06 1.538367e-06
1.033660e-07 2.730837e-06
2.280506e-06 2.966292e-06
4.609579e-06 1.191009e-06
4.984499e-06 -2.411227e-06
2.326683e-06 -5.440049e-06
-1.738718e-06 -5.629136e-06
-4.589177e-06 -3.137565e-06
-5.078682e-06 1.248277e-07
-3.827609e-06 2.601308e-06
-1.838279e-06 3.913308e-06
3.643094e-07 4.170129e-06
2.438648e-06 3.359302e-06
3.845964e-06 1.547059e-06
4.055834e-06 -7.944262e-07
2.913705e-06 -2.896050e-06
7.432004e-07 -3.997657e-06
-1.697337e-06 -3.602740e-06
-3.374333e-06 -1.788611e-06
-3.495804e-06 5.907427e-07
-2.157068e-06 2.308931e-06
-3.348819e-07 2.679209e-06
9.746262e-07 2.021534e-06
1.541763e-06 1.104184e-06
1.711068e-06 2.846971e-07
1.638688e-06 -5.625465e-07
1.088494e-06 -1.405945e-06
7.474956e-09 -1.772022e-06
-1.067983e-06 -1.283724e-06
-1.452600e-06 -2.388338e-07
-1.036162e-06 6.202231e-07
-3.388651e-07 8.569896e-07
1.170440e-07 6.584251e-07
2.770357e-07 4.253750e-07
3.693835e-07 2.797905e-07
4.740914e-07 8.539537e-08
4.499387e-07 -2.049133e-07
2.119734e-07 -4.234592e-07
-1.005020e-07 -4.066954e-07
-2.765642e-07 -2.011609e-07
-2.577363e-07 7.481962e-09
-1.507373e-07 1.016981e-07
-6.970133e-08 1.078939e-07
-3.178274e-08 1.020342e-07
4.531786e-09 1.079690e-07
5.756825e-08 9.805245e-08
1.025669e-07 5.154280e-08
1.088578e-07 -1.565138e-08
7.310949e-08 -6.905074e-08
1.873408e-08 -8.636993e-08
-2.608487e-08 -7.068372e-08
-4.849303e-08 -4.125825e-08
-5.402789e-08 -1.404176e-08
-5.243178e-08 9.369754e-09
-4.324386e-08 3.355560e-08
-1.942673e-08 5.373666e-08
1.603751e-08 5.556517e-08
4.498158e-08 3.259268e-08
5.022648e-08 -2.147139e-09
3.306896e-08 -2.736441e-08
