-3.058203e-07 -3.706614e-07
-6.473680e-07 -2.372165e-07
-8.970403e-07 1.277172e-07
-8.549771e-07 7.185856e-07
-2.831134e-07 1.213398e-06
5.528180e-07 1.111335e-06
1.016566e-06 4.475813e-07
8.787859e-07 -2.111594e-07
4.911956e-07 -4.862639e-07
2.158909e-07 -5.094056e-07
3.177352e-08 -5.326366e-07
-2.312912e-07 -5.314803e-07
-5.211610e-07 -3.287615e-07
-6.066527e-07 5.840217e-08
-4.026664e-07 3.858141e-07
-8.165670e-08 4.696842e-07
1.483683e-07 3.635719e-07
2.521560e-07 2.195805e-07
3.040877e-07 8.706913e-08
3.152241e-07 -7.321635e-08
2.238845e-07 -2.421668e-07
3.022927e-08 -3.175721e-07
-1.560929e-07 -2.425361e-07
-2.288885e-07 -8.446694e-08
-1.912709e-07 4.524398e-08
-1.182309e-07 1.056937e-07
-5.438894e-08 1.270036e-07
8.538847e-09 1.313979e-07
7.401114e-08 1.042328e-07
1.118723e-07 3.945168e-08
9.789808e-08 -2.973482e-08
5.044258e-08 -6.395107e-08
8.497634e-09 -6.013234e-08
-1.136845e-08 -4.392920e-08
-2.009398e-08 -3.265410e-08
-2.883342e-08 -2.290745e-08
-3.492812e-08 -8.446377e-09
-3.310943e-08 7.505849e-09
-2.509269e-08 1.966106e-08
-1.401322e-08 2.768667e-08
4.097351e-10 3.110342e-08
1.601281e-08 2.594973e-08
2.508286e-08 1.224772e-08
2.338410e-08 -1.520228e-09
1.721950e-08 -8.005581e-09
1.463841e-08 -1.100929e-08
1.273098e-08 -1.862836e-08
1.678390e-09 -2.826803e-08
-1.845352e-08 -2.690354e-08
-3.295544e-08 -8.641758e-09
-2.875588e-08 1.460931e-08
-1.062624e-08 2.539937e-08
4.715935e-09 2.045718e-08
8.835705e-09 1.201585e-08
9.321115e-09 9.821663e-09
1.564215e-08 8.645947e-09
2.341156e-08 -2.035448e-09
1.918107e-08 -2.003597e-08
-3.065997e-10 -2.957439e-08
-2.070656e-08 -1.995354e-08
-2.549050e-08 5.731403e-10
