-1.321150e-06 8.766886e-07
-5.385387e-07 2.746050e-06
2.265630e-06 3.179723e-06
4.465648e-06 5.431332e-07
3.347279e-06 -2.949952e-06
-9.325008e-10 -3.902657e-06
-2.249314e-06 -2.005140e-06
-1.983572e-06 1.697104e-07
-7.153576e-07 7.178826e-07
-2.687253e-07 2.245096e-07
-6.247613e-07 1.656414e-07
-6.346200e-07 7.936703e-07
1.252309e-07 1.180653e-06
9.295807e-07 7.195810e-07
1.016033e-06 -1.454903e-07
4.849014e-07 -6.267114e-07
-1.445879e-08 -5.271479e-07
-1.279962e-07 -2.673216e-07
-7.005195e-08 -2.194100e-07
-1.703137e-07 -2.939157e-07
-4.081695e-07 -1.900633e-07
-4.889305e-07 1.443389e-07
-2.593824e-07 4.426407e-07
1.022414e-07 4.568331e-07
3.146213e-07 2.306318e-07
2.988433e-07 -3.204170e-09
1.916467e-07 -1.069349e-07
1.210963e-07 -1.329050e-07
7.188567e-08 -1.705898e-07
-2.283202e-08 -2.041328e-07
-1.453707e-07 -1.598718e-07
-2.072761e-07 -3.325474e-08
-1.642450e-07 9.385157e-08
-6.209557e-08 1.475384e-07
2.678847e-08 1.269611e-07
7.127328e-08 7.535618e-08
8.003787e-08 2.552461e-08
6.818206e-08 -1.191017e-08
4.615068e-08 -3.381583e-08
2.410658e-08 -4.146629e-08
6.734861e-09 -4.269098e-08
-1.094399e-08 -4.150497e-08
-3.074497e-08 -3.089484e-08
-4.089660e-08 -6.950548e-09
-3.072508e-08 1.663749e-08
-1.033525e-08 2.212293e-08
-8.566021e-10 1.264989e-08
-5.748731e-09 8.814393e-09
-6.521598e-09 1.880978e-08
9.002395e-09 2.632545e-08
2.758895e-08 1.481092e-08
2.887170e-08 -7.886358e-09
1.346166e-08 -2.034210e-08
2.156287e-10 -1.658815e-08
-1.199013e-09 -1.100788e-08
-1.524934e-09 -1.435711e-08
-1.238487e-08 -1.767621e-08
-2.642218e-08 -6.804731e-09
-2.603486e-08 1.487417e-08
-7.660302e-09 2.831675e-08
1.252508e-08 2.238556e-08
