7.212514e-09 1.061679e-08
1.835485e-08 6.073695e-09
2.385875e-08 -7.507030e-09
1.799484e-08 -2.276408e-08
2.748329e-09 -3.111343e-08
-1.466275e-08 -2.791789e-08
-2.542895e-08 -1.538556e-08
-2.643800e-08 -2.370554e-09
-2.450233e-08 5.355228e-09
-2.590138e-08 1.402064e-08
-2.246996e-08 3.187607e-08
3.727576e-10 4.954394e-08
3.772566e-08 4.342004e-08
6.024188e-08 6.608743e-09
4.624077e-08 -3.458174e-08
1.025980e-08 -4.821398e-08
-1.472334e-08 -3.438187e-08
-1.887447e-08 -1.980385e-08
-2.185801e-08 -1.728863e-08
-3.632540e-08 -9.926982e-09
-4.459823e-08 1.754190e-08
-2.398598e-08 4.865764e-08
1.696283e-08 5.244524e-08
4.463938e-08 2.369627e-08
4.027400e-08 -1.023486e-08
1.891341e-08 -2.346251e-08
5.594990e-09 -1.900732e-08
4.545344e-09 -1.681650e-08
2.149880e-10 -2.406918e-08
-1.701500e-08 -2.731383e-08
-3.603913e-08 -1.244425e-08
-3.772463e-08 1.537020e-08
-1.760167e-08 3.551983e-08
8.275081e-09 3.398573e-08
2.083508e-08 1.802733e-08
1.885779e-08 6.218586e-09
1.787650e-08 4.827912e-09
2.681966e-08 1.498289e-10
3.213415e-08 -2.069003e-08
1.378810e-08 -4.613320e-08
-2.440816e-08 -4.848654e-08
-5.223752e-08 -1.828367e-08
-4.675960e-08 2.043329e-08
-1.934775e-08 3.758424e-08
1.399289e-09 3.203060e-08
7.636514e-09 2.617467e-08
1.739249e-08 2.884310e-08
4.016084e-08 2.139434e-08
5.488986e-08 -1.142422e-08
3.556051e-08 -5.099590e-08
-1.029367e-08 -6.168099e-08
-4.575719e-08 -3.433949e-08
-4.738553e-08 3.197571e-09
-2.863509e-08 2.210825e-08
-1.475240e-08 2.422527e-08
-8.251834e-09 2.829848e-08
6.778462e-09 3.611148e-08
3.255220e-08 2.940118e-08
4.765328e-08 4.759002e-11
3.410134e-08 -3.254053e-08
2.102423e-09 -4.253152e-08
