5.625791e-08 -7.971530e-09
6.296066e-08 -9.295807e-08
-2.130089e-08 -1.692163e-07
-1.625827e-07 -1.621452e-07
-2.845779e-07 -2.646637e-08
-2.572553e-07 1.950524e-07
-5.060691e-08 3.241395e-07
1.708301e-07 2.459963e-07
2.366849e-07 5.967935e-08
1.665205e-07 -6.011745e-08
1.001778e-07 -7.775257e-08
9.199538e-08 -9.256869e-08
6.371559e-08 -1.595948e-07
-4.942636e-08 -2.056348e-07
-1.870851e-07 -1.391231e-07
-2.318217e-07 1.776087e-08
-1.499958e-07 1.477966e-07
-2.530498e-08 1.701654e-07
4.341201e-08 1.193007e-07
5.062318e-08 8.590374e-08
7.315610e-08 9.712912e-08
1.544152e-07 8.101196e-08
2.255099e-07 -3.438403e-08
1.742824e-07 -2.030615e-07
-7.392510e-09 -2.843653e-07
-1.882966e-07 -2.005495e-07
-2.394074e-07 -3.258617e-08
-1.773818e-07 8.117144e-08
-1.158528e-07 1.137963e-07
-9.222961e-08 1.524615e-07
-2.119066e-08 2.326251e-07
1.514914e-07 2.516509e-07
3.202191e-07 1.038822e-07
3.198840e-07 -1.467356e-07
1.319638e-07 -3.102464e-07
-8.698135e-08 -2.840730e-07
-1.926984e-07 -1.506268e-07
-1.980832e-07 -4.078907e-08
-1.935527e-07 2.930254e-08
-1.860918e-07 1.254593e-07
-9.830927e-08 2.425748e-07
8.425544e-08 2.741530e-07
2.475715e-07 1.522356e-07
2.683811e-07 -4.675153e-08
1.536096e-07 -1.808143e-07
1.547703e-08 -1.943426e-07
-6.692069e-08 -1.445981e-07
-1.083073e-07 -9.455233e-08
-1.437174e-07 -3.867244e-08
-1.533802e-07 4.848490e-08
-9.549210e-08 1.374905e-07
1.539888e-08 1.623942e-07
1.067039e-07 1.026258e-07
1.250637e-07 9.827018e-09
8.575674e-08 -5.256489e-08
3.750353e-08 -7.037591e-08
3.193845e-09 -6.818040e-08
-2.636384e-08 -6.058435e-08
-5.543992e-08 -3.838990e-08
-6.698426e-08 2.399468e-09
-4.699356e-08 4.157499e-08
