1.918900e-07 -1.077953e-07
1.441344e-07 -3.090476e-07
-7.548510e-08 -4.441424e-07
-3.799084e-07 -3.717695e-07
-5.651250e-07 -6.278714e-08
-4.669880e-07 2.995751e-07
-1.649277e-07 4.711958e-07
1.133211e-07 4.092955e-07
2.567792e-07 2.536061e-07
3.141151e-07 1.018001e-07
3.233643e-07 -6.095322e-08
2.406183e-07 -2.316724e-07
5.314856e-08 -3.214596e-07
-1.426288e-07 -2.620112e-07
-2.328319e-07 -1.057620e-07
-2.057734e-07 3.407583e-08
-1.331424e-07 1.053659e-07
-6.548742e-08 1.331729e-07
2.154445e-09 1.416464e-07
7.434619e-08 1.164989e-07
1.197941e-07 4.876300e-08
1.091637e-07 -2.834853e-08
5.794344e-08 -6.981355e-08
9.124409e-09 -6.699257e-08
-1.395591e-08 -4.667009e-08
-2.063945e-08 -3.251435e-08
-2.716984e-08 -2.461289e-08
-3.554810e-08 -1.305790e-08
-3.828981e-08 4.427345e-09
-3.103165e-08 2.203305e-08
-1.543321e-08 3.332728e-08
3.495318e-09 3.438711e-08
1.869760e-08 2.500110e-08
2.435415e-08 1.075065e-08
2.176140e-08 -1.378314e-11
1.859239e-08 -5.001840e-09
1.861674e-08 -1.065304e-08
1.525413e-08 -2.187920e-08
4.584213e-10 -3.176651e-08
-2.130496e-08 -2.749850e-08
-3.412281e-08 -7.059630e-09
-2.785572e-08 1.543989e-08
-9.984665e-09 2.438903e-08
3.579587e-09 1.932975e-08
7.038303e-09 1.258064e-08
8.797117e-09 1.163987e-08
1.663788e-08 9.931677e-09
2.456015e-08 -2.030279e-09
1.954765e-08 -2.044801e-08
-2.211562e-10 -2.952282e-08
-2.009804e-08 -1.977981e-08
-2.459798e-08 1.422350e-11
-1.436611e-08 1.301333e-08
-2.996123e-09 1.335986e-08
1.032667e-09 9.636226e-09
2.740127e-09 9.858833e-09
9.326524e-09 1.005361e-08
1.689857e-08 2.073484e-09
1.484902e-08 -1.175061e-08
1.422709e-09 -1.905309e-08
-1.212106e-08 -1.277070e-08
