8.264488e-08 -9.143859e-08
-1.287579e-08 -1.921107e-07
-1.859230e-07 -1.683091e-07
-2.878190e-07 3.915855e-09
-2.170286e-07 2.060287e-07
-2.019327e-08 2.823916e-07
1.444888e-07 1.947193e-07
1.784244e-07 5.688356e-08
1.363244e-07 -1.592863e-08
1.178514e-07 -3.735410e-08
1.234184e-07 -8.877225e-08
7.285876e-08 -1.756152e-07
-5.883413e-08 -2.084573e-07
-1.863519e-07 -1.239061e-07
-2.088815e-07 2.597347e-08
-1.249462e-07 1.287773e-07
-2.600418e-08 1.348349e-07
1.450191e-08 9.854962e-08
2.011577e-08 9.585181e-08
6.621292e-08 1.212684e-07
1.658510e-07 9.165113e-08
2.293834e-07 -4.075309e-08
1.611904e-07 -2.028735e-07
-1.558704e-08 -2.624753e-07
-1.690475e-07 -1.756827e-07
-2.040474e-07 -3.468592e-08
-1.592484e-07 5.192399e-08
-1.268832e-07 8.767417e-08
-1.098794e-07 1.488611e-07
-2.406365e-08 2.366854e-07
1.528142e-07 2.422789e-07
3.030245e-07 8.971976e-08
2.889763e-07 -1.385197e-07
1.181992e-07 -2.758032e-07
-6.811392e-08 -2.523767e-07
-1.614993e-07 -1.463056e-07
-1.814178e-07 -5.502545e-08
-1.909245e-07 1.938636e-08
-1.796602e-07 1.217290e-07
-8.711027e-08 2.282946e-07
8.035799e-08 2.470321e-07
2.196560e-07 1.349533e-07
2.364978e-07 -3.562400e-08
1.432988e-07 -1.522732e-07
2.709540e-08 -1.740623e-07
-5.318948e-08 -1.408935e-07
-1.027833e-07 -9.462424e-08
-1.372697e-07 -3.386882e-08
-1.381217e-07 4.881853e-08
-8.152960e-08 1.226918e-07
1.252127e-08 1.400831e-07
8.808597e-08 9.141815e-08
1.077498e-07 1.639429e-08
8.159422e-08 -3.960738e-08
4.164704e-08 -6.364963e-08
5.356995e-09 -6.716898e-08
-2.705444e-08 -5.761182e-08
-5.230805e-08 -3.252464e-08
-5.830653e-08 4.170482e-09
-3.968324e-08 3.534478e-08
-8.429020e-09 4.515668e-08
