1.154218e-06 -2.899101e-07
8.873303e-07 -1.368553e-06
-3.075556e-07 -1.867870e-06
-1.468459e-06 -1.204743e-06
-1.678279e-06 1.270299e-08
-1.045368e-06 8.070235e-07
-3.351530e-07 8.701285e-07
-3.812697e-08 6.454571e-07
4.014911e-08 6.099360e-07
3.121192e-07 6.860298e-07
7.590140e-07 4.697734e-07
9.457995e-07 -1.283598e-07
6.033358e-07 -7.026155e-07
-1.622292e-08 -8.186076e-07
-4.318250e-07 -4.946817e-07
-4.605444e-07 -1.174487e-07
-3.283628e-07 4.262261e-08
-2.912830e-07 8.437065e-08
-3.038447e-07 2.243953e-07
-1.509328e-07 4.352693e-07
1.866802e-07 4.703773e-07
4.544255e-07 2.135217e-07
4.292760e-07 -1.427227e-07
1.817297e-07 -3.216503e-07
-3.992051e-08 -2.691573e-07
-1.104745e-07 -1.501438e-07
-1.123851e-07 -9.532085e-08
-1.488632e-07 -6.563229e-08
-1.890436e-07 2.369695e-08
-1.416367e-07 1.460297e-07
-8.349326e-09 1.953537e-07
1.086882e-07 1.308127e-07
1.321870e-07 2.192366e-08
8.423947e-08 -4.450544e-08
3.330836e-08 -5.187509e-08
1.229522e-08 -3.853327e-08
7.320057e-09 -3.467426e-08
-2.385372e-09 -3.893905e-08
-2.052271e-08 -3.800120e-08
-3.906787e-08 -2.432918e-08
-4.697319e-08 1.005822e-09
-3.585092e-08 2.724680e-08
-1.012333e-08 3.776223e-08
1.079048e-08 2.692212e-08
1.220134e-08 1.098602e-08
4.342476e-09 1.004768e-08
1.002430e-08 1.989301e-08
3.114356e-08 1.566839e-08
4.176738e-08 -1.259075e-08
2.176012e-08 -4.162141e-08
-1.414790e-08 -4.221833e-08
-3.314241e-08 -1.627037e-08
-2.468483e-08 6.937701e-09
-9.949417e-09 9.103412e-09
-9.790662e-09 3.202162e-09
-1.697151e-08 1.031685e-08
-9.521309e-09 2.760946e-08
1.565023e-08 3.156049e-08
3.568864e-08 1.052575e-08
3.011059e-08 -1.823784e-08
6.051516e-09 -2.917928e-08
