8.702300e-08 -2.944693e-08
8.169077e-08 -1.216759e-07
-1.023940e-08 -1.951146e-07
-1.492087e-07 -1.719553e-07
-2.346813e-07 -3.971123e-08
-1.950397e-07 1.154008e-07
-6.696473e-08 1.869689e-07
4.979623e-08 1.540903e-07
9.820640e-08 7.756589e-08
9.396457e-08 1.655335e-08
7.487213e-08 -1.740789e-08
5.624191e-08 -3.926692e-08
3.303866e-08 -5.667995e-08
1.774074e-09 -6.327322e-08
-2.940297e-08 -5.153786e-08
-4.688481e-08 -2.460367e-08
-4.414677e-08 3.495867e-09
-2.868422e-08 1.900250e-08
-1.506053e-08 2.091188e-08
-9.618871e-09 2.020556e-08
-4.891458e-09 2.488631e-08
8.121931e-09 2.916351e-08
2.542635e-08 2.163467e-08
3.319492e-08 2.012290e-09
2.493858e-08 -1.638667e-08
9.635329e-09 -2.212725e-08
-4.208843e-11 -1.838796e-08
-3.232937e-09 -1.612824e-08
-9.190913e-09 -1.766070e-08
-2.124734e-08 -1.355611e-08
-2.914927e-08 2.640875e-09
-2.127381e-08 2.222492e-08
-8.451105e-10 2.930977e-08
1.605078e-08 1.945821e-08
1.885273e-08 4.477037e-09
1.331834e-08 -2.970648e-09
1.091218e-08 -4.185397e-09
1.208807e-08 -9.036095e-09
6.799813e-09 -1.881715e-08
-8.793184e-09 -2.212159e-08
-2.342408e-08 -1.015021e-08
-2.301630e-08 9.627800e-09
-8.096869e-09 2.074271e-08
6.984624e-09 1.660643e-08
1.149692e-08 6.204955e-09
8.914230e-09 4.598817e-10
8.049200e-09 -9.298388e-10
9.279016e-09 -5.032757e-09
5.463973e-09 -1.228434e-08
-5.299555e-09 -1.441183e-08
-1.459358e-08 -6.239304e-09
-1.368572e-08 6.117981e-09
-4.329594e-09 1.221065e-08
4.165153e-09 9.297905e-09
6.400228e-09 3.505571e-09
5.185353e-09 4.371514e-10
4.852472e-09 -8.106437e-10
4.821827e-09 -3.419828e-09
1.996547e-09 -6.577706e-09
-3.206320e-09 -6.489616e-09
-6.550594e-09 -2.186433e-09
