2.573647e-07 -1.807665e-08
2.626076e-07 -3.056542e-07
-2.799383e-08 -5.300935e-07
-4.452667e-07 -4.291248e-07
-6.486355e-07 -1.016626e-08
-4.563684e-07 4.070016e-07
-6.980250e-08 5.050651e-07
1.566736e-07 3.309202e-07
1.495984e-07 1.991415e-07
1.684627e-07 2.486508e-07
4.009762e-07 2.499104e-07
6.436348e-07 -6.559331e-08
5.180052e-07 -5.767178e-07
-2.457853e-08 -8.324295e-07
-5.720356e-07 -5.719181e-07
-7.057480e-07 -4.772859e-08
-4.729042e-07 2.875433e-07
-2.541512e-07 3.297608e-07
-2.106942e-07 3.694592e-07
-8.527549e-08 5.813097e-07
3.538545e-07 6.939959e-07
8.596901e-07 3.427850e-07
9.238059e-07 -3.658361e-07
4.093996e-07 -8.820768e-07
-2.556578e-07 -8.315868e-07
-5.855309e-07 -4.079718e-07
-5.538531e-07 -4.804529e-08
-4.644643e-07 1.168568e-07
-4.413153e-07 2.917550e-07
-2.858155e-07 5.728777e-07
1.414834e-07 7.210432e-07
6.129291e-07 4.761982e-07
7.533182e-07 -5.523354e-08
4.770181e-07 -4.850295e-07
5.812002e-08 -5.682567e-07
-2.137938e-07 -4.051960e-07
-3.076386e-07 -2.189868e-07
-3.468494e-07 -7.479538e-08
-3.612086e-07 9.965989e-08
-2.602288e-07 3.039038e-07
-1.740767e-08 4.064491e-07
2.356020e-07 3.079440e-07
3.377836e-07 7.644584e-08
2.636445e-07 -1.253678e-07
1.172108e-07 -2.055997e-07
-2.416169e-09 -1.926153e-07
-7.834181e-08 -1.478205e-07
-1.310932e-07 -8.803539e-08
-1.541667e-07 -4.893311e-09
-1.228668e-07 8.214692e-08
-4.348040e-08 1.282075e-07
3.848819e-08 1.112532e-07
8.061843e-08 5.487927e-08
7.807286e-08 1.511634e-10
5.367736e-08 -3.159698e-08
2.739609e-08 -4.392928e-08
3.806145e-09 -4.580756e-08
-1.783328e-08 -3.869419e-08
-3.316156e-08 -2.148911e-08
-3.561136e-08 7.414661e-10
-2.501547e-08 1.798998e-08
