1.922548e-08 -2.409088e-08
-5.235121e-09 -5.089734e-08
-5.345077e-08 -4.656066e-08
-8.619972e-08 1.702445e-09
-6.927307e-08 6.440034e-08
-9.931621e-09 9.395712e-08
4.689165e-08 7.233222e-08
6.696405e-08 2.819729e-08
6.036499e-08 -2.711917e-09
5.507666e-08 -2.057688e-08
5.042181e-08 -4.791521e-08
1.984796e-08 -8.179615e-08
-4.028314e-08 -8.599304e-08
-8.991126e-08 -3.930335e-08
-8.819644e-08 2.867007e-08
-4.259956e-08 6.788151e-08
3.383989e-09 6.370734e-08
2.406360e-08 4.341193e-08
3.242188e-08 3.130317e-08
4.689917e-08 1.971454e-08
5.893410e-08 -8.524038e-09
4.621470e-08 -4.619935e-08
7.069186e-09 -6.579581e-08
-3.343314e-08 -5.223616e-08
-5.057450e-08 -1.904575e-08
-4.333745e-08 8.924470e-09
-2.893741e-08 2.093916e-08
-2.040384e-08 2.564238e-08
-1.360327e-08 3.494361e-08
4.294983e-09 4.646021e-08
3.518098e-08 4.374347e-08
6.136023e-08 1.540525e-08
6.059672e-08 -2.737335e-08
3.042331e-08 -5.773996e-08
-7.989553e-09 -5.978019e-08
-3.341673e-08 -4.262820e-08
-4.556341e-08 -2.347501e-08
-5.513112e-08 -3.561829e-09
-5.868443e-08 2.749737e-08
-3.804283e-08 6.510176e-08
1.122499e-08 8.242439e-08
6.302895e-08 5.858724e-08
8.341315e-08 5.924119e-09
6.503127e-08 -4.159415e-08
2.888508e-08 -6.340992e-08
-4.975049e-09 -6.474054e-08
-3.483369e-08 -5.547030e-08
-6.242285e-08 -3.220269e-08
-7.497756e-08 9.606770e-09
-5.575949e-08 5.519743e-08
-9.062510e-09 7.682170e-08
3.772010e-08 6.175276e-08
6.000087e-08 2.468066e-08
5.625622e-08 -1.061386e-08
3.950001e-08 -3.380843e-08
1.747900e-08 -4.719066e-08
-9.894058e-09 -5.016008e-08
-3.747907e-08 -3.615902e-08
-5.102811e-08 -5.900045e-09
-4.102437e-08 2.549578e-08
-1.482159e-08 4.055046e-08
