-8.087451e-07 -1.836763e-07
-1.357633e-06 8.910965e-07
-7.050079e-07 1.706479e-06
-5.224754e-07 1.682839e-06
-5.829090e-07 2.863811e-06
1.696023e-06 4.440914e-06
5.669051e-06 2.983267e-06
7.253361e-06 -2.078220e-06
4.028656e-06 -6.966897e-06
-1.784540e-06 -7.716948e-06
-5.896782e-06 -4.261823e-06
-6.311646e-06 2.246080e-07
-4.353790e-06 3.058324e-06
-2.135987e-06 4.089125e-06
-2.528095e-07 4.412364e-06
1.852755e-06 4.286504e-06
4.152411e-06 2.940831e-06
5.442091e-06 2.594036e-08
4.480253e-06 -3.378194e-06
1.390164e-06 -5.377131e-06
-2.183071e-06 -4.800168e-06
-4.284498e-06 -2.161621e-06
-4.105831e-06 8.015754e-07
-2.399521e-06 2.554513e-06
-5.502685e-07 2.818185e-06
6.861670e-07 2.313941e-06
1.475151e-06 1.662237e-06
2.105799e-06 7.969180e-07
2.294785e-06 -4.963605e-07
1.544675e-06 -1.811004e-06
1.711251e-08 -2.286939e-06
-1.348086e-06 -1.559911e-06
-1.716882e-06 -2.415165e-07
-1.155353e-06 7.057476e-07
-3.932916e-07 9.036833e-07
3.874345e-08 7.028367e-07
2.102240e-07 5.390207e-07
4.007579e-07 4.322614e-07
6.077230e-07 1.719715e-07
5.924631e-07 -2.393301e-07
2.732361e-07 -5.305610e-07
-1.272540e-07 -4.977880e-07
-3.342086e-07 -2.329639e-07
-2.962876e-07 1.595562e-08
-1.646187e-07 1.140081e-07
-7.902829e-08 1.114018e-07
-4.762290e-08 1.081893e-07
-8.691081e-09 1.276113e-07
6.139017e-08 1.249762e-07
1.246582e-07 6.838717e-08
1.345035e-07 -1.957907e-08
8.559602e-08 -8.741501e-08
1.468487e-08 -1.029885e-07
-3.599864e-08 -7.591624e-08
-5.329143e-08 -3.946574e-08
-5.402567e-08 -1.465073e-08
-5.548578e-08 4.932549e-09
-5.211150e-08 3.264475e-08
-2.727919e-08 6.139364e-08
1.692208e-08 6.706501e-08
5.371830e-08 3.889973e-08
