3.648448e-09 5.773435e-09
1.347249e-08 1.406233e-09
1.649787e-08 -1.106885e-08
1.148339e-08 -2.281377e-08
9.188761e-11 -3.256422e-08
-2.008537e-08 -3.567628e-08
-4.338467e-08 -2.271243e-08
-5.453919e-08 6.948083e-09
-4.298251e-08 3.912367e-08
-1.427234e-08 5.709507e-08
1.767221e-08 5.626280e-08
4.480934e-08 4.085996e-08
6.329024e-08 1.239129e-08
6.346863e-08 -2.677904e-08
3.648257e-08 -6.123188e-08
-7.886723e-09 -6.942732e-08
-4.376061e-08 -4.745053e-08
-5.534434e-08 -1.435658e-08
-5.011565e-08 1.171538e-08
-4.006576e-08 3.155604e-08
-2.203444e-08 5.090646e-08
1.113356e-08 5.997782e-08
4.778948e-08 4.251437e-08
6.248662e-08 2.383461e-09
4.528686e-08 -3.394093e-08
1.383441e-08 -4.539182e-08
-8.477973e-09 -3.680264e-08
-1.745715e-08 -2.631536e-08
-2.483249e-08 -2.046262e-08
-3.635198e-08 -1.004128e-08
-4.227939e-08 1.223031e-08
-3.011052e-08 3.807844e-08
-1.202780e-09 5.024447e-08
2.827573e-08 3.992162e-08
4.222798e-08 1.540237e-08
3.908497e-08 -7.012454e-09
3.005866e-08 -1.999730e-08
2.261761e-08 -3.036943e-08
9.578348e-09 -4.462072e-08
-1.926317e-08 -5.272506e-08
-5.534537e-08 -3.537629e-08
-7.107010e-08 9.177449e-09
-4.852555e-08 5.392704e-08
-2.812825e-09 6.801286e-08
3.318248e-08 4.944175e-08
4.515419e-08 2.257510e-08
4.659046e-08 3.877772e-09
4.968724e-08 -1.564887e-08
4.215316e-08 -4.666087e-08
6.233830e-09 -7.297467e-08
-4.651730e-08 -6.428743e-08
-7.772698e-08 -1.656152e-08
-6.388409e-08 3.634835e-08
-2.260462e-08 5.862928e-08
1.117738e-08 4.923719e-08
2.539432e-08 3.268076e-08
3.420785e-08 2.157087e-08
4.610271e-08 4.806311e-09
4.667134e-08 -2.581966e-08
2.067610e-08 -5.358463e-08
-2.051590e-08 -5.330507e-08
