1.150014e-08 6.075034e-09
1.973069e-08 -4.175349e-09
1.748355e-08 -1.949356e-08
4.507835e-09 -2.984918e-08
-1.252524e-08 -2.959907e-08
-2.562131e-08 -1.964720e-08
-3.103196e-08 -6.173660e-09
-3.172776e-08 6.347804e-09
-3.029464e-08 2.045468e-08
-2.088258e-08 3.884626e-08
4.810215e-09 5.256968e-08
4.078939e-08 4.402280e-08
6.318610e-08 8.103607e-09
5.236493e-08 -3.437210e-08
1.671479e-08 -5.419503e-08
-1.522069e-08 -4.474931e-08
-2.741253e-08 -2.588620e-08
-3.051974e-08 -1.464138e-08
-3.857263e-08 -4.005898e-09
-4.329931e-08 1.998589e-08
-2.511929e-08 4.907160e-08
1.450268e-08 5.649283e-08
4.724439e-08 3.077210e-08
4.910281e-08 -7.476470e-09
2.688120e-08 -2.905506e-08
6.042684e-09 -2.805364e-08
-1.051275e-09 -2.170491e-08
-4.855667e-09 -2.314370e-08
-1.816333e-08 -2.504180e-08
-3.582001e-08 -1.266347e-08
-4.003878e-08 1.396449e-08
-2.228168e-08 3.717699e-08
5.790895e-09 4.034086e-08
2.463905e-08 2.522508e-08
2.740712e-08 8.078761e-09
2.449670e-08 -4.709017e-10
2.665553e-08 -7.068338e-09
2.792750e-08 -2.336494e-08
1.223643e-08 -4.472367e-08
-2.222869e-08 -4.953208e-08
-5.310539e-08 -2.426310e-08
-5.541849e-08 1.660480e-08
-2.958861e-08 4.392118e-08
6.779981e-10 4.534350e-08
1.798296e-08 3.417362e-08
2.804524e-08 2.524951e-08
4.186814e-08 1.353560e-08
5.141415e-08 -1.351636e-08
3.658297e-08 -4.863696e-08
-4.521644e-09 -6.449117e-08
-4.544995e-08 -4.454074e-08
-5.804368e-08 -3.996245e-09
-4.157302e-08 2.745476e-08
-1.739330e-08 3.748004e-08
-1.421912e-11 3.637320e-08
1.491731e-08 3.402825e-08
3.332211e-08 2.479254e-08
4.579519e-08 6.152368e-10
3.717827e-08 -2.977815e-08
8.397461e-09 -4.547779e-08
-2.099060e-08 -3.628067e-08
