-4.418736e-08 5.544218e-08
2.215234e-08 1.396436e-07
1.387699e-07 1.346616e-07
2.204744e-07 7.195416e-08
2.878268e-07 -3.981606e-08
2.700848e-07 -2.294679e-07
9.255899e-08 -3.864903e-07
-1.626617e-07 -3.800032e-07
-3.490460e-07 -2.137060e-07
-3.958711e-07 1.365056e-08
-3.176596e-07 2.119939e-07
-1.613276e-07 3.324958e-07
1.977367e-08 3.596517e-07
1.822974e-07 3.081250e-07
3.112852e-07 2.011840e-07
4.008032e-07 3.889395e-08
4.106696e-07 -1.841788e-07
2.779499e-07 -4.187444e-07
-5.315042e-09 -5.501218e-07
-3.419606e-07 -4.762923e-07
-5.759568e-07 -1.969060e-07
-5.918930e-07 1.748120e-07
-3.829281e-07 4.783856e-07
-4.849675e-08 5.954457e-07
2.702107e-07 5.083124e-07
4.765069e-07 2.880379e-07
5.535770e-07 1.723615e-08
5.104327e-07 -2.676205e-07
3.181623e-07 -5.334465e-07
-4.329578e-08 -6.709421e-07
-4.642691e-07 -5.371664e-07
-7.062787e-07 -1.288076e-07
-6.016508e-07 3.336408e-07
-2.382126e-07 5.745060e-07
1.216147e-07 5.189451e-07
3.092642e-07 3.228218e-07
3.714304e-07 1.459643e-07
4.080058e-07 -1.981019e-08
3.814126e-07 -2.457568e-07
1.792702e-07 -4.642885e-07
-1.658681e-07 -4.884364e-07
-4.334396e-07 -2.462771e-07
-4.369567e-07 9.458961e-08
-2.256626e-07 2.942046e-07
-6.548212e-09 2.853336e-07
9.593525e-08 1.908798e-07
1.301924e-07 1.270366e-07
1.784414e-07 7.432670e-08
2.154018e-07 -3.477110e-08
1.563143e-07 -1.725810e-07
7.638872e-10 -2.290597e-07
-1.412576e-07 -1.516673e-07
-1.716986e-07 -1.287130e-08
-1.055538e-07 7.707251e-08
-2.995016e-08 8.585546e-08
4.097644e-09 6.254376e-08
1.631965e-08 5.224236e-08
3.903641e-08 4.646110e-08
6.424518e-08 1.807682e-08
6.129980e-08 -2.756716e-08
2.478416e-08 -5.650851e-08
