1.278941e-08 1.556420e-08
3.801168e-08 9.285842e-09
4.923615e-08 -1.993327e-08
3.120852e-08 -4.712176e-08
7.417449e-10 -5.193190e-08
-2.153774e-08 -3.841010e-08
-2.989801e-08 -2.043563e-08
-2.982750e-08 -6.294263e-09
-2.703517e-08 4.068851e-09
-2.267160e-08 1.282909e-08
-1.601343e-08 2.036021e-08
-6.431870e-09 2.591683e-08
6.486776e-09 2.737017e-08
2.040141e-08 2.105998e-08
2.856389e-08 6.319532e-09
2.531634e-08 -1.017155e-08
1.365408e-08 -1.913619e-08
2.993284e-09 -1.886795e-08
-2.187846e-09 -1.655151e-08
-7.343227e-09 -1.715738e-08
-1.799225e-08 -1.505814e-08
-2.807312e-08 -1.885009e-09
-2.462583e-08 1.861500e-08
-5.159226e-09 3.037741e-08
1.569868e-08 2.293152e-08
2.166564e-08 4.832348e-09
1.356379e-08 -6.443879e-09
6.232534e-09 -5.827927e-09
7.525494e-09 -4.590530e-09
8.441300e-09 -1.175107e-08
-1.871416e-09 -1.952865e-08
-1.786805e-08 -1.392595e-08
-2.275915e-08 4.334931e-09
-1.051538e-08 1.847098e-08
5.886207e-09 1.631199e-08
1.118881e-08 4.587415e-09
6.078625e-09 -1.955858e-09
2.709432e-09 -1.054221e-10
6.015837e-09 5.386555e-10
7.871546e-09 -5.926799e-09
8.056300e-10 -1.236156e-08
-9.889622e-09 -9.065125e-09
-1.281530e-08 2.086136e-09
-5.518970e-09 9.866101e-09
3.142853e-09 8.120789e-09
5.201072e-09 2.101047e-09
2.567420e-09 -4.119595e-10
1.775398e-09 7.700097e-10
3.965140e-09 2.690163e-10
4.326558e-09 -3.669299e-09
1.307739e-10 -6.582344e-09
-4.999578e-09 -4.416152e-09
-5.969859e-09 8.730849e-10
-2.604264e-09 4.094970e-09
8.817143e-10 3.236480e-09
1.505511e-09 9.474443e-10
4.386123e-10 2.921973e-10
3.589700e-10 1.100948e-09
1.687129e-09 1.108488e-09
2.461613e-09 -5.801930e-10
1.252313e-09 -2.360957e-09
