-1.987034e-08 -5.967168e-08
-1.003221e-07 -1.155830e-07
-2.798036e-07 -8.694759e-08
-4.060488e-07 1.675046e-07
-2.150295e-07 4.984829e-07
2.271229e-07 5.348145e-07
5.190961e-07 1.912251e-07
4.262854e-07 -2.035705e-07
1.339235e-07 -3.343809e-07
-5.597382e-08 -2.386690e-07
-8.878540e-08 -1.421994e-07
-1.104639e-07 -1.224263e-07
-1.853782e-07 -7.576874e-08
-2.177760e-07 5.723093e-08
-1.277348e-07 1.865283e-07
2.468540e-08 2.039171e-07
1.243960e-07 1.181450e-07
1.334628e-07 1.788112e-08
9.543986e-08 -4.056636e-08
5.467029e-08 -6.314620e-08
1.952933e-08 -6.963729e-08
-1.261148e-08 -6.344334e-08
-3.610692e-08 -4.472517e-08
-4.658436e-08 -2.108451e-08
-4.699396e-08 1.507658e-09
-3.877759e-08 2.230499e-08
-2.033364e-08 3.690949e-08
2.805031e-09 3.734214e-08
1.802233e-08 2.466258e-08
2.045247e-08 1.113245e-08
1.878930e-08 4.738755e-09
2.099002e-08 -3.364685e-10
2.176281e-08 -1.175084e-08
1.170146e-08 -2.419934e-08
-6.025591e-09 -2.524915e-08
-1.743565e-08 -1.334923e-08
-1.587956e-08 -8.793580e-10
-9.995374e-09 2.477433e-09
-1.012994e-08 1.861587e-09
-1.320951e-08 7.657956e-09
-7.851364e-09 1.847712e-08
7.710949e-09 2.141103e-08
2.057542e-08 9.656099e-09
1.876971e-08 -6.980316e-09
6.508047e-09 -1.365350e-08
-1.763971e-09 -8.784308e-09
-4.786197e-10 -4.325396e-09
9.722797e-10 -7.894048e-09
-6.582085e-09 -1.179702e-08
-1.716387e-08 -4.537683e-09
-1.654806e-08 1.121692e-08
-2.012998e-09 1.992574e-08
1.264067e-08 1.279427e-08
1.420522e-08 -1.117203e-09
5.849712e-09 -7.369482e-09
4.341098e-10 -4.359133e-09
2.141121e-09 -2.342080e-09
2.664256e-09 -6.536059e-09
-4.193771e-09 -9.599147e-09
-1.208099e-08 -3.520272e-09
-1.081673e-08 7.590983e-09
