2.731368e-07 -2.823496e-09
3.197072e-07 -2.548963e-07
1.360325e-07 -4.911842e-07
-1.938169e-07 -5.297973e-07
-4.769431e-07 -3.163582e-07
-5.359928e-07 2.810388e-08
-3.724060e-07 2.878829e-07
-1.501198e-07 3.728597e-07
2.498552e-08 3.621840e-07
1.848167e-07 3.152959e-07
3.418381e-07 1.809831e-07
3.930443e-07 -6.090026e-08
2.550463e-07 -2.854274e-07
1.122334e-08 -3.402841e-07
-1.649145e-07 -2.253688e-07
-2.007819e-07 -7.546330e-08
-1.657660e-07 1.283332e-08
-1.368750e-07 6.161372e-08
-1.024164e-07 1.193996e-07
-2.129466e-08 1.641674e-07
8.273333e-08 1.395892e-07
1.370666e-07 4.832200e-08
1.108043e-07 -4.078963e-08
4.682680e-08 -7.237439e-08
3.227124e-09 -5.632857e-08
-6.779574e-09 -3.608062e-08
-8.102419e-09 -3.262607e-08
-2.023939e-08 -3.380251e-08
-3.787716e-08 -2.276798e-08
-4.563931e-08 8.704879e-10
-3.643875e-08 2.493579e-08
-1.523143e-08 3.738752e-08
6.338794e-09 3.408997e-08
1.777614e-08 2.103832e-08
1.801199e-08 9.976727e-09
1.665283e-08 6.862291e-09
2.223805e-08 4.415035e-09
2.913697e-08 -8.542863e-09
2.231816e-08 -2.949031e-08
-2.375542e-09 -4.048468e-08
-2.866003e-08 -2.829458e-08
-3.613137e-08 -1.722849e-09
-2.319406e-08 1.744570e-08
-7.129823e-09 1.919484e-08
-1.533724e-09 1.404294e-08
-9.689762e-10 1.549640e-08
7.742816e-09 2.063806e-08
2.403756e-08 1.485111e-08
3.150478e-08 -6.212085e-09
1.841173e-08 -2.734541e-08
-6.132763e-09 -3.021181e-08
-2.172087e-08 -1.458235e-08
-1.965262e-08 2.672916e-09
-1.010238e-08 8.619537e-09
-5.806022e-09 7.460996e-09
-5.560668e-09 9.958793e-09
5.832115e-10 1.574604e-08
1.354167e-08 1.378565e-08
2.110786e-08 -3.846202e-10
1.365819e-08 -1.582921e-08
-2.501675e-09 -1.871184e-08
