9.520420e-08 8.475146e-08
1.944103e-07 5.895122e-09
1.941196e-07 -1.451084e-07
6.941412e-08 -2.522544e-07
-9.646547e-08 -2.364298e-07
-1.977082e-07 -1.187358e-07
-1.961492e-07 1.239267e-08
-1.352237e-07 9.276427e-08
-6.708276e-08 1.252342e-07
-1.819724e-09 1.320105e-07
6.315331e-08 1.099077e-07
1.065791e-07 5.221761e-08
1.032699e-07 -1.730663e-08
6.115347e-08 -6.026260e-08
1.523369e-08 -6.362636e-08
-9.874778e-09 -4.661493e-08
-1.742137e-08 -3.232349e-08
-2.252884e-08 -2.567200e-08
-3.164254e-08 -1.803188e-08
-3.923685e-08 -2.569395e-09
-3.664715e-08 1.819025e-08
-2.091563e-08 3.464443e-08
1.522131e-09 3.764255e-08
1.867257e-08 2.674196e-08
2.340606e-08 1.170136e-08
2.051821e-08 2.769674e-09
2.012369e-08 -8.155720e-10
2.347728e-08 -8.712132e-09
1.997063e-08 -2.434803e-08
1.490779e-09 -3.644372e-08
-2.361425e-08 -3.048043e-08
-3.657233e-08 -7.138311e-09
-2.852940e-08 1.620783e-08
-1.004371e-08 2.406009e-08
2.295667e-09 1.862494e-08
4.958912e-09 1.346707e-08
8.139954e-09 1.421991e-08
1.833121e-08 1.199004e-08
2.686905e-08 -2.233581e-09
2.028819e-08 -2.200009e-08
-9.567670e-10 -3.025378e-08
-2.042055e-08 -1.920105e-08
-2.365954e-08 3.219425e-10
-1.347760e-08 1.190689e-08
-3.606495e-09 1.181453e-08
-5.959556e-10 9.319186e-09
1.736042e-09 1.087461e-08
9.530816e-09 1.105734e-08
1.738935e-08 2.259047e-09
1.482814e-08 -1.180312e-08
1.299712e-09 -1.861450e-08
-1.159828e-08 -1.216552e-08
-1.377346e-08 -8.454372e-12
-7.470472e-09 6.827092e-09
-1.775968e-09 6.459852e-09
-2.485255e-10 5.024637e-09
1.205950e-09 5.884646e-09
5.510431e-09 5.468702e-09
8.965760e-09 3.060264e-10
6.632310e-09 -6.476127e-09
-2.598214e-10 -8.663371e-09
