7.682122e-09 3.491263e-08
3.998121e-08 3.217347e-08
5.970603e-08 3.541104e-09
5.330480e-08 -2.937654e-08
2.963491e-08 -4.958585e-08
1.067828e-09 -5.273291e-08
-2.191052e-08 -4.084803e-08
-3.232882e-08 -2.185197e-08
-3.148661e-08 -5.859601e-09
-2.754745e-08 3.340409e-09
-2.576654e-08 1.100884e-08
-2.176342e-08 2.251480e-08
-8.385945e-09 3.336318e-08
1.182722e-08 3.308058e-08
2.662805e-08 1.920101e-08
2.803449e-08 1.859493e-09
2.134044e-08 -8.284424e-09
1.646379e-08 -1.237573e-08
1.375193e-08 -1.881104e-08
4.351176e-09 -2.831146e-08
-1.492202e-08 -2.994103e-08
-3.276477e-08 -1.482609e-08
-3.401661e-08 1.002077e-08
-1.739595e-08 2.682467e-08
2.415186e-09 2.604639e-08
1.167392e-08 1.560646e-08
1.208499e-08 8.724796e-09
1.444354e-08 6.707651e-09
2.079739e-08 -2.508329e-10
2.023594e-08 -1.578871e-08
4.727774e-09 -2.827573e-08
-1.684501e-08 -2.379117e-08
-2.674355e-08 -4.380309e-09
-1.874471e-08 1.323444e-08
-4.097827e-09 1.701362e-08
3.894334e-09 1.144093e-08
5.033167e-09 7.597340e-09
7.687003e-09 7.193210e-09
1.351679e-08 2.755434e-09
1.423589e-08 -8.281322e-09
4.301826e-09 -1.718698e-08
-9.508121e-09 -1.454410e-08
-1.539180e-08 -2.606041e-09
-1.033721e-08 7.540616e-09
-2.012008e-09 9.260263e-09
2.147122e-09 6.083333e-09
2.823423e-09 4.118476e-09
4.439885e-09 3.588209e-09
7.062377e-09 7.317929e-10
6.511293e-09 -4.713405e-09
1.250485e-09 -8.101050e-09
-4.644638e-09 -5.999498e-09
-6.341517e-09 -6.538193e-10
-3.739605e-09 3.016470e-09
-5.961081e-10 3.100473e-09
4.759356e-10 1.717581e-09
3.005306e-10 1.265358e-09
7.653506e-10 1.562613e-09
1.921737e-09 1.032300e-09
2.249627e-09 -6.177430e-10
1.012492e-09 -1.938557e-09
