8.309043e-09 1.141503e-08
2.086974e-08 5.071262e-09
2.498343e-08 -1.101275e-08
1.574504e-08 -2.626829e-08
-1.554197e-09 -3.127952e-08
-1.676418e-08 -2.434743e-08
-2.306500e-08 -1.247711e-08
-2.343749e-08 -3.975629e-09
-2.591150e-08 2.110246e-09
-3.002926e-08 1.512411e-08
-2.258131e-08 3.714906e-08
6.063284e-09 5.191517e-08
4.260072e-08 3.883224e-08
5.814684e-08 2.069006e-10
4.000539e-08 -3.531233e-08
7.585600e-09 -4.349511e-08
-1.178027e-08 -3.111397e-08
-1.582787e-08 -2.163531e-08
-2.329103e-08 -2.023318e-08
-3.972634e-08 -8.889002e-09
-4.462935e-08 2.153357e-08
-2.009359e-08 5.036940e-08
2.018572e-08 4.974392e-08
4.379410e-08 1.993924e-08
3.710065e-08 -1.101393e-08
1.735775e-08 -2.139708e-08
6.786944e-09 -1.741741e-08
6.023522e-09 -1.765255e-08
-4.550766e-10 -2.575203e-08
-1.913427e-08 -2.712555e-08
-3.679095e-08 -1.013983e-08
-3.585717e-08 1.715985e-08
-1.519116e-08 3.460864e-08
8.372356e-09 3.157449e-08
1.879626e-08 1.726723e-08
1.778455e-08 7.923262e-09
1.945827e-08 6.178927e-09
2.867978e-08 -1.322350e-09
3.108956e-08 -2.322493e-08
1.075181e-08 -4.594915e-08
-2.529530e-08 -4.541685e-08
-4.959860e-08 -1.647042e-08
-4.434777e-08 1.843265e-08
-2.073798e-08 3.480308e-08
-1.722742e-09 3.283608e-08
7.694698e-09 2.964751e-08
2.102356e-08 2.981618e-08
4.231388e-08 1.805787e-08
5.236194e-08 -1.457881e-08
3.184750e-08 -4.957723e-08
-9.973752e-09 -5.786185e-08
-4.208831e-08 -3.373077e-08
-4.594728e-08 -2.326817e-10
-3.170123e-08 1.979793e-08
-1.795966e-08 2.661460e-08
-6.958371e-09 3.218659e-08
1.083949e-08 3.618171e-08
3.390055e-08 2.576927e-08
4.485868e-08 -2.180674e-09
3.145429e-08 -3.066121e-08
3.203360e-09 -3.975014e-08
