1.077008e-09 -6.580579e-09
-3.997852e-09 -1.567891e-08
-2.056110e-08 -2.137226e-08
-4.253959e-08 -8.278199e-09
-4.715046e-08 2.533598e-08
-1.948870e-08 5.482637e-08
2.360711e-08 5.146277e-08
4.617788e-08 1.651663e-08
3.244398e-08 -1.661732e-08
5.334920e-09 -1.976489e-08
-1.823314e-09 -2.552479e-09
1.325189e-08 2.123713e-09
2.069498e-08 -1.769955e-08
-2.432669e-10 -3.678710e-08
-3.183668e-08 -2.614670e-08
-3.948470e-08 7.889505e-09
-1.584441e-08 3.061893e-08
1.058403e-08 2.252994e-08
1.288282e-08 1.923392e-09
-1.201028e-09 -2.109488e-09
-3.630104e-09 1.135472e-08
1.356058e-08 1.642574e-08
2.742715e-08 -1.650066e-09
1.640863e-08 -2.499057e-08
-9.740742e-09 -2.685513e-08
-2.297648e-08 -6.852713e-09
-1.347801e-08 1.032039e-08
5.360435e-10 8.620882e-09
5.328056e-10 -6.636435e-10
-7.758675e-09 1.200130e-09
-5.862704e-09 1.275864e-08
9.067697e-09 1.569283e-08
1.977445e-08 1.976407e-09
1.286413e-08 -1.446834e-08
-3.570916e-09 -1.652086e-08
-1.182812e-08 -5.368228e-09
-7.264988e-09 3.824808e-09
-9.129361e-10 3.073047e-09
-1.755421e-09 -4.560779e-10
-5.287904e-09 2.146629e-09
-2.542540e-09 8.223787e-09
5.861895e-09 8.414809e-09
1.061046e-08 5.644816e-10
6.509237e-09 -7.387588e-09
-1.328992e-09 -8.055106e-09
-5.021634e-09 -3.109091e-09
-3.377389e-09 7.101569e-10
-1.216639e-09 6.481126e-10
-1.695285e-09 -1.973184e-10
-2.812204e-09 1.255579e-09
-1.453226e-09 3.717040e-09
1.905147e-09 3.881236e-09
3.981042e-09 1.103310e-09
2.956950e-09 -1.926759e-09
3.930650e-10 -2.631742e-09
-1.054235e-09 -1.298206e-09
-6.935046e-10 -9.910575e-11
-1.071982e-11 -2.270924e-10
-3.451946e-10 -7.836422e-10
-1.217293e-09 -4.052068e-10
-1.239131e-09 7.886676e-10
