1.451521e-08 -7.476953e-09
1.449469e-08 -2.668851e-08
-7.999876e-09 -4.837571e-08
-5.238857e-08 -4.339043e-08
-8.222173e-08 4.527440e-09
-6.078523e-08 6.421553e-08
-1.085474e-09 8.477890e-08
4.554962e-08 5.632880e-08
5.266978e-08 1.835096e-08
4.497746e-08 2.017010e-09
5.068832e-08 -9.109298e-09
5.361425e-08 -4.234321e-08
1.924012e-08 -8.125738e-08
-4.449448e-08 -7.969455e-08
-8.570576e-08 -2.660653e-08
-7.192837e-08 3.399939e-08
-2.778902e-08 5.715008e-08
3.250797e-09 4.686971e-08
1.317631e-08 3.602323e-08
2.511919e-08 3.456032e-08
4.756923e-08 2.217844e-08
5.863371e-08 -1.250778e-08
3.830251e-08 -4.911674e-08
-2.403999e-09 -5.918605e-08
-3.397296e-08 -3.920924e-08
-4.077431e-08 -1.061329e-08
-3.209708e-08 6.811418e-09
-2.489958e-08 1.305567e-08
-2.313792e-08 2.084465e-08
-1.556784e-08 3.599380e-08
7.992494e-09 4.732044e-08
3.990650e-08 3.742346e-08
5.758758e-08 4.254455e-09
4.650116e-08 -3.185362e-08
1.712691e-08 -4.807885e-08
-7.896910e-09 -4.346191e-08
-2.157427e-08 -3.468098e-08
-3.618317e-08 -2.796359e-08
-5.605985e-08 -8.943408e-09
-6.090065e-08 3.107343e-08
-2.984742e-08 7.028596e-08
2.452869e-08 7.459506e-08
6.353109e-08 3.877527e-08
6.522591e-08 -6.658250e-09
4.465628e-08 -3.340081e-08
2.522084e-08 -4.441190e-08
5.952138e-09 -5.499078e-08
-2.697294e-08 -5.907396e-08
-6.511855e-08 -3.499283e-08
-7.656930e-08 1.680200e-08
-4.504377e-08 6.220903e-08
6.011646e-09 6.922377e-08
3.958632e-08 4.292268e-08
4.536938e-08 1.294340e-08
4.054612e-08 -5.397501e-09
3.656513e-08 -2.139461e-08
2.356357e-08 -4.193590e-08
-7.305611e-09 -5.256518e-08
-4.104782e-08 -3.586681e-08
-5.167262e-08 1.018922e-09
-3.308387e-08 3.073399e-08
