8.945806e-06 4.425406e-06
1.465214e-05 -5.401048e-06
7.886136e-06 -1.885557e-05
-9.492819e-06 -2.052882e-05
-2.055431e-05 -6.431202e-06
-1.528739e-05 8.934985e-06
-2.835639e-06 1.174763e-05
2.352508e-06 5.327550e-06
-7.321770e-07 2.545124e-06
-1.264808e-06 6.897309e-06
5.913072e-06 9.037896e-06
1.273192e-05 1.854641e-06
9.809239e-06 -8.735725e-06
-4.529190e-07 -1.183255e-05
-7.487782e-06 -5.693684e-06
-6.186239e-06 1.402206e-06
-1.573920e-06 2.745514e-06
-2.603221e-07 4.274261e-07
-2.084021e-06 1.047663e-07
-2.358446e-06 2.702077e-06
6.355288e-07 4.268555e-06
3.717113e-06 2.264055e-06
3.652848e-06 -1.238420e-06
1.124203e-06 -2.807426e-06
-9.000905e-07 -1.837538e-06
-1.021578e-06 -3.846081e-07
-3.447644e-07 -5.034107e-08
-2.940672e-07 -4.161625e-07
-8.360062e-07 -3.240680e-07
-1.018213e-06 4.254909e-07
-4.266102e-07 1.059775e-06
4.144720e-07 9.694902e-07
8.136161e-07 3.478140e-07
6.443756e-07 -2.064445e-07
2.845096e-07 -3.742535e-07
8.242992e-08 -3.029378e-07
3.592706e-08 -2.704404e-07
-5.915712e-08 -3.275837e-07
-2.757756e-07 -2.994107e-07
-4.487131e-07 -6.507805e-08
-3.847229e-07 2.545088e-07
-1.053923e-07 4.192456e-07
1.729636e-07 3.321835e-07
2.757589e-07 1.194271e-07
2.228188e-07 -4.065935e-08
1.405347e-07 -9.964129e-08
9.038221e-08 -1.246818e-07
3.469489e-08 -1.598568e-07
-6.027474e-08 -1.670156e-07
-1.529351e-07 -9.912796e-08
-1.732279e-07 1.998577e-08
-1.064855e-07 1.134877e-07
-7.439141e-09 1.292931e-07
5.746309e-08 8.167531e-08
6.616513e-08 2.399210e-08
4.493685e-08 -5.060109e-09
3.016062e-08 -8.153855e-09
3.117325e-08 -1.184222e-08
2.884044e-08 -2.936383e-08
6.807790e-09 -4.514300e-08
-2.347680e-08 -3.754831e-08
