6.484795e-08 3.405755e-07
3.978173e-07 2.912386e-07
5.972998e-07 -6.424307e-08
4.317612e-07 -4.784569e-07
8.640270e-09 -6.170442e-07
-3.335160e-07 -4.099339e-07
-3.888472e-07 -1.045932e-07
-2.796292e-07 4.715355e-08
-2.329272e-07 7.760684e-08
-2.496356e-07 1.784370e-07
-1.395763e-07 3.610843e-07
1.469998e-07 4.110845e-07
3.934091e-07 1.975884e-07
3.806800e-07 -1.203911e-07
1.600605e-07 -2.820533e-07
-3.565517e-08 -2.301732e-07
-8.701735e-08 -1.236678e-07
-8.062060e-08 -8.896948e-08
-1.230350e-07 -7.922120e-08
-1.794933e-07 3.444372e-10
-1.476914e-07 1.263848e-07
-2.087507e-08 1.860002e-07
9.739476e-08 1.291239e-07
1.228748e-07 2.339702e-08
7.529456e-08 -3.964338e-08
2.748090e-08 -4.154777e-08
1.479724e-08 -2.600043e-08
1.756355e-08 -2.794258e-08
7.475355e-09 -4.156352e-08
-1.765595e-08 -4.429228e-08
-4.060656e-08 -2.683177e-08
-4.602295e-08 1.861097e-09
-3.168931e-08 2.512144e-08
-9.006637e-09 3.079092e-08
5.231537e-09 2.103717e-08
4.486097e-09 1.170447e-08
9.182240e-10 1.525302e-08
1.113293e-08 2.366285e-08
3.225683e-08 1.643120e-08
4.106494e-08 -1.149558e-08
2.214593e-08 -3.840834e-08
-1.043659e-08 -3.972183e-08
-2.843941e-08 -1.766224e-08
-2.288062e-08 2.709852e-09
-1.161583e-08 5.775824e-09
-1.220741e-08 2.524831e-09
-1.808068e-08 1.081893e-08
-9.959890e-09 2.755092e-08
1.449748e-08 3.130306e-08
3.410697e-08 1.142674e-08
2.963606e-08 -1.616692e-08
7.279905e-09 -2.747458e-08
-1.020367e-08 -1.828223e-08
-1.154664e-08 -5.532683e-09
-7.072618e-09 -2.827637e-09
-9.885301e-09 -4.269329e-09
-1.619737e-08 2.949928e-09
-1.188075e-08 1.706744e-08
5.384689e-09 2.227232e-08
2.030458e-08 1.015872e-08
1.869883e-08 -8.167240e-09
