1.078760e-06 -5.345622e-07
6.548804e-07 -1.836655e-06
-1.129759e-06 -2.426552e-06
-2.966229e-06 -1.079822e-06
-2.946214e-06 1.372308e-06
-1.057311e-06 2.731840e-06
7.228021e-07 2.136937e-06
1.006572e-06 1.037800e-06
7.544195e-07 9.999015e-07
1.621204e-06 1.338410e-06
3.133281e-06 1.287969e-07
2.937070e-06 -2.634689e-06
1.119929e-07 -4.359382e-06
-3.088779e-06 -3.001007e-06
-3.784778e-06 1.702160e-07
-1.979326e-06 2.109780e-06
-2.374774e-07 1.791311e-06
-9.169003e-08 1.052265e-06
-2.661548e-07 1.536886e-06
9.625235e-07 2.266248e-06
2.892335e-06 1.243617e-06
3.181935e-06 -1.390078e-06
1.088648e-06 -3.229211e-06
-1.446175e-06 -2.624661e-06
-2.248083e-06 -6.182930e-07
-1.399403e-06 6.585130e-07
-5.778110e-07 6.365905e-07
-5.931282e-07 4.755482e-07
-6.169006e-07 9.953069e-07
2.061154e-07 1.518099e-06
1.357719e-06 1.027831e-06
1.649933e-06 -2.831082e-07
8.113010e-07 -1.236727e-06
-2.550620e-07 -1.144697e-06
-6.712952e-07 -4.709402e-07
-4.952174e-07 -2.055688e-08
-3.146395e-07 3.272782e-08
-3.600004e-07 7.447373e-08
-3.517190e-07 3.199119e-07
-6.258944e-08 5.292179e-07
3.208792e-07 4.174190e-07
4.641043e-07 6.022460e-08
3.012157e-07 -2.261004e-07
5.407364e-08 -2.675105e-07
-7.137054e-08 -1.614574e-07
-7.582683e-08 -7.840608e-08
-7.078889e-08 -6.081798e-08
-1.031143e-07 -4.054147e-08
-1.236207e-07 2.597054e-08
-8.219242e-08 1.002596e-07
2.357396e-09 1.212177e-07
6.891331e-08 7.831397e-08
8.134674e-08 1.489805e-08
5.569972e-08 -2.370640e-08
2.978705e-08 -3.119779e-08
1.943580e-08 -3.168287e-08
9.858859e-09 -4.124755e-08
-1.490120e-08 -4.798919e-08
-4.515582e-08 -3.170845e-08
-5.519906e-08 5.343690e-09
-3.505228e-08 3.731197e-08
