3.097165e-06 -8.554789e-07
3.066061e-06 -6.636738e-06
-4.777594e-06 -1.002376e-05
-1.242850e-05 -2.996302e-06
-9.661260e-06 7.612868e-06
1.858193e-07 1.036444e-05
6.290982e-06 4.345753e-06
4.308369e-06 -1.854849e-06
-2.199806e-07 -2.045620e-06
-7.908863e-07 1.101919e-06
2.069300e-06 1.659237e-06
3.285161e-06 -1.331722e-06
7.795798e-07 -3.731263e-06
-2.420285e-06 -2.593217e-06
-2.886528e-06 3.905089e-07
-9.364147e-07 1.863429e-06
6.630194e-07 1.035995e-06
4.845515e-07 -1.820105e-07
-3.964578e-07 -1.716260e-07
-4.426494e-07 6.464830e-07
4.049306e-07 9.300430e-07
1.057525e-06 2.516933e-07
8.145933e-07 -6.265772e-07
4.545960e-08 -8.721662e-07
-4.658545e-07 -4.696340e-07
-4.265512e-07 -5.357636e-09
-1.732533e-07 1.082792e-07
-1.118593e-07 2.309134e-09
-2.382198e-07 2.759741e-08
-2.480899e-07 2.586030e-07
9.478659e-09 4.286082e-07
3.312791e-07 3.015876e-07
4.204531e-07 -2.998510e-08
2.340150e-07 -2.732128e-07
-1.039413e-08 -2.765741e-07
-1.190202e-07 -1.480351e-07
-1.075918e-07 -5.935639e-08
-9.832557e-08 -4.076232e-08
-1.299906e-07 -8.682397e-09
-1.345937e-07 7.612060e-08
-6.043453e-08 1.533318e-07
5.259340e-08 1.512249e-07
1.247203e-07 7.242135e-08
1.200386e-07 -2.048909e-08
6.449062e-08 -7.195769e-08
6.913475e-09 -7.095607e-08
-2.090529e-08 -4.263903e-08
-1.968929e-08 -2.042649e-08
-1.400450e-08 -1.867291e-08
-2.449988e-08 -2.230754e-08
-4.304049e-08 -7.337298e-09
-4.203619e-08 2.528941e-08
-1.222284e-08 4.615553e-08
2.052945e-08 3.423553e-08
2.628133e-08 5.987486e-09
9.553432e-09 -5.566890e-09
1.365140e-09 5.597188e-09
1.559005e-08 1.277489e-08
3.060107e-08 -4.236177e-09
2.045430e-08 -3.042730e-08
-9.168176e-09 -3.594959e-08
