-1.723580e-06 5.332986e-07
-1.167250e-06 2.654830e-06
1.558551e-06 3.850050e-06
4.959494e-06 2.162070e-06
5.963964e-06 -2.293273e-06
2.804867e-06 -6.235725e-06
-2.253317e-06 -6.272316e-06
-5.233817e-06 -2.840062e-06
-4.880818e-06 7.524892e-07
-3.134870e-06 2.478436e-06
-1.788212e-06 3.113462e-06
-4.539837e-07 3.828861e-06
1.793901e-06 4.016891e-06
4.198023e-06 2.368735e-06
4.871392e-06 -8.233972e-07
3.112898e-06 -3.581698e-06
2.043504e-07 -4.313046e-06
-2.081494e-06 -3.170008e-06
-3.034201e-06 -1.320422e-06
-2.934809e-06 3.909597e-07
-2.152009e-06 1.711505e-06
-8.591661e-07 2.460521e-06
6.156748e-07 2.379253e-06
1.714826e-06 1.492077e-06
2.049759e-06 2.430423e-07
1.661046e-06 -8.406232e-07
8.428278e-07 -1.464156e-06
-1.013793e-07 -1.544053e-06
-8.825130e-07 -1.106479e-06
-1.224861e-06 -3.387382e-07
-1.031255e-06 3.955189e-07
-5.064862e-07 7.726643e-07
5.707362e-09 7.495230e-07
3.115507e-07 5.209924e-07
4.388748e-07 2.676801e-07
4.652544e-07 2.723634e-08
3.879588e-07 -2.041507e-07
1.902066e-07 -3.602486e-07
-5.382123e-08 -3.586056e-07
-2.165447e-07 -2.154828e-07
-2.402221e-07 -4.172563e-08
-1.745200e-07 6.897415e-08
-9.776762e-08 1.084250e-07
-4.056964e-08 1.158505e-07
8.314473e-09 1.131359e-07
5.652298e-08 9.384891e-08
9.212793e-08 5.185295e-08
1.005990e-07 -2.729822e-09
7.939219e-08 -5.171815e-08
3.739999e-08 -8.017257e-08
-1.012905e-08 -8.111152e-08
-4.693098e-08 -5.796822e-08
-6.349056e-08 -2.318991e-08
-6.105229e-08 1.034580e-08
-4.561744e-08 3.666451e-08
-2.040872e-08 5.343796e-08
1.150602e-08 5.538764e-08
4.002066e-08 3.776897e-08
5.124376e-08 6.336568e-09
4.040768e-08 -2.272534e-08
1.721356e-08 -3.606560e-08
