-1.572337e-07 -5.629619e-08
-2.266390e-07 1.124954e-07
-1.067177e-07 2.949814e-07
1.256643e-07 3.134516e-07
2.899257e-07 1.524220e-07
2.832755e-07 -5.493529e-08
1.619232e-07 -1.634373e-07
6.295158e-08 -1.620027e-07
3.085629e-08 -1.574054e-07
-2.197748e-08 -2.022025e-07
-1.605965e-07 -2.083926e-07
-2.998208e-07 -7.471109e-08
-2.915429e-07 1.485455e-07
-1.160488e-07 2.903975e-07
7.960454e-08 2.551636e-07
1.535238e-07 1.304291e-07
1.324666e-07 6.453065e-08
1.534883e-07 6.934441e-08
2.541415e-07 9.081623e-09
2.892280e-07 -1.959574e-07
1.068881e-07 -4.119486e-07
-2.243313e-07 -4.106203e-07
-4.453268e-07 -1.445338e-07
-3.889067e-07 1.729337e-07
-1.650809e-07 3.077505e-07
-1.942836e-09 2.656836e-07
4.878771e-08 2.290191e-07
1.381316e-07 2.616093e-07
3.424643e-07 2.045634e-07
4.852175e-07 -7.499702e-08
3.378270e-07 -4.295432e-07
-5.707300e-08 -5.514714e-07
-3.910854e-07 -3.338383e-07
-4.348022e-07 6.156928e-09
-2.704604e-07 2.000871e-07
-1.247149e-07 2.234362e-07
-6.184301e-08 2.353043e-07
4.164884e-08 2.933629e-07
2.449001e-07 2.654786e-07
4.013849e-07 4.722502e-08
3.329334e-07 -2.445205e-07
6.899490e-08 -3.812545e-07
-1.772192e-07 -2.832210e-07
-2.509987e-07 -8.620864e-08
-1.937585e-07 4.546840e-08
-1.292346e-07 9.115222e-08
-9.151512e-08 1.275244e-07
-2.320427e-08 1.761535e-07
9.463784e-08 1.711048e-07
1.868979e-07 6.955276e-08
1.742595e-07 -6.964139e-08
7.214444e-08 -1.465113e-07
-3.161771e-08 -1.279873e-07
-7.622504e-08 -6.461538e-08
-7.336523e-08 -1.513017e-08
-6.169396e-08 1.128084e-08
-5.107324e-08 3.498261e-08
-2.624229e-08 5.875848e-08
1.445780e-08 6.256856e-08
4.763801e-08 3.621296e-08
5.177154e-08 -2.810340e-09
