4.337822e-07 2.421818e-06
6.240193e-06 3.766552e-06
1.269127e-05 -4.492462e-06
5.877325e-06 -1.726112e-05
-1.121648e-05 -1.687879e-05
-1.961197e-05 -1.225081e-06
-1.102289e-05 1.291710e-05
2.908103e-06 1.266801e-05
7.784953e-06 3.319472e-06
3.411541e-06 -2.202533e-06
-3.329057e-07 -3.297275e-07
1.489402e-06 2.101939e-06
4.315202e-06 -1.563789e-07
2.812528e-06 -4.207512e-06
-1.685066e-06 -4.681829e-06
-4.118695e-06 -1.246488e-06
-2.646985e-06 1.965977e-06
2.277501e-08 2.185370e-06
9.601208e-07 6.249541e-07
2.325242e-07 -2.175237e-07
-3.236060e-07 2.380599e-07
1.375405e-07 7.582103e-07
8.441621e-07 4.142203e-07
8.545824e-07 -3.990295e-07
2.161061e-07 -7.990739e-07
-3.537547e-07 -5.350290e-07
-4.181582e-07 -7.232130e-08
-1.793491e-07 1.086681e-07
-5.509663e-08 1.096576e-08
-1.560982e-07 -4.619358e-08
-2.497126e-07 1.063980e-07
-1.255763e-07 3.096012e-07
1.400349e-07 3.219671e-07
3.061753e-07 1.209520e-07
2.598957e-07 -1.024257e-07
1.054247e-07 -1.880552e-07
-6.330012e-09 -1.545601e-07
-4.369532e-08 -1.077063e-07
-6.732012e-08 -8.871214e-08
-1.088388e-07 -5.952230e-08
-1.346570e-07 7.988671e-09
-1.072644e-07 8.629154e-08
-3.399073e-08 1.287753e-07
4.604611e-08 1.150017e-07
9.499279e-08 5.788797e-08
9.502060e-08 -9.437059e-09
5.687353e-08 -5.139531e-08
1.427271e-08 -5.426352e-08
-5.574646e-09 -3.767368e-08
-8.485660e-09 -2.972481e-08
-1.833662e-08 -3.139012e-08
-3.810805e-08 -2.071281e-08
-4.451132e-08 8.406143e-09
-2.469140e-08 3.233837e-08
1.981686e-09 3.056225e-08
1.064722e-08 1.439432e-08
4.541902e-09 8.391172e-09
5.486632e-09 1.477061e-08
1.907709e-08 1.416590e-08
2.775272e-08 -2.428782e-09
1.835757e-08 -2.032151e-08
