8.719379e-08 -2.716931e-08
7.997349e-08 -1.192680e-07
-1.344270e-08 -1.886270e-07
-1.471873e-07 -1.608233e-07
-2.237334e-07 -3.196572e-08
-1.817983e-07 1.125399e-07
-6.084596e-08 1.762635e-07
4.670139e-08 1.441687e-07
9.088380e-08 7.371708e-08
8.781117e-08 1.812937e-08
7.203038e-08 -1.353948e-08
5.631460e-08 -3.570331e-08
3.451799e-08 -5.468433e-08
3.109454e-09 -6.259334e-08
-2.854481e-08 -5.098642e-08
-4.548913e-08 -2.381529e-08
-4.173720e-08 3.261890e-09
-2.675713e-08 1.667605e-08
-1.555685e-08 1.768340e-08
-1.229121e-08 1.858116e-08
-7.387560e-09 2.576294e-08
7.465055e-09 3.096175e-08
2.593487e-08 2.256069e-08
3.337280e-08 2.146230e-09
2.466112e-08 -1.586300e-08
9.991844e-09 -2.101587e-08
1.371167e-09 -1.780899e-08
-1.761138e-09 -1.691150e-08
-8.845287e-09 -1.923922e-08
-2.207777e-08 -1.471346e-08
-3.029108e-08 2.451053e-09
-2.204491e-08 2.266628e-08
-1.188729e-09 2.991805e-08
1.600808e-08 2.010379e-08
1.916976e-08 5.101785e-09
1.402090e-08 -2.643586e-09
1.169294e-08 -4.431067e-09
1.247811e-08 -9.751323e-09
6.602951e-09 -1.955742e-08
-9.364353e-09 -2.250187e-08
-2.401970e-08 -1.010673e-08
-2.343498e-08 9.947794e-09
-8.288321e-09 2.120392e-08
7.061529e-09 1.711636e-08
1.187813e-08 6.604774e-09
9.491011e-09 5.360984e-10
8.535918e-09 -1.255130e-09
9.411943e-09 -5.572396e-09
5.228500e-09 -1.271913e-08
-5.683163e-09 -1.455857e-08
-1.490211e-08 -6.152413e-09
-1.385926e-08 6.293167e-09
-4.409164e-09 1.240755e-08
4.177396e-09 9.515193e-09
6.541085e-09 3.692723e-09
5.418421e-09 4.902963e-10
5.044438e-09 -9.255017e-10
4.866573e-09 -3.603504e-09
1.922062e-09 -6.697038e-09
-3.289936e-09 -6.511064e-09
-6.584563e-09 -2.176568e-09
