-2.203036e-08 -7.279546e-08
-1.041824e-07 -6.339233e-08
-1.582136e-07 2.909734e-08
-1.096086e-07 1.440752e-07
1.770442e-08 1.782842e-07
1.192551e-07 1.046983e-07
1.259972e-07 -1.980249e-09
6.723647e-08 -5.712319e-08
1.622534e-08 -4.993508e-08
5.511708e-09 -2.837103e-08
1.086830e-08 -2.924693e-08
-1.057870e-09 -4.352426e-08
-3.081015e-08 -4.117150e-08
-5.116684e-08 -1.221689e-08
-4.195468e-08 2.234182e-08
-1.278512e-08 3.517932e-08
8.567237e-09 2.231778e-08
7.048647e-09 5.610905e-09
-4.362677e-09 6.344772e-09
-2.101422e-09 2.047665e-08
1.833602e-08 2.454944e-08
3.611592e-08 5.354589e-09
3.010377e-08 -2.268211e-08
4.633221e-09 -3.398876e-08
-1.591808e-08 -2.187266e-08
-1.665223e-08 -4.628147e-09
-8.173431e-09 -7.326131e-10
-9.259210e-09 -5.839780e-09
-2.001922e-08 -1.441600e-09
-2.165020e-08 1.719328e-08
-3.000155e-09 3.197892e-08
2.210616e-08 2.452985e-08
3.046075e-08 2.547821e-10
1.738569e-08 -1.799404e-08
3.503148e-10 -1.769797e-08
-4.908265e-09 -8.955777e-09
-2.616302e-09 -6.884585e-09
-6.307286e-09 -1.034072e-08
-1.661521e-08 -6.047191e-09
-1.938336e-08 9.558863e-09
-6.016046e-09 2.255797e-08
1.303481e-08 1.876897e-08
2.029439e-08 1.982658e-09
1.205001e-08 -1.118369e-08
4.663396e-10 -1.163945e-08
-3.611707e-09 -5.982535e-09
-2.631793e-09 -3.990164e-09
-4.645137e-09 -5.068133e-09
-9.646167e-09 -1.828063e-09
-9.772452e-09 6.789104e-09
-1.547836e-09 1.264757e-08
8.245476e-09 9.178944e-09
1.087523e-08 -7.108039e-11
5.904872e-09 -6.349747e-09
4.918569e-11 -6.144291e-09
-1.987331e-09 -3.308278e-09
-1.785109e-09 -2.107403e-09
-2.618092e-09 -2.017321e-09
-4.181287e-09 -3.347129e-10
-3.714104e-09 2.853838e-09
-5.685832e-10 4.608640e-09
