-5.081419e-07 -1.286982e-06
-1.757138e-06 -9.965345e-07
-2.564936e-06 3.811610e-07
-2.070631e-06 2.143368e-06
-4.010452e-07 3.090799e-06
1.371465e-06 2.694152e-06
2.365760e-06 1.544362e-06
2.743781e-06 4.158418e-07
2.984833e-06 -8.365124e-07
2.588104e-06 -2.685499e-06
5.488599e-07 -4.356038e-06
-2.668941e-06 -4.029288e-06
-4.757258e-06 -1.181837e-06
-3.986284e-06 2.177664e-06
-1.355872e-06 3.556700e-06
6.624810e-07 2.800370e-06
1.193561e-06 1.806401e-06
1.566896e-06 1.598837e-06
2.742515e-06 1.030483e-06
3.480238e-06 -1.054388e-06
2.039378e-06 -3.504327e-06
-1.053247e-06 -3.942826e-06
-3.241172e-06 -1.827121e-06
-2.945128e-06 7.976469e-07
-1.236447e-06 1.829391e-06
-1.056175e-07 1.397155e-06
3.438827e-08 1.026073e-06
2.934804e-07 1.268281e-06
1.238262e-06 1.181765e-06
1.961870e-06 4.599242e-08
1.429734e-06 -1.389724e-06
-2.259563e-08 -1.823702e-06
-1.098215e-06 -1.028709e-06
-1.105297e-06 1.890473e-08
-5.459664e-07 4.434338e-07
-2.063943e-07 3.449076e-07
-1.942990e-07 3.023537e-07
-9.527680e-08 4.738160e-07
2.610537e-07 5.155529e-07
5.652443e-07 2.001071e-07
4.994650e-07 -2.417231e-07
1.499017e-07 -4.385719e-07
-1.470749e-07 -3.158712e-07
-2.096986e-07 -9.860820e-08
-1.344103e-07 8.987088e-09
-8.631382e-08 1.264858e-08
-9.816641e-08 2.441952e-08
-9.324325e-08 8.556643e-08
-2.362191e-08 1.373229e-07
7.038735e-08 1.182429e-07
1.181537e-07 3.887698e-08
9.615885e-08 -3.861283e-08
4.065625e-08 -6.814975e-08
1.263701e-10 -5.614824e-08
-1.220719e-08 -3.883431e-08
-1.856713e-08 -3.541536e-08
-3.775898e-08 -3.103857e-08
-5.741449e-08 -4.914177e-09
-5.070083e-08 3.551063e-08
-1.363518e-08 5.911043e-08
2.658050e-08 4.751947e-08
