-1.893708e-08 -2.377365e-08
-7.164986e-08 -2.253132e-08
-1.220523e-07 4.761113e-08
-7.839425e-08 1.574206e-07
6.055995e-08 1.873761e-07
1.730335e-07 8.708440e-08
1.624624e-07 -5.492079e-08
6.181802e-08 -1.225883e-07
-2.679626e-08 -9.435943e-08
-4.835542e-08 -3.534272e-08
-2.778323e-08 -7.194889e-09
-1.576586e-08 -1.344512e-08
-3.045279e-08 -1.856291e-08
-4.884742e-08 2.891908e-09
-4.002031e-08 3.934651e-08
-1.625743e-09 5.677442e-08
3.564894e-08 3.695663e-08
4.073435e-08 -8.113284e-10
1.686669e-08 -2.041981e-08
-3.159863e-09 -1.010042e-08
2.711899e-09 5.666294e-09
1.960732e-08 -8.082820e-10
1.710263e-08 -2.422850e-08
-9.623640e-09 -3.372822e-08
-3.270810e-08 -1.383960e-08
-2.745045e-08 1.503804e-08
-3.400023e-09 2.308334e-08
9.769826e-09 8.572238e-09
1.373139e-09 -2.936614e-09
-8.691122e-09 5.194925e-09
2.520760e-10 1.885907e-08
2.038004e-08 1.422711e-08
2.607890e-08 -8.583542e-09
8.640231e-09 -2.514078e-08
-1.259112e-08 -1.879058e-08
-1.626393e-08 -9.169481e-10
-5.466205e-09 6.569392e-09
2.679945e-10 3.620856e-10
-6.407680e-09 -3.174865e-09
-1.181567e-08 6.187858e-09
-2.670117e-09 1.740092e-08
1.388695e-08 1.394175e-08
1.934417e-08 -2.883979e-09
8.220560e-09 -1.542935e-08
-5.871748e-09 -1.256802e-08
-9.026649e-09 -2.089573e-09
-3.567041e-09 2.363880e-09
-1.145663e-09 -5.483313e-10
-5.006407e-09 -1.214607e-09
-6.841415e-09 4.866619e-09
-5.168061e-10 1.041399e-08
8.453164e-09 7.269630e-09
1.043529e-08 -2.062207e-09
4.239505e-09 -8.056180e-09
-2.525195e-09 -6.384537e-09
-3.955338e-09 -1.724318e-09
-1.998887e-09 9.755121e-11
-1.509306e-09 -7.031562e-10
-3.055818e-09 -2.190465e-10
-3.234337e-09 2.574399e-09
-3.568408e-10 4.579862e-09
