1.670681e-07 8.391758e-08
2.878004e-07 -8.666999e-08
2.110353e-07 -3.512001e-07
-9.441489e-08 -4.849796e-07
-4.303445e-07 -3.198979e-07
-5.227930e-07 5.114119e-08
-3.204509e-07 3.334438e-07
-5.185070e-08 3.589444e-07
6.710741e-08 2.538405e-07
8.235412e-08 2.266220e-07
1.889739e-07 2.728698e-07
4.195975e-07 1.845996e-07
5.479247e-07 -1.470475e-07
3.507547e-07 -5.275790e-07
-9.106206e-08 -6.384665e-07
-4.490633e-07 -3.986530e-07
-5.115243e-07 -4.826319e-08
-3.901748e-07 1.606618e-07
-3.005199e-07 2.523511e-07
-2.333389e-07 4.018592e-07
4.778702e-09 5.884035e-07
4.334554e-07 5.513926e-07
7.540855e-07 1.464663e-07
6.664790e-07 -3.940436e-07
2.337406e-07 -6.826546e-07
-1.988005e-07 -5.958745e-07
-4.057588e-07 -3.399371e-07
-4.572979e-07 -1.229244e-07
-4.836928e-07 7.541284e-08
-4.300627e-07 3.437349e-07
-1.644505e-07 5.864631e-07
2.515807e-07 5.831541e-07
5.531528e-07 2.770733e-07
5.507159e-07 -1.242515e-07
3.170090e-07 -3.715894e-07
5.653996e-08 -4.096942e-07
-1.267367e-07 -3.416087e-07
-2.594048e-07 -2.367819e-07
-3.529302e-07 -7.325487e-08
-3.392852e-07 1.456054e-07
-1.759184e-07 3.172461e-07
5.726598e-08 3.323440e-07
2.202801e-07 1.987345e-07
2.484254e-07 2.654554e-08
1.859785e-07 -9.199966e-08
1.015222e-07 -1.469795e-07
1.755509e-08 -1.641507e-07
-6.818200e-08 -1.448104e-07
-1.341117e-07 -7.720986e-08
-1.429765e-07 1.841216e-08
-8.948846e-08 9.094896e-08
-1.323766e-08 1.063187e-07
4.056102e-08 7.605273e-08
5.891674e-08 3.462280e-08
5.609461e-08 2.612484e-09
4.538764e-08 -2.035997e-08
2.768672e-08 -3.745815e-08
2.769013e-09 -4.369131e-08
-2.087106e-08 -3.393648e-08
-3.197859e-08 -1.316111e-08
-2.781047e-08 6.383743e-09
