4.301752e-07 -4.703331e-06
-3.804152e-06 -5.482053e-06
-7.900706e-06 -2.291535e-06
-8.330570e-06 3.389461e-06
-4.553955e-06 7.605627e-06
4.378135e-07 8.037826e-06
3.693718e-06 6.019165e-06
5.408461e-06 3.963904e-06
7.284443e-06 1.640447e-06
8.381460e-06 -2.864188e-06
5.458090e-06 -8.466641e-06
-1.716635e-06 -1.044538e-05
-8.142465e-06 -6.096635e-06
-8.792825e-06 1.088281e-06
-4.533212e-06 5.177245e-06
-5.287136e-07 4.645635e-06
4.968921e-07 3.048275e-06
7.576326e-07 3.192236e-06
2.846613e-06 3.447061e-06
5.342129e-06 1.014746e-06
4.824747e-06 -3.240722e-06
9.292608e-07 -5.480727e-06
-2.893325e-06 -3.811310e-06
-3.643271e-06 -4.478561e-07
-1.990218e-06 1.397039e-06
-5.748503e-07 1.199931e-06
-4.548486e-07 7.580836e-07
-4.753252e-07 1.174864e-06
4.060389e-07 1.617828e-06
1.556383e-06 9.764462e-07
1.721701e-06 -4.292241e-07
7.561893e-07 -1.335796e-06
-3.297044e-07 -1.144724e-06
-6.975510e-07 -4.220015e-07
-4.736244e-07 2.962778e-08
-2.512952e-07 5.999648e-08
-2.730079e-07 3.901578e-08
-3.134489e-07 2.049553e-07
-1.414961e-07 4.102028e-07
1.672705e-07 4.090172e-07
3.677487e-07 1.781958e-07
3.359337e-07 -9.169059e-08
1.606348e-07 -2.223722e-07
6.230893e-09 -2.001233e-07
-5.413021e-08 -1.311432e-07
-6.892929e-08 -9.792767e-08
-1.071548e-07 -8.206079e-08
-1.594157e-07 -2.042098e-08
-1.541169e-07 9.000093e-08
-5.858979e-08 1.722090e-07
6.742730e-08 1.566919e-07
1.334082e-07 6.244519e-08
1.133469e-07 -2.877943e-08
5.743280e-08 -6.414243e-08
1.944180e-08 -6.018359e-08
1.762668e-09 -5.616678e-08
-2.184163e-08 -5.736159e-08
-5.459080e-08 -4.027188e-08
-6.968349e-08 2.417309e-09
-4.825295e-08 4.482197e-08
-5.428639e-09 5.687482e-08
