-1.827566e-08 1.192229e-07
7.895646e-08 1.784763e-07
2.420231e-07 1.425401e-07
3.504984e-07 -5.071072e-08
2.615257e-07 -2.957108e-07
9.156988e-09 -3.956274e-07
-2.172023e-07 -2.901641e-07
-2.927747e-07 -1.041146e-07
-2.635380e-07 3.180209e-08
-2.244163e-07 1.169572e-07
-1.789576e-07 2.138084e-07
-6.301235e-08 3.160729e-07
1.348170e-07 3.364636e-07
3.249499e-07 2.116680e-07
3.942338e-07 -1.423242e-08
3.132198e-07 -2.246174e-07
1.495010e-07 -3.398966e-07
-2.439931e-08 -3.690523e-07
-2.029473e-07 -3.402116e-07
-3.915797e-07 -2.178919e-07
-5.052883e-07 4.543574e-08
-4.074994e-07 3.725020e-07
-8.763886e-08 5.597672e-07
2.669120e-07 4.750372e-07
4.477029e-07 2.093459e-07
4.364727e-07 -4.147728e-08
3.582770e-07 -2.103713e-07
2.539590e-07 -3.707105e-07
2.938295e-08 -5.192558e-07
-3.268261e-07 -4.890234e-07
-6.005481e-07 -1.702477e-07
-5.521215e-07 2.684063e-07
-2.158786e-07 5.131429e-07
1.254517e-07 4.478376e-07
2.706867e-07 2.466415e-07
2.857285e-07 1.052128e-07
3.152947e-07 4.587869e-09
3.293886e-07 -1.731867e-07
1.810679e-07 -3.855905e-07
-1.270110e-07 -4.316797e-07
-3.763611e-07 -2.195744e-07
-3.760876e-07 8.747498e-08
-1.808276e-07 2.538445e-07
3.028373e-09 2.291082e-07
7.104535e-08 1.472295e-07
9.260803e-08 1.113232e-07
1.479063e-07 7.918130e-08
1.941980e-07 -2.214546e-08
1.403398e-07 -1.536187e-07
-4.580416e-09 -2.011239e-07
-1.267090e-07 -1.238759e-07
-1.417990e-07 -2.530715e-09
-7.962896e-08 6.418527e-08
-2.279161e-08 6.309565e-08
-3.916860e-09 4.718107e-08
6.587799e-09 4.823674e-08
3.396101e-08 4.615201e-08
5.982596e-08 1.631964e-08
5.379102e-08 -2.742442e-08
1.785461e-08 -5.021762e-08
-1.689229e-08 -3.925736e-08
