-6.704904e-08 1.251865e-09
-7.590840e-08 7.119922e-08
-1.172763e-08 1.295664e-07
8.157781e-08 1.099304e-07
1.232658e-07 2.514634e-08
8.887900e-08 -5.138353e-08
2.515022e-08 -6.913278e-08
-1.118473e-08 -4.252572e-08
-9.406017e-09 -1.823932e-08
2.394825e-10 -1.972173e-08
-9.119168e-09 -3.123459e-08
-3.265586e-08 -2.601273e-08
-4.501097e-08 9.669402e-10
-3.119970e-08 2.874264e-08
-3.334169e-09 3.452607e-08
1.317961e-08 1.888127e-08
8.350487e-09 4.249989e-09
-1.576944e-09 7.887439e-09
5.017257e-09 2.066307e-08
2.682006e-08 1.832665e-08
3.921312e-08 -7.209311e-09
2.381874e-08 -3.533840e-08
-8.193899e-09 -3.973470e-08
-2.850354e-08 -1.893321e-08
-2.441834e-08 3.489389e-09
-1.098576e-08 8.628469e-09
-8.313767e-09 3.489476e-09
-1.484108e-08 7.327237e-09
-1.154806e-08 2.270686e-08
9.541406e-09 3.046101e-08
3.143739e-08 1.522641e-08
3.188342e-08 -1.272171e-08
1.079275e-08 -2.847288e-08
-1.030886e-08 -2.172532e-08
-1.496256e-08 -6.336379e-09
-9.013970e-09 3.030244e-10
-7.638212e-09 -1.228180e-09
-1.260341e-08 2.100000e-09
-1.133409e-08 1.370712e-08
2.766903e-09 2.082763e-08
1.850991e-08 1.205297e-08
2.016179e-08 -6.189931e-09
7.144282e-09 -1.689157e-08
-6.234850e-09 -1.290323e-08
-9.138041e-09 -3.239426e-09
-5.291368e-09 1.026009e-09
-3.966346e-09 2.703114e-10
-6.065890e-09 1.993362e-09
-4.698437e-09 7.645399e-09
2.836077e-09 1.021348e-08
1.000349e-08 4.726677e-09
9.500497e-09 -4.308259e-09
2.512183e-09 -8.555040e-09
-3.547257e-09 -5.829380e-09
-4.362642e-09 -1.175339e-09
-2.373134e-09 6.507698e-10
-1.619948e-09 2.684582e-10
-2.294372e-09 7.932082e-10
-1.802367e-09 2.702733e-09
7.100368e-10 3.561856e-09
3.054296e-09 1.835286e-09
