1.877607e-07 -1.335556e-07
8.528280e-08 -3.882253e-07
-3.003712e-07 -4.920899e-07
-6.930589e-07 -1.703198e-07
-6.582794e-07 4.014402e-07
-1.743982e-07 7.142362e-07
3.014693e-07 5.309600e-07
3.848589e-07 1.615852e-07
2.202054e-07 4.283031e-08
2.426176e-07 1.590877e-07
5.392683e-07 7.337522e-08
6.613045e-07 -4.338921e-07
1.981393e-07 -9.523526e-07
-5.979480e-07 -8.718783e-07
-1.012505e-06 -1.683748e-07
-7.196348e-07 5.058984e-07
-1.713610e-07 6.172862e-07
3.555890e-08 3.889142e-07
-3.592223e-08 3.911497e-07
1.701419e-07 6.496219e-07
7.814903e-07 5.661417e-07
1.162873e-06 -1.830695e-07
7.184914e-07 -1.045555e-06
-2.580982e-07 -1.198708e-06
-8.936729e-07 -5.700581e-07
-7.951263e-07 1.232801e-07
-4.145807e-07 3.328048e-07
-2.923958e-07 2.828897e-07
-3.173915e-07 4.497652e-07
-2.347804e-08 7.638379e-07
5.969441e-07 7.001007e-07
9.771271e-07 7.557336e-08
7.057617e-07 -6.204913e-07
5.497011e-08 -8.125370e-07
-3.893860e-07 -5.006379e-07
-4.231697e-07 -1.373452e-07
-3.190435e-07 2.677886e-09
-3.207110e-07 6.738630e-08
-3.193849e-07 2.567042e-07
-1.073705e-07 4.647817e-07
2.473154e-07 4.330133e-07
4.535834e-07 1.309235e-07
3.606452e-07 -1.890294e-07
1.141819e-07 -2.991331e-07
-6.015696e-08 -2.233400e-07
-1.071767e-07 -1.252174e-07
-1.199486e-07 -7.757910e-08
-1.528153e-07 -2.569929e-08
-1.544767e-07 7.049170e-08
-7.451038e-08 1.549497e-07
4.470328e-08 1.528884e-07
1.152561e-07 7.102777e-08
1.045754e-07 -1.586282e-08
5.455739e-08 -5.363751e-08
1.649622e-08 -5.108621e-08
-3.143667e-10 -4.244298e-08
-1.445638e-08 -3.911690e-08
-3.333724e-08 -2.864242e-08
-4.402824e-08 -4.064051e-09
-3.470005e-08 2.244553e-08
-1.132690e-08 3.396610e-08
