-4.287410e-08 4.934135e-08
8.899979e-09 9.966358e-08
9.344419e-08 8.300045e-08
1.356127e-07 2.820326e-09
1.072242e-07 -8.064873e-08
3.667887e-08 -1.181920e-07
-2.732455e-08 -1.049449e-07
-6.167705e-08 -7.337418e-08
-8.392005e-08 -4.631152e-08
-1.100119e-07 -7.231057e-09
-1.136336e-07 6.309344e-08
-5.621698e-08 1.339935e-07
4.690323e-08 1.428493e-07
1.235279e-07 7.165383e-08
1.214150e-07 -2.241923e-08
6.570693e-08 -7.025719e-08
2.038357e-08 -6.616379e-08
7.757031e-09 -5.789001e-08
-7.237812e-09 -7.191724e-08
-5.456836e-08 -7.769726e-08
-1.081484e-07 -3.438806e-08
-1.133657e-07 4.703042e-08
-5.464417e-08 1.079579e-07
2.314046e-08 1.062357e-07
6.479603e-08 6.060965e-08
6.460633e-08 2.249954e-08
6.290932e-08 1.068529e-08
8.350416e-08 -8.822107e-09
9.227296e-08 -6.865677e-08
3.734268e-08 -1.390928e-07
-7.306563e-08 -1.466618e-07
-1.591381e-07 -6.123119e-08
-1.520609e-07 5.763546e-08
-7.140814e-08 1.227339e-07
4.843934e-09 1.151048e-07
3.896797e-08 8.838070e-08
6.642645e-08 7.916697e-08
1.200091e-07 5.309725e-08
1.587267e-07 -3.385123e-08
1.116351e-07 -1.471153e-07
-1.842343e-08 -1.918364e-07
-1.379996e-07 -1.231430e-07
-1.634216e-07 -1.668147e-09
-1.075219e-07 7.956294e-08
-4.356071e-08 9.656630e-08
-6.599191e-09 9.360133e-08
3.129487e-08 9.801384e-08
9.126824e-08 7.964966e-08
1.356538e-07 7.399049e-09
1.109551e-07 -8.703923e-08
2.267429e-08 -1.333410e-07
-6.348517e-08 -1.019545e-07
-9.373474e-08 -3.242731e-08
-7.525986e-08 1.976809e-08
-4.737291e-08 4.096887e-08
-2.663785e-08 5.206090e-08
1.676547e-11 6.242429e-08
3.802666e-08 5.549902e-08
6.572937e-08 1.964827e-08
5.941120e-08 -2.679153e-08
2.405345e-08 -5.236038e-08
