1.354709e-08 1.497841e-08
2.973727e-08 6.890130e-09
3.795151e-08 -1.571252e-08
2.536288e-08 -4.307115e-08
-7.880064e-09 -5.432256e-08
-4.037511e-08 -3.598219e-08
-4.738231e-08 -1.143538e-09
-2.869886e-08 2.189966e-08
-8.047399e-09 2.112053e-08
-3.832307e-09 1.168188e-08
-8.900615e-09 1.350043e-08
-3.685440e-09 2.540997e-08
1.614636e-08 2.837349e-08
3.344579e-08 1.161072e-08
3.122415e-08 -1.294803e-08
1.313791e-08 -2.529690e-08
-2.585087e-09 -2.078087e-08
-6.104461e-09 -1.264101e-08
-5.793438e-09 -1.232274e-08
-1.346843e-08 -1.432686e-08
-2.569420e-08 -5.282763e-09
-2.657509e-08 1.527357e-08
-8.928980e-09 3.071394e-08
1.423059e-08 2.648185e-08
2.399298e-08 7.981741e-09
1.743813e-08 -6.565939e-09
8.381527e-09 -8.750049e-09
6.900813e-09 -7.657076e-09
6.511153e-09 -1.321734e-08
-3.563127e-09 -1.985086e-08
-1.948790e-08 -1.407835e-08
-2.510572e-08 4.857789e-09
-1.281823e-08 2.105286e-08
5.953373e-09 2.073167e-08
1.486536e-08 8.132195e-09
1.149795e-08 -2.155037e-09
6.269811e-09 -4.075012e-09
5.745105e-09 -4.314650e-09
4.921558e-09 -8.769776e-09
-2.378431e-09 -1.268261e-08
-1.212144e-08 -8.098737e-09
-1.439048e-08 3.545118e-09
-6.503218e-09 1.207931e-08
3.674139e-09 1.096263e-08
7.784193e-09 4.075466e-09
5.910920e-09 -9.172692e-10
3.560097e-09 -1.959015e-09
3.140088e-09 -2.533870e-09
2.097150e-09 -4.623910e-09
-1.502079e-09 -5.729630e-09
-5.261901e-09 -3.203267e-09
-5.583472e-09 1.433249e-09
-2.409193e-09 4.227120e-09
9.514753e-10 3.532870e-09
1.959604e-09 1.319781e-09
1.220706e-09 1.352376e-10
7.491004e-10 2.598464e-10
1.191556e-09 2.597984e-10
1.488940e-09 -6.389092e-10
7.168007e-10 -1.619883e-09
-6.146051e-10 -1.556873e-09
