1.397714e-05 5.286095e-06
1.905382e-05 -9.683572e-06
6.717107e-06 -2.359048e-05
-1.216523e-05 -2.048269e-05
-1.955510e-05 -4.708464e-06
-1.258549e-05 7.278692e-06
-3.449111e-06 7.576139e-06
-2.027450e-06 3.639102e-06
-4.372090e-06 5.332919e-06
-8.802180e-07 1.087120e-05
8.689382e-06 1.037154e-05
1.437728e-05 6.571263e-07
9.471365e-06 -9.746389e-06
-8.819842e-07 -1.143222e-05
-6.722448e-06 -5.196700e-06
-5.167528e-06 6.725101e-07
-1.714851e-06 1.368891e-06
-1.436272e-06 -1.597632e-07
-3.034450e-06 6.570261e-07
-2.402324e-06 3.504971e-06
1.038232e-06 4.549862e-06
3.899506e-06 2.153643e-06
3.575001e-06 -1.246719e-06
1.145288e-06 -2.617267e-06
-6.563905e-07 -1.733261e-06
-7.827959e-07 -5.326385e-07
-3.205479e-07 -3.027966e-07
-4.371539e-07 -5.568670e-07
-9.736594e-07 -3.140618e-07
-1.070289e-06 4.834756e-07
-4.360808e-07 1.088982e-06
3.929073e-07 9.831051e-07
7.860936e-07 3.856683e-07
6.496568e-07 -1.462219e-07
3.341894e-07 -3.320749e-07
1.446081e-07 -3.087952e-07
6.978886e-08 -3.125069e-07
-6.337144e-08 -3.689461e-07
-2.953929e-07 -3.183262e-07
-4.621996e-07 -7.046739e-08
-3.951719e-07 2.469143e-07
-1.256837e-07 4.134215e-07
1.475140e-07 3.440345e-07
2.658667e-07 1.490203e-07
2.378437e-07 -1.444149e-08
1.657042e-07 -9.441094e-08
1.057269e-07 -1.355106e-07
3.730255e-08 -1.704418e-07
-5.978557e-08 -1.716158e-07
-1.496260e-07 -1.048409e-07
-1.737981e-07 8.993097e-09
-1.166787e-07 1.043340e-07
-2.171055e-08 1.308392e-07
4.996363e-08 9.257904e-08
6.907664e-08 3.441360e-08
5.200378e-08 -2.067804e-09
3.382764e-08 -1.048447e-08
3.057355e-08 -1.321655e-08
2.857400e-08 -2.744038e-08
9.936352e-09 -4.323248e-08
-1.916568e-08 -3.935717e-08
