8.623090e-08 3.104840e-10
9.839523e-08 -8.768715e-08
1.843665e-08 -1.721975e-07
-1.180046e-07 -1.621536e-07
-2.035256e-07 -4.278732e-08
-1.694677e-07 9.714355e-08
-5.668502e-08 1.577721e-07
4.064490e-08 1.263079e-07
7.601745e-08 6.309485e-08
7.103790e-08 1.892786e-08
6.130360e-08 -3.821678e-09
5.462926e-08 -2.425604e-08
3.866259e-08 -4.735111e-08
7.917182e-09 -6.005178e-08
-2.538939e-08 -5.040933e-08
-4.288383e-08 -2.321446e-08
-3.836417e-08 3.157637e-09
-2.350304e-08 1.448667e-08
-1.435466e-08 1.397053e-08
-1.349729e-08 1.547179e-08
-9.402254e-09 2.445659e-08
6.059422e-09 3.067864e-08
2.485140e-08 2.215081e-08
3.166052e-08 1.852363e-09
2.255382e-08 -1.492258e-08
8.887939e-09 -1.869690e-08
2.090382e-09 -1.543674e-08
2.824321e-11 -1.582352e-08
-7.332566e-09 -1.943049e-08
-2.131044e-08 -1.524627e-08
-2.976352e-08 2.098965e-09
-2.136501e-08 2.215695e-08
-7.249359e-10 2.885680e-08
1.566174e-08 1.880731e-08
1.803380e-08 4.341880e-09
1.278303e-08 -2.472748e-09
1.100647e-08 -3.664958e-09
1.239976e-08 -9.000171e-09
6.759017e-09 -1.907432e-08
-9.196498e-09 -2.210383e-08
-2.366496e-08 -9.654387e-09
-2.269892e-08 1.018339e-08
-7.441749e-09 2.081175e-08
7.392146e-09 1.614670e-08
1.137170e-08 5.698055e-09
8.535965e-09 3.264223e-10
7.838397e-09 -7.643895e-10
9.287705e-09 -4.900593e-09
5.450764e-09 -1.226615e-08
-5.394036e-09 -1.429331e-08
-1.451280e-08 -5.953969e-09
-1.327303e-08 6.260536e-09
-3.872989e-09 1.189175e-08
4.193976e-09 8.656834e-09
5.893647e-09 3.053564e-09
4.526326e-09 5.193728e-10
4.492113e-09 -3.275095e-10
4.869421e-09 -2.911153e-09
2.269632e-09 -6.262777e-09
-2.871911e-09 -6.358956e-09
-6.188633e-09 -2.212628e-09
