-1.615216e-08 4.330300e-08
2.362285e-08 6.328421e-08
6.836536e-08 4.044929e-08
7.875295e-08 -8.596123e-09
5.324636e-08 -4.608656e-08
1.706768e-08 -5.517639e-08
-8.228886e-09 -4.408190e-08
-1.823724e-08 -2.931709e-08
-2.113321e-08 -2.008517e-08
-2.553328e-08 -1.424312e-08
-3.208474e-08 -4.465857e-09
-3.345187e-08 1.231867e-08
-2.242496e-08 2.944915e-08
-1.769390e-09 3.544403e-08
1.593291e-08 2.655668e-08
2.122500e-08 1.220505e-08
1.845659e-08 4.133417e-09
1.896576e-08 1.838766e-09
2.434933e-08 -5.673955e-09
2.265934e-08 -2.265765e-08
4.405788e-09 -3.693602e-08
-2.194797e-08 -3.242830e-08
-3.639469e-08 -9.224530e-09
-2.920523e-08 1.465271e-08
-1.114476e-08 2.296063e-08
6.829796e-10 1.803378e-08
3.029933e-09 1.395416e-08
6.916436e-09 1.601610e-08
1.877118e-08 1.410522e-08
2.853903e-08 -1.293542e-09
2.164840e-08 -2.253999e-08
-7.322027e-10 -3.109128e-08
-2.058664e-08 -1.934873e-08
-2.327217e-08 3.851656e-10
-1.292181e-08 1.124367e-08
-3.945649e-09 1.071227e-08
-1.789396e-09 8.999326e-09
9.350255e-10 1.167364e-08
9.823735e-09 1.190421e-08
1.801132e-08 2.225964e-09
1.478102e-08 -1.226562e-08
7.778418e-10 -1.852586e-08
-1.165828e-08 -1.150583e-08
-1.313989e-08 3.574991e-10
-6.869208e-09 6.463475e-09
-1.784299e-09 5.876121e-09
-6.006340e-10 4.827575e-09
1.044089e-09 6.002382e-09
5.570447e-09 5.477017e-09
8.904393e-09 1.360209e-10
6.351021e-09 -6.518403e-09
-4.857917e-10 -8.421788e-09
-5.482817e-09 -4.505940e-09
-5.318304e-09 5.818508e-10
-2.373802e-09 2.577133e-09
-5.292892e-10 1.874039e-09
-4.765725e-10 1.338045e-09
-2.249391e-10 1.956659e-09
1.256353e-09 2.170758e-09
2.612861e-09 7.325011e-10
2.192679e-09 -1.362172e-09
