-3.718612e-07 2.216111e-07
-1.793250e-07 6.767229e-07
4.492045e-07 7.978767e-07
9.694177e-07 2.836864e-07
8.592604e-07 -4.581801e-07
2.578610e-07 -7.924674e-07
-2.524844e-07 -5.735299e-07
-3.402484e-07 -2.097901e-07
-2.201353e-07 -8.566529e-08
-2.455667e-07 -1.207194e-07
-4.044398e-07 2.390447e-09
-3.837753e-07 3.269285e-07
-5.101477e-08 5.419554e-07
3.363011e-07 4.014103e-07
4.506529e-07 4.080660e-08
2.771231e-07 -2.115690e-07
6.696048e-08 -2.263289e-07
-8.359465e-09 -1.499081e-07
-1.663008e-08 -1.382473e-07
-8.498976e-08 -1.581879e-07
-1.928122e-07 -9.212492e-08
-2.151581e-07 6.174274e-08
-1.076537e-07 1.802259e-07
3.710722e-08 1.741530e-07
1.091769e-07 8.215569e-08
9.437112e-08 5.386205e-10
5.331076e-08 -2.685509e-08
3.252708e-08 -2.515399e-08
2.797961e-08 -2.896746e-08
1.700760e-08 -4.168827e-08
-6.427625e-09 -4.711679e-08
-3.063638e-08 -3.533588e-08
-4.182700e-08 -1.073644e-08
-3.455414e-08 1.346140e-08
-1.551135e-08 2.389739e-08
-4.221290e-10 1.783360e-08
-1.065545e-10 8.139585e-09
-6.945344e-09 1.060992e-08
-2.392250e-09 2.338963e-08
1.825685e-08 2.656613e-08
3.614790e-08 7.550401e-09
3.096134e-08 -2.000143e-08
7.269227e-09 -3.133947e-08
-1.112683e-08 -2.111595e-08
-1.179996e-08 -7.918891e-09
-7.282117e-09 -7.141300e-09
-1.372618e-08 -1.052612e-08
-2.577848e-08 -5.687539e-10
-2.335587e-08 2.150476e-08
-5.986844e-10 3.412912e-08
2.359830e-08 2.276046e-08
2.811213e-08 -1.240643e-09
1.455095e-08 -1.530719e-08
1.922943e-09 -1.311014e-08
3.749199e-10 -8.142488e-09
5.699213e-10 -1.117774e-08
-8.569381e-09 -1.472095e-08
-2.086844e-08 -5.683560e-09
-2.012043e-08 1.310208e-08
-2.999419e-09 2.381145e-08
1.483746e-08 1.596760e-08
