-1.745638e-08 4.938780e-07
6.317481e-07 7.527607e-07
1.578603e-06 1.373543e-07
1.597025e-06 -1.421724e-06
4.205849e-08 -2.503770e-06
-1.884389e-06 -1.794652e-06
-2.403217e-06 1.195354e-07
-1.336211e-06 1.409354e-06
-1.895336e-07 1.297354e-06
-1.878765e-08 8.437102e-07
-8.297811e-08 1.164120e-06
8.187550e-07 1.674574e-06
2.292766e-06 9.296631e-07
2.614542e-06 -1.121532e-06
1.031042e-06 -2.728813e-06
-1.123204e-06 -2.444985e-06
-2.052160e-06 -8.517986e-07
-1.586172e-06 3.858527e-07
-9.544118e-07 6.592931e-07
-8.439242e-07 7.881465e-07
-6.091534e-07 1.396135e-06
4.334998e-07 1.842568e-06
1.724591e-06 1.192874e-06
2.067365e-06 -3.281384e-07
1.162643e-06 -1.503274e-06
-8.642420e-08 -1.574674e-06
-7.577175e-07 -9.486546e-07
-8.456917e-07 -3.978673e-07
-8.477305e-07 -8.665430e-08
-8.792212e-07 3.055234e-07
-6.167976e-07 8.234375e-07
4.218098e-08 1.060711e-06
6.915769e-07 7.346982e-07
8.811131e-07 9.352299e-08
6.135950e-07 -3.874254e-07
2.321383e-07 -5.200795e-07
-2.865963e-08 -4.582804e-07
-1.977324e-07 -3.638398e-07
-3.454419e-07 -2.221852e-07
-4.094150e-07 1.075087e-08
-3.009084e-07 2.462327e-07
-6.993847e-08 3.384693e-07
1.288059e-07 2.570716e-07
2.002482e-07 1.057466e-07
1.745511e-07 -9.224517e-09
1.238318e-07 -6.872330e-08
7.434348e-08 -1.028690e-07
1.498013e-08 -1.203757e-07
-5.022416e-08 -1.039646e-07
-9.233114e-08 -5.113626e-08
-9.113271e-08 1.084682e-08
-5.694178e-08 5.044077e-08
-1.699556e-08 5.826891e-08
9.727620e-09 4.681457e-08
2.240564e-08 3.238631e-08
2.994111e-08 2.068623e-08
3.687080e-08 6.822544e-09
3.753321e-08 -1.331735e-08
2.406143e-08 -3.327869e-08
-8.871387e-10 -4.005349e-08
-2.308214e-08 -2.845590e-08
