-2.577173e-08 -7.461733e-08
-1.119701e-07 -6.344643e-08
-1.672467e-07 3.546282e-08
-1.123948e-07 1.565408e-07
2.493607e-08 1.890921e-07
1.314166e-07 1.064210e-07
1.344158e-07 -9.079131e-09
6.764746e-08 -6.655582e-08
1.088352e-08 -5.553213e-08
-4.760353e-10 -2.853326e-08
7.689986e-09 -2.644785e-08
-1.513153e-09 -4.105933e-08
-3.079918e-08 -4.012786e-08
-5.199950e-08 -1.110030e-08
-4.232063e-08 2.498722e-08
-1.062627e-08 3.818238e-08
1.281714e-08 2.282389e-08
1.025474e-08 2.668635e-09
-4.576500e-09 2.417299e-09
-4.650558e-09 1.868509e-08
1.640295e-08 2.520342e-08
3.596647e-08 6.226101e-09
3.022887e-08 -2.304615e-08
3.511059e-09 -3.452149e-08
-1.753261e-08 -2.088129e-08
-1.681050e-08 -2.389057e-09
-6.416491e-09 7.464279e-10
-7.227444e-09 -6.348061e-09
-1.940362e-08 -3.032650e-09
-2.234678e-08 1.620439e-08
-3.680399e-09 3.204867e-08
2.212502e-08 2.476107e-08
3.058072e-08 -5.720419e-11
1.688836e-08 -1.840464e-08
-4.563092e-10 -1.739137e-08
-5.089579e-09 -7.997977e-09
-1.886986e-09 -6.217235e-09
-5.424839e-09 -1.059808e-08
-1.642593e-08 -6.809245e-09
-1.983545e-08 9.152987e-09
-6.387697e-09 2.273629e-08
1.311885e-08 1.900002e-08
2.046030e-08 1.837765e-09
1.183819e-08 -1.143872e-08
4.299735e-11 -1.149584e-08
-3.687962e-09 -5.467355e-09
-2.203479e-09 -3.659710e-09
-4.176169e-09 -5.264712e-09
-9.601448e-09 -2.258603e-09
-1.005368e-08 6.615608e-09
-1.719895e-09 1.279249e-08
8.341718e-09 9.299216e-09
1.098417e-08 -1.827880e-10
5.792006e-09 -6.509032e-09
-1.685191e-10 -6.094410e-09
-2.042120e-09 -3.089282e-09
-1.634436e-09 -1.971517e-09
-2.467444e-09 -2.076953e-09
-4.184047e-09 -4.496566e-10
-3.794434e-09 2.848117e-09
-5.690070e-10 4.688774e-09
