-2.537590e-08 -4.187300e-08
-7.678592e-08 -1.695757e-08
-8.808088e-08 5.537516e-08
-3.016218e-08 1.157378e-07
5.736806e-08 1.093407e-07
1.077941e-07 4.199656e-08
9.400266e-08 -2.830153e-08
5.152398e-08 -5.634576e-08
2.631908e-08 -5.625837e-08
1.439672e-08 -6.730091e-08
-2.226425e-08 -8.690421e-08
-8.583273e-08 -6.906361e-08
-1.222115e-07 5.589107e-09
-8.591399e-08 8.817241e-08
-2.501014e-09 1.123296e-07
5.883912e-08 7.121205e-08
6.539094e-08 1.816651e-08
4.736156e-08 -4.308542e-09
4.407470e-08 -8.982116e-09
5.052893e-08 -2.985953e-08
3.276753e-08 -6.643360e-08
-1.833210e-08 -8.203529e-08
-6.932769e-08 -5.176318e-08
-8.118891e-08 5.336903e-09
-5.153180e-08 4.689620e-08
-1.346760e-08 5.213288e-08
3.793387e-09 3.920391e-08
6.348681e-09 3.757407e-08
2.299861e-08 4.820213e-08
6.220061e-08 3.980076e-08
9.122695e-08 -9.892103e-09
6.951559e-08 -7.626646e-08
5.990123e-10 -1.059680e-07
-6.474356e-08 -7.570269e-08
-8.396249e-08 -1.815915e-08
-6.705524e-08 2.082073e-08
-5.111450e-08 3.700006e-08
-4.234956e-08 5.930295e-08
-9.945711e-09 9.229475e-08
5.804257e-08 9.616940e-08
1.189366e-07 3.864092e-08
1.170969e-07 -5.215481e-08
5.063111e-08 -1.104572e-07
-2.639117e-08 -1.039393e-07
-6.717855e-08 -6.014189e-08
-7.501606e-08 -2.002156e-08
-7.551361e-08 1.087763e-08
-6.884100e-08 4.937339e-08
-3.302016e-08 8.940851e-08
3.170588e-08 9.699269e-08
8.703077e-08 5.368386e-08
9.478201e-08 -1.431417e-08
5.746097e-08 -6.209219e-08
9.400786e-09 -7.099435e-08
-2.372892e-08 -5.601226e-08
-4.250076e-08 -3.561745e-08
-5.422135e-08 -1.118485e-08
-5.345603e-08 2.052947e-08
-3.108506e-08 4.884392e-08
5.953193e-09 5.539648e-08
3.592477e-08 3.575840e-08
