1.115781e-07 -1.516225e-07
5.227670e-09 -3.094786e-07
-2.496579e-07 -3.545712e-07
-5.104476e-07 -1.491414e-07
-5.272174e-07 2.404623e-07
-2.291683e-07 5.202510e-07
1.491861e-07 4.856823e-07
3.434658e-07 2.415557e-07
3.328317e-07 1.754724e-08
2.574745e-07 -1.058952e-07
1.837945e-07 -1.928366e-07
6.803510e-08 -2.676631e-07
-9.867409e-08 -2.631763e-07
-2.285172e-07 -1.421527e-07
-2.395032e-07 2.522333e-08
-1.503775e-07 1.367720e-07
-4.191590e-08 1.604959e-07
3.484871e-08 1.321147e-07
7.963211e-08 8.730796e-08
1.008621e-07 3.452914e-08
9.400333e-08 -2.006247e-08
6.016120e-08 -5.822031e-08
1.787647e-08 -6.755574e-08
-1.341422e-08 -5.530468e-08
-2.951359e-08 -3.652636e-08
-3.590804e-08 -1.858572e-08
-3.590222e-08 -2.143921e-09
-3.019600e-08 1.137252e-08
-2.131059e-08 2.024369e-08
-1.157471e-08 2.567673e-08
8.483394e-11 2.855862e-08
1.403238e-08 2.563402e-08
2.489424e-08 1.416486e-08
2.609945e-08 -1.198332e-09
1.880055e-08 -1.170518e-08
1.096306e-08 -1.492127e-08
6.500526e-09 -1.676611e-08
2.956209e-10 -2.116234e-08
-1.263179e-08 -2.224927e-08
-2.650190e-08 -1.163214e-08
-2.888166e-08 8.306442e-09
-1.567996e-08 2.385068e-08
2.672793e-09 2.451944e-08
1.277929e-08 1.444575e-08
1.302541e-08 5.773145e-09
1.249313e-08 2.902449e-09
1.607261e-08 -1.359299e-09
1.652563e-08 -1.278431e-08
4.980663e-09 -2.418443e-08
-1.421689e-08 -2.237838e-08
-2.545548e-08 -5.471629e-09
-1.955134e-08 1.284113e-08
-4.286846e-09 1.857672e-08
6.006991e-09 1.257456e-08
7.444692e-09 6.067317e-09
7.631126e-09 4.314449e-09
1.134495e-08 1.497484e-09
1.264019e-08 -7.331550e-09
4.479877e-09 -1.611727e-08
-9.023427e-09 -1.477851e-08
-1.605525e-08 -3.118748e-09
