8.516404e-08 -5.650440e-07
-4.148564e-07 -7.129892e-07
-9.525568e-07 -3.908367e-07
-1.118246e-06 2.769999e-07
-7.596756e-07 9.082964e-07
-6.310698e-08 1.119281e-06
5.271650e-07 8.217004e-07
7.203776e-07 3.350815e-07
6.447259e-07 -9.642446e-09
5.475375e-07 -2.191649e-07
4.272315e-07 -4.507020e-07
1.318887e-07 -6.567754e-07
-2.968223e-07 -6.166024e-07
-5.847941e-07 -2.757735e-07
-5.474467e-07 1.290607e-07
-3.016930e-07 3.393902e-07
-8.393249e-08 3.472300e-07
3.868171e-08 3.106921e-07
1.641883e-07 2.854180e-07
3.206290e-07 1.756183e-07
3.807697e-07 -5.940186e-08
2.441175e-07 -2.838364e-07
-1.089296e-09 -3.333822e-07
-1.723362e-07 -2.106553e-07
-1.978547e-07 -5.836935e-08
-1.534978e-07 2.496539e-08
-1.202013e-07 6.464630e-08
-8.710723e-08 1.124848e-07
-1.322658e-08 1.496369e-07
7.984916e-08 1.239436e-07
1.257549e-07 3.968247e-08
9.944510e-08 -3.938049e-08
4.223799e-08 -6.616910e-08
4.006911e-09 -5.294228e-08
-7.246219e-09 -3.670222e-08
-1.230007e-08 -3.172903e-08
-2.328632e-08 -2.782714e-08
-3.478168e-08 -1.572546e-08
-3.868020e-08 2.715397e-09
-3.217322e-08 2.156942e-08
-1.563204e-08 3.457790e-08
5.854708e-09 3.495237e-08
2.100150e-08 2.195109e-08
2.219753e-08 6.347110e-09
1.631364e-08 3.959718e-11
1.659663e-08 1.332949e-10
2.289043e-08 -7.339409e-09
1.956653e-08 -2.542988e-08
-2.228839e-09 -3.738483e-08
-2.833208e-08 -2.658665e-08
-3.604705e-08 4.802943e-10
-2.146870e-08 2.036260e-08
-3.122998e-09 2.053096e-08
2.519631e-09 1.208247e-08
4.367620e-10 1.150299e-08
6.300612e-09 1.742121e-08
2.174808e-08 1.370499e-08
2.987401e-08 -6.213431e-09
1.711344e-08 -2.728245e-08
-7.806674e-09 -2.970221e-08
-2.312520e-08 -1.276753e-08
