-1.142761e-06 -4.944769e-08
-1.874298e-06 1.889105e-06
-1.435041e-06 2.738430e-06
-3.357400e-06 4.336394e-06
-1.855477e-06 1.104047e-05
9.190081e-06 1.398226e-05
2.011401e-05 3.642234e-06
1.748129e-05 -1.309349e-05
2.425382e-06 -2.089943e-05
-1.148497e-05 -1.450033e-05
-1.469751e-05 -2.483265e-06
-9.921211e-06 5.022391e-06
-4.850144e-06 6.576433e-06
-2.250144e-06 6.679150e-06
4.286633e-07 7.532760e-06
4.777978e-06 6.918738e-06
8.419469e-06 2.791449e-06
8.163426e-06 -3.143419e-06
3.931317e-06 -7.107354e-06
-1.318562e-06 -7.044000e-06
-4.574864e-06 -3.976608e-06
-4.944788e-06 -3.771109e-07
-3.441774e-06 1.978047e-06
-1.528323e-06 2.776000e-06
-2.392980e-08 2.602024e-06
1.007280e-06 2.034545e-06
1.719602e-06 1.223736e-06
2.016947e-06 1.386129e-07
1.645267e-06 -9.853963e-07
6.528938e-07 -1.629247e-06
-4.368950e-07 -1.464489e-06
-1.029110e-06 -7.207001e-07
-9.718070e-07 3.002395e-08
-5.866216e-07 4.069237e-07
-2.499565e-07 4.552045e-07
-6.342389e-08 4.100990e-07
7.816119e-08 3.798337e-07
2.402523e-07 3.065916e-07
3.608402e-07 1.351384e-07
3.558408e-07 -8.328547e-08
2.252894e-07 -2.448554e-07
4.592028e-08 -2.896827e-07
-9.976384e-08 -2.324012e-07
-1.737157e-07 -1.288642e-07
-1.855899e-07 -2.881817e-08
-1.634436e-07 5.040728e-08
-1.202027e-07 1.146993e-07
-4.890100e-08 1.610806e-07
4.732532e-08 1.639757e-07
1.317809e-07 1.038635e-07
1.574022e-07 3.410014e-09
1.139021e-07 -8.184547e-08
3.862196e-08 -1.126891e-07
-2.273250e-08 -9.561850e-08
-5.471168e-08 -6.124049e-08
-6.764596e-08 -2.747565e-08
-6.914730e-08 6.465032e-09
-5.453729e-08 3.989260e-08
-2.204132e-08 6.051305e-08
1.571505e-08 5.674341e-08
4.010621e-08 3.185259e-08
