5.650397e-06 -4.404723e-07
5.111672e-06 -5.979292e-06
-7.452191e-07 -9.300828e-06
-7.343545e-06 -6.179729e-06
-8.571508e-06 7.925386e-07
-4.304207e-06 5.109391e-06
7.522913e-08 4.297015e-06
8.884995e-07 1.877612e-06
3.056949e-10 1.655111e-06
8.893214e-07 2.795589e-06
3.343199e-06 2.032500e-06
4.136250e-06 -1.106538e-06
1.858824e-06 -3.628705e-06
-1.237073e-06 -3.204505e-06
-2.357477e-06 -9.200801e-07
-1.413295e-06 6.171161e-07
-3.651153e-07 5.315377e-07
-3.849773e-07 5.568843e-08
-7.865318e-07 3.514759e-07
-4.860447e-07 1.084896e-06
4.757081e-07 1.227933e-06
1.174203e-06 5.005629e-07
1.034085e-06 -4.148481e-07
3.749441e-07 -7.960395e-07
-1.418718e-07 -6.064942e-07
-2.590608e-07 -3.041594e-07
-2.212065e-07 -2.027481e-07
-3.088072e-07 -1.896471e-07
-4.665575e-07 -1.095487e-08
-4.269902e-07 3.299116e-07
-9.734700e-08 5.540508e-07
2.947011e-07 4.474262e-07
4.549879e-07 1.115647e-07
3.351055e-07 -1.700098e-07
1.281618e-07 -2.463648e-07
5.955293e-09 -2.003302e-07
-4.245366e-08 -1.660500e-07
-1.072896e-07 -1.513569e-07
-1.907688e-07 -8.102374e-08
-2.087170e-07 5.454577e-08
-1.195927e-07 1.685849e-07
1.598962e-08 1.827440e-07
1.063401e-07 1.083765e-07
1.165231e-07 1.634138e-08
7.629257e-08 -3.799030e-08
3.268097e-08 -4.708937e-08
1.176944e-08 -3.536451e-08
9.473775e-09 -3.034735e-08
3.334054e-09 -3.958476e-08
-2.091176e-08 -4.470440e-08
-4.847138e-08 -2.424351e-08
-4.998743e-08 1.423866e-08
-2.093188e-08 3.704128e-08
7.490383e-09 2.624231e-08
7.293983e-09 4.766577e-09
-8.944516e-09 5.683904e-09
-6.558798e-09 2.635354e-08
2.157523e-08 3.247550e-08
4.419892e-08 6.486125e-09
3.391026e-08 -2.787657e-08
2.548275e-09 -3.729623e-08
