-1.656688e-07 5.819252e-08
-1.081377e-07 2.326573e-07
1.111146e-07 2.985512e-07
3.142510e-07 1.443607e-07
3.130701e-07 -1.125506e-07
1.285712e-07 -2.532218e-07
-4.794809e-08 -2.074471e-07
-9.616180e-08 -1.019519e-07
-8.008746e-08 -6.046518e-08
-1.035673e-07 -5.443573e-08
-1.492754e-07 5.935228e-09
-1.247498e-07 1.123917e-07
-1.397766e-08 1.657660e-07
9.305532e-08 1.138460e-07
1.147588e-07 1.455474e-08
6.567910e-08 -4.406081e-08
1.693668e-08 -4.072964e-08
7.085221e-09 -1.913169e-08
1.655806e-08 -1.894051e-08
1.149357e-08 -3.615560e-08
-1.404005e-08 -4.323418e-08
-3.923848e-08 -2.598099e-08
-4.344575e-08 4.374857e-09
-2.573200e-08 2.559543e-08
-3.524780e-09 2.570250e-08
4.907462e-09 1.316312e-08
-1.214317e-09 7.318200e-09
-4.558453e-09 1.643065e-08
9.402368e-09 2.661416e-08
3.223847e-08 1.752693e-08
3.961051e-08 -1.112587e-08
2.012458e-08 -3.574424e-08
-9.553339e-09 -3.518079e-08
-2.387843e-08 -1.512471e-08
-1.809863e-08 8.330157e-10
-1.025669e-08 1.505920e-09
-1.410215e-08 -3.090646e-10
-2.018240e-08 1.068507e-08
-1.039730e-08 2.817692e-08
1.460960e-08 3.080557e-08
3.295912e-08 1.049692e-08
2.759377e-08 -1.560090e-08
6.444296e-09 -2.523864e-08
-8.913467e-09 -1.638624e-08
-9.646494e-09 -5.556327e-09
-6.447123e-09 -3.981924e-09
-1.040632e-08 -4.737371e-09
-1.628727e-08 3.472987e-09
-1.096467e-08 1.722098e-08
6.123824e-09 2.122156e-08
1.973658e-08 8.827066e-09
1.732278e-08 -8.432774e-09
3.939777e-09 -1.496669e-08
-5.709924e-09 -9.226424e-09
-5.768701e-09 -2.288684e-09
-3.322016e-09 -1.369575e-09
-5.201809e-09 -1.974438e-09
-8.006511e-09 2.403237e-09
-4.585959e-09 9.177888e-09
4.260999e-09 1.011605e-08
1.007993e-08 3.093437e-09
