-3.524414e-07 -1.876314e-07
-5.866890e-07 1.658447e-07
-4.121144e-07 6.413184e-07
9.007267e-08 8.170458e-07
5.353783e-07 5.865837e-07
6.797006e-07 2.008190e-07
6.282212e-07 -6.762866e-08
6.166981e-07 -2.552395e-07
5.999435e-07 -6.000009e-07
2.421204e-07 -1.068906e-06
-5.672240e-07 -1.196420e-06
-1.348728e-06 -5.922584e-07
-1.431481e-06 4.673798e-07
-7.249069e-07 1.208500e-06
1.404883e-07 1.193139e-06
5.645333e-07 7.669887e-07
6.563469e-07 4.973965e-07
9.015338e-07 3.584505e-07
1.275995e-06 -1.624938e-07
1.120271e-06 -1.137522e-06
6.854914e-08 -1.799869e-06
-1.235397e-06 -1.379751e-06
-1.732607e-06 -1.240439e-07
-1.159233e-06 9.155523e-07
-2.750733e-07 1.095332e-06
1.658478e-07 7.907372e-07
2.727563e-07 6.598869e-07
5.894559e-07 6.788104e-07
1.108976e-06 2.991454e-07
1.188249e-06 -5.835111e-07
4.640343e-07 -1.295912e-06
-5.552517e-07 -1.177039e-06
-1.048411e-06 -3.914926e-07
-8.104901e-07 3.126411e-07
-3.418335e-07 5.020511e-07
-1.071124e-07 4.106887e-07
-3.157571e-08 4.161038e-07
1.843044e-07 4.853829e-07
5.174728e-07 3.209107e-07
6.306957e-07 -1.194707e-07
3.506654e-07 -5.030023e-07
-8.932494e-08 -5.264184e-07
-3.365971e-07 -2.565305e-07
-3.035385e-07 9.331793e-09
-1.718253e-07 1.056364e-07
-1.028144e-07 1.086685e-07
-7.351540e-08 1.379412e-07
5.751261e-09 1.800226e-07
1.241061e-07 1.461324e-07
1.833557e-07 2.473455e-08
1.330575e-07 -9.398087e-08
2.858026e-08 -1.280875e-07
-4.372995e-08 -8.603595e-08
-5.650374e-08 -3.222916e-08
-4.299225e-08 -6.473765e-09
-3.714831e-08 1.612194e-09
-3.776573e-08 1.568672e-08
-2.631444e-08 3.634823e-08
8.227061e-10 4.538876e-08
2.703020e-08 3.244436e-08
3.553325e-08 7.385868e-09
