-1.343894e-07 1.444322e-07
-1.027443e-08 5.055693e-07
5.872434e-07 6.242429e-07
1.102610e-06 1.367459e-08
8.197688e-07 -8.662855e-07
-9.607457e-08 -1.140796e-06
-7.978158e-07 -5.866601e-07
-7.426084e-07 1.684259e-07
-2.358382e-07 4.319414e-07
5.847348e-08 2.087146e-07
-5.122272e-08 3.363610e-08
-1.673561e-07 1.939290e-07
4.832272e-08 3.981568e-07
4.002500e-07 2.592808e-07
4.619244e-07 -1.480994e-07
1.599611e-07 -4.053329e-07
-1.653155e-07 -3.027435e-07
-2.260758e-07 -5.074712e-08
-9.943024e-08 5.915955e-08
-2.901808e-08 8.777553e-09
-8.126626e-08 -1.821003e-08
-1.192485e-07 6.483079e-08
-4.145502e-08 1.552863e-07
8.583037e-08 1.360440e-07
1.397479e-07 2.745038e-08
9.346547e-08 -6.338939e-08
1.808326e-08 -7.750291e-08
-1.987429e-08 -4.397382e-08
-1.732210e-08 -1.649826e-08
-7.457895e-09 -1.385479e-08
-1.221116e-08 -2.034604e-08
-2.760562e-08 -1.590105e-08
-3.646715e-08 4.196092e-09
-2.612961e-08 2.751755e-08
-7.131549e-10 3.544684e-08
2.013483e-08 2.129789e-08
2.004026e-08 -1.496129e-10
5.159941e-09 -7.078837e-09
-1.941306e-09 3.460803e-09
9.412630e-09 1.131518e-08
2.333162e-08 -4.918572e-10
1.778261e-08 -2.217336e-08
-5.637070e-09 -2.882226e-08
-2.283753e-08 -1.280599e-08
-1.829177e-08 6.631216e-09
-4.033904e-09 9.428743e-09
-1.234772e-09 5.596991e-10
-1.049562e-08 5.718953e-10
-1.205198e-08 1.482350e-08
4.859748e-09 2.467496e-08
2.474895e-08 1.306407e-08
2.512530e-08 -1.097666e-08
6.044068e-09 -2.291353e-08
-1.043727e-08 -1.398690e-08
-9.576561e-09 -5.237030e-10
-1.378592e-09 3.464833e-10
-3.143785e-09 -6.305732e-09
-1.336091e-08 -3.236467e-09
-1.432171e-08 1.171466e-08
1.128790e-09 2.090674e-08
1.769107e-08 1.130933e-08
