-2.368490e-06 -3.317604e-06
-5.133383e-06 -1.997213e-06
-6.839698e-06 1.248415e-06
-6.073380e-06 5.688644e-06
-1.985575e-06 9.128259e-06
3.868819e-06 9.016025e-06
8.298825e-06 5.169189e-06
9.545762e-06 -2.038761e-07
7.937706e-06 -5.199145e-06
3.914018e-06 -8.888363e-06
-2.063491e-06 -9.766383e-06
-7.646671e-06 -6.349302e-06
-9.339656e-06 3.046531e-08
-6.254546e-06 5.228742e-06
-1.488269e-06 6.397019e-06
1.475320e-06 4.788758e-06
2.508767e-06 3.283975e-06
3.609292e-06 2.353005e-06
4.986996e-06 2.737499e-07
4.511242e-06 -3.182750e-06
1.180654e-06 -5.467117e-06
-2.756080e-06 -4.371055e-06
-4.221129e-06 -9.890311e-07
-2.834220e-06 1.616206e-06
-8.404087e-07 1.988492e-06
-2.115710e-08 1.310384e-06
4.157722e-08 1.124733e-06
5.398282e-07 1.326818e-06
1.455138e-06 8.791847e-07
1.733056e-06 -3.589946e-07
9.056132e-07 -1.374091e-06
-2.805550e-07 -1.351441e-06
-8.572050e-07 -5.892243e-07
-6.887395e-07 6.371412e-08
-3.326198e-07 2.239982e-07
-2.079352e-07 1.603991e-07
-2.231576e-07 2.146935e-07
-1.128590e-07 3.703611e-07
1.519571e-07 3.967749e-07
3.675900e-07 2.001562e-07
3.699943e-07 -7.989795e-08
1.961744e-07 -2.496784e-07
5.305272e-09 -2.478177e-07
-9.119599e-08 -1.577036e-07
-1.064557e-07 -8.522658e-08
-1.148942e-07 -5.201350e-08
-1.435042e-07 -6.116144e-09
-1.434191e-07 8.244789e-08
-6.628439e-08 1.649539e-07
5.736034e-08 1.665939e-07
1.403922e-07 7.896318e-08
1.330000e-07 -2.689701e-08
6.873121e-08 -7.972762e-08
1.270220e-08 -7.561020e-08
-1.139355e-08 -5.730703e-08
-2.621614e-08 -4.919055e-08
-4.976532e-08 -3.638949e-08
-6.652274e-08 -1.891258e-09
-5.273804e-08 4.040707e-08
-1.216172e-08 5.971099e-08
2.557418e-08 4.435667e-08
