7.196530e-06 -1.388828e-06
5.767934e-06 -9.363048e-06
-3.404599e-06 -1.240276e-05
-1.090555e-05 -5.831472e-06
-9.663321e-06 3.087030e-06
-3.336218e-06 6.237009e-06
6.376381e-07 3.826423e-06
2.338129e-07 1.597566e-06
-5.525010e-07 2.517101e-06
1.518349e-06 3.821126e-06
4.548116e-06 2.007321e-06
4.680017e-06 -2.027362e-06
1.464422e-06 -4.382606e-06
-1.839361e-06 -3.234965e-06
-2.538539e-06 -5.957679e-07
-1.266739e-06 7.486813e-07
-3.026564e-07 4.105984e-07
-5.344579e-07 -2.494835e-08
-9.441972e-07 4.735902e-07
-4.658217e-07 1.285769e-06
6.339688e-07 1.317841e-06
1.310467e-06 4.414952e-07
1.060701e-06 -5.206009e-07
3.314632e-07 -8.498502e-07
-1.743738e-07 -6.027645e-07
-2.540209e-07 -2.986001e-07
-2.158572e-07 -2.279497e-07
-3.395612e-07 -2.191337e-07
-5.176739e-07 -2.019329e-09
-4.517266e-07 3.775983e-07
-7.680937e-08 5.986016e-07
3.330668e-07 4.567804e-07
4.767210e-07 9.551101e-08
3.371090e-07 -1.836974e-07
1.291212e-07 -2.498378e-07
1.315614e-08 -2.066144e-07
-4.065742e-08 -1.818659e-07
-1.199095e-07 -1.655354e-07
-2.097192e-07 -8.083004e-08
-2.195819e-07 6.701743e-08
-1.183432e-07 1.811982e-07
2.222032e-08 1.882386e-07
1.106479e-07 1.091354e-07
1.188654e-07 1.709503e-08
7.971189e-08 -3.690745e-08
3.730858e-08 -4.843361e-08
1.447781e-08 -3.986512e-08
8.172899e-09 -3.505468e-08
-1.874236e-10 -4.120360e-08
-2.301645e-08 -4.338884e-08
-4.792536e-08 -2.316192e-08
-4.915024e-08 1.297174e-08
-2.245714e-08 3.491751e-08
4.109311e-09 2.622597e-08
4.924841e-09 7.485992e-09
-8.692983e-09 8.963792e-09
-4.782040e-09 2.821326e-08
2.324062e-08 3.312461e-08
4.571907e-08 6.952963e-09
3.607599e-08 -2.781350e-08
5.009094e-09 -3.875898e-08
