-1.598706e-09 -6.186489e-09
-1.062447e-08 -1.161346e-08
-2.727706e-08 -7.081759e-09
-3.665722e-08 1.530621e-08
-2.134252e-08 4.223170e-08
1.389453e-08 4.767509e-08
4.075920e-08 2.233676e-08
3.635685e-08 -1.180240e-08
1.031355e-08 -2.386381e-08
-5.837588e-09 -9.863243e-09
2.843458e-09 3.458965e-09
1.676131e-08 -6.240986e-09
8.567320e-09 -2.740178e-08
-1.960420e-08 -2.953750e-08
-3.733257e-08 -3.608573e-09
-2.434711e-08 2.501112e-08
3.878710e-09 2.798395e-08
1.646375e-08 8.726739e-09
6.115512e-09 -4.548070e-09
-4.400460e-09 2.937549e-09
4.487353e-09 1.434695e-08
2.191477e-08 6.511285e-09
2.191885e-08 -1.676089e-08
-4.461220e-10 -2.884662e-08
-2.173601e-08 -1.558100e-08
-2.071440e-08 6.769605e-09
-4.466184e-09 1.412843e-08
4.312361e-09 5.275750e-09
-1.243307e-09 -7.552689e-10
-5.848386e-09 6.159461e-09
3.037535e-09 1.376408e-08
1.630854e-08 6.843580e-09
1.624277e-08 -1.003597e-08
1.284151e-09 -1.836072e-08
-1.221015e-08 -1.022894e-08
-1.178152e-08 2.854244e-09
-3.075377e-09 6.881654e-09
9.993985e-10 2.589705e-09
-1.823545e-09 6.426334e-10
-2.845291e-09 4.837196e-09
2.915271e-09 7.773668e-09
9.342192e-09 2.917433e-09
8.261733e-09 -5.732629e-09
5.742475e-10 -9.224499e-09
-5.579163e-09 -5.149124e-09
-5.386483e-09 6.130016e-10
-1.937971e-09 2.395906e-09
-4.250834e-10 9.912923e-10
-1.407299e-09 5.719099e-10
-1.584103e-09 2.347808e-09
7.407251e-10 3.591981e-09
3.421647e-09 1.997484e-09
3.578868e-09 -1.206936e-09
1.206363e-09 -2.987600e-09
-1.134635e-09 -2.145769e-09
-1.494120e-09 -3.011286e-10
-4.663019e-10 4.276873e-10
8.010095e-11 -1.534345e-10
-5.233569e-10 -5.655702e-10
-1.156013e-09 1.377650e-10
-6.580660e-10 1.166362e-09
