-5.241749e-08 -2.132998e-08
-8.127097e-08 3.696875e-08
-4.118610e-08 1.078849e-07
4.846962e-08 1.198862e-07
1.164113e-07 5.783688e-08
1.155032e-07 -2.756689e-08
6.411411e-08 -7.497272e-08
1.756816e-08 -7.480267e-08
-1.574017e-09 -6.747257e-08
-2.439425e-08 -7.658091e-08
-7.657315e-08 -7.007129e-08
-1.238283e-07 -9.068668e-09
-1.063818e-07 8.247029e-08
-2.071008e-08 1.308936e-07
6.573304e-08 9.828292e-08
9.086570e-08 2.622347e-08
6.430734e-08 -1.930038e-08
4.001299e-08 -2.495923e-08
4.053126e-08 -2.979434e-08
3.536174e-08 -5.906055e-08
-6.709412e-09 -8.638496e-08
-6.809701e-08 -6.965636e-08
-9.891389e-08 -7.658656e-09
-7.412354e-08 5.448674e-08
-2.053161e-08 7.430510e-08
1.579777e-08 5.559912e-08
2.157071e-08 3.703864e-08
2.645334e-08 4.029738e-08
5.809839e-08 4.053261e-08
9.618423e-08 -7.172833e-10
8.794804e-08 -7.652858e-08
1.440074e-08 -1.270840e-07
-7.549675e-08 -1.033606e-07
-1.139421e-07 -2.605618e-08
-8.934002e-08 3.908984e-08
-4.945752e-08 6.013024e-08
-2.947907e-08 6.640771e-08
-6.715042e-09 8.891052e-08
5.317589e-08 1.019536e-07
1.262600e-07 5.481443e-08
1.428272e-07 -4.786064e-08
7.274593e-08 -1.327109e-07
-3.173291e-08 -1.364878e-07
-9.468644e-08 -7.400591e-08
-9.747139e-08 -8.514879e-09
-7.814081e-08 2.777306e-08
-6.339257e-08 5.457879e-08
-3.527273e-08 8.930715e-08
2.596962e-08 1.063392e-07
9.383926e-08 7.003346e-08
1.159771e-07 -9.103655e-09
7.525215e-08 -7.677441e-08
8.395034e-09 -9.255235e-08
-3.844584e-08 -6.611691e-08
-5.449484e-08 -3.176807e-08
-5.670563e-08 -5.015229e-09
-5.356118e-08 2.156425e-08
-3.537498e-08 4.957994e-08
1.700682e-09 6.227589e-08
3.943255e-08 4.544105e-08
5.386390e-08 8.721375e-09
