-1.295318e-07 -1.283562e-07
-3.027527e-07 -1.048910e-08
-3.113082e-07 2.732751e-07
-3.834442e-08 4.808032e-07
3.182150e-07 3.757441e-07
4.462082e-07 3.952603e-08
2.866359e-07 -2.237343e-07
6.206335e-08 -2.535346e-07
-3.624623e-08 -1.669267e-07
-4.733277e-08 -1.297091e-07
-9.860585e-08 -1.347497e-07
-1.894986e-07 -7.188418e-08
-2.060275e-07 7.290254e-08
-9.817331e-08 1.864564e-07
4.854335e-08 1.770244e-07
1.215845e-07 7.811490e-08
1.012263e-07 -1.065847e-08
5.071803e-08 -3.808403e-08
2.529375e-08 -2.951484e-08
2.362650e-08 -2.801893e-08
1.606641e-08 -4.190295e-08
-9.522141e-09 -4.966419e-08
-3.750889e-08 -3.453953e-08
-4.639910e-08 -3.537716e-09
-3.153776e-08 2.158701e-08
-8.344981e-09 2.586209e-08
3.411356e-09 1.442159e-08
-9.117840e-10 5.980635e-09
-6.895883e-09 1.210191e-08
1.553679e-09 2.374070e-08
2.177221e-08 2.176981e-08
3.385902e-08 9.260976e-10
2.419830e-08 -2.205289e-08
2.272499e-09 -2.763721e-08
-1.116881e-08 -1.643056e-08
-9.623810e-09 -6.218462e-09
-6.545454e-09 -7.314786e-09
-1.411784e-08 -9.547089e-09
-2.456409e-08 1.574893e-09
-2.004436e-08 2.201542e-08
2.098262e-09 3.162292e-08
2.332371e-08 1.927129e-08
2.570169e-08 -2.865804e-09
1.260252e-08 -1.469924e-08
1.525423e-09 -1.213388e-08
3.822533e-10 -8.040777e-09
-1.577386e-10 -1.120326e-08
-9.443275e-09 -1.374404e-08
-2.059991e-08 -4.088536e-09
-1.867910e-08 1.390169e-08
-1.661569e-09 2.327292e-08
1.517745e-08 1.495591e-08
1.757930e-08 -1.250920e-09
8.324895e-09 -9.845243e-09
5.181229e-10 -8.008849e-09
-4.318966e-10 -5.050702e-09
-1.006284e-09 -6.592309e-09
-6.622038e-09 -7.207432e-09
-1.216180e-08 -5.630248e-10
-9.327623e-09 9.476281e-09
1.016961e-09 1.304887e-08
