8.014108e-08 -3.656210e-07
-3.165568e-07 -4.777833e-07
-7.061449e-07 -1.524636e-07
-6.749903e-07 4.041574e-07
-2.219695e-07 7.231565e-07
2.435816e-07 5.880073e-07
3.685663e-07 2.672255e-07
2.785726e-07 1.550882e-07
3.698013e-07 2.229813e-07
6.919563e-07 4.894293e-08
7.773408e-07 -5.481054e-07
2.296061e-07 -1.116727e-06
-6.637853e-07 -1.029017e-06
-1.156290e-06 -2.661220e-07
-8.968573e-07 5.034016e-07
-3.199053e-07 7.139922e-07
-3.348649e-08 5.455161e-07
-1.821784e-08 5.513312e-07
2.531708e-07 7.835026e-07
9.255252e-07 6.624416e-07
1.370969e-06 -1.688014e-07
9.286722e-07 -1.180787e-06
-1.814828e-07 -1.470128e-06
-1.033668e-06 -8.281710e-07
-1.062921e-06 4.623966e-08
-6.210941e-07 4.480555e-07
-3.475237e-07 4.463217e-07
-2.982873e-07 5.491945e-07
-2.261081e-08 8.375567e-07
6.200034e-07 8.252164e-07
1.120823e-06 1.997815e-07
9.389548e-07 -6.429257e-07
2.015370e-07 -1.018056e-06
-4.510258e-07 -7.356730e-07
-6.130195e-07 -2.243063e-07
-4.592214e-07 7.114427e-08
-3.440728e-07 1.570115e-07
-3.084787e-07 2.827181e-07
-1.397239e-07 4.784645e-07
2.134298e-07 5.078668e-07
5.037662e-07 2.331977e-07
4.863044e-07 -1.624136e-07
2.104601e-07 -3.814457e-07
-6.676786e-08 -3.346088e-07
-1.798280e-07 -1.729779e-07
-1.739143e-07 -5.719106e-08
-1.590149e-07 1.707440e-09
-1.508344e-07 6.973148e-08
-9.376362e-08 1.501789e-07
2.018881e-08 1.759967e-07
1.205401e-07 1.112935e-07
1.406754e-07 4.242735e-09
8.853859e-08 -6.877344e-08
2.317917e-08 -8.024393e-08
-1.402737e-08 -5.850846e-08
-2.666601e-08 -3.798390e-08
-3.493550e-08 -2.444266e-08
-4.298725e-08 -6.374356e-09
-3.974652e-08 1.813798e-08
-2.018817e-08 3.615062e-08
5.075781e-09 3.631200e-08
