-1.507878e-08 6.162127e-08
7.073553e-08 1.043965e-07
1.666360e-07 6.784371e-08
2.446241e-07 -8.517356e-09
2.916687e-07 -1.771295e-07
1.636486e-07 -4.021661e-07
-1.483798e-07 -4.707382e-07
-4.314056e-07 -2.760310e-07
-4.927053e-07 5.137053e-08
-3.377132e-07 3.037652e-07
-1.103822e-07 3.874526e-07
6.852501e-08 3.531365e-07
1.901860e-07 2.905431e-07
3.126632e-07 2.141262e-07
4.408956e-07 5.549512e-08
4.705177e-07 -2.204510e-07
2.869007e-07 -5.079379e-07
-7.878571e-08 -6.174498e-07
-4.381205e-07 -4.570426e-07
-6.098312e-07 -1.197886e-07
-5.587736e-07 2.239624e-07
-3.566836e-07 4.717117e-07
-6.831232e-08 5.948996e-07
2.614478e-07 5.619669e-07
5.433556e-07 3.416425e-07
6.545633e-07 -1.783276e-08
5.365513e-07 -3.793958e-07
2.407560e-07 -6.093881e-07
-1.289220e-07 -6.448814e-07
-4.692005e-07 -4.745828e-07
-6.663067e-07 -1.257721e-07
-6.126259e-07 2.901015e-07
-3.062611e-07 5.805257e-07
9.317893e-08 6.033997e-07
3.781308e-07 3.957231e-07
4.683314e-07 1.211526e-07
4.291658e-07 -1.065144e-07
3.257603e-07 -2.899332e-07
1.376023e-07 -4.348838e-07
-1.437231e-07 -4.567065e-07
-4.001128e-07 -2.725607e-07
-4.602531e-07 4.607329e-08
-2.882576e-07 2.973597e-07
-3.300803e-08 3.450936e-07
1.339986e-07 2.391528e-07
1.814978e-07 1.168267e-07
1.870816e-07 3.505217e-08
1.902701e-07 -4.818019e-08
1.453849e-07 -1.538966e-07
2.003757e-08 -2.177857e-07
-1.232174e-07 -1.706619e-07
-1.833799e-07 -3.917700e-08
-1.341812e-07 7.573179e-08
-4.317108e-08 1.081551e-07
1.535362e-08 8.067082e-08
3.214363e-08 5.029515e-08
4.114671e-08 3.572857e-08
5.685716e-08 1.584858e-08
5.923675e-08 -2.067702e-08
3.187572e-08 -5.267295e-08
-9.791729e-09 -5.454137e-08
