1.687007e-08 -3.341515e-09
1.916731e-08 -2.150214e-08
3.172792e-09 -4.059144e-08
-2.790612e-08 -4.098995e-08
-5.099463e-08 -1.402802e-08
-4.468876e-08 2.193679e-08
-1.538484e-08 3.790053e-08
8.581626e-09 2.649111e-08
9.574640e-09 8.942314e-09
-4.937313e-10 7.826365e-09
2.107442e-09 1.975046e-08
2.159984e-08 2.149936e-08
3.695600e-08 9.364901e-10
2.821557e-08 -2.645563e-08
1.387231e-09 -3.566854e-08
-1.888085e-08 -2.165291e-08
-1.880055e-08 -3.466163e-09
-9.719866e-09 9.857089e-10
-1.002691e-08 -3.437756e-09
-1.934005e-08 1.288503e-09
-1.931862e-08 1.910149e-08
5.466198e-11 3.195470e-08
2.426776e-08 2.256620e-08
3.065944e-08 -2.341888e-09
1.602535e-08 -1.961063e-08
-1.116609e-09 -1.784112e-08
-5.538203e-09 -8.543229e-09
-2.886481e-09 -6.879020e-09
-7.103741e-09 -1.041480e-08
-1.763564e-08 -5.207890e-09
-1.936491e-08 1.119530e-08
-4.620946e-09 2.354580e-08
1.448074e-08 1.820523e-08
2.046974e-08 7.769472e-10
1.134553e-08 -1.157629e-08
2.452462e-10 -1.118436e-08
-3.037739e-09 -5.879114e-09
-2.319485e-09 -4.753632e-09
-5.321720e-09 -5.789038e-09
-1.063027e-08 -1.566632e-09
-9.996364e-09 7.680907e-09
-1.004004e-09 1.312996e-08
8.687516e-09 8.959999e-09
1.076903e-08 -3.490636e-10
5.692130e-09 -6.189205e-09
2.397801e-10 -5.835773e-09
-1.549809e-09 -3.372028e-09
-1.612709e-09 -2.537746e-09
-2.862555e-09 -2.367457e-09
-4.527744e-09 -3.366212e-10
-3.860330e-09 3.045517e-09
-5.392426e-10 4.735743e-09
2.664317e-09 3.212622e-09
3.276889e-09 2.420993e-10
1.716849e-09 -1.475970e-09
1.928925e-10 -1.246775e-09
-4.671146e-11 -4.660299e-10
3.163330e-10 -4.486253e-10
1.012320e-10 -9.621085e-10
-7.358063e-10 -9.435393e-10
-1.214262e-09 -9.137760e-11
