-3.993594e-07 1.926835e-07
-2.038578e-07 6.077990e-07
3.605201e-07 7.063861e-07
8.223455e-07 2.586218e-07
7.344946e-07 -3.898676e-07
2.096174e-07 -6.787318e-07
-2.273389e-07 -4.746621e-07
-2.790620e-07 -1.567948e-07
-1.581643e-07 -7.394943e-08
-1.950064e-07 -1.327338e-07
-3.640976e-07 -2.657099e-08
-3.602507e-07 2.794747e-07
-5.920570e-08 4.859361e-07
2.941474e-07 3.623589e-07
3.960710e-07 3.880354e-08
2.392047e-07 -1.811755e-07
5.857582e-08 -1.865237e-07
5.090613e-09 -1.203360e-07
4.684766e-09 -1.240400e-07
-6.395761e-08 -1.559556e-07
-1.750394e-07 -9.888909e-08
-2.037291e-07 4.776651e-08
-1.059224e-07 1.632058e-07
2.928500e-08 1.605926e-07
9.662164e-08 7.674608e-08
8.330830e-08 3.126171e-09
4.732570e-08 -2.014525e-08
3.141189e-08 -1.842407e-08
2.959138e-08 -2.413614e-08
1.964411e-08 -3.870301e-08
-3.334361e-09 -4.557638e-08
-2.743711e-08 -3.534211e-08
-3.938791e-08 -1.227734e-08
-3.367701e-08 1.126577e-08
-1.595073e-08 2.231218e-08
-1.043181e-09 1.729004e-08
-1.413331e-10 7.913369e-09
-6.768247e-09 9.862805e-09
-2.864007e-09 2.224115e-08
1.696345e-08 2.588010e-08
3.474821e-08 7.829983e-09
3.015290e-08 -1.914299e-08
6.990702e-09 -3.054535e-08
-1.134483e-08 -2.044733e-08
-1.197313e-08 -6.951267e-09
-6.829332e-09 -5.817282e-09
-1.227297e-08 -9.563431e-09
-2.385766e-08 -8.092304e-10
-2.206559e-08 2.003822e-08
-5.875028e-10 3.232157e-08
2.263991e-08 2.155466e-08
2.694513e-08 -1.609695e-09
1.358818e-08 -1.517680e-08
1.101930e-09 -1.270874e-08
-2.978901e-10 -7.334272e-09
4.540585e-10 -9.933709e-09
-7.746674e-09 -1.358143e-08
-1.941100e-08 -5.445022e-09
-1.896957e-08 1.221400e-08
-2.896184e-09 2.247147e-08
1.403591e-08 1.512157e-08
