-6.475779e-08 -1.312888e-08
-7.744190e-08 5.181861e-08
-2.217374e-08 1.081053e-07
6.033662e-08 9.615575e-08
9.967932e-08 2.686456e-08
7.435900e-08 -3.718253e-08
2.400504e-08 -5.295822e-08
-3.970516e-09 -3.323687e-08
-2.291813e-09 -1.673142e-08
3.325079e-09 -2.064484e-08
-7.419927e-09 -3.039855e-08
-2.865541e-08 -2.492143e-08
-3.975158e-08 -1.544581e-09
-2.916147e-08 2.262724e-08
-6.306835e-09 2.928205e-08
8.507780e-09 1.793738e-08
6.038631e-09 6.086562e-09
-1.561583e-09 8.809509e-09
4.323561e-09 1.992706e-08
2.425486e-08 1.857760e-08
3.719731e-08 -4.207610e-09
2.496132e-08 -3.143870e-08
-4.570035e-09 -3.814618e-08
-2.544372e-08 -2.042921e-08
-2.376769e-08 1.007198e-09
-1.187002e-08 7.291360e-09
-8.965258e-09 3.337432e-09
-1.483453e-08 7.131050e-09
-1.177200e-08 2.197631e-08
8.518949e-09 2.995993e-08
3.024521e-08 1.574565e-08
3.154821e-08 -1.148513e-08
1.148922e-08 -2.758632e-08
-9.421066e-09 -2.179936e-08
-1.472580e-08 -6.917787e-09
-9.351981e-09 6.943387e-11
-7.803471e-09 -9.191460e-10
-1.222087e-08 2.334137e-09
-1.089102e-08 1.334157e-08
2.604266e-09 2.018007e-08
1.781906e-08 1.188143e-08
1.968001e-08 -5.680760e-09
7.319168e-09 -1.628457e-08
-5.748862e-09 -1.277146e-08
-8.905382e-09 -3.462464e-09
-5.330307e-09 9.291709e-10
-3.863424e-09 3.704750e-10
-5.712190e-09 1.879846e-09
-4.530230e-09 7.106134e-09
2.428261e-09 9.644631e-09
9.241641e-09 4.690001e-09
8.992489e-09 -3.755580e-09
2.577942e-09 -7.885491e-09
-3.123604e-09 -5.480558e-09
-3.953283e-09 -1.169284e-09
-2.102150e-09 5.193104e-10
-1.414308e-09 7.970812e-11
-2.168058e-09 4.856781e-10
-1.901723e-09 2.316758e-09
3.373026e-10 3.320059e-09
2.602333e-09 1.931000e-09
