-6.486052e-06 -9.325535e-06
-1.486050e-05 -2.919570e-06
-1.357396e-05 7.435736e-06
-6.354889e-06 1.157365e-05
-1.223965e-06 1.087599e-05
2.010752e-06 1.045078e-05
6.757256e-06 9.885839e-06
1.244441e-05 5.571688e-06
1.445518e-05 -3.230294e-06
9.260665e-06 -1.199112e-05
-9.486951e-07 -1.450759e-05
-9.352312e-06 -9.069238e-06
-1.080197e-05 -4.382630e-07
-6.514914e-06 4.984792e-06
-1.795684e-06 5.348234e-06
1.397238e-07 3.776209e-06
6.407607e-07 3.332858e-06
2.169251e-06 3.436004e-06
4.345874e-06 1.816444e-06
4.664499e-06 -1.556478e-06
2.180603e-06 -4.101575e-06
-1.109602e-06 -3.836284e-06
-2.680033e-06 -1.586551e-06
-2.143110e-06 3.594278e-07
-1.007535e-06 8.836306e-07
-5.097497e-07 6.736667e-07
-4.761849e-07 7.310512e-07
-1.507287e-07 1.083624e-06
5.931690e-07 1.084859e-06
1.169727e-06 4.464482e-07
1.085665e-06 -4.059246e-07
4.769147e-07 -8.699862e-07
-1.350460e-07 -7.770440e-07
-4.061660e-07 -4.237438e-07
-4.022905e-07 -1.537069e-07
-3.653079e-07 -2.890705e-08
-3.788001e-07 1.025551e-07
-3.158320e-07 3.160859e-07
-7.014955e-08 4.783183e-07
2.537680e-07 4.138733e-07
4.310202e-07 1.362282e-07
3.598915e-07 -1.519920e-07
1.521208e-07 -2.748511e-07
-1.799303e-08 -2.380906e-07
-9.144294e-08 -1.587133e-07
-1.234637e-07 -1.030747e-07
-1.577189e-07 -4.491799e-08
-1.655975e-07 4.536653e-08
-1.071883e-07 1.336598e-07
-1.775478e-09 1.600878e-07
8.620050e-08 1.103666e-07
1.113356e-07 2.748759e-08
8.043096e-08 -3.390676e-08
3.342645e-08 -5.031956e-08
5.736463e-09 -3.636493e-08
3.761569e-09 -2.329255e-08
6.353848e-09 -2.863844e-08
-8.847274e-09 -4.010984e-08
-3.711350e-08 -3.190636e-08
-5.019667e-08 5.461470e-10
-3.217585e-08 3.065259e-08
