-1.847918e-07 5.342868e-08
-1.697043e-07 3.311838e-07
5.835941e-08 4.481418e-07
1.673483e-07 4.479464e-07
3.676438e-07 5.996046e-07
9.404142e-07 5.327947e-07
1.446956e-06 -2.076979e-07
1.161880e-06 -1.331946e-06
-1.246139e-08 -1.955632e-06
-1.324089e-06 -1.510183e-06
-1.906984e-06 -3.246181e-07
-1.590807e-06 7.839713e-07
-8.605264e-07 1.348784e-06
-1.574949e-07 1.501162e-06
5.174746e-07 1.476141e-06
1.284001e-06 1.170841e-06
1.921222e-06 3.401335e-07
1.936078e-06 -9.080243e-07
1.067941e-06 -1.996309e-06
-3.729131e-07 -2.284636e-06
-1.670216e-06 -1.567455e-06
-2.184801e-06 -2.269688e-07
-1.760195e-06 1.038106e-06
-7.675355e-07 1.684047e-06
2.320317e-07 1.635465e-06
9.149450e-07 1.183262e-06
1.300071e-06 5.933673e-07
1.455498e-06 -1.089819e-07
1.239085e-06 -9.186323e-07
4.851191e-07 -1.539273e-06
-5.860000e-07 -1.515382e-06
-1.359615e-06 -7.467922e-07
-1.365971e-06 2.778960e-07
-7.471527e-07 9.062699e-07
-6.393463e-08 9.307047e-07
3.104629e-07 6.567467e-07
4.576145e-07 4.168891e-07
5.901178e-07 2.060446e-07
6.666760e-07 -1.344343e-07
4.753347e-07 -5.377893e-07
9.077776e-09 -7.082298e-07
-4.299935e-07 -4.850004e-07
-5.449798e-07 -5.853554e-08
-3.513298e-07 2.414405e-07
-1.009879e-07 2.876139e-07
2.703456e-08 2.080136e-07
6.608858e-08 1.546722e-07
1.190666e-07 1.293466e-07
1.861038e-07 5.375810e-08
1.842348e-07 -7.498794e-08
8.374239e-08 -1.672067e-07
-4.288650e-08 -1.554353e-07
-1.063775e-07 -7.015542e-08
-9.147108e-08 7.733858e-09
-4.882552e-08 3.562167e-08
-2.399984e-08 3.221899e-08
-1.754389e-08 3.195309e-08
-6.221022e-09 4.168040e-08
1.876166e-08 4.345796e-08
4.236102e-08 2.426796e-08
4.590347e-08 -7.071231e-09
