-1.507709e-07 -7.573414e-07
-7.784604e-07 -6.958285e-07
-1.174195e-06 -2.009732e-07
-1.190790e-06 4.368169e-07
-8.062514e-07 1.023728e-06
-8.555128e-08 1.260103e-06
5.897302e-07 9.726552e-07
8.676011e-07 4.169984e-07
8.008534e-07 -4.157551e-08
6.324586e-07 -3.311443e-07
4.194894e-07 -5.664689e-07
7.066394e-08 -7.213499e-07
-3.581674e-07 -6.281992e-07
-6.241036e-07 -2.652497e-07
-5.761358e-07 1.417642e-07
-3.305044e-07 3.615976e-07
-1.000558e-07 3.887567e-07
5.428071e-08 3.572717e-07
2.068808e-07 3.085891e-07
3.625590e-07 1.642287e-07
3.996574e-07 -8.917102e-08
2.413712e-07 -3.097050e-07
-1.172149e-08 -3.480229e-07
-1.837078e-07 -2.187786e-07
-2.112327e-07 -6.229286e-08
-1.680865e-07 2.858184e-08
-1.296348e-07 7.648245e-08
-8.667140e-08 1.263221e-07
-5.484373e-09 1.581393e-07
8.842380e-08 1.253383e-07
1.312493e-07 3.722583e-08
1.021694e-07 -4.238292e-08
4.373728e-08 -6.897443e-08
4.548536e-09 -5.601315e-08
-8.250127e-09 -3.969890e-08
-1.468658e-08 -3.347191e-08
-2.573391e-08 -2.768359e-08
-3.594804e-08 -1.447563e-08
-3.850896e-08 3.540835e-09
-3.193232e-08 2.120424e-08
-1.655951e-08 3.381317e-08
3.937006e-09 3.529943e-08
1.959490e-08 2.398610e-08
2.259736e-08 9.026937e-09
1.832317e-08 1.750290e-09
1.889769e-08 2.481840e-10
2.451936e-08 -8.176287e-09
2.065690e-08 -2.646838e-08
-1.255833e-09 -3.875463e-08
-2.789593e-08 -2.878396e-08
-3.718706e-08 -2.120496e-09
-2.440448e-08 1.890491e-08
-6.453008e-09 2.146890e-08
7.708134e-10 1.494489e-08
1.000140e-09 1.443172e-08
8.170906e-09 1.894460e-08
2.351139e-08 1.387454e-08
3.113272e-08 -6.536809e-09
1.830116e-08 -2.783995e-08
-6.717331e-09 -3.100084e-08
-2.304845e-08 -1.486410e-08
