7.714804e-08 -8.424245e-08
-7.443495e-09 -1.811780e-07
-1.730194e-07 -1.672619e-07
-2.801193e-07 -4.391510e-09
-2.168408e-07 1.975267e-07
-2.259734e-08 2.768436e-07
1.412930e-07 1.898838e-07
1.722439e-07 5.270538e-08
1.271744e-07 -1.568737e-08
1.103962e-07 -3.066260e-08
1.222375e-07 -7.892894e-08
7.780151e-08 -1.680525e-07
-5.155650e-08 -2.058719e-07
-1.802010e-07 -1.254112e-07
-2.050744e-07 2.253889e-08
-1.231043e-07 1.249034e-07
-2.548104e-08 1.308662e-07
1.359104e-08 9.429330e-08
1.691921e-08 9.190442e-08
6.074465e-08 1.195600e-07
1.602863e-07 9.366528e-08
2.264304e-07 -3.616917e-08
1.611317e-07 -1.984348e-07
-1.456857e-08 -2.590697e-07
-1.673082e-07 -1.720343e-07
-1.996109e-07 -3.110487e-08
-1.519107e-07 5.199609e-08
-1.208619e-07 8.208304e-08
-1.095526e-07 1.408976e-07
-2.830112e-08 2.317124e-07
1.487329e-07 2.410132e-07
3.002328e-07 8.856703e-08
2.839330e-07 -1.401444e-07
1.101663e-07 -2.729759e-07
-7.275178e-08 -2.422563e-07
-1.563610e-07 -1.348697e-07
-1.694647e-07 -5.160081e-08
-1.819575e-07 1.338310e-08
-1.785770e-07 1.139724e-07
-8.928282e-08 2.248711e-07
8.045351e-08 2.453083e-07
2.197694e-07 1.299124e-07
2.307529e-07 -4.171380e-08
1.326664e-07 -1.517239e-07
2.027820e-08 -1.646946e-07
-5.023466e-08 -1.301419e-07
-9.406022e-08 -9.086099e-08
-1.310815e-07 -3.703691e-08
-1.370524e-07 4.503859e-08
-8.151876e-08 1.216048e-07
1.442465e-08 1.388681e-07
8.926854e-08 8.721290e-08
1.045652e-07 1.162692e-08
7.536325e-08 -4.018123e-08
3.748679e-08 -5.932291e-08
6.015440e-09 -6.208479e-08
-2.379562e-08 -5.556974e-08
-5.000956e-08 -3.319726e-08
-5.771778e-08 3.344375e-09
-3.918141e-08 3.531586e-08
-7.218178e-09 4.472561e-08
