-2.101891e-07 -7.804305e-08
-3.840688e-07 1.931916e-07
-2.138791e-07 4.993350e-07
4.481602e-08 5.326917e-07
1.847066e-07 5.200008e-07
4.238977e-07 5.719919e-07
8.690440e-07 4.180702e-07
1.217209e-06 -1.896104e-07
1.006108e-06 -1.064050e-06
1.243668e-07 -1.624399e-06
-9.720610e-07 -1.404010e-06
-1.621767e-06 -5.011121e-07
-1.526371e-06 5.250462e-07
-9.194260e-07 1.177546e-06
-2.147831e-07 1.376539e-06
4.068973e-07 1.313620e-06
1.014650e-06 1.067964e-06
1.591363e-06 4.811730e-07
1.804223e-06 -5.434953e-07
1.238156e-06 -1.669623e-06
-8.115046e-08 -2.196845e-06
-1.474867e-06 -1.649138e-06
-2.085903e-06 -3.101057e-07
-1.642039e-06 9.529115e-07
-6.646117e-07 1.478852e-06
1.452856e-07 1.345916e-06
6.073337e-07 1.039705e-06
9.975612e-07 7.362958e-07
1.387652e-06 1.728754e-07
1.370126e-06 -7.494633e-07
6.044322e-07 -1.534312e-06
-5.645024e-07 -1.524009e-06
-1.321895e-06 -6.836325e-07
-1.223480e-06 3.050525e-07
-6.045461e-07 7.791839e-07
-8.353981e-08 7.229433e-07
1.376191e-07 5.565733e-07
3.046113e-07 4.896742e-07
5.745373e-07 3.301535e-07
7.286660e-07 -9.142293e-08
4.960122e-07 -5.632128e-07
-2.432038e-08 -7.043670e-07
-4.344641e-07 -4.256588e-07
-4.800229e-07 -1.752287e-08
-2.773739e-07 2.050299e-07
-9.272593e-08 2.103113e-07
-2.470556e-08 1.676757e-07
2.027656e-08 1.732823e-07
1.173937e-07 1.621091e-07
2.050378e-07 5.876005e-08
1.857958e-07 -8.985137e-08
6.598375e-08 -1.698765e-07
-5.340870e-08 -1.370752e-07
-9.493334e-08 -5.141816e-08
-7.110568e-08 7.764971e-09
-3.972890e-08 2.114653e-08
-2.992758e-08 2.065582e-08
-2.643582e-08 3.212080e-08
-7.504496e-09 4.725955e-08
2.335979e-08 4.436015e-08
4.413348e-08 1.897140e-08
