-3.872444e-07 2.582966e-07
-1.605792e-07 7.498731e-07
5.353337e-07 8.486096e-07
1.069108e-06 2.493712e-07
8.908508e-07 -5.513696e-07
2.082084e-07 -8.627685e-07
-3.242387e-07 -5.730668e-07
-3.714733e-07 -1.623770e-07
-2.029925e-07 -4.760360e-08
-2.186066e-07 -1.180178e-07
-3.982317e-07 -9.621581e-09
-3.893348e-07 3.280034e-07
-4.375367e-08 5.528350e-07
3.571242e-07 3.981918e-07
4.610399e-07 1.667349e-08
2.620807e-07 -2.354863e-07
3.985242e-08 -2.281477e-07
-2.385950e-08 -1.321368e-07
-1.338821e-08 -1.202117e-07
-7.439653e-08 -1.518546e-07
-1.864021e-07 -9.349598e-08
-2.130575e-07 6.100965e-08
-1.043520e-07 1.812833e-07
4.279733e-08 1.725774e-07
1.130199e-07 7.590471e-08
9.260628e-08 -7.097753e-09
4.684682e-08 -3.090497e-08
2.579025e-08 -2.359614e-08
2.491718e-08 -2.398419e-08
1.812560e-08 -3.728687e-08
-3.743697e-09 -4.558161e-08
-2.907161e-08 -3.574300e-08
-4.154682e-08 -1.086482e-08
-3.385750e-08 1.417587e-08
-1.364059e-08 2.395161e-08
1.211568e-09 1.605809e-08
-4.629989e-10 5.546034e-09
-9.114338e-09 9.305940e-09
-4.472824e-09 2.417314e-08
1.772837e-08 2.826304e-08
3.688013e-08 8.587638e-09
3.172192e-08 -1.998064e-08
7.440670e-09 -3.157531e-08
-1.112154e-08 -2.099598e-08
-1.138894e-08 -7.717834e-09
-6.649391e-09 -7.492419e-09
-1.362871e-08 -1.143567e-08
-2.655242e-08 -1.242550e-09
-2.437390e-08 2.176706e-08
-9.250043e-10 3.505896e-08
2.411346e-08 2.341237e-08
2.870685e-08 -1.340566e-09
1.459144e-08 -1.564988e-08
1.709509e-09 -1.302206e-08
5.969790e-10 -7.782726e-09
1.202920e-09 -1.128145e-08
-8.302968e-09 -1.545825e-08
-2.139110e-08 -6.317363e-09
-2.086185e-08 1.322810e-08
-3.172349e-09 2.438296e-08
1.517758e-08 1.619228e-08
