-2.849983e-08 8.597058e-09
-3.852518e-08 5.651230e-08
1.291678e-08 1.084727e-07
1.028920e-07 8.728617e-08
1.400035e-07 -9.799206e-09
8.445220e-08 -9.757099e-08
-8.241064e-09 -1.062217e-07
-5.929292e-08 -5.085025e-08
-4.818574e-08 2.626575e-09
-1.525013e-08 1.365828e-08
-4.631383e-09 -3.236557e-09
-2.065926e-08 -9.991249e-09
-3.430165e-08 9.836774e-09
-2.072078e-08 3.716615e-08
1.295672e-08 4.168376e-08
3.583849e-08 1.653926e-08
2.791422e-08 -1.332630e-08
2.920816e-09 -1.928281e-08
-8.100177e-09 -2.143073e-09
5.574212e-09 9.777154e-09
2.151702e-08 -3.336618e-09
1.310137e-08 -2.717113e-08
-1.573207e-08 -3.100630e-08
-3.440277e-08 -6.792652e-09
-2.360258e-08 2.038592e-08
1.474439e-09 2.375349e-08
1.200257e-08 7.216035e-09
2.281652e-09 -2.842781e-09
-5.806731e-09 6.036911e-09
5.034078e-09 1.678864e-08
2.302494e-08 7.898853e-09
2.320124e-08 -1.583890e-08
1.341961e-09 -2.852376e-08
-1.994792e-08 -1.656594e-08
-2.019653e-08 4.810468e-09
-5.472355e-09 1.271401e-08
3.086124e-09 5.243091e-09
-1.580772e-09 -2.543275e-10
-5.763584e-09 6.113820e-09
2.574438e-09 1.346068e-08
1.551433e-08 7.237502e-09
1.614626e-08 -9.033701e-09
2.032029e-09 -1.781621e-08
-1.159576e-08 -1.055218e-08
-1.189785e-08 2.453761e-09
-3.329831e-09 7.089407e-09
1.337308e-09 2.973818e-09
-1.171031e-09 4.210680e-10
-2.697969e-09 4.087830e-09
2.393855e-09 7.273159e-09
8.770032e-09 3.038332e-09
8.108369e-09 -5.380394e-09
6.518545e-10 -9.083921e-09
-5.629864e-09 -5.144760e-09
-5.528052e-09 7.823241e-10
-1.874511e-09 2.725943e-09
-8.072839e-11 1.182710e-09
-1.028733e-09 4.376208e-10
-1.433306e-09 2.006960e-09
6.295802e-10 3.288834e-09
3.188703e-09 1.867703e-09
