-1.295738e-06 -2.011333e-06
-3.313552e-06 -1.025029e-06
-3.971316e-06 1.597923e-06
-2.372427e-06 3.980682e-06
4.025393e-07 4.553157e-06
2.702305e-06 3.229775e-06
3.535058e-06 1.076065e-06
3.121247e-06 -7.430016e-07
2.169519e-06 -1.935982e-06
8.861351e-07 -2.651478e-06
-7.126032e-07 -2.639711e-06
-2.044556e-06 -1.588507e-06
-2.306798e-06 4.303408e-08
-1.461612e-06 1.225716e-06
-3.386261e-07 1.413087e-06
2.989341e-07 9.890741e-07
4.477161e-07 6.158552e-07
5.480149e-07 4.620953e-07
7.729873e-07 2.320152e-07
8.574419e-07 -2.518712e-07
5.365353e-07 -7.457739e-07
-6.165989e-08 -8.711736e-07
-5.329723e-07 -5.544514e-07
-6.211910e-07 -8.868185e-08
-4.329012e-07 2.038134e-07
-2.347381e-07 2.773703e-07
-1.286389e-07 2.997237e-07
-5.631508e-09 3.595152e-07
2.126808e-07 3.478986e-07
4.063918e-07 1.490031e-07
3.941875e-07 -1.513635e-07
1.732705e-07 -3.356457e-07
-6.945642e-08 -3.015062e-07
-1.759573e-07 -1.526797e-07
-1.643871e-07 -3.927576e-08
-1.390283e-07 1.078856e-08
-1.306584e-07 6.100952e-08
-8.811432e-08 1.298516e-07
8.631224e-09 1.592682e-07
1.006613e-07 1.083036e-07
1.239633e-07 1.575550e-08
8.314577e-08 -4.909266e-08
3.044071e-08 -6.177282e-08
8.057626e-10 -4.713871e-08
-8.621583e-09 -3.341806e-08
-1.306744e-08 -2.743328e-08
-2.030028e-08 -2.408816e-08
-3.113006e-08 -1.682981e-08
-4.003992e-08 2.221614e-10
-3.523191e-08 2.466740e-08
-1.189187e-08 4.042365e-08
1.476798e-08 3.321443e-08
2.312082e-08 1.186217e-08
1.332826e-08 5.014136e-10
8.162483e-09 6.387659e-09
2.039087e-08 9.293065e-09
3.255152e-08 -8.902478e-09
2.034909e-08 -3.545745e-08
-1.211408e-08 -4.101343e-08
-3.505697e-08 -1.797398e-08
-3.004921e-08 9.786164e-09
