-8.474950e-08 -1.340032e-07
-2.378245e-07 -4.791692e-08
-2.565463e-07 1.656668e-07
-8.340087e-08 3.242747e-07
1.524698e-07 2.933135e-07
2.745874e-07 1.095852e-07
2.282576e-07 -6.456013e-08
1.227352e-07 -1.203497e-07
7.682596e-08 -1.122631e-07
6.719546e-08 -1.486422e-07
-1.306178e-08 -2.193394e-07
-1.754311e-07 -2.031097e-07
-2.903554e-07 -4.152681e-08
-2.399156e-07 1.606776e-07
-6.723015e-08 2.457949e-07
7.184987e-08 1.839129e-07
9.447434e-08 9.535789e-08
7.969810e-08 8.634926e-08
1.451940e-07 1.062472e-07
2.651991e-07 1.629945e-08
2.728128e-07 -2.045132e-07
6.822870e-08 -3.839704e-07
-2.237996e-07 -3.361637e-07
-3.690550e-07 -8.825642e-08
-2.876393e-07 1.430062e-07
-1.282278e-07 2.096405e-07
-5.143831e-08 1.884493e-07
-1.845452e-08 2.250412e-07
1.176558e-07 2.891711e-07
3.463965e-07 1.998798e-07
4.500557e-07 -9.893876e-08
2.671556e-07 -4.012973e-07
-8.139747e-08 -4.534747e-07
-3.178443e-07 -2.463723e-07
-3.209865e-07 -1.317368e-09
-2.162960e-07 1.144526e-07
-1.539162e-07 1.511396e-07
-1.081454e-07 2.250963e-07
3.323089e-08 3.047237e-07
2.493039e-07 2.464313e-07
3.665922e-07 1.581796e-08
2.680796e-07 -2.294012e-07
3.938101e-08 -3.102264e-07
-1.368247e-07 -2.168346e-07
-1.813652e-07 -8.036620e-08
-1.575189e-07 3.499151e-09
-1.379437e-07 5.518514e-08
-1.077896e-07 1.216244e-07
-2.129953e-08 1.770200e-07
9.870390e-08 1.549711e-07
1.686991e-07 4.907793e-08
1.412505e-07 -6.628523e-08
5.481471e-08 -1.170382e-07
-1.937319e-08 -9.929145e-08
-5.157660e-08 -5.874492e-08
-5.969547e-08 -2.665920e-08
-6.240457e-08 1.252411e-09
-5.359560e-08 3.360704e-08
-2.332039e-08 5.810174e-08
1.701128e-08 5.596187e-08
4.264190e-08 2.829913e-08
