-2.498325e-06 -5.876009e-07
-3.640680e-06 2.222806e-06
-2.509848e-06 5.753733e-06
1.557549e-06 8.648990e-06
8.439060e-06 7.582772e-06
1.315266e-05 1.787514e-07
1.033099e-05 -9.179098e-06
1.468692e-06 -1.330621e-05
-6.847794e-06 -1.003332e-05
-1.000966e-05 -3.163581e-06
-8.439172e-06 2.629813e-06
-4.951395e-06 5.621176e-06
-1.435519e-06 6.446153e-06
1.675642e-06 5.900674e-06
4.229897e-06 4.144381e-06
5.673398e-06 1.278139e-06
5.332109e-06 -2.051911e-06
3.045618e-06 -4.632979e-06
-3.620976e-07 -5.241275e-06
-3.243253e-06 -3.548199e-06
-4.157265e-06 -6.269615e-07
-3.022572e-06 1.737714e-06
-1.102819e-06 2.502786e-06
2.857857e-07 2.045290e-06
8.776673e-07 1.350157e-06
1.179658e-06 8.295106e-07
1.443600e-06 2.119026e-07
1.345910e-06 -6.394954e-07
6.379292e-07 -1.292812e-06
-3.173941e-07 -1.257223e-06
-8.814835e-07 -6.207763e-07
-8.236525e-07 5.595421e-08
-4.564888e-07 3.631298e-07
-1.735251e-07 3.577054e-07
-5.886768e-08 3.045100e-07
3.239840e-08 3.090879e-07
1.829264e-07 2.801836e-07
3.145833e-07 1.361558e-07
3.206808e-07 -7.055059e-08
1.970799e-07 -2.216247e-07
3.115244e-08 -2.538567e-07
-9.095245e-08 -1.938548e-07
-1.445044e-07 -1.059924e-07
-1.542680e-07 -2.992214e-08
-1.455619e-07 3.555776e-08
-1.143837e-07 1.009774e-07
-4.503229e-08 1.507722e-07
5.040796e-08 1.495936e-07
1.248585e-07 8.508646e-08
1.368068e-07 -7.727813e-09
9.075155e-08 -7.522636e-08
2.788234e-08 -9.335857e-08
-1.807627e-08 -7.809711e-08
-4.399430e-08 -5.379475e-08
-5.955629e-08 -2.679090e-08
-6.364602e-08 6.442601e-09
-4.778303e-08 3.923358e-08
-1.464786e-08 5.529072e-08
1.845110e-08 4.660839e-08
3.499111e-08 2.235997e-08
3.250527e-08 -7.854745e-10
