2.286871e-07 -1.773896e-07
5.881041e-08 -4.539175e-07
-3.580806e-07 -4.853792e-07
-6.806238e-07 -1.231695e-07
-5.923308e-07 3.821756e-07
-1.657434e-07 6.155417e-07
1.982627e-07 4.586698e-07
2.515261e-07 2.160009e-07
1.913648e-07 1.898210e-07
3.453832e-07 2.566427e-07
6.544159e-07 3.876952e-08
6.712542e-07 -5.227739e-07
1.377899e-07 -9.650014e-07
-5.968181e-07 -8.075841e-07
-9.172984e-07 -1.581459e-07
-6.574497e-07 3.925484e-07
-2.551741e-07 4.899652e-07
-1.241787e-07 3.997938e-07
-1.005387e-07 5.278047e-07
2.480192e-07 7.509637e-07
8.737094e-07 5.399927e-07
1.154215e-06 -2.492902e-07
6.604789e-07 -1.029479e-06
-2.414280e-07 -1.122896e-06
-7.967169e-07 -5.593944e-07
-7.385247e-07 3.072319e-08
-4.702986e-07 2.410769e-07
-3.869686e-07 2.899095e-07
-3.428660e-07 5.196718e-07
1.820437e-08 7.946622e-07
6.186082e-07 6.702096e-07
9.429794e-07 5.664911e-08
6.743367e-07 -5.825712e-07
8.176167e-08 -7.630445e-07
-3.328747e-07 -5.028830e-07
-4.021379e-07 -1.828246e-07
-3.438206e-07 -2.705794e-08
-3.443291e-07 7.663193e-08
-3.128577e-07 2.707205e-07
-9.510651e-08 4.531973e-07
2.340877e-07 4.133086e-07
4.255808e-07 1.361127e-07
3.519067e-07 -1.609854e-07
1.325133e-07 -2.799051e-07
-3.991306e-08 -2.288622e-07
-1.049361e-07 -1.390178e-07
-1.270366e-07 -7.991071e-08
-1.516705e-07 -2.009125e-08
-1.456184e-07 6.841038e-08
-7.253188e-08 1.430756e-07
3.435501e-08 1.446242e-07
1.032978e-07 7.538284e-08
1.023011e-07 -5.237488e-09
6.046896e-08 -4.797666e-08
2.149955e-08 -5.263127e-08
-2.910198e-10 -4.503539e-08
-1.573056e-08 -3.838644e-08
-3.181425e-08 -2.666439e-08
-4.064795e-08 -4.732603e-09
-3.317717e-08 1.887376e-08
-1.324275e-08 3.060832e-08
