2.238228e-07 -6.338752e-06
-6.238033e-06 -6.797333e-06
-1.069647e-05 -9.898062e-07
-8.843396e-06 5.890855e-06
-3.490919e-06 8.792570e-06
9.714476e-07 8.008057e-06
3.508213e-06 6.438656e-06
5.989612e-06 5.094712e-06
9.097419e-06 1.932545e-06
9.881565e-06 -4.361905e-06
5.113156e-06 -1.056645e-05
-3.424698e-06 -1.127902e-05
-9.454797e-06 -5.366942e-06
-8.878709e-06 2.091424e-06
-4.130763e-06 5.464208e-06
-5.249190e-07 4.563333e-06
2.722773e-07 3.337230e-06
9.929878e-07 3.760236e-06
3.571640e-06 3.583741e-06
5.864104e-06 4.831906e-07
4.688987e-06 -3.887863e-06
4.454214e-07 -5.667431e-06
-3.170192e-06 -3.596219e-06
-3.601481e-06 -2.641322e-07
-1.922657e-06 1.371181e-06
-6.613974e-07 1.157250e-06
-5.575198e-07 8.688810e-07
-4.191954e-07 1.339958e-06
5.705156e-07 1.653149e-06
1.653239e-06 8.732100e-07
1.690627e-06 -5.290326e-07
6.900893e-07 -1.344553e-06
-3.414712e-07 -1.109463e-06
-6.704327e-07 -4.193897e-07
-4.693028e-07 -3.083198e-09
-2.838463e-07 4.121418e-08
-3.048485e-07 5.740267e-08
-3.149820e-07 2.363860e-07
-1.224304e-07 4.240440e-07
1.808809e-07 4.029865e-07
3.664661e-07 1.709175e-07
3.314159e-07 -8.785877e-08
1.663272e-07 -2.137653e-07
2.059060e-08 -2.009694e-07
-4.518582e-08 -1.454612e-07
-7.528825e-08 -1.142934e-07
-1.229438e-07 -8.649637e-08
-1.701410e-07 -1.207058e-08
-1.536292e-07 9.950313e-08
-5.435371e-08 1.743285e-07
6.677186e-08 1.556043e-07
1.302643e-07 6.644361e-08
1.164338e-07 -2.078212e-08
6.791557e-08 -6.166140e-08
2.808866e-08 -6.779569e-08
6.631191e-10 -6.699395e-08
-2.976289e-08 -6.186430e-08
-6.052146e-08 -3.741616e-08
-7.008276e-08 6.130115e-09
-4.717757e-08 4.510344e-08
-6.951129e-09 5.616863e-08
