-2.145764e-08 3.774255e-08
1.273190e-08 5.652725e-08
5.184089e-08 3.930106e-08
6.419373e-08 -2.491704e-10
4.727735e-08 -3.286219e-08
1.923054e-08 -4.405809e-08
-2.735177e-09 -3.806114e-08
-1.311731e-08 -2.687159e-08
-1.662623e-08 -1.893626e-08
-2.056619e-08 -1.437247e-08
-2.727339e-08 -7.150132e-09
-3.092518e-08 7.323145e-09
-2.319392e-08 2.439559e-08
-4.572444e-09 3.228856e-08
1.288918e-08 2.528235e-08
1.838310e-08 1.189225e-08
1.544067e-08 4.778118e-09
1.628458e-08 4.147042e-09
2.345534e-08 -1.978148e-09
2.423633e-08 -1.928383e-08
7.391322e-09 -3.547813e-08
-1.927857e-08 -3.293378e-08
-3.484868e-08 -1.062841e-08
-2.853542e-08 1.315039e-08
-1.104615e-08 2.145849e-08
9.447081e-11 1.660102e-08
1.731087e-09 1.306354e-08
5.429004e-09 1.608740e-08
1.779730e-08 1.495175e-08
2.832287e-08 -2.940801e-10
2.190261e-08 -2.183615e-08
-3.671621e-10 -3.069344e-08
-2.020069e-08 -1.909197e-08
-2.278548e-08 5.144282e-10
-1.236363e-08 1.110064e-08
-3.540756e-09 1.022712e-08
-1.780880e-09 8.343338e-09
5.198756e-10 1.117689e-08
9.221769e-09 1.180586e-08
1.753498e-08 2.504752e-09
1.459058e-08 -1.181693e-08
8.482447e-10 -1.809340e-08
-1.139383e-08 -1.116930e-08
-1.270875e-08 5.291018e-10
-6.354490e-09 6.345997e-09
-1.414213e-09 5.411911e-09
-6.275873e-10 4.186531e-09
5.819708e-10 5.529579e-09
4.922175e-09 5.433564e-09
8.415551e-09 5.039281e-10
6.215430e-09 -5.977634e-09
-2.949195e-10 -7.958914e-09
-5.103107e-09 -4.254220e-09
-4.887435e-09 5.867032e-10
-2.018331e-09 2.344472e-09
-3.794958e-10 1.474102e-09
-6.104360e-10 9.333334e-10
-5.815093e-10 1.743228e-09
8.700479e-10 2.245951e-09
2.395414e-09 1.023556e-09
2.221935e-09 -1.032857e-09
