-6.026578e-08 1.517083e-08
-4.726827e-08 8.406714e-08
3.135420e-08 1.181481e-07
1.121458e-07 7.332341e-08
1.313612e-07 -1.595338e-08
8.500038e-08 -8.436634e-08
2.052492e-08 -9.822209e-08
-1.843075e-08 -8.036402e-08
-3.877394e-08 -6.925203e-08
-7.357723e-08 -6.044090e-08
-1.171289e-07 -1.501750e-08
-1.165020e-07 7.111347e-08
-4.177049e-08 1.381085e-07
6.077546e-08 1.251970e-07
1.127726e-07 4.596497e-08
9.155906e-08 -2.699003e-08
4.659256e-08 -4.814876e-08
2.793067e-08 -4.214261e-08
2.617370e-08 -5.404658e-08
-1.210301e-09 -8.171784e-08
-6.141251e-08 -7.971951e-08
-1.087048e-07 -2.316637e-08
-9.727413e-08 5.437165e-08
-3.553751e-08 9.518722e-08
2.367177e-08 8.007147e-08
4.342631e-08 4.439572e-08
4.089490e-08 2.966554e-08
5.675398e-08 2.979128e-08
9.235423e-08 9.098312e-10
9.665324e-08 -7.239666e-08
2.883557e-08 -1.389006e-07
-7.819397e-08 -1.297482e-07
-1.417445e-07 -4.174980e-08
-1.201629e-07 5.334103e-08
-5.550205e-08 9.170509e-08
-1.099659e-08 8.545095e-08
1.067364e-08 8.547256e-08
5.431329e-08 9.501434e-08
1.251826e-07 6.114017e-08
1.581031e-07 -3.984680e-08
9.568184e-08 -1.458223e-07
-2.891637e-08 -1.688150e-07
-1.210663e-07 -9.643028e-08
-1.292753e-07 -5.501717e-10
-8.811498e-08 5.322119e-08
-5.276335e-08 7.047677e-08
-2.591852e-08 8.898472e-08
2.437311e-08 1.060184e-07
9.438313e-08 8.010646e-08
1.309021e-07 -5.457862e-10
9.491106e-08 -8.592991e-08
1.276563e-08 -1.153821e-07
-5.348757e-08 -8.218507e-08
-7.281994e-08 -2.953032e-08
-6.319577e-08 6.612539e-09
-5.043138e-08 2.827871e-08
-3.382581e-08 4.976572e-08
-1.087687e-09 6.447917e-08
3.983853e-08 5.283490e-08
6.203000e-08 1.404331e-08
5.049145e-08 -2.664674e-08
