9.636315e-08 1.218010e-07
2.440931e-07 4.012820e-08
2.876387e-07 -1.741390e-07
1.312622e-07 -3.866523e-07
-1.669452e-07 -4.180913e-07
-4.001522e-07 -2.099898e-07
-4.060085e-07 8.150569e-08
-2.413540e-07 2.527440e-07
-8.194014e-08 2.717029e-07
1.214547e-09 2.571414e-07
9.045099e-08 2.793545e-07
2.601324e-07 2.582991e-07
4.323415e-07 8.035916e-08
4.381028e-07 -2.229603e-07
2.138337e-07 -4.649821e-07
-1.090947e-07 -4.872052e-07
-3.389252e-07 -3.159117e-07
-4.145046e-07 -9.818930e-08
-4.083736e-07 8.754888e-08
-3.578171e-07 2.803581e-07
-1.884231e-07 4.851972e-07
1.414247e-07 5.675723e-07
4.901770e-07 3.865374e-07
6.276023e-07 -9.998000e-10
4.751382e-07 -3.619924e-07
1.717773e-07 -5.209265e-07
-1.096455e-07 -4.941714e-07
-3.236701e-07 -3.730544e-07
-4.857043e-07 -1.708184e-07
-5.332898e-07 1.312315e-07
-3.665651e-07 4.395791e-07
-1.812719e-08 5.688587e-07
3.168189e-07 4.330576e-07
4.605709e-07 1.444593e-07
4.080367e-07 -1.159785e-07
2.666593e-07 -2.725717e-07
1.004260e-07 -3.523514e-07
-9.555679e-08 -3.606365e-07
-2.905576e-07 -2.496304e-07
-3.802019e-07 -2.167169e-08
-2.927027e-07 2.090162e-07
-8.774496e-08 3.088119e-07
9.709785e-08 2.543466e-07
1.817039e-07 1.318009e-07
1.882010e-07 2.378594e-08
1.641363e-07 -5.857871e-08
1.128899e-07 -1.307924e-07
2.018283e-08 -1.723402e-07
-8.640479e-08 -1.443044e-07
-1.450622e-07 -5.212193e-08
-1.249739e-07 4.465853e-08
-5.774392e-08 9.068646e-08
2.561970e-09 8.312594e-08
3.272188e-08 5.547610e-08
4.442210e-08 3.117669e-08
5.060138e-08 8.235065e-09
4.692484e-08 -1.881812e-08
2.616061e-08 -4.086875e-08
-3.987488e-09 -4.385001e-08
-2.576220e-08 -2.720162e-08
-2.944658e-08 -4.995082e-09
