2.504638e-09 -2.979773e-08
-2.994481e-08 -4.277375e-08
-7.645597e-08 -1.807670e-08
-8.852539e-08 5.132076e-08
-3.124272e-08 1.129425e-07
5.832149e-08 1.042323e-07
1.035298e-07 3.165614e-08
7.881713e-08 -3.400390e-08
3.528171e-08 -4.715201e-08
2.328550e-08 -3.868665e-08
2.319924e-08 -5.667196e-08
-1.492010e-08 -8.580030e-08
-8.359186e-08 -6.683740e-08
-1.150119e-07 1.200817e-08
-6.992253e-08 8.702997e-08
9.121512e-09 9.597791e-08
5.293895e-08 5.099496e-08
4.776871e-08 1.110781e-08
3.493848e-08 2.801690e-09
4.272998e-08 -1.177112e-09
5.081807e-08 -2.897624e-08
2.693517e-08 -6.546771e-08
-2.447436e-08 -7.236673e-08
-6.501516e-08 -3.709797e-08
-6.566040e-08 1.267077e-08
-3.569468e-08 4.036952e-08
-8.084487e-09 3.780562e-08
-1.347961e-09 2.847481e-08
-3.287161e-10 3.508435e-08
2.144375e-08 4.795492e-08
6.152656e-08 3.414566e-08
8.168031e-08 -1.793139e-08
5.098574e-08 -7.360432e-08
-1.183629e-08 -8.599857e-08
-5.626667e-08 -5.104147e-08
-5.966119e-08 -9.594974e-09
-4.831106e-08 8.699602e-09
-5.003752e-08 2.112952e-08
-4.801614e-08 5.495104e-08
-6.784522e-09 9.265826e-08
6.509939e-08 8.478355e-08
1.101499e-07 1.792970e-08
8.861724e-08 -5.871660e-08
2.596501e-08 -8.901726e-08
-2.349186e-08 -7.165886e-08
-4.261118e-08 -4.576471e-08
-5.564313e-08 -2.911031e-08
-7.419988e-08 -1.260949e-09
-7.174856e-08 4.939806e-08
-2.476386e-08 9.165466e-08
4.322375e-08 8.472685e-08
8.183513e-08 3.151142e-08
7.083572e-08 -2.378814e-08
3.605854e-08 -4.800517e-08
8.772268e-09 -4.833523e-08
-9.539892e-09 -4.573573e-08
-3.224072e-08 -3.971576e-08
-5.428735e-08 -1.552379e-08
-5.367394e-08 2.359695e-08
-2.344593e-08 5.123027e-08
1.466634e-08 4.778685e-08
