5.570925e-10 3.234572e-08
2.745123e-08 3.281425e-08
4.727347e-08 1.205520e-08
4.827917e-08 -1.620551e-08
3.235626e-08 -3.872798e-08
6.760254e-09 -4.719380e-08
-1.698496e-08 -3.884955e-08
-2.824213e-08 -2.086559e-08
-2.688047e-08 -5.829023e-09
-2.285421e-08 9.526965e-10
-2.315983e-08 6.227510e-09
-2.242244e-08 1.754009e-08
-1.112593e-08 3.025221e-08
8.872783e-09 3.187602e-08
2.395860e-08 1.889602e-08
2.517150e-08 2.353600e-09
1.863310e-08 -6.207834e-09
1.536766e-08 -8.790128e-09
1.514408e-08 -1.533455e-08
7.334641e-09 -2.667008e-08
-1.211805e-08 -3.037575e-08
-3.112368e-08 -1.630350e-08
-3.337187e-08 8.433542e-09
-1.735503e-08 2.532601e-08
1.838135e-09 2.465061e-08
1.042023e-08 1.468312e-08
1.056304e-08 8.711330e-09
1.334276e-08 7.545205e-09
2.049261e-08 8.760002e-10
2.055465e-08 -1.492692e-08
5.259920e-09 -2.784254e-08
-1.634608e-08 -2.364062e-08
-2.627441e-08 -4.374777e-09
-1.826136e-08 1.305325e-08
-3.725228e-09 1.654666e-08
3.907259e-09 1.077515e-08
4.583324e-09 7.060674e-09
6.999776e-09 7.104434e-09
1.298945e-08 3.127490e-09
1.409587e-08 -7.731181e-09
4.478763e-09 -1.673957e-08
-9.183053e-09 -1.427621e-08
-1.498081e-08 -2.500264e-09
-9.865539e-09 7.415773e-09
-1.648992e-09 8.816657e-09
2.136682e-09 5.437839e-09
2.354215e-09 3.618553e-09
3.755269e-09 3.539471e-09
6.549950e-09 1.132262e-09
6.392759e-09 -4.137529e-09
1.476039e-09 -7.637635e-09
-4.252780e-09 -5.774074e-09
-5.927510e-09 -6.655152e-10
-3.401419e-09 2.793752e-09
-4.415579e-10 2.718029e-09
3.593551e-10 1.313477e-09
-4.986291e-11 1.036765e-09
3.682597e-10 1.627620e-09
1.692937e-09 1.329193e-09
2.281270e-09 -2.779321e-10
1.240067e-09 -1.730342e-09
