1.487118e-07 -1.092293e-07
3.728062e-08 -3.540434e-07
-3.134185e-07 -4.085951e-07
-6.209639e-07 -1.299507e-07
-6.179968e-07 3.373180e-07
-2.472536e-07 6.572132e-07
1.969664e-07 5.863080e-07
3.685282e-07 2.960170e-07
3.131974e-07 1.449657e-07
3.679025e-07 1.663542e-07
6.226875e-07 1.780510e-08
7.053696e-07 -4.939180e-07
2.433231e-07 -1.019513e-06
-5.695110e-07 -9.942161e-07
-1.083819e-06 -3.316455e-07
-9.198439e-07 4.162821e-07
-3.952830e-07 6.969219e-07
-7.162720e-08 5.898601e-07
-5.676082e-09 5.823408e-07
2.567854e-07 7.808083e-07
9.007536e-07 6.806222e-07
1.378353e-06 -1.062878e-07
1.009372e-06 -1.141416e-06
-8.877085e-08 -1.523529e-06
-1.023712e-06 -9.391960e-07
-1.139468e-06 -2.116554e-08
-6.993697e-07 4.623078e-07
-3.743520e-07 4.858115e-07
-3.080437e-07 5.649588e-07
-5.495148e-08 8.589577e-07
6.009402e-07 8.941443e-07
1.175378e-06 2.792667e-07
1.048107e-06 -6.362674e-07
2.727202e-07 -1.100650e-06
-4.711692e-07 -8.297470e-07
-6.792258e-07 -2.558979e-07
-4.993062e-07 8.984385e-08
-3.508955e-07 1.689893e-07
-3.256250e-07 2.765367e-07
-1.782422e-07 4.945995e-07
1.974656e-07 5.637195e-07
5.432907e-07 2.857977e-07
5.513809e-07 -1.628171e-07
2.440422e-07 -4.278068e-07
-8.050945e-08 -3.767755e-07
-2.072613e-07 -1.816737e-07
-1.840257e-07 -4.920487e-08
-1.581132e-07 3.259465e-10
-1.602557e-07 6.128708e-08
-1.132860e-07 1.548062e-07
1.115509e-08 1.977863e-07
1.328351e-07 1.314889e-07
1.616084e-07 6.035523e-09
9.945412e-08 -8.133112e-08
2.049994e-08 -9.141248e-08
-2.003690e-08 -6.066084e-08
-2.789512e-08 -3.631601e-08
-3.347202e-08 -2.585058e-08
-4.462603e-08 -1.031469e-08
-4.517239e-08 1.693966e-08
-2.475185e-08 3.996912e-08
