9.935454e-08 1.307361e-07
2.519520e-07 4.101817e-08
2.910932e-07 -1.760209e-07
1.383704e-07 -3.870491e-07
-1.555815e-07 -4.297870e-07
-4.031199e-07 -2.353760e-07
-4.340115e-07 6.384194e-08
-2.772942e-07 2.646434e-07
-9.644264e-08 3.079932e-07
1.789075e-08 2.895384e-07
1.194299e-07 2.872610e-07
2.781857e-07 2.485476e-07
4.381012e-07 7.254282e-08
4.473139e-07 -2.249746e-07
2.312257e-07 -4.772602e-07
-1.024878e-07 -5.194564e-07
-3.633124e-07 -3.499531e-07
-4.611433e-07 -1.029492e-07
-4.427503e-07 1.198782e-07
-3.561074e-07 3.229446e-07
-1.624642e-07 5.065378e-07
1.625519e-07 5.654809e-07
4.971798e-07 3.827872e-07
6.371669e-07 3.952920e-09
4.985971e-07 -3.647577e-07
1.919828e-07 -5.484199e-07
-1.189180e-07 -5.336757e-07
-3.615660e-07 -3.918702e-07
-5.215595e-07 -1.546757e-07
-5.418093e-07 1.623322e-07
-3.541153e-07 4.579956e-07
-7.544659e-09 5.710368e-07
3.182953e-07 4.354976e-07
4.661423e-07 1.546227e-07
4.265277e-07 -1.110024e-07
2.861205e-07 -2.859926e-07
1.025994e-07 -3.770949e-07
-1.119328e-07 -3.768209e-07
-3.093359e-07 -2.479684e-07
-3.881647e-07 -1.111816e-08
-2.921274e-07 2.161716e-07
-8.757514e-08 3.114374e-07
9.529998e-08 2.588077e-07
1.837849e-07 1.394785e-07
1.966960e-07 2.846181e-08
1.735607e-07 -6.181027e-08
1.164692e-07 -1.390568e-07
1.738093e-08 -1.790006e-07
-9.102828e-08 -1.464248e-07
-1.481351e-07 -5.168364e-08
-1.268775e-07 4.527199e-08
-5.977305e-08 9.161977e-08
9.414911e-10 8.539323e-08
3.293941e-08 5.849704e-08
4.652440e-08 3.316712e-08
5.308387e-08 8.288532e-09
4.844101e-08 -2.002081e-08
2.658020e-08 -4.220389e-08
-4.122295e-09 -4.485264e-08
-2.613382e-08 -2.796672e-08
-3.007699e-08 -5.562672e-09
