4.211348e-08 1.908246e-08
8.351825e-08 -3.651947e-08
6.260158e-08 -1.241890e-07
-2.950718e-08 -1.899782e-07
-1.821869e-07 -1.695842e-07
-2.916350e-07 -4.938498e-09
-2.245976e-07 2.086327e-07
-1.667634e-08 2.896215e-07
1.539325e-07 1.938572e-07
1.845219e-07 4.986252e-08
1.394638e-07 -2.502877e-08
1.167657e-07 -5.093531e-08
1.101043e-07 -1.028996e-07
4.885393e-08 -1.756985e-07
-7.541618e-08 -1.890213e-07
-1.820125e-07 -1.011401e-07
-1.937937e-07 3.357051e-08
-1.184872e-07 1.250367e-07
-2.853385e-08 1.383069e-07
2.191560e-08 1.128483e-07
4.677026e-08 1.007526e-07
9.366744e-08 9.806782e-08
1.657591e-07 4.993982e-08
1.959944e-07 -6.910755e-08
1.197885e-07 -1.963182e-07
-3.453316e-08 -2.318447e-07
-1.611470e-07 -1.505404e-07
-1.917106e-07 -2.913285e-08
-1.601869e-07 5.336870e-08
-1.290357e-07 1.049721e-07
-8.770527e-08 1.726772e-07
2.098943e-08 2.332869e-07
1.825636e-07 1.974621e-07
2.841680e-07 3.569973e-08
2.364897e-07 -1.546435e-07
8.108561e-08 -2.468719e-07
-6.465061e-08 -2.178836e-07
-1.426166e-07 -1.403811e-07
-1.828245e-07 -6.473412e-08
-2.078159e-07 2.951710e-08
-1.751060e-07 1.542719e-07
-4.773113e-08 2.449151e-07
1.198807e-07 2.199921e-07
2.185005e-07 8.703911e-08
1.993792e-07 -5.785583e-08
1.126471e-07 -1.354617e-07
2.853250e-08 -1.494272e-07
-3.814029e-08 -1.388193e-07
-1.043330e-07 -1.068239e-07
-1.544345e-07 -3.156308e-08
-1.433108e-07 7.127779e-08
-6.145943e-08 1.400209e-07
3.815104e-08 1.312361e-07
9.310650e-08 6.687761e-08
9.200831e-08 2.568447e-09
6.700280e-08 -3.378051e-08
4.202502e-08 -5.320017e-08
1.221113e-08 -6.712463e-08
-2.801993e-08 -6.431316e-08
-6.090765e-08 -3.278657e-08
-6.251270e-08 1.327516e-08
