4.056899e-08 -1.700118e-07
-1.276809e-07 -2.647989e-07
-3.779280e-07 -1.714729e-07
-4.830156e-07 1.482828e-07
-2.719369e-07 4.691156e-07
1.179318e-07 5.077304e-07
3.713993e-07 2.593787e-07
3.579901e-07 -2.228730e-08
2.195277e-07 -1.524034e-07
1.197629e-07 -1.759845e-07
5.482631e-08 -2.037589e-07
-5.292388e-08 -2.269717e-07
-1.859447e-07 -1.630475e-07
-2.420231e-07 -9.592759e-09
-1.737873e-07 1.328719e-07
-4.471036e-08 1.779754e-07
5.302733e-08 1.347975e-07
8.775704e-08 6.764064e-08
8.505477e-08 1.811770e-08
7.284101e-08 -1.401700e-08
5.558018e-08 -3.950876e-08
2.903526e-08 -5.704352e-08
-2.935692e-09 -5.908224e-08
-2.951106e-08 -4.419649e-08
-4.174452e-08 -1.957848e-08
-3.809157e-08 3.530565e-09
-2.524496e-08 1.636670e-08
-1.357274e-08 1.858939e-08
-8.128777e-09 1.797914e-08
-4.058124e-09 2.115419e-08
6.069255e-09 2.481785e-08
2.063876e-08 1.974760e-08
2.879726e-08 3.871502e-09
2.337578e-08 -1.290674e-08
1.015614e-08 -1.963987e-08
5.757409e-10 -1.698087e-08
-2.619749e-09 -1.441460e-08
-7.143974e-09 -1.582884e-08
-1.779155e-08 -1.362012e-08
-2.671117e-08 -1.807412e-10
-2.190549e-08 1.874105e-08
-3.514643e-09 2.802452e-08
1.425943e-08 2.062177e-08
1.915478e-08 5.719084e-09
1.406742e-08 -3.337281e-09
1.026996e-08 -5.116730e-09
1.063383e-08 -8.628299e-09
6.486021e-09 -1.719336e-08
-7.583047e-09 -2.118278e-08
-2.236732e-08 -1.076327e-08
-2.333878e-08 8.782536e-09
-8.876428e-09 2.110763e-08
7.316747e-09 1.765607e-08
1.284495e-08 6.312579e-09
9.723321e-09 -7.618793e-10
7.473767e-09 -2.206407e-09
8.123850e-09 -5.235837e-09
4.865249e-09 -1.170914e-08
-5.273178e-09 -1.397793e-08
-1.459274e-08 -6.152078e-09
-1.390331e-08 6.347981e-09
