9.472168e-09 3.385885e-08
4.095201e-08 3.038159e-08
5.939983e-08 2.107483e-09
5.236875e-08 -2.949429e-08
2.933709e-08 -4.840629e-08
2.287062e-09 -5.139451e-08
-1.960892e-08 -4.092248e-08
-3.073292e-08 -2.387021e-08
-3.208197e-08 -8.355654e-09
-2.966460e-08 2.476395e-09
-2.722241e-08 1.206876e-08
-2.151083e-08 2.371639e-08
-7.623307e-09 3.327789e-08
1.157087e-08 3.239246e-08
2.564307e-08 1.944750e-08
2.786163e-08 3.125893e-09
2.251039e-08 -7.468635e-09
1.777144e-08 -1.301157e-08
1.385690e-08 -2.018949e-08
3.343041e-09 -2.903349e-08
-1.590126e-08 -2.954833e-08
-3.295181e-08 -1.399428e-08
-3.359966e-08 1.052531e-08
-1.691576e-08 2.685395e-08
2.702416e-09 2.584244e-08
1.179078e-08 1.534798e-08
1.206917e-08 8.456380e-09
1.428832e-08 6.472817e-09
2.051792e-08 -3.807901e-10
1.988354e-08 -1.574085e-08
4.415324e-09 -2.797988e-08
-1.690530e-08 -2.327128e-08
-2.637451e-08 -3.889130e-09
-1.806939e-08 1.332087e-08
-3.553874e-09 1.656516e-08
3.939495e-09 1.076480e-08
4.636052e-09 7.146795e-09
7.202187e-09 7.133406e-09
1.318425e-08 2.923508e-09
1.403493e-08 -8.051123e-09
4.184350e-09 -1.688293e-08
-9.439754e-09 -1.415682e-08
-1.504675e-08 -2.315142e-09
-9.864368e-09 7.508496e-09
-1.716824e-09 8.914057e-09
2.110197e-09 5.685676e-09
2.580619e-09 3.911984e-09
4.211005e-09 3.587655e-09
6.932240e-09 8.070679e-10
6.429216e-09 -4.636557e-09
1.184281e-09 -7.994640e-09
-4.644855e-09 -5.848000e-09
-6.233223e-09 -5.274229e-10
-3.575301e-09 3.031053e-09
-4.837052e-10 3.003119e-09
4.806972e-10 1.596043e-09
2.376740e-10 1.203708e-09
7.138293e-10 1.567855e-09
1.916876e-09 1.048537e-09
2.258588e-09 -6.372138e-10
9.827922e-10 -1.978981e-09
