-4.650567e-06 1.403746e-06
-2.966576e-06 6.853377e-06
4.264119e-06 9.082576e-06
1.155999e-05 3.576637e-06
1.130967e-05 -6.622196e-06
2.672480e-06 -1.246145e-05
-6.373548e-06 -9.156101e-06
-8.637560e-06 -1.533410e-06
-5.291996e-06 3.125529e-06
-1.923073e-06 3.401899e-06
-8.546553e-07 2.719294e-06
-1.483022e-07 3.116405e-06
1.757310e-06 3.187678e-06
3.557827e-06 1.393012e-06
3.357105e-06 -1.291964e-06
1.370695e-06 -2.752615e-06
-5.851476e-07 -2.336332e-06
-1.346657e-06 -1.123130e-06
-1.225208e-06 -2.447423e-07
-9.729271e-07 1.670742e-07
-7.840213e-07 4.886400e-07
-4.415696e-07 8.010318e-07
7.937005e-08 8.658335e-07
5.058648e-07 5.840351e-07
6.229807e-07 1.620094e-07
4.929224e-07 -1.446578e-07
3.089038e-07 -2.769686e-07
1.635496e-07 -3.297477e-07
1.758824e-08 -3.647983e-07
-1.648317e-07 -3.396487e-07
-3.259992e-07 -1.998168e-07
-3.705812e-07 1.936703e-08
-2.731972e-07 2.106459e-07
-1.006983e-07 2.941364e-07
6.097743e-08 2.710220e-07
1.715292e-07 1.856128e-07
2.263868e-07 7.020817e-08
2.191710e-07 -5.538841e-08
1.451874e-07 -1.568100e-07
3.084158e-08 -1.941897e-07
-7.201978e-08 -1.602200e-07
-1.280097e-07 -8.695098e-08
-1.379044e-07 -1.014984e-08
-1.151073e-07 5.538580e-08
-6.470028e-08 1.014620e-07
3.317784e-09 1.114943e-07
5.986501e-08 7.822913e-08
7.765666e-08 2.417259e-08
6.075586e-08 -1.594943e-08
3.652670e-08 -3.059715e-08
2.072060e-08 -3.444035e-08
6.371844e-09 -3.881775e-08
-1.319409e-08 -3.696959e-08
-2.876955e-08 -2.205078e-08
-3.009750e-08 -2.969786e-09
-2.238476e-08 7.923109e-09
-1.672342e-08 1.208597e-08
-1.262663e-08 1.804549e-08
-2.319403e-09 2.417830e-08
1.221880e-08 2.099011e-08
1.944552e-08 8.315305e-09
