-5.267463e-08 4.977006e-08
-1.777217e-08 1.747634e-07
1.798923e-07 2.337046e-07
3.797792e-07 4.503370e-08
3.158961e-07 -2.715608e-07
5.357942e-09 -3.983737e-07
-2.514660e-07 -2.256122e-07
-2.473603e-07 2.736287e-08
-9.223862e-08 1.156006e-07
-1.201049e-08 5.378952e-08
-4.924002e-08 2.191987e-08
-6.625993e-08 8.819553e-08
2.055896e-08 1.442711e-07
1.297833e-07 8.811317e-08
1.428833e-07 -3.616616e-08
5.663349e-08 -1.094876e-07
-3.261423e-08 -8.501697e-08
-5.305945e-08 -1.993221e-08
-2.146689e-08 1.221706e-08
3.091640e-09 -1.274568e-09
-7.792992e-09 -2.116797e-08
-3.329055e-08 -1.307056e-08
-3.836539e-08 1.818736e-08
-1.326280e-08 4.122280e-08
1.940827e-08 3.399666e-08
3.042561e-08 5.895212e-09
1.474710e-08 -1.370373e-08
-4.227265e-09 -7.919028e-09
-2.247539e-09 9.147806e-09
1.682540e-08 1.002552e-08
2.564963e-08 -1.176918e-08
7.628159e-09 -3.253249e-08
-2.127279e-08 -2.715692e-08
-3.142473e-08 -4.476047e-10
-1.570967e-08 1.908136e-08
3.394038e-09 1.493721e-08
4.312067e-09 1.388940e-09
-6.378539e-09 1.547709e-09
-5.590371e-09 1.525074e-08
1.272293e-08 1.995603e-08
2.796965e-08 2.577264e-09
1.993254e-08 -2.133014e-08
-4.358417e-09 -2.673640e-08
-1.959543e-08 -1.053550e-08
-1.404903e-08 6.358768e-09
-1.711267e-09 7.322890e-09
-4.377821e-10 -2.928168e-10
-7.754511e-09 7.830960e-10
-6.984158e-09 1.171092e-08
6.915007e-09 1.614923e-08
1.891898e-08 4.192507e-09
1.417533e-08 -1.280445e-08
-2.038229e-09 -1.686503e-08
-1.185430e-08 -6.338314e-09
-7.994491e-09 4.076930e-09
-5.297490e-10 4.095801e-09
-3.493048e-10 -4.479103e-10
-4.564338e-09 8.187725e-10
-3.247634e-09 7.025921e-09
4.777458e-09 8.389102e-09
1.025002e-08 1.131534e-09
