3.845592e-06 -4.458620e-07
4.284706e-06 -5.823411e-06
-1.466103e-06 -9.172741e-06
-7.325259e-06 -5.783395e-06
-8.057909e-06 5.158157e-08
-5.264460e-06 3.360876e-06
-2.920536e-06 3.694748e-06
-2.461078e-06 4.029582e-06
-1.365699e-06 6.271583e-06
3.103955e-06 7.969773e-06
9.068942e-06 4.889631e-06
1.086754e-05 -2.941434e-06
5.622438e-06 -9.725770e-06
-2.646050e-06 -9.876485e-06
-7.187603e-06 -4.329856e-06
-5.973677e-06 9.605149e-07
-2.975927e-06 2.294614e-06
-2.141018e-06 1.731934e-06
-2.515304e-06 2.826787e-06
-7.098600e-07 5.134190e-06
3.468178e-06 5.015326e-06
6.250705e-06 1.071221e-06
4.750398e-06 -3.571807e-06
5.698044e-07 -5.004078e-06
-2.381720e-06 -2.978259e-06
-2.456411e-06 -4.574668e-07
-1.323667e-06 3.770959e-07
-9.920692e-07 1.774701e-07
-1.323667e-06 5.594883e-07
-9.426606e-07 1.595920e-06
4.544575e-07 1.977222e-06
1.675604e-06 1.021830e-06
1.655368e-06 -4.332427e-07
6.774614e-07 -1.165179e-06
-2.019037e-07 -9.252834e-07
-4.286164e-07 -3.898868e-07
-2.962156e-07 -1.485186e-07
-2.736168e-07 -1.482962e-07
-4.035449e-07 -4.899780e-08
-4.150536e-07 2.307542e-07
-1.714407e-07 4.599201e-07
1.664915e-07 4.304737e-07
3.549800e-07 1.866758e-07
3.174167e-07 -6.493657e-08
1.665448e-07 -1.786469e-07
4.604369e-08 -1.707824e-07
-5.548785e-09 -1.404068e-07
-4.538045e-08 -1.364191e-07
-1.176817e-07 -1.180657e-07
-1.842067e-07 -3.298564e-08
-1.707153e-07 9.487257e-08
-6.441306e-08 1.775675e-07
6.135241e-08 1.579809e-07
1.233826e-07 6.841578e-08
1.086025e-07 -1.367857e-08
6.586512e-08 -4.871317e-08
3.597669e-08 -5.592227e-08
1.437701e-08 -6.397170e-08
-1.900589e-08 -6.858168e-08
-5.802850e-08 -4.757193e-08
-7.384674e-08 -5.803201e-10
