-2.170102e-06 -1.095549e-07
-2.511252e-06 1.395038e-06
-1.972767e-06 2.861500e-06
-4.480703e-07 4.161842e-06
2.274763e-06 4.192774e-06
4.553747e-06 1.896112e-06
4.406784e-06 -1.412900e-06
2.152540e-06 -3.365334e-06
-2.460250e-07 -3.233068e-06
-1.551711e-06 -2.047939e-06
-1.922075e-06 -8.556673e-07
-1.841404e-06 1.289605e-07
-1.392336e-06 9.540863e-07
-5.826774e-07 1.409954e-06
2.665808e-07 1.294007e-06
7.635523e-07 7.809783e-07
8.484500e-07 2.534218e-07
7.437206e-07 -1.051716e-07
5.987802e-07 -3.734957e-07
3.579928e-07 -6.158861e-07
-3.116242e-08 -7.185022e-07
-4.300734e-07 -5.471727e-07
-6.140979e-07 -1.662434e-07
-5.142045e-07 1.930099e-07
-2.724108e-07 3.641804e-07
-5.944166e-08 3.741961e-07
9.014676e-08 3.311819e-07
2.286108e-07 2.588720e-07
3.441857e-07 1.050678e-07
3.434407e-07 -1.184956e-07
1.862389e-07 -2.907303e-07
-3.200383e-08 -3.045051e-07
-1.728749e-07 -1.857493e-07
-1.941853e-07 -4.920186e-08
-1.563712e-07 3.488715e-08
-1.155113e-07 8.336416e-08
-6.526131e-08 1.247403e-07
1.182584e-08 1.400662e-07
8.733409e-08 1.000094e-07
1.136985e-07 2.284565e-08
8.467059e-08 -3.924955e-08
3.811223e-08 -5.884506e-08
6.739724e-09 -5.134718e-08
-8.630428e-09 -4.054382e-08
-1.939059e-08 -3.155104e-08
-2.757668e-08 -2.029182e-08
-3.085628e-08 -7.984437e-09
-3.131189e-08 3.575158e-09
-2.881391e-08 1.738071e-08
-1.690416e-08 3.176404e-08
4.702515e-09 3.544018e-08
2.219723e-08 2.244437e-08
2.335408e-08 4.716017e-09
1.536003e-08 -1.904848e-09
1.478782e-08 -6.247766e-11
2.212672e-08 -6.450962e-09
1.962798e-08 -2.496384e-08
-2.369085e-09 -3.726025e-08
-2.845388e-08 -2.612597e-08
-3.558210e-08 8.000532e-10
-2.111938e-08 1.986418e-08
