2.766303e-08 2.810090e-06
3.864834e-06 3.378831e-06
7.138514e-06 -7.362695e-07
5.376496e-06 -6.880126e-06
-1.402702e-06 -9.574662e-06
-7.989285e-06 -5.513721e-06
-8.451650e-06 1.895087e-06
-3.452405e-06 5.669921e-06
6.020704e-07 3.923153e-06
2.529154e-07 1.646595e-06
-8.427654e-07 2.982539e-06
1.919200e-06 5.200146e-06
6.735696e-06 2.969774e-06
7.506485e-06 -3.437253e-06
2.286708e-06 -7.836464e-06
-3.885447e-06 -6.033363e-06
-5.439069e-06 -8.794856e-07
-2.827947e-06 2.004918e-06
-7.035961e-07 1.310190e-06
-1.224753e-06 4.497972e-07
-1.917942e-06 1.860542e-06
-1.184522e-07 3.689194e-06
2.985300e-06 2.896570e-06
4.081712e-06 -3.229217e-07
2.157621e-06 -2.874649e-06
-5.199315e-07 -2.753855e-06
-1.548393e-06 -1.069004e-06
-1.008326e-06 4.957344e-09
-5.207150e-07 -4.697431e-08
-7.884876e-07 -1.213211e-07
-1.022776e-06 5.036089e-07
-4.464579e-07 1.228078e-06
5.691115e-07 1.163385e-06
1.091666e-06 3.472956e-07
8.070050e-07 -4.221250e-07
2.196705e-07 -6.053457e-07
-1.040369e-07 -3.819746e-07
-1.157435e-07 -1.966088e-07
-1.038323e-07 -1.898864e-07
-2.172932e-07 -1.813081e-07
-3.297626e-07 -2.380809e-08
-2.764084e-07 2.005201e-07
-7.192803e-08 3.120895e-07
1.271764e-07 2.458117e-07
2.014635e-07 9.261333e-08
1.647961e-07 -2.389211e-08
1.055056e-07 -6.638743e-08
7.383880e-08 -8.190764e-08
4.468577e-08 -1.128910e-07
-2.152898e-08 -1.379558e-07
-1.085744e-07 -1.063230e-07
-1.531633e-07 -1.277828e-08
-1.173698e-07 8.439551e-08
-3.176224e-08 1.228126e-07
4.061204e-08 9.631022e-08
6.825367e-08 4.669832e-08
6.638187e-08 9.206666e-09
5.884051e-08 -1.591845e-08
4.638895e-08 -4.115275e-08
1.786560e-08 -6.185874e-08
-2.233325e-08 -6.025451e-08
