6.244559e-08 -6.375025e-08
1.173852e-08 -1.562342e-07
-1.455127e-07 -1.819753e-07
-2.934205e-07 -3.296832e-08
-2.512654e-07 2.075286e-07
-2.406936e-08 3.177743e-07
1.807123e-07 2.094780e-07
2.077481e-07 2.689676e-08
1.221239e-07 -5.588740e-08
7.820562e-08 -4.322382e-08
1.023362e-07 -6.037926e-08
8.620480e-08 -1.495910e-07
-3.573530e-08 -2.108696e-07
-1.839218e-07 -1.431660e-07
-2.276567e-07 2.026684e-08
-1.375414e-07 1.480272e-07
-1.124431e-08 1.575677e-07
4.449063e-08 9.580882e-08
3.258036e-08 6.744659e-08
4.794600e-08 9.820705e-08
1.410106e-07 9.780358e-08
2.282647e-07 -1.995647e-08
1.789607e-07 -2.002234e-07
-1.189478e-08 -2.819696e-07
-1.919778e-07 -1.854860e-07
-2.248268e-07 -1.322831e-08
-1.475308e-07 8.226535e-08
-9.500764e-08 9.028123e-08
-9.612273e-08 1.241982e-07
-3.868830e-08 2.199324e-07
1.391723e-07 2.512064e-07
3.126171e-07 1.009283e-07
3.034319e-07 -1.505693e-07
1.084003e-07 -2.978001e-07
-9.563640e-08 -2.517146e-07
-1.726680e-07 -1.205650e-07
-1.642414e-07 -3.605444e-08
-1.714731e-07 1.186471e-08
-1.820679e-07 1.064004e-07
-9.951867e-08 2.308644e-07
8.407977e-08 2.611554e-07
2.382586e-07 1.340162e-07
2.431968e-07 -5.635000e-08
1.263307e-07 -1.676266e-07
7.105804e-09 -1.655551e-07
-5.321179e-08 -1.221796e-07
-8.876054e-08 -8.996546e-08
-1.320423e-07 -4.401969e-08
-1.473726e-07 4.400105e-08
-8.801710e-08 1.325776e-07
2.141755e-08 1.505041e-07
1.020854e-07 8.681971e-08
1.094246e-07 2.003233e-09
7.051161e-08 -4.646884e-08
3.282252e-08 -5.750923e-08
7.620012e-09 -5.926849e-08
-2.088706e-08 -5.821305e-08
-5.254727e-08 -3.792936e-08
-6.400717e-08 3.674920e-09
-4.201833e-08 4.113264e-08
-3.917061e-09 4.967938e-08
