-2.120427e-07 3.798992e-07
2.070435e-07 6.880504e-07
8.993061e-07 5.272016e-07
1.343175e-06 -2.759179e-07
9.627414e-07 -1.328183e-06
-2.087519e-07 -1.773311e-06
-1.329211e-06 -1.180076e-06
-1.629985e-06 -7.468755e-08
-1.211309e-06 7.288299e-07
-6.824408e-07 1.044828e-06
-2.616771e-07 1.245199e-06
3.619200e-07 1.441471e-06
1.288461e-06 1.194129e-06
1.958796e-06 1.855850e-07
1.714554e-06 -1.141845e-06
6.086634e-07 -1.930292e-06
-6.324926e-07 -1.780861e-06
-1.383612e-06 -1.020824e-06
-1.579715e-06 -1.562450e-07
-1.412330e-06 6.193762e-07
-9.137816e-07 1.276724e-06
-6.133584e-08 1.612236e-06
8.894416e-07 1.353756e-06
1.468561e-06 5.481667e-07
1.414763e-06 -3.840727e-07
8.765782e-07 -1.020623e-06
1.755474e-07 -1.228351e-06
-4.723351e-07 -1.072845e-06
-9.446775e-07 -6.241680e-07
-1.095068e-06 2.014416e-08
-8.281262e-07 6.246431e-07
-2.693224e-07 9.099771e-07
2.764186e-07 7.904461e-07
5.769768e-07 4.334571e-07
6.222950e-07 6.186227e-08
5.155165e-07 -2.292876e-07
3.102481e-07 -4.353228e-07
1.986626e-08 -5.165286e-07
-2.737431e-07 -4.084716e-07
-4.263163e-07 -1.420259e-07
-3.675356e-07 1.314938e-07
-1.770054e-07 2.691479e-07
3.780248e-09 2.556619e-07
1.036870e-07 1.738872e-07
1.427905e-07 9.190082e-08
1.544834e-07 1.610489e-08
1.349664e-07 -6.178845e-08
7.233871e-08 -1.197708e-07
-1.152585e-08 -1.256508e-07
-7.213773e-08 -8.014140e-08
-8.538828e-08 -1.892962e-08
-6.402367e-08 2.342958e-08
-3.511465e-08 3.932666e-08
-1.339827e-08 4.070990e-08
2.546568e-09 3.839593e-08
1.787806e-08 3.301615e-08
3.164938e-08 2.044597e-08
3.736447e-08 5.678118e-10
3.007259e-08 -1.964514e-08
1.245854e-08 -3.074795e-08
-6.164293e-09 -2.875488e-08
