3.468997e-08 1.458992e-07
1.887560e-07 1.324994e-07
2.854369e-07 -2.783483e-08
2.127459e-07 -2.175434e-07
2.458937e-08 -2.860941e-07
-1.342032e-07 -2.070792e-07
-1.813856e-07 -7.722728e-08
-1.549328e-07 1.094279e-08
-1.235399e-07 5.843625e-08
-9.044627e-08 1.062267e-07
-2.188623e-08 1.450276e-07
6.944543e-08 1.278078e-07
1.227035e-07 4.960637e-08
1.041848e-07 -3.316205e-08
4.608157e-08 -6.654175e-08
2.910344e-09 -5.264219e-08
-6.638089e-09 -3.102019e-08
-3.821499e-09 -2.717459e-08
-1.241261e-08 -3.302879e-08
-3.236794e-08 -2.805847e-08
-4.614438e-08 -5.458043e-09
-3.993922e-08 2.251663e-08
-1.690462e-08 3.777035e-08
6.383624e-09 3.315290e-08
1.573236e-08 1.855027e-08
1.309345e-08 9.993946e-09
1.304508e-08 1.145396e-08
2.363864e-08 1.018096e-08
3.393814e-08 -6.352339e-09
2.591110e-08 -3.134591e-08
-1.922696e-09 -4.290672e-08
-2.920607e-08 -2.885816e-08
-3.535432e-08 -1.665565e-09
-2.189007e-08 1.588139e-08
-7.743722e-09 1.637990e-08
-4.474553e-09 1.263239e-08
-3.812911e-09 1.693924e-08
7.289652e-09 2.332764e-08
2.547199e-08 1.622282e-08
3.255090e-08 -6.585107e-09
1.811913e-08 -2.770215e-08
-6.432332e-09 -2.937002e-08
-2.065339e-08 -1.357054e-08
-1.789436e-08 2.231474e-09
-9.445375e-09 6.866826e-09
-6.736625e-09 6.079892e-09
-6.811241e-09 9.916529e-09
1.429670e-10 1.630538e-08
1.357501e-08 1.391928e-08
2.074464e-08 -5.188557e-10
1.298388e-08 -1.540266e-08
-2.601392e-09 -1.766053e-08
-1.180691e-08 -8.078928e-09
-1.000424e-08 1.560967e-09
-4.774094e-09 4.020634e-09
-3.260624e-09 3.269580e-09
-3.270444e-09 5.313236e-09
7.247171e-10 8.396813e-09
7.532232e-09 6.348793e-09
1.012789e-08 -1.363877e-09
5.310527e-09 -7.966942e-09
