6.751305e-06 -9.811421e-08
6.513977e-06 -7.350062e-06
-1.053218e-06 -1.148801e-05
-8.947254e-06 -7.256832e-06
-9.991346e-06 8.824451e-07
-5.286080e-06 5.357837e-06
-1.326756e-06 4.533217e-06
-1.187712e-06 3.308616e-06
-1.126085e-06 5.297543e-06
3.067739e-06 7.333167e-06
8.977330e-06 4.023077e-06
9.924624e-06 -3.988073e-06
3.757413e-06 -9.735672e-06
-3.984142e-06 -8.248468e-06
-6.743324e-06 -2.293160e-06
-4.359084e-06 1.757186e-06
-1.778103e-06 1.776026e-06
-1.854499e-06 1.101303e-06
-2.315973e-06 2.640909e-06
-1.353480e-07 4.703962e-06
3.655521e-06 3.842539e-06
5.272458e-06 -5.119959e-08
3.160358e-06 -3.491469e-06
-2.867937e-07 -3.764242e-06
-1.987549e-06 -1.771284e-06
-1.575707e-06 -1.511502e-07
-8.608313e-07 7.464985e-08
-9.678415e-07 -6.019548e-09
-1.210126e-06 6.265167e-07
-5.944942e-07 1.487400e-06
6.324690e-07 1.503443e-06
1.380114e-06 5.474953e-07
1.120953e-06 -4.855222e-07
3.612646e-07 -8.296907e-07
-1.491077e-07 -5.757221e-07
-2.252379e-07 -2.713799e-07
-1.797246e-07 -1.890934e-07
-2.568170e-07 -1.727732e-07
-3.699575e-07 -1.904006e-08
-3.229428e-07 2.279063e-07
-9.543046e-08 3.699948e-07
1.486499e-07 3.062981e-07
2.552168e-07 1.203603e-07
2.157239e-07 -3.891591e-08
1.270307e-07 -1.040651e-07
6.626801e-08 -1.134908e-07
2.737964e-08 -1.253721e-07
-3.271549e-08 -1.390141e-07
-1.145209e-07 -1.084055e-07
-1.632435e-07 -1.650164e-08
-1.326902e-07 8.853368e-08
-4.166037e-08 1.390134e-07
4.552607e-08 1.154935e-07
8.442498e-08 5.577086e-08
8.141750e-08 4.745408e-09
6.467484e-08 -2.623235e-08
4.509975e-08 -4.878686e-08
1.553707e-08 -6.543121e-08
-2.367090e-08 -6.325749e-08
-5.461651e-08 -3.521646e-08
-5.903401e-08 5.234882e-09
