-6.471181e-09 -7.996162e-08
-9.148245e-08 -7.655219e-08
-1.492994e-07 1.434415e-08
-1.046847e-07 1.271506e-07
1.477538e-08 1.601324e-07
1.070316e-07 9.105261e-08
1.090843e-07 -5.514730e-09
5.349379e-08 -5.035488e-08
1.079657e-08 -3.854357e-08
7.371506e-09 -1.905765e-08
1.523172e-08 -2.454494e-08
2.502336e-09 -4.152144e-08
-2.769658e-08 -3.956334e-08
-4.700610e-08 -1.133492e-08
-3.727654e-08 2.077794e-08
-9.858755e-09 3.108069e-08
8.481017e-09 1.775804e-08
4.939158e-09 2.551178e-09
-6.848655e-09 4.925485e-09
-4.483893e-09 1.989412e-08
1.571013e-08 2.473845e-08
3.357563e-08 6.962689e-09
2.886832e-08 -1.971021e-08
5.465424e-09 -3.095036e-08
-1.364823e-08 -2.018616e-08
-1.430013e-08 -4.607850e-09
-6.587604e-09 -1.702827e-09
-8.468422e-09 -7.092390e-09
-1.980755e-08 -2.711711e-09
-2.197575e-08 1.601068e-08
-3.838168e-09 3.112892e-08
2.100619e-08 2.427123e-08
2.949397e-08 6.089440e-10
1.684666e-08 -1.726334e-08
3.053266e-10 -1.692030e-08
-4.595261e-09 -8.387042e-09
-2.167538e-09 -6.607971e-09
-5.874315e-09 -1.028539e-08
-1.621322e-08 -6.141073e-09
-1.902152e-08 9.273624e-09
-5.852660e-09 2.204386e-08
1.279618e-08 1.820889e-08
1.969744e-08 1.733045e-09
1.145470e-08 -1.093330e-08
2.362084e-10 -1.107886e-08
-3.429930e-09 -5.477063e-09
-2.247891e-09 -3.734754e-09
-4.231273e-09 -5.036030e-09
-9.242745e-09 -1.988847e-09
-9.464460e-09 6.382540e-09
-1.551234e-09 1.204598e-08
7.796906e-09 8.675253e-09
1.016874e-08 -1.356548e-10
5.354089e-09 -5.917676e-09
-5.828250e-11 -5.502606e-09
-1.694079e-09 -2.813907e-09
-1.329614e-09 -1.917427e-09
-2.193971e-09 -2.092070e-09
-3.875683e-09 -5.959292e-10
-3.595198e-09 2.468819e-09
-7.036567e-10 4.217350e-09
