-1.311088e-06 1.821973e-07
-1.299036e-06 1.534125e-06
-2.776512e-07 2.448577e-06
9.965768e-07 2.680414e-06
2.551209e-06 2.337080e-06
4.113105e-06 7.712025e-07
4.386832e-06 -2.040956e-06
2.466196e-06 -4.705195e-06
-1.008491e-06 -5.481301e-06
-4.217097e-06 -3.714219e-06
-5.449082e-06 -3.285234e-07
-4.250897e-06 2.833657e-06
-1.637546e-06 4.311387e-06
8.328011e-07 3.975273e-06
2.346553e-06 2.751825e-06
3.158493e-06 1.397489e-06
3.615218e-06 -1.988168e-07
3.252577e-06 -2.265404e-06
1.377101e-06 -4.039021e-06
-1.537734e-06 -4.096454e-06
-3.707607e-06 -2.008227e-06
-3.699160e-06 8.375834e-07
-1.925127e-06 2.517441e-06
-5.927134e-08 2.465212e-06
8.470101e-07 1.659192e-06
1.148627e-06 1.080541e-06
1.535538e-06 6.141743e-07
1.837571e-06 -3.018772e-07
1.348024e-06 -1.472302e-06
2.536614e-08 -1.977286e-06
-1.216091e-06 -1.332230e-06
-1.507130e-06 -1.228682e-07
-9.337344e-07 6.864883e-07
-2.480247e-07 7.725164e-07
6.887827e-08 5.451734e-07
1.617869e-07 4.252820e-07
3.274518e-07 3.720517e-07
5.294357e-07 1.485565e-07
5.127967e-07 -2.254895e-07
2.143240e-07 -4.737486e-07
-1.362233e-07 -4.201008e-07
-2.942344e-07 -1.770667e-07
-2.425260e-07 2.686411e-08
-1.310047e-07 9.422867e-08
-7.014732e-08 8.952584e-08
-4.710110e-08 9.670846e-08
-5.034707e-09 1.191414e-07
6.379510e-08 1.104503e-07
1.160823e-07 5.114188e-08
1.146327e-07 -2.763355e-08
6.575777e-08 -7.959330e-08
6.860642e-09 -8.544165e-08
-3.060625e-08 -6.137399e-08
-4.374298e-08 -3.454930e-08
-4.837255e-08 -1.517850e-08
-5.255486e-08 5.789015e-09
-4.612088e-08 3.444273e-08
-1.825008e-08 5.778350e-08
2.152668e-08 5.602762e-08
4.835801e-08 2.738796e-08
4.750636e-08 -7.677005e-09
