-2.736855e-07 5.422913e-07
-1.830918e-06 3.307932e-06
2.624667e-06 9.840854e-06
1.537370e-05 7.303629e-06
1.959023e-05 -9.490789e-06
5.082206e-06 -2.295766e-05
-1.410266e-05 -1.739609e-05
-1.904924e-05 -1.999120e-08
-9.312232e-06 1.091066e-05
9.367481e-07 9.152540e-06
2.982960e-06 3.456362e-06
1.089018e-06 2.153863e-06
2.040778e-06 3.530022e-06
5.231555e-06 2.015443e-06
5.604808e-06 -2.582731e-06
1.808800e-06 -5.599226e-06
-2.445628e-06 -4.372350e-06
-3.703473e-06 -1.009093e-06
-2.356022e-06 1.178812e-06
-8.172467e-07 1.406810e-06
-2.503824e-07 1.015516e-06
-6.159851e-08 9.870040e-07
4.306722e-07 1.029102e-06
1.000530e-06 5.968337e-07
1.084547e-06 -1.748044e-07
6.153069e-07 -7.202078e-07
2.470124e-08 -7.550258e-07
-3.059376e-07 -4.754527e-07
-3.613979e-07 -2.048169e-07
-3.313453e-07 -5.387743e-08
-3.168018e-07 6.373255e-08
-2.612432e-07 2.118279e-07
-1.028758e-07 3.247112e-07
1.017280e-07 3.078370e-07
2.344441e-07 1.702457e-07
2.471293e-07 1.098955e-08
1.867991e-07 -9.623264e-08
1.089272e-07 -1.525056e-07
2.280802e-08 -1.763494e-07
-6.966106e-08 -1.565129e-07
-1.347513e-07 -8.517535e-08
-1.403306e-07 3.410150e-09
-1.001400e-07 6.351246e-08
-5.206658e-08 8.723872e-08
-9.404009e-09 9.383472e-08
3.607269e-08 8.620242e-08
7.572740e-08 5.144125e-08
8.407430e-08 -2.203154e-09
5.709345e-08 -4.262357e-08
2.108831e-08 -5.253825e-08
-2.566236e-09 -4.538851e-08
-1.769637e-08 -3.671778e-08
-3.140979e-08 -2.362497e-08
-3.583765e-08 -2.708107e-09
-2.529915e-08 1.372127e-08
-1.254925e-08 1.565252e-08
-1.019015e-08 1.376916e-08
-8.974113e-09 2.151878e-08
6.218942e-09 2.973327e-08
2.721792e-08 1.939245e-08
3.054766e-08 -5.615199e-09
