-2.091995e-06 -1.291741e-06
-4.839293e-06 1.179957e-06
-3.570322e-06 4.229275e-06
-2.620145e-06 3.595061e-06
-4.715558e-06 5.684220e-06
-1.665600e-06 1.223283e-05
9.252793e-06 1.351319e-05
1.834628e-05 3.570730e-06
1.595749e-05 -1.066690e-05
3.879178e-06 -1.771512e-05
-7.914292e-06 -1.385311e-05
-1.231509e-05 -4.757006e-06
-1.018667e-05 2.434163e-06
-6.235613e-06 5.578415e-06
-3.067485e-06 6.648384e-06
-5.935692e-08 7.270030e-06
3.714698e-06 6.711222e-06
7.165206e-06 3.624195e-06
7.965532e-06 -1.474105e-06
5.059068e-06 -5.947249e-06
4.366337e-08 -7.165324e-06
-3.995161e-06 -4.793728e-06
-5.044438e-06 -9.687688e-07
-3.582154e-06 1.756912e-06
-1.555719e-06 2.525483e-06
-2.651097e-07 2.242832e-06
4.706601e-07 1.936268e-06
1.279107e-06 1.585791e-06
2.021595e-06 6.602520e-07
1.979169e-06 -7.239421e-07
9.479473e-07 -1.697707e-06
-3.545375e-07 -1.624872e-06
-1.049483e-06 -7.911150e-07
-9.561272e-07 1.353855e-08
-5.486364e-07 3.448591e-07
-2.770589e-07 3.554312e-07
-1.662822e-07 3.619849e-07
-1.998039e-08 4.269285e-07
2.190783e-07 3.992379e-07
4.101345e-07 1.941588e-07
4.136275e-07 -8.829810e-08
2.428637e-07 -2.817678e-07
2.724163e-08 -3.100222e-07
-1.168572e-07 -2.214817e-07
-1.653438e-07 -1.116955e-07
-1.655384e-07 -3.277070e-08
-1.597888e-07 2.953154e-08
-1.375447e-07 1.035946e-07
-6.436265e-08 1.722479e-07
5.229499e-08 1.807229e-07
1.481956e-07 1.043204e-07
1.631107e-07 -1.148222e-08
1.025767e-07 -9.251366e-08
2.491009e-08 -1.073020e-07
-2.407778e-08 -8.245876e-08
-4.549127e-08 -5.505718e-08
-6.013420e-08 -3.168951e-08
-6.990605e-08 3.460444e-10
-5.889093e-08 3.958101e-08
-2.237580e-08 6.447004e-08
2.035395e-08 5.798322e-08
