4.553532e-06 3.021649e-07
5.428163e-06 -4.789471e-06
4.788536e-07 -9.657847e-06
-7.554063e-06 -8.007375e-06
-1.085984e-05 -8.122686e-08
-6.578616e-06 6.583427e-06
-3.362938e-07 6.696240e-06
1.587515e-06 3.401093e-06
3.689168e-07 2.831160e-06
1.775885e-06 4.965290e-06
6.712000e-06 3.980903e-06
9.128835e-06 -2.512918e-06
4.460793e-06 -8.953948e-06
-3.561532e-06 -8.697775e-06
-7.383838e-06 -2.585149e-06
-4.957702e-06 2.563585e-06
-1.212143e-06 2.841377e-06
-6.047413e-07 1.139058e-06
-1.692158e-06 1.678793e-06
-5.385810e-07 3.862831e-06
2.999724e-06 3.789724e-06
5.086216e-06 2.738968e-07
3.295646e-06 -3.419637e-06
-3.379028e-07 -3.932923e-06
-2.277252e-06 -1.755623e-06
-1.726133e-06 1.642148e-07
-6.746806e-07 3.695653e-07
-6.664480e-07 1.204463e-09
-1.078696e-06 4.430568e-07
-6.423554e-07 1.356506e-06
5.762048e-07 1.490963e-06
1.390669e-06 5.457046e-07
1.125131e-06 -5.416903e-07
2.980291e-07 -8.811809e-07
-2.343862e-07 -5.540245e-07
-2.569425e-07 -1.977414e-07
-1.499529e-07 -1.331353e-07
-2.151634e-07 -1.635462e-07
-3.512491e-07 -3.088209e-08
-3.184248e-07 2.239303e-07
-8.415926e-08 3.720260e-07
1.667835e-07 2.970088e-07
2.629759e-07 9.609343e-08
2.026133e-07 -6.262380e-08
1.019414e-07 -1.102284e-07
4.773690e-08 -1.010762e-07
2.488011e-08 -1.084851e-07
-2.601820e-08 -1.306190e-07
-1.105628e-07 -1.075494e-07
-1.637617e-07 -1.361833e-08
-1.291619e-07 9.610364e-08
-2.974846e-08 1.424868e-07
5.756180e-08 1.071856e-07
8.537178e-08 4.090304e-08
7.136678e-08 -4.109605e-09
5.437380e-08 -2.416893e-08
4.221056e-08 -4.267041e-08
1.695667e-08 -6.306115e-08
-2.456939e-08 -6.375932e-08
-5.787257e-08 -3.285850e-08
-5.902746e-08 1.129349e-08
