-3.395441e-08 7.058850e-07
7.972142e-07 7.961872e-07
1.550710e-06 -3.460002e-08
1.309428e-06 -1.391325e-06
-7.300175e-08 -2.126821e-06
-1.558778e-06 -1.471861e-06
-1.944564e-06 -1.698976e-08
-1.247798e-06 9.635416e-07
-5.068399e-07 1.064685e-06
-2.762151e-07 1.022265e-06
2.938330e-08 1.385877e-06
1.036025e-06 1.561961e-06
2.190660e-06 6.488890e-07
2.251314e-06 -1.109143e-06
8.816774e-07 -2.350406e-06
-8.402956e-07 -2.140145e-06
-1.680308e-06 -9.666662e-07
-1.546640e-06 5.455891e-08
-1.190472e-06 5.421270e-07
-9.663564e-07 9.479122e-07
-4.737491e-07 1.506459e-06
5.636047e-07 1.705383e-06
1.609405e-06 1.009987e-06
1.839802e-06 -2.824771e-07
1.113967e-06 -1.280149e-06
7.918098e-08 -1.452921e-06
-6.131622e-07 -1.037113e-06
-8.770905e-07 -5.235547e-07
-9.454222e-07 -7.766986e-08
-8.737463e-07 3.918286e-07
-5.252792e-07 8.278107e-07
7.310916e-08 9.665186e-07
6.138374e-07 6.716126e-07
7.994085e-07 1.369888e-07
6.211524e-07 -3.096380e-07
2.910310e-07 -5.057353e-07
-9.135790e-09 -4.986797e-07
-2.295462e-07 -3.813644e-07
-3.648512e-07 -1.915322e-07
-3.817527e-07 3.870206e-08
-2.639878e-07 2.294526e-07
-7.037369e-08 3.000937e-07
9.857309e-08 2.435417e-07
1.810544e-07 1.232932e-07
1.820241e-07 7.892290e-09
1.365316e-07 -7.202216e-08
7.155889e-08 -1.136844e-07
3.036842e-09 -1.189139e-07
-5.305582e-08 -9.112251e-08
-8.197287e-08 -4.282435e-08
-7.970812e-08 6.340015e-09
-5.518919e-08 4.015420e-08
-2.317027e-08 5.295886e-08
4.302724e-09 4.889281e-08
2.245333e-08 3.622310e-08
3.272817e-08 2.086087e-08
3.716747e-08 3.796590e-09
3.400141e-08 -1.486275e-08
2.051195e-08 -3.040647e-08
-1.756930e-10 -3.517205e-08
-1.858146e-08 -2.655002e-08
