9.989143e-09 2.197631e-08
2.876008e-08 1.693766e-08
4.139141e-08 -1.881793e-09
3.911104e-08 -2.797198e-08
1.770915e-08 -4.901861e-08
-1.471641e-08 -4.974254e-08
-3.754393e-08 -2.781704e-08
-3.751150e-08 -7.557974e-10
-2.344780e-08 1.233326e-08
-1.415574e-08 1.156052e-08
-1.488075e-08 1.238974e-08
-1.302549e-08 2.277066e-08
2.117482e-09 3.199047e-08
2.293538e-08 2.558587e-08
3.227452e-08 5.283954e-09
2.466385e-08 -1.277085e-08
1.150098e-08 -1.793242e-08
4.739651e-09 -1.599254e-08
2.103280e-09 -1.779598e-08
-6.791971e-09 -2.238622e-08
-2.274793e-08 -1.787501e-08
-3.235242e-08 1.099433e-09
-2.359392e-08 2.288977e-08
-1.804414e-09 3.028079e-08
1.532276e-08 2.006383e-08
1.790597e-08 5.591429e-09
1.325262e-08 -8.904446e-10
1.269770e-08 -2.443208e-09
1.470373e-08 -9.366175e-09
7.996338e-09 -2.101623e-08
-9.815216e-09 -2.399264e-08
-2.501945e-08 -1.013362e-08
-2.330024e-08 1.061441e-08
-7.372503e-09 2.081977e-08
6.951612e-09 1.564276e-08
1.020993e-08 5.860965e-09
7.882358e-09 1.633395e-09
8.572073e-09 5.623343e-10
1.064136e-08 -4.782491e-09
6.086398e-09 -1.309161e-08
-5.650381e-09 -1.487813e-08
-1.475499e-08 -5.882238e-09
-1.301311e-08 6.320304e-09
-3.639286e-09 1.142560e-08
3.819819e-09 8.085526e-09
5.167276e-09 3.046303e-09
4.134752e-09 1.056874e-09
4.646411e-09 1.768472e-10
5.193344e-09 -2.780807e-09
2.421951e-09 -6.328969e-09
-2.834117e-09 -6.356023e-09
-6.070851e-09 -2.158118e-09
-4.800417e-09 2.429210e-09
-1.242425e-09 3.792613e-09
9.654115e-10 2.331764e-09
9.409893e-10 8.730368e-10
5.020312e-10 8.047320e-10
1.046676e-09 1.036376e-09
1.881276e-09 2.354618e-10
1.621712e-09 -1.212779e-09
2.270875e-10 -1.860566e-09
