-2.778415e-06 -2.458951e-07
-3.820665e-06 2.674122e-06
-2.267761e-06 6.431125e-06
2.587035e-06 8.798362e-06
9.230511e-06 6.427876e-06
1.239534e-05 -1.342811e-06
8.470906e-06 -9.332522e-06
3.424170e-07 -1.180694e-05
-6.241115e-06 -8.414195e-06
-8.588079e-06 -2.868964e-06
-7.705791e-06 1.831868e-06
-5.194589e-06 4.987269e-06
-1.749320e-06 6.524762e-06
1.911420e-06 6.069512e-06
4.570319e-06 3.758832e-06
5.413310e-06 6.359578e-07
4.563083e-06 -2.177717e-06
2.524011e-06 -4.059947e-06
-1.935500e-07 -4.566097e-06
-2.711104e-06 -3.357039e-06
-3.830694e-06 -8.727018e-07
-3.046864e-06 1.489611e-06
-1.206525e-06 2.471424e-06
3.138769e-07 2.080033e-06
9.503833e-07 1.268113e-06
1.125835e-06 6.825332e-07
1.273811e-06 1.721977e-07
1.220762e-06 -5.268561e-07
6.541653e-07 -1.147833e-06
-2.180293e-07 -1.200670e-06
-8.083147e-07 -6.534478e-07
-8.134355e-07 8.926335e-09
-4.708626e-07 3.472834e-07
-1.748210e-07 3.587758e-07
-5.120972e-08 2.954025e-07
2.767760e-08 2.906760e-07
1.632190e-07 2.720116e-07
2.971062e-07 1.464861e-07
3.189979e-07 -5.337683e-08
2.072832e-07 -2.130454e-07
4.004845e-08 -2.569494e-07
-9.052142e-08 -2.000765e-07
-1.487684e-07 -1.071529e-07
-1.559045e-07 -2.619528e-08
-1.424488e-07 3.846368e-08
-1.104185e-07 9.960885e-08
-4.423657e-08 1.471902e-07
4.843219e-08 1.476818e-07
1.233365e-07 8.566714e-08
1.372450e-07 -7.064883e-09
9.142850e-08 -7.633790e-08
2.664297e-08 -9.511464e-08
-2.083889e-08 -7.805604e-08
-4.582673e-08 -5.135571e-08
-5.884842e-08 -2.386239e-08
-6.124846e-08 7.675818e-09
-4.574307e-08 3.847329e-08
-1.400278e-08 5.388123e-08
1.823647e-08 4.570901e-08
3.477993e-08 2.193824e-08
3.237378e-08 -1.262823e-09
