2.597537e-06 2.908167e-06
6.569156e-06 2.423929e-07
6.530100e-06 -6.504236e-06
-5.016698e-07 -1.092784e-05
-8.727552e-06 -7.115630e-06
-1.003594e-05 1.572139e-06
-4.431792e-06 6.504248e-06
6.088447e-07 4.782373e-06
5.369072e-07 1.945793e-06
-8.168485e-07 3.120104e-06
1.980192e-06 5.604001e-06
7.261499e-06 3.339856e-06
8.244509e-06 -3.652141e-06
2.568853e-06 -8.571910e-06
-4.267037e-06 -6.641236e-06
-6.020935e-06 -9.332260e-07
-3.120818e-06 2.301279e-06
-7.064379e-07 1.555923e-06
-1.192086e-06 5.662811e-07
-1.900359e-06 2.002191e-06
2.718880e-08 3.855158e-06
3.256328e-06 2.899293e-06
4.258736e-06 -5.436259e-07
2.093983e-06 -3.126701e-06
-7.136503e-07 -2.836573e-06
-1.677343e-06 -1.000926e-06
-1.032640e-06 7.873539e-08
-5.317842e-07 -1.868907e-08
-8.222089e-07 -7.374976e-08
-1.011897e-06 5.967686e-07
-3.507865e-07 1.290028e-06
6.803523e-07 1.123842e-06
1.124085e-06 2.437451e-07
7.552626e-07 -4.947114e-07
1.555048e-07 -6.083064e-07
-1.302912e-07 -3.546325e-07
-1.185463e-07 -1.825074e-07
-1.144449e-07 -1.848898e-07
-2.324477e-07 -1.606496e-07
-3.235609e-07 1.075415e-08
-2.426550e-07 2.208578e-07
-3.457812e-08 3.001510e-07
1.418015e-07 2.133409e-07
1.901069e-07 6.509967e-08
1.438879e-07 -3.281732e-08
9.070595e-08 -6.189867e-08
6.734761e-08 -7.552302e-08
3.991854e-08 -1.085577e-07
-2.751016e-08 -1.309472e-07
-1.101333e-07 -9.338830e-08
-1.438882e-07 3.623862e-11
-1.004774e-07 8.667200e-08
-1.918024e-08 1.119995e-07
4.054667e-08 8.172295e-08
5.944947e-08 3.950862e-08
5.915338e-08 1.076731e-08
5.751512e-08 -1.300384e-08
4.628170e-08 -4.188775e-08
1.410911e-08 -6.300873e-08
-2.727798e-08 -5.659362e-08
-5.178463e-08 -2.402367e-08
