-6.768646e-07 1.769612e-06
1.171497e-06 2.396780e-06
3.096439e-06 9.386232e-07
2.977405e-06 -1.761462e-06
6.480244e-07 -3.213389e-06
-1.650726e-06 -2.194038e-06
-1.987533e-06 -1.681352e-07
-8.746450e-07 7.803276e-07
-9.309946e-08 4.035424e-07
-3.035727e-07 1.015991e-09
-6.320047e-07 3.775921e-07
-2.294662e-07 9.674453e-07
6.041303e-07 8.869347e-07
9.934171e-07 1.418247e-07
6.473326e-07 -5.155053e-07
7.592631e-08 -5.863236e-07
-1.654318e-07 -3.010781e-07
-8.961924e-08 -1.468091e-07
-7.493695e-08 -2.284533e-07
-2.819269e-07 -2.505156e-07
-4.708160e-07 -2.335113e-10
-3.620138e-07 3.547023e-07
-5.567934e-09 4.883770e-07
2.931685e-07 3.098730e-07
3.361298e-07 2.980741e-08
2.081369e-07 -1.229380e-07
9.911007e-08 -1.353478e-07
6.242176e-08 -1.345381e-07
1.289358e-08 -1.726969e-07
-9.717296e-08 -1.753357e-07
-1.955720e-07 -7.895667e-08
-1.910606e-07 6.540211e-08
-9.008032e-08 1.533532e-07
2.153941e-08 1.439898e-07
7.841414e-08 8.053523e-08
8.132868e-08 2.119015e-08
6.214698e-08 -1.262049e-08
4.192822e-08 -2.767835e-08
2.593182e-08 -3.413186e-08
1.264562e-08 -3.842824e-08
-3.511641e-09 -4.180759e-08
-2.525556e-08 -3.655448e-08
-4.193574e-08 -1.485890e-08
-3.754502e-08 1.384069e-08
-1.452069e-08 2.692522e-08
3.189189e-09 1.706337e-08
-9.936962e-11 4.591671e-09
-9.785501e-09 1.049597e-08
-1.588741e-09 2.620992e-08
2.269910e-08 2.515619e-08
3.615053e-08 7.680760e-10
2.333415e-08 -2.348443e-08
2.586463e-10 -2.567377e-08
-9.192719e-09 -1.280422e-08
-4.747516e-09 -6.810210e-09
-5.310434e-09 -1.223550e-08
-1.825858e-08 -1.204110e-08
-2.769726e-08 4.986823e-09
-1.705195e-08 2.585252e-08
7.105906e-09 2.933269e-08
2.267647e-08 1.310568e-08
