-1.916668e-07 2.480358e-07
3.610446e-08 5.068510e-07
4.633956e-07 5.491813e-07
9.189256e-07 2.533503e-07
1.113712e-06 -4.228092e-07
7.160162e-07 -1.183347e-06
-1.899662e-07 -1.483316e-06
-1.075474e-06 -1.081732e-06
-1.475066e-06 -2.512447e-07
-1.332571e-06 5.714723e-07
-8.425136e-07 1.156160e-06
-1.517607e-07 1.452865e-06
6.495352e-07 1.383673e-06
1.354693e-06 8.567225e-07
1.658920e-06 -3.315075e-08
1.390409e-06 -9.655546e-07
6.366480e-07 -1.592667e-06
-3.517677e-07 -1.705198e-06
-1.268677e-06 -1.237700e-06
-1.770029e-06 -2.856946e-07
-1.584151e-06 8.060680e-07
-7.613379e-07 1.527683e-06
2.587279e-07 1.559364e-06
9.775679e-07 1.033503e-06
1.231707e-06 3.433057e-07
1.168667e-06 -2.696691e-07
8.941826e-07 -8.038745e-07
3.428723e-07 -1.205328e-06
-4.421700e-07 -1.217260e-06
-1.095307e-06 -6.733727e-07
-1.195940e-06 1.697207e-07
-7.214420e-07 7.868219e-07
-7.897868e-08 8.852747e-07
3.346393e-07 6.269203e-07
4.772950e-07 3.309729e-07
5.230063e-07 1.007688e-07
5.245304e-07 -1.563020e-07
3.656354e-07 -4.417572e-07
1.322346e-08 -5.747982e-07
-3.417576e-07 -4.180249e-07
-4.655387e-07 -7.868774e-08
-3.307265e-07 1.945219e-07
-1.122639e-07 2.684185e-07
2.900386e-08 2.103720e-07
8.364027e-08 1.429342e-07
1.205827e-07 9.635139e-08
1.566433e-07 2.880749e-08
1.462906e-07 -6.702872e-08
6.844875e-08 -1.358932e-07
-3.032232e-08 -1.300691e-07
-8.618540e-08 -6.640358e-08
-8.243826e-08 -1.231725e-09
-5.076267e-08 3.006624e-08
-2.537085e-08 3.430845e-08
-1.253751e-08 3.386909e-08
-1.240095e-10 3.674534e-08
1.835050e-08 3.446470e-08
3.507881e-08 1.904586e-08
3.821346e-08 -4.967972e-09
2.528347e-08 -2.431629e-08
5.615428e-09 -2.965945e-08
