-4.602078e-06 2.512003e-06
-3.671488e-06 4.853368e-06
-3.369640e-06 7.009612e-06
-3.616602e-07 1.159670e-05
8.873930e-06 1.253274e-05
1.706806e-05 3.746729e-06
1.507207e-05 -9.184564e-06
4.304962e-06 -1.565405e-05
-6.087549e-06 -1.244812e-05
-1.009490e-05 -4.845132e-06
-8.753690e-06 1.294510e-06
-5.628588e-06 4.452845e-06
-2.460361e-06 5.682953e-06
5.913443e-07 5.581317e-06
3.132411e-06 4.083305e-06
4.395634e-06 1.593076e-06
4.105564e-06 -9.444854e-07
2.637111e-06 -2.735580e-06
6.007689e-07 -3.384974e-06
-1.311353e-06 -2.794762e-06
-2.377542e-06 -1.287256e-06
-2.247975e-06 3.345563e-07
-1.296162e-06 1.272055e-06
-2.991882e-07 1.350541e-06
2.696789e-07 1.004078e-06
5.025523e-07 6.781842e-07
6.722524e-07 4.225096e-07
8.070052e-07 7.105467e-08
7.252011e-07 -3.792272e-07
3.542351e-07 -7.045627e-07
-1.256621e-07 -7.083552e-07
-4.497812e-07 -4.300604e-07
-5.070514e-07 -8.589318e-08
-3.892387e-07 1.458035e-07
-2.430490e-07 2.491314e-07
-1.178066e-07 3.019388e-07
2.944682e-08 3.314277e-07
2.096712e-07 2.783401e-07
3.366994e-07 1.027839e-07
3.127628e-07 -1.212241e-07
1.509995e-07 -2.584589e-07
-2.959133e-08 -2.485755e-07
-1.286152e-07 -1.518277e-07
-1.464460e-07 -5.895499e-08
-1.364646e-07 3.263029e-09
-1.186213e-07 5.863068e-08
-7.310013e-08 1.110067e-07
2.564948e-09 1.288396e-07
7.148844e-08 9.336828e-08
9.675336e-08 2.845943e-08
7.784960e-08 -2.567293e-08
4.069058e-08 -4.924377e-08
8.838478e-09 -4.720444e-08
-7.918375e-09 -3.390045e-08
-1.151393e-08 -2.309608e-08
-1.308676e-08 -2.132120e-08
-2.356749e-08 -2.088816e-08
-3.809579e-08 -7.113468e-09
-3.764838e-08 1.974272e-08
-1.449970e-08 3.824572e-08
1.242996e-08 3.134204e-08
