-3.185134e-07 -3.523691e-07
-6.108066e-07 -2.617981e-07
-9.123423e-07 7.405742e-09
-1.009944e-06 6.261451e-07
-4.721223e-07 1.281839e-06
4.900324e-07 1.290270e-06
1.099943e-06 5.835635e-07
9.992648e-07 -1.948133e-07
5.526490e-07 -5.428493e-07
2.143051e-07 -5.594886e-07
1.464190e-08 -5.489661e-07
-2.365383e-07 -5.356020e-07
-5.244234e-07 -3.400579e-07
-6.229271e-07 4.788690e-08
-4.252445e-07 3.928607e-07
-9.046221e-08 4.933954e-07
1.617254e-07 3.847163e-07
2.753511e-07 2.218657e-07
3.185911e-07 7.248230e-08
3.140659e-07 -9.034384e-08
2.136213e-07 -2.509547e-07
2.016359e-08 -3.175365e-07
-1.621515e-07 -2.384708e-07
-2.317562e-07 -7.968329e-08
-1.921388e-07 5.012062e-08
-1.170550e-07 1.105936e-07
-5.073707e-08 1.310323e-07
1.429578e-08 1.328646e-07
7.985907e-08 1.016767e-07
1.146229e-07 3.348224e-08
9.574990e-08 -3.571536e-08
4.526697e-08 -6.624329e-08
4.332131e-09 -5.834570e-08
-1.246984e-08 -4.102029e-08
-1.959059e-08 -3.111754e-08
-2.879941e-08 -2.226019e-08
-3.513949e-08 -7.093401e-09
-3.203604e-08 9.354278e-09
-2.264958e-08 2.029720e-08
-1.183169e-08 2.639773e-08
1.080774e-09 2.893539e-08
1.538291e-08 2.415026e-08
2.383799e-08 1.116036e-08
2.181007e-08 -1.891660e-09
1.562781e-08 -7.436458e-09
1.373136e-08 -9.574493e-09
1.292984e-08 -1.708881e-08
2.565073e-09 -2.735748e-08
-1.753416e-08 -2.659707e-08
-3.208859e-08 -8.576885e-09
-2.773034e-08 1.432955e-08
-9.741063e-09 2.438837e-08
4.726566e-09 1.891189e-08
7.737095e-09 1.084530e-08
7.804765e-09 9.748738e-09
1.463956e-08 9.491406e-09
2.322840e-08 -1.016740e-09
1.947098e-08 -1.933781e-08
7.986917e-11 -2.916052e-08
-2.024731e-08 -1.965022e-08
-2.484452e-08 6.867414e-10
