1.648292e-08 -1.045046e-07
-9.484061e-08 -1.522868e-07
-2.499037e-07 -6.661582e-08
-2.768491e-07 1.594576e-07
-8.527913e-08 3.341644e-07
1.721931e-07 2.813547e-07
2.705802e-07 6.718708e-08
1.812465e-07 -9.107248e-08
7.180608e-08 -9.943537e-08
6.093665e-08 -6.802057e-08
7.877154e-08 -1.174247e-07
1.436971e-11 -2.030570e-07
-1.623276e-07 -1.852409e-07
-2.621256e-07 -2.503075e-08
-1.989282e-07 1.555946e-07
-3.679982e-08 2.127834e-07
7.454544e-08 1.405103e-07
7.427729e-08 6.256363e-08
5.162783e-08 6.980785e-08
1.161392e-07 9.993682e-08
2.314309e-07 1.862279e-08
2.341482e-07 -1.831014e-07
4.215438e-08 -3.331444e-07
-2.092134e-07 -2.684882e-07
-3.057920e-07 -4.338444e-08
-2.089688e-07 1.307827e-07
-8.423835e-08 1.504773e-07
-5.780773e-08 1.291498e-07
-4.434539e-08 1.950303e-07
1.006577e-07 2.709860e-07
3.218172e-07 1.695793e-07
3.878666e-07 -1.185153e-07
1.885770e-07 -3.608075e-07
-1.070286e-07 -3.533907e-07
-2.554672e-07 -1.591419e-07
-2.218971e-07 5.236458e-09
-1.614630e-07 5.563866e-08
-1.603395e-07 9.852077e-08
-1.242085e-07 2.116620e-07
4.238701e-08 2.938359e-07
2.513383e-07 2.028131e-07
3.170767e-07 -2.938684e-08
1.877881e-07 -2.157621e-07
-4.061908e-10 -2.342667e-07
-1.022516e-07 -1.443674e-07
-1.159364e-07 -6.776685e-08
-1.232204e-07 -2.898077e-08
-1.423376e-07 3.047913e-08
-1.118382e-07 1.226073e-07
-4.776134e-09 1.742056e-07
1.102838e-07 1.259041e-07
1.465586e-07 1.552924e-08
9.805002e-08 -6.787401e-08
2.973507e-08 -8.463841e-08
-9.361370e-09 -6.617785e-08
-2.722557e-08 -5.084978e-08
-4.762549e-08 -3.651340e-08
-6.418176e-08 -4.619918e-09
-5.321488e-08 3.710079e-08
-1.427326e-08 5.857820e-08
2.422114e-08 4.553408e-08
