-3.056662e-06 4.547159e-06
2.305768e-06 1.026261e-05
1.348445e-05 7.455795e-06
1.717156e-05 -6.475852e-06
6.104418e-06 -1.773105e-05
-8.887783e-06 -1.441633e-05
-1.344151e-05 -1.853485e-06
-7.017447e-06 6.249187e-06
-2.089960e-07 5.136047e-06
4.890096e-07 1.525743e-06
-1.293901e-06 1.767955e-06
1.828826e-08 4.067595e-06
3.731426e-06 3.391307e-06
5.113647e-06 -6.491495e-07
2.500257e-06 -3.870512e-06
-1.049539e-06 -3.494374e-06
-2.283146e-06 -1.058010e-06
-1.326578e-06 4.868774e-07
-3.467473e-07 3.801677e-07
-4.110341e-07 -3.441262e-08
-7.618222e-07 2.775672e-07
-4.686784e-07 9.084882e-07
3.191379e-07 9.981801e-07
8.313239e-07 4.342497e-07
7.207771e-07 -1.963271e-07
3.121333e-07 -4.246000e-07
5.072375e-08 -3.265121e-07
1.412348e-08 -2.348648e-07
-1.880050e-08 -2.816330e-07
-1.938541e-07 -3.111110e-07
-3.965007e-07 -1.512367e-07
-4.171388e-07 1.463555e-07
-2.106909e-07 3.656206e-07
6.240338e-08 3.682715e-07
2.246380e-07 2.145079e-07
2.448267e-07 5.131831e-08
2.023860e-07 -5.161719e-08
1.522337e-07 -1.202546e-07
8.069714e-08 -1.784453e-07
-2.630061e-08 -1.973130e-07
-1.314552e-07 -1.443853e-07
-1.794215e-07 -3.808386e-08
-1.522796e-07 6.645876e-08
-7.639878e-08 1.250847e-07
6.793694e-09 1.262673e-07
6.390135e-08 8.467623e-08
8.023475e-08 2.970093e-08
6.550249e-08 -1.029875e-08
4.397825e-08 -2.748717e-08
2.913020e-08 -3.544017e-08
1.323900e-08 -4.464820e-08
-1.179180e-08 -4.613164e-08
-3.435660e-08 -2.858251e-08
-3.684673e-08 -1.720471e-09
-2.229279e-08 1.299553e-08
-1.107977e-08 1.125979e-08
-1.197388e-08 9.538757e-09
-1.199091e-08 1.835750e-08
8.256242e-10 2.691905e-08
1.822347e-08 2.101182e-08
2.424209e-08 4.609678e-09
