-3.009982e-07 -2.970380e-07
-6.478365e-07 1.980010e-08
-5.739496e-07 6.355874e-07
6.874329e-08 9.979565e-07
7.957263e-07 6.666293e-07
9.514242e-07 -9.988303e-08
4.916786e-07 -6.025404e-07
-1.724061e-08 -5.438508e-07
-1.600165e-07 -2.731980e-07
-9.690638e-08 -1.979520e-07
-1.782686e-07 -2.663586e-07
-4.068966e-07 -1.636794e-07
-4.739955e-07 1.738838e-07
-2.212852e-07 4.595226e-07
1.447915e-07 4.386258e-07
3.273630e-07 1.873037e-07
2.762991e-07 -3.466894e-08
1.632355e-07 -1.077331e-07
1.110146e-07 -1.201578e-07
7.311961e-08 -1.666798e-07
-2.867395e-08 -2.070715e-07
-1.584163e-07 -1.532509e-07
-2.110370e-07 -1.385316e-08
-1.499243e-07 1.105218e-07
-4.047734e-08 1.467213e-07
3.810810e-08 1.113744e-07
6.673182e-08 6.058399e-08
6.965773e-08 2.244148e-08
6.423323e-08 -7.161614e-09
4.935792e-08 -3.235173e-08
2.510687e-08 -4.679217e-08
9.428807e-12 -4.693354e-08
-1.916395e-08 -3.713927e-08
-3.119794e-08 -2.171841e-08
-3.426112e-08 -2.930908e-09
-2.634298e-08 1.316259e-08
-1.279425e-08 1.899357e-08
-4.045910e-09 1.594117e-08
-2.478217e-09 1.419646e-08
1.001634e-09 1.825501e-08
1.263448e-08 1.944380e-08
2.437182e-08 8.652286e-09
2.369718e-08 -8.706752e-09
1.119988e-08 -1.836863e-08
-9.192438e-11 -1.592894e-08
-2.827021e-09 -1.127650e-08
-4.231030e-09 -1.250971e-08
-1.290207e-08 -1.344184e-08
-2.336854e-08 -3.393591e-09
-2.173158e-08 1.491305e-08
-5.099331e-09 2.576846e-08
1.271518e-08 1.967008e-08
1.773906e-08 5.016053e-09
1.208372e-08 -3.633345e-09
8.060933e-09 -4.082849e-09
9.490733e-09 -6.272200e-09
7.086310e-09 -1.473601e-08
-5.824955e-09 -1.975556e-08
-2.040069e-08 -1.053966e-08
-2.163754e-08 8.093887e-09
-7.709665e-09 1.963510e-08
