-5.917422e-08 -2.820912e-08
-1.730191e-07 2.962991e-08
-2.055846e-07 2.517971e-07
4.577376e-08 4.563312e-07
4.294688e-07 3.219060e-07
5.367344e-07 -1.124183e-07
2.434108e-07 -4.358617e-07
-1.325427e-07 -3.814661e-07
-2.560533e-07 -1.184699e-07
-1.535669e-07 3.627887e-08
-7.164840e-08 1.906727e-08
-1.073822e-07 3.943896e-09
-1.337358e-07 9.394166e-08
-3.891455e-08 1.902353e-07
1.106707e-07 1.634377e-07
1.758559e-07 3.125457e-08
1.197545e-07 -8.320010e-08
2.305106e-08 -1.045583e-07
-3.041534e-08 -6.219400e-08
-3.059830e-08 -2.263719e-08
-1.711919e-08 -1.421122e-08
-2.035755e-08 -1.954328e-08
-3.665111e-08 -1.202853e-08
-4.305431e-08 1.399233e-08
-2.480174e-08 4.013321e-08
8.387678e-09 4.350517e-08
3.048856e-08 2.114779e-08
2.597959e-08 -5.085491e-09
7.119686e-09 -1.174997e-08
-7.394340e-10 -3.217977e-10
9.851957e-09 6.152031e-09
2.004871e-08 -6.473220e-09
1.040072e-08 -2.475748e-08
-1.278434e-08 -2.541953e-08
-2.521697e-08 -6.055451e-09
-1.594684e-08 1.190213e-08
-4.104765e-10 1.136662e-08
1.506553e-09 7.749331e-10
-7.993202e-09 3.906895e-10
-9.220159e-09 1.335443e-08
6.403433e-09 2.115993e-08
2.323442e-08 9.299552e-09
2.156247e-08 -1.223072e-08
3.410720e-09 -2.134121e-08
-1.073920e-08 -1.193875e-08
-8.949622e-09 2.079786e-10
-1.448224e-09 4.777405e-10
-3.437559e-09 -5.408016e-09
-1.253229e-08 -2.003672e-09
-1.263124e-08 1.175332e-08
2.028181e-09 1.960482e-08
1.716821e-08 1.019235e-08
1.675590e-08 -7.069840e-09
3.480278e-09 -1.432695e-08
-6.404964e-09 -7.882135e-09
-5.031126e-09 -1.452723e-10
-7.119846e-10 -5.686396e-10
-2.978476e-09 -3.819035e-09
-8.392833e-09 -3.556052e-10
-6.879767e-09 8.218821e-09
2.622683e-09 1.136468e-08
