3.309834e-08 5.651923e-08
1.344665e-07 4.702772e-08
2.022985e-07 -8.056093e-08
1.155823e-07 -2.347326e-07
-7.877674e-08 -2.559675e-07
-2.117770e-07 -1.170665e-07
-1.871198e-07 4.714875e-08
-7.987171e-08 1.055974e-07
-1.765841e-08 7.580501e-08
-1.787478e-08 5.995359e-08
-2.387359e-09 8.729419e-08
6.260628e-08 9.112459e-08
1.160348e-07 2.625343e-08
9.476283e-08 -5.964202e-08
2.003241e-08 -9.077453e-08
-3.555261e-08 -5.655856e-08
-3.698980e-08 -1.080354e-08
-1.310996e-08 1.655102e-09
-6.213878e-09 -1.167894e-08
-2.289608e-08 -1.658822e-08
-3.798399e-08 2.413358e-09
-2.988030e-08 2.996268e-08
-2.296129e-09 4.169879e-08
2.316027e-08 2.915687e-08
2.903550e-08 5.496061e-09
1.748343e-08 -8.915668e-09
6.198337e-09 -6.826078e-09
8.300324e-09 -6.696558e-10
1.677736e-08 -6.884016e-09
1.279244e-08 -2.410404e-08
-9.538816e-09 -3.228578e-08
-3.234422e-08 -1.673346e-08
-3.321618e-08 1.182774e-08
-1.206489e-08 2.793879e-08
8.743522e-09 2.089439e-08
1.175074e-08 5.721782e-09
4.072517e-09 1.894962e-09
4.433956e-09 8.285924e-09
1.601328e-08 7.199392e-09
2.184366e-08 -9.048928e-09
8.509587e-09 -2.551878e-08
-1.422553e-08 -2.312021e-08
-2.435578e-08 -3.372878e-09
-1.451217e-08 1.338157e-08
5.698482e-10 1.332090e-08
4.586271e-09 4.247076e-09
-3.333387e-10 1.817883e-09
-1.745227e-10 7.490635e-09
9.054132e-09 8.386547e-09
1.529721e-08 -2.441895e-09
7.874501e-09 -1.480895e-08
-6.964510e-09 -1.468257e-08
-1.390641e-08 -2.733143e-09
-8.094918e-09 7.328053e-09
5.286682e-10 6.935537e-09
2.158511e-09 1.779689e-09
-8.028271e-10 1.148932e-09
-3.697210e-11 4.631146e-09
5.419215e-09 4.498788e-09
8.197238e-09 -1.825025e-09
3.671450e-09 -7.858269e-09
