1.005786e-06 6.867719e-06
9.954966e-06 6.588122e-06
1.539109e-05 -4.241354e-06
7.427380e-06 -1.592825e-05
-7.101975e-06 -1.510251e-05
-1.352993e-05 -3.433193e-06
-8.172840e-06 6.024942e-06
-3.842980e-07 5.974884e-06
1.351766e-06 1.578711e-06
-1.087564e-06 6.850188e-07
-1.102944e-06 3.387641e-06
2.565100e-06 4.135920e-06
5.202992e-06 6.517362e-07
3.492964e-06 -3.399948e-06
-3.929866e-07 -3.978125e-06
-2.396971e-06 -1.557829e-06
-1.591158e-06 5.222576e-07
-2.153788e-07 5.699444e-07
-1.114543e-07 -2.069259e-07
-7.994899e-07 -1.534358e-07
-8.828707e-07 7.075358e-07
-5.403753e-08 1.221773e-06
8.102237e-07 8.052268e-07
9.477621e-07 -2.162411e-08
4.957613e-07 -4.882760e-07
6.869056e-08 -4.324805e-07
-2.595636e-08 -2.427493e-07
1.190678e-08 -2.423556e-07
-1.109755e-07 -3.424959e-07
-3.759919e-07 -2.637385e-07
-5.065611e-07 5.916117e-08
-3.303196e-07 3.889074e-07
1.896216e-08 4.671588e-07
2.704895e-07 2.879360e-07
3.058592e-07 5.264124e-08
2.205314e-07 -8.145094e-08
1.432291e-07 -1.284432e-07
8.714984e-08 -1.678806e-07
-1.820679e-09 -2.039313e-07
-1.221807e-07 -1.762026e-07
-2.017020e-07 -6.553956e-08
-1.852936e-07 6.790922e-08
-9.265081e-08 1.475981e-07
1.179203e-08 1.469008e-07
7.687780e-08 9.207030e-08
8.973183e-08 2.720562e-08
6.843028e-08 -1.555118e-08
4.223328e-08 -3.012160e-08
2.780236e-08 -3.332196e-08
1.720077e-08 -4.173107e-08
-5.029160e-09 -4.950054e-08
-3.382355e-08 -3.793586e-08
-4.539654e-08 -6.884025e-09
-3.004402e-08 1.853370e-08
-8.182675e-09 1.942116e-08
-3.630489e-09 8.009338e-09
-1.198520e-08 8.829218e-09
-9.774699e-09 2.360444e-08
1.034283e-08 3.040154e-08
2.949247e-08 1.588419e-08
2.932665e-08 -6.949179e-09
