9.944675e-08 -2.479314e-08
8.225169e-08 -1.385361e-07
-4.576071e-08 -2.075287e-07
-2.025721e-07 -1.446212e-07
-2.637532e-07 3.019925e-08
-1.713488e-07 1.939086e-07
-3.318699e-09 2.300044e-07
1.095386e-07 1.515946e-07
1.304081e-07 6.313152e-08
1.243219e-07 1.757531e-08
1.360383e-07 -2.620055e-08
1.260104e-07 -1.063678e-07
4.396010e-08 -1.801972e-07
-8.174712e-08 -1.738171e-07
-1.652247e-07 -7.926408e-08
-1.580265e-07 3.309450e-08
-9.370403e-08 9.327739e-08
-3.743147e-08 9.854883e-08
-1.107892e-08 9.609846e-08
2.001938e-08 1.125590e-07
8.909278e-08 1.155318e-07
1.688661e-07 5.327791e-08
1.862537e-07 -7.066272e-08
1.032896e-07 -1.800362e-07
-3.068277e-08 -1.984088e-07
-1.274108e-07 -1.295460e-07
-1.535121e-07 -4.242590e-08
-1.476121e-07 2.004736e-08
-1.408001e-07 8.179457e-08
-9.983411e-08 1.667011e-07
1.720687e-08 2.268059e-07
1.709246e-07 1.828462e-07
2.549251e-07 3.144987e-08
2.086081e-07 -1.314581e-07
8.011002e-08 -2.091781e-07
-4.019395e-08 -1.944640e-07
-1.168365e-07 -1.404429e-07
-1.690715e-07 -7.305124e-08
-1.971520e-07 2.375769e-08
-1.604407e-07 1.420571e-07
-4.195157e-08 2.180702e-07
1.017134e-07 1.927123e-07
1.850645e-07 8.224081e-08
1.761839e-07 -3.818849e-08
1.114604e-07 -1.120400e-07
3.724095e-08 -1.378818e-07
-3.317193e-08 -1.335798e-07
-9.904346e-08 -9.756086e-08
-1.385222e-07 -2.378336e-08
-1.219690e-07 6.345499e-08
-5.284812e-08 1.168683e-07
2.627338e-08 1.108661e-07
7.350423e-08 6.383530e-08
8.131602e-08 1.203381e-08
6.682625e-08 -2.588688e-08
4.250145e-08 -5.117934e-08
9.114063e-09 -6.390635e-08
-2.820412e-08 -5.588090e-08
-5.277054e-08 -2.566111e-08
-5.117380e-08 1.118490e-08
-2.847197e-08 3.404428e-08
