-5.525250e-09 -1.093521e-08
-1.573290e-08 -7.239788e-09
-2.081957e-08 4.286108e-09
-1.601744e-08 1.714201e-08
-3.317465e-09 2.319214e-08
8.948776e-09 1.892286e-08
1.329834e-08 1.000328e-08
1.202651e-08 5.264782e-09
1.392636e-08 4.694229e-09
2.056293e-08 -9.672239e-10
2.152170e-08 -1.607073e-08
7.444629e-09 -3.042795e-08
-1.545200e-08 -2.911985e-08
-2.958394e-08 -1.070186e-08
-2.526601e-08 9.728741e-09
-1.106785e-08 1.750802e-08
-1.941402e-09 1.427815e-08
-5.239585e-10 1.254404e-08
3.742414e-09 1.657771e-08
1.669224e-08 1.589476e-08
2.774038e-08 9.020061e-10
2.187649e-08 -2.052231e-08
2.489304e-10 -2.944226e-08
-1.887043e-08 -1.828473e-08
-2.107858e-08 2.825312e-10
-1.126622e-08 9.674850e-09
-3.890540e-09 8.542585e-09
-3.118968e-09 7.733035e-09
-3.670069e-10 1.180874e-08
9.451751e-09 1.245017e-08
1.797058e-08 2.220313e-09
1.415564e-08 -1.240416e-08
-8.660513e-11 -1.780667e-08
-1.157396e-08 -1.008322e-08
-1.185351e-08 1.175426e-09
-5.539165e-09 5.927347e-09
-1.504467e-09 4.720065e-09
-1.147966e-09 4.188379e-09
5.974365e-10 6.030407e-09
5.517069e-09 5.517187e-09
8.759990e-09 -9.571919e-11
5.835038e-09 -6.580843e-09
-9.500046e-10 -7.942472e-09
-5.375401e-09 -3.797690e-09
-4.723777e-09 9.148750e-10
-1.829820e-09 2.358851e-09
-3.825526e-10 1.439934e-09
-6.281428e-10 1.050344e-09
-4.212365e-10 1.878430e-09
1.120249e-09 2.189709e-09
2.515322e-09 7.904095e-10
2.140871e-09 -1.255408e-09
3.633991e-10 -2.040839e-09
-9.994392e-10 -1.124690e-09
-8.670325e-10 1.311759e-10
2.091397e-11 3.337860e-10
2.505006e-10 -3.550679e-10
-4.645353e-10 -6.595420e-10
-1.053799e-09 5.282222e-11
-6.021034e-10 9.805376e-10
4.454689e-10 1.013769e-09
