4.226219e-08 3.460488e-08
9.379581e-08 1.117925e-08
1.252408e-07 -7.295573e-08
6.178380e-08 -1.819854e-07
-9.229778e-08 -2.023491e-07
-2.125685e-07 -8.379149e-08
-1.957240e-07 7.719227e-08
-8.395888e-08 1.528701e-07
7.536717e-09 1.332076e-07
4.210231e-08 9.978945e-08
7.326253e-08 8.856905e-08
1.280737e-07 5.324498e-08
1.541442e-07 -3.737083e-08
9.933481e-08 -1.323790e-07
-7.850505e-09 -1.578472e-07
-9.053766e-08 -1.058792e-07
-1.107232e-07 -3.262953e-08
-9.403977e-08 1.494995e-08
-7.840129e-08 4.100211e-08
-6.559586e-08 7.253360e-08
-2.929916e-08 1.117245e-07
4.179350e-08 1.264764e-07
1.181692e-07 8.525096e-08
1.501743e-07 -2.794317e-09
1.163337e-07 -8.815358e-08
4.538988e-08 -1.274372e-07
-1.887571e-08 -1.233742e-07
-6.738640e-08 -1.048823e-07
-1.191417e-07 -7.380209e-08
-1.650981e-07 -1.274953e-09
-1.527657e-07 1.108174e-07
-5.206566e-08 1.957227e-07
8.502578e-08 1.833512e-07
1.675123e-07 8.461096e-08
1.634572e-07 -2.159680e-08
1.187526e-07 -8.442227e-08
7.464805e-08 -1.235760e-07
1.198008e-08 -1.624644e-07
-9.310124e-08 -1.637543e-07
-1.927434e-07 -7.645037e-08
-2.000722e-07 7.070927e-08
-9.758143e-08 1.753620e-07
3.247436e-08 1.722109e-07
1.027859e-07 9.928979e-08
1.109506e-07 3.326578e-08
1.078215e-07 -7.570766e-09
1.053536e-07 -5.818427e-08
6.361069e-08 -1.226268e-07
-3.106586e-08 -1.462162e-07
-1.209002e-07 -8.755066e-08
-1.361135e-07 1.626964e-08
-7.678453e-08 8.630938e-08
-6.095916e-09 8.925653e-08
2.873178e-08 5.947708e-08
3.841822e-08 3.840315e-08
5.185835e-08 2.391537e-08
6.480305e-08 -7.154421e-09
4.975036e-08 -4.967885e-08
3.434322e-09 -6.944389e-08
-4.092971e-08 -4.782956e-08
-5.177874e-08 -6.011075e-09
