1.759031e-08 -2.241269e-08
-4.454948e-09 -4.740901e-08
-4.970436e-08 -4.485925e-08
-8.263346e-08 1.736257e-10
-6.774726e-08 6.158031e-08
-9.686530e-09 9.127192e-08
4.626634e-08 6.932763e-08
6.420874e-08 2.513570e-08
5.526851e-08 -3.361308e-09
5.059704e-08 -1.706439e-08
4.994465e-08 -4.234312e-08
2.306823e-08 -7.820220e-08
-3.675813e-08 -8.572788e-08
-8.810110e-08 -4.025880e-08
-8.692667e-08 2.825169e-08
-4.051611e-08 6.696262e-08
5.001140e-09 6.075506e-08
2.293060e-08 3.953203e-08
2.867183e-08 2.941321e-08
4.327245e-08 2.106181e-08
5.767037e-08 -5.630350e-09
4.694716e-08 -4.410629e-08
8.046294e-09 -6.503076e-08
-3.297534e-08 -5.173519e-08
-4.990099e-08 -1.812787e-08
-4.169169e-08 9.560725e-09
-2.686310e-08 2.017493e-08
-1.935828e-08 2.347217e-08
-1.437976e-08 3.274423e-08
2.508722e-09 4.562195e-08
3.390344e-08 4.417666e-08
6.099961e-08 1.580537e-08
6.004133e-08 -2.762463e-08
2.884298e-08 -5.751164e-08
-9.439498e-09 -5.773326e-08
-3.266416e-08 -3.954162e-08
-4.244598e-08 -2.192726e-08
-5.206924e-08 -4.903699e-09
-5.788497e-08 2.486599e-08
-3.890899e-08 6.356788e-08
1.078087e-08 8.203633e-08
6.322913e-08 5.749605e-08
8.223469e-08 3.795204e-09
6.156864e-08 -4.235676e-08
2.552546e-08 -6.078629e-08
-5.067465e-09 -6.026080e-08
-3.166665e-08 -5.275625e-08
-5.908066e-08 -3.272497e-08
-7.368403e-08 7.773976e-09
-5.562649e-08 5.419692e-08
-8.357060e-09 7.619633e-08
3.851112e-08 5.987639e-08
5.886861e-08 2.194833e-08
5.293643e-08 -1.172620e-08
3.641346e-08 -3.192759e-08
1.696587e-08 -4.391183e-08
-8.173244e-09 -4.808787e-08
-3.562173e-08 -3.599404e-08
-5.013003e-08 -6.377077e-09
-4.041464e-08 2.531174e-08
-1.382619e-08 4.011586e-08
