3.793351e-09 6.512930e-08
1.005147e-07 8.028923e-08
1.991921e-07 1.535763e-08
2.726151e-07 -1.266796e-07
2.125963e-07 -3.708499e-07
-9.829721e-08 -5.269632e-07
-4.755751e-07 -3.603043e-07
-5.996299e-07 5.253697e-08
-3.901437e-07 3.979015e-07
-6.087155e-08 4.721968e-07
1.486495e-07 3.523460e-07
2.140807e-07 2.390121e-07
2.844513e-07 1.947433e-07
4.344341e-07 8.509554e-08
5.188550e-07 -2.086176e-07
3.298075e-07 -5.657103e-07
-1.160766e-07 -6.979671e-07
-5.346166e-07 -4.650888e-07
-6.619100e-07 -4.027617e-08
-5.142429e-07 2.957143e-07
-2.893411e-07 4.545456e-07
-7.716210e-08 5.356251e-07
1.959277e-07 5.694106e-07
5.353611e-07 4.243777e-07
7.444672e-07 2.610763e-08
6.208972e-07 -4.495600e-07
2.124043e-07 -7.149425e-07
-2.275779e-07 -6.581258e-07
-5.052508e-07 -3.978017e-07
-6.056748e-07 -8.408478e-08
-5.650318e-07 2.326000e-07
-3.612328e-07 5.135200e-07
-7.330810e-10 6.385029e-07
3.724853e-07 5.037136e-07
5.626007e-07 1.719238e-07
5.068998e-07 -1.644559e-07
3.056805e-07 -3.676368e-07
7.548672e-08 -4.359772e-07
-1.489169e-07 -4.061966e-07
-3.480479e-07 -2.653205e-07
-4.389714e-07 -1.229858e-08
-3.415582e-07 2.510375e-07
-1.004383e-07 3.745965e-07
1.297938e-07 3.090233e-07
2.338131e-07 1.474725e-07
2.260431e-07 7.765709e-09
1.806094e-07 -8.065052e-08
1.217930e-07 -1.492583e-07
2.572124e-08 -1.958736e-07
-9.651400e-08 -1.734392e-07
-1.756064e-07 -6.886958e-08
-1.582008e-07 5.497153e-08
-7.098145e-08 1.187100e-07
1.184667e-08 1.057510e-07
4.805977e-08 6.157901e-08
5.263755e-08 2.865512e-08
5.398345e-08 7.692752e-09
5.312545e-08 -1.807852e-08
3.447462e-08 -4.575380e-08
-1.258898e-09 -5.483826e-08
-3.203044e-08 -3.664008e-08
