1.275471e-07 6.725959e-08
2.654528e-07 -4.893107e-08
2.574487e-07 -3.319468e-07
-5.726504e-08 -5.477499e-07
-4.848830e-07 -3.984121e-07
-6.335944e-07 5.812951e-08
-3.791618e-07 4.354204e-07
-1.159678e-09 4.618811e-07
1.685889e-07 2.649762e-07
1.284744e-07 1.599302e-07
1.539701e-07 2.281880e-07
3.876472e-07 2.164801e-07
5.955298e-07 -1.057593e-07
4.304611e-07 -5.751289e-07
-9.849041e-08 -7.572673e-07
-5.696128e-07 -4.590889e-07
-6.270533e-07 2.531766e-08
-3.849790e-07 2.853364e-07
-2.094396e-07 2.947274e-07
-1.844496e-07 3.521174e-07
-2.953237e-08 5.568597e-07
4.079277e-07 5.985724e-07
8.143732e-07 1.957981e-07
7.542995e-07 -4.382758e-07
2.367063e-07 -7.904116e-07
-2.882869e-07 -6.499675e-07
-4.837132e-07 -2.953874e-07
-4.532619e-07 -5.624308e-08
-4.434998e-07 8.496933e-08
-4.298739e-07 3.179882e-07
-1.977658e-07 5.956250e-07
2.515072e-07 6.324533e-07
6.053406e-07 3.025365e-07
5.987066e-07 -1.578070e-07
3.121948e-07 -4.226720e-07
2.115717e-08 -4.244447e-07
-1.424532e-07 -3.251676e-07
-2.500058e-07 -2.313518e-07
-3.537112e-07 -8.919697e-08
-3.641388e-07 1.398901e-07
-1.960115e-07 3.411514e-07
6.829116e-08 3.625014e-07
2.484197e-07 2.037820e-07
2.621630e-07 9.561810e-09
1.796121e-07 -1.039701e-07
9.590427e-08 -1.435520e-07
2.466670e-08 -1.611934e-07
-6.111883e-08 -1.553221e-07
-1.420515e-07 -9.113915e-08
-1.600323e-07 1.824692e-08
-9.789545e-08 1.044506e-07
-7.296615e-09 1.180092e-07
4.994606e-08 7.643603e-08
6.125957e-08 2.959712e-08
5.349746e-08 1.637254e-09
4.573409e-08 -1.718013e-08
3.242031e-08 -3.679352e-08
6.189018e-09 -4.828741e-08
-2.290076e-08 -3.945298e-08
-3.716826e-08 -1.454689e-08
-3.126043e-08 9.166540e-09
