-1.008785e-08 6.323784e-08
5.594280e-08 8.102202e-08
1.221459e-07 3.103120e-08
1.295140e-07 -5.998648e-08
6.728092e-08 -1.325149e-07
-2.648396e-08 -1.413677e-07
-9.343792e-08 -9.039438e-08
-1.099362e-07 -2.670438e-08
-1.021582e-07 1.885145e-08
-9.154520e-08 6.135868e-08
-5.640264e-08 1.138197e-07
2.460011e-08 1.408214e-07
1.145143e-07 9.665230e-08
1.441861e-07 -2.543313e-09
9.496579e-08 -8.336000e-08
2.152933e-08 -9.779513e-08
-1.793384e-08 -7.166714e-08
-2.720765e-08 -5.663894e-08
-4.844458e-08 -5.797410e-08
-9.095926e-08 -3.561689e-08
-1.122061e-07 3.048279e-08
-7.272058e-08 1.027046e-07
9.967748e-09 1.241860e-07
7.682099e-08 8.290898e-08
9.170171e-08 2.228965e-08
7.558577e-08 -1.323071e-08
6.905789e-08 -2.941799e-08
7.096279e-08 -6.421212e-08
3.609101e-08 -1.210187e-07
-5.678872e-08 -1.437763e-07
-1.540289e-07 -7.930587e-08
-1.721988e-07 4.565710e-08
-9.375039e-08 1.395722e-07
1.083098e-08 1.452927e-07
6.881820e-08 9.675918e-08
8.543883e-08 5.791031e-08
1.098314e-07 3.149485e-08
1.404375e-07 -3.071058e-08
1.133948e-07 -1.318695e-07
-1.775267e-09 -1.936390e-07
-1.357729e-07 -1.439159e-07
-1.852708e-07 -1.311361e-08
-1.287682e-07 9.533326e-08
-3.937341e-08 1.219724e-07
1.505207e-08 1.003906e-07
4.316803e-08 8.451693e-08
8.438519e-08 6.878421e-08
1.275195e-07 1.238085e-08
1.169172e-07 -7.886599e-08
3.424152e-08 -1.387617e-07
-6.431603e-08 -1.168759e-07
-1.081251e-07 -3.860899e-08
-8.678456e-08 2.903414e-08
-4.493325e-08 5.331834e-08
-1.734730e-08 5.436238e-08
3.411580e-09 5.694294e-08
3.438760e-08 5.318900e-08
6.401833e-08 2.363866e-08
6.406494e-08 -2.382743e-08
2.926617e-08 -5.608749e-08
-1.318741e-08 -5.251284e-08
