1.719317e-08 9.151828e-09
3.034216e-08 -5.427727e-09
2.733016e-08 -3.194038e-08
1.861848e-10 -5.061186e-08
-3.574827e-08 -4.087704e-08
-5.156572e-08 -6.001503e-09
-3.550310e-08 2.553353e-08
-7.130068e-09 3.038793e-08
5.919678e-09 1.553575e-08
-4.404281e-10 6.522909e-09
-5.655150e-09 1.489576e-08
6.799207e-09 2.554226e-08
2.792210e-08 1.794456e-08
3.477016e-08 -6.900407e-09
1.896644e-08 -2.732028e-08
-3.731014e-09 -2.701942e-08
-1.340498e-08 -1.311481e-08
-9.278671e-09 -4.591094e-09
-7.275586e-09 -7.283358e-09
-1.626680e-08 -7.860331e-09
-2.478491e-08 5.846518e-09
-1.619347e-08 2.554867e-08
7.568491e-09 3.077647e-08
2.583670e-08 1.468750e-08
2.380446e-08 -6.821446e-09
9.454583e-09 -1.503464e-08
7.262576e-10 -1.049146e-08
1.509199e-09 -7.952618e-09
-3.993861e-10 -1.305612e-08
-1.212515e-08 -1.439610e-08
-2.279391e-08 -1.646209e-09
-1.759460e-08 1.706890e-08
1.311705e-09 2.371265e-08
1.641349e-08 1.287947e-08
1.623374e-08 -2.521381e-09
7.147822e-09 -8.705905e-09
1.606640e-09 -6.563300e-09
1.487871e-09 -5.717917e-09
-8.383052e-10 -8.660632e-09
-8.247854e-09 -8.154876e-09
-1.337810e-08 3.184238e-10
-8.973619e-09 1.047709e-08
1.751626e-09 1.279157e-08
9.036885e-09 6.259136e-09
8.299147e-09 -1.498237e-09
3.779064e-09 -4.326985e-09
1.144321e-09 -3.509955e-09
6.402473e-10 -3.278393e-09
-8.510022e-10 -4.163854e-09
-3.852213e-09 -3.325576e-09
-5.385774e-09 2.501466e-10
-3.409008e-09 3.815349e-09
3.234717e-10 4.362378e-09
2.537971e-09 2.165240e-09
2.186929e-09 -8.097094e-11
9.241090e-10 -6.435989e-10
5.196811e-10 -2.064494e-10
9.022974e-10 -2.595715e-10
8.551107e-10 -1.050664e-09
-1.103853e-10 -1.542634e-09
-1.155367e-09 -9.718046e-10
