-1.610002e-06 9.049652e-07
-5.863019e-07 2.603442e-06
1.923823e-06 2.740003e-06
3.711429e-06 4.606893e-07
2.807829e-06 -2.455423e-06
1.464445e-08 -3.315477e-06
-1.941906e-06 -1.738152e-06
-1.749016e-06 1.622698e-07
-6.232911e-07 6.735810e-07
-1.904203e-07 2.245197e-07
-5.038028e-07 1.266126e-07
-5.480858e-07 6.619847e-07
9.876334e-08 1.018223e-06
8.072043e-07 6.245087e-07
8.805275e-07 -1.352108e-07
4.057582e-07 -5.466435e-07
-2.280282e-08 -4.393500e-07
-9.509929e-08 -2.114559e-07
-3.130659e-08 -1.961620e-07
-1.371766e-07 -2.849950e-07
-3.724424e-07 -1.894005e-07
-4.506432e-07 1.251591e-07
-2.383206e-07 3.991695e-07
8.853118e-08 4.093612e-07
2.750981e-07 2.073725e-07
2.610801e-07 5.038758e-09
1.734303e-07 -8.363072e-08
1.190169e-07 -1.119986e-07
7.594885e-08 -1.553120e-07
-1.454116e-08 -1.911979e-07
-1.305138e-07 -1.517333e-07
-1.897897e-07 -3.588582e-08
-1.534103e-07 8.111145e-08
-6.247865e-08 1.332853e-07
1.949728e-08 1.188539e-07
6.402293e-08 7.373394e-08
7.539517e-08 2.638904e-08
6.461776e-08 -1.072667e-08
4.271496e-08 -3.139168e-08
2.230859e-08 -3.715446e-08
8.065056e-09 -3.829177e-08
-7.525839e-09 -3.950871e-08
-2.792896e-08 -3.164615e-08
-4.016138e-08 -8.453700e-09
-3.110377e-08 1.630403e-08
-9.985651e-09 2.285650e-08
7.447490e-10 1.288943e-08
-4.044632e-09 7.527889e-09
-6.084189e-09 1.651129e-08
7.915718e-09 2.432336e-08
2.576256e-08 1.391921e-08
2.716008e-08 -7.773763e-09
1.213397e-08 -1.970277e-08
-8.612384e-10 -1.560263e-08
-1.964004e-09 -9.493546e-09
-1.458334e-09 -1.229990e-08
-1.095032e-08 -1.573542e-08
-2.384459e-08 -6.102584e-09
-2.352542e-08 1.369162e-08
-6.600545e-09 2.584335e-08
1.175995e-08 2.008776e-08
