-1.111209e-07 -2.010578e-07
-4.276860e-07 -1.042822e-07
-5.123435e-07 2.807509e-07
-2.645958e-07 5.573112e-07
3.574782e-08 5.892025e-07
2.475042e-07 5.141675e-07
4.333588e-07 4.410494e-07
7.006130e-07 2.963188e-07
9.604097e-07 -1.130208e-07
8.849143e-07 -7.878014e-07
2.460903e-07 -1.345318e-06
-7.158667e-07 -1.297058e-06
-1.398325e-06 -5.598954e-07
-1.382059e-06 4.010642e-07
-8.161011e-07 1.012848e-06
-1.866518e-07 1.132070e-06
2.541946e-07 1.047398e-06
6.849603e-07 9.585385e-07
1.271926e-06 6.312789e-07
1.682722e-06 -2.466548e-07
1.308451e-06 -1.419099e-06
5.253541e-08 -2.048877e-06
-1.317813e-06 -1.541556e-06
-1.845276e-06 -2.596348e-07
-1.355844e-06 8.194892e-07
-5.334146e-07 1.139251e-06
-1.822204e-08 1.008268e-06
2.755948e-07 9.445089e-07
7.612110e-07 8.834064e-07
1.345644e-06 3.541343e-07
1.395390e-06 -6.647720e-07
5.836062e-07 -1.468832e-06
-5.582159e-07 -1.379371e-06
-1.167701e-06 -5.410868e-07
-9.784573e-07 2.754935e-07
-4.719443e-07 5.644632e-07
-1.646201e-07 5.083674e-07
-3.937245e-08 5.053903e-07
2.058257e-07 5.670766e-07
5.802730e-07 3.923144e-07
7.358659e-07 -9.664539e-08
4.484205e-07 -5.598378e-07
-6.244282e-08 -6.315986e-07
-3.875173e-07 -3.363465e-07
-3.762520e-07 -4.132974e-09
-2.128422e-07 1.340103e-07
-1.111048e-07 1.338698e-07
-7.835659e-08 1.491416e-07
-4.971550e-09 1.967284e-07
1.261376e-07 1.758067e-07
2.099959e-07 4.715547e-08
1.676469e-07 -9.919900e-08
4.502966e-08 -1.546590e-07
-5.156717e-08 -1.097731e-07
-7.285786e-08 -3.871590e-08
-5.197621e-08 -1.626886e-09
-3.790199e-08 5.223240e-09
-3.863848e-08 1.450726e-08
-3.137999e-08 3.599247e-08
-4.299506e-09 5.044699e-08
2.744609e-08 4.046163e-08
