1.760380e-08 1.935937e-08
3.752885e-08 8.781290e-09
4.513339e-08 -1.405214e-08
3.671496e-08 -3.792872e-08
1.356695e-08 -5.426137e-08
-1.769976e-08 -5.289584e-08
-4.086068e-08 -3.142183e-08
-4.358292e-08 -3.324793e-09
-3.092279e-08 1.420583e-08
-1.857784e-08 1.796561e-08
-1.399003e-08 1.916643e-08
-9.275058e-09 2.626289e-08
5.192760e-09 3.277645e-08
2.505188e-08 2.623456e-08
3.543309e-08 5.948615e-09
2.891793e-08 -1.442193e-08
1.395306e-08 -2.273509e-08
3.097476e-09 -2.130076e-08
-2.396269e-09 -2.022787e-08
-1.090163e-08 -2.132395e-08
-2.465195e-08 -1.530935e-08
-3.257959e-08 3.349056e-09
-2.316461e-08 2.458650e-08
-8.362875e-10 3.170325e-08
1.698937e-08 2.084704e-08
1.971598e-08 5.174642e-09
1.424931e-08 -2.287025e-09
1.252008e-08 -3.890938e-09
1.383205e-08 -1.012231e-08
7.134402e-09 -2.102013e-08
-1.029862e-08 -2.360715e-08
-2.512686e-08 -9.715986e-09
-2.319865e-08 1.088751e-08
-7.227525e-09 2.094253e-08
7.076540e-09 1.569702e-08
1.035319e-08 5.882520e-09
8.052141e-09 1.558799e-09
8.658188e-09 3.567387e-10
1.053950e-08 -5.000369e-09
5.866912e-09 -1.315702e-08
-5.811680e-09 -1.478803e-08
-1.480510e-08 -5.779565e-09
-1.306087e-08 6.375118e-09
-3.738485e-09 1.154283e-08
3.807313e-09 8.346746e-09
5.402101e-09 3.312179e-09
4.551961e-09 1.078969e-09
4.975580e-09 -1.209829e-10
5.224270e-09 -3.213746e-09
2.182285e-09 -6.645090e-09
-3.168734e-09 -6.448730e-09
-6.363085e-09 -2.068761e-09
-4.999976e-09 2.638050e-09
-1.309457e-09 4.083279e-09
1.085128e-09 2.628143e-09
1.235989e-09 1.038367e-09
8.417547e-10 7.349278e-10
1.253583e-09 7.594423e-10
1.853410e-09 -1.026675e-10
1.382811e-09 -1.445300e-09
-1.042766e-10 -1.879026e-09
