-3.344991e-08 4.017703e-08
-4.263494e-09 8.133189e-08
6.417449e-08 9.222020e-08
1.330271e-07 3.651185e-08
1.363159e-07 -6.633305e-08
5.719922e-08 -1.384708e-07
-4.002122e-08 -1.268742e-07
-8.412638e-08 -6.563784e-08
-8.115776e-08 -2.205784e-08
-8.454350e-08 -2.265321e-09
-9.902582e-08 4.067253e-08
-7.007051e-08 1.120064e-07
2.353905e-08 1.456012e-07
1.175359e-07 9.055941e-08
1.338757e-07 -1.269125e-08
7.567599e-08 -7.820497e-08
1.445650e-08 -7.648188e-08
-4.796585e-09 -5.422429e-08
-8.722670e-09 -5.713276e-08
-4.108178e-08 -6.885078e-08
-9.353885e-08 -4.174456e-08
-1.124383e-07 3.169221e-08
-6.595410e-08 1.010577e-07
1.477514e-08 1.125383e-07
6.874226e-08 6.788882e-08
7.213017e-08 1.826453e-08
5.918065e-08 -5.477045e-11
6.908207e-08 -9.499521e-09
8.410556e-08 -5.435363e-08
4.610249e-08 -1.247909e-07
-5.798052e-08 -1.474862e-07
-1.547794e-07 -7.210129e-08
-1.582396e-07 5.333727e-08
-7.291561e-08 1.281865e-07
1.362381e-08 1.161583e-07
4.454503e-08 7.660693e-08
5.662169e-08 6.659071e-08
1.033865e-07 5.565901e-08
1.532805e-07 -1.940927e-08
1.196619e-07 -1.381502e-07
-1.162512e-08 -1.946562e-07
-1.406914e-07 -1.259546e-07
-1.656596e-07 4.770831e-09
-9.849245e-08 8.635411e-08
-3.043796e-08 9.022868e-08
-5.526368e-09 7.766218e-08
1.852286e-08 8.948934e-08
7.982295e-08 8.567239e-08
1.362505e-07 1.665379e-08
1.164344e-07 -8.655237e-08
2.114557e-08 -1.376087e-07
-7.015952e-08 -9.924211e-08
-9.349060e-08 -2.241863e-08
-6.471352e-08 2.487420e-08
-3.750551e-08 3.405972e-08
-2.774371e-08 4.104567e-08
-8.404915e-09 5.900905e-08
3.333672e-08 6.009364e-08
6.800241e-08 2.318306e-08
6.176129e-08 -2.899643e-08
2.110294e-08 -5.517066e-08
