3.699510e-06 -2.751968e-06
1.054968e-06 -1.098734e-05
-1.029616e-05 -1.176969e-05
-1.525125e-05 -1.323117e-06
-9.896243e-06 6.419399e-06
-4.186626e-06 6.800026e-06
-2.701336e-06 5.774171e-06
-1.930654e-06 7.524068e-06
2.338546e-06 9.862618e-06
9.272329e-06 7.855760e-06
1.335165e-05 -2.658941e-08
9.970040e-06 -9.172746e-06
8.396274e-07 -1.268190e-05
-7.041820e-06 -8.387168e-06
-8.458234e-06 -1.078277e-06
-4.966678e-06 3.036403e-06
-1.870198e-06 2.881842e-06
-1.476892e-06 2.129363e-06
-1.366191e-06 3.275888e-06
9.766186e-07 4.511320e-06
4.212083e-06 2.972174e-06
5.020786e-06 -8.880756e-07
2.541135e-06 -3.768225e-06
-7.268903e-07 -3.585376e-06
-2.141662e-06 -1.515353e-06
-1.626661e-06 4.925645e-08
-8.519310e-07 3.052699e-07
-7.896642e-07 2.124009e-07
-9.111457e-07 6.433472e-07
-4.185337e-07 1.280180e-06
5.687112e-07 1.305859e-06
1.250390e-06 5.434967e-07
1.135429e-06 -3.964483e-07
4.840526e-07 -8.568273e-07
-1.124316e-07 -7.394147e-07
-3.459095e-07 -4.081430e-07
-3.459637e-07 -1.932043e-07
-3.622082e-07 -9.606703e-08
-4.270767e-07 6.525183e-08
-3.655738e-07 3.342374e-07
-7.761424e-08 5.227135e-07
2.841408e-07 4.369377e-07
4.600225e-07 1.221474e-07
3.603383e-07 -1.787346e-07
1.332690e-07 -2.845939e-07
-3.025272e-08 -2.281605e-07
-8.705414e-08 -1.483557e-07
-1.147198e-07 -1.059225e-07
-1.595064e-07 -5.494217e-08
-1.777290e-07 4.287681e-08
-1.168002e-07 1.442763e-07
1.729794e-09 1.751609e-07
1.006167e-07 1.165906e-07
1.242851e-07 2.000113e-08
8.171070e-08 -4.708189e-08
2.512358e-08 -5.694105e-08
-9.740659e-10 -3.329748e-08
5.051259e-09 -1.911672e-08
9.611446e-09 -3.143151e-08
-1.289615e-08 -4.593174e-08
-4.688233e-08 -3.016147e-08
