-7.187334e-07 -4.804766e-06
-5.237445e-06 -4.129726e-06
-7.302404e-06 2.535176e-07
-5.349691e-06 4.284168e-06
-1.849724e-06 5.607898e-06
9.637455e-07 4.849147e-06
2.572415e-06 3.365466e-06
3.456436e-06 1.822851e-06
3.892672e-06 2.299845e-08
3.359908e-06 -2.105789e-06
1.415559e-06 -3.652363e-06
-1.143600e-06 -3.465679e-06
-2.706638e-06 -1.636797e-06
-2.492738e-06 3.906174e-07
-1.271088e-06 1.318646e-06
-3.074363e-07 1.177950e-06
-7.695153e-09 8.576227e-07
1.397775e-07 8.545866e-07
5.810606e-07 8.541208e-07
1.081713e-06 4.053696e-07
1.112352e-06 -3.809045e-07
5.539033e-07 -9.481265e-07
-1.665894e-07 -9.313256e-07
-5.624760e-07 -4.999914e-07
-5.508525e-07 -8.440809e-08
-4.004910e-07 1.010059e-07
-3.281454e-07 1.813388e-07
-2.685585e-07 3.293794e-07
-5.566488e-08 4.858124e-07
2.780998e-07 4.432295e-07
4.930708e-07 1.476773e-07
4.219363e-07 -1.975328e-07
1.601281e-07 -3.535313e-07
-6.509281e-08 -2.913740e-07
-1.475382e-07 -1.623825e-07
-1.554446e-07 -8.106437e-08
-1.714930e-07 -2.366945e-08
-1.751575e-07 6.646320e-08
-1.071847e-07 1.617396e-07
1.728304e-08 1.845752e-07
1.150771e-07 1.155086e-07
1.317449e-07 1.548668e-08
8.813736e-08 -4.863090e-08
3.636368e-08 -6.262943e-08
5.096069e-09 -5.076762e-08
-6.782350e-09 -3.694775e-08
-1.109244e-08 -3.072299e-08
-1.932888e-08 -2.993609e-08
-3.536735e-08 -2.308141e-08
-4.756418e-08 -1.852426e-10
-3.817993e-08 2.964608e-08
-8.780222e-09 4.214989e-08
1.499686e-08 2.821167e-08
1.460846e-08 9.145912e-09
4.337999e-09 9.075504e-09
1.104025e-08 2.053710e-08
3.392676e-08 1.462146e-08
4.283835e-08 -1.641883e-08
1.924688e-08 -4.479496e-08
-1.738901e-08 -4.205906e-08
-3.406725e-08 -1.473755e-08
