-1.869475e-07 -3.689074e-07
-5.975245e-07 -1.873967e-07
-6.911753e-07 3.416054e-07
-3.033959e-07 7.522449e-07
2.231120e-07 7.140272e-07
4.732371e-07 3.771939e-07
4.279238e-07 1.426741e-07
4.388132e-07 1.246690e-07
6.784549e-07 -1.515082e-08
7.894222e-07 -5.554057e-07
3.012485e-07 -1.177230e-06
-6.589005e-07 -1.205244e-06
-1.341445e-06 -4.285253e-07
-1.185375e-06 5.527186e-07
-4.689993e-07 9.822993e-07
7.438553e-08 8.085339e-07
1.974168e-07 6.149774e-07
3.644414e-07 7.087683e-07
9.349921e-07 6.409390e-07
1.454730e-06 -1.163512e-07
1.129817e-06 -1.244037e-06
-7.481477e-08 -1.751540e-06
-1.220930e-06 -1.132503e-06
-1.434018e-06 8.899934e-09
-8.569423e-07 7.018940e-07
-2.977894e-07 7.241694e-07
-1.286378e-07 6.337784e-07
4.896155e-08 7.994189e-07
6.105418e-07 8.531319e-07
1.203051e-06 2.977395e-07
1.142446e-06 -6.565581e-07
3.369067e-07 -1.228753e-06
-5.443825e-07 -9.834421e-07
-8.521615e-07 -2.928162e-07
-6.242597e-07 1.975358e-07
-3.412928e-07 3.070807e-07
-2.389845e-07 3.308213e-07
-1.216146e-07 4.696468e-07
1.974935e-07 5.406901e-07
5.434968e-07 3.014307e-07
5.909586e-07 -1.515321e-07
2.882164e-07 -4.662529e-07
-8.732398e-08 -4.430754e-07
-2.647889e-07 -2.146252e-07
-2.379289e-07 -2.458203e-08
-1.669342e-07 4.724605e-08
-1.360536e-07 8.520564e-08
-9.370882e-08 1.496560e-07
1.118081e-08 1.892123e-07
1.290266e-07 1.361252e-07
1.699583e-07 1.415050e-08
1.143260e-07 -8.578614e-08
2.544524e-08 -1.075684e-07
-2.995247e-08 -7.341801e-08
-4.180368e-08 -3.574928e-08
-3.934221e-08 -1.676020e-08
-4.165887e-08 -3.493714e-09
-4.091828e-08 1.730635e-08
-2.440978e-08 3.807923e-08
3.478859e-09 4.268587e-08
2.540461e-08 2.780054e-08
