-1.062137e-06 -3.044123e-09
-1.520335e-06 6.390091e-07
-1.610694e-06 2.028387e-06
-1.420707e-07 3.695884e-06
2.875489e-06 3.670095e-06
5.174217e-06 9.375256e-07
4.642667e-06 -2.777289e-06
1.780120e-06 -4.872605e-06
-1.275360e-06 -4.612075e-06
-3.267542e-06 -3.030203e-06
-4.264967e-06 -9.737822e-07
-4.260350e-06 1.439895e-06
-2.783989e-06 3.696421e-06
-6.856752e-08 4.596536e-06
2.512055e-06 3.559492e-06
3.728286e-06 1.407695e-06
3.594264e-06 -6.551129e-07
2.721354e-06 -2.241964e-06
1.222604e-06 -3.404114e-06
-9.683125e-07 -3.649228e-06
-3.052923e-06 -2.301843e-06
-3.650517e-06 2.003669e-07
-2.357763e-06 2.248579e-06
-3.537364e-07 2.668433e-06
9.319939e-07 1.865288e-06
1.288337e-06 9.948230e-07
1.424716e-06 4.525357e-07
1.608540e-06 -2.312082e-07
1.309059e-06 -1.219179e-06
2.155069e-07 -1.829487e-06
-1.030278e-06 -1.407559e-06
-1.488677e-06 -2.672916e-07
-1.007499e-06 6.394009e-07
-2.727214e-07 8.035036e-07
1.022917e-07 5.439103e-07
1.649314e-07 3.703238e-07
2.681308e-07 3.384355e-07
4.687083e-07 1.824278e-07
5.084495e-07 -1.642418e-07
2.515125e-07 -4.445684e-07
-1.070245e-07 -4.294383e-07
-2.906438e-07 -1.911363e-07
-2.445344e-07 2.730679e-08
-1.217786e-07 9.718748e-08
-5.772153e-08 7.955673e-08
-4.747209e-08 7.796140e-08
-1.985145e-08 1.075611e-07
4.727448e-08 1.139448e-07
1.095255e-07 6.318708e-08
1.181715e-07 -1.843818e-08
7.119431e-08 -7.782592e-08
8.066023e-09 -8.658754e-08
-3.161607e-08 -5.936215e-08
-4.093710e-08 -2.993244e-08
-4.068282e-08 -1.438759e-08
-4.635928e-08 -7.835338e-10
-4.766643e-08 2.533797e-08
-2.574881e-08 5.400141e-08
1.559486e-08 5.916982e-08
4.796528e-08 3.184288e-08
4.932880e-08 -6.695492e-09
