-1.533494e-07 4.129130e-08
-1.230075e-07 2.085945e-07
6.169448e-08 2.987280e-07
2.649029e-07 2.056367e-07
3.327539e-07 -9.870258e-09
2.313272e-07 -1.925291e-07
6.934953e-08 -2.384563e-07
-2.884115e-08 -1.945507e-07
-6.966821e-08 -1.697714e-07
-1.464719e-07 -1.677916e-07
-2.666640e-07 -8.724562e-08
-3.080404e-07 1.080215e-07
-1.761037e-07 2.968686e-07
5.391509e-08 3.269353e-07
2.097771e-07 1.964753e-07
2.209972e-07 5.030167e-08
1.847609e-07 -8.611064e-09
2.093879e-07 -4.498798e-08
2.408729e-07 -1.796678e-07
1.184002e-07 -3.780182e-07
-1.874814e-07 -4.333078e-07
-4.678807e-07 -2.075648e-07
-4.792772e-07 1.642447e-07
-2.270015e-07 3.959073e-07
4.439203e-08 3.700832e-07
1.567987e-07 2.421483e-07
1.924214e-07 1.871832e-07
3.090379e-07 1.461595e-07
4.459191e-07 -5.929227e-08
3.633143e-07 -4.008078e-07
-1.130259e-08 -5.898095e-07
-4.167309e-07 -4.126816e-07
-5.316750e-07 -1.141250e-08
-3.377646e-07 2.783758e-07
-9.393671e-08 3.152962e-07
1.750594e-08 2.511261e-07
7.737122e-08 2.469705e-07
2.234119e-07 2.375393e-07
3.876756e-07 6.694379e-08
3.647715e-07 -2.295607e-07
1.036630e-07 -4.171393e-07
-1.959114e-07 -3.394122e-07
-3.110468e-07 -9.894017e-08
-2.325387e-07 8.690244e-08
-1.161259e-07 1.360746e-07
-5.858469e-08 1.345166e-07
-1.245692e-08 1.592134e-07
8.470950e-08 1.667522e-07
1.866723e-07 8.309061e-08
1.934870e-07 -6.436825e-08
8.818361e-08 -1.642601e-07
-3.905061e-08 -1.515378e-07
-9.818907e-08 -7.008780e-08
-8.656154e-08 -2.103784e-09
-5.826967e-08 2.421184e-08
-4.305902e-08 3.635431e-08
-2.525727e-08 5.483031e-08
1.095547e-08 6.351381e-08
4.844288e-08 4.162347e-08
5.819704e-08 -8.295172e-10
3.611273e-08 -3.285356e-08
