2.676685e-08 1.450160e-07
1.800748e-07 1.374896e-07
2.833139e-07 -1.918220e-08
2.173154e-07 -2.134214e-07
2.820910e-08 -2.890320e-07
-1.363367e-07 -2.115197e-07
-1.867113e-07 -7.743907e-08
-1.580842e-07 1.513131e-08
-1.222126e-07 6.290834e-08
-8.688527e-08 1.074089e-07
-1.990360e-08 1.431625e-07
6.845698e-08 1.261233e-07
1.209689e-07 5.058505e-08
1.048284e-07 -3.057958e-08
4.934853e-08 -6.574194e-08
5.656676e-09 -5.528722e-08
-7.348025e-09 -3.486812e-08
-7.209361e-09 -2.857214e-08
-1.492864e-08 -3.114459e-08
-3.192096e-08 -2.561493e-08
-4.428613e-08 -5.184225e-09
-3.946495e-08 2.104579e-08
-1.828585e-08 3.706510e-08
5.197627e-09 3.435568e-08
1.637414e-08 2.019097e-08
1.478883e-08 1.015246e-08
1.385401e-08 1.015289e-08
2.290159e-08 9.092752e-09
3.283838e-08 -6.076321e-09
2.584538e-08 -3.029096e-08
-9.338531e-10 -4.247162e-08
-2.834261e-08 -2.960141e-08
-3.556889e-08 -2.815959e-09
-2.294005e-08 1.544505e-08
-8.607458e-09 1.693444e-08
-4.511412e-09 1.347180e-08
-3.339533e-09 1.729315e-08
7.564070e-09 2.320043e-08
2.537748e-08 1.619923e-08
3.259127e-08 -6.241040e-09
1.867758e-08 -2.745849e-08
-5.740775e-09 -2.979795e-08
-2.058707e-08 -1.450506e-08
-1.863400e-08 1.604427e-09
-1.033272e-08 7.075785e-09
-7.044134e-09 6.788938e-09
-6.530661e-09 1.041530e-08
4.734909e-10 1.636071e-08
1.365872e-08 1.387724e-08
2.082000e-08 -3.890922e-10
1.331105e-08 -1.532046e-08
-2.231574e-09 -1.795164e-08
-1.182419e-08 -8.618854e-09
-1.045727e-08 1.255919e-09
-5.238364e-09 4.196029e-09
-3.359349e-09 3.661399e-09
-3.079179e-09 5.526109e-09
8.822341e-10 8.367058e-09
7.532057e-09 6.302386e-09
1.012557e-08 -1.296548e-09
5.435409e-09 -7.908163e-09
