-4.062772e-09 -4.552568e-09
-1.399503e-08 -4.315089e-09
-2.387451e-08 7.617044e-09
-1.901247e-08 2.774413e-08
4.017277e-09 3.804503e-08
2.880388e-08 2.534003e-08
3.397325e-08 -1.831331e-09
1.691874e-08 -1.945170e-08
-1.642834e-09 -1.459400e-08
-1.993042e-09 -9.431811e-10
1.015979e-08 -1.269559e-09
1.142135e-08 -1.756743e-08
-8.034253e-09 -2.764027e-08
-2.996985e-08 -1.359501e-08
-2.983970e-08 1.408955e-08
-7.416356e-09 2.826383e-08
1.296788e-08 1.800780e-08
1.286399e-08 6.759639e-10
1.448218e-09 -2.044425e-09
6.343137e-10 7.722837e-09
1.402935e-08 8.873207e-09
2.175327e-08 -7.882212e-09
8.156714e-09 -2.546522e-08
-1.550286e-08 -2.232949e-08
-2.462053e-08 -1.065190e-09
-1.250742e-08 1.514196e-08
2.988009e-09 1.259144e-08
4.942400e-09 2.292789e-09
-1.495946e-09 1.294109e-09
-2.781056e-10 8.453758e-09
1.052071e-08 8.381979e-09
1.597892e-08 -4.391278e-09
6.218105e-09 -1.656189e-08
-9.315595e-09 -1.411362e-08
-1.450378e-08 -7.165773e-10
-6.999961e-09 8.420250e-09
1.333530e-09 6.572986e-09
1.864194e-09 1.488684e-09
-9.976981e-10 1.830956e-09
8.725890e-10 5.289016e-09
6.665263e-09 3.937033e-09
8.412461e-09 -3.223670e-09
2.733156e-09 -8.747054e-09
-4.664864e-09 -6.917046e-09
-6.751986e-09 -6.375994e-10
-3.452942e-09 3.299386e-09
-7.311890e-11 2.640854e-09
1.664638e-10 8.064404e-10
-8.496329e-10 1.077973e-09
-7.445161e-11 2.554743e-09
2.309585e-09 2.337001e-09
3.527456e-09 -1.920764e-10
2.042778e-09 -2.663954e-09
-6.306217e-10 -2.786150e-09
-1.933196e-09 -9.320880e-10
-1.179787e-09 6.442330e-10
4.932041e-11 5.754738e-10
1.293974e-10 -2.919407e-10
-6.925831e-10 -3.514642e-10
-9.344706e-10 6.031994e-10
-5.038180e-12 1.260649e-09
