-2.842705e-06 -1.181241e-06
-4.490694e-06 -1.314903e-07
-6.226067e-06 2.923370e-06
-4.710141e-06 8.424193e-06
2.284178e-06 1.167364e-05
1.042082e-05 7.860720e-06
1.298950e-05 -1.033414e-06
8.675391e-06 -8.448750e-06
1.724973e-06 -1.066278e-05
-3.923870e-06 -8.810984e-06
-7.369227e-06 -5.065739e-06
-8.579976e-06 -3.111525e-07
-6.951181e-06 4.416878e-06
-2.842892e-06 7.096473e-06
1.563603e-06 6.615848e-06
4.229363e-06 4.103733e-06
5.052525e-06 1.340583e-06
4.842673e-06 -1.168067e-06
3.549684e-06 -3.565430e-06
7.744519e-07 -5.018476e-06
-2.505457e-06 -4.207385e-06
-4.199166e-06 -1.357519e-06
-3.369499e-06 1.460070e-06
-1.289259e-06 2.483259e-06
1.922089e-07 1.958513e-06
6.434766e-07 1.257803e-06
8.790379e-07 9.637846e-07
1.346906e-06 5.435052e-07
1.522506e-06 -3.816777e-07
8.850800e-07 -1.271085e-06
-1.961171e-07 -1.376249e-06
-8.821013e-07 -7.138337e-07
-8.366874e-07 2.778062e-08
-4.407470e-07 3.348637e-07
-1.763274e-07 2.966250e-07
-1.157185e-07 2.539251e-07
-4.551125e-08 3.181691e-07
1.428675e-07 3.397320e-07
3.316965e-07 1.933097e-07
3.628906e-07 -5.469931e-08
2.214222e-07 -2.399407e-07
2.581603e-08 -2.714005e-07
-1.032572e-07 -1.890560e-07
-1.388917e-07 -9.053158e-08
-1.333430e-07 -2.916583e-08
-1.333953e-07 1.577083e-08
-1.247766e-07 8.072553e-08
-6.495731e-08 1.496853e-07
4.259661e-08 1.632475e-07
1.324998e-07 9.363397e-08
1.441073e-07 -1.306305e-08
8.573999e-08 -8.331222e-08
1.703494e-08 -9.047941e-08
-2.044465e-08 -6.588030e-08
-3.448667e-08 -4.557241e-08
-4.853439e-08 -3.034499e-08
-6.147942e-08 -3.034956e-09
-5.338954e-08 3.443608e-08
-1.904802e-08 5.784948e-08
2.020624e-08 4.992719e-08
3.860446e-08 2.032269e-08
