7.151557e-09 -1.447663e-08
-6.351213e-09 -2.529011e-08
-2.804332e-08 -2.034551e-08
-3.902591e-08 2.754573e-09
-2.752359e-08 2.685145e-08
-3.216781e-09 3.275049e-08
1.261138e-08 1.987074e-08
1.052603e-08 6.383197e-09
3.076936e-09 7.234990e-09
8.121317e-09 1.575111e-08
2.498212e-08 1.232241e-08
3.363240e-08 -9.642199e-09
1.905416e-08 -3.300506e-08
-9.191164e-09 -3.578256e-08
-2.700824e-08 -1.681090e-08
-2.335130e-08 3.656203e-09
-1.106180e-08 8.962741e-09
-7.897326e-09 4.825750e-09
-1.291472e-08 8.207407e-09
-9.302644e-09 2.168717e-08
1.027655e-08 2.807992e-08
3.029379e-08 1.325190e-08
3.000935e-08 -1.319740e-08
9.465773e-09 -2.771199e-08
-1.064167e-08 -2.065920e-08
-1.466994e-08 -5.696011e-09
-8.763257e-09 4.396932e-10
-7.732173e-09 -1.088708e-09
-1.262765e-08 2.668951e-09
-1.068574e-08 1.435185e-08
3.906513e-09 2.071031e-08
1.915138e-08 1.100756e-08
1.971836e-08 -7.246270e-09
6.238776e-09 -1.706084e-08
-6.610777e-09 -1.243468e-08
-8.938409e-09 -3.043124e-09
-5.298475e-09 7.369518e-10
-4.499255e-09 1.928709e-10
-6.489386e-09 2.579032e-09
-4.391273e-09 8.378558e-09
3.580504e-09 1.034076e-08
1.042176e-08 4.262222e-09
9.370319e-09 -4.726436e-09
2.278968e-09 -8.582274e-09
-3.523220e-09 -5.740732e-09
-4.249917e-09 -1.303374e-09
-2.488639e-09 4.091834e-10
-1.930712e-09 2.310417e-10
-2.499904e-09 1.018420e-09
-1.758030e-09 2.952149e-09
8.600533e-10 3.648167e-09
3.133308e-09 1.816968e-09
2.997020e-09 -9.600157e-10
9.746961e-10 -2.242847e-09
-7.293464e-10 -1.470634e-09
-8.301617e-10 -1.599936e-10
-5.232169e-11 1.625335e-10
1.777529e-10 -4.098405e-10
-4.622470e-10 -6.783462e-10
-1.013666e-09 -3.819008e-11
-6.496199e-10 8.128234e-10
