-2.526822e-07 -2.201764e-07
-5.956469e-07 -1.563508e-07
-9.143082e-07 3.240145e-07
-6.372111e-07 1.091752e-06
3.157530e-07 1.361636e-06
1.140659e-06 7.280070e-07
1.144148e-06 -2.279717e-07
5.478557e-07 -7.114101e-07
3.627894e-08 -6.173907e-07
-1.145987e-07 -4.059578e-07
-1.677435e-07 -3.665613e-07
-3.659510e-07 -3.311141e-07
-5.673897e-07 -6.618857e-08
-4.952689e-07 3.286785e-07
-1.460555e-07 5.417775e-07
2.063378e-07 4.397097e-07
3.450872e-07 1.838445e-07
3.046330e-07 -1.384945e-08
2.280365e-07 -1.133654e-07
1.589500e-07 -1.882768e-07
4.757901e-08 -2.519043e-07
-1.066839e-07 -2.367293e-07
-2.173156e-07 -1.165165e-07
-2.156268e-07 3.610976e-08
-1.284874e-07 1.303133e-07
-3.106106e-08 1.454262e-07
3.581234e-08 1.175441e-07
7.526421e-08 7.597336e-08
9.261563e-08 2.610901e-08
8.188644e-08 -2.349412e-08
4.786705e-08 -5.346781e-08
1.204542e-08 -5.624196e-08
-1.022407e-08 -4.479752e-08
-2.239697e-08 -3.271723e-08
-3.162261e-08 -1.964513e-08
-3.481523e-08 -2.217930e-09
-2.737880e-08 1.342825e-08
-1.510058e-08 1.956273e-08
-6.986747e-09 1.924929e-08
-1.932282e-09 2.054677e-08
7.362448e-09 2.239482e-08
1.974201e-08 1.640427e-08
2.498153e-08 1.866424e-09
1.877725e-08 -1.078532e-08
9.366989e-09 -1.417068e-08
5.068921e-09 -1.359578e-08
2.152066e-09 -1.702040e-08
-7.949790e-09 -2.091803e-08
-2.276893e-08 -1.420146e-08
-2.855644e-08 4.636074e-09
-1.746111e-08 2.206056e-08
1.412665e-09 2.457673e-08
1.262390e-08 1.442897e-08
1.256238e-08 4.979924e-09
1.095773e-08 2.567613e-09
1.459300e-08 -2.020748e-10
1.650082e-08 -1.093485e-08
6.176953e-09 -2.321534e-08
-1.321239e-08 -2.261889e-08
-2.529881e-08 -5.872678e-09
-1.951992e-08 1.301536e-08
