5.914053e-06 1.400837e-06
1.074889e-05 -7.359827e-06
2.695781e-06 -1.767781e-05
-1.105939e-05 -1.479106e-05
-1.587580e-05 -2.749263e-06
-1.061655e-05 6.288164e-06
-3.488286e-06 7.282541e-06
-1.184932e-06 4.545757e-06
-2.268580e-06 4.812693e-06
-2.807447e-07 8.431973e-06
6.774851e-06 8.888378e-06
1.259881e-05 1.848721e-06
1.014857e-05 -7.955864e-06
9.384923e-07 -1.169328e-05
-6.454693e-06 -6.987644e-06
-6.644705e-06 -1.491009e-07
-2.819939e-06 2.272955e-06
-1.050880e-06 8.367718e-07
-2.313787e-06 4.656741e-07
-2.660879e-06 2.885551e-06
2.416912e-07 4.815397e-06
3.873430e-06 3.174414e-06
4.544534e-06 -7.174757e-07
2.063206e-06 -3.165531e-06
-6.332975e-07 -2.664663e-06
-1.379567e-06 -9.445551e-07
-7.720734e-07 -1.203877e-07
-4.794480e-07 -3.088364e-07
-9.220417e-07 -3.017355e-07
-1.194695e-06 4.482323e-07
-6.105489e-07 1.257385e-06
4.340818e-07 1.289142e-06
1.073015e-06 5.550799e-07
9.542059e-07 -2.571856e-07
4.356002e-07 -6.043137e-07
3.171561e-08 -5.211315e-07
-1.049142e-07 -3.601402e-07
-1.685022e-07 -3.136005e-07
-3.286917e-07 -2.656246e-07
-4.922736e-07 -4.295879e-08
-4.404168e-07 3.016510e-07
-1.278450e-07 5.164612e-07
2.333665e-07 4.323236e-07
3.949244e-07 1.450510e-07
3.162720e-07 -1.076516e-07
1.516833e-07 -1.973434e-07
4.156970e-08 -1.818291e-07
-1.432655e-08 -1.643097e-07
-8.191136e-08 -1.549733e-07
-1.646205e-07 -9.688364e-08
-1.954980e-07 2.240661e-08
-1.310929e-07 1.360542e-07
-1.018487e-08 1.688535e-07
8.497341e-08 1.124690e-07
1.052008e-07 2.472367e-08
6.762526e-08 -3.003239e-08
2.590452e-08 -3.403691e-08
1.502698e-08 -1.871413e-08
2.307023e-08 -2.159103e-08
1.510393e-08 -4.317087e-08
-1.871030e-08 -5.065253e-08
