-1.895026e-07 -2.588061e-08
-2.575634e-07 1.817666e-07
-8.192262e-08 4.130676e-07
2.604685e-07 3.975875e-07
4.593130e-07 9.521474e-08
3.445003e-07 -2.248433e-07
7.679165e-08 -3.098438e-07
-8.441907e-08 -1.976746e-07
-9.027451e-08 -9.626980e-08
-8.387364e-08 -8.716021e-08
-1.460924e-07 -6.900026e-08
-1.914020e-07 3.975562e-08
-1.201481e-07 1.672035e-07
2.906603e-08 1.907133e-07
1.299822e-07 9.720698e-08
1.209144e-07 -1.424151e-08
5.356881e-08 -5.791061e-08
8.354692e-09 -3.992347e-08
7.314012e-09 -1.804633e-08
1.668961e-08 -2.421402e-08
4.275608e-09 -4.205803e-08
-2.582230e-08 -4.122783e-08
-4.626814e-08 -1.454504e-08
-3.911849e-08 1.755578e-08
-1.321881e-08 3.021294e-08
6.321010e-09 1.906710e-08
4.509772e-09 3.512524e-09
-7.835289e-09 4.713390e-09
-7.106886e-09 2.091395e-08
1.410034e-08 2.883151e-08
3.612706e-08 1.181304e-08
3.464234e-08 -1.840864e-08
1.003148e-08 -3.433736e-08
-1.322775e-08 -2.502199e-08
-1.668312e-08 -7.280315e-09
-8.649496e-09 -1.948905e-09
-9.209551e-09 -7.095164e-09
-2.077999e-08 -3.565780e-09
-2.439145e-08 1.570076e-08
-6.449918e-09 3.310521e-08
2.063086e-08 2.795826e-08
3.199772e-08 3.334692e-09
2.012719e-08 -1.737445e-08
1.845474e-09 -1.891246e-08
-4.962300e-09 -9.860382e-09
-2.571121e-09 -6.743250e-09
-5.288215e-09 -1.049715e-08
-1.586224e-08 -7.570940e-09
-2.035175e-08 7.735557e-09
-8.099980e-09 2.228423e-08
1.179948e-08 2.013093e-08
2.063619e-08 3.285233e-09
1.276349e-08 -1.102121e-08
4.164554e-10 -1.185489e-08
-3.923524e-09 -5.497149e-09
-2.115456e-09 -3.150750e-09
-3.432738e-09 -5.051384e-09
-8.935096e-09 -2.845827e-09
-1.014903e-08 5.759606e-09
-2.342448e-09 1.242708e-08
7.861269e-09 9.478562e-09
