-1.360503e-06 1.168484e-07
-1.490707e-06 1.487549e-06
-4.687856e-07 2.682434e-06
1.218135e-06 3.015667e-06
3.055867e-06 2.206524e-06
4.214754e-06 1.363500e-07
3.789146e-06 -2.476713e-06
1.748864e-06 -4.372816e-06
-1.080560e-06 -4.702633e-06
-3.641321e-06 -3.300363e-06
-4.924622e-06 -5.704089e-07
-4.242656e-06 2.428879e-06
-1.860631e-06 4.259594e-06
8.774253e-07 4.142218e-06
2.625497e-06 2.657015e-06
3.190466e-06 9.724050e-07
3.192257e-06 -4.891126e-07
2.752933e-06 -2.055163e-06
1.278319e-06 -3.534314e-06
-1.230521e-06 -3.783205e-06
-3.382377e-06 -2.064245e-06
-3.614308e-06 6.508128e-07
-1.972123e-06 2.451162e-06
-3.234629e-08 2.483470e-06
9.395486e-07 1.589756e-06
1.141551e-06 9.099094e-07
1.373213e-06 5.048769e-07
1.654127e-06 -2.394219e-07
1.291363e-06 -1.310725e-06
9.582898e-08 -1.861473e-06
-1.123108e-06 -1.315312e-06
-1.460522e-06 -1.524170e-07
-9.185750e-07 6.657981e-07
-2.300595e-07 7.589422e-07
8.590045e-08 5.156029e-07
1.536741e-07 3.851327e-07
2.927782e-07 3.494121e-07
4.933329e-07 1.567981e-07
4.968231e-07 -2.001954e-07
2.180456e-07 -4.520176e-07
-1.253580e-07 -4.096503e-07
-2.844071e-07 -1.741330e-07
-2.344350e-07 2.637394e-08
-1.242607e-07 9.068623e-08
-6.650042e-08 8.320647e-08
-4.788451e-08 9.021937e-08
-8.825002e-09 1.153481e-07
5.983916e-08 1.098605e-07
1.135846e-07 5.218228e-08
1.132929e-07 -2.647272e-08
6.470241e-08 -7.849436e-08
6.023907e-09 -8.385468e-08
-3.052545e-08 -5.928016e-08
-4.236166e-08 -3.281221e-08
-4.629917e-08 -1.469352e-08
-5.086390e-08 5.016110e-09
-4.534487e-08 3.317087e-08
-1.814051e-08 5.663532e-08
2.132276e-08 5.503000e-08
4.776659e-08 2.643490e-08
4.635465e-08 -8.278136e-09
