5.311659e-07 -6.698231e-07
-5.126674e-08 -1.182467e-06
-9.362260e-07 -1.033959e-06
-1.419212e-06 -2.486151e-07
-1.207591e-06 5.959494e-07
-5.684338e-07 1.015029e-06
3.420432e-08 9.431976e-07
3.475743e-07 6.702819e-07
4.897044e-07 4.578705e-07
6.533069e-07 2.528640e-07
7.635610e-07 -1.168249e-07
5.813486e-07 -5.741992e-07
8.803271e-08 -7.989000e-07
-4.036656e-07 -6.068780e-07
-5.776188e-07 -1.854924e-07
-4.473920e-07 1.294867e-07
-2.678368e-07 2.285630e-07
-1.784208e-07 2.661308e-07
-7.383798e-08 3.580942e-07
1.560082e-07 3.945107e-07
3.979207e-07 2.206920e-07
4.336717e-07 -9.992926e-08
2.256540e-07 -3.263526e-07
-3.382720e-08 -3.200076e-07
-1.590885e-07 -1.770132e-07
-1.571657e-07 -6.410260e-08
-1.427686e-07 -1.735210e-08
-1.521780e-07 3.734273e-08
-1.212062e-07 1.260736e-07
-1.619515e-08 1.784767e-07
9.744201e-08 1.346192e-07
1.359187e-07 3.128226e-08
9.482236e-08 -4.654002e-08
3.597646e-08 -6.237191e-08
5.869743e-09 -4.565467e-08
-2.813808e-10 -3.451160e-08
-6.593847e-09 -3.504832e-08
-2.129893e-08 -3.350058e-08
-3.686152e-08 -2.115050e-08
-4.387254e-08 5.943349e-10
-3.624675e-08 2.435747e-08
-1.451684e-08 3.830471e-08
9.289484e-09 3.362588e-08
1.924706e-08 1.688055e-08
1.440081e-08 6.276668e-09
1.177207e-08 8.843064e-09
2.277546e-08 9.395473e-09
3.408885e-08 -8.260605e-09
2.348918e-08 -3.489927e-08
-8.220715e-09 -4.343266e-08
-3.412688e-08 -2.312682e-08
-3.325552e-08 5.867928e-09
-1.500987e-08 1.781027e-08
-3.862171e-09 1.211935e-08
-6.621543e-09 9.061710e-09
-6.599034e-09 1.871110e-08
9.535313e-09 2.656820e-08
3.039085e-08 1.444164e-08
3.297752e-08 -1.287119e-08
1.223999e-08 -3.118843e-08
-1.216265e-08 -2.574435e-08
