4.851196e-06 -5.247660e-06
-7.476429e-07 -1.029054e-05
-8.991943e-06 -7.637373e-06
-1.123638e-05 6.026989e-07
-6.764785e-06 6.284525e-06
-1.774668e-06 6.356042e-06
-3.142120e-07 4.778693e-06
9.937919e-08 5.671824e-06
3.767215e-06 7.192687e-06
9.524877e-06 4.142872e-06
1.106406e-05 -4.031770e-06
5.003921e-06 -1.094268e-05
-4.055073e-06 -1.038510e-05
-8.533942e-06 -3.704050e-06
-6.457562e-06 2.221818e-06
-2.573290e-06 3.368902e-06
-1.348863e-06 2.233801e-06
-1.729514e-06 2.832899e-06
-8.223825e-08 4.779689e-06
3.795285e-06 4.384420e-06
6.123758e-06 3.843497e-07
4.241776e-06 -3.976516e-06
1.117702e-08 -4.970570e-06
-2.700586e-06 -2.672900e-06
-2.519686e-06 -1.414982e-07
-1.268785e-06 6.094340e-07
-8.750564e-07 3.643749e-07
-1.112494e-06 6.817249e-07
-6.803382e-07 1.558596e-06
6.177392e-07 1.769807e-06
1.642053e-06 7.849527e-07
1.493875e-06 -5.452723e-07
5.362491e-07 -1.135289e-06
-2.533098e-07 -8.498208e-07
-4.301202e-07 -3.438085e-07
-3.015470e-07 -1.231666e-07
-2.791233e-07 -1.087760e-07
-3.771721e-07 -1.731971e-09
-3.569509e-07 2.474490e-07
-1.203247e-07 4.291638e-07
1.768642e-07 3.777771e-07
3.281923e-07 1.510550e-07
2.837193e-07 -6.782163e-08
1.500878e-07 -1.631536e-07
4.624678e-08 -1.590720e-07
-4.489074e-09 -1.389501e-07
-5.191903e-08 -1.343644e-07
-1.232006e-07 -1.057061e-07
-1.761076e-07 -1.689599e-08
-1.510162e-07 9.885078e-08
-4.954597e-08 1.644450e-07
5.966994e-08 1.405530e-07
1.113557e-07 6.192425e-08
1.009729e-07 -8.817011e-09
6.748049e-08 -4.422347e-08
3.845960e-08 -5.868875e-08
9.973695e-09 -6.820036e-08
-2.669960e-08 -6.573990e-08
-5.985133e-08 -3.860111e-08
-6.751356e-08 5.727438e-09
-4.398378e-08 4.175485e-08
