-9.651026e-08 3.890204e-06
4.350858e-06 4.116330e-06
7.712380e-06 -5.678689e-07
5.430900e-06 -6.844662e-06
-1.330173e-06 -8.716933e-06
-6.517281e-06 -4.560366e-06
-6.220192e-06 9.832311e-07
-2.944897e-06 3.001791e-06
-1.387255e-06 2.163399e-06
-1.885765e-06 2.493074e-06
-7.784329e-07 4.788723e-06
3.360761e-06 5.333210e-06
6.916659e-06 1.502186e-06
5.833939e-06 -4.010451e-06
9.861196e-07 -6.293336e-06
-3.016437e-06 -4.141918e-06
-3.505764e-06 -8.443026e-07
-2.157356e-06 5.224690e-07
-1.661644e-06 4.673314e-07
-2.011949e-06 1.141431e-06
-1.289231e-06 2.711565e-06
9.922280e-07 3.227062e-06
2.977305e-06 1.580124e-06
2.899316e-06 -9.063765e-07
1.182180e-06 -2.181200e-06
-3.951532e-07 -1.785151e-06
-8.772270e-07 -8.534464e-07
-7.607083e-07 -3.660764e-07
-7.883695e-07 -1.910286e-07
-9.184247e-07 2.021451e-07
-6.725684e-07 7.757664e-07
1.042372e-09 1.014455e-06
6.145324e-07 6.760940e-07
7.513228e-07 8.068703e-08
4.831814e-07 -3.146214e-07
1.589052e-07 -3.789629e-07
-1.424499e-08 -2.896537e-07
-8.185372e-08 -2.205516e-07
-1.514963e-07 -1.763748e-07
-2.269681e-07 -8.572026e-08
-2.363343e-07 5.644454e-08
-1.473741e-07 1.749677e-07
-1.183997e-08 2.021765e-07
8.974260e-08 1.436215e-07
1.217477e-07 5.959219e-08
1.085897e-07 -3.051153e-10
8.911459e-08 -3.466847e-08
7.018743e-08 -6.708180e-08
3.156795e-08 -1.000197e-07
-3.178695e-08 -1.061495e-07
-8.941341e-08 -6.551166e-08
-1.043176e-07 3.146366e-09
-7.236237e-08 5.828791e-08
-2.246284e-08 7.616870e-08
1.709658e-08 6.512329e-08
4.038814e-08 4.364500e-08
5.302760e-08 1.855081e-08
5.416073e-08 -1.086936e-08
3.816906e-08 -3.821646e-08
8.318511e-09 -5.041493e-08
-2.090065e-08 -4.141523e-08
