1.772757e-08 3.043258e-09
2.675780e-08 -1.220284e-08
2.175552e-08 -3.530877e-08
-3.752696e-09 -5.135698e-08
-3.824405e-08 -4.177017e-08
-5.488646e-08 -7.219009e-09
-4.011140e-08 2.609453e-08
-1.091510e-08 3.384925e-08
5.008113e-09 2.038602e-08
1.278577e-09 1.040571e-08
-2.968360e-09 1.700227e-08
9.555661e-09 2.650021e-08
3.096341e-08 1.801369e-08
3.792974e-08 -8.388041e-09
2.095598e-08 -3.062495e-08
-4.147746e-09 -3.094778e-08
-1.601328e-08 -1.581970e-08
-1.259690e-08 -5.119829e-09
-9.869314e-09 -6.031855e-09
-1.756666e-08 -5.801629e-09
-2.488205e-08 7.941215e-09
-1.536734e-08 2.722825e-08
8.990151e-09 3.174402e-08
2.743639e-08 1.478271e-08
2.512185e-08 -7.544879e-09
1.010465e-08 -1.628791e-08
5.339978e-10 -1.179100e-08
6.507669e-10 -8.774227e-09
-1.418686e-09 -1.313881e-08
-1.280596e-08 -1.393676e-08
-2.301605e-08 -1.076950e-09
-1.756914e-08 1.751818e-08
1.445536e-09 2.410910e-08
1.675988e-08 1.324647e-08
1.683795e-08 -2.420614e-09
7.716294e-09 -9.088328e-09
1.733552e-09 -7.253605e-09
1.108250e-09 -6.258045e-09
-1.396539e-09 -8.777096e-09
-8.660085e-09 -7.958003e-09
-1.360280e-08 6.086969e-10
-9.091024e-09 1.081903e-08
1.803580e-09 1.322618e-08
9.397054e-09 6.652321e-09
8.899236e-09 -1.428995e-09
4.287547e-09 -4.701957e-09
1.254707e-09 -4.113487e-09
3.471201e-10 -3.752330e-09
-1.304593e-09 -4.317590e-09
-4.235715e-09 -3.210594e-09
-5.619015e-09 5.040258e-10
-3.485660e-09 4.131158e-09
4.278086e-10 4.677720e-09
2.821570e-09 2.363456e-09
2.537473e-09 -1.147878e-10
1.155006e-09 -9.013495e-10
5.096015e-10 -5.358384e-10
6.828811e-10 -4.750579e-10
5.700364e-10 -1.055675e-09
-3.075233e-10 -1.364553e-09
-1.177299e-09 -7.229668e-10
