1.319021e-08 -1.072042e-08
6.093240e-09 -2.778271e-08
-1.757389e-08 -3.560075e-08
-4.324870e-08 -1.912067e-08
-4.680429e-08 1.474162e-08
-2.234937e-08 3.871748e-08
7.942009e-09 3.410243e-08
1.768983e-08 1.226122e-08
6.396786e-09 7.956105e-10
-1.633331e-09 9.906591e-09
1.095244e-08 2.059309e-08
3.177006e-08 9.868421e-09
3.387380e-08 -1.869865e-08
9.833611e-09 -3.790890e-08
-1.840063e-08 -2.965230e-08
-2.601412e-08 -6.027366e-09
-1.421402e-08 7.268694e-09
-5.205741e-09 3.059998e-09
-1.115806e-08 -1.119620e-09
-1.846292e-08 1.030298e-08
-7.772075e-09 2.772132e-08
1.751610e-08 2.798676e-08
3.302652e-08 5.461610e-09
2.351295e-08 -1.919927e-08
1.303250e-09 -2.426721e-08
-1.076265e-08 -1.231682e-08
-7.763297e-09 -2.844751e-09
-4.522308e-09 -4.506563e-09
-1.105121e-08 -5.810147e-09
-1.762929e-08 4.786639e-09
-9.783433e-09 1.971910e-08
9.436451e-09 2.138358e-08
2.161183e-08 5.977136e-09
1.598465e-08 -1.118427e-08
1.586178e-09 -1.508787e-08
-6.327354e-09 -7.888049e-09
-5.016474e-09 -2.066265e-09
-3.511068e-09 -2.405698e-09
-6.876435e-09 -2.133290e-09
-9.208745e-09 4.161651e-09
-3.708075e-09 1.130216e-08
6.395494e-09 1.060672e-08
1.150455e-08 1.904437e-09
7.695023e-09 -6.325664e-09
4.937557e-10 -7.614787e-09
-3.150935e-09 -3.997998e-09
-2.654309e-09 -1.207572e-09
-1.998500e-09 -9.834459e-10
-3.038620e-09 -6.034842e-10
-3.583090e-09 1.735119e-09
-1.498813e-09 4.117286e-09
1.916506e-09 3.815588e-09
3.605132e-09 1.008188e-09
2.481916e-09 -1.582770e-09
3.223147e-10 -1.991283e-09
-6.845438e-10 -8.533806e-10
-2.736845e-10 -4.133957e-11
2.082638e-10 -3.143114e-10
-1.880457e-10 -7.955430e-10
-9.392429e-10 -4.638398e-10
-9.798645e-10 4.702645e-10
