-2.109361e-07 -7.569498e-07
-7.766059e-07 -6.418766e-07
-1.078734e-06 -2.272091e-07
-1.162161e-06 2.757784e-07
-9.434797e-07 8.840584e-07
-2.772007e-07 1.282402e-06
5.008084e-07 1.114168e-06
9.087071e-07 5.408141e-07
8.861218e-07 -7.124288e-09
6.840216e-07 -3.564960e-07
4.293150e-07 -5.947408e-07
6.900536e-08 -7.320014e-07
-3.538207e-07 -6.343600e-07
-6.211614e-07 -2.791082e-07
-5.861589e-07 1.265739e-07
-3.502368e-07 3.594109e-07
-1.138916e-07 4.031458e-07
5.749670e-08 3.761260e-07
2.227093e-07 3.164791e-07
3.766506e-07 1.570988e-07
4.022313e-07 -1.024476e-07
2.343952e-07 -3.181696e-07
-1.997906e-08 -3.483846e-07
-1.879058e-07 -2.150800e-07
-2.120459e-07 -5.919479e-08
-1.685285e-07 3.031949e-08
-1.305305e-07 7.887417e-08
-8.597347e-08 1.302464e-07
-1.393937e-09 1.613207e-07
9.429926e-08 1.244853e-07
1.346502e-07 3.208140e-08
1.005421e-07 -4.800443e-08
3.910937e-08 -7.097540e-08
1.133995e-09 -5.423435e-08
-8.749152e-09 -3.730961e-08
-1.409475e-08 -3.266186e-08
-2.602211e-08 -2.755207e-08
-3.660813e-08 -1.334873e-08
-3.792224e-08 5.388926e-09
-2.994680e-08 2.214094e-08
-1.453258e-08 3.311620e-08
4.943477e-09 3.366301e-08
1.953375e-08 2.228148e-08
2.171752e-08 7.666801e-09
1.683564e-08 1.101362e-09
1.737077e-08 6.331615e-10
2.369881e-08 -7.067355e-09
2.064091e-08 -2.542884e-08
-1.040653e-09 -3.808963e-08
-2.768730e-08 -2.808371e-08
-3.648115e-08 -1.252159e-09
-2.292685e-08 1.920304e-08
-5.001288e-09 2.049832e-08
1.053748e-09 1.318134e-08
-7.934044e-12 1.315306e-08
6.866512e-09 1.881514e-08
2.278303e-08 1.440451e-08
3.089726e-08 -6.086638e-09
1.806036e-08 -2.752011e-08
-6.961616e-09 -3.041659e-08
-2.281939e-08 -1.402777e-08
