-1.371323e-07 4.278888e-07
3.095483e-07 6.351993e-07
8.295282e-07 3.148075e-07
8.687173e-07 -3.551497e-07
3.662886e-07 -7.903602e-07
-2.140953e-07 -6.863050e-07
-4.321859e-07 -2.860358e-07
-3.158656e-07 -2.871774e-08
-2.212079e-07 -2.290230e-08
-3.119971e-07 2.997794e-09
-3.620980e-07 2.418712e-07
-1.250723e-07 4.998172e-07
2.762108e-07 4.577188e-07
4.830573e-07 1.115116e-07
3.480765e-07 -2.186487e-07
8.104438e-08 -2.883627e-07
-5.656064e-08 -1.779673e-07
-5.196563e-08 -1.045192e-07
-6.438238e-08 -1.199129e-07
-1.542056e-07 -1.006867e-07
-2.121002e-07 2.550719e-08
-1.378967e-07 1.667529e-07
1.654117e-08 1.950303e-07
1.195464e-07 1.048924e-07
1.149183e-07 -1.079791e-09
5.725772e-08 -4.321270e-08
2.025462e-08 -3.225489e-08
1.858577e-08 -2.042612e-08
2.109343e-08 -3.055667e-08
4.550622e-09 -4.564100e-08
-2.405594e-08 -4.298461e-08
-4.369796e-08 -1.946803e-08
-4.139864e-08 9.883169e-09
-2.151426e-08 2.641118e-08
-1.626986e-09 2.289377e-08
2.807668e-09 1.056297e-08
-5.007970e-09 8.546347e-09
-5.316621e-09 2.123340e-08
1.376699e-08 3.007749e-08
3.767226e-08 1.529194e-08
4.004560e-08 -1.681289e-08
1.545642e-08 -3.803656e-08
-1.266590e-08 -3.157921e-08
-2.081529e-08 -1.134090e-08
-1.304912e-08 -1.578416e-09
-1.092122e-08 -4.983217e-09
-2.096944e-08 -2.530588e-09
-2.528119e-08 1.610817e-08
-7.715323e-09 3.481672e-08
2.111322e-08 3.083747e-08
3.475474e-08 5.024678e-09
2.306165e-08 -1.835018e-08
2.793188e-09 -2.131035e-08
-5.807316e-09 -1.146570e-08
-3.475180e-09 -7.013717e-09
-5.477280e-09 -1.058526e-08
-1.615641e-08 -8.191025e-09
-2.145676e-08 7.324283e-09
-9.352780e-09 2.296987e-08
1.151194e-08 2.153436e-08
2.138361e-08 4.267149e-09
