1.114278e-07 3.672664e-07
5.046011e-07 2.965357e-07
7.132155e-07 -1.398497e-07
4.766696e-07 -6.074567e-07
-2.713037e-08 -7.277270e-07
-4.069034e-07 -4.658413e-07
-4.599840e-07 -1.134341e-07
-3.360010e-07 6.478991e-08
-2.755384e-07 1.139884e-07
-2.707241e-07 2.332621e-07
-1.250172e-07 4.210535e-07
1.958528e-07 4.489790e-07
4.516696e-07 1.951200e-07
4.187607e-07 -1.554892e-07
1.665109e-07 -3.251725e-07
-5.200148e-08 -2.615158e-07
-1.116634e-07 -1.379676e-07
-1.044835e-07 -8.934635e-08
-1.418271e-07 -6.929016e-08
-1.897191e-07 1.714933e-08
-1.470464e-07 1.445697e-07
-1.097723e-08 1.990974e-07
1.110729e-07 1.333493e-07
1.342950e-07 1.957303e-08
8.111277e-08 -4.749196e-08
2.790389e-08 -4.918261e-08
1.211516e-08 -3.116476e-08
1.396862e-08 -3.054799e-08
3.962517e-09 -4.234245e-08
-2.076014e-08 -4.361965e-08
-4.273488e-08 -2.490106e-08
-4.654664e-08 4.251395e-09
-3.085752e-08 2.673963e-08
-8.026811e-09 3.114085e-08
5.413750e-09 2.089531e-08
4.187224e-09 1.212444e-08
1.148278e-09 1.626688e-08
1.222148e-08 2.436095e-08
3.349523e-08 1.622173e-08
4.173188e-08 -1.220030e-08
2.240371e-08 -3.893462e-08
-1.000294e-08 -4.015028e-08
-2.791003e-08 -1.863984e-08
-2.311186e-08 1.099902e-09
-1.314059e-08 4.485424e-09
-1.436996e-08 2.627014e-09
-1.956514e-08 1.232768e-08
-1.006994e-08 2.942815e-08
1.534955e-08 3.256653e-08
3.514617e-08 1.195049e-08
3.060487e-08 -1.601402e-08
8.352341e-09 -2.764533e-08
-9.169207e-09 -1.912584e-08
-1.122822e-08 -7.058076e-09
-7.959042e-09 -4.254336e-09
-1.152615e-08 -4.619074e-09
-1.746964e-08 3.853389e-09
-1.204165e-08 1.841009e-08
6.084659e-09 2.310324e-08
2.110171e-08 1.024527e-08
1.918257e-08 -8.430686e-09
