-7.953392e-07 1.308723e-06
1.246623e-06 5.805289e-06
1.106097e-05 6.015291e-06
1.719551e-05 -7.193426e-06
5.803737e-06 -2.132434e-05
-1.363597e-05 -1.800375e-05
-2.050221e-05 -1.834568e-07
-1.030940e-05 1.299421e-05
2.624768e-06 1.139149e-05
5.877058e-06 3.080508e-06
2.143075e-06 -3.385325e-07
6.903777e-07 1.723725e-06
3.576737e-06 2.229352e-06
5.261312e-06 -1.591746e-06
2.226478e-06 -5.321878e-06
-2.473462e-06 -4.651711e-06
-4.189886e-06 -8.646887e-07
-2.429754e-06 1.875272e-06
-1.802743e-07 1.858358e-06
4.497846e-07 7.165248e-07
4.799497e-08 3.267590e-07
3.601469e-08 6.690681e-07
6.307186e-07 6.952481e-07
1.018823e-06 5.160884e-08
6.999734e-07 -6.505318e-07
2.639504e-08 -7.968693e-07
-3.918105e-07 -4.453037e-07
-3.778016e-07 -6.865928e-08
-2.069568e-07 4.898425e-08
-1.573254e-07 1.777199e-08
-2.120317e-07 6.506157e-08
-1.829921e-07 2.194740e-07
-7.612223e-10 3.154682e-07
2.032350e-07 2.336264e-07
2.731996e-07 4.169169e-08
2.000129e-07 -1.096936e-07
8.733637e-08 -1.571668e-07
8.589063e-09 -1.454424e-07
-4.370912e-08 -1.243826e-07
-9.240500e-08 -9.175672e-08
-1.250005e-07 -3.318547e-08
-1.192150e-07 3.615346e-08
-7.762448e-08 8.804734e-08
-1.886046e-08 1.089535e-07
4.053128e-08 9.653288e-08
8.205322e-08 5.267077e-08
8.628874e-08 -4.972666e-09
5.529334e-08 -4.451190e-08
1.815401e-08 -5.049396e-08
-1.468820e-09 -4.006308e-08
-1.054666e-08 -3.476138e-08
-2.540167e-08 -3.039150e-08
-3.997935e-08 -1.194554e-08
-3.594632e-08 1.420139e-08
-1.558263e-08 2.610045e-08
-8.820650e-10 1.978361e-08
-3.534181e-10 1.400794e-08
1.348178e-09 1.890756e-08
1.509864e-08 2.069466e-08
2.783333e-08 6.286432e-09
2.289071e-08 -1.357631e-08
