1.484276e-07 7.320357e-09
2.038407e-07 -2.034608e-07
1.588802e-08 -4.334366e-07
-3.571121e-07 -4.476255e-07
-6.749173e-07 -1.158763e-07
-6.132395e-07 4.040914e-07
-1.615500e-07 6.811430e-07
2.728309e-07 5.157844e-07
3.613505e-07 1.944945e-07
2.515450e-07 8.811092e-08
3.112390e-07 1.497033e-07
5.677735e-07 5.836652e-10
6.103594e-07 -4.943848e-07
1.286435e-07 -9.334937e-07
-5.997821e-07 -8.106679e-07
-9.561239e-07 -1.605604e-07
-7.023575e-07 4.411568e-07
-2.420007e-07 5.707900e-07
-4.993204e-08 4.381752e-07
-3.809413e-08 4.936048e-07
2.462535e-07 7.030753e-07
8.482593e-07 5.435678e-07
1.177412e-06 -2.181803e-07
7.251142e-07 -1.050307e-06
-2.204343e-07 -1.211374e-06
-8.647959e-07 -6.348221e-07
-8.355109e-07 4.115722e-08
-5.104797e-07 3.092413e-07
-3.684836e-07 3.354038e-07
-3.314822e-07 5.236762e-07
-1.623357e-09 8.125012e-07
6.219075e-07 7.314500e-07
1.014654e-06 1.065708e-07
7.713940e-07 -6.125044e-07
1.189598e-07 -8.588492e-07
-3.782962e-07 -5.825790e-07
-4.718061e-07 -1.964332e-07
-3.809774e-07 -2.454207e-09
-3.556340e-07 9.252808e-08
-3.328820e-07 2.786773e-07
-1.210755e-07 4.846302e-07
2.395411e-07 4.681079e-07
4.755891e-07 1.720387e-07
4.104916e-07 -1.753171e-07
1.564706e-07 -3.267099e-07
-5.412148e-08 -2.667449e-07
-1.287404e-07 -1.506456e-07
-1.409723e-07 -7.934361e-08
-1.616182e-07 -2.164995e-08
-1.613308e-07 6.978430e-08
-8.746705e-08 1.576100e-07
3.426815e-08 1.675327e-07
1.194720e-07 9.039231e-08
1.212447e-07 -6.775888e-09
6.965778e-08 -5.935837e-08
2.073187e-08 -6.244120e-08
-3.748263e-09 -4.933339e-08
-1.774282e-08 -4.055856e-08
-3.404278e-08 -2.953386e-08
-4.528432e-08 -6.710458e-09
-3.875817e-08 2.057654e-08
