1.210840e-06 3.482158e-07
1.686362e-06 -1.004371e-06
5.746077e-07 -2.472767e-06
-1.527567e-06 -2.401856e-06
-2.759720e-06 -6.246587e-07
-2.150804e-06 1.254538e-06
-7.072646e-07 1.759726e-06
-1.776109e-09 1.273699e-06
-5.014220e-08 1.241927e-06
5.332004e-07 1.876083e-06
2.214460e-06 1.672111e-06
3.392560e-06 -3.789026e-07
2.297662e-06 -2.942903e-06
-5.221803e-07 -3.642049e-06
-2.620205e-06 -1.941017e-06
-2.542092e-06 2.596648e-07
-1.332666e-06 1.102442e-06
-7.535867e-07 9.062169e-07
-8.569384e-07 1.163829e-06
-2.685702e-07 2.074692e-06
1.445694e-06 2.195400e-06
2.838144e-06 6.009468e-07
2.384868e-06 -1.604486e-06
4.671801e-07 -2.533106e-06
-1.140582e-06 -1.735888e-06
-1.415097e-06 -4.582024e-07
-9.652958e-07 1.349480e-07
-7.819437e-07 2.119694e-07
-8.602069e-07 5.460418e-07
-4.993978e-07 1.169804e-06
4.484039e-07 1.337449e-06
1.248018e-06 6.433049e-07
1.211221e-06 -3.792600e-07
5.072335e-07 -9.137968e-07
-1.542580e-07 -7.666224e-07
-3.772227e-07 -3.831132e-07
-3.452440e-07 -1.640001e-07
-3.555605e-07 -7.059476e-08
-3.981554e-07 1.053274e-07
-2.818917e-07 3.483863e-07
1.340998e-08 4.447715e-07
2.801966e-07 2.911933e-07
3.364766e-07 2.523491e-08
2.116449e-07 -1.505150e-07
6.218181e-08 -1.750541e-07
-1.558028e-08 -1.289305e-07
-4.248202e-08 -9.437546e-08
-7.083669e-08 -7.417114e-08
-1.034187e-07 -3.299344e-08
-1.049768e-07 3.225636e-08
-6.016120e-08 8.439462e-08
3.775994e-09 9.109431e-08
4.694314e-08 5.845218e-08
5.518427e-08 1.867963e-08
4.463565e-08 -5.399297e-09
3.508044e-08 -1.698103e-08
2.756462e-08 -2.945872e-08
1.076937e-08 -4.305987e-08
-1.683669e-08 -4.393010e-08
-3.994548e-08 -2.415820e-08
-4.291290e-08 5.487600e-09
