-1.167249e-06 2.317016e-07
-1.520661e-06 1.740261e-06
7.569429e-08 3.558258e-06
3.249052e-06 3.071676e-06
4.770945e-06 -3.055759e-07
2.801775e-06 -3.506253e-06
-5.720802e-07 -3.703546e-06
-2.253082e-06 -1.602496e-06
-1.739383e-06 1.757685e-07
-7.792122e-07 4.844512e-07
-5.983525e-07 2.650800e-07
-7.398288e-07 5.476022e-07
-3.447315e-07 1.091117e-06
4.988766e-07 1.090137e-06
1.022139e-06 4.141785e-07
8.496020e-07 -3.124287e-07
3.451600e-07 -5.658280e-07
1.910621e-08 -4.389554e-07
-4.928922e-08 -3.171752e-07
-1.166076e-07 -3.335626e-07
-3.174254e-07 -2.990616e-07
-4.883127e-07 -5.701595e-08
-4.188632e-07 2.743077e-07
-1.320938e-07 4.475372e-07
1.534879e-07 3.720375e-07
2.762056e-07 1.744087e-07
2.605878e-07 1.241284e-08
2.087037e-07 -8.158732e-08
1.519131e-07 -1.561699e-07
5.609011e-08 -2.167448e-07
-7.598509e-08 -2.111633e-07
-1.767804e-07 -1.182364e-07
-1.900010e-07 8.782436e-09
-1.292680e-07 9.894794e-08
-4.752266e-08 1.285217e-07
2.033323e-08 1.152576e-07
6.601871e-08 7.826556e-08
8.488242e-08 2.851648e-08
7.369670e-08 -1.727622e-08
4.463156e-08 -4.168205e-08
1.824635e-08 -4.522021e-08
9.999451e-10 -4.237267e-08
-1.537730e-08 -3.845853e-08
-3.217144e-08 -2.555936e-08
-3.756335e-08 -2.889065e-09
-2.651255e-08 1.505384e-08
-1.195124e-08 1.791048e-08
-6.952455e-09 1.443657e-08
-6.237942e-09 1.773903e-08
3.131035e-09 2.424295e-08
1.924008e-08 1.986642e-08
2.673536e-08 3.074163e-09
1.936564e-08 -1.158279e-08
8.354306e-09 -1.421154e-08
4.678711e-09 -1.210682e-08
3.415790e-09 -1.581672e-08
-6.408734e-09 -2.127422e-08
-2.233051e-08 -1.526860e-08
-2.886718e-08 4.111718e-09
-1.755207e-08 2.203273e-08
1.588972e-09 2.435136e-08
