4.744171e-07 -1.266195e-06
-7.670469e-07 -1.928304e-06
-2.454486e-06 -1.202039e-06
-3.006117e-06 8.649086e-07
-1.697730e-06 2.658141e-06
3.116269e-07 2.802320e-06
1.401003e-06 1.765484e-06
1.504972e-06 1.032099e-06
1.915467e-06 8.657216e-07
2.956505e-06 -8.811542e-08
2.978053e-06 -2.467559e-06
5.747569e-07 -4.483633e-06
-2.913910e-06 -3.757267e-06
-4.478287e-06 -5.276025e-07
-3.025680e-06 2.323129e-06
-6.177600e-07 2.733962e-06
3.908658e-07 1.739022e-06
2.983788e-07 1.493313e-06
1.023162e-06 2.024490e-06
2.804376e-06 1.391083e-06
3.537675e-06 -1.118684e-06
1.708535e-06 -3.496075e-06
-1.315004e-06 -3.421811e-06
-2.860950e-06 -1.186739e-06
-2.143805e-06 8.385195e-07
-7.824450e-07 1.219622e-06
-3.234598e-07 7.992853e-07
-4.138747e-07 9.319349e-07
1.316548e-07 1.469790e-06
1.315957e-06 1.229185e-06
1.906007e-06 -9.136177e-08
1.166265e-06 -1.378557e-06
-1.786695e-07 -1.528381e-06
-9.236163e-07 -7.206945e-07
-7.756260e-07 3.995100e-08
-3.820811e-07 2.230490e-07
-2.803353e-07 1.580691e-07
-3.169090e-07 2.886086e-07
-1.135976e-07 5.281386e-07
2.987465e-07 5.016369e-07
5.419116e-07 1.352859e-07
4.104023e-07 -2.515436e-07
9.096156e-08 -3.631923e-07
-1.188388e-07 -2.309341e-07
-1.374392e-07 -7.819841e-08
-9.135790e-08 -2.771810e-08
-9.201626e-08 -2.449062e-08
-1.184123e-07 1.869483e-08
-9.580508e-08 9.606245e-08
-1.148497e-08 1.365175e-07
7.461782e-08 1.015781e-07
1.038270e-07 2.434653e-08
7.517812e-08 -3.499741e-08
3.189382e-08 -5.002471e-08
8.647825e-09 -4.102077e-08
1.265379e-09 -3.813036e-08
-1.406259e-08 -4.340422e-08
-4.205332e-08 -3.451124e-08
-5.934591e-08 -4.441945e-10
-4.455371e-08 3.877491e-08
-6.629261e-09 5.346796e-08
