2.953685e-06 5.936588e-06
1.265320e-05 3.587577e-06
1.533408e-05 -9.378568e-06
4.087771e-06 -1.939454e-05
-1.093942e-05 -1.595249e-05
-1.678681e-05 -2.689767e-06
-1.042294e-05 7.916752e-06
-1.196687e-06 8.026000e-06
9.550923e-07 2.798145e-06
-2.358326e-06 2.202527e-06
-1.820036e-06 7.086129e-06
5.467219e-06 8.690196e-06
1.154913e-05 1.743722e-06
8.629792e-06 -7.677322e-06
-4.205195e-07 -1.009682e-05
-6.198562e-06 -4.614244e-06
-4.720594e-06 1.198945e-06
-8.626782e-07 1.783199e-06
-3.438984e-07 -4.662144e-07
-2.503389e-06 -3.817628e-07
-2.802511e-06 2.521880e-06
2.183521e-07 4.281135e-06
3.367282e-06 2.471618e-06
3.489628e-06 -8.787129e-07
1.208771e-06 -2.452978e-06
-6.496842e-07 -1.639298e-06
-7.503500e-07 -3.787488e-07
-1.555222e-07 -1.805556e-07
-2.261636e-07 -6.021849e-07
-8.853167e-07 -4.904244e-07
-1.142204e-06 3.385561e-07
-5.550644e-07 1.070898e-06
3.401522e-07 1.044951e-06
8.064395e-07 4.314765e-07
6.793843e-07 -1.515139e-07
3.313174e-07 -3.540008e-07
1.241867e-07 -3.085422e-07
6.582569e-08 -2.936394e-07
-4.641240e-08 -3.619445e-07
-2.850145e-07 -3.353568e-07
-4.789085e-07 -8.844296e-08
-4.236323e-07 2.565195e-07
-1.322177e-07 4.470656e-07
1.735740e-07 3.687653e-07
2.995128e-07 1.415378e-07
2.490931e-07 -4.228357e-08
1.527979e-07 -1.137611e-07
9.057238e-08 -1.351642e-07
3.476844e-08 -1.638966e-07
-5.683311e-08 -1.734933e-07
-1.547956e-07 -1.117879e-07
-1.867956e-07 1.041412e-08
-1.243034e-07 1.179644e-07
-1.514231e-08 1.457570e-07
6.490024e-08 9.621512e-08
7.929146e-08 2.605815e-08
5.130594e-08 -1.222221e-08
2.776305e-08 -1.351200e-08
2.817187e-08 -1.034837e-08
3.158212e-08 -2.650430e-08
1.189848e-08 -4.794953e-08
