1.379020e-06 3.288039e-07
1.777970e-06 -1.214619e-06
4.140660e-07 -2.681774e-06
-1.801873e-06 -2.365220e-06
-2.866674e-06 -3.793628e-07
-2.014001e-06 1.443796e-06
-5.303257e-07 1.731737e-06
1.256264e-08 1.155072e-06
-1.403654e-07 1.243697e-06
5.443010e-07 1.993973e-06
2.371594e-06 1.708189e-06
3.515054e-06 -5.231432e-07
2.233885e-06 -3.126180e-06
-6.941776e-07 -3.678289e-06
-2.712934e-06 -1.836683e-06
-2.503955e-06 3.462427e-07
-1.279151e-06 1.087114e-06
-7.799911e-07 8.649557e-07
-9.180471e-07 1.193545e-06
-2.686294e-07 2.157086e-06
1.516068e-06 2.241392e-06
2.907365e-06 5.762601e-07
2.405395e-06 -1.654967e-06
4.579877e-07 -2.564716e-06
-1.148279e-06 -1.752931e-06
-1.424149e-06 -4.793781e-07
-9.905502e-07 1.167960e-07
-8.154665e-07 2.147859e-07
-8.817467e-07 5.673510e-07
-5.048793e-07 1.193095e-06
4.499404e-07 1.357650e-06
1.257000e-06 6.653196e-07
1.236216e-06 -3.619671e-07
5.421209e-07 -9.185511e-07
-1.331166e-07 -7.960221e-07
-3.843667e-07 -4.154284e-07
-3.684254e-07 -1.769335e-07
-3.725792e-07 -6.525761e-08
-4.032044e-07 1.123780e-07
-2.856993e-07 3.500165e-07
4.834804e-09 4.492279e-07
2.752444e-07 3.048594e-07
3.445101e-07 4.029289e-08
2.285010e-07 -1.467449e-07
7.464290e-08 -1.843810e-07
-1.461025e-08 -1.414395e-07
-4.847841e-08 -1.009184e-07
-7.599380e-08 -7.468135e-08
-1.055780e-07 -3.247667e-08
-1.070345e-07 3.161581e-08
-6.389973e-08 8.479209e-08
4.341553e-10 9.465903e-08
4.705510e-08 6.382583e-08
5.903457e-08 2.233581e-08
4.944619e-08 -5.556386e-09
3.782336e-08 -1.990257e-08
2.754861e-08 -3.246805e-08
9.536260e-09 -4.456431e-08
-1.773323e-08 -4.443004e-08
-4.057030e-08 -2.478769e-08
-4.421648e-08 4.808241e-09
