-7.373481e-06 2.550050e-06
-4.156429e-06 1.075445e-05
6.947840e-06 1.308502e-05
1.671860e-05 4.001625e-06
1.483684e-05 -1.037606e-05
2.042275e-06 -1.711712e-05
-9.588080e-06 -1.119727e-05
-1.109520e-05 -8.652264e-07
-5.957033e-06 3.976622e-06
-2.633097e-06 3.176694e-06
-2.946617e-06 3.046895e-06
-2.029467e-06 5.797546e-06
2.695126e-06 7.104634e-06
7.384049e-06 3.386154e-06
7.225578e-06 -2.799590e-06
2.651773e-06 -6.140003e-06
-1.811884e-06 -4.908329e-06
-3.187590e-06 -1.876137e-06
-2.427188e-06 -3.495643e-08
-1.736937e-06 4.422579e-07
-1.590076e-06 9.275206e-07
-1.030532e-06 1.788473e-06
2.925320e-07 2.121134e-06
1.517399e-06 1.335403e-06
1.751940e-06 3.111922e-09
1.079094e-06 -9.017299e-07
2.406200e-07 -1.028024e-06
-2.403680e-07 -7.210880e-07
-3.821418e-07 -4.120559e-07
-4.200764e-07 -2.152585e-07
-4.495896e-07 -3.268487e-08
-4.051617e-07 1.839375e-07
-2.343839e-07 3.570674e-07
3.282294e-09 3.917860e-07
1.914691e-07 2.852054e-07
2.643231e-07 1.220519e-07
2.455602e-07 -1.299310e-08
1.939561e-07 -1.006525e-07
1.318260e-07 -1.663980e-07
4.095801e-08 -2.153373e-07
-8.117902e-08 -2.123530e-07
-1.882636e-07 -1.301057e-07
-2.211753e-07 3.724658e-09
-1.654504e-07 1.223797e-07
-6.058313e-08 1.759587e-07
4.017926e-08 1.611611e-07
1.062335e-07 1.041994e-07
1.315350e-07 3.209531e-08
1.198321e-07 -3.663155e-08
7.811213e-08 -8.745957e-08
1.872092e-08 -1.085553e-07
-4.041456e-08 -9.499177e-08
-8.018518e-08 -5.248811e-08
-8.729978e-08 2.106210e-09
-6.214711e-08 4.591489e-08
-2.116059e-08 6.230486e-08
1.345477e-08 5.210692e-08
3.010716e-08 3.055271e-08
3.281672e-08 1.151888e-08
3.009097e-08 -2.470494e-09
2.395042e-08 -1.422642e-08
