3.444490e-06 -5.438361e-06
-2.170597e-06 -8.853632e-06
-8.526683e-06 -5.248700e-06
-8.856790e-06 1.711000e-06
-4.448986e-06 5.348032e-06
-5.921991e-07 4.655742e-06
4.843292e-07 3.019231e-06
6.480922e-07 2.859776e-06
2.127686e-06 3.106382e-06
4.228219e-06 1.504187e-06
4.398191e-06 -1.796121e-06
1.815881e-06 -4.144678e-06
-1.408215e-06 -3.638592e-06
-2.748373e-06 -1.260782e-06
-1.964396e-06 5.936285e-07
-7.583290e-07 8.765618e-07
-4.121539e-07 4.923007e-07
-5.820189e-07 5.929793e-07
-3.020174e-07 1.127135e-06
5.751349e-07 1.234649e-06
1.290691e-06 5.253229e-07
1.201344e-06 -4.676167e-07
4.800688e-07 -9.787401e-07
-2.036658e-07 -8.162205e-07
-4.411569e-07 -3.930475e-07
-3.785998e-07 -1.402505e-07
-3.552333e-07 -7.245925e-08
-4.369095e-07 6.314164e-08
-3.968985e-07 3.539614e-07
-8.568036e-08 5.762755e-07
3.238768e-07 4.831263e-07
5.183182e-07 1.229862e-07
3.942110e-07 -2.133696e-07
1.351089e-07 -3.190447e-07
-3.859008e-08 -2.478123e-07
-9.447553e-08 -1.650546e-07
-1.324435e-07 -1.247346e-07
-1.925621e-07 -5.918547e-08
-2.061392e-07 6.596016e-08
-1.178529e-07 1.791714e-07
2.333394e-08 1.941868e-07
1.199298e-07 1.135153e-07
1.292917e-07 1.252403e-08
8.374000e-08 -4.670411e-08
3.472000e-08 -5.741901e-08
7.549592e-09 -4.512806e-08
-2.872279e-10 -3.424746e-08
-4.381133e-09 -3.438587e-08
-1.906319e-08 -3.752381e-08
-4.187223e-08 -2.582250e-08
-5.139008e-08 5.586278e-09
-3.229822e-08 3.508499e-08
-2.692608e-10 3.708866e-08
1.337518e-08 1.672930e-08
2.792144e-09 5.421568e-09
-3.892822e-09 1.781849e-08
1.520815e-08 3.026924e-08
4.256886e-08 1.382163e-08
4.327414e-08 -2.368295e-08
1.197423e-08 -4.578975e-08
-2.024171e-08 -3.399617e-08
