-3.457785e-06 4.757493e-06
1.921976e-06 8.362650e-06
9.615687e-06 5.212255e-06
1.173051e-05 -4.293899e-06
4.593523e-06 -1.195235e-05
-5.535943e-06 -1.037559e-05
-9.374481e-06 -2.180916e-06
-5.672238e-06 3.867905e-06
-9.156362e-07 3.894124e-06
1.545086e-07 1.689521e-06
-6.863699e-07 1.605183e-06
2.071915e-07 2.935422e-06
2.700643e-06 2.455449e-06
3.753100e-06 -3.265837e-07
2.046884e-06 -2.723960e-06
-5.140831e-07 -2.686934e-06
-1.611730e-06 -1.050272e-06
-1.115524e-06 1.565990e-07
-4.444983e-07 2.439859e-07
-4.257494e-07 3.798405e-08
-6.182592e-07 2.839195e-07
-3.706064e-07 7.471296e-07
2.401412e-07 8.191664e-07
6.600808e-07 3.946506e-07
6.121360e-07 -1.065348e-07
3.169403e-07 -3.241738e-07
1.029979e-07 -2.948719e-07
3.614692e-08 -2.519668e-07
-3.458463e-08 -2.854230e-07
-2.004129e-07 -2.807148e-07
-3.642696e-07 -1.227640e-07
-3.708194e-07 1.349038e-07
-1.934146e-07 3.235063e-07
4.302729e-08 3.358788e-07
1.985433e-07 2.115915e-07
2.355821e-07 6.068743e-08
2.019581e-07 -5.105965e-08
1.430106e-07 -1.244376e-07
6.500144e-08 -1.707012e-07
-3.098765e-08 -1.766154e-07
-1.183591e-07 -1.273860e-07
-1.605621e-07 -3.703530e-08
-1.418429e-07 5.640465e-08
-7.581359e-08 1.157327e-07
4.872848e-09 1.219078e-07
6.349886e-08 8.145668e-08
7.871628e-08 2.469495e-08
5.991641e-08 -1.442353e-08
3.644071e-08 -2.656619e-08
2.483054e-08 -2.967296e-08
1.450132e-08 -3.886169e-08
-8.079715e-09 -4.450224e-08
-3.297346e-08 -3.012948e-08
-3.857552e-08 -1.964138e-09
-2.329208e-08 1.615660e-08
-8.116478e-09 1.484995e-08
-6.703780e-09 9.435306e-09
-8.736670e-09 1.448807e-08
4.435251e-10 2.284377e-08
1.643500e-08 1.904880e-08
2.315456e-08 3.591623e-09
