-4.083129e-08 -1.715441e-08
-6.869600e-08 2.119360e-08
-5.316426e-08 8.624957e-08
2.389587e-08 1.228125e-07
1.117145e-07 7.938691e-08
1.326776e-07 -1.930881e-08
7.401567e-08 -8.981805e-08
3.645404e-09 -8.788050e-08
-2.003236e-08 -5.654554e-08
-2.083199e-08 -5.369033e-08
-5.419860e-08 -6.364579e-08
-1.094277e-07 -2.511016e-08
-1.135863e-07 6.561633e-08
-3.508110e-08 1.313803e-07
6.358755e-08 1.090235e-07
1.000616e-07 2.886495e-08
6.866194e-08 -2.880636e-08
3.134446e-08 -3.334024e-08
2.814976e-08 -2.544682e-08
3.290712e-08 -4.610705e-08
2.383473e-09 -7.825444e-08
-5.828552e-08 -7.293322e-08
-9.804907e-08 -1.561946e-08
-7.979462e-08 5.256505e-08
-2.229249e-08 7.974395e-08
2.248403e-08 5.887481e-08
2.872089e-08 3.053092e-08
2.359265e-08 2.936152e-08
4.669337e-08 3.748665e-08
8.855517e-08 7.125174e-09
9.090214e-08 -6.824809e-08
2.029505e-08 -1.274818e-07
-7.679090e-08 -1.073844e-07
-1.193499e-07 -2.291271e-08
-8.706551e-08 4.830961e-08
-3.770634e-08 6.262089e-08
-2.097458e-08 5.646663e-08
-1.110244e-08 7.727301e-08
4.306711e-08 1.008797e-07
1.233873e-07 6.097336e-08
1.467774e-07 -4.686660e-08
7.168679e-08 -1.383661e-07
-4.114077e-08 -1.368891e-07
-1.004305e-07 -6.297884e-08
-8.958967e-08 3.083892e-09
-6.427691e-08 2.646785e-08
-5.877582e-08 4.326099e-08
-4.180994e-08 8.263511e-08
2.077674e-08 1.097446e-07
9.745899e-08 7.345327e-08
1.202965e-07 -1.449235e-08
6.990204e-08 -8.464221e-08
-2.808221e-09 -9.077228e-08
-4.230546e-08 -5.480437e-08
-4.680849e-08 -2.348145e-08
-4.746158e-08 -7.627200e-09
-5.262208e-08 1.434536e-08
-4.004148e-08 4.781721e-08
6.276479e-10 6.596688e-08
4.379264e-08 4.646290e-08
5.650470e-08 3.707824e-09
