-5.703673e-08 -1.054655e-07
-1.836664e-07 -7.041215e-08
-2.564925e-07 1.014882e-07
-1.370321e-07 3.039426e-07
1.247309e-07 3.304884e-07
3.017626e-07 1.374405e-07
2.594746e-07 -8.792896e-08
1.066336e-07 -1.614711e-07
2.735591e-08 -1.143050e-07
4.030342e-08 -1.039047e-07
1.109187e-08 -1.741275e-07
-1.287111e-07 -2.007363e-07
-2.696108e-07 -7.518520e-08
-2.582383e-07 1.354007e-07
-9.015309e-08 2.567585e-07
8.200375e-08 2.088442e-07
1.288790e-07 9.003914e-08
9.081072e-08 4.390124e-08
1.081603e-07 7.194423e-08
2.150339e-07 3.212006e-08
2.627346e-07 -1.561635e-07
1.005321e-07 -3.584027e-07
-1.985226e-07 -3.524228e-07
-3.808780e-07 -1.063405e-07
-3.055563e-07 1.601599e-07
-1.089238e-07 2.393773e-07
-7.075547e-09 1.809788e-07
-2.713085e-09 1.778306e-07
8.515727e-08 2.531810e-07
3.061641e-07 2.091142e-07
4.433291e-07 -7.027556e-08
2.814526e-07 -3.943509e-07
-8.384581e-08 -4.642636e-07
-3.379422e-07 -2.392023e-07
-3.226387e-07 3.004882e-08
-1.847268e-07 1.339411e-07
-1.208594e-07 1.335118e-07
-1.070031e-07 1.923945e-07
1.241641e-08 2.928034e-07
2.394413e-07 2.553525e-07
3.734183e-07 1.748443e-08
2.666722e-07 -2.435206e-07
1.792910e-08 -3.162296e-07
-1.558354e-07 -1.972059e-07
-1.735860e-07 -5.281546e-08
-1.319937e-07 1.000633e-08
-1.235532e-07 3.958834e-08
-1.137203e-07 1.083657e-07
-2.925932e-08 1.796691e-07
1.037604e-07 1.604750e-07
1.773693e-07 4.168128e-08
1.365217e-07 -8.048017e-08
3.834918e-08 -1.197715e-07
-2.971917e-08 -8.654301e-08
-4.634291e-08 -4.527782e-08
-4.844165e-08 -2.528642e-08
-5.843721e-08 -5.456659e-09
-5.716294e-08 3.047827e-08
-2.510402e-08 6.129183e-08
2.107623e-08 5.818027e-08
4.691159e-08 2.448170e-08
