4.683364e-08 -1.185336e-08
6.472036e-08 -7.356772e-08
2.012194e-08 -1.461044e-07
-8.413125e-08 -1.640299e-07
-1.835811e-07 -8.597557e-08
-1.940368e-07 5.014490e-08
-1.061053e-07 1.456056e-07
2.177373e-09 1.494977e-07
6.429061e-08 9.994957e-08
8.381567e-08 5.051962e-08
8.873868e-08 9.813848e-09
7.984862e-08 -3.291305e-08
4.651435e-08 -6.686390e-08
9.235516e-10 -7.187010e-08
-3.097145e-08 -5.044030e-08
-4.034499e-08 -2.413970e-08
-3.845851e-08 -6.052152e-09
-3.508529e-08 7.124992e-09
-2.881853e-08 2.017878e-08
-1.656747e-08 3.046117e-08
-6.315385e-10 3.381651e-08
1.498855e-08 2.960650e-08
2.736655e-08 1.831000e-08
3.230669e-08 1.198080e-09
2.598296e-08 -1.579017e-08
1.152220e-08 -2.410986e-08
-1.448265e-09 -2.185332e-08
-7.451003e-09 -1.639316e-08
-1.128180e-08 -1.395562e-08
-1.901431e-08 -1.038721e-08
-2.606702e-08 2.013961e-09
-2.104780e-08 2.008618e-08
-2.096666e-09 2.937392e-08
1.706931e-08 2.085518e-08
2.172172e-08 3.031117e-09
1.311277e-08 -7.805540e-09
5.249581e-09 -7.012624e-09
5.758998e-09 -5.027241e-09
6.791328e-09 -1.065226e-08
-1.928379e-09 -1.759459e-08
-1.640207e-08 -1.305208e-08
-2.164702e-08 3.483224e-09
-1.098610e-08 1.741698e-08
4.872813e-09 1.658369e-08
1.124427e-08 5.605455e-09
7.002001e-09 -1.756939e-09
3.043805e-09 -8.122934e-10
5.465100e-09 2.640770e-10
7.684489e-09 -5.301884e-09
1.648209e-09 -1.202401e-08
-9.101464e-09 -9.953306e-09
-1.332994e-08 8.134279e-10
-6.920828e-09 9.679430e-09
2.321949e-09 9.133957e-09
5.535152e-09 3.111408e-09
3.276940e-09 -2.150311e-10
2.064262e-09 5.369251e-10
3.983420e-09 2.493951e-10
4.587259e-09 -3.554992e-09
5.754358e-10 -6.823875e-09
-4.902356e-09 -5.045715e-09
