9.470364e-06 -3.617926e-06
6.118697e-06 -1.363711e-05
-6.671173e-06 -1.741045e-05
-1.813673e-05 -8.019246e-06
-1.696479e-05 6.495913e-06
-6.211697e-06 1.284591e-05
1.845949e-06 9.020415e-06
1.975633e-06 4.505318e-06
9.625213e-07 5.739288e-06
5.660227e-06 7.586320e-06
1.203228e-05 2.301016e-06
1.088261e-05 -7.890963e-06
1.289599e-06 -1.293105e-05
-7.636692e-06 -8.150796e-06
-8.400061e-06 2.234469e-07
-3.518219e-06 3.850034e-06
-3.359428e-07 2.159630e-06
-1.143198e-06 7.018306e-07
-1.964752e-06 2.384597e-06
3.649165e-07 4.280309e-06
3.790533e-06 2.863249e-06
4.450703e-06 -9.360336e-07
1.889995e-06 -3.370783e-06
-9.267250e-07 -2.750276e-06
-1.666450e-06 -8.176483e-07
-8.928698e-07 1.496040e-07
-3.981162e-07 -5.892603e-08
-7.283011e-07 -1.878298e-07
-1.009693e-06 4.145864e-07
-5.114624e-07 1.137417e-06
4.338513e-07 1.161152e-06
1.006713e-06 4.737854e-07
8.702436e-07 -2.759319e-07
3.707582e-07 -5.748874e-07
1.763335e-09 -4.689857e-07
-1.005341e-07 -3.081454e-07
-1.393978e-07 -2.772583e-07
-2.880361e-07 -2.522239e-07
-4.526401e-07 -5.307657e-08
-4.128625e-07 2.715089e-07
-1.227594e-07 4.747925e-07
2.108883e-07 3.955948e-07
3.541424e-07 1.322121e-07
2.799811e-07 -9.044487e-08
1.390963e-07 -1.646430e-07
5.192440e-08 -1.560506e-07
2.669697e-09 -1.550738e-07
-7.052336e-08 -1.548615e-07
-1.568073e-07 -9.637691e-08
-1.843440e-07 2.198092e-08
-1.183876e-07 1.270882e-07
-6.053786e-09 1.508671e-07
7.460048e-08 9.602288e-08
8.692527e-08 2.124811e-08
5.480265e-08 -2.011260e-08
2.548042e-08 -2.139363e-08
2.161939e-08 -1.354512e-08
2.662575e-08 -2.346410e-08
1.297174e-08 -4.375114e-08
-1.977915e-08 -4.558806e-08
-4.277079e-08 -1.858807e-08
