-1.630142e-06 -1.326530e-07
-1.789674e-06 1.705091e-06
5.350647e-08 3.250758e-06
2.827353e-06 2.572420e-06
4.007409e-06 -3.245076e-07
2.336235e-06 -2.970096e-06
-4.761514e-07 -3.137358e-06
-1.903236e-06 -1.395380e-06
-1.509421e-06 1.060773e-07
-7.227045e-07 4.028739e-07
-5.608547e-07 2.598956e-07
-6.460621e-07 5.247752e-07
-2.676543e-07 9.810098e-07
4.746713e-07 9.450657e-07
9.076112e-07 3.307632e-07
7.254464e-07 -2.959206e-07
2.788847e-07 -4.868758e-07
1.976410e-08 -3.602350e-07
-1.639285e-08 -2.733447e-07
-8.567522e-08 -3.174916e-07
-2.928979e-07 -2.892154e-07
-4.562981e-07 -5.111469e-08
-3.798295e-07 2.592146e-07
-1.095140e-07 4.056448e-07
1.406271e-07 3.256753e-07
2.383335e-07 1.526071e-07
2.258866e-07 2.067411e-08
1.928353e-07 -6.092753e-08
1.492328e-07 -1.388068e-07
5.725086e-08 -2.030241e-07
-7.018739e-08 -1.971089e-07
-1.624050e-07 -1.081327e-07
-1.717511e-07 7.171332e-09
-1.178559e-07 8.629952e-08
-4.776782e-08 1.143757e-07
1.339244e-08 1.074960e-07
5.951614e-08 7.662705e-08
8.076763e-08 2.870562e-08
6.993400e-08 -1.690913e-08
4.053388e-08 -3.956608e-08
1.593771e-08 -4.067011e-08
2.210992e-09 -3.761777e-08
-1.189995e-08 -3.627146e-08
-2.933555e-08 -2.620926e-08
-3.681396e-08 -4.233270e-09
-2.675592e-08 1.491139e-08
-1.133077e-08 1.873492e-08
-5.042945e-09 1.457997e-08
-4.316984e-09 1.616686e-08
3.572506e-09 2.154720e-08
1.788797e-08 1.752574e-08
2.447435e-08 2.093629e-09
1.728165e-08 -1.126169e-08
6.888425e-09 -1.322056e-08
3.671070e-09 -1.082166e-08
2.799470e-09 -1.410676e-08
-6.152619e-09 -1.907019e-08
-2.060994e-08 -1.324926e-08
-2.593868e-08 4.694718e-09
-1.482542e-08 2.048344e-08
2.547778e-09 2.144284e-08
