-1.106330e-06 -6.335828e-07
-1.807881e-06 8.855691e-08
-1.987777e-06 1.361417e-06
-1.145854e-06 2.801336e-06
8.052416e-07 3.451118e-06
2.931621e-06 2.514965e-06
3.958390e-06 3.584109e-07
3.509919e-06 -1.882817e-06
2.040373e-06 -3.499249e-06
-1.176094e-07 -4.271167e-06
-2.683696e-06 -3.716974e-06
-4.603714e-06 -1.417243e-06
-4.472118e-06 1.782019e-06
-2.205636e-06 3.928123e-06
5.160081e-07 3.899513e-06
2.071637e-06 2.543239e-06
2.560469e-06 1.287958e-06
2.947999e-06 2.399864e-07
3.107766e-06 -1.409374e-06
1.877416e-06 -3.388761e-06
-8.600504e-07 -4.010328e-06
-3.284304e-06 -2.278107e-06
-3.524707e-06 5.401508e-07
-1.833782e-06 2.231815e-06
-9.003323e-08 2.108031e-06
5.653915e-07 1.348177e-06
7.145387e-07 1.049593e-06
1.239127e-06 8.806238e-07
1.825088e-06 1.822050e-08
1.489478e-06 -1.304059e-06
1.416689e-07 -1.932467e-06
-1.134266e-06 -1.293594e-06
-1.377863e-06 -9.574120e-08
-7.786822e-07 6.081705e-07
-1.921028e-07 5.894115e-07
-2.851898e-08 3.888277e-07
6.226742e-09 4.032045e-07
2.403467e-07 4.511745e-07
5.322014e-07 2.221242e-07
5.367392e-07 -2.047123e-07
2.119605e-07 -4.686429e-07
-1.431303e-07 -3.911253e-07
-2.686785e-07 -1.398456e-07
-1.915739e-07 3.216623e-08
-9.509392e-08 5.966385e-08
-7.299120e-08 4.633526e-08
-7.436085e-08 7.674553e-08
-2.750377e-08 1.250102e-07
5.912482e-08 1.225774e-07
1.198608e-07 5.365554e-08
1.122318e-07 -3.247392e-08
5.501403e-08 -7.895717e-08
-1.009293e-09 -7.322973e-08
-2.532023e-08 -4.591823e-08
-2.848349e-08 -2.908031e-08
-3.619175e-08 -2.279568e-08
-5.148936e-08 -5.340856e-09
-5.150926e-08 2.972798e-08
-2.096527e-08 5.884122e-08
2.297964e-08 5.544953e-08
4.773612e-08 2.268941e-08
