5.875302e-07 -1.663079e-06
-1.164080e-06 -2.394254e-06
-3.070012e-06 -1.131724e-06
-3.195891e-06 1.271376e-06
-1.553687e-06 2.796966e-06
2.377879e-07 2.677225e-06
1.042954e-06 1.913568e-06
1.429029e-06 1.628229e-06
2.486282e-06 1.343442e-06
3.723797e-06 -3.199854e-07
3.192921e-06 -3.206905e-06
1.356309e-07 -4.975304e-06
-3.393114e-06 -3.653233e-06
-4.527647e-06 -2.354680e-07
-2.874343e-06 2.319370e-06
-7.258041e-07 2.549909e-06
6.008614e-08 1.828897e-06
2.103550e-07 1.917592e-06
1.372961e-06 2.334703e-06
3.229148e-06 1.252749e-06
3.614108e-06 -1.492472e-06
1.482850e-06 -3.675990e-06
-1.476942e-06 -3.323220e-06
-2.802858e-06 -1.085720e-06
-2.063769e-06 7.593273e-07
-8.734605e-07 1.102250e-06
-4.911525e-07 8.485816e-07
-4.442246e-07 1.108404e-06
2.618159e-07 1.567602e-06
1.433818e-06 1.168777e-06
1.897023e-06 -1.874699e-07
1.101427e-06 -1.386307e-06
-1.832761e-07 -1.478270e-06
-8.710388e-07 -7.148414e-07
-7.543281e-07 -1.503762e-08
-4.253553e-07 1.817067e-07
-3.309540e-07 1.775244e-07
-3.199527e-07 3.323207e-07
-8.510486e-08 5.415877e-07
3.111803e-07 4.848070e-07
5.282297e-07 1.263468e-07
4.000260e-07 -2.369222e-07
1.032072e-07 -3.468829e-07
-9.828550e-08 -2.348760e-07
-1.312155e-07 -9.635517e-08
-1.014345e-07 -3.982344e-08
-1.032992e-07 -2.275366e-08
-1.206227e-07 2.536202e-08
-9.265026e-08 9.770004e-08
-1.136836e-08 1.334178e-07
6.982208e-08 1.005911e-07
9.953229e-08 2.918399e-08
7.683626e-08 -2.780266e-08
3.884471e-08 -4.693257e-08
1.491544e-08 -4.451101e-08
1.977713e-09 -4.423934e-08
-1.764667e-08 -4.638496e-08
-4.472220e-08 -3.330799e-08
-5.867218e-08 8.980296e-10
-4.352546e-08 3.718237e-08
-8.803202e-09 5.114159e-08
