6.418758e-09 -1.470045e-08
-7.304613e-09 -2.533828e-08
-2.949545e-08 -2.004676e-08
-4.055768e-08 4.359542e-09
-2.741986e-08 2.967536e-08
-6.591681e-10 3.469074e-08
1.582938e-08 1.895101e-08
1.159576e-08 3.355676e-09
1.409916e-09 4.985776e-09
5.975797e-09 1.594221e-08
2.452824e-08 1.362570e-08
3.436669e-08 -9.429180e-09
1.892556e-08 -3.395823e-08
-1.072411e-08 -3.599072e-08
-2.821512e-08 -1.520747e-08
-2.259580e-08 5.751711e-09
-8.940627e-09 9.521706e-09
-6.422317e-09 3.572098e-09
-1.307609e-08 6.702943e-09
-1.020364e-08 2.125428e-08
9.923620e-09 2.841053e-08
3.053952e-08 1.325762e-08
2.992936e-08 -1.375135e-08
8.658395e-09 -2.798356e-08
-1.143666e-08 -2.000674e-08
-1.455301e-08 -4.618765e-09
-7.845395e-09 9.056250e-10
-6.969966e-09 -1.543902e-09
-1.263514e-08 1.981887e-09
-1.110473e-08 1.415962e-08
3.760612e-09 2.092509e-08
1.935465e-08 1.104288e-08
1.976164e-08 -7.562671e-09
5.855334e-09 -1.726951e-08
-7.030193e-09 -1.214756e-08
-8.887148e-09 -2.518985e-09
-4.842492e-09 9.328744e-10
-4.166506e-09 -7.773937e-11
-6.573721e-09 2.248871e-09
-4.642368e-09 8.357710e-09
3.535192e-09 1.052205e-08
1.058169e-08 4.308182e-09
9.443922e-09 -4.890684e-09
2.131712e-09 -8.713761e-09
-3.706253e-09 -5.654488e-09
-4.249589e-09 -1.111990e-09
-2.336769e-09 4.797971e-10
-1.829659e-09 1.388790e-10
-2.545296e-09 9.207383e-10
-1.845615e-09 2.974609e-09
8.672816e-10 3.738261e-09
3.231562e-09 1.839827e-09
3.067237e-09 -1.046644e-09
9.359584e-10 -2.352502e-09
-8.380500e-10 -1.501618e-09
-9.129826e-10 -1.009284e-10
-6.221275e-11 2.457734e-10
2.133743e-10 -3.588833e-10
-4.244237e-10 -6.596111e-10
-9.801413e-10 -2.716435e-11
-6.031915e-10 8.155070e-10
