-1.614050e-08 2.247597e-08
3.940766e-09 6.013718e-08
6.395692e-08 6.525511e-08
1.072101e-07 6.830321e-09
8.237288e-08 -6.760256e-08
1.135158e-08 -9.257920e-08
-4.326563e-08 -5.828080e-08
-4.787171e-08 -9.194706e-09
-2.234551e-08 1.171992e-08
-5.658028e-09 2.821923e-09
-1.283295e-08 -7.642879e-09
-2.709196e-08 1.731481e-09
-2.447203e-08 2.469638e-08
-7.418900e-10 3.753715e-08
2.461198e-08 2.580427e-08
2.959901e-08 2.979777e-10
1.393689e-08 -1.461195e-08
-9.290738e-10 -8.547797e-09
2.376090e-09 3.153104e-09
1.564564e-08 -9.446585e-10
1.534633e-08 -2.028592e-08
-6.665007e-09 -3.139601e-08
-3.062428e-08 -1.685760e-08
-3.167188e-08 1.183362e-08
-9.968203e-09 2.716116e-08
1.016937e-08 1.841978e-08
1.086241e-08 2.711473e-09
1.287987e-09 6.627282e-10
2.135354e-09 9.525731e-09
1.580255e-08 9.111362e-09
2.276856e-08 -8.434324e-09
8.682250e-09 -2.593758e-08
-1.493036e-08 -2.289622e-08
-2.438362e-08 -2.143769e-09
-1.322095e-08 1.411672e-08
1.821440e-09 1.256164e-08
4.478784e-09 3.049837e-09
-1.135345e-09 1.667852e-09
-1.633693e-10 8.081841e-09
9.860728e-09 8.234164e-09
1.542795e-08 -3.609012e-09
6.696822e-09 -1.558535e-08
-8.276527e-09 -1.404166e-08
-1.404634e-08 -1.420768e-09
-7.297211e-09 7.970705e-09
1.127251e-09 6.733240e-09
2.187032e-09 1.570869e-09
-7.316638e-10 1.327606e-09
4.638178e-10 4.680380e-09
5.878351e-09 3.958235e-09
8.015383e-09 -2.604825e-09
2.955876e-09 -8.189345e-09
-4.263704e-09 -6.808059e-09
-6.575392e-09 -7.608240e-10
-3.429619e-09 3.271389e-09
4.659304e-11 2.690953e-09
3.848149e-10 7.139052e-10
-7.542938e-10 7.947479e-10
-2.316791e-10 2.276765e-09
2.010425e-09 2.265404e-09
3.295480e-09 -4.670961e-11
