6.747521e-06 -8.192655e-07
6.007943e-06 -8.141741e-06
-1.982295e-06 -1.181297e-05
-9.654920e-06 -6.817450e-06
-9.938390e-06 1.596267e-06
-4.634185e-06 5.818130e-06
-2.044100e-07 4.614722e-06
4.554876e-07 2.476590e-06
8.006179e-08 2.669216e-06
1.768212e-06 3.490361e-06
4.392187e-06 1.834280e-06
4.588059e-06 -1.890723e-06
1.638969e-06 -4.276515e-06
-1.647239e-06 -3.392963e-06
-2.593515e-06 -8.546650e-07
-1.506352e-06 6.680202e-07
-4.736261e-07 5.511897e-07
-5.127288e-07 1.529701e-07
-8.229159e-07 5.309603e-07
-3.893961e-07 1.234980e-06
6.280351e-07 1.262411e-06
1.281877e-06 4.365079e-07
1.062263e-06 -5.030823e-07
3.534528e-07 -8.547776e-07
-1.708071e-07 -6.314619e-07
-2.801078e-07 -3.170631e-07
-2.447887e-07 -2.150292e-07
-3.430539e-07 -1.904348e-07
-4.980887e-07 1.283499e-08
-4.338554e-07 3.695257e-07
-7.646305e-08 5.838101e-07
3.231461e-07 4.526190e-07
4.717689e-07 1.016238e-07
3.409235e-07 -1.788990e-07
1.337795e-07 -2.520975e-07
1.229770e-08 -2.111034e-07
-4.473615e-08 -1.823196e-07
-1.215145e-07 -1.621199e-07
-2.072382e-07 -7.821494e-08
-2.162061e-07 6.590149e-08
-1.176599e-07 1.777241e-07
1.971561e-08 1.858206e-07
1.073859e-07 1.097643e-07
1.175723e-07 1.983286e-08
8.093990e-08 -3.463035e-08
3.931193e-08 -4.817254e-08
1.539142e-08 -4.090383e-08
7.905086e-09 -3.577097e-08
-4.809348e-10 -4.109554e-08
-2.273895e-08 -4.319570e-08
-4.753871e-08 -2.343503e-08
-4.912624e-08 1.251402e-08
-2.264024e-08 3.464386e-08
3.958252e-09 2.603982e-08
4.682508e-09 7.260247e-09
-9.114989e-09 8.895876e-09
-5.139492e-09 2.842133e-08
2.309462e-08 3.337264e-08
4.555452e-08 7.116406e-09
3.579736e-08 -2.743442e-08
5.047616e-09 -3.799893e-08
