1.997961e-10 -1.493260e-08
-1.382134e-08 -1.609887e-08
-2.526386e-08 -4.300569e-09
-2.391758e-08 1.320429e-08
-1.018187e-08 2.386487e-08
5.097999e-09 2.090395e-08
1.042478e-08 1.036567e-08
6.361278e-09 5.197958e-09
5.311765e-09 9.385325e-09
1.522167e-08 1.169673e-08
2.695870e-08 -2.337711e-10
2.362206e-08 -2.185891e-08
2.050140e-09 -3.396542e-08
-2.093721e-08 -2.452592e-08
-2.697355e-08 -3.213490e-09
-1.680014e-08 1.032834e-08
-6.966316e-09 9.880549e-09
-7.123281e-09 7.645191e-09
-8.068987e-09 1.472040e-08
3.388916e-09 2.374615e-08
2.301409e-08 1.800213e-08
3.122427e-08 -4.600771e-09
1.733566e-08 -2.544638e-08
-6.088195e-09 -2.647353e-08
-1.821060e-08 -1.113908e-08
-1.424358e-08 2.195414e-09
-7.262243e-09 4.241610e-09
-7.377407e-09 3.396360e-09
-8.526901e-09 9.350198e-09
-2.615734e-10 1.699012e-08
1.422319e-08 1.359489e-08
2.028610e-08 -1.961503e-09
1.090891e-08 -1.578900e-08
-4.193378e-09 -1.588861e-08
-1.116430e-08 -5.844651e-09
-8.084940e-09 2.097178e-09
-3.717192e-09 2.993328e-09
-3.541013e-09 2.440786e-09
-3.601806e-09 5.429876e-09
1.131045e-09 8.522794e-09
7.926682e-09 5.680960e-09
9.605236e-09 -2.224095e-09
4.223221e-09 -7.975107e-09
-2.629890e-09 -6.996671e-09
-5.078981e-09 -2.126505e-09
-3.265578e-09 1.120013e-09
-1.293715e-09 1.188814e-09
-1.260910e-09 6.865130e-10
-1.534435e-09 1.626252e-09
-1.854653e-10 2.860961e-09
2.055208e-09 2.311007e-09
2.937073e-09 4.121425e-11
1.663048e-09 -1.851228e-09
-2.701828e-10 -1.833068e-09
-1.001948e-09 -5.396792e-10
-3.580269e-10 2.846708e-10
2.991186e-10 -9.151120e-11
-6.361277e-11 -7.470952e-10
-9.353823e-10 -5.025075e-10
-1.080575e-09 5.288758e-10
-2.047746e-10 1.166091e-09
