1.169586e-07 1.523046e-07
4.043845e-07 7.346951e-08
5.194929e-07 -3.231811e-07
1.914567e-07 -6.935096e-07
-3.485163e-07 -6.437487e-07
-6.417270e-07 -1.880404e-07
-4.727946e-07 2.705434e-07
-9.528296e-08 3.649480e-07
8.018516e-08 1.727834e-07
-6.816728e-09 6.603992e-08
-4.795062e-08 1.858365e-07
1.490149e-07 2.754739e-07
3.744858e-07 8.793723e-08
3.221827e-07 -2.394470e-07
2.020505e-08 -3.676407e-07
-2.163269e-07 -2.025862e-07
-2.002431e-07 2.034748e-08
-6.386371e-08 7.658538e-08
-1.962876e-08 1.043897e-08
-7.876958e-08 6.838149e-10
-9.349686e-08 9.021130e-08
4.809882e-09 1.553531e-07
1.207175e-07 1.002082e-07
1.377451e-07 -2.110726e-08
6.036246e-08 -9.130512e-08
-1.686509e-08 -7.207140e-08
-3.266941e-08 -2.129769e-08
-9.339286e-09 -1.837834e-09
1.678394e-09 -1.622389e-08
-1.575142e-08 -2.769308e-08
-3.842681e-08 -1.321993e-08
-4.016068e-08 1.702539e-08
-1.776968e-08 3.809626e-08
1.089787e-08 3.518368e-08
2.474332e-08 1.443405e-08
1.765145e-08 -3.764945e-09
4.068588e-09 -4.296020e-09
3.813828e-09 6.261775e-09
1.815125e-08 6.427259e-09
2.594839e-08 -1.303015e-08
9.499598e-09 -3.407517e-08
-2.038513e-08 -3.143403e-08
-3.473455e-08 -4.929862e-09
-2.161639e-08 1.874472e-08
-2.879414e-10 1.898299e-08
4.975874e-09 5.746108e-09
-3.847122e-09 3.082950e-09
-4.243045e-09 1.491165e-08
1.300873e-08 2.015415e-08
2.912736e-08 3.364184e-09
2.206984e-08 -2.186582e-08
-3.324809e-09 -2.908273e-08
-2.084242e-08 -1.269432e-08
-1.611012e-08 6.193410e-09
-2.541496e-09 8.462446e-09
-5.297528e-11 2.727663e-10
-7.706678e-09 4.057026e-10
-7.826753e-09 1.168833e-08
6.323060e-09 1.721312e-08
1.955641e-08 5.403126e-09
1.545955e-08 -1.263315e-08
