1.521094e-08 -1.318386e-07
-1.299778e-07 -1.628681e-07
-2.697116e-07 -3.567634e-08
-2.520428e-07 1.809201e-07
-6.197064e-08 3.114919e-07
1.527394e-07 2.506732e-07
2.308570e-07 7.567992e-08
1.711552e-07 -4.938353e-08
1.031348e-07 -7.112988e-08
9.764596e-08 -8.022750e-08
8.470117e-08 -1.498557e-07
-2.126846e-08 -2.183591e-07
-1.785176e-07 -1.731361e-07
-2.533671e-07 -9.630776e-09
-1.801363e-07 1.482616e-07
-3.786617e-08 1.875998e-07
4.700653e-08 1.285164e-07
4.807963e-08 8.275017e-08
5.651215e-08 1.029556e-07
1.455554e-07 1.102235e-07
2.495352e-07 -9.157574e-10
2.227233e-07 -2.014938e-07
2.492010e-08 -3.243089e-07
-2.008677e-07 -2.482646e-07
-2.791804e-07 -4.698893e-08
-2.013685e-07 1.006655e-07
-1.096349e-07 1.298744e-07
-8.588637e-08 1.427324e-07
-4.292492e-08 2.219218e-07
1.214301e-07 2.759800e-07
3.274106e-07 1.532211e-07
3.711591e-07 -1.241738e-07
1.785495e-07 -3.421068e-07
-9.036579e-08 -3.353071e-07
-2.310861e-07 -1.675201e-07
-2.194095e-07 -1.882845e-08
-1.790800e-07 4.585035e-08
-1.709574e-07 1.088789e-07
-1.168277e-07 2.194373e-07
4.915426e-08 2.849106e-07
2.407990e-07 1.923741e-07
3.006883e-07 -2.176355e-08
1.876683e-07 -1.963380e-07
1.608869e-08 -2.258187e-07
-8.973632e-08 -1.537777e-07
-1.189572e-07 -7.888690e-08
-1.306317e-07 -2.815245e-08
-1.401760e-07 3.618774e-08
-1.042370e-07 1.193248e-07
-5.852867e-09 1.633673e-07
9.857319e-08 1.217318e-07
1.372998e-07 2.400818e-08
1.008099e-07 -5.685808e-08
3.866926e-08 -8.254745e-08
-5.503172e-09 -7.142523e-08
-2.997230e-08 -5.386101e-08
-4.943539e-08 -3.403510e-08
-6.091591e-08 -2.530394e-09
-4.942649e-08 3.393477e-08
-1.559154e-08 5.324848e-08
1.899192e-08 4.410365e-08
