4.763224e-06 -4.431293e-06
2.284122e-07 -9.538717e-06
-7.683232e-06 -8.278676e-06
-1.131325e-05 -9.422883e-07
-8.233446e-06 5.751953e-06
-2.802721e-06 7.471060e-06
2.930343e-07 6.070325e-06
1.412475e-06 5.585521e-06
4.120557e-06 6.052848e-06
8.689745e-06 3.491901e-06
1.029232e-05 -3.548654e-06
5.186868e-06 -1.020930e-05
-3.436362e-06 -1.038416e-05
-8.445483e-06 -4.231024e-06
-6.951017e-06 2.055606e-06
-2.874739e-06 3.828452e-06
-1.014038e-06 2.701306e-06
-1.170025e-06 2.735657e-06
8.499309e-08 4.288157e-06
3.511647e-06 4.056238e-06
5.804296e-06 4.387824e-07
4.168239e-06 -3.784333e-06
7.734218e-08 -4.902435e-06
-2.701378e-06 -2.701704e-06
-2.592704e-06 -1.068501e-07
-1.276985e-06 7.315360e-07
-7.668318e-07 4.526459e-07
-9.793419e-07 6.516428e-07
-6.248588e-07 1.453073e-06
5.873363e-07 1.680169e-06
1.581813e-06 7.508357e-07
1.445594e-06 -5.413656e-07
5.047708e-07 -1.117339e-06
-2.729412e-07 -8.240408e-07
-4.345375e-07 -3.121613e-07
-2.875150e-07 -9.561795e-08
-2.536365e-07 -9.642360e-08
-3.529436e-07 -6.458228e-09
-3.424753e-07 2.323892e-07
-1.168855e-07 4.118104e-07
1.716471e-07 3.631960e-07
3.171884e-07 1.420591e-07
2.703305e-07 -6.928245e-08
1.389588e-07 -1.568705e-07
4.169141e-08 -1.481780e-07
-1.572196e-09 -1.289655e-07
-4.489484e-08 -1.294000e-07
-1.165627e-07 -1.057035e-07
-1.716994e-07 -1.919363e-08
-1.480644e-07 9.579999e-08
-4.779024e-08 1.602071e-07
5.873952e-08 1.353795e-07
1.070181e-07 5.833403e-08
9.550724e-08 -8.410133e-09
6.436250e-08 -4.056212e-08
3.876133e-08 -5.495537e-08
1.178376e-08 -6.648829e-08
-2.542113e-08 -6.542194e-08
-5.910128e-08 -3.822882e-08
-6.625848e-08 6.175240e-09
-4.224938e-08 4.122101e-08
