-1.525466e-07 -3.506017e-07
-5.472607e-07 -2.203378e-07
-6.985354e-07 2.677962e-07
-3.787019e-07 7.232771e-07
1.637079e-07 7.702702e-07
5.012041e-07 4.521795e-07
5.065683e-07 1.417024e-07
4.628433e-07 4.774427e-08
6.095656e-07 -6.632544e-08
7.117292e-07 -5.078074e-07
3.135184e-07 -1.085499e-06
-5.748410e-07 -1.180480e-06
-1.294521e-06 -4.889976e-07
-1.224314e-06 5.026297e-07
-5.171536e-07 1.014163e-06
1.061628e-07 8.673208e-07
2.799288e-07 5.973426e-07
3.865365e-07 6.109005e-07
8.544147e-07 5.682725e-07
1.352899e-06 -8.686817e-08
1.102571e-06 -1.155671e-06
-3.138564e-08 -1.697259e-06
-1.180736e-06 -1.135349e-06
-1.429976e-06 1.031106e-09
-8.504697e-07 7.216652e-07
-2.550194e-07 7.377040e-07
-7.875172e-08 5.988872e-07
5.337928e-08 7.318216e-07
5.632374e-07 8.072916e-07
1.146008e-06 3.005602e-07
1.110756e-06 -6.251775e-07
3.295234e-07 -1.196767e-06
-5.407741e-07 -9.563344e-07
-8.372944e-07 -2.674706e-07
-5.942522e-07 2.118684e-07
-3.078844e-07 2.980083e-07
-2.218389e-07 3.034221e-07
-1.259961e-07 4.429966e-07
1.830359e-07 5.261963e-07
5.289123e-07 2.957943e-07
5.756441e-07 -1.524859e-07
2.717637e-07 -4.586113e-07
-9.629507e-08 -4.244775e-07
-2.578559e-07 -1.945046e-07
-2.198532e-07 -1.661104e-08
-1.519519e-07 4.052216e-08
-1.322390e-07 7.388391e-08
-9.666003e-08 1.431620e-07
8.986563e-09 1.870716e-07
1.282345e-07 1.332439e-07
1.664410e-07 1.020705e-08
1.075467e-07 -8.624671e-08
2.026146e-08 -1.024833e-07
-2.946883e-08 -6.660257e-08
-3.713550e-08 -3.236457e-08
-3.512681e-08 -1.781032e-08
-4.039740e-08 -6.018144e-09
-4.142929e-08 1.600482e-08
-2.457572e-08 3.794079e-08
4.020714e-09 4.221611e-08
2.548608e-08 2.648235e-08
