6.863596e-07 6.346992e-06
7.316138e-06 5.349926e-06
1.093481e-05 -2.233139e-06
6.148791e-06 -1.052621e-05
-3.760833e-06 -1.124550e-05
-9.478671e-06 -3.882350e-06
-6.894386e-06 3.498191e-06
-1.270319e-06 4.643675e-06
8.140396e-07 1.816302e-06
-5.536764e-07 7.146458e-07
-8.290064e-07 2.408878e-06
1.664346e-06 3.226117e-06
3.911880e-06 9.230394e-07
3.049607e-06 -2.296733e-06
1.457604e-07 -3.188728e-06
-1.715090e-06 -1.573836e-06
-1.388550e-06 1.555083e-07
-3.494137e-07 4.133888e-07
-1.629930e-07 -1.199963e-07
-6.652152e-07 -1.146669e-07
-7.686914e-07 5.668938e-07
-1.142373e-07 1.041599e-06
6.448258e-07 7.545340e-07
8.344693e-07 6.183161e-08
4.959250e-07 -3.862479e-07
1.215764e-07 -3.974275e-07
-1.046825e-09 -2.599548e-07
-3.529596e-09 -2.486945e-07
-1.198759e-07 -3.127477e-07
-3.447951e-07 -2.328357e-07
-4.577154e-07 4.964882e-08
-3.097578e-07 3.448746e-07
-6.365416e-10 4.305089e-07
2.404666e-07 2.829910e-07
2.929692e-07 6.415261e-08
2.198910e-07 -7.719405e-08
1.362962e-07 -1.308052e-07
7.338914e-08 -1.606267e-07
-6.015088e-09 -1.841490e-07
-1.089622e-07 -1.594430e-07
-1.822142e-07 -6.474192e-08
-1.743211e-07 5.679013e-08
-9.259015e-08 1.368370e-07
8.370801e-09 1.419353e-07
7.505321e-08 8.952067e-08
8.778181e-08 2.353894e-08
6.341179e-08 -1.866520e-08
3.553147e-08 -2.902139e-08
2.389452e-08 -2.789361e-08
1.837070e-08 -3.612240e-08
-1.339096e-09 -4.763266e-08
-3.200260e-08 -3.926642e-08
-4.654764e-08 -7.446679e-09
-3.094491e-08 2.098750e-08
-5.677919e-09 2.255999e-08
1.183829e-09 7.994633e-09
-8.776005e-09 5.175186e-09
-1.007084e-08 1.941389e-08
8.277837e-09 2.817154e-08
2.782786e-08 1.499690e-08
2.776838e-08 -8.039066e-09
