-2.455536e-06 5.596553e-06
4.739892e-06 1.048126e-05
1.526376e-05 4.925062e-06
1.668763e-05 -9.506887e-06
4.465313e-06 -2.042341e-05
-1.229347e-05 -1.656629e-05
-1.815840e-05 -1.163846e-06
-9.592730e-06 1.014981e-05
1.034860e-06 8.554538e-06
2.395020e-06 1.723258e-06
-2.017660e-06 1.167748e-06
-1.474932e-06 6.342352e-06
5.722927e-06 7.291983e-06
1.046420e-05 -1.227356e-08
6.228499e-06 -8.079585e-06
-2.271942e-06 -8.474142e-06
-6.108816e-06 -2.449444e-06
-3.423794e-06 2.183965e-06
8.445538e-08 1.619331e-06
-6.990650e-08 -6.403249e-07
-2.089891e-06 -2.192528e-07
-1.951735e-06 2.288061e-06
7.297449e-07 3.241888e-06
2.850869e-06 1.332256e-06
2.344492e-06 -1.175275e-06
4.070231e-07 -1.861258e-06
-6.938240e-07 -8.991194e-07
-4.230707e-07 -4.636763e-08
5.791369e-08 -1.581332e-07
-1.597929e-07 -5.549318e-07
-7.334275e-07 -3.701608e-07
-8.551700e-07 3.216907e-07
-3.431105e-07 8.156503e-07
2.920360e-07 7.143475e-07
5.520382e-07 2.615507e-07
4.282083e-07 -9.020723e-08
2.309734e-07 -1.793816e-07
1.592989e-07 -1.710629e-07
1.345444e-07 -2.413582e-07
-4.341809e-09 -3.467826e-07
-2.487086e-07 -3.118129e-07
-4.120902e-07 -7.561462e-08
-3.460066e-07 2.129078e-07
-1.057116e-07 3.503846e-07
1.202913e-07 2.828748e-07
2.083923e-07 1.245500e-07
1.870348e-07 3.842881e-09
1.448912e-07 -5.644933e-08
1.111302e-07 -1.037814e-07
5.234558e-08 -1.538342e-07
-4.570563e-08 -1.649364e-07
-1.369753e-07 -1.021221e-07
-1.602189e-07 7.756323e-09
-1.037822e-07 9.601394e-08
-1.545209e-08 1.154052e-07
4.469541e-08 7.649615e-08
5.503419e-08 2.710094e-08
3.957277e-08 2.709886e-09
3.140391e-08 -1.127063e-09
3.520304e-08 -9.861031e-09
2.992491e-08 -3.115655e-08
