-1.000121e-07 1.173453e-07
1.301766e-08 2.338873e-07
2.057181e-07 2.118213e-07
3.251029e-07 3.921613e-08
2.836548e-07 -1.705860e-07
1.176907e-07 -2.847204e-07
-4.798976e-08 -2.625894e-07
-1.337687e-07 -1.848737e-07
-1.812442e-07 -1.272586e-07
-2.489631e-07 -5.547164e-08
-2.889918e-07 9.503566e-08
-2.000902e-07 2.786158e-07
1.557735e-08 3.568629e-07
2.211159e-07 2.613664e-07
2.927086e-07 7.982218e-08
2.523848e-07 -5.407728e-08
2.090837e-07 -1.215613e-07
1.874795e-07 -2.127376e-07
8.308422e-08 -3.555555e-07
-1.744549e-07 -4.162002e-07
-4.584889e-07 -2.382002e-07
-5.296415e-07 1.312296e-07
-3.034309e-07 4.357828e-07
3.580101e-08 4.739793e-07
2.446347e-07 3.102032e-07
2.917165e-07 1.519989e-07
3.266804e-07 6.049030e-08
3.983106e-07 -9.639880e-08
3.411878e-07 -3.777988e-07
2.062295e-08 -5.865398e-07
-4.040524e-07 -4.713199e-07
-5.991295e-07 -6.465243e-08
-4.333917e-07 3.151825e-07
-1.142785e-07 4.204737e-07
9.048694e-08 3.191477e-07
1.562719e-07 2.241808e-07
2.345601e-07 1.809963e-07
3.585798e-07 5.329639e-08
3.659859e-07 -2.072764e-07
1.411042e-07 -4.236238e-07
-1.840999e-07 -3.928628e-07
-3.593986e-07 -1.421164e-07
-2.965928e-07 1.062890e-07
-1.320663e-07 1.955855e-07
-2.354544e-08 1.709474e-07
2.235713e-08 1.496520e-07
8.646902e-08 1.455544e-07
1.750956e-07 8.432992e-08
2.004262e-07 -5.080025e-08
1.100729e-07 -1.686262e-07
-3.169318e-08 -1.771494e-07
-1.170247e-07 -9.005934e-08
-1.112132e-07 3.000269e-09
-6.523312e-08 4.370352e-08
-3.321759e-08 4.777759e-08
-1.623758e-08 5.215473e-08
1.005268e-08 5.856249e-08
4.482324e-08 4.390634e-08
6.095266e-08 4.524129e-09
4.342597e-08 -3.324244e-08
8.746279e-09 -4.413133e-08
