1.349025e-08 -1.801104e-08
-8.459021e-10 -4.084645e-08
-4.246951e-08 -4.762852e-08
-8.537884e-08 -8.373143e-09
-7.918095e-08 6.264807e-08
-1.343935e-08 1.047343e-07
5.815122e-08 7.943080e-08
7.884086e-08 1.875589e-08
5.582431e-08 -1.836791e-08
3.885466e-08 -2.270280e-08
4.254795e-08 -3.479531e-08
2.795531e-08 -7.116981e-08
-2.983504e-08 -8.974128e-08
-9.125525e-08 -4.852790e-08
-9.696518e-08 2.876546e-08
-4.435198e-08 7.703275e-08
1.220922e-08 6.864729e-08
3.239229e-08 3.706134e-08
3.044440e-08 2.136736e-08
3.811054e-08 1.727509e-08
5.389756e-08 -2.740717e-09
4.901287e-08 -4.075035e-08
1.190319e-08 -6.682310e-08
-3.359026e-08 -5.677259e-08
-5.537122e-08 -1.999051e-08
-4.619953e-08 1.364056e-08
-2.557055e-08 2.591669e-08
-1.430422e-08 2.479588e-08
-1.184691e-08 2.930221e-08
1.414236e-10 4.309114e-08
3.131373e-08 4.648142e-08
6.334585e-08 1.944126e-08
6.526131e-08 -2.886957e-08
3.001762e-08 -6.344540e-08
-1.430067e-08 -6.142626e-08
-3.748520e-08 -3.695278e-08
-4.172629e-08 -1.766279e-08
-4.882748e-08 -5.233827e-09
-5.878202e-08 2.157833e-08
-4.360044e-08 6.436377e-08
9.711231e-09 8.815954e-08
6.909457e-08 6.158428e-08
8.862933e-08 3.050444e-10
6.121620e-08 -4.892150e-08
2.058527e-08 -6.239603e-08
-6.715160e-09 -5.695930e-08
-2.848471e-08 -5.189494e-08
-5.796801e-08 -3.713963e-08
-7.896949e-08 4.556668e-09
-6.173913e-08 5.834136e-08
-7.390343e-09 8.396684e-08
4.550206e-08 6.245074e-08
6.342240e-08 1.752382e-08
5.100512e-08 -1.613403e-08
3.314550e-08 -3.100087e-08
1.820611e-08 -4.111514e-08
-4.515303e-09 -4.954818e-08
-3.596983e-08 -4.099523e-08
-5.546486e-08 -8.389696e-09
-4.473529e-08 2.921865e-08
-1.248312e-08 4.533524e-08
