-1.602451e-06 -6.392792e-07
-2.345807e-06 9.635299e-07
-1.386356e-06 2.558650e-06
1.784924e-07 2.862195e-06
1.305624e-06 2.473431e-06
2.321183e-06 1.973677e-06
3.526783e-06 8.821256e-07
4.154957e-06 -1.366487e-06
2.928040e-06 -4.138390e-06
-3.741679e-07 -5.558623e-06
-4.035481e-06 -4.123618e-06
-5.585745e-06 -4.624507e-07
-4.146696e-06 2.935577e-06
-1.283204e-06 4.088150e-06
8.171130e-07 3.324870e-06
1.668236e-06 2.331221e-06
2.391623e-06 1.746105e-06
3.490323e-06 5.730586e-07
3.721972e-06 -1.842875e-06
1.776438e-06 -4.167930e-06
-1.540371e-06 -4.285782e-06
-3.762934e-06 -1.895377e-06
-3.435068e-06 9.809424e-07
-1.556276e-06 2.273259e-06
-7.411918e-08 1.946888e-06
3.968374e-07 1.386566e-06
7.222426e-07 1.288217e-06
1.495852e-06 9.906261e-07
2.048780e-06 -1.513923e-07
1.464221e-06 -1.550531e-06
-3.057519e-08 -2.015649e-06
-1.237208e-06 -1.224474e-06
-1.367043e-06 -3.820229e-08
-7.667936e-07 5.916063e-07
-2.407429e-07 5.790734e-07
-7.392693e-08 4.464877e-07
3.346889e-08 4.800567e-07
3.142609e-07 4.704540e-07
5.794720e-07 1.820558e-07
5.334013e-07 -2.472743e-07
1.928691e-07 -4.806327e-07
-1.474978e-07 -3.897530e-07
-2.666149e-07 -1.489712e-07
-2.029957e-07 1.770955e-08
-1.178995e-07 5.949979e-08
-8.786001e-08 6.423803e-08
-7.064643e-08 9.730976e-08
-1.306621e-08 1.335630e-07
7.042644e-08 1.189959e-07
1.227792e-07 4.751351e-08
1.116698e-07 -3.446108e-08
5.717673e-08 -7.869955e-08
3.501752e-09 -7.651799e-08
-2.449525e-08 -5.395723e-08
-3.505971e-08 -3.598512e-08
-4.604565e-08 -2.209634e-08
-5.668115e-08 2.187566e-09
-4.923168e-08 3.685859e-08
-1.607367e-08 6.048320e-08
2.491664e-08 5.385221e-08
4.724110e-08 2.281008e-08
