3.141958e-06 -3.463335e-06
-1.509122e-07 -6.481764e-06
-5.376255e-06 -5.429529e-06
-7.748504e-06 -3.121731e-07
-5.272017e-06 4.374477e-06
-9.881073e-07 5.184708e-06
1.294419e-06 3.278648e-06
1.319065e-06 1.907776e-06
1.544386e-06 1.944251e-06
2.977370e-06 1.400653e-06
3.746647e-06 -9.363090e-07
2.106858e-06 -3.367247e-06
-8.543159e-07 -3.537760e-06
-2.559237e-06 -1.521105e-06
-2.077897e-06 4.938650e-07
-7.897202e-07 1.003201e-06
-2.405443e-07 5.666035e-07
-4.092366e-07 4.580639e-07
-3.158913e-07 9.080046e-07
4.107038e-07 1.126618e-06
1.138274e-06 5.757198e-07
1.158720e-06 -3.567107e-07
5.175215e-07 -9.114476e-07
-1.658876e-07 -8.087499e-07
-4.367119e-07 -3.960784e-07
-3.779999e-07 -1.191227e-07
-3.237287e-07 -4.761815e-08
-3.869018e-07 5.191862e-08
-3.727547e-07 3.048094e-07
-1.074963e-07 5.295805e-07
2.820958e-07 4.726089e-07
4.928204e-07 1.411916e-07
3.914776e-07 -1.951432e-07
1.371537e-07 -3.123313e-07
-4.192133e-08 -2.418545e-07
-9.453901e-08 -1.518142e-07
-1.204044e-07 -1.126864e-07
-1.747453e-07 -6.007127e-08
-1.959187e-07 5.337420e-08
-1.196768e-07 1.663163e-07
1.613654e-08 1.887350e-07
1.147678e-07 1.136149e-07
1.269865e-07 1.305604e-08
8.122856e-08 -4.698631e-08
3.111461e-08 -5.615265e-08
5.369695e-09 -4.120137e-08
1.061406e-09 -3.006393e-08
-9.636660e-10 -3.306289e-08
-1.702592e-08 -3.904511e-08
-4.250269e-08 -2.716146e-08
-5.246745e-08 6.563471e-09
-3.122802e-08 3.704876e-08
2.560303e-09 3.726447e-08
1.537367e-08 1.452758e-08
2.588562e-09 2.794724e-09
-5.238046e-09 1.640301e-08
1.407145e-08 2.969140e-08
4.142802e-08 1.317843e-08
4.133523e-08 -2.397713e-08
9.691064e-09 -4.459766e-08
-2.135498e-08 -3.127801e-08
