1.385299e-08 -1.424509e-07
-1.443672e-07 -1.677860e-07
-2.824121e-07 -2.434444e-08
-2.497181e-07 1.965859e-07
-5.100104e-08 3.174995e-07
1.602330e-07 2.479083e-07
2.325155e-07 7.301419e-08
1.731445e-07 -4.868394e-08
1.089108e-07 -7.200489e-08
1.028395e-07 -8.715261e-08
8.302686e-08 -1.600068e-07
-3.018430e-08 -2.243740e-07
-1.884064e-07 -1.708484e-07
-2.575357e-07 -2.127760e-09
-1.779256e-07 1.540394e-07
-3.474680e-08 1.882492e-07
4.624954e-08 1.276576e-07
4.556722e-08 8.593890e-08
5.863596e-08 1.096026e-07
1.539784e-07 1.133566e-07
2.579271e-07 -5.767537e-09
2.244384e-07 -2.102523e-07
2.109818e-08 -3.299211e-07
-2.043888e-07 -2.498248e-07
-2.811047e-07 -4.894109e-08
-2.059709e-07 9.744473e-08
-1.182158e-07 1.306606e-07
-9.254098e-08 1.508547e-07
-4.174114e-08 2.327273e-07
1.287764e-07 2.824099e-07
3.351396e-07 1.541698e-07
3.775831e-07 -1.254722e-07
1.855435e-07 -3.457185e-07
-8.488649e-08 -3.444874e-07
-2.336166e-07 -1.804667e-07
-2.315051e-07 -2.665455e-08
-1.925659e-07 4.933823e-08
-1.766088e-07 1.191915e-07
-1.148429e-07 2.274787e-07
5.196846e-08 2.885060e-07
2.423542e-07 1.963922e-07
3.059729e-07 -1.603680e-08
1.987490e-07 -1.954779e-07
2.561428e-08 -2.349558e-07
-9.067971e-08 -1.674722e-07
-1.293284e-07 -8.621223e-08
-1.406021e-07 -2.537811e-08
-1.431544e-07 4.262603e-08
-1.031151e-07 1.226025e-07
-6.202582e-09 1.643574e-07
9.716521e-08 1.250350e-07
1.395911e-07 2.938637e-08
1.076745e-07 -5.483675e-08
4.477493e-08 -8.686741e-08
-5.186679e-09 -7.834575e-08
-3.431959e-08 -5.756634e-08
-5.344848e-08 -3.321932e-08
-6.200327e-08 -4.514672e-10
-4.923522e-08 3.461882e-08
-1.628747e-08 5.330972e-08
1.790299e-08 4.537407e-08
