2.739986e-08 -2.871494e-08
1.943450e-08 -8.017736e-08
-3.937013e-08 -1.269852e-07
-1.411613e-07 -1.094228e-07
-2.068529e-07 4.992557e-09
-1.555277e-07 1.441283e-07
-1.876893e-08 1.950975e-07
9.417721e-08 1.365369e-07
1.238762e-07 4.222657e-08
9.762433e-08 -2.130821e-08
6.256089e-08 -4.826791e-08
3.355510e-08 -5.958464e-08
5.228606e-09 -6.305507e-08
-2.240748e-08 -5.517881e-08
-4.306473e-08 -3.598414e-08
-5.209442e-08 -9.974662e-09
-4.686370e-08 1.680342e-08
-2.810194e-08 3.547397e-08
-4.610081e-09 3.861970e-08
1.141255e-08 2.943698e-08
1.726921e-08 1.939079e-08
2.128312e-08 1.349625e-08
2.813588e-08 4.813782e-09
2.981646e-08 -1.205501e-08
1.723901e-08 -2.857926e-08
-4.107494e-09 -3.099537e-08
-1.847324e-08 -1.854840e-08
-1.901785e-08 -4.718188e-09
-1.465790e-08 7.020495e-10
-1.515415e-08 3.060709e-09
-1.642533e-08 1.178519e-08
-7.500417e-09 2.348183e-08
1.101718e-08 2.439125e-08
2.413567e-08 9.502430e-09
2.052493e-08 -8.720962e-09
6.852814e-09 -1.501815e-08
-1.477479e-09 -9.697709e-09
-3.536007e-10 -5.752476e-09
-1.986560e-10 -9.440005e-09
-8.744254e-09 -1.181880e-08
-1.828417e-08 -2.776916e-09
-1.559974e-08 1.275319e-08
-5.780061e-10 1.957061e-08
1.254856e-08 1.151106e-08
1.292624e-08 -1.239953e-09
5.360986e-09 -6.126575e-09
1.388842e-09 -3.486476e-09
3.141201e-09 -2.819199e-09
2.553291e-09 -7.341924e-09
-4.731324e-09 -9.532178e-09
-1.185320e-08 -3.011134e-09
-1.004278e-08 7.338280e-09
-6.997354e-10 1.135701e-08
6.657124e-09 6.513956e-09
6.627889e-09 -1.698460e-10
3.105861e-09 -2.327017e-09
1.873166e-09 -1.429545e-09
2.652313e-09 -2.225891e-09
1.255324e-09 -4.885725e-09
-3.058970e-09 -5.217730e-09
-6.159043e-09 -1.335172e-09
