-4.021346e-07 -2.999166e-08
-5.313829e-07 4.364129e-07
-1.051506e-07 9.396546e-07
6.780869e-07 8.529150e-07
1.084388e-06 1.180637e-07
7.526488e-07 -6.078016e-07
9.729819e-08 -7.516571e-07
-2.669848e-07 -4.336987e-07
-2.343627e-07 -1.681332e-07
-1.720990e-07 -1.681942e-07
-3.197970e-07 -1.756670e-07
-4.785301e-07 6.842127e-08
-3.417238e-07 4.243288e-07
5.588766e-08 5.400093e-07
3.752285e-07 3.091080e-07
3.907891e-07 -2.233862e-08
2.120430e-07 -1.851996e-07
7.226939e-08 -1.728768e-07
3.372616e-08 -1.476473e-07
-1.126663e-08 -1.764188e-07
-1.231280e-07 -1.711087e-07
-2.183344e-07 -5.864106e-08
-1.950958e-07 9.773237e-08
-7.063193e-08 1.781090e-07
4.899840e-08 1.460419e-07
9.363083e-08 6.531260e-08
7.976680e-08 6.922189e-09
5.601666e-08 -1.587310e-08
4.232046e-08 -2.651792e-08
2.943167e-08 -3.898043e-08
8.812657e-09 -4.764418e-08
-1.536802e-08 -4.414396e-08
-3.381271e-08 -2.772850e-08
-3.909746e-08 -4.320663e-09
-2.919264e-08 1.551567e-08
-1.170142e-08 2.166831e-08
-7.600851e-10 1.490105e-08
-2.357220e-09 8.877803e-09
-5.530771e-09 1.436401e-08
4.010032e-09 2.367869e-08
2.290732e-08 1.938306e-08
3.192490e-08 -1.488973e-09
2.062849e-08 -2.123887e-08
1.348270e-09 -2.354251e-08
-7.508762e-09 -1.363984e-08
-5.410228e-09 -8.620825e-09
-7.299289e-09 -1.224891e-08
-1.915032e-08 -1.048828e-08
-2.714750e-08 6.211517e-09
-1.633397e-08 2.614429e-08
7.449951e-09 2.945285e-08
2.316780e-08 1.338126e-08
2.016094e-08 -4.771026e-09
9.048572e-09 -1.024048e-08
4.550573e-09 -7.533117e-09
5.535921e-09 -9.569583e-09
-1.654051e-10 -1.656951e-08
-1.465023e-08 -1.534678e-08
-2.381381e-08 4.131331e-10
-1.549869e-08 1.842311e-08
3.537772e-09 2.182928e-08
