-4.705341e-08 -1.775976e-07
-2.596486e-07 -1.810643e-07
-4.448762e-07 5.244981e-08
-3.453954e-07 4.129800e-07
4.685729e-08 5.645436e-07
4.058067e-07 3.440225e-07
4.475471e-07 -2.814878e-08
2.427986e-07 -2.347164e-07
5.619674e-08 -2.224310e-07
-3.309886e-09 -1.658197e-07
-3.974116e-08 -1.702264e-07
-1.393925e-07 -1.593116e-07
-2.307277e-07 -4.482686e-08
-2.018956e-07 1.188429e-07
-6.259768e-08 2.023311e-07
7.192535e-08 1.593752e-07
1.179342e-07 5.955662e-08
9.127055e-08 -1.101739e-08
5.307393e-08 -3.180117e-08
3.435737e-08 -3.328641e-08
2.436434e-08 -4.066909e-08
5.265798e-09 -5.037020e-08
-2.237478e-08 -4.667453e-08
-4.297512e-08 -2.429033e-08
-4.320168e-08 5.360713e-09
-2.502425e-08 2.413551e-08
-4.681523e-09 2.347302e-08
2.535810e-09 1.258133e-08
-2.131471e-09 8.375621e-09
-3.248994e-09 1.589471e-08
9.048589e-09 2.225508e-08
2.550839e-08 1.322386e-08
2.855541e-08 -7.634299e-09
1.441016e-08 -2.230280e-08
-2.282484e-09 -2.034283e-08
-7.459133e-09 -1.070245e-08
-4.779137e-09 -7.877160e-09
-7.991671e-09 -1.164846e-08
-1.950807e-08 -8.276181e-09
-2.516770e-08 8.536840e-09
-1.301240e-08 2.605221e-08
9.304461e-09 2.694808e-08
2.245855e-08 1.092094e-08
1.846552e-08 -5.391177e-09
8.250969e-09 -9.633655e-09
4.701524e-09 -7.256308e-09
5.471762e-09 -9.968999e-09
-9.022574e-10 -1.674293e-08
-1.532610e-08 -1.472177e-08
-2.371444e-08 1.310647e-09
-1.485860e-08 1.881195e-08
4.021627e-09 2.165306e-08
1.559474e-08 9.578325e-09
1.309571e-08 -3.072581e-09
5.659093e-09 -6.324627e-09
3.156285e-09 -4.733827e-09
3.371572e-09 -6.713906e-09
-1.450366e-09 -1.068736e-08
-1.051792e-08 -8.105394e-09
-1.419233e-08 2.584719e-09
-7.253973e-09 1.215041e-08
