-3.807950e-07 5.517295e-08
-3.706339e-07 4.527491e-07
-2.264239e-09 7.317198e-07
4.662934e-07 6.546870e-07
7.606419e-07 3.088246e-07
8.095538e-07 -1.001696e-07
6.975595e-07 -4.531147e-07
4.807802e-07 -7.771344e-07
6.135880e-08 -1.067950e-06
-6.271921e-07 -1.094392e-06
-1.315959e-06 -5.700519e-07
-1.484295e-06 4.092633e-07
-8.916788e-07 1.263381e-06
7.494357e-08 1.444714e-06
7.721394e-07 1.006196e-06
9.902347e-07 4.610899e-07
1.049346e-06 8.271214e-08
1.156162e-06 -3.815835e-07
9.647542e-07 -1.137734e-06
7.168512e-08 -1.743747e-06
-1.191191e-06 -1.471142e-06
-1.872847e-06 -2.734350e-07
-1.439384e-06 9.753073e-07
-3.951107e-07 1.405600e-06
3.610406e-07 1.067277e-06
5.778142e-07 6.496814e-07
7.096170e-07 4.710975e-07
1.026584e-06 1.681653e-07
1.123996e-06 -5.541252e-07
5.297244e-07 -1.277496e-06
-5.008862e-07 -1.298792e-06
-1.163000e-06 -5.369250e-07
-1.020767e-06 3.369640e-07
-4.351687e-07 6.921598e-07
-9.641737e-09 5.724138e-07
1.174741e-07 4.180424e-07
2.338816e-07 3.979529e-07
4.814761e-07 2.819284e-07
6.208113e-07 -9.125791e-08
4.011186e-07 -4.977267e-07
-5.501700e-08 -5.905466e-07
-3.810362e-07 -3.276959e-07
-3.874102e-07 9.160295e-09
-2.123112e-07 1.684636e-07
-7.768141e-08 1.626943e-07
-3.196306e-08 1.418865e-07
1.791149e-08 1.587889e-07
1.138495e-07 1.400101e-07
1.827288e-07 3.658596e-08
1.500549e-07 -8.975214e-08
4.241245e-08 -1.437885e-07
-4.981832e-08 -1.064895e-07
-7.501234e-08 -3.791323e-08
-5.530542e-08 3.510819e-09
-3.587040e-08 1.320206e-08
-3.080799e-08 1.855288e-08
-2.373976e-08 3.302534e-08
-1.936204e-09 4.412068e-08
2.524113e-08 3.613970e-08
3.893774e-08 1.143279e-08
3.216641e-08 -1.279358e-08
