-5.622448e-08 -4.478314e-08
-1.127641e-07 7.749441e-09
-1.006746e-07 1.047012e-07
-3.976942e-09 1.584298e-07
1.000390e-07 1.139210e-07
1.285471e-07 1.388268e-08
8.009595e-08 -5.634181e-08
1.912866e-08 -6.102239e-08
-4.387308e-09 -3.386233e-08
2.035337e-09 -2.152928e-08
2.413370e-09 -3.189131e-08
-1.875990e-08 -3.883990e-08
-4.343440e-08 -2.140532e-08
-4.590919e-08 1.176082e-08
-2.283613e-08 3.378853e-08
3.795845e-09 2.956978e-08
1.137417e-08 1.137920e-08
1.367345e-09 3.681074e-09
-3.913404e-09 1.416252e-08
1.057998e-08 2.468703e-08
3.280476e-08 1.390205e-08
3.700667e-08 -1.512275e-08
1.497590e-08 -3.660448e-08
-1.339947e-08 -3.192457e-08
-2.377064e-08 -1.076362e-08
-1.537969e-08 2.810595e-09
-8.164922e-09 7.911612e-10
-1.394387e-08 -1.366034e-09
-2.048553e-08 1.090372e-08
-9.518933e-09 2.874473e-08
1.608574e-08 2.996964e-08
3.304793e-08 8.391505e-09
2.573154e-08 -1.687770e-08
4.484436e-09 -2.432308e-08
-8.986380e-09 -1.451457e-08
-8.277012e-09 -4.975764e-09
-5.812985e-09 -4.985590e-09
-1.138495e-08 -5.407257e-09
-1.731181e-08 4.476591e-09
-1.031654e-08 1.878269e-08
7.918767e-09 2.138188e-08
2.073101e-08 7.439453e-09
1.678570e-08 -9.730552e-09
3.017477e-09 -1.511886e-08
-5.921992e-09 -8.922342e-09
-5.688135e-09 -2.529515e-09
-3.918820e-09 -1.861683e-09
-6.338875e-09 -1.652850e-09
-8.530769e-09 3.732755e-09
-3.847463e-09 1.048816e-08
5.654555e-09 1.040208e-08
1.108606e-08 2.396741e-09
7.925742e-09 -5.890673e-09
8.367241e-10 -7.701459e-09
-3.205726e-09 -4.276586e-09
-2.948374e-09 -1.176304e-09
-2.063879e-09 -6.569711e-10
-2.759236e-09 -3.902474e-10
-3.268653e-09 1.608397e-09
-1.439453e-09 3.824471e-09
1.751728e-09 3.641313e-09
