7.706485e-08 2.136933e-08
1.128913e-07 -5.933827e-08
6.065740e-08 -1.609581e-07
-7.211190e-08 -1.931703e-07
-1.981796e-07 -1.051871e-07
-2.159490e-07 5.305197e-08
-1.171291e-07 1.630802e-07
2.827627e-09 1.663216e-07
6.584445e-08 1.148379e-07
8.925658e-08 7.575437e-08
1.201992e-07 4.180403e-08
1.449884e-07 -2.808681e-08
1.102636e-07 -1.195052e-07
1.132190e-08 -1.648231e-07
-8.814050e-08 -1.273873e-07
-1.275334e-07 -4.422036e-08
-1.093095e-07 2.308313e-08
-7.715678e-08 5.426289e-08
-5.552456e-08 7.360098e-08
-2.797430e-08 1.018266e-07
2.956247e-08 1.222141e-07
1.066477e-07 9.760209e-08
1.563664e-07 1.661010e-08
1.382964e-07 -8.298527e-08
6.121806e-08 -1.440109e-07
-2.554730e-08 -1.434787e-07
-8.504407e-08 -1.060383e-07
-1.223522e-07 -6.004420e-08
-1.509327e-07 9.326479e-10
-1.480397e-07 9.157135e-08
-7.503520e-08 1.810893e-07
5.648599e-08 2.014764e-07
1.707593e-07 1.224034e-07
1.990764e-07 -6.426112e-09
1.462863e-07 -1.075321e-07
6.615138e-08 -1.525591e-07
-1.122181e-08 -1.622951e-07
-9.348557e-08 -1.450562e-07
-1.718595e-07 -7.709781e-08
-1.956558e-07 4.358433e-08
-1.268034e-07 1.580988e-07
8.816555e-10 1.932221e-07
1.069587e-07 1.376416e-07
1.443489e-07 4.617215e-08
1.298346e-07 -2.834110e-08
9.644018e-08 -7.967709e-08
4.694251e-08 -1.190770e-07
-2.749467e-08 -1.318115e-07
-1.038694e-07 -9.074769e-08
-1.340098e-07 -4.650316e-09
-9.724950e-08 7.484381e-08
-2.576316e-08 1.026569e-07
3.143616e-08 8.136258e-08
5.605781e-08 4.456966e-08
6.163398e-08 1.324725e-08
5.939999e-08 -1.606996e-08
4.270828e-08 -4.617412e-08
6.756100e-09 -6.256334e-08
-3.256442e-08 -5.001002e-08
-5.081266e-08 -1.538718e-08
-4.088620e-08 1.687542e-08
