-3.095607e-06 1.581893e-06
-3.374350e-06 7.183191e-06
4.458305e-06 1.249005e-05
1.612043e-05 6.665457e-06
1.724925e-05 -8.708416e-06
4.406359e-06 -1.826323e-05
-9.522457e-06 -1.323397e-05
-1.250937e-05 -1.373711e-06
-6.604498e-06 5.220033e-06
-1.403209e-06 4.426816e-06
-7.746079e-07 2.552932e-06
-8.914422e-07 3.429841e-06
1.580155e-06 4.461660e-06
4.648852e-06 2.388247e-06
4.756967e-06 -1.596265e-06
1.858167e-06 -3.878859e-06
-1.066345e-06 -3.138910e-06
-1.968239e-06 -1.168984e-06
-1.430891e-06 2.391368e-08
-9.131788e-07 2.646379e-07
-8.119832e-07 4.198959e-07
-6.023782e-07 8.199106e-07
-1.314448e-08 1.045694e-06
5.943395e-07 7.667795e-07
7.971332e-07 1.996309e-07
6.008911e-07 -2.336623e-07
3.058778e-07 -3.743989e-07
1.158892e-07 -3.610315e-07
-1.400012e-09 -3.514612e-07
-1.505598e-07 -3.400799e-07
-3.233180e-07 -2.306778e-07
-4.043872e-07 -6.082658e-09
-3.172368e-07 2.243482e-07
-1.150578e-07 3.347940e-07
8.016898e-08 3.000553e-07
1.945973e-07 1.871619e-07
2.331539e-07 6.260097e-08
2.197418e-07 -5.342906e-08
1.559847e-07 -1.517094e-07
4.747012e-08 -2.023801e-07
-6.731166e-08 -1.811737e-07
-1.408562e-07 -1.035999e-07
-1.558071e-07 -1.119159e-08
-1.247183e-07 6.443534e-08
-6.554361e-08 1.093732e-07
3.980733e-09 1.150914e-07
5.897233e-08 8.184398e-08
7.870064e-08 3.021949e-08
6.671631e-08 -1.104334e-08
4.460606e-08 -3.142551e-08
2.512631e-08 -4.043302e-08
4.897893e-09 -4.452826e-08
-1.684537e-08 -3.816595e-08
-2.961254e-08 -2.027274e-08
-2.784403e-08 -3.066220e-09
-2.138833e-08 4.215192e-09
-2.002851e-08 8.330276e-09
-1.798449e-08 1.834524e-08
-5.286921e-09 2.804094e-08
1.273478e-08 2.459922e-08
2.080228e-08 9.804603e-09
