-5.320839e-06 -9.408590e-06
-1.416287e-05 -4.434512e-06
-1.505120e-05 6.129790e-06
-8.349749e-06 1.288280e-05
-7.041079e-07 1.365012e-05
4.915601e-06 1.137595e-05
9.006980e-06 7.907584e-06
1.202002e-05 2.915384e-06
1.244218e-05 -4.106580e-06
7.946852e-06 -1.108799e-05
-8.563629e-07 -1.353819e-05
-8.926680e-06 -8.996810e-06
-1.097532e-05 -6.531360e-07
-6.934897e-06 5.326205e-06
-1.646254e-06 6.069741e-06
8.989110e-07 4.066567e-06
1.286974e-06 2.886959e-06
2.178569e-06 2.753503e-06
3.916044e-06 1.495070e-06
4.304100e-06 -1.448526e-06
2.102036e-06 -3.892021e-06
-1.061653e-06 -3.754725e-06
-2.684335e-06 -1.580922e-06
-2.184477e-06 4.161900e-07
-9.811558e-07 9.871136e-07
-4.007572e-07 7.231260e-07
-3.731407e-07 6.788171e-07
-1.297501e-07 9.851432e-07
5.427015e-07 1.022070e-06
1.110568e-06 4.456526e-07
1.059951e-06 -3.763241e-07
4.797031e-07 -8.478932e-07
-1.282058e-07 -7.709702e-07
-4.057554e-07 -4.209806e-07
-4.011608e-07 -1.462375e-07
-3.566559e-07 -2.257429e-08
-3.673750e-07 9.974786e-08
-3.111232e-07 3.058407e-07
-7.471248e-08 4.695728e-07
2.458240e-07 4.125153e-07
4.264889e-07 1.405525e-07
3.605602e-07 -1.473024e-07
1.553716e-07 -2.732985e-07
-1.559554e-08 -2.396655e-07
-9.161225e-08 -1.611628e-07
-1.254737e-07 -1.040211e-07
-1.593680e-07 -4.376756e-08
-1.654499e-07 4.707004e-08
-1.060023e-07 1.341531e-07
-1.260331e-09 1.594724e-07
8.570906e-08 1.101245e-07
1.110728e-07 2.823656e-08
8.124767e-08 -3.314578e-08
3.469294e-08 -5.059039e-08
6.374250e-09 -3.751042e-08
3.457229e-09 -2.448168e-08
5.435277e-09 -2.930922e-08
-9.932993e-09 -4.003720e-08
-3.778899e-08 -3.111575e-08
-4.996720e-08 1.449964e-09
-3.140161e-08 3.075703e-08
