-1.106288e-06 3.251573e-07
-1.057851e-06 1.643741e-06
2.382771e-07 2.865252e-06
2.578752e-06 2.854352e-06
4.650477e-06 7.161893e-07
4.466435e-06 -2.764747e-06
1.651887e-06 -5.140014e-06
-1.862117e-06 -4.848031e-06
-4.019057e-06 -2.614681e-06
-4.412616e-06 -3.918771e-08
-3.651255e-06 2.094103e-06
-2.062430e-06 3.650721e-06
2.350874e-07 4.232487e-06
2.562616e-06 3.347114e-06
3.874676e-06 1.255970e-06
3.709099e-06 -1.046822e-06
2.435250e-06 -2.719907e-06
6.089271e-07 -3.484330e-06
-1.379086e-06 -3.223095e-06
-2.960296e-06 -1.820430e-06
-3.337791e-06 3.292832e-07
-2.231190e-06 2.141581e-06
-3.985537e-07 2.671705e-06
1.012070e-06 2.004648e-06
1.548431e-06 9.857467e-07
1.579712e-06 1.802724e-07
1.456890e-06 -5.134045e-07
1.020179e-06 -1.235194e-06
8.971336e-08 -1.634003e-06
-9.432741e-07 -1.267897e-06
-1.390329e-06 -2.982299e-07
-1.037539e-06 5.724960e-07
-3.477282e-07 8.435726e-07
1.237904e-07 6.464374e-07
2.758217e-07 3.967989e-07
3.418066e-07 2.561646e-07
4.371214e-07 9.097966e-08
4.321462e-07 -1.763557e-07
2.199383e-07 -3.975933e-07
-8.290978e-08 -3.984820e-07
-2.652212e-07 -2.053266e-07
-2.544884e-07 2.368675e-09
-1.494980e-07 9.955051e-08
-6.743040e-08 1.058111e-07
-3.049659e-08 9.799583e-08
2.773436e-09 1.038228e-07
5.389495e-08 9.640307e-08
9.963585e-08 5.251518e-08
1.078282e-07 -1.400416e-08
7.299735e-08 -6.822596e-08
1.818832e-08 -8.603907e-08
-2.704136e-08 -6.963912e-08
-4.862517e-08 -3.921245e-08
-5.250970e-08 -1.215765e-08
-4.994229e-08 9.709646e-09
-4.131462e-08 3.220291e-08
-1.893306e-08 5.178562e-08
1.544690e-08 5.410074e-08
4.407356e-08 3.181108e-08
4.926696e-08 -2.554035e-09
3.193036e-08 -2.740651e-08
