-4.944181e-07 8.150643e-08
-5.674816e-07 8.902109e-07
-3.115840e-07 1.327551e-06
-4.235249e-07 2.335023e-06
1.444641e-06 4.226118e-06
5.792548e-06 3.262334e-06
7.988729e-06 -2.279720e-06
4.310184e-06 -8.098431e-06
-2.752314e-06 -8.755101e-06
-7.367890e-06 -4.045947e-06
-6.942680e-06 1.436272e-06
-3.895019e-06 4.039782e-06
-1.472692e-06 4.279792e-06
1.483167e-08 4.348593e-06
2.084596e-06 4.456261e-06
4.773877e-06 2.980024e-06
6.055155e-06 -5.889587e-07
4.366216e-06 -4.351278e-06
5.712423e-07 -5.866319e-06
-2.935592e-06 -4.500216e-06
-4.448306e-06 -1.602078e-06
-3.935871e-06 1.068005e-06
-2.350928e-06 2.608015e-06
-5.895915e-07 3.014528e-06
8.965459e-07 2.614835e-06
1.937894e-06 1.684056e-06
2.410121e-06 4.175876e-07
2.170455e-06 -9.250105e-07
1.201588e-06 -1.921669e-06
-1.741380e-07 -2.126795e-06
-1.317006e-06 -1.429180e-06
-1.675098e-06 -2.606248e-07
-1.229464e-06 6.847825e-07
-4.690485e-07 1.008280e-06
1.030063e-07 8.454417e-07
3.682137e-07 5.598782e-07
4.920191e-07 3.213651e-07
5.687802e-07 6.227400e-08
5.085386e-07 -2.526764e-07
2.435458e-07 -4.831864e-07
-1.015355e-07 -4.736145e-07
-3.154064e-07 -2.536944e-07
-3.153258e-07 -6.773573e-09
-1.944296e-07 1.241962e-07
-8.349988e-08 1.417206e-07
-2.584896e-08 1.248882e-07
1.235060e-08 1.181097e-07
6.163236e-08 1.061041e-07
1.098485e-07 6.259470e-08
1.250991e-07 -8.259131e-09
9.294780e-08 -7.449045e-08
2.995588e-08 -1.042762e-07
-3.003000e-08 -8.994304e-08
-6.200065e-08 -5.070383e-08
-6.608610e-08 -1.273674e-08
-5.826510e-08 1.400465e-08
-4.673596e-08 3.649897e-08
-2.442956e-08 5.769877e-08
1.277327e-08 6.452406e-08
4.947078e-08 4.350694e-08
6.200162e-08 2.591024e-09
