-1.714899e-06 2.009788e-06
5.786067e-07 4.174545e-06
4.734543e-06 3.248206e-06
6.746453e-06 -1.533500e-06
3.752391e-06 -6.473633e-06
-2.070990e-06 -6.987672e-06
-5.592937e-06 -3.031302e-06
-4.790025e-06 1.057562e-06
-2.475899e-06 2.260903e-06
-1.654699e-06 2.039814e-06
-1.530893e-06 3.002093e-06
4.152154e-07 4.539507e-06
3.928991e-06 3.762230e-06
5.777682e-06 -2.354162e-08
3.938015e-06 -3.907328e-06
1.504859e-07 -4.844154e-06
-2.402683e-06 -3.021721e-06
-2.715091e-06 -8.857803e-07
-2.183706e-06 1.575506e-07
-1.977857e-06 7.771301e-07
-1.612999e-06 1.802214e-06
-2.815607e-07 2.661964e-06
1.529204e-06 2.261530e-06
2.479854e-06 6.409437e-07
1.994314e-06 -9.883152e-07
7.694296e-07 -1.639300e-06
-2.222437e-07 -1.397242e-06
-6.884008e-07 -8.905808e-07
-8.775930e-07 -4.406303e-07
-9.377533e-07 2.317078e-08
-7.555849e-07 5.121162e-07
-2.921391e-07 8.073864e-07
2.289305e-07 7.326340e-07
5.296758e-07 3.820470e-07
5.352657e-07 6.205254e-09
3.666977e-07 -2.284465e-07
1.658595e-07 -3.118610e-07
-3.682871e-09 -2.986803e-07
-1.288045e-07 -2.270859e-07
-1.996323e-07 -1.184629e-07
-2.070230e-07 -4.118806e-10
-1.577671e-07 9.451990e-08
-7.586869e-08 1.433629e-07
7.474062e-09 1.413968e-07
6.660365e-08 1.027447e-07
9.299025e-08 5.145889e-08
9.528117e-08 4.651427e-09
8.355766e-08 -3.579434e-08
5.656218e-08 -7.119899e-08
1.082551e-08 -9.110233e-08
-4.161525e-08 -8.009451e-08
-7.581927e-08 -3.904736e-08
-7.675149e-08 1.020656e-08
-5.205097e-08 4.464381e-08
-1.950405e-08 5.781770e-08
1.055479e-08 5.524436e-08
3.547590e-08 4.060653e-08
5.026078e-08 1.468166e-08
4.742171e-08 -1.571663e-08
2.711646e-08 -3.721103e-08
5.692761e-10 -4.088281e-08
