-7.413665e-09 -6.541546e-09
-1.455433e-08 -1.522082e-09
-1.695122e-08 9.199278e-09
-1.032429e-08 2.056960e-08
3.840872e-09 2.450796e-08
1.669439e-08 1.729458e-08
2.041541e-08 5.192780e-09
1.739674e-08 -2.893371e-09
1.535424e-08 -6.892774e-09
1.477537e-08 -1.364132e-08
7.717263e-09 -2.396546e-08
-9.422701e-09 -2.795166e-08
-2.699797e-08 -1.655306e-08
-3.067846e-08 5.165386e-09
-1.787715e-08 2.137178e-08
-9.633508e-10 2.256242e-08
7.564043e-09 1.501231e-08
8.991622e-09 1.033432e-08
1.304619e-08 9.270931e-09
2.096789e-08 2.188957e-09
2.140132e-08 -1.412239e-08
6.228711e-09 -2.749353e-08
-1.533714e-08 -2.366889e-08
-2.525761e-08 -4.886904e-09
-1.760105e-08 1.187830e-08
-4.050825e-09 1.506242e-08
2.558933e-09 9.979456e-09
3.228737e-09 7.568465e-09
6.710652e-09 8.239605e-09
1.357720e-08 3.661376e-09
1.442854e-08 -8.015419e-09
4.096131e-09 -1.689470e-08
-9.491764e-09 -1.369175e-08
-1.445552e-08 -1.823631e-09
-8.954628e-09 7.267408e-09
-1.362151e-09 8.006729e-09
1.648624e-09 4.937801e-09
1.901563e-09 3.833038e-09
3.889749e-09 3.872903e-09
6.879723e-09 9.722298e-10
6.286718e-09 -4.578111e-09
9.712203e-10 -7.735984e-09
-4.591745e-09 -5.386695e-09
-5.804768e-09 -2.278207e-10
-3.072656e-09 2.911127e-09
-2.561981e-10 2.600084e-09
3.797212e-10 1.226709e-09
-1.150433e-11 1.036350e-09
4.783250e-10 1.575043e-09
1.749549e-09 1.161385e-09
2.188385e-09 -4.556037e-10
1.051623e-09 -1.791721e-09
-5.612425e-10 -1.601147e-09
-1.119366e-09 -3.689888e-10
-4.606582e-10 4.124389e-10
2.066556e-10 8.797865e-11
-5.938058e-11 -5.070422e-10
-7.853312e-10 -2.901893e-10
-8.303813e-10 6.122576e-10
3.903516e-11 1.085596e-09
8.637141e-10 5.450538e-10
