4.090183e-09 -2.511146e-08
-3.288772e-08 -3.955929e-08
-7.730425e-08 -8.669434e-09
-8.306494e-08 5.532897e-08
-3.451622e-08 1.117651e-07
4.920875e-08 1.172817e-07
1.138795e-07 5.756835e-08
1.143233e-07 -2.575380e-08
6.489134e-08 -7.359790e-08
1.895813e-08 -7.530336e-08
-1.928491e-09 -6.982951e-08
-2.836940e-08 -7.776334e-08
-8.123541e-08 -6.562900e-08
-1.218482e-07 -3.825378e-10
-9.576904e-08 8.590356e-08
-1.116272e-08 1.224117e-07
6.299661e-08 8.514613e-08
7.851885e-08 2.247673e-08
5.663941e-08 -1.105394e-08
4.406701e-08 -1.703896e-08
4.702630e-08 -3.217447e-08
3.254534e-08 -6.563911e-08
-1.602860e-08 -8.412796e-08
-7.010813e-08 -5.735857e-08
-8.744616e-08 1.529092e-09
-5.916679e-08 4.940907e-08
-1.643009e-08 5.928357e-08
6.698430e-09 4.492652e-08
1.035880e-08 3.853420e-08
2.384374e-08 4.763041e-08
6.222565e-08 4.240078e-08
9.613257e-08 -5.937695e-09
7.885215e-08 -7.838130e-08
5.664075e-09 -1.167272e-07
-7.055531e-08 -8.711988e-08
-9.579465e-08 -2.044772e-08
-7.433795e-08 2.702191e-08
-5.125920e-08 4.258272e-08
-4.253322e-08 6.048168e-08
-1.405536e-08 9.563373e-08
5.735665e-08 1.065999e-07
1.297433e-07 4.846702e-08
1.339402e-07 -5.518831e-08
5.861761e-08 -1.261260e-07
-3.329993e-08 -1.182859e-07
-7.923457e-08 -6.272574e-08
-8.077104e-08 -1.553645e-08
-7.631764e-08 1.240510e-08
-7.332423e-08 4.828343e-08
-4.114181e-08 9.466595e-08
3.045034e-08 1.103560e-07
9.837737e-08 6.411061e-08
1.100042e-07 -1.715885e-08
6.352057e-08 -7.445683e-08
4.552682e-09 -8.043780e-08
-3.017224e-08 -5.713584e-08
-4.414144e-08 -3.423636e-08
-5.475135e-08 -1.314008e-08
-5.839060e-08 1.825756e-08
-3.792402e-08 5.254660e-08
4.726413e-09 6.421743e-08
