4.784074e-06 1.270548e-05
1.820326e-05 7.029202e-06
2.047904e-05 -1.040303e-05
6.118989e-06 -2.254141e-05
-1.130343e-05 -1.773868e-05
-1.636297e-05 -3.031920e-06
-9.136372e-06 6.118989e-06
-2.203885e-06 4.744273e-06
-2.883655e-06 1.717907e-06
-5.161008e-06 4.973458e-06
-6.938373e-07 1.038141e-05
8.332871e-06 8.775579e-06
1.220047e-05 -5.112421e-07
6.790681e-06 -8.607254e-06
-1.642921e-06 -8.588824e-06
-5.135011e-06 -3.122816e-06
-3.153421e-06 6.651319e-07
-9.598701e-07 3.449352e-07
-1.607840e-06 -6.395206e-07
-2.894961e-06 7.746726e-07
-1.763973e-06 3.211159e-06
1.243028e-06 3.535276e-06
3.124591e-06 1.273627e-06
2.436943e-06 -1.174233e-06
5.889442e-07 -1.808659e-06
-4.420633e-07 -1.018305e-06
-3.385160e-07 -3.418971e-07
-1.063629e-07 -3.952172e-07
-3.986265e-07 -5.702522e-07
-8.499305e-07 -2.373773e-07
-8.306095e-07 4.325786e-07
-2.875319e-07 8.358014e-07
3.022689e-07 6.972775e-07
5.360348e-07 2.701739e-07
4.349893e-07 -5.948411e-08
2.657068e-07 -1.680493e-07
1.856086e-07 -1.939486e-07
1.272843e-07 -2.700434e-07
-2.860811e-08 -3.487410e-07
-2.551504e-07 -2.900793e-07
-3.909036e-07 -6.239012e-08
-3.225848e-07 1.970341e-07
-1.080696e-07 3.204037e-07
9.451061e-08 2.691174e-07
1.857548e-07 1.365968e-07
1.849642e-07 2.359248e-08
1.549187e-07 -4.857367e-08
1.158448e-07 -1.066540e-07
4.891506e-08 -1.534362e-07
-4.563890e-08 -1.563616e-07
-1.261622e-07 -9.549258e-08
-1.463248e-07 2.005152e-09
-9.977479e-08 8.090670e-08
-2.435440e-08 1.037447e-07
3.221050e-08 7.645270e-08
4.940271e-08 3.470242e-08
4.173768e-08 8.338418e-09
3.422061e-08 -1.413203e-09
3.351989e-08 -1.138149e-08
2.661630e-08 -2.828630e-08
5.260811e-09 -3.896028e-08
