1.577365e-08 -2.916260e-09
1.683576e-08 -2.725737e-08
-8.513568e-09 -4.891949e-08
-5.046163e-08 -4.540776e-08
-8.565256e-08 -5.155792e-09
-8.013888e-08 5.974498e-08
-2.255779e-08 1.044244e-07
5.012520e-08 9.186817e-08
8.666308e-08 3.628679e-08
7.702293e-08 -1.453112e-08
5.408338e-08 -3.772532e-08
3.967158e-08 -5.329560e-08
1.558095e-08 -7.759896e-08
-3.684910e-08 -8.633866e-08
-9.144166e-08 -4.735833e-08
-1.001481e-07 2.491846e-08
-5.434010e-08 7.730931e-08
4.133592e-09 7.926342e-08
3.577951e-08 5.152596e-08
4.346714e-08 2.805408e-08
5.019204e-08 1.251996e-08
5.762475e-08 -1.233642e-08
4.621888e-08 -4.717555e-08
8.808444e-09 -6.862041e-08
-3.437307e-08 -5.799972e-08
-5.677203e-08 -2.339651e-08
-5.156744e-08 1.063354e-08
-3.320771e-08 2.803678e-08
-1.840040e-08 3.254813e-08
-9.012346e-09 3.736828e-08
6.770790e-09 4.603004e-08
3.602524e-08 4.478796e-08
6.496455e-08 1.782647e-08
6.763272e-08 -2.881848e-08
3.494453e-08 -6.571407e-08
-1.136817e-08 -6.908524e-08
-4.197637e-08 -4.594175e-08
-5.196774e-08 -2.051023e-08
-5.723726e-08 -1.430842e-10
-6.093441e-08 2.909072e-08
-4.227781e-08 6.942138e-08
1.084191e-08 9.211875e-08
7.190293e-08 6.719832e-08
9.683549e-08 4.606943e-09
7.230155e-08 -5.215939e-08
2.635430e-08 -7.354288e-08
-1.065978e-08 -6.838399e-08
-3.768103e-08 -5.649556e-08
-6.543873e-08 -3.559903e-08
-8.336746e-08 7.460945e-09
-6.587686e-08 6.167789e-08
-1.083183e-08 9.061517e-08
4.745481e-08 7.191974e-08
7.250836e-08 2.358623e-08
6.169488e-08 -1.855717e-08
3.817850e-08 -3.943120e-08
1.641162e-08 -4.867256e-08
-8.625102e-09 -5.291267e-08
-3.914899e-08 -4.224627e-08
-5.886732e-08 -9.544047e-09
-4.973487e-08 2.988891e-08
