-2.404082e-08 2.498987e-08
6.731610e-09 6.821583e-08
6.972754e-08 6.337252e-08
1.060611e-07 1.682790e-08
1.139940e-07 -4.101301e-08
8.703918e-08 -1.084970e-07
9.154572e-09 -1.529069e-07
-8.650404e-08 -1.316165e-07
-1.421686e-07 -5.482240e-08
-1.405705e-07 2.861638e-08
-1.043666e-07 9.126272e-08
-4.673496e-08 1.340918e-07
3.454702e-08 1.457958e-07
1.168438e-07 1.013571e-07
1.507714e-07 9.543777e-09
1.154758e-07 -7.514539e-08
4.750650e-08 -1.081477e-07
-5.124563e-09 -9.998518e-08
-3.749651e-08 -8.640903e-08
-7.425879e-08 -7.206170e-08
-1.155786e-07 -3.059273e-08
-1.254729e-07 4.452364e-08
-7.773742e-08 1.155218e-07
6.084428e-09 1.363808e-07
7.612187e-08 1.008371e-07
1.041435e-07 4.354540e-08
1.036379e-07 -2.843357e-09
9.944566e-08 -4.102102e-08
8.640206e-08 -9.244278e-08
3.171467e-08 -1.502314e-07
-7.375794e-08 -1.640076e-07
-1.771362e-07 -8.959614e-08
-1.995220e-07 4.699705e-08
-1.189303e-07 1.574730e-07
9.290285e-10 1.772009e-07
8.125458e-08 1.277177e-07
1.117811e-07 7.335867e-08
1.360490e-07 3.058332e-08
1.616262e-07 -4.096548e-08
1.306890e-07 -1.507145e-07
4.909751e-09 -2.241545e-07
-1.521132e-07 -1.770515e-07
-2.228455e-07 -2.711668e-08
-1.644748e-07 1.120105e-07
-5.071675e-08 1.546829e-07
2.609994e-08 1.243518e-07
5.738834e-08 9.269274e-08
9.293875e-08 7.338627e-08
1.400750e-07 1.999181e-08
1.399228e-07 -8.017682e-08
5.364257e-08 -1.606882e-07
-6.829667e-08 -1.486756e-07
-1.342577e-07 -5.547847e-08
-1.123447e-07 3.719328e-08
-5.242055e-08 7.192576e-08
-1.200089e-08 6.498470e-08
6.617259e-09 5.878289e-08
3.278465e-08 5.758622e-08
6.772216e-08 3.352942e-08
7.768556e-08 -1.896953e-08
4.294984e-08 -6.459859e-08
