-4.284240e-06 -3.012231e-06
-7.836546e-06 3.556821e-07
-7.782844e-06 6.525259e-06
-2.787840e-06 1.129702e-05
4.465700e-06 1.136815e-05
9.989289e-06 6.680802e-06
1.132639e-05 4.806327e-08
9.055234e-06 -5.536022e-06
4.733740e-06 -9.111548e-06
-1.014185e-06 -1.020457e-05
-6.841309e-06 -7.549760e-06
-9.588488e-06 -1.425814e-06
-7.280375e-06 4.613563e-06
-2.081027e-06 6.731337e-06
1.800862e-06 4.918903e-06
2.730936e-06 2.380921e-06
2.518382e-06 1.213615e-06
2.925942e-06 4.858734e-07
3.218243e-06 -1.228767e-06
1.854695e-06 -3.198062e-06
-7.815147e-07 -3.500238e-06
-2.629674e-06 -1.742148e-06
-2.474044e-06 4.289944e-07
-1.137574e-06 1.379423e-06
-1.249039e-07 1.116841e-06
9.763265e-08 6.885292e-07
1.285242e-07 6.650857e-07
4.739280e-07 7.072967e-07
9.139398e-07 3.437052e-07
9.456815e-07 -3.314933e-07
4.632609e-07 -8.163720e-07
-1.560105e-07 -7.963945e-07
-4.955587e-07 -4.201032e-07
-4.812686e-07 -5.300839e-08
-3.348719e-07 1.132561e-07
-2.507041e-07 1.691813e-07
-1.973517e-07 2.659177e-07
-4.007892e-08 3.802149e-07
2.166238e-07 3.533667e-07
3.935634e-07 1.261907e-07
3.463969e-07 -1.534539e-07
1.360565e-07 -2.887478e-07
-5.418875e-08 -2.412888e-07
-1.250175e-07 -1.294844e-07
-1.244040e-07 -5.749340e-08
-1.280953e-07 -1.646607e-08
-1.324607e-07 4.441911e-08
-8.962760e-08 1.170324e-07
1.399281e-09 1.441018e-07
8.335591e-08 9.982022e-08
1.066752e-07 2.093398e-08
7.531006e-08 -3.750760e-08
2.882619e-08 -5.217645e-08
7.677824e-10 -3.766850e-08
-2.790885e-09 -2.234917e-08
9.740478e-10 -2.300364e-08
-8.482778e-09 -3.244603e-08
-3.213383e-08 -2.851026e-08
-4.747793e-08 -1.285495e-09
-3.450327e-08 3.025858e-08
-3.287214e-09 3.808324e-08
