-1.279321e-07 -5.439641e-09
-3.958261e-07 1.134055e-07
-5.084621e-07 6.936685e-07
1.797504e-07 1.255806e-06
1.230905e-06 8.549626e-07
1.487113e-06 -3.538615e-07
6.582863e-07 -1.225780e-06
-3.808572e-07 -1.070718e-06
-7.439601e-07 -3.385098e-07
-4.706032e-07 1.319516e-07
-1.995526e-07 1.190585e-07
-2.472748e-07 5.040436e-08
-3.242591e-07 2.521933e-07
-9.034983e-08 5.139552e-07
3.292369e-07 4.545145e-07
5.295440e-07 6.923383e-08
3.573286e-07 -2.830756e-07
5.092744e-08 -3.443225e-07
-1.120768e-07 -2.078865e-07
-1.177161e-07 -9.810445e-08
-1.155956e-07 -7.144649e-08
-1.596232e-07 -2.851856e-08
-1.666869e-07 7.694783e-08
-7.967888e-08 1.669984e-07
4.319229e-08 1.625752e-07
1.131026e-07 8.360576e-08
1.111905e-07 2.841721e-09
7.633599e-08 -4.220719e-08
3.956761e-08 -5.933656e-08
6.515221e-09 -6.032205e-08
-1.930066e-08 -4.734629e-08
-3.121935e-08 -2.767830e-08
-3.283641e-08 -1.225765e-08
-3.368195e-08 -4.775313e-10
-3.200132e-08 1.531089e-08
-1.830528e-08 3.097832e-08
4.121904e-09 3.249246e-08
1.817915e-08 1.816310e-08
1.607374e-08 4.094352e-09
9.996577e-09 1.980246e-09
1.280036e-08 3.550160e-09
1.871634e-08 -4.360747e-09
1.350248e-08 -1.809405e-08
-2.544251e-09 -2.204944e-08
-1.392697e-08 -1.183624e-08
-1.185516e-08 -5.427713e-10
-5.701331e-09 4.280974e-10
-7.845924e-09 -2.926179e-09
-1.486570e-08 2.506387e-09
-1.234941e-08 1.621003e-08
3.705967e-09 2.283067e-08
1.925217e-08 1.253873e-08
1.936599e-08 -5.105012e-09
7.088217e-09 -1.297257e-08
-1.590572e-09 -7.970356e-09
4.479184e-10 -3.126808e-09
2.967161e-09 -7.692497e-09
-5.090589e-09 -1.337996e-08
-1.762528e-08 -6.524679e-09
-1.816624e-08 1.076076e-08
-2.741396e-09 2.093146e-08
