-1.716633e-06 2.107135e-06
-2.613673e-07 3.203558e-06
-1.595489e-06 2.677947e-06
-3.045440e-06 7.990764e-06
5.427719e-06 1.354875e-05
1.751483e-05 6.475937e-06
1.772902e-05 -9.606574e-06
4.455883e-06 -1.875289e-05
-9.110679e-06 -1.391069e-05
-1.270067e-05 -2.981578e-06
-8.552428e-06 3.940828e-06
-3.998847e-06 5.312475e-06
-1.660730e-06 5.190316e-06
4.786468e-07 5.475620e-06
3.436482e-06 4.615442e-06
5.450831e-06 1.625204e-06
4.884749e-06 -1.939017e-06
2.344470e-06 -3.963536e-06
-3.818948e-07 -3.894195e-06
-2.130992e-06 -2.523541e-06
-2.703132e-06 -7.796013e-07
-2.297978e-06 7.371371e-07
-1.261946e-06 1.621844e-06
-1.107602e-07 1.710951e-06
6.821907e-07 1.223639e-06
9.842107e-07 5.800737e-07
9.636299e-07 4.542690e-08
7.895948e-07 -3.612319e-07
4.842573e-07 -6.659043e-07
4.852678e-08 -7.902946e-07
-3.915797e-07 -6.375987e-07
-6.337623e-07 -2.546841e-07
-5.767174e-07 1.542529e-07
-3.146881e-07 3.856234e-07
-4.421764e-08 3.959072e-07
1.150201e-07 2.962617e-07
1.907950e-07 1.996628e-07
2.544168e-07 1.067565e-07
2.913047e-07 -3.683464e-08
2.225741e-07 -2.073475e-07
4.088964e-08 -2.921639e-07
-1.408652e-07 -2.235256e-07
-2.057452e-07 -6.898208e-08
-1.563265e-07 4.759688e-08
-8.428155e-08 8.170351e-08
-4.588970e-08 8.261721e-08
-1.780957e-08 9.466106e-08
3.230683e-08 9.966106e-08
8.542459e-08 6.435498e-08
1.004075e-07 -4.325930e-10
6.981974e-08 -5.299966e-08
2.171638e-08 -6.920122e-08
-1.605949e-08 -5.551755e-08
-3.282033e-08 -2.934715e-08
-2.973651e-08 -6.733162e-09
-1.821000e-08 7.069069e-10
-1.606024e-08 -3.741635e-09
-2.733826e-08 -1.353132e-10
-3.119508e-08 2.253441e-08
-8.139504e-09 4.423203e-08
2.694304e-08 3.608025e-08
