1.492754e-06 -8.780389e-07
5.510297e-07 -2.533329e-06
-1.764099e-06 -2.625880e-06
-3.240017e-06 -6.437475e-07
-2.568578e-06 1.590949e-06
-7.962007e-07 2.265494e-06
2.078470e-07 1.636344e-06
1.854358e-07 1.367694e-06
6.550937e-07 1.978195e-06
2.434347e-06 1.904205e-06
3.943778e-06 -2.717819e-07
2.945176e-06 -3.373647e-06
-3.804880e-07 -4.556619e-06
-3.249339e-06 -2.689246e-06
-3.463270e-06 2.522272e-07
-1.829961e-06 1.676610e-06
-6.845497e-07 1.413210e-06
-6.961808e-07 1.301484e-06
-3.481396e-07 2.180105e-06
1.418142e-06 2.615713e-06
3.304273e-06 1.066945e-06
3.193185e-06 -1.685631e-06
9.379159e-07 -3.261178e-06
-1.405719e-06 -2.515512e-06
-2.070680e-06 -6.898999e-07
-1.393679e-06 4.041331e-07
-8.170321e-07 4.942024e-07
-8.261681e-07 5.979266e-07
-6.337567e-07 1.211780e-06
3.288320e-07 1.607726e-06
1.430548e-06 9.931719e-07
1.638701e-06 -2.995134e-07
8.231888e-07 -1.192421e-06
-1.752652e-07 -1.130835e-06
-6.063468e-07 -5.440432e-07
-5.205554e-07 -1.144037e-07
-3.933390e-07 6.289580e-09
-4.074695e-07 1.115727e-07
-3.479466e-07 3.538093e-07
-5.305073e-08 5.307955e-07
3.080027e-07 4.172581e-07
4.524689e-07 8.452642e-08
3.190602e-07 -1.965959e-07
8.982059e-08 -2.651655e-07
-5.089491e-08 -1.864220e-07
-8.233897e-08 -1.031376e-07
-8.704614e-08 -6.701717e-08
-1.106030e-07 -3.514041e-08
-1.224971e-07 2.813289e-08
-8.330870e-08 9.630461e-08
-5.313393e-09 1.194295e-07
6.107619e-08 8.471170e-08
8.128025e-08 2.587617e-08
6.386087e-08 -1.676487e-08
3.920090e-08 -3.284879e-08
2.311971e-08 -3.846236e-08
7.513521e-09 -4.611499e-08
-1.780887e-08 -4.806915e-08
-4.464269e-08 -3.060484e-08
-5.351260e-08 3.287306e-09
-3.692556e-08 3.331546e-08
