-1.389561e-07 -1.298872e-07
-3.216732e-07 -5.411390e-09
-3.288482e-07 2.971466e-07
-3.204218e-08 5.157462e-07
3.507064e-07 3.933633e-07
4.780905e-07 2.439670e-08
2.919728e-07 -2.547351e-07
4.361471e-08 -2.719690e-07
-5.572440e-08 -1.639237e-07
-5.383809e-08 -1.185417e-07
-9.727726e-08 -1.284376e-07
-1.897068e-07 -6.931893e-08
-2.072681e-07 7.840788e-08
-9.409016e-08 1.943036e-07
5.880962e-08 1.801109e-07
1.314259e-07 7.253772e-08
1.040270e-07 -2.119045e-08
4.586616e-08 -4.661102e-08
1.731888e-08 -3.192768e-08
1.764451e-08 -2.512653e-08
1.418900e-08 -3.742971e-08
-8.729764e-09 -4.672589e-08
-3.666388e-08 -3.335396e-08
-4.627261e-08 -2.284673e-09
-3.059293e-08 2.373866e-08
-5.390616e-09 2.728137e-08
6.951936e-09 1.309846e-08
4.670006e-10 2.418234e-09
-8.530870e-09 9.068465e-09
-1.149099e-09 2.318741e-08
2.030120e-08 2.295095e-08
3.383243e-08 1.886150e-09
2.423922e-08 -2.195440e-08
1.676907e-09 -2.742038e-08
-1.156833e-08 -1.533857e-08
-8.842965e-09 -4.957592e-09
-4.948628e-09 -7.157931e-09
-1.306925e-08 -1.069565e-08
-2.483642e-08 2.295678e-10
-2.104633e-08 2.157067e-08
1.450461e-09 3.202709e-08
2.333360e-08 1.967991e-08
2.578816e-08 -2.885551e-09
1.231694e-08 -1.472091e-08
1.233990e-09 -1.166206e-08
7.116872e-10 -7.361448e-09
7.043970e-10 -1.108915e-08
-8.859171e-09 -1.441479e-08
-2.082337e-08 -4.872119e-09
-1.931236e-08 1.372381e-08
-1.964571e-09 2.359682e-08
1.531354e-08 1.513404e-08
1.761715e-08 -1.441683e-09
7.967715e-09 -9.939497e-09
1.762882e-10 -7.613279e-09
-2.412936e-10 -4.475041e-09
-4.136213e-10 -6.446455e-09
-6.233838e-09 -7.584165e-09
-1.226041e-08 -9.674665e-10
-9.586450e-09 9.424481e-09
9.868872e-10 1.317666e-08
