3.699721e-06 1.130020e-05
1.592249e-05 7.222490e-06
1.948651e-05 -8.193890e-06
7.584504e-06 -2.067086e-05
-9.092960e-06 -1.809511e-05
-1.565910e-05 -4.893642e-06
-1.018804e-05 4.854697e-06
-3.427666e-06 4.999233e-06
-3.073961e-06 2.557626e-06
-4.696124e-06 5.231699e-06
-5.425817e-07 1.008048e-05
8.009345e-06 8.679997e-06
1.201602e-05 -1.360540e-07
7.106851e-06 -8.252526e-06
-1.170560e-06 -8.709717e-06
-5.010115e-06 -3.565411e-06
-3.424136e-06 3.663615e-07
-1.286036e-06 3.925518e-07
-1.724144e-06 -4.178460e-07
-2.825921e-06 9.349183e-07
-1.662057e-06 3.250388e-06
1.302364e-06 3.522242e-06
3.160706e-06 1.259863e-06
2.474604e-06 -1.196315e-06
6.150477e-07 -1.855640e-06
-4.520707e-07 -1.077403e-06
-3.866218e-07 -3.811308e-07
-1.675435e-07 -3.920386e-07
-4.393011e-07 -5.284944e-07
-8.509260e-07 -1.837989e-07
-7.987410e-07 4.677872e-07
-2.472036e-07 8.395005e-07
3.292537e-07 6.777595e-07
5.431842e-07 2.444657e-07
4.278289e-07 -7.956013e-08
2.519748e-07 -1.790050e-07
1.704167e-07 -1.962868e-07
1.139064e-07 -2.648695e-07
-3.717835e-08 -3.375505e-07
-2.560454e-07 -2.757687e-07
-3.827770e-07 -5.005555e-08
-3.081876e-07 2.012946e-07
-9.489890e-08 3.138780e-07
9.890869e-08 2.562697e-07
1.805318e-07 1.262322e-07
1.764784e-07 2.080334e-08
1.494774e-07 -4.626995e-08
1.136945e-07 -1.042690e-07
4.681993e-08 -1.518400e-07
-4.802030e-08 -1.529317e-07
-1.255958e-07 -8.994879e-08
-1.413448e-07 5.797246e-09
-9.370276e-08 7.963552e-08
-2.174241e-08 9.885854e-08
3.050606e-08 7.231042e-08
4.629421e-08 3.376885e-08
4.007728e-08 9.520504e-09
3.427958e-08 -4.074507e-10
3.387412e-08 -1.146273e-08
2.621263e-08 -2.875216e-08
4.289177e-09 -3.878822e-08
