6.299033e-08 9.279807e-08
1.580682e-07 3.919910e-08
1.809180e-07 -9.362915e-08
8.432200e-08 -2.090352e-07
-6.947194e-08 -2.132854e-07
-1.701449e-07 -1.114993e-07
-1.709944e-07 7.953551e-09
-1.156619e-07 7.730734e-08
-5.911450e-08 1.018225e-07
-9.008025e-09 1.091236e-07
4.457445e-08 9.731367e-08
8.659041e-08 5.426549e-08
9.166391e-08 -4.878256e-09
6.084057e-08 -4.694990e-08
2.115669e-08 -5.649474e-08
-4.773658e-09 -4.534063e-08
-1.526139e-08 -3.202381e-08
-2.022800e-08 -2.391700e-08
-2.688720e-08 -1.735836e-08
-3.441012e-08 -5.906159e-09
-3.571434e-08 1.234202e-08
-2.409600e-08 3.066494e-08
-2.115003e-09 3.744358e-08
1.733236e-08 2.806612e-08
2.333385e-08 1.183819e-08
1.933902e-08 2.081007e-09
1.781759e-08 -8.759564e-11
2.229327e-08 -5.996433e-09
2.127062e-08 -2.162459e-08
4.069097e-09 -3.572892e-08
-2.188411e-08 -3.161631e-08
-3.637939e-08 -8.469436e-09
-2.893234e-08 1.572227e-08
-1.006717e-08 2.405251e-08
2.583661e-09 1.831788e-08
4.912104e-09 1.278365e-08
7.531585e-09 1.373225e-08
1.760663e-08 1.210628e-08
2.656067e-08 -1.737322e-09
2.041844e-08 -2.165356e-08
-8.170387e-10 -3.025924e-08
-2.056983e-08 -1.924543e-08
-2.387574e-08 6.037280e-10
-1.331424e-08 1.239253e-08
-3.024069e-09 1.198610e-08
-1.017467e-10 8.914896e-09
1.669987e-09 1.026228e-08
9.032801e-09 1.081527e-08
1.699660e-08 2.507267e-09
1.482299e-08 -1.144844e-08
1.474410e-09 -1.847131e-08
-1.150553e-08 -1.213694e-08
-1.367924e-08 1.051423e-10
-7.163976e-09 6.902931e-09
-1.379071e-09 6.188005e-09
-1.884568e-10 4.411958e-09
7.170400e-10 5.381906e-09
4.783271e-09 5.507736e-09
8.521411e-09 8.425065e-10
6.687233e-09 -5.861156e-09
1.062406e-10 -8.304665e-09
