3.835337e-07 5.718642e-07
1.262405e-06 1.707189e-07
1.442845e-06 -1.140874e-06
2.947803e-07 -2.311982e-06
-1.625462e-06 -2.141167e-06
-2.777587e-06 -3.814754e-07
-2.088266e-06 1.560562e-06
-4.101367e-07 2.064311e-06
5.126749e-07 1.310066e-06
3.647129e-07 8.759799e-07
5.460707e-07 1.348521e-06
1.894078e-06 1.367075e-06
3.082473e-06 -3.598575e-07
2.187998e-06 -2.833553e-06
-5.717771e-07 -3.637094e-06
-2.786005e-06 -1.935168e-06
-2.722782e-06 4.590848e-07
-1.281506e-06 1.424061e-06
-4.581322e-07 1.057520e-06
-6.011219e-07 1.018612e-06
-2.734465e-07 1.847733e-06
1.296710e-06 2.152694e-06
2.810455e-06 7.168672e-07
2.522669e-06 -1.572198e-06
5.590254e-07 -2.684400e-06
-1.244093e-06 -1.899805e-06
-1.599429e-06 -4.473882e-07
-1.028861e-06 2.735957e-07
-7.086341e-07 2.903441e-07
-8.071640e-07 5.031041e-07
-5.544788e-07 1.129314e-06
3.794062e-07 1.405981e-06
1.289152e-06 7.580529e-07
1.340485e-06 -3.538085e-07
5.950475e-07 -1.003341e-06
-1.744517e-07 -8.700345e-07
-4.466557e-07 -4.140774e-07
-3.817265e-07 -1.420309e-07
-3.550346e-07 -6.049279e-08
-4.094218e-07 9.135611e-08
-3.199595e-07 3.516559e-07
-1.310704e-08 4.871004e-07
2.984310e-07 3.413905e-07
3.837012e-07 4.137754e-08
2.470917e-07 -1.719645e-07
6.775847e-08 -2.047319e-07
-2.563293e-08 -1.442907e-07
-4.957076e-08 -9.847318e-08
-7.372153e-08 -7.945847e-08
-1.112765e-07 -4.086286e-08
-1.198669e-07 3.090945e-08
-7.309893e-08 9.487696e-08
2.115632e-09 1.074926e-07
5.639284e-08 6.994293e-08
6.739756e-08 1.995872e-08
5.191715e-08 -1.086448e-08
3.661349e-08 -2.254894e-08
2.745805e-08 -3.248111e-08
1.151306e-08 -4.591184e-08
-1.738168e-08 -4.877442e-08
-4.471703e-08 -2.866168e-08
