-4.374154e-07 4.256251e-07
-2.730962e-07 2.022915e-06
2.493639e-06 3.132047e-06
5.571928e-06 2.299633e-07
4.185323e-06 -4.662285e-06
-9.634464e-07 -6.015289e-06
-4.578860e-06 -2.620301e-06
-3.802076e-06 1.465416e-06
-8.855580e-07 2.586332e-06
6.919894e-07 1.278724e-06
3.360301e-07 2.305170e-07
-1.484914e-07 5.111515e-07
3.915889e-07 9.695645e-07
1.225877e-06 4.585001e-07
1.188171e-06 -6.430138e-07
2.658479e-07 -1.197801e-06
-5.859172e-07 -8.039498e-07
-7.036726e-07 -8.138707e-08
-3.309800e-07 2.492098e-07
-7.846019e-08 1.423367e-07
-1.425526e-07 3.932440e-08
-2.219018e-07 1.891083e-07
-4.376341e-08 3.845365e-07
2.691235e-07 3.244112e-07
4.010543e-07 2.600033e-08
2.538237e-07 -2.286627e-07
2.187151e-08 -2.569434e-07
-8.962581e-08 -1.448715e-07
-8.225727e-08 -6.473113e-08
-7.544105e-08 -5.356349e-08
-1.108167e-07 -3.126330e-08
-1.257485e-07 4.147694e-08
-7.403070e-08 1.120166e-07
1.037179e-08 1.230535e-07
6.991735e-08 8.039910e-08
8.634905e-08 2.403044e-08
7.272534e-08 -2.110605e-08
4.268507e-08 -4.741540e-08
9.006308e-09 -5.060178e-08
-1.195893e-08 -3.624000e-08
-1.606910e-08 -2.278362e-08
-1.855522e-08 -1.962439e-08
-3.000265e-08 -1.378839e-08
-3.709183e-08 6.932791e-09
-2.305912e-08 2.936427e-08
2.789307e-09 3.116707e-08
1.520897e-08 1.434909e-08
8.639832e-09 2.855704e-09
3.160677e-09 7.458824e-09
1.245429e-08 1.202297e-08
2.367343e-08 5.522622e-10
1.826043e-08 -1.790246e-08
-6.251046e-11 -2.300822e-08
-1.151707e-08 -1.236519e-08
-8.694453e-09 -2.773321e-09
-4.603770e-09 -4.464381e-09
-1.095790e-08 -7.417311e-09
-2.004020e-08 1.923220e-09
-1.559387e-08 1.916176e-08
3.664642e-09 2.604630e-08
2.051319e-08 1.401997e-08
