2.456514e-07 -2.028643e-07
4.029111e-08 -4.914429e-07
-4.053042e-07 -4.900194e-07
-7.116605e-07 -8.640593e-08
-5.817875e-07 4.256653e-07
-1.310408e-07 6.294409e-07
2.192693e-07 4.427029e-07
2.455170e-07 2.030753e-07
1.848320e-07 2.013709e-07
3.662492e-07 2.717849e-07
6.886625e-07 2.212867e-08
6.766772e-07 -5.686511e-07
1.008230e-07 -9.964165e-07
-6.395361e-07 -7.948062e-07
-9.256228e-07 -1.239224e-07
-6.388648e-07 4.057176e-07
-2.489876e-07 4.775333e-07
-1.433027e-07 3.964618e-07
-1.147773e-07 5.537636e-07
2.665213e-07 7.823812e-07
9.115045e-07 5.431185e-07
1.177321e-06 -2.740318e-07
6.585933e-07 -1.054784e-06
-2.509674e-07 -1.134445e-06
-8.020126e-07 -5.672139e-07
-7.481467e-07 1.866117e-08
-4.919479e-07 2.355024e-07
-4.094333e-07 3.026376e-07
-3.499425e-07 5.438251e-07
2.672403e-08 8.141009e-07
6.316659e-07 6.801315e-07
9.569651e-07 6.235601e-08
6.933967e-07 -5.824648e-07
1.013637e-07 -7.774014e-07
-3.281438e-07 -5.301817e-07
-4.190888e-07 -2.051525e-07
-3.688269e-07 -2.915746e-08
-3.586832e-07 8.971168e-08
-3.140145e-07 2.827726e-07
-9.424404e-08 4.585961e-07
2.320179e-07 4.200339e-07
4.287042e-07 1.483551e-07
3.664695e-07 -1.526489e-07
1.500911e-07 -2.861766e-07
-3.376129e-08 -2.460524e-07
-1.132264e-07 -1.525999e-07
-1.391290e-07 -8.153883e-08
-1.574573e-07 -1.485832e-08
-1.458541e-07 7.180480e-08
-7.351221e-08 1.435222e-07
3.130053e-08 1.469443e-07
1.027424e-07 8.116243e-08
1.070185e-07 -4.615896e-10
6.710871e-08 -4.860073e-08
2.479251e-08 -5.751995e-08
-1.591879e-09 -4.950288e-08
-1.864455e-08 -3.972288e-08
-3.346634e-08 -2.601012e-08
-4.100741e-08 -4.297986e-09
-3.372656e-08 1.866499e-08
-1.445980e-08 3.087229e-08
