-1.789672e-07 3.632064e-07
1.813944e-07 5.484854e-07
6.243163e-07 3.255184e-07
7.225457e-07 -2.115362e-07
3.591281e-07 -6.179180e-07
-1.287207e-07 -5.875092e-07
-3.445441e-07 -2.740013e-07
-2.702282e-07 -5.102352e-08
-1.976231e-07 -3.671234e-08
-2.795744e-07 -1.115243e-08
-3.313796e-07 1.988218e-07
-1.337895e-07 4.354168e-07
2.195623e-07 4.176218e-07
4.182410e-07 1.264734e-07
3.203529e-07 -1.678927e-07
9.558159e-08 -2.453233e-07
-2.837260e-08 -1.636121e-07
-3.329283e-08 -1.075556e-07
-5.435574e-08 -1.239603e-07
-1.435904e-07 -1.048415e-07
-2.019798e-07 1.416999e-08
-1.372412e-07 1.492243e-07
4.730905e-09 1.816476e-07
1.030759e-07 1.038469e-07
1.044427e-07 8.301047e-09
5.680335e-08 -3.218929e-08
2.566230e-08 -2.661018e-08
2.330187e-08 -2.044666e-08
2.244779e-08 -3.197588e-08
4.684661e-09 -4.538275e-08
-2.242157e-08 -4.207377e-08
-4.110551e-08 -2.048612e-08
-4.060570e-08 6.913815e-09
-2.346410e-08 2.428434e-08
-3.996031e-09 2.357433e-08
2.706784e-09 1.268478e-08
-3.030401e-09 9.217039e-09
-3.832711e-09 1.952950e-08
1.300185e-08 2.782353e-08
3.548329e-08 1.462136e-08
3.841578e-08 -1.575393e-08
1.517151e-08 -3.668737e-08
-1.244203e-08 -3.090889e-08
-2.095941e-08 -1.086785e-08
-1.316393e-08 -4.482136e-10
-9.919493e-09 -3.492707e-09
-1.872132e-08 -2.078405e-09
-2.318174e-08 1.464175e-08
-7.349007e-09 3.227461e-08
1.966825e-08 2.902450e-08
3.291629e-08 4.835106e-09
2.205385e-08 -1.763824e-08
2.440089e-09 -2.077555e-08
-6.314716e-09 -1.109307e-08
-4.049833e-09 -6.033557e-09
-5.107915e-09 -9.033534e-09
-1.448379e-08 -7.330509e-09
-1.967052e-08 6.502477e-09
-8.974120e-09 2.114771e-08
1.041906e-08 2.036636e-08
2.017099e-08 4.461369e-09
