-1.826358e-07 2.557307e-07
4.005787e-08 5.194204e-07
4.960738e-07 5.614054e-07
9.614717e-07 2.043452e-07
1.071651e-06 -5.164853e-07
5.749786e-07 -1.196767e-06
-2.970247e-07 -1.345029e-06
-1.013171e-06 -8.954743e-07
-1.281389e-06 -1.955567e-07
-1.187100e-06 4.532472e-07
-8.544329e-07 1.002700e-06
-2.424987e-07 1.403033e-06
6.160332e-07 1.409587e-06
1.378960e-06 8.350259e-07
1.619754e-06 -1.202294e-07
1.241921e-06 -9.889665e-07
5.046079e-07 -1.457615e-06
-3.177022e-07 -1.501206e-06
-1.088175e-06 -1.145391e-06
-1.610012e-06 -3.639334e-07
-1.557697e-06 6.716323e-07
-8.173321e-07 1.463310e-06
2.287946e-07 1.559134e-06
9.862577e-07 1.012065e-06
1.203580e-06 2.826351e-07
1.073366e-06 -2.926878e-07
8.044251e-07 -7.327577e-07
3.434139e-07 -1.088939e-06
-3.592188e-07 -1.151906e-06
-1.011884e-06 -6.918440e-07
-1.167283e-06 1.170556e-07
-7.301470e-07 7.544752e-07
-8.466152e-08 8.741795e-07
3.365896e-07 6.096102e-07
4.634187e-07 3.043437e-07
4.873236e-07 9.005887e-08
4.914751e-07 -1.361668e-07
3.592152e-07 -4.068896e-07
3.063161e-08 -5.514972e-07
-3.206736e-07 -4.148205e-07
-4.535275e-07 -8.559588e-08
-3.258031e-07 1.876811e-07
-1.091478e-07 2.623868e-07
2.991354e-08 2.027548e-07
7.969253e-08 1.355949e-07
1.131135e-07 9.345656e-08
1.501962e-07 3.118925e-08
1.436081e-07 -6.241947e-08
6.873469e-08 -1.320758e-07
-2.893587e-08 -1.277123e-07
-8.446314e-08 -6.498906e-08
-8.042016e-08 -6.660208e-10
-4.883558e-08 2.956371e-08
-2.417969e-08 3.298830e-08
-1.229639e-08 3.240858e-08
-5.221450e-10 3.563621e-08
1.769597e-08 3.377789e-08
3.433688e-08 1.867640e-08
3.741104e-08 -5.059205e-09
2.446741e-08 -2.406937e-08
4.951714e-09 -2.900235e-08
