-2.906082e-07 2.590061e-07
-1.007496e-06 1.097223e-06
-2.337417e-07 3.491523e-06
3.692115e-06 3.978904e-06
6.538281e-06 -2.478201e-07
4.090023e-06 -5.306961e-06
-1.328128e-06 -5.917474e-06
-4.343553e-06 -2.276404e-06
-3.278923e-06 1.224426e-06
-9.097693e-07 1.901528e-06
4.163787e-08 9.755364e-07
-2.122590e-07 6.344309e-07
-7.238753e-08 1.099569e-06
8.348699e-07 1.139757e-06
1.479256e-06 2.234901e-07
1.101393e-06 -8.509997e-07
1.326530e-07 -1.155082e-06
-5.259348e-07 -6.950747e-07
-5.592304e-07 -1.445576e-07
-3.407180e-07 5.947762e-08
-2.659776e-07 5.958309e-08
-3.026124e-07 1.606094e-07
-1.982246e-07 3.678525e-07
9.414070e-08 4.385021e-07
3.505433e-07 2.506617e-07
3.737102e-07 -4.094560e-08
2.109881e-07 -2.139770e-07
4.345561e-08 -2.210203e-07
-4.100510e-08 -1.674526e-07
-8.670234e-08 -1.278868e-07
-1.364160e-07 -7.874369e-08
-1.586351e-07 7.518755e-09
-1.166930e-07 9.250420e-08
-3.686180e-08 1.241890e-07
2.822059e-08 1.042665e-07
6.273870e-08 6.765272e-08
7.974027e-08 2.876077e-08
7.886104e-08 -1.575756e-08
5.044970e-08 -5.268520e-08
8.286714e-09 -5.957530e-08
-1.794384e-08 -4.044954e-08
-2.168089e-08 -2.257809e-08
-2.308383e-08 -1.691699e-08
-3.196974e-08 -8.117503e-09
-3.329107e-08 1.224749e-08
-1.671969e-08 2.802350e-08
2.867701e-09 2.481984e-08
8.242818e-09 1.341029e-08
5.816438e-09 1.107492e-08
1.166715e-08 1.383918e-08
2.283253e-08 5.714749e-09
2.187648e-08 -1.214455e-08
6.089916e-09 -2.110122e-08
-6.798161e-09 -1.352285e-08
-5.139131e-09 -4.107411e-09
2.443812e-12 -6.809780e-09
-6.852585e-09 -1.371131e-08
-2.106003e-08 -7.437978e-09
-2.338088e-08 1.225228e-08
-6.737586e-09 2.625534e-08
1.359337e-08 2.050274e-08
