-2.536750e-07 -2.128011e-07
-5.663419e-07 -9.532493e-08
-7.834379e-07 3.663583e-07
-4.807133e-07 9.998509e-07
3.484127e-07 1.174115e-06
1.027130e-06 5.963763e-07
1.000593e-06 -2.227988e-07
4.837824e-07 -6.239362e-07
5.633647e-08 -5.462251e-07
-7.433934e-08 -3.892623e-07
-1.507888e-07 -3.750179e-07
-3.631534e-07 -3.309225e-07
-5.546279e-07 -6.042273e-08
-4.746968e-07 3.186168e-07
-1.408988e-07 5.141586e-07
1.857352e-07 4.176748e-07
3.156374e-07 1.870225e-07
2.903778e-07 9.035195e-09
2.351347e-07 -9.173208e-08
1.750676e-07 -1.808681e-07
5.968920e-08 -2.556837e-07
-1.011687e-07 -2.432599e-07
-2.150363e-07 -1.224406e-07
-2.152233e-07 2.989263e-08
-1.312367e-07 1.240489e-07
-3.717483e-08 1.415296e-07
2.848235e-08 1.179933e-07
6.974455e-08 8.069526e-08
9.127352e-08 3.305969e-08
8.521588e-08 -1.766448e-08
5.362868e-08 -5.164978e-08
1.652470e-08 -5.847662e-08
-8.971278e-09 -4.824201e-08
-2.307657e-08 -3.481340e-08
-3.211324e-08 -2.060052e-08
-3.507132e-08 -3.556155e-09
-2.880588e-08 1.177937e-08
-1.779453e-08 1.928103e-08
-9.170034e-09 2.106942e-08
-2.165378e-09 2.316682e-08
8.675095e-09 2.415719e-08
2.138143e-08 1.694818e-08
2.640478e-08 1.672875e-09
1.998544e-08 -1.154570e-08
1.005039e-08 -1.556323e-08
4.741504e-09 -1.518172e-08
9.326069e-10 -1.798748e-08
-9.325587e-09 -2.091432e-08
-2.372177e-08 -1.355899e-08
-2.903800e-08 5.495041e-09
-1.756045e-08 2.302242e-08
1.812821e-09 2.556350e-08
1.360618e-08 1.508574e-08
1.381275e-08 4.889271e-09
1.186783e-08 1.697071e-09
1.472325e-08 -1.395004e-09
1.590196e-08 -1.183907e-08
5.297428e-09 -2.349923e-08
-1.391249e-08 -2.239439e-08
-2.567887e-08 -5.473024e-09
-1.972304e-08 1.341240e-08
