1.421803e-06 -6.784149e-07
7.615672e-07 -2.066035e-06
-8.933383e-07 -2.228576e-06
-1.909618e-06 -1.049609e-06
-1.733154e-06 2.186335e-07
-1.013687e-06 7.996144e-07
-4.532434e-07 8.170773e-07
-2.094972e-07 7.528159e-07
1.526311e-08 8.378428e-07
4.668503e-07 8.477674e-07
9.572665e-07 4.610984e-07
1.049783e-06 -2.535836e-07
5.880376e-07 -8.249427e-07
-8.283111e-08 -8.696335e-07
-4.790011e-07 -4.914633e-07
-4.772349e-07 -1.111630e-07
-3.480859e-07 3.468037e-08
-3.312456e-07 9.008365e-08
-3.361938e-07 2.674010e-07
-1.392782e-07 4.940322e-07
2.379519e-07 4.995278e-07
5.036826e-07 1.960431e-07
4.450144e-07 -1.812234e-07
1.701686e-07 -3.483384e-07
-5.490443e-08 -2.772337e-07
-1.188712e-07 -1.525889e-07
-1.210302e-07 -9.936644e-08
-1.625374e-07 -6.514612e-08
-2.008790e-07 3.464698e-08
-1.424638e-07 1.624215e-07
1.757930e-09 2.064207e-07
1.211371e-07 1.313172e-07
1.391345e-07 1.559312e-08
8.473801e-08 -5.075798e-08
3.139713e-08 -5.474227e-08
1.128876e-08 -3.947625e-08
6.930519e-09 -3.606842e-08
-3.955258e-09 -4.064050e-08
-2.319513e-08 -3.814326e-08
-4.076288e-08 -2.248512e-08
-4.648836e-08 2.918859e-09
-3.448646e-08 2.740841e-08
-9.918955e-09 3.664939e-08
9.533046e-09 2.641006e-08
1.090093e-08 1.197853e-08
4.224385e-09 1.179309e-08
1.105887e-08 2.124101e-08
3.264600e-08 1.614819e-08
4.322012e-08 -1.289608e-08
2.289449e-08 -4.254585e-08
-1.354928e-08 -4.358942e-08
-3.325209e-08 -1.783785e-08
-2.560733e-08 5.498677e-09
-1.167305e-08 8.270350e-09
-1.189415e-08 3.565422e-09
-1.846697e-08 1.204243e-08
-9.485612e-09 2.989239e-08
1.709871e-08 3.307251e-08
3.740915e-08 1.065545e-08
3.116428e-08 -1.890744e-08
6.554928e-09 -2.985453e-08
