-5.553333e-10 -1.504591e-08
-1.594442e-08 -1.743942e-08
-3.004407e-08 -4.452861e-09
-2.886054e-08 1.656029e-08
-1.226060e-08 2.948967e-08
6.229081e-09 2.615504e-08
1.337628e-08 1.399142e-08
1.022654e-08 7.286383e-09
9.929785e-09 9.708171e-09
1.974352e-08 9.459764e-09
2.950288e-08 -4.866104e-09
2.288568e-08 -2.700072e-08
-1.337810e-09 -3.735809e-08
-2.509614e-08 -2.526505e-08
-3.037820e-08 -1.839197e-09
-1.883337e-08 1.291183e-08
-7.395898e-09 1.293948e-08
-5.877537e-09 1.033344e-08
-5.646611e-09 1.609347e-08
5.867879e-09 2.342190e-08
2.454563e-08 1.651871e-08
3.157225e-08 -6.317441e-09
1.684941e-08 -2.680401e-08
-7.032565e-09 -2.729806e-08
-1.935479e-08 -1.134700e-08
-1.524459e-08 2.650086e-09
-7.729102e-09 5.136729e-09
-7.196172e-09 4.256479e-09
-7.969511e-09 9.810111e-09
3.079888e-10 1.703510e-08
1.464353e-08 1.340153e-08
2.055604e-08 -2.286944e-09
1.099156e-08 -1.621944e-08
-4.382048e-09 -1.631883e-08
-1.159580e-08 -6.074581e-09
-8.560675e-09 2.193496e-09
-4.011927e-09 3.347467e-09
-3.564620e-09 2.864509e-09
-3.404693e-09 5.766787e-09
1.457717e-09 8.701048e-09
8.301077e-09 5.666094e-09
9.924187e-09 -2.449660e-09
4.356260e-09 -8.359830e-09
-2.761476e-09 -7.388835e-09
-5.419919e-09 -2.346874e-09
-3.648818e-09 1.158444e-09
-1.551399e-09 1.434888e-09
-1.313631e-09 1.008095e-09
-1.398669e-09 1.892787e-09
6.298994e-11 2.986059e-09
2.313255e-09 2.264391e-09
3.103386e-09 -1.448760e-10
1.674998e-09 -2.090508e-09
-4.101155e-10 -2.019288e-09
-1.227246e-09 -5.889233e-10
-5.599418e-10 3.996826e-10
2.302947e-10 1.342603e-10
4.642574e-11 -5.361967e-10
-7.123993e-10 -4.322030e-10
-8.835941e-10 4.293984e-10
-1.330999e-10 9.814566e-10
