-7.551200e-08 -1.269811e-07
-2.224499e-07 -5.580066e-08
-2.563528e-07 1.456006e-07
-1.001576e-07 3.145372e-07
1.384726e-07 3.012823e-07
2.751353e-07 1.210382e-07
2.351819e-07 -6.332421e-08
1.223775e-07 -1.262530e-07
6.819792e-08 -1.124784e-07
6.184192e-08 -1.383440e-07
-6.399724e-09 -2.076307e-07
-1.615982e-07 -2.018518e-07
-2.821844e-07 -5.144277e-08
-2.434595e-07 1.507252e-07
-7.490198e-08 2.455790e-07
7.170884e-08 1.899334e-07
1.023525e-07 9.526262e-08
8.338465e-08 7.548652e-08
1.354846e-07 9.527708e-08
2.489781e-07 1.850534e-08
2.652619e-07 -1.903038e-07
7.396864e-08 -3.715816e-07
-2.148088e-07 -3.338540e-07
-3.658060e-07 -8.985522e-08
-2.859955e-07 1.457697e-07
-1.197951e-07 2.130471e-07
-3.902329e-08 1.822517e-07
-1.433304e-08 2.087891e-07
1.079373e-07 2.747144e-07
3.307184e-07 1.969051e-07
4.385627e-07 -9.266206e-08
2.614136e-07 -3.926111e-07
-8.409853e-08 -4.436593e-07
-3.155074e-07 -2.340852e-07
-3.096672e-07 8.750607e-09
-1.997636e-07 1.140010e-07
-1.428722e-07 1.394754e-07
-1.082619e-07 2.113472e-07
2.683339e-08 2.967735e-07
2.432097e-07 2.430033e-07
3.601248e-07 1.287611e-08
2.579029e-07 -2.293750e-07
2.932122e-08 -3.016017e-07
-1.376059e-07 -2.018078e-07
-1.704887e-07 -6.980096e-08
-1.439619e-07 2.186711e-09
-1.317985e-07 4.639742e-08
-1.092842e-07 1.148150e-07
-2.355404e-08 1.749461e-07
9.872433e-08 1.529978e-07
1.670572e-07 4.459721e-08
1.348557e-07 -6.907172e-08
4.756549e-08 -1.133790e-07
-2.101857e-08 -9.125937e-08
-4.677825e-08 -5.315544e-08
-5.382725e-08 -2.698280e-08
-6.014078e-08 -2.078229e-09
-5.426042e-08 3.160817e-08
-2.365676e-08 5.797479e-08
1.786279e-08 5.536195e-08
4.272860e-08 2.629758e-08
