-9.965487e-09 -6.548464e-09
-1.823137e-08 1.098143e-09
-1.869815e-08 1.440044e-08
-9.035372e-09 2.571352e-08
6.925199e-09 2.804738e-08
2.061495e-08 1.926853e-08
2.501574e-08 5.443394e-09
2.192339e-08 -5.142598e-09
1.796262e-08 -1.158124e-08
1.404535e-08 -1.894593e-08
4.165801e-09 -2.750813e-08
-1.383048e-08 -2.865713e-08
-3.053319e-08 -1.497222e-08
-3.265403e-08 7.941894e-09
-1.819300e-08 2.449146e-08
3.275396e-10 2.525898e-08
1.002086e-08 1.645519e-08
1.161718e-08 1.008377e-08
1.479384e-08 7.704504e-09
2.140335e-08 2.185738e-10
2.077302e-08 -1.571001e-08
5.047511e-09 -2.834903e-08
-1.661374e-08 -2.375433e-08
-2.625868e-08 -4.326983e-09
-1.805841e-08 1.280237e-08
-3.908683e-09 1.596754e-08
3.117986e-09 1.055829e-08
3.921665e-09 7.713328e-09
7.301497e-09 8.006290e-09
1.391492e-08 3.181219e-09
1.443844e-08 -8.570183e-09
3.801188e-09 -1.733323e-08
-9.960940e-09 -1.387035e-08
-1.491681e-08 -1.708882e-09
-9.257554e-09 7.603032e-09
-1.429080e-09 8.437836e-09
1.825271e-09 5.328912e-09
2.265016e-09 4.060018e-09
4.319078e-09 3.852682e-09
7.215522e-09 7.063669e-10
6.397077e-09 -4.983894e-09
8.224611e-10 -8.112672e-09
-4.916967e-09 -5.588251e-09
-6.160209e-09 -2.006287e-10
-3.326591e-09 3.123427e-09
-3.358432e-10 2.899685e-09
4.845247e-10 1.502249e-09
2.285792e-10 1.187113e-09
7.492486e-10 1.543514e-09
1.927229e-09 9.713735e-10
2.196296e-09 -7.009500e-10
9.043248e-10 -1.969207e-09
-7.771642e-10 -1.634941e-09
-1.297884e-09 -2.555962e-10
-5.182531e-10 6.141092e-10
3.004494e-10 2.770252e-10
1.383954e-10 -4.322658e-10
-5.935116e-10 -3.679180e-10
-7.429991e-10 4.373737e-10
2.778020e-12 9.106602e-10
7.480095e-10 4.297000e-10
