-4.862391e-06 1.920138e-06
-4.013622e-06 9.598434e-06
6.884892e-06 1.460690e-05
1.977963e-05 5.498899e-06
1.850591e-05 -1.265206e-05
2.115807e-06 -2.153047e-05
-1.288125e-05 -1.336877e-05
-1.389399e-05 4.631355e-07
-6.037851e-06 6.036670e-06
-1.610180e-06 3.481914e-06
-3.132891e-06 2.386686e-06
-3.109633e-06 6.258594e-06
2.707368e-06 8.732767e-06
8.991444e-06 4.272639e-06
8.780745e-06 -3.695419e-06
2.692045e-06 -7.695073e-06
-2.823122e-06 -5.537476e-06
-3.856352e-06 -1.471776e-06
-2.311316e-06 3.640786e-07
-1.538240e-06 2.840540e-07
-1.861807e-06 6.834004e-07
-1.453295e-06 2.008798e-06
2.823484e-07 2.632001e-06
1.917305e-06 1.588639e-06
2.099303e-06 -1.649555e-07
1.104072e-06 -1.174597e-06
1.046162e-07 -1.114711e-06
-2.879355e-07 -6.685505e-07
-3.281975e-07 -4.105620e-07
-4.095654e-07 -3.036029e-07
-5.395363e-07 -9.537300e-08
-5.088347e-07 2.246594e-07
-2.593993e-07 4.528428e-07
5.121889e-08 4.536529e-07
2.457295e-07 2.861915e-07
2.845053e-07 9.895718e-08
2.447174e-07 -2.268793e-08
2.010158e-07 -9.781626e-08
1.507805e-07 -1.744982e-07
4.989105e-08 -2.433193e-07
-9.935494e-08 -2.409749e-07
-2.224127e-07 -1.341280e-07
-2.432833e-07 2.574180e-08
-1.622687e-07 1.471971e-07
-4.590419e-08 1.841025e-07
4.689564e-08 1.574853e-07
1.046277e-07 1.051532e-07
1.357865e-07 4.020024e-08
1.344781e-07 -3.510043e-08
8.992185e-08 -1.008183e-07
1.469223e-08 -1.265185e-07
-5.582946e-08 -1.015839e-07
-9.165100e-08 -4.543388e-08
-8.761828e-08 1.131247e-08
-5.796107e-08 4.825385e-08
-2.096249e-08 6.064211e-08
1.038659e-08 5.376919e-08
3.037345e-08 3.616471e-08
3.858396e-08 1.495754e-08
3.628979e-08 -5.226876e-09
2.511611e-08 -2.013603e-08
