-2.809397e-06 4.073175e-06
1.891032e-06 8.806853e-06
1.120866e-05 6.429205e-06
1.446477e-05 -5.038354e-06
5.639580e-06 -1.461470e-05
-6.832478e-06 -1.241114e-05
-1.112186e-05 -2.275724e-06
-6.300475e-06 4.678478e-06
-7.771089e-07 4.217937e-06
-8.542863e-09 1.544019e-06
-1.238174e-06 1.843672e-06
4.862799e-08 3.735547e-06
3.295212e-06 3.095743e-06
4.556653e-06 -4.169302e-07
2.382352e-06 -3.294526e-06
-6.939996e-07 -3.126970e-06
-1.886024e-06 -1.127610e-06
-1.212002e-06 2.225566e-07
-4.515908e-07 2.298146e-07
-5.092414e-07 -2.122160e-08
-7.639743e-07 3.192656e-07
-4.462634e-07 8.933819e-07
2.954989e-07 9.649679e-07
7.831766e-07 4.452833e-07
7.078217e-07 -1.465773e-07
3.479635e-07 -3.905718e-07
9.416975e-08 -3.396094e-07
2.375244e-08 -2.739675e-07
-4.285980e-08 -3.062268e-07
-2.212011e-07 -3.057053e-07
-4.048634e-07 -1.321161e-07
-4.104111e-07 1.583604e-07
-2.037825e-07 3.672829e-07
6.451828e-08 3.685651e-07
2.277051e-07 2.173516e-07
2.519623e-07 5.157215e-08
2.084506e-07 -5.796998e-08
1.513687e-07 -1.294198e-07
7.368607e-08 -1.836623e-07
-3.398736e-08 -1.960679e-07
-1.355470e-07 -1.390490e-07
-1.790315e-07 -3.230746e-08
-1.487502e-07 7.001622e-08
-7.214410e-08 1.253408e-07
9.444860e-09 1.241195e-07
6.433456e-08 8.227205e-08
7.967816e-08 2.830951e-08
6.502967e-08 -1.114440e-08
4.330576e-08 -2.838957e-08
2.788592e-08 -3.590847e-08
1.210675e-08 -4.422441e-08
-1.219867e-08 -4.549988e-08
-3.466785e-08 -2.839479e-08
-3.772469e-08 -1.272189e-09
-2.287694e-08 1.456290e-08
-1.009232e-08 1.310168e-08
-9.902262e-09 9.972982e-09
-1.061813e-08 1.730542e-08
9.734941e-10 2.592685e-08
1.838807e-08 2.074246e-08
2.506358e-08 3.897224e-09
