-2.970776e-08 -1.377653e-08
-5.958378e-08 2.747561e-08
-3.355217e-08 8.844655e-08
3.568675e-08 1.066415e-07
1.002984e-07 7.055888e-08
1.273666e-07 -1.961307e-09
1.000974e-07 -7.540468e-08
3.639147e-08 -1.099797e-07
-2.157019e-08 -1.000385e-07
-5.518833e-08 -7.542822e-08
-8.340056e-08 -5.218385e-08
-1.149548e-07 -8.576745e-09
-1.149144e-07 6.826892e-08
-4.928704e-08 1.360298e-07
5.217852e-08 1.339283e-07
1.150764e-07 6.058134e-08
1.045988e-07 -1.913309e-08
5.989924e-08 -5.188068e-08
3.383842e-08 -5.162842e-08
2.575391e-08 -6.210320e-08
-3.351442e-09 -8.684766e-08
-6.368542e-08 -8.436039e-08
-1.132241e-07 -2.837229e-08
-1.059287e-07 5.133683e-08
-4.617718e-08 9.846485e-08
1.685972e-08 9.032821e-08
4.477462e-08 5.671409e-08
4.873539e-08 3.779338e-08
6.589651e-08 3.226687e-08
1.007835e-07 4.217639e-10
1.061583e-07 -7.580558e-08
3.773893e-08 -1.493486e-07
-7.797558e-08 -1.471375e-07
-1.553579e-07 -5.605345e-08
-1.401599e-07 5.321217e-08
-6.803192e-08 1.043833e-07
-1.163705e-08 9.891077e-08
1.399524e-08 9.305014e-08
5.606931e-08 1.021820e-07
1.319215e-07 7.231550e-08
1.766081e-07 -3.383657e-08
1.167866e-07 -1.577602e-07
-2.404656e-08 -1.947952e-07
-1.376159e-07 -1.159516e-07
-1.510577e-07 1.141245e-11
-9.766876e-08 6.546298e-08
-5.165570e-08 7.809533e-08
-2.735926e-08 9.033362e-08
1.817787e-08 1.128103e-07
9.613271e-08 9.568826e-08
1.479324e-07 9.963908e-09
1.152049e-07 -9.380415e-08
1.831571e-08 -1.355545e-07
-6.456318e-08 -9.611932e-08
-8.580340e-08 -2.884765e-08
-6.691107e-08 1.289258e-08
-4.927706e-08 2.940625e-08
-3.717924e-08 4.780094e-08
-7.965762e-09 6.837561e-08
3.895118e-08 6.324921e-08
7.077096e-08 2.138316e-08
