-1.382751e-08 -2.617029e-08
-5.817665e-08 -1.315285e-08
-7.508831e-08 4.636898e-08
-3.404391e-08 1.037240e-07
4.259485e-08 1.156054e-07
1.112423e-07 6.728358e-08
1.264273e-07 -1.690042e-08
8.154669e-08 -8.153139e-08
2.039966e-08 -9.430946e-08
-1.580791e-08 -7.869037e-08
-3.742800e-08 -7.101245e-08
-7.629218e-08 -6.119215e-08
-1.190706e-07 -1.013426e-08
-1.104047e-07 7.683339e-08
-3.098731e-08 1.340331e-07
6.259105e-08 1.110399e-07
9.975858e-08 3.643252e-08
7.635894e-08 -2.002827e-08
4.548878e-08 -3.235996e-08
3.959739e-08 -3.527876e-08
3.422524e-08 -6.056642e-08
-5.394178e-09 -8.817733e-08
-6.766614e-08 -7.470184e-08
-1.033180e-07 -1.340373e-08
-8.259420e-08 5.318589e-08
-2.785948e-08 7.947600e-08
1.412243e-08 6.378698e-08
2.480969e-08 4.294778e-08
3.020778e-08 4.269027e-08
6.076296e-08 4.273805e-08
1.013757e-07 2.602029e-09
9.790904e-08 -7.724935e-08
2.309906e-08 -1.372244e-07
-7.753553e-08 -1.187142e-07
-1.272027e-07 -3.472460e-08
-1.029601e-07 4.298307e-08
-5.426413e-08 6.951213e-08
-2.867509e-08 7.194049e-08
-8.288662e-09 9.213362e-08
5.112321e-08 1.107475e-07
1.340033e-07 6.742541e-08
1.618017e-07 -4.499789e-08
8.846168e-08 -1.473321e-07
-3.362659e-08 -1.576587e-07
-1.103301e-07 -8.397852e-08
-1.103852e-07 -3.933258e-09
-8.071978e-08 3.466707e-08
-6.392271e-08 5.536494e-08
-4.175476e-08 9.061536e-08
2.004997e-08 1.171456e-07
1.004361e-07 8.495983e-08
1.337176e-07 -5.048969e-09
8.878531e-08 -8.844495e-08
7.114758e-09 -1.080496e-07
-4.848312e-08 -7.212487e-08
-6.080563e-08 -2.888481e-08
-5.676192e-08 -3.034573e-09
-5.485654e-08 1.918609e-08
-4.173008e-08 4.941044e-08
-3.472696e-09 6.937019e-08
4.258432e-08 5.476292e-08
