-4.439679e-08 -6.971450e-08
-1.615023e-07 -2.890404e-08
-1.986230e-07 1.239766e-07
-9.788876e-08 2.625356e-07
8.632165e-08 2.978867e-07
2.595677e-07 1.878380e-07
3.028808e-07 -1.309731e-08
2.043132e-07 -1.616308e-07
8.210636e-08 -1.922841e-07
1.852053e-08 -1.814302e-07
-3.916039e-08 -2.019377e-07
-1.608149e-07 -1.989801e-07
-2.887165e-07 -7.862146e-08
-2.911477e-07 1.281667e-07
-1.393792e-07 2.729441e-07
4.417577e-08 2.634504e-07
1.338944e-07 1.664052e-07
1.456184e-07 1.043137e-07
1.878670e-07 8.679779e-08
2.847373e-07 2.046956e-09
3.069402e-07 -2.108820e-07
1.212151e-07 -4.278705e-07
-2.119316e-07 -4.381212e-07
-4.533399e-07 -1.856214e-07
-4.297555e-07 1.425391e-07
-2.193573e-07 3.149566e-07
-3.518968e-08 3.064617e-07
4.869182e-08 2.746867e-07
1.569962e-07 2.944106e-07
3.701398e-07 2.278186e-07
5.273155e-07 -6.312611e-08
3.893836e-07 -4.482388e-07
-2.788725e-08 -6.077406e-07
-4.119616e-07 -3.965258e-07
-4.907676e-07 -1.969921e-08
-3.176835e-07 2.180892e-07
-1.415610e-07 2.539536e-07
-6.532840e-08 2.552949e-07
3.464272e-08 3.141122e-07
2.494022e-07 3.012818e-07
4.390858e-07 7.849087e-08
3.888120e-07 -2.530103e-07
9.866249e-08 -4.305428e-07
-1.951906e-07 -3.321868e-07
-2.903983e-07 -9.931918e-08
-2.168778e-07 6.015161e-08
-1.315789e-07 1.028234e-07
-9.563951e-08 1.274358e-07
-3.790283e-08 1.829779e-07
8.814086e-08 1.954869e-07
2.052245e-07 9.346329e-08
2.051384e-07 -6.998514e-08
8.851218e-08 -1.692949e-07
-3.879292e-08 -1.494017e-07
-9.121058e-08 -6.898533e-08
-7.951527e-08 -9.575461e-09
-6.036704e-08 1.275113e-08
-5.329357e-08 3.123386e-08
-3.425620e-08 5.925243e-08
9.429467e-09 7.120172e-08
5.195332e-08 4.560749e-08
