1.829516e-08 9.784941e-09
3.162116e-08 -2.819854e-09
3.426075e-08 -2.473784e-08
1.952177e-08 -4.742792e-08
-1.220366e-08 -5.549647e-08
-4.337372e-08 -3.683345e-08
-5.106240e-08 -1.900898e-09
-3.325515e-08 2.311569e-08
-1.133170e-08 2.504942e-08
-4.080654e-09 1.654000e-08
-6.728298e-09 1.699284e-08
-9.102795e-10 2.702055e-08
1.873637e-08 2.896775e-08
3.623963e-08 1.148396e-08
3.411457e-08 -1.452576e-08
1.481836e-08 -2.857885e-08
-3.293601e-09 -2.449799e-08
-8.821484e-09 -1.495737e-08
-8.920416e-09 -1.247278e-08
-1.566627e-08 -1.294354e-08
-2.665554e-08 -3.402878e-09
-2.658778e-08 1.705431e-08
-8.236212e-09 3.218116e-08
1.548776e-08 2.741345e-08
2.551164e-08 8.114134e-09
1.871210e-08 -7.277099e-09
8.953244e-09 -9.981345e-09
6.642262e-09 -8.849464e-09
5.707697e-09 -1.389180e-08
-4.413698e-09 -1.989347e-08
-2.004387e-08 -1.374478e-08
-2.537357e-08 5.261856e-09
-1.294694e-08 2.146605e-08
5.995416e-09 2.123293e-08
1.525326e-08 8.606218e-09
1.218701e-08 -2.046322e-09
6.862462e-09 -4.503790e-09
5.851122e-09 -5.013715e-09
4.556423e-09 -9.283117e-09
-2.880283e-09 -1.281491e-08
-1.251703e-08 -7.982363e-09
-1.468660e-08 3.769394e-09
-6.719718e-09 1.244716e-08
3.694560e-09 1.149005e-08
8.196191e-09 4.536645e-09
6.578061e-09 -8.516417e-10
4.092327e-09 -2.372985e-09
3.240786e-09 -3.158986e-09
1.800678e-09 -5.098372e-09
-1.945915e-09 -5.892762e-09
-5.649652e-09 -3.114148e-09
-5.847736e-09 1.672362e-09
-2.519083e-09 4.561915e-09
1.052414e-09 3.886682e-09
2.271057e-09 1.541155e-09
1.602019e-09 9.274865e-11
9.884446e-10 -2.318161e-11
1.168653e-09 -8.613297e-11
1.254290e-09 -8.531123e-10
4.272073e-10 -1.615934e-09
-8.086542e-10 -1.374418e-09
