-1.272388e-06 -6.202269e-07
-2.132436e-06 7.640117e-07
-1.366406e-06 2.795303e-06
1.119813e-06 3.628966e-06
3.617758e-06 2.034602e-06
3.933466e-06 -1.031533e-06
1.880396e-06 -3.058072e-06
-5.088966e-07 -2.828468e-06
-1.554724e-06 -1.425769e-06
-1.450321e-06 -3.532707e-07
-1.180271e-06 1.212381e-07
-1.035408e-06 5.308008e-07
-6.499318e-07 1.020506e-06
7.950615e-08 1.184532e-06
7.187406e-07 7.914953e-07
8.679886e-07 1.568579e-07
6.199971e-07 -2.651101e-07
3.369490e-07 -3.790358e-07
1.795239e-07 -4.007499e-07
2.382107e-08 -4.626319e-07
-2.340946e-07 -4.523680e-07
-4.730363e-07 -2.368355e-07
-4.978864e-07 1.027922e-07
-2.932342e-07 3.451756e-07
-3.254593e-08 3.773218e-07
1.331613e-07 2.782101e-07
2.052779e-07 1.677156e-07
2.478584e-07 6.450014e-08
2.554625e-07 -6.840482e-08
1.737699e-07 -2.043621e-07
1.345835e-08 -2.561533e-07
-1.303865e-07 -1.879807e-07
-1.805732e-07 -6.340484e-08
-1.507888e-07 3.336419e-08
-9.920316e-08 8.139353e-08
-4.984862e-08 1.058936e-07
7.829524e-09 1.136536e-07
6.693903e-08 8.633657e-08
9.442836e-08 2.664568e-08
7.573663e-08 -2.839164e-08
3.657944e-08 -4.915309e-08
9.041815e-09 -4.394753e-08
-3.489507e-09 -3.662334e-08
-1.516987e-08 -3.255922e-08
-2.834040e-08 -2.201322e-08
-3.292937e-08 -4.297615e-09
-2.670944e-08 1.002938e-08
-1.827259e-08 1.683974e-08
-1.115916e-08 2.195599e-08
-3.564687e-11 2.647661e-08
1.500721e-08 2.265615e-08
2.339408e-08 8.575965e-09
1.918439e-08 -4.718355e-09
1.126163e-08 -7.992268e-09
1.014469e-08 -7.368375e-09
1.138643e-08 -1.387121e-08
2.371073e-09 -2.430942e-08
-1.673322e-08 -2.345861e-08
-2.946570e-08 -5.669879e-09
-2.331660e-08 1.520250e-08
-5.695871e-09 2.207243e-08
