4.070237e-06 4.114271e-06
8.493471e-06 -4.372531e-07
6.529687e-06 -7.962819e-06
-1.458770e-06 -1.070740e-05
-8.150706e-06 -5.890175e-06
-8.133167e-06 1.277601e-06
-3.744942e-06 4.276120e-06
-1.114453e-06 2.984457e-06
-1.785441e-06 2.513100e-06
-1.386442e-06 5.105161e-06
3.121816e-06 6.697374e-06
8.202719e-06 2.908930e-06
8.010495e-06 -4.202663e-06
2.148742e-06 -8.156703e-06
-3.736288e-06 -5.958806e-06
-4.971921e-06 -1.201653e-06
-2.831894e-06 1.174768e-06
-1.487161e-06 7.770480e-07
-2.093513e-06 7.944177e-07
-2.084808e-06 2.663171e-06
3.439809e-07 4.131846e-06
3.400364e-06 2.768111e-06
4.096038e-06 -5.639967e-07
2.038647e-06 -2.857475e-06
-4.369701e-07 -2.626621e-06
-1.343639e-06 -1.138094e-06
-9.780934e-07 -2.407039e-07
-7.200387e-07 -1.883786e-07
-9.822804e-07 -2.606567e-08
-1.025585e-06 6.773166e-07
-3.297370e-07 1.282458e-06
6.312638e-07 1.098157e-06
1.054770e-06 2.951404e-07
7.622330e-07 -3.974747e-07
2.350624e-07 -5.619631e-07
-6.185725e-08 -3.859570e-07
-1.084969e-07 -2.341124e-07
-1.343270e-07 -2.057617e-07
-2.398465e-07 -1.586957e-07
-3.170252e-07 4.086980e-09
-2.469615e-07 2.007218e-07
-5.854810e-08 2.882982e-07
1.157126e-07 2.249387e-07
1.824334e-07 9.104079e-08
1.564497e-07 -1.327817e-08
1.084226e-07 -5.941255e-08
7.604849e-08 -8.331843e-08
3.957918e-08 -1.137140e-07
-2.686737e-08 -1.299433e-07
-1.035239e-07 -9.431124e-08
-1.385383e-07 -9.511708e-09
-1.058650e-07 7.418111e-08
-3.324347e-08 1.085724e-07
3.009701e-08 9.044538e-08
6.029160e-08 5.076353e-08
6.607262e-08 1.468144e-08
6.103416e-08 -1.527421e-08
4.511498e-08 -4.252875e-08
1.463906e-08 -5.965112e-08
-2.183385e-08 -5.487506e-08
-4.633679e-08 -2.850461e-08
