-2.357189e-06 -5.324269e-07
-5.036664e-06 6.532244e-07
-6.489401e-06 6.292336e-06
-5.105762e-07 1.292087e-05
1.081916e-05 1.130697e-05
1.666131e-05 -6.067353e-08
1.109402e-05 -1.146098e-05
1.041754e-07 -1.389518e-05
-7.030924e-06 -8.653388e-06
-8.125243e-06 -2.727397e-06
-7.048009e-06 6.536614e-07
-6.149052e-06 3.287968e-06
-3.965268e-06 6.346009e-06
5.223496e-07 7.770431e-06
5.100852e-06 5.613089e-06
6.836475e-06 1.116554e-06
5.359218e-06 -2.787493e-06
2.467023e-06 -4.567096e-06
-3.007998e-07 -4.549320e-06
-2.447592e-06 -3.353595e-06
-3.610822e-06 -1.281218e-06
-3.309602e-06 1.003023e-06
-1.749915e-06 2.412353e-06
3.577923e-09 2.435208e-06
1.036673e-06 1.615240e-06
1.343220e-06 7.631302e-07
1.364899e-06 1.012509e-07
1.206517e-06 -5.485552e-07
6.764463e-07 -1.105077e-06
-1.348852e-07 -1.200731e-06
-7.548760e-07 -7.311208e-07
-8.421628e-07 -7.361376e-08
-5.370005e-07 3.259894e-07
-2.132187e-07 3.856182e-07
-5.151994e-08 3.197440e-07
3.311436e-08 2.920409e-07
1.528878e-07 2.690887e-07
2.816860e-07 1.600027e-07
3.197409e-07 -2.753265e-08
2.283216e-07 -1.957603e-07
6.498642e-08 -2.608778e-07
-7.923793e-08 -2.172770e-07
-1.518696e-07 -1.207804e-07
-1.608681e-07 -3.039670e-08
-1.422987e-07 3.514280e-08
-1.122932e-07 9.029641e-08
-5.659487e-08 1.389733e-07
3.101962e-08 1.524787e-07
1.155401e-07 1.028394e-07
1.448467e-07 8.519349e-09
1.049463e-07 -7.295437e-08
3.437055e-08 -1.003194e-07
-1.956376e-08 -8.221309e-08
-4.412673e-08 -5.231209e-08
-5.467898e-08 -2.712887e-08
-6.022291e-08 -2.997739e-10
-5.202197e-08 3.141010e-08
-2.352442e-08 5.418909e-08
1.308730e-08 5.244933e-08
3.637354e-08 2.839273e-08
3.639967e-08 5.208395e-10
