-9.947849e-09 6.610163e-08
6.077177e-08 8.135265e-08
1.240475e-07 2.471121e-08
1.230852e-07 -6.391752e-08
6.168248e-08 -1.268516e-07
-2.178255e-08 -1.340720e-07
-8.386498e-08 -9.325098e-08
-1.088700e-07 -3.811262e-08
-1.126962e-07 1.225915e-08
-1.025075e-07 6.724061e-08
-5.704275e-08 1.251104e-07
3.205720e-08 1.460688e-07
1.201070e-07 9.405741e-08
1.437984e-07 -5.514397e-09
9.385125e-08 -8.168110e-08
2.525127e-08 -9.519215e-08
-1.161539e-08 -7.455563e-08
-2.550543e-08 -6.507648e-08
-5.453467e-08 -6.508600e-08
-1.001248e-07 -3.537611e-08
-1.171892e-07 3.680675e-08
-7.151987e-08 1.086894e-07
1.296703e-08 1.259748e-07
7.735346e-08 8.305109e-08
9.137374e-08 2.505855e-08
7.926808e-08 -8.823328e-09
7.719125e-08 -2.929518e-08
7.732782e-08 -7.146223e-08
3.470343e-08 -1.309994e-07
-6.454626e-08 -1.490233e-07
-1.615347e-07 -7.783226e-08
-1.757173e-07 4.965992e-08
-9.527695e-08 1.426766e-07
9.026637e-09 1.488927e-07
6.886525e-08 1.028482e-07
9.060259e-08 6.386083e-08
1.186072e-07 3.223304e-08
1.471633e-07 -3.628044e-08
1.145084e-07 -1.395811e-07
-4.810708e-09 -1.992662e-07
-1.401086e-07 -1.469096e-07
-1.903218e-07 -1.431596e-08
-1.345739e-07 9.686593e-08
-4.359293e-08 1.273697e-07
1.555567e-08 1.075267e-07
4.812837e-08 8.904069e-08
8.998102e-08 6.879391e-08
1.308347e-07 9.962891e-09
1.185257e-07 -8.128328e-08
3.552068e-08 -1.414715e-07
-6.438002e-08 -1.209182e-07
-1.114138e-07 -4.239314e-08
-9.225166e-08 2.872298e-08
-4.870302e-08 5.707037e-08
-1.703958e-08 5.894037e-08
6.128710e-09 5.903340e-08
3.641166e-08 5.291293e-08
6.466150e-08 2.327396e-08
6.494107e-08 -2.350842e-08
3.106573e-08 -5.654795e-08
-1.203212e-08 -5.470143e-08
