-5.536174e-09 5.277089e-08
3.963271e-08 7.327701e-08
1.060870e-07 5.067159e-08
1.440579e-07 -3.431496e-08
9.692618e-08 -1.354265e-07
-1.781697e-08 -1.672400e-07
-1.109327e-07 -1.054668e-07
-1.255812e-07 -1.699904e-08
-9.648217e-08 3.265671e-08
-7.796183e-08 5.703467e-08
-5.828714e-08 9.796551e-08
6.971821e-09 1.367126e-07
1.024067e-07 1.116958e-07
1.514612e-07 1.511017e-08
1.122755e-07 -8.104456e-08
3.043273e-08 -1.095366e-07
-2.300366e-08 -8.191043e-08
-3.546640e-08 -5.547812e-08
-4.805313e-08 -5.118669e-08
-8.320029e-08 -3.549982e-08
-1.090086e-07 2.099412e-08
-8.133153e-08 9.413311e-08
-3.001619e-09 1.278218e-07
7.345100e-08 9.612528e-08
1.009285e-07 3.083883e-08
8.527078e-08 -1.727916e-08
6.804532e-08 -3.741535e-08
6.427407e-08 -6.342630e-08
3.717473e-08 -1.132554e-07
-4.659897e-08 -1.429419e-07
-1.486428e-07 -9.036104e-08
-1.806606e-07 3.542630e-08
-1.062152e-07 1.429268e-07
9.455348e-09 1.565505e-07
7.727182e-08 1.002925e-07
8.889646e-08 5.121273e-08
1.028562e-07 2.807953e-08
1.351652e-07 -2.284169e-08
1.204928e-07 -1.231570e-07
9.833557e-09 -1.973957e-07
-1.349075e-07 -1.559650e-07
-1.952975e-07 -1.764756e-08
-1.348460e-07 1.025970e-07
-3.389109e-08 1.282169e-07
2.175903e-08 9.553908e-08
3.912688e-08 7.621719e-08
7.418804e-08 7.049112e-08
1.254279e-07 2.312022e-08
1.259423e-07 -7.299992e-08
4.224475e-08 -1.445022e-07
-6.682825e-08 -1.249852e-07
-1.152930e-07 -3.812055e-08
-8.728753e-08 3.550961e-08
-3.849875e-08 5.483234e-08
-1.406197e-08 4.804408e-08
-1.713917e-09 5.147206e-08
2.743302e-08 5.582685e-08
6.371100e-08 3.051500e-08
6.944312e-08 -2.131487e-08
3.264405e-08 -5.951814e-08
-1.517357e-08 -5.576924e-08
