-2.187579e-07 1.668217e-07
-1.880547e-07 3.877928e-07
4.297416e-08 6.476512e-07
5.567651e-07 7.040728e-07
1.087556e-06 2.690330e-07
1.151072e-06 -5.416250e-07
5.856010e-07 -1.196814e-06
-2.418776e-07 -1.288175e-06
-8.645150e-07 -9.017612e-07
-1.162715e-06 -3.540186e-07
-1.241583e-06 2.401165e-07
-1.046499e-06 9.142307e-07
-3.995989e-07 1.476343e-06
5.783840e-07 1.515034e-06
1.376578e-06 8.811194e-07
1.575526e-06 -6.666649e-08
1.234207e-06 -8.514694e-07
6.422066e-07 -1.326253e-06
-1.050021e-07 -1.536558e-06
-9.984279e-07 -1.335472e-06
-1.705043e-06 -5.122819e-07
-1.678535e-06 6.847612e-07
-8.166563e-07 1.528014e-06
2.799510e-07 1.520728e-06
9.262557e-07 9.145725e-07
1.046129e-06 3.025662e-07
1.007073e-06 -1.219382e-07
9.233580e-07 -5.906231e-07
5.072367e-07 -1.125355e-06
-3.328138e-07 -1.286730e-06
-1.105431e-06 -7.394271e-07
-1.212305e-06 1.901584e-07
-6.563571e-07 8.050896e-07
-7.668644e-09 8.036459e-07
2.943055e-07 5.014791e-07
3.452675e-07 2.972642e-07
4.334792e-07 1.866233e-07
5.476695e-07 -5.945867e-08
4.327809e-07 -4.265229e-07
3.078278e-08 -6.105970e-07
-3.695400e-07 -4.219766e-07
-4.672344e-07 -3.926827e-08
-2.823282e-07 2.143593e-07
-6.739593e-08 2.307483e-07
1.911100e-08 1.535800e-07
3.604358e-08 1.249842e-07
8.956837e-08 1.222551e-07
1.634754e-07 5.667847e-08
1.645849e-07 -6.586212e-08
6.929056e-08 -1.484121e-07
-4.327374e-08 -1.304190e-07
-9.072221e-08 -5.174145e-08
-7.039146e-08 1.016653e-08
-3.528134e-08 2.563345e-08
-2.138384e-08 2.067097e-08
-2.011253e-08 2.530428e-08
-8.297638e-09 3.841014e-08
1.724184e-08 3.984790e-08
3.854615e-08 2.021329e-08
3.921906e-08 -8.452728e-09
2.132648e-08 -2.666776e-08
