9.172098e-07 1.829456e-07
1.620349e-06 -1.183792e-06
3.032940e-07 -2.871712e-06
-2.120267e-06 -2.343778e-06
-2.901808e-06 3.468070e-08
-1.518255e-06 1.787603e-06
2.648305e-07 1.642374e-06
8.375019e-07 4.885915e-07
3.078208e-07 -1.491096e-07
-1.372937e-07 1.379859e-07
1.691434e-07 5.452660e-07
7.549620e-07 2.949137e-07
8.011773e-07 -4.429187e-07
1.730516e-07 -8.852403e-07
-4.977775e-07 -6.173693e-07
-6.153142e-07 -1.352733e-08
-2.651951e-07 2.966819e-07
1.517718e-08 1.684886e-07
-5.011028e-08 -5.605965e-09
-2.014746e-07 1.047063e-07
-8.344742e-08 3.455740e-07
2.528680e-07 3.427645e-07
4.376099e-07 2.691658e-08
2.770679e-07 -2.886567e-07
-2.779269e-08 -3.223304e-07
-1.755916e-07 -1.401624e-07
-1.219320e-07 8.652958e-10
-5.053996e-08 -2.756691e-09
-8.023827e-08 -3.171629e-08
-1.330467e-07 3.160023e-08
-8.891949e-08 1.385769e-07
3.814826e-08 1.644316e-07
1.313050e-07 7.984989e-08
1.226851e-07 -2.854683e-08
5.330975e-08 -7.596471e-08
-1.747407e-09 -6.066760e-08
-1.582630e-08 -3.150026e-08
-1.088858e-08 -2.013858e-08
-1.225294e-08 -2.241246e-08
-2.470363e-08 -2.125891e-08
-3.799875e-08 -6.701580e-09
-3.802958e-08 1.842483e-08
-1.782143e-08 3.875077e-08
1.169359e-08 3.709143e-08
2.699876e-08 1.456997e-08
1.782307e-08 -5.330510e-09
2.473337e-09 -3.335714e-09
5.604366e-09 9.511614e-09
2.376358e-08 5.619112e-09
2.794474e-08 -1.991637e-08
3.430700e-09 -3.926267e-08
-2.762728e-08 -2.775385e-08
-3.369777e-08 2.816397e-09
-1.423741e-08 1.974626e-08
2.288336e-09 1.204079e-08
-1.541644e-09 1.430688e-09
-1.029300e-08 8.589833e-09
-8.787209e-10 2.334279e-08
2.240377e-08 1.992112e-08
3.220775e-08 -5.480382e-09
1.504887e-08 -2.755465e-08
