1.041598e-07 2.204542e-08
1.449974e-07 -7.585420e-08
8.581955e-08 -1.904891e-07
-5.469927e-08 -2.269849e-07
-1.854007e-07 -1.465246e-07
-2.204715e-07 -8.475169e-10
-1.541557e-07 1.147693e-07
-5.226008e-08 1.510012e-07
2.636166e-08 1.285650e-07
7.049831e-08 8.577309e-08
9.034999e-08 3.875057e-08
8.858408e-08 -8.575733e-09
6.491525e-08 -4.646523e-08
2.849990e-08 -6.383116e-08
-5.795133e-09 -5.947062e-08
-2.784951e-08 -4.165407e-08
-3.581164e-08 -2.088772e-08
-3.415992e-08 -4.673782e-09
-2.993826e-08 5.633363e-09
-2.657829e-08 1.462093e-08
-2.011480e-08 2.592324e-08
-5.118227e-09 3.490179e-08
1.507345e-08 3.239031e-08
2.872499e-08 1.697973e-08
2.855680e-08 -1.009469e-09
2.019358e-08 -1.095225e-08
1.394573e-08 -1.389481e-08
1.083678e-08 -1.846751e-08
2.396261e-09 -2.627666e-08
-1.508243e-08 -2.738126e-08
-3.148346e-08 -1.309246e-08
-3.246172e-08 1.046745e-08
-1.637222e-08 2.661835e-08
3.168323e-09 2.589929e-08
1.274235e-08 1.526740e-08
1.309607e-08 7.432793e-09
1.420526e-08 4.702128e-09
1.901040e-08 -1.442927e-09
1.835219e-08 -1.513563e-08
4.341612e-09 -2.673732e-08
-1.604651e-08 -2.315268e-08
-2.644359e-08 -4.860174e-09
-1.951156e-08 1.313581e-08
-4.583768e-09 1.815047e-08
4.875912e-09 1.265248e-08
6.670218e-09 7.361969e-09
8.280045e-09 5.799071e-09
1.279955e-08 1.810944e-09
1.350755e-08 -8.108663e-09
4.409105e-09 -1.683743e-08
-9.233356e-09 -1.490601e-08
-1.587581e-08 -3.196880e-09
-1.129953e-08 7.728556e-09
-2.396931e-09 1.024293e-08
2.705674e-09 6.904276e-09
3.644854e-09 4.140596e-09
4.806094e-09 3.134841e-09
7.005375e-09 4.159064e-10
6.462367e-09 -4.784558e-09
1.332125e-09 -8.221539e-09
-4.675606e-09 -6.279723e-09
