-1.267610e-06 1.902759e-07
-1.908359e-06 1.893507e-06
-1.715532e-07 4.260138e-06
3.737172e-06 3.869790e-06
5.725063e-06 -1.968341e-07
3.399521e-06 -4.130436e-06
-6.855146e-07 -4.393926e-06
-2.704267e-06 -1.836257e-06
-2.028016e-06 3.165995e-07
-8.083626e-07 6.413485e-07
-5.750698e-07 2.902020e-07
-7.917882e-07 5.538943e-07
-3.957167e-07 1.181297e-06
5.508403e-07 1.205252e-06
1.147838e-06 4.404344e-07
9.365392e-07 -3.913869e-07
3.340434e-07 -6.647005e-07
-4.968013e-08 -4.776563e-07
-1.023720e-07 -2.927235e-07
-1.246244e-07 -2.948808e-07
-3.027321e-07 -2.816433e-07
-4.796394e-07 -5.603200e-08
-4.178551e-07 2.784974e-07
-1.238231e-07 4.570539e-07
1.720808e-07 3.721040e-07
2.900900e-07 1.575906e-07
2.563048e-07 -9.618745e-09
1.904428e-07 -9.184947e-08
1.349052e-07 -1.503867e-07
4.994154e-08 -2.038939e-07
-7.304512e-08 -2.010533e-07
-1.709215e-07 -1.136837e-07
-1.847882e-07 9.640897e-09
-1.252564e-07 9.800381e-08
-4.452368e-08 1.264686e-07
2.225744e-08 1.122518e-07
6.635161e-08 7.447235e-08
8.285118e-08 2.487926e-08
6.959010e-08 -1.882562e-08
4.070421e-08 -3.997277e-08
1.694339e-08 -4.167826e-08
2.273927e-09 -3.976007e-08
-1.368547e-08 -3.775811e-08
-3.128821e-08 -2.546275e-08
-3.663308e-08 -2.446273e-09
-2.478955e-08 1.493728e-08
-1.049212e-08 1.628470e-08
-7.141597e-09 1.217085e-08
-7.775714e-09 1.643180e-08
1.581799e-09 2.417447e-08
1.813483e-08 2.024254e-08
2.564178e-08 3.725610e-09
1.849855e-08 -1.010019e-08
8.742193e-09 -1.213451e-08
6.572760e-09 -1.082470e-08
5.562962e-09 -1.628441e-08
-5.404037e-09 -2.285714e-08
-2.254986e-08 -1.665399e-08
-2.945353e-08 3.406581e-09
-1.804140e-08 2.158793e-08
9.204894e-10 2.389850e-08
