-1.452083e-06 9.923133e-07
-6.014713e-07 3.195049e-06
2.721579e-06 3.719377e-06
5.288687e-06 5.235865e-07
3.819070e-06 -3.603711e-06
-2.168541e-07 -4.572659e-06
-2.780430e-06 -2.177329e-06
-2.304050e-06 4.087882e-07
-7.052450e-07 9.680659e-07
-1.607014e-07 2.855104e-07
-6.056524e-07 1.421131e-07
-6.639274e-07 8.288512e-07
1.615301e-07 1.257821e-06
1.033062e-06 7.334550e-07
1.088156e-06 -2.258191e-07
4.616039e-07 -7.250239e-07
-9.612155e-08 -5.594912e-07
-1.876475e-07 -2.280625e-07
-7.173025e-08 -1.655994e-07
-1.411879e-07 -2.719508e-07
-3.888399e-07 -1.962403e-07
-4.872304e-07 1.385712e-07
-2.562755e-07 4.475109e-07
1.168290e-07 4.574613e-07
3.274019e-07 2.149265e-07
2.935457e-07 -2.535049e-08
1.711894e-07 -1.163647e-07
1.030033e-07 -1.240783e-07
6.770882e-08 -1.547617e-07
-1.645101e-08 -1.938919e-07
-1.377074e-07 -1.576814e-07
-2.027573e-07 -3.459031e-08
-1.617250e-07 9.242600e-08
-5.982258e-08 1.459926e-07
2.864560e-08 1.242883e-07
7.148664e-08 7.163373e-08
7.779120e-08 2.213584e-08
6.411854e-08 -1.304900e-08
4.253549e-08 -3.185708e-08
2.315288e-08 -3.790749e-08
8.334762e-09 -4.021412e-08
-8.986161e-09 -4.116283e-08
-2.991432e-08 -3.135783e-08
-4.047057e-08 -6.883417e-09
-2.958784e-08 1.666217e-08
-9.081539e-09 2.091471e-08
-9.727034e-10 1.059869e-08
-7.386995e-09 7.555123e-09
-8.323553e-09 1.910350e-08
8.081290e-09 2.743038e-08
2.738268e-08 1.587895e-08
2.898601e-08 -6.873668e-09
1.410914e-08 -1.929035e-08
1.599313e-09 -1.604134e-08
3.269183e-10 -1.157788e-08
-8.102771e-10 -1.581002e-08
-1.279661e-08 -1.909504e-08
-2.745963e-08 -7.507973e-09
-2.704299e-08 1.489375e-08
-8.351130e-09 2.871860e-08
1.211766e-08 2.291670e-08
