-5.430431e-09 -3.029668e-08
-4.816835e-08 -5.705509e-08
-1.288562e-07 -3.224381e-08
-1.644897e-07 8.178071e-08
-7.290774e-08 1.986093e-07
8.862605e-08 1.940120e-07
1.807489e-07 6.834200e-08
1.462322e-07 -6.195563e-08
5.133700e-08 -1.063247e-07
-1.421852e-08 -7.700239e-08
-2.636751e-08 -3.824503e-08
-1.882947e-08 -2.656140e-08
-2.559999e-08 -2.996195e-08
-4.667825e-08 -1.976658e-08
-5.676023e-08 1.302908e-08
-3.637559e-08 4.796105e-08
4.719486e-09 5.610510e-08
3.487041e-08 3.160209e-08
3.364982e-08 -3.035402e-10
1.406817e-08 -1.118614e-08
5.207918e-09 -1.752628e-09
1.540290e-08 2.327169e-09
2.323886e-08 -1.368201e-08
8.195609e-09 -3.315325e-08
-2.010935e-08 -3.025289e-08
-3.323317e-08 -4.730630e-09
-2.026328e-08 1.725586e-08
-5.071037e-10 1.670095e-08
3.387456e-09 4.276185e-09
-5.478857e-09 2.681155e-09
-5.712173e-09 1.456225e-08
1.046823e-08 1.998165e-08
2.552545e-08 5.486111e-09
2.042586e-08 -1.626046e-08
2.821313e-10 -2.284529e-08
-1.298218e-08 -1.098799e-08
-9.444222e-09 1.387638e-09
-1.634482e-09 8.179132e-10
-4.165151e-09 -4.862968e-09
-1.272330e-08 -5.458628e-10
-1.138879e-08 1.290999e-08
3.573814e-09 1.915765e-08
1.736633e-08 8.902355e-09
1.586699e-08 -7.431663e-09
3.188292e-09 -1.356444e-08
-5.550175e-09 -7.490108e-09
-4.289802e-09 -9.557077e-10
-1.143321e-09 -1.615761e-09
-3.979747e-09 -3.916165e-09
-8.801120e-09 2.663710e-10
-6.643501e-09 8.551533e-09
2.682823e-09 1.121159e-08
9.912347e-09 4.702930e-09
8.504493e-09 -3.944253e-09
2.067303e-09 -6.757904e-09
-1.914832e-09 -4.045243e-09
-1.652620e-09 -1.586817e-09
-1.155927e-09 -1.893518e-09
-2.945416e-09 -2.055005e-09
-4.620606e-09 5.593756e-10
-3.048441e-09 4.076064e-09
