-4.417341e-07 -8.872387e-08
-5.453482e-07 3.832228e-07
-1.252821e-07 8.378993e-07
5.830338e-07 7.497290e-07
9.414475e-07 9.446511e-08
6.373860e-07 -5.419210e-07
5.570228e-08 -6.447991e-07
-2.397531e-07 -3.433845e-07
-1.760326e-07 -1.231530e-07
-1.171337e-07 -1.608933e-07
-2.768569e-07 -1.863661e-07
-4.421884e-07 4.490013e-08
-3.175250e-07 3.822714e-07
5.062797e-08 4.867375e-07
3.358410e-07 2.706811e-07
3.385378e-07 -2.457649e-08
1.764031e-07 -1.560260e-07
6.523995e-08 -1.357606e-07
4.630262e-08 -1.212048e-07
7.255472e-09 -1.637624e-07
-1.048358e-07 -1.680334e-07
-2.016468e-07 -6.332860e-08
-1.832267e-07 8.542897e-08
-6.802208e-08 1.618352e-07
4.190499e-08 1.327602e-07
8.181695e-08 6.002611e-08
6.955598e-08 9.244755e-09
5.059154e-08 -9.978355e-09
4.106213e-08 -2.075867e-08
3.034693e-08 -3.468068e-08
1.074828e-08 -4.458245e-08
-1.262406e-08 -4.223497e-08
-3.068070e-08 -2.741201e-08
-3.664703e-08 -5.633968e-09
-2.825999e-08 1.354777e-08
-1.195734e-08 2.029506e-08
-1.077814e-09 1.442557e-08
-2.107972e-09 8.509656e-09
-5.226499e-09 1.333583e-08
3.467831e-09 2.224316e-08
2.138924e-08 1.851873e-08
3.024240e-08 -1.207963e-09
1.960931e-08 -2.019934e-08
1.034235e-09 -2.248578e-08
-7.593289e-09 -1.277168e-08
-5.388534e-09 -7.592478e-09
-6.686168e-09 -1.096786e-08
-1.758083e-08 -9.613993e-09
-2.513996e-08 5.832446e-09
-1.503962e-08 2.447092e-08
7.304533e-09 2.744767e-08
2.192848e-08 1.213826e-08
1.876626e-08 -4.957403e-09
8.066244e-09 -9.836404e-09
3.887417e-09 -6.961604e-09
5.033528e-09 -8.754492e-09
-1.977358e-10 -1.538196e-08
-1.378146e-08 -1.423681e-08
-2.227838e-08 6.114296e-10
-1.428612e-08 1.741117e-08
3.581224e-09 2.032684e-08
