2.177651e-08 4.829363e-08
7.222584e-08 4.739193e-08
1.272016e-07 -5.081745e-09
1.236934e-07 -1.100950e-07
2.154534e-08 -1.889992e-07
-1.150494e-07 -1.575169e-07
-1.757888e-07 -3.813527e-08
-1.356553e-07 6.497317e-08
-6.793907e-08 9.788853e-08
-2.779085e-08 1.012119e-07
1.091802e-08 1.160154e-07
8.203178e-08 1.114831e-07
1.483054e-07 4.225651e-08
1.426966e-07 -6.489227e-08
6.219824e-08 -1.312955e-07
-2.586063e-08 -1.205237e-07
-6.704774e-08 -7.132549e-08
-7.237037e-08 -3.506005e-08
-8.013632e-08 -1.417275e-08
-9.437099e-08 2.211001e-08
-8.184650e-08 8.103881e-08
-2.114380e-08 1.269806e-07
6.287111e-08 1.187566e-07
1.188677e-07 5.575019e-08
1.191726e-07 -1.994562e-08
8.338963e-08 -6.796263e-08
4.690994e-08 -8.912827e-08
1.248117e-08 -1.090520e-07
-4.739205e-08 -1.245889e-07
-1.322713e-07 -9.173986e-08
-1.825304e-07 1.291292e-08
-1.368722e-07 1.358230e-07
-1.465780e-08 1.869384e-07
9.428810e-08 1.392869e-07
1.306193e-07 5.466228e-08
1.220674e-07 -3.370784e-09
1.179657e-07 -4.583680e-08
1.023398e-07 -1.136284e-07
2.081994e-08 -1.825107e-07
-1.146678e-07 -1.702333e-07
-2.049530e-07 -4.898362e-08
-1.729236e-07 9.719538e-08
-5.743046e-08 1.608340e-07
3.838663e-08 1.294846e-07
7.092352e-08 7.644522e-08
8.305037e-08 4.853228e-08
1.114940e-07 1.487064e-08
1.207451e-07 -5.981740e-08
5.912078e-08 -1.372803e-07
-5.131610e-08 -1.424777e-07
-1.256026e-07 -6.240207e-08
-1.137707e-07 3.321911e-08
-5.173141e-08 7.499728e-08
-4.287683e-09 6.509198e-08
1.239240e-08 4.963382e-08
2.796973e-08 4.645365e-08
5.619713e-08 3.106243e-08
7.011992e-08 -1.222369e-08
4.358309e-08 -5.699006e-08
-7.580874e-09 -6.546354e-08
-4.241553e-08 -3.532897e-08
