-6.051380e-08 -4.327757e-08
-1.177544e-07 1.342322e-08
-1.014568e-07 1.144677e-07
2.620007e-09 1.668239e-07
1.105455e-07 1.148562e-07
1.357551e-07 7.082380e-09
7.980486e-08 -6.532952e-08
1.310545e-08 -6.609680e-08
-1.092185e-08 -3.301925e-08
-9.627042e-10 -1.735437e-08
3.065097e-09 -2.840696e-08
-1.725417e-08 -3.775340e-08
-4.320213e-08 -2.116659e-08
-4.607497e-08 1.324049e-08
-2.113627e-08 3.598630e-08
7.463211e-09 2.980281e-08
1.418680e-08 8.409672e-09
8.226302e-10 -2.917967e-10
-6.942351e-09 1.242842e-08
8.172758e-09 2.578242e-08
3.261735e-08 1.552243e-08
3.767697e-08 -1.494203e-08
1.456428e-08 -3.720509e-08
-1.470080e-08 -3.143892e-08
-2.410767e-08 -8.923757e-09
-1.389156e-08 4.272394e-09
-6.154954e-09 4.109046e-10
-1.322259e-08 -3.010876e-09
-2.125996e-08 9.732944e-09
-1.046145e-08 2.882296e-08
1.599096e-08 3.048077e-08
3.339440e-08 8.312356e-09
2.555172e-08 -1.740892e-08
3.697725e-09 -2.436590e-08
-9.476259e-09 -1.372619e-08
-7.827710e-09 -4.117990e-09
-4.896916e-09 -4.940567e-09
-1.096408e-08 -6.080447e-09
-1.764074e-08 3.945399e-09
-1.075115e-08 1.887747e-08
7.959895e-09 2.169033e-08
2.102233e-08 7.361764e-09
1.672805e-08 -1.011417e-08
2.547344e-09 -1.521070e-08
-6.237370e-09 -8.491773e-09
-5.446498e-09 -2.046059e-09
-3.417912e-09 -1.853433e-09
-6.144367e-09 -2.030907e-09
-8.742315e-09 3.480009e-09
-4.063805e-09 1.058793e-08
5.723422e-09 1.057360e-08
1.126297e-08 2.328172e-09
7.893401e-09 -6.109814e-09
5.992820e-10 -7.759087e-09
-3.363059e-09 -4.089272e-09
-2.865459e-09 -9.709907e-10
-1.884695e-09 -6.396854e-10
-2.695717e-09 -5.030729e-10
-3.330907e-09 1.552592e-09
-1.476773e-09 3.879228e-09
1.819940e-09 3.690799e-09
