-2.345880e-06 1.857773e-06
-2.744130e-06 4.367797e-06
-4.068359e-07 8.704809e-06
7.429596e-06 1.002808e-05
1.484851e-05 2.490685e-06
1.276284e-05 -9.339924e-06
2.070990e-06 -1.469312e-05
-7.481988e-06 -1.014722e-05
-9.556877e-06 -2.092738e-06
-6.534527e-06 2.740417e-06
-3.468952e-06 3.909400e-06
-1.667596e-06 4.273018e-06
3.974261e-07 4.662148e-06
2.981182e-06 3.713909e-06
4.410232e-06 1.056786e-06
3.636536e-06 -1.702884e-06
1.556052e-06 -2.964366e-06
-3.104103e-07 -2.680995e-06
-1.337406e-06 -1.738317e-06
-1.715187e-06 -7.322147e-07
-1.639787e-06 2.085153e-07
-1.130094e-06 9.409149e-07
-3.593364e-07 1.218641e-06
3.043732e-07 1.009006e-06
6.256427e-07 5.749766e-07
6.674079e-07 1.894067e-07
6.005149e-07 -8.697077e-08
4.808117e-07 -3.179322e-07
2.641997e-07 -5.034860e-07
-4.244744e-08 -5.540424e-07
-3.256185e-07 -4.131272e-07
-4.574426e-07 -1.444743e-07
-4.075165e-07 1.150559e-07
-2.507982e-07 2.688651e-07
-8.001915e-08 3.138394e-07
6.779777e-08 2.915900e-07
1.941533e-07 2.175511e-07
2.775832e-07 8.286863e-08
2.691184e-07 -8.641231e-08
1.563369e-07 -2.135940e-07
6.225426e-10 -2.359804e-07
-1.135775e-07 -1.662297e-07
-1.535055e-07 -6.884955e-08
-1.434865e-07 1.038450e-08
-1.112402e-07 6.817755e-08
-5.982916e-08 1.080888e-07
7.305460e-09 1.161567e-07
6.477958e-08 8.299026e-08
8.606962e-08 2.749628e-08
7.176501e-08 -1.882237e-08
4.306433e-08 -4.165218e-08
1.620500e-08 -4.646554e-08
-4.728736e-09 -4.106424e-08
-1.806788e-08 -2.942695e-08
-2.283341e-08 -1.733923e-08
-2.429531e-08 -9.512112e-09
-2.823400e-08 -1.548808e-09
-2.946711e-08 1.349569e-08
-1.751149e-08 3.000174e-08
4.824321e-09 3.287170e-08
2.015621e-08 1.878599e-08
