1.806664e-06 6.081963e-07
2.495113e-06 -1.292196e-06
9.737163e-07 -3.081139e-06
-1.371581e-06 -2.740870e-06
-2.344191e-06 -8.756029e-07
-1.666043e-06 6.118815e-07
-6.193697e-07 8.544840e-07
-2.534888e-07 4.877464e-07
-3.982663e-07 4.677731e-07
-2.563975e-07 8.822859e-07
4.315726e-07 1.045982e-06
1.093497e-06 5.059991e-07
1.084927e-06 -3.775018e-07
4.484681e-07 -8.827341e-07
-2.008392e-07 -7.376003e-07
-4.058892e-07 -3.163354e-07
-2.929320e-07 -9.377827e-08
-2.561542e-07 -1.021254e-07
-3.956537e-07 -2.680947e-08
-4.331396e-07 2.768666e-07
-1.481909e-07 5.586556e-07
2.873868e-07 5.035954e-07
5.068702e-07 1.406001e-07
3.809289e-07 -2.024386e-07
1.200801e-07 -2.931100e-07
-2.920881e-08 -2.078461e-07
-5.315918e-08 -1.429216e-07
-8.879369e-08 -1.425184e-07
-1.802517e-07 -9.986492e-08
-2.254063e-07 3.775498e-08
-1.413398e-07 1.772263e-07
1.459632e-08 2.028182e-07
1.191266e-07 1.153668e-07
1.224013e-07 1.061028e-08
7.276146e-08 -3.957478e-08
3.342562e-08 -4.146434e-08
1.967626e-08 -3.471087e-08
1.279559e-08 -3.779934e-08
-1.869481e-09 -4.363512e-08
-2.345521e-08 -4.045033e-08
-4.242311e-08 -2.271697e-08
-4.644316e-08 5.581123e-09
-2.972767e-08 2.899866e-08
-4.308051e-09 3.153778e-08
7.654122e-09 1.693568e-08
7.918401e-10 8.372407e-09
-3.751248e-09 1.875631e-08
1.353589e-08 3.023179e-08
4.010582e-08 1.652806e-08
4.411938e-08 -1.897410e-08
1.635695e-08 -4.352517e-08
-1.640904e-08 -3.570700e-08
-2.560851e-08 -1.116292e-08
-1.535416e-08 1.062312e-09
-1.104480e-08 -2.929181e-09
-2.096819e-08 -1.427245e-09
-2.541292e-08 1.762690e-08
-6.662620e-09 3.677117e-08
2.356016e-08 3.164281e-08
3.700732e-08 3.857119e-09
2.372609e-08 -2.042220e-08
