7.581931e-08 9.340585e-08
2.133905e-07 6.495803e-08
3.249307e-07 -1.312050e-07
2.045888e-07 -4.177501e-07
-1.580635e-07 -5.130661e-07
-4.808777e-07 -2.726178e-07
-5.014805e-07 1.131724e-07
-2.650098e-07 3.407251e-07
-2.979731e-08 3.251869e-07
5.166946e-08 2.373944e-07
7.799775e-08 2.427618e-07
2.198590e-07 2.800875e-07
4.509514e-07 1.473676e-07
5.305823e-07 -2.063195e-07
2.859044e-07 -5.502141e-07
-1.467524e-07 -5.997367e-07
-4.496842e-07 -3.405154e-07
-4.788134e-07 -2.613434e-08
-3.792793e-07 1.526097e-07
-3.137142e-07 2.684354e-07
-2.100116e-07 4.512345e-07
9.041983e-08 5.993519e-07
5.060109e-07 4.671849e-07
7.198819e-07 2.611801e-08
5.462913e-07 -4.306628e-07
1.498294e-07 -6.083657e-07
-1.793978e-07 -5.120108e-07
-3.531881e-07 -3.347525e-07
-4.657661e-07 -1.531359e-07
-5.279430e-07 1.068150e-07
-4.048715e-07 4.284238e-07
-5.120939e-08 6.090843e-07
3.383193e-07 4.856083e-07
5.136410e-07 1.513605e-07
4.339435e-07 -1.510224e-07
2.528035e-07 -2.985190e-07
8.626125e-08 -3.475233e-07
-8.554495e-08 -3.546485e-07
-2.800944e-07 -2.679809e-07
-3.975989e-07 -4.482159e-08
-3.246120e-07 2.137122e-07
-9.895700e-08 3.375580e-07
1.134983e-07 2.740012e-07
1.990660e-07 1.272175e-07
1.875657e-07 1.361937e-08
1.576413e-07 -5.494475e-08
1.195187e-07 -1.212096e-07
3.562504e-08 -1.761661e-07
-8.207384e-08 -1.618032e-07
-1.578877e-07 -6.443508e-08
-1.399088e-07 4.894340e-08
-6.038168e-08 1.023618e-07
8.909990e-09 8.785043e-08
3.587901e-08 5.229084e-08
4.111053e-08 2.961892e-08
4.824110e-08 1.278045e-08
5.099776e-08 -1.388481e-08
3.289962e-08 -4.201799e-08
-1.472613e-09 -4.980612e-08
-2.878619e-08 -3.179092e-08
-3.363765e-08 -5.027262e-09
