-4.970878e-06 9.861815e-06
6.049223e-06 1.483171e-05
1.844446e-05 6.364271e-06
1.823870e-05 -1.037562e-05
4.122439e-06 -1.987867e-05
-1.051377e-05 -1.411749e-05
-1.328714e-05 -1.419926e-06
-6.661870e-06 5.011509e-06
-1.902624e-06 3.194620e-06
-3.204505e-06 1.622695e-06
-4.170688e-06 5.258064e-06
8.066348e-07 8.978960e-06
7.954762e-06 6.072439e-06
9.553174e-06 -1.908406e-06
4.230632e-06 -7.337056e-06
-2.016623e-06 -6.223374e-06
-3.883194e-06 -1.949362e-06
-2.241620e-06 3.900558e-07
-1.058328e-06 7.137365e-08
-1.674147e-06 -1.286437e-07
-2.091174e-06 1.259820e-06
-7.017326e-07 2.699146e-06
1.448024e-06 2.321796e-06
2.339901e-06 4.668390e-07
1.532992e-06 -1.054995e-06
2.730675e-07 -1.249693e-06
-2.971044e-07 -6.846616e-07
-2.271719e-07 -3.182880e-07
-1.790299e-07 -3.506200e-07
-4.150888e-07 -3.488144e-07
-6.317121e-07 -3.405571e-08
-5.110201e-07 3.912806e-07
-1.199771e-07 5.791839e-07
2.322080e-07 4.424104e-07
3.515580e-07 1.743095e-07
2.947280e-07 -1.543273e-08
2.169856e-07 -9.303940e-08
1.760239e-07 -1.504243e-07
1.081678e-07 -2.368410e-07
-4.155090e-08 -2.879123e-07
-2.177524e-07 -2.159914e-07
-3.015496e-07 -3.170783e-08
-2.369831e-07 1.531661e-07
-8.291543e-08 2.347883e-07
5.728221e-08 2.032882e-07
1.301850e-07 1.198974e-07
1.481850e-07 3.833955e-08
1.381072e-07 -3.047515e-08
1.038608e-07 -9.101931e-08
3.991111e-08 -1.309498e-07
-3.993434e-08 -1.273771e-07
-1.012198e-07 -7.521496e-08
-1.146147e-07 3.747487e-10
-7.951598e-08 6.016487e-08
-2.372354e-08 7.908744e-08
1.936080e-08 6.188792e-08
3.574809e-08 3.332717e-08
3.532486e-08 1.299211e-08
3.313280e-08 8.408239e-10
3.080845e-08 -1.238661e-08
2.028131e-08 -2.650608e-08
