9.147148e-09 -3.228121e-08
-1.577449e-08 -7.385019e-08
-9.156393e-08 -9.382611e-08
-1.808830e-07 -2.530707e-08
-1.780355e-07 1.184597e-07
-4.910982e-08 2.136854e-07
1.028477e-07 1.738076e-07
1.618300e-07 4.979656e-08
1.203595e-07 -4.937800e-08
5.120717e-08 -7.713761e-08
9.439813e-09 -6.324627e-08
-5.333397e-09 -4.929715e-08
-1.704345e-08 -4.557702e-08
-3.675676e-08 -3.859753e-08
-5.527473e-08 -1.587728e-08
-5.565252e-08 1.886190e-08
-3.128604e-08 4.641566e-08
3.716854e-09 4.873822e-08
2.531473e-08 2.849292e-08
2.440838e-08 7.603125e-09
1.585482e-08 2.078581e-09
1.749552e-08 3.949991e-09
2.588916e-08 -4.760798e-09
2.208945e-08 -2.454198e-08
-2.319684e-10 -3.561444e-08
-2.350031e-08 -2.411583e-08
-2.770314e-08 -1.117948e-09
-1.515922e-08 1.155008e-08
-5.135829e-09 8.777273e-09
-6.918118e-09 5.540064e-09
-8.934458e-09 1.305895e-08
2.054036e-09 2.204905e-08
1.980616e-08 1.624311e-08
2.550016e-08 -3.522844e-09
1.283961e-08 -1.871911e-08
-3.654780e-09 -1.672812e-08
-8.130811e-09 -5.877780e-09
-3.135838e-09 -1.990620e-09
-2.945963e-09 -6.401315e-09
-1.144954e-08 -6.070204e-09
-1.630760e-08 5.715574e-09
-6.961997e-09 1.814804e-08
9.544401e-09 1.683282e-08
1.698757e-08 2.941960e-09
1.038484e-08 -8.711765e-09
5.025963e-10 -8.895512e-09
-2.035260e-09 -3.673240e-09
2.335768e-10 -3.004518e-09
-1.603770e-09 -6.263986e-09
-8.174716e-09 -4.870742e-09
-1.077181e-08 3.629289e-09
-4.225230e-09 1.110709e-08
5.515378e-09 9.684555e-09
9.213586e-09 1.771215e-09
5.630545e-09 -4.069903e-09
1.125755e-09 -4.171587e-09
1.027004e-10 -2.413952e-09
3.844866e-10 -2.822980e-09
-1.577290e-09 -3.975700e-09
-4.776021e-09 -2.296376e-09
-5.287382e-09 1.998812e-09
