-7.338511e-08 1.484266e-07
7.436568e-08 2.473160e-07
2.821700e-07 1.674841e-07
3.473378e-07 -7.169083e-08
2.001586e-07 -2.717536e-07
-2.105756e-08 -2.870621e-07
-1.451990e-07 -1.677194e-07
-1.501719e-07 -5.806578e-08
-1.312385e-07 -1.069293e-08
-1.361309e-07 3.371279e-08
-1.139207e-07 1.112742e-07
-2.284774e-08 1.659929e-07
8.717386e-08 1.335382e-07
1.322540e-07 3.575650e-08
9.509651e-08 -4.550224e-08
3.268573e-08 -6.309988e-08
7.516678e-10 -4.072221e-08
1.492179e-09 -2.496551e-08
3.352698e-09 -3.083379e-08
-1.284231e-08 -3.918396e-08
-3.720925e-08 -2.908809e-08
-4.810657e-08 -1.019535e-09
-3.567863e-08 2.637552e-08
-1.033947e-08 3.523852e-08
7.861060e-09 2.504975e-08
9.186842e-09 1.232323e-08
4.111322e-09 1.207618e-08
1.018629e-08 1.966617e-08
2.859433e-08 1.581631e-08
3.954922e-08 -8.160897e-09
2.537064e-08 -3.579791e-08
-6.217219e-09 -4.226816e-08
-2.910733e-08 -2.323804e-08
-2.849948e-08 7.478152e-10
-1.574258e-08 9.911762e-09
-1.021142e-08 7.496671e-09
-1.336067e-08 1.052926e-08
-9.292311e-09 2.327537e-08
1.028842e-08 2.984136e-08
3.132077e-08 1.561315e-08
3.301013e-08 -1.157612e-08
1.329763e-08 -2.883045e-08
-8.846866e-09 -2.442605e-08
-1.633318e-08 -9.210857e-09
-1.185944e-08 -1.854167e-10
-9.186301e-09 4.095037e-10
-1.218765e-08 3.446488e-09
-1.077760e-08 1.360497e-08
2.156837e-09 2.061797e-08
1.779499e-08 1.313856e-08
2.096116e-08 -4.614599e-09
9.098551e-09 -1.669368e-08
-5.032737e-09 -1.437103e-08
-9.612058e-09 -4.779887e-09
-6.427120e-09 7.068687e-10
-4.453476e-09 7.521396e-10
-5.923737e-09 2.177669e-09
-4.793594e-09 7.371343e-09
2.258859e-09 1.021381e-08
9.604160e-09 5.365690e-09
9.817658e-09 -3.564871e-09
