-1.423718e-06 1.409310e-06
2.532699e-07 3.614501e-06
4.207850e-06 3.377869e-06
7.287483e-06 -9.409215e-07
5.333047e-06 -7.415385e-06
-2.179082e-06 -9.934460e-06
-8.848538e-06 -4.898073e-06
-8.421203e-06 2.965161e-06
-2.766023e-06 6.214215e-06
1.147318e-06 3.958453e-06
6.742228e-07 1.747552e-06
-2.071218e-08 2.958717e-06
2.825083e-06 4.307359e-06
6.622912e-06 1.374480e-06
6.075404e-06 -4.417780e-06
7.116854e-07 -7.328343e-06
-4.348582e-06 -4.739381e-06
-4.939934e-06 -8.442949e-08
-2.417843e-06 2.077890e-06
-7.231268e-07 1.457386e-06
-9.784418e-07 1.015539e-06
-9.690124e-07 2.124163e-06
8.422845e-07 2.961860e-06
2.978671e-06 1.630601e-06
3.130480e-06 -1.021212e-06
1.224239e-06 -2.583670e-06
-7.463450e-07 -2.090582e-06
-1.318205e-06 -7.480420e-07
-9.062559e-07 -5.526667e-09
-6.270056e-07 5.501635e-08
-7.275494e-07 2.009686e-07
-6.299058e-07 6.888863e-07
-3.296387e-08 1.006237e-06
6.357859e-07 7.240909e-07
8.289510e-07 7.773614e-08
5.251613e-07 -3.882195e-07
1.251196e-07 -4.477609e-07
-7.285827e-08 -2.978054e-07
-1.059369e-07 -1.909655e-07
-1.412387e-07 -1.601626e-07
-2.203812e-07 -9.581317e-08
-2.522275e-07 4.617979e-08
-1.692621e-07 1.862627e-07
-1.668733e-08 2.279453e-07
1.044878e-07 1.627702e-07
1.411137e-07 6.215057e-08
1.201185e-07 -7.415269e-09
9.370953e-08 -4.110484e-08
7.493178e-08 -7.179258e-08
3.710622e-08 -1.090912e-07
-3.302306e-08 -1.210119e-07
-1.026337e-07 -7.757915e-08
-1.234382e-07 4.104413e-09
-8.458117e-08 7.231308e-08
-2.109025e-08 9.259491e-08
2.708135e-08 7.378133e-08
4.979836e-08 4.380003e-08
5.835281e-08 1.581094e-08
5.798408e-08 -1.341632e-08
4.208596e-08 -4.247425e-08
9.451376e-09 -5.774946e-08
