1.107348e-08 3.931320e-09
2.021016e-08 -1.090442e-08
1.307742e-08 -3.295894e-08
-1.215352e-08 -4.826637e-08
-5.088492e-08 -4.144941e-08
-7.972503e-08 -2.669054e-10
-6.777499e-08 5.712826e-08
-1.500091e-08 8.918111e-08
4.138945e-08 7.430486e-08
6.716998e-08 3.313514e-08
6.541656e-08 -1.853511e-09
5.815212e-08 -2.610605e-08
4.613313e-08 -5.446794e-08
1.077113e-08 -8.151934e-08
-4.519395e-08 -7.760277e-08
-8.528072e-08 -3.094887e-08
-7.962458e-08 2.837664e-08
-4.041682e-08 6.107697e-08
-2.172853e-09 6.101450e-08
2.075604e-08 4.933470e-08
3.883811e-08 3.717208e-08
5.666296e-08 1.520701e-08
5.954816e-08 -2.067645e-08
3.566719e-08 -5.299285e-08
-3.457386e-09 -6.049532e-08
-3.390718e-08 -4.221988e-08
-4.382181e-08 -1.544682e-08
-3.970049e-08 4.910186e-09
-3.259590e-08 1.788378e-08
-2.491683e-08 2.997266e-08
-1.066585e-08 4.284483e-08
1.443746e-08 4.842560e-08
4.342515e-08 3.563457e-08
5.947966e-08 3.631583e-09
5.042978e-08 -3.230293e-08
2.215033e-08 -5.269229e-08
-7.424723e-09 -5.249966e-08
-2.853952e-08 -4.212237e-08
-4.625103e-08 -2.821906e-08
-6.268645e-08 -3.180973e-09
-6.256316e-08 3.767181e-08
-2.940183e-08 7.560222e-08
2.622614e-08 8.032686e-08
6.914749e-08 4.460275e-08
7.522528e-08 -5.347606e-09
5.375854e-08 -3.983766e-08
2.738742e-08 -5.519983e-08
1.089451e-09 -6.343100e-08
-3.409718e-08 -6.235917e-08
-7.146658e-08 -3.510123e-08
-8.283864e-08 1.859783e-08
-5.096756e-08 6.772253e-08
4.398315e-09 7.881822e-08
4.538051e-08 5.180956e-08
5.554889e-08 1.517977e-08
4.836063e-08 -1.023381e-08
3.870067e-08 -2.826716e-08
2.230037e-08 -4.680629e-08
-9.100005e-09 -5.596115e-08
-4.401055e-08 -3.931195e-08
-5.735668e-08 -7.762959e-10
