-6.756364e-08 1.559695e-07
8.765158e-08 2.515051e-07
2.958713e-07 1.605108e-07
3.497058e-07 -8.566904e-08
1.905279e-07 -2.796830e-07
-3.144713e-08 -2.827570e-07
-1.464866e-07 -1.576145e-07
-1.433352e-07 -5.244493e-08
-1.244859e-07 -1.272860e-08
-1.347170e-07 2.907360e-08
-1.156851e-07 1.095285e-07
-2.297681e-08 1.669047e-07
8.958536e-08 1.330001e-07
1.335915e-07 3.183987e-08
9.215393e-08 -4.992847e-08
2.679342e-08 -6.365772e-08
-3.428854e-09 -3.648919e-08
2.122586e-09 -1.954173e-08
7.259961e-09 -2.850016e-08
-9.775278e-09 -4.056942e-08
-3.707253e-08 -3.118129e-08
-4.920179e-08 -1.167366e-09
-3.535069e-08 2.751048e-08
-8.501324e-09 3.514932e-08
8.885992e-09 2.295433e-08
7.876742e-09 1.016277e-08
1.676556e-09 1.198663e-08
8.984298e-09 2.142536e-08
2.935654e-08 1.734503e-08
4.083672e-08 -8.241110e-09
2.554907e-08 -3.679689e-08
-7.126187e-09 -4.260121e-08
-2.975221e-08 -2.239716e-08
-2.797600e-08 1.764299e-09
-1.459818e-08 9.953177e-09
-9.648845e-09 6.611763e-09
-1.377898e-08 9.767495e-09
-9.935893e-09 2.333994e-08
1.026239e-08 3.030392e-08
3.177182e-08 1.560150e-08
3.308239e-08 -1.217227e-08
1.262468e-08 -2.920840e-08
-9.600565e-09 -2.394815e-08
-1.630344e-08 -8.275786e-09
-1.107926e-08 2.536139e-10
-8.510943e-09 2.159892e-11
-1.219733e-08 2.842610e-09
-1.114488e-08 1.345138e-08
2.061761e-09 2.081023e-08
1.800038e-08 1.311782e-08
2.095019e-08 -4.962673e-09
8.652855e-09 -1.686951e-08
-5.461490e-09 -1.401049e-08
-9.510979e-09 -4.205739e-09
-5.911973e-09 8.994917e-10
-4.089874e-09 4.528865e-10
-5.993027e-09 1.823723e-09
-5.026278e-09 7.319576e-09
2.213175e-09 1.033833e-08
9.711210e-09 5.357610e-09
9.804226e-09 -3.725443e-09
