4.004570e-07 6.104220e-07
1.309658e-06 2.847843e-07
1.689714e-06 -1.131622e-06
4.109001e-07 -2.579384e-06
-1.823290e-06 -2.284178e-06
-2.887243e-06 -1.937529e-07
-1.851675e-06 1.704817e-06
-1.477463e-07 1.838965e-06
4.110566e-07 9.587974e-07
4.880668e-08 8.313948e-07
4.638507e-07 1.554376e-06
2.067992e-06 1.371092e-06
3.044068e-06 -6.579319e-07
1.724433e-06 -2.943285e-06
-9.889208e-07 -3.181953e-06
-2.603088e-06 -1.275497e-06
-2.094632e-06 6.556377e-07
-8.718857e-07 1.077574e-06
-5.247112e-07 7.276484e-07
-7.107218e-07 1.047778e-06
-4.885453e-08 1.883557e-06
1.543373e-06 1.756698e-06
2.523229e-06 1.287857e-07
1.769517e-06 -1.678033e-06
3.551010e-08 -2.116160e-06
-1.092434e-06 -1.222729e-06
-1.096827e-06 -2.483904e-07
-7.550811e-07 7.364531e-08
-7.444963e-07 1.709056e-07
-7.742865e-07 6.102776e-07
-2.757773e-07 1.135462e-06
5.999257e-07 1.073696e-06
1.117686e-06 3.328295e-07
8.940946e-07 -4.582971e-07
2.898454e-07 -7.332483e-07
-1.390160e-07 -5.519222e-07
-2.586226e-07 -3.142144e-07
-2.938165e-07 -1.957154e-07
-3.732577e-07 -6.658593e-08
-3.759995e-07 1.651117e-07
-1.871035e-07 3.668111e-07
9.295369e-08 3.670013e-07
2.632924e-07 1.825163e-07
2.502310e-07 -1.848019e-08
1.443805e-07 -1.152850e-07
5.600832e-08 -1.232863e-07
7.504602e-09 -1.111723e-07
-3.462255e-08 -1.017420e-07
-8.132962e-08 -7.244848e-08
-1.057850e-07 -1.350380e-08
-8.584629e-08 4.826611e-08
-3.449238e-08 7.826219e-08
1.408161e-08 6.853711e-08
3.736541e-08 3.963490e-08
3.930331e-08 1.551357e-08
3.662887e-08 1.783509e-09
3.611331e-08 -1.165159e-08
2.887843e-08 -3.046009e-08
6.667455e-09 -4.437469e-08
-2.217260e-08 -3.899202e-08
-3.881214e-08 -1.511394e-08
