1.809873e-08 2.781202e-09
2.741886e-08 -1.305300e-08
2.233157e-08 -3.685743e-08
-3.806717e-09 -5.364797e-08
-3.983718e-08 -4.426031e-08
-5.821488e-08 -8.306972e-09
-4.352899e-08 2.781003e-08
-1.190554e-08 3.756853e-08
7.095480e-09 2.324575e-08
4.191204e-09 1.043981e-08
-1.812947e-09 1.533267e-08
9.052766e-09 2.562070e-08
3.091638e-08 1.842139e-08
3.914116e-08 -8.532652e-09
2.170836e-08 -3.247477e-08
-5.555497e-09 -3.302130e-08
-1.871193e-08 -1.586208e-08
-1.413580e-08 -3.046682e-09
-9.213232e-09 -3.927117e-09
-1.601295e-08 -5.256769e-09
-2.403892e-08 7.402011e-09
-1.527714e-08 2.687485e-08
9.242459e-09 3.176550e-08
2.800958e-08 1.440679e-08
2.519433e-08 -8.527247e-09
9.224419e-09 -1.701238e-08
-5.864451e-10 -1.146537e-08
3.183090e-10 -7.734255e-09
-8.333803e-10 -1.239850e-08
-1.205907e-08 -1.398634e-08
-2.273244e-08 -1.522386e-09
-1.765113e-08 1.722693e-08
1.385882e-09 2.400993e-08
1.675928e-08 1.306488e-08
1.662497e-08 -2.689888e-09
7.243739e-09 -9.108616e-09
1.368960e-09 -6.836253e-09
1.215103e-09 -5.686023e-09
-9.037883e-10 -8.516092e-09
-8.210487e-09 -8.148336e-09
-1.348649e-08 2.411780e-10
-9.218331e-09 1.058672e-08
1.670380e-09 1.316313e-08
9.323582e-09 6.612642e-09
8.783586e-09 -1.487747e-09
4.100911e-09 -4.666773e-09
1.133492e-09 -3.922963e-09
4.172154e-10 -3.530005e-09
-1.103764e-09 -4.240814e-09
-4.084823e-09 -3.305027e-09
-5.612291e-09 3.739456e-10
-3.553089e-09 4.087097e-09
3.991785e-10 4.705159e-09
2.849828e-09 2.373671e-09
2.557045e-09 -1.547461e-10
1.125953e-09 -9.439482e-10
4.639147e-10 -5.380794e-10
6.617487e-10 -4.558953e-10
5.612159e-10 -1.051331e-09
-3.391351e-10 -1.362473e-09
-1.219297e-09 -6.796419e-10
