-9.958561e-09 -6.547162e-09
-1.821473e-08 1.275695e-09
-1.821489e-08 1.438656e-08
-8.732322e-09 2.477526e-08
5.902364e-09 2.690660e-08
1.868740e-08 1.951979e-08
2.400557e-08 7.316699e-09
2.282602e-08 -3.280769e-09
1.974403e-08 -1.129144e-08
1.500398e-08 -1.997912e-08
3.889613e-09 -2.843959e-08
-1.440455e-08 -2.873007e-08
-3.060852e-08 -1.466446e-08
-3.240396e-08 7.958102e-09
-1.813729e-08 2.423136e-08
1.259349e-10 2.511988e-08
9.863220e-09 1.654763e-08
1.164538e-08 1.019289e-08
1.487689e-08 7.673379e-09
2.138666e-08 9.315888e-11
2.061237e-08 -1.580405e-08
4.793295e-09 -2.828303e-08
-1.679232e-08 -2.344845e-08
-2.612894e-08 -3.900071e-09
-1.758684e-08 1.301547e-08
-3.412241e-09 1.573398e-08
3.259206e-09 1.004987e-08
3.680484e-09 7.329362e-09
6.974458e-09 7.919016e-09
1.370243e-08 3.232883e-09
1.425857e-08 -8.519608e-09
3.570140e-09 -1.718066e-08
-1.007699e-08 -1.350616e-08
-1.470204e-08 -1.310560e-09
-8.797211e-09 7.711107e-09
-1.070644e-09 8.178185e-09
1.860212e-09 4.960339e-09
2.087107e-09 3.856456e-09
4.158784e-09 3.826901e-09
7.134428e-09 7.091236e-10
6.299123e-09 -5.003192e-09
6.736734e-10 -8.061223e-09
-5.006819e-09 -5.412951e-09
-6.087055e-09 -2.718583e-12
-3.138596e-09 3.195763e-09
-1.827521e-10 2.818135e-09
5.140299e-10 1.372188e-09
1.767596e-10 1.116856e-09
7.088629e-10 1.540803e-09
1.930608e-09 9.703096e-10
2.197341e-09 -7.419473e-10
8.518365e-10 -2.017186e-09
-8.690604e-10 -1.625210e-09
-1.358378e-09 -1.708435e-10
-4.944820e-10 7.172489e-10
3.861913e-10 3.237289e-10
2.141733e-10 -4.588821e-10
-5.701472e-10 -4.184528e-10
-7.478390e-10 4.105646e-10
1.126904e-11 8.971557e-10
7.619266e-10 3.902688e-10
