1.636293e-06 6.826544e-07
2.402375e-06 -1.011984e-06
1.178208e-06 -2.811967e-06
-1.049385e-06 -2.786637e-06
-2.246784e-06 -1.153586e-06
-1.838453e-06 4.202801e-07
-8.303329e-07 8.970790e-07
-3.124114e-07 6.461880e-07
-3.234820e-07 5.653418e-07
-1.764080e-07 8.728494e-07
4.453706e-07 1.002921e-06
1.071858e-06 4.991482e-07
1.086411e-06 -3.533097e-07
4.829141e-07 -8.757075e-07
-1.729448e-07 -7.698396e-07
-4.182634e-07 -3.597256e-07
-3.338514e-07 -1.072571e-07
-2.856859e-07 -7.901680e-08
-3.925655e-07 2.641578e-09
-4.138192e-07 2.847331e-07
-1.397721e-07 5.487661e-07
2.804332e-07 4.983242e-07
5.016627e-07 1.488843e-07
3.890247e-07 -1.932305e-07
1.332150e-07 -2.965170e-07
-2.555073e-08 -2.206438e-07
-6.109426e-08 -1.516066e-07
-9.804048e-08 -1.406730e-07
-1.822790e-07 -9.332094e-08
-2.218457e-07 4.062401e-08
-1.389933e-07 1.750691e-07
1.268724e-08 2.004540e-07
1.158954e-07 1.166665e-07
1.220176e-07 1.441517e-08
7.578653e-08 -3.719589e-08
3.680972e-08 -4.254583e-08
2.051553e-08 -3.760112e-08
1.124128e-08 -3.953105e-08
-3.451015e-09 -4.320946e-08
-2.347886e-08 -3.934406e-08
-4.153037e-08 -2.261682e-08
-4.614462e-08 4.681104e-09
-3.046614e-08 2.830547e-08
-5.258070e-09 3.179232e-08
7.370049e-09 1.774941e-08
1.217593e-09 8.915033e-09
-3.237172e-09 1.863576e-08
1.352940e-08 2.976176e-08
3.954165e-08 1.639737e-08
4.362651e-08 -1.836772e-08
1.665682e-08 -4.259179e-08
-1.535459e-08 -3.536521e-08
-2.469696e-08 -1.181285e-08
-1.533846e-08 7.140512e-11
-1.163250e-08 -3.359671e-09
-2.130546e-08 -1.283763e-09
-2.531991e-08 1.760824e-08
-6.815732e-09 3.633267e-08
2.278854e-08 3.147479e-08
3.629201e-08 4.552648e-09
2.392746e-08 -1.937687e-08
