-1.109884e-07 -1.586273e-07
-2.919845e-07 -4.279168e-08
-2.999324e-07 2.368515e-07
-4.006203e-08 4.311309e-07
2.848966e-07 3.294293e-07
3.897756e-07 2.434284e-08
2.368795e-07 -1.996723e-07
4.254135e-08 -2.086642e-07
-2.524232e-08 -1.275559e-07
-2.169896e-08 -1.095022e-07
-7.310727e-08 -1.318192e-07
-1.698026e-07 -7.926429e-08
-1.929551e-07 5.928432e-08
-9.335743e-08 1.689100e-07
4.326270e-08 1.600983e-07
1.081764e-07 6.808518e-08
8.620528e-08 -1.042254e-08
4.090246e-08 -3.008416e-08
2.300848e-08 -1.986201e-08
2.620790e-08 -2.136131e-08
1.962054e-08 -3.872749e-08
-6.539605e-09 -4.806581e-08
-3.439144e-08 -3.353260e-08
-4.276661e-08 -3.905450e-09
-2.861050e-08 1.920804e-08
-7.517994e-09 2.251799e-08
2.349834e-09 1.189863e-08
-2.400778e-09 4.886900e-09
-7.931260e-09 1.161342e-08
5.277560e-10 2.313426e-08
2.013640e-08 2.147872e-08
3.205137e-08 1.769211e-09
2.332018e-08 -2.020583e-08
2.736950e-09 -2.587842e-08
-1.006386e-08 -1.558495e-08
-8.741162e-09 -6.081220e-09
-5.963742e-09 -7.244093e-09
-1.337210e-08 -9.437259e-09
-2.355076e-08 1.243576e-09
-1.930958e-08 2.096626e-08
1.984052e-09 3.027938e-08
2.242056e-08 1.836805e-08
2.460586e-08 -2.989725e-09
1.182720e-08 -1.428736e-08
1.128855e-09 -1.158442e-08
1.877375e-10 -7.473599e-09
-1.445421e-10 -1.052548e-08
-8.998868e-09 -1.304760e-08
-1.968489e-08 -3.790777e-09
-1.773540e-08 1.344526e-08
-1.331230e-09 2.225404e-08
1.467238e-08 1.405771e-08
1.667099e-08 -1.468159e-09
7.650665e-09 -9.423409e-09
3.324788e-10 -7.398757e-09
-2.995758e-10 -4.564120e-09
-7.234063e-10 -6.222703e-09
-6.133257e-09 -6.953485e-09
-1.147223e-08 -6.604316e-10
-8.792217e-09 8.835016e-09
9.320538e-10 1.212268e-08
