-3.273721e-06 -4.343337e-07
-6.398500e-06 3.812274e-06
-3.061496e-06 1.215826e-05
9.380957e-06 1.408195e-05
1.928506e-05 2.541447e-06
1.480801e-05 -1.305011e-05
1.406463e-07 -1.793193e-05
-1.043361e-05 -1.015137e-05
-1.038319e-05 -4.628646e-07
-5.826549e-06 2.982087e-06
-4.059131e-06 2.718719e-06
-4.178692e-06 4.448196e-06
-1.315451e-06 7.666620e-06
4.569224e-06 7.379356e-06
8.351032e-06 2.129663e-06
6.740240e-06 -3.836717e-06
1.987306e-06 -6.078703e-06
-1.701587e-06 -4.591345e-06
-2.865508e-06 -2.219809e-06
-2.799259e-06 -6.522313e-07
-2.605063e-06 4.991255e-07
-1.995459e-06 1.726593e-06
-6.072133e-07 2.484531e-06
9.494903e-07 2.127666e-06
1.755917e-06 9.424956e-07
1.611044e-06 -2.147260e-07
9.936225e-07 -8.435360e-07
3.605011e-07 -1.008208e-06
-1.560892e-07 -9.074710e-07
-5.303095e-07 -6.159920e-07
-6.809142e-07 -2.033338e-07
-5.779523e-07 1.700767e-07
-3.310456e-07 3.689495e-07
-8.996329e-08 3.944808e-07
7.925681e-08 3.302762e-07
1.883316e-07 2.346780e-07
2.533148e-07 1.187127e-07
2.666755e-07 -1.274485e-08
2.176775e-07 -1.371499e-07
1.120718e-07 -2.211890e-07
-2.176745e-08 -2.358232e-07
-1.372730e-07 -1.745947e-07
-1.925244e-07 -6.624234e-08
-1.790041e-07 4.068672e-08
-1.215080e-07 1.131618e-07
-4.759507e-08 1.470466e-07
3.066643e-08 1.460950e-07
1.014971e-07 1.058431e-07
1.391057e-07 2.955145e-08
1.222179e-07 -5.332677e-08
6.138403e-08 -1.030844e-07
-6.652146e-09 -1.038659e-07
-5.191737e-08 -7.186464e-08
-6.960820e-08 -3.152575e-08
-6.812663e-08 5.215298e-09
-5.230076e-08 3.540019e-08
-2.409144e-08 5.356220e-08
8.493564e-09 5.285102e-08
3.228159e-08 3.431997e-08
3.878996e-08 8.821370e-09
3.014515e-08 -1.093604e-08
