-3.556793e-06 -4.157972e-06
-7.890942e-06 -9.102895e-07
-7.790836e-06 4.938384e-06
-3.731508e-06 8.536167e-06
9.306736e-07 8.944191e-06
4.860106e-06 7.425920e-06
7.999798e-06 4.478801e-06
9.828855e-06 -1.042588e-07
8.849947e-06 -5.926118e-06
3.812652e-06 -1.065999e-05
-3.831967e-06 -1.088171e-05
-9.612182e-06 -5.545591e-06
-9.776863e-06 1.894886e-06
-5.238484e-06 6.374742e-06
-4.446937e-07 6.272995e-06
1.720640e-06 4.296210e-06
2.430585e-06 3.217713e-06
3.866311e-06 2.454279e-06
5.398581e-06 -4.518353e-08
4.469004e-06 -3.825120e-06
6.160472e-07 -5.803354e-06
-3.287938e-06 -4.126242e-06
-4.296076e-06 -5.356842e-07
-2.605179e-06 1.825295e-06
-6.840830e-07 1.937172e-06
-3.341855e-08 1.262915e-06
3.750471e-08 1.189776e-06
6.464582e-07 1.373456e-06
1.567001e-06 7.993402e-07
1.726693e-06 -4.914491e-07
8.101571e-07 -1.429501e-06
-3.506853e-07 -1.313832e-06
-8.565417e-07 -5.411619e-07
-6.659303e-07 6.777003e-08
-3.377298e-07 2.077009e-07
-2.322820e-07 1.661082e-07
-2.306469e-07 2.437878e-07
-9.295500e-08 3.929632e-07
1.782249e-07 3.946425e-07
3.785723e-07 1.831884e-07
3.654197e-07 -9.200001e-08
1.906140e-07 -2.502668e-07
8.056950e-09 -2.464378e-07
-8.621200e-08 -1.648695e-07
-1.113477e-07 -9.787551e-08
-1.309536e-07 -5.654298e-08
-1.577482e-07 4.563245e-09
-1.435471e-07 9.931138e-08
-5.509953e-08 1.735032e-07
6.685256e-08 1.638169e-07
1.418977e-07 7.428030e-08
1.326704e-07 -2.648319e-08
7.338122e-08 -7.864098e-08
1.878219e-08 -8.120334e-08
-1.259806e-08 -6.761601e-08
-3.579550e-08 -5.465252e-08
-5.920375e-08 -3.221365e-08
-6.836114e-08 6.454631e-09
-4.866541e-08 4.493951e-08
-8.808500e-09 5.918822e-08
2.559423e-08 4.341472e-08
