-1.176370e-06 -4.965257e-06
-5.699258e-06 -3.692961e-06
-6.943620e-06 8.712590e-07
-4.513285e-06 4.041504e-06
-1.701786e-06 4.602668e-06
1.533500e-07 4.187150e-06
1.655421e-06 3.648623e-06
3.216014e-06 2.577197e-06
4.243233e-06 4.893409e-07
3.730605e-06 -2.116188e-06
1.511691e-06 -3.805786e-06
-1.169096e-06 -3.488213e-06
-2.640981e-06 -1.589796e-06
-2.360833e-06 3.343503e-07
-1.232960e-06 1.152680e-06
-4.166105e-07 1.047608e-06
-1.596326e-07 8.641528e-07
6.808144e-08 9.567958e-07
6.100532e-07 9.443966e-07
1.144698e-06 4.262818e-07
1.145620e-06 -4.065911e-07
5.502026e-07 -9.708691e-07
-1.769821e-07 -9.314247e-07
-5.587341e-07 -4.933542e-07
-5.410794e-07 -8.974176e-08
-4.023264e-07 8.729572e-08
-3.426045e-07 1.767696e-07
-2.793732e-07 3.406505e-07
-5.062349e-08 5.005346e-07
2.929544e-07 4.458244e-07
5.022617e-07 1.369644e-07
4.183139e-07 -2.096195e-07
1.500073e-07 -3.567915e-07
-7.181662e-08 -2.865058e-07
-1.477411e-07 -1.565729e-07
-1.529514e-07 -7.881273e-08
-1.703822e-07 -2.366224e-08
-1.753101e-07 6.737915e-08
-1.059365e-07 1.638941e-07
2.083523e-08 1.853342e-07
1.185219e-07 1.129301e-07
1.320738e-07 1.100663e-08
8.517715e-08 -5.165580e-08
3.275882e-08 -6.251304e-08
3.216242e-09 -4.876108e-08
-6.899924e-09 -3.511177e-08
-1.067006e-08 -2.970405e-08
-1.894543e-08 -2.923997e-08
-3.483504e-08 -2.245496e-08
-4.683945e-08 2.066192e-10
-3.739873e-08 2.982421e-08
-7.791150e-09 4.213603e-08
1.620886e-08 2.754287e-08
1.525772e-08 7.502746e-09
3.551540e-09 7.273197e-09
9.244543e-09 1.993315e-08
3.260204e-08 1.540075e-08
4.266244e-08 -1.549063e-08
1.934286e-08 -4.459215e-08
-1.791104e-08 -4.192250e-08
-3.461953e-08 -1.369780e-08
