-6.177303e-06 2.315219e-06
-3.590135e-06 9.558821e-06
6.331618e-06 1.196823e-05
1.545009e-05 3.804328e-06
1.382318e-05 -9.493295e-06
2.046130e-06 -1.575226e-05
-8.602413e-06 -1.034586e-05
-9.945712e-06 -1.028222e-06
-5.428340e-06 3.174416e-06
-2.813227e-06 2.473873e-06
-3.362211e-06 2.807994e-06
-2.274923e-06 5.833329e-06
2.593033e-06 7.101025e-06
7.193053e-06 3.333239e-06
6.932192e-06 -2.673928e-06
2.519681e-06 -5.764485e-06
-1.591017e-06 -4.538626e-06
-2.769782e-06 -1.821526e-06
-2.160824e-06 -3.040705e-07
-1.785777e-06 1.331065e-07
-1.801122e-06 8.234145e-07
-1.165147e-06 1.866873e-06
2.939876e-07 2.204043e-06
1.543925e-06 1.336142e-06
1.720784e-06 -1.150615e-08
1.035829e-06 -8.555764e-07
2.640779e-07 -9.518403e-07
-1.586949e-07 -6.995166e-07
-3.231493e-07 -4.665978e-07
-4.326618e-07 -2.845541e-07
-5.030000e-07 -5.418646e-08
-4.406840e-07 2.099816e-07
-2.316676e-07 3.883438e-07
2.175343e-08 4.006153e-07
2.008874e-07 2.784776e-07
2.632147e-07 1.175196e-07
2.455113e-07 -1.128598e-08
1.992572e-07 -1.010292e-07
1.354168e-07 -1.739527e-07
3.558922e-08 -2.244785e-07
-9.319374e-08 -2.135554e-07
-1.969901e-07 -1.207489e-07
-2.191826e-07 1.630912e-08
-1.550878e-07 1.282389e-07
-5.098392e-08 1.721634e-07
4.270106e-08 1.534529e-07
1.034713e-07 9.947694e-08
1.289689e-07 3.121972e-08
1.191609e-07 -3.740556e-08
7.641327e-08 -8.971755e-08
1.419800e-08 -1.093172e-07
-4.483242e-08 -9.138521e-08
-8.025304e-08 -4.637522e-08
-8.280757e-08 5.891666e-09
-5.711012e-08 4.499248e-08
-1.918242e-08 5.879380e-08
1.248736e-08 4.948870e-08
2.863797e-08 2.998238e-08
3.233495e-08 1.171356e-08
3.006504e-08 -2.789605e-09
2.335688e-08 -1.485643e-08
