-6.987793e-08 8.611396e-09
-1.251544e-07 1.297418e-07
-6.144334e-09 3.181346e-07
3.027944e-07 3.063695e-07
4.865475e-07 -2.107296e-08
3.006776e-07 -3.773066e-07
-7.941589e-08 -4.179056e-07
-2.848598e-07 -1.675073e-07
-2.075741e-07 5.981526e-08
-6.211272e-08 8.214739e-08
-4.304469e-08 1.823601e-08
-9.568360e-08 4.361215e-08
-6.395488e-08 1.406687e-07
6.601880e-08 1.640334e-07
1.631419e-07 6.121765e-08
1.363526e-07 -6.924340e-08
3.350949e-08 -1.154299e-07
-4.088755e-08 -7.224194e-08
-4.480057e-08 -1.403640e-08
-1.575300e-08 3.744105e-09
-4.637108e-09 -1.095954e-08
-2.166735e-08 -1.902742e-08
-3.984508e-08 2.201432e-11
-3.216479e-08 3.107847e-08
-3.760147e-10 4.406504e-08
2.807542e-08 2.654276e-08
2.928724e-08 -3.163265e-09
8.530326e-09 -1.582764e-08
-6.316935e-09 -3.875763e-09
2.156316e-09 1.073046e-08
2.009025e-08 4.208635e-09
2.028889e-08 -1.881954e-08
-2.728557e-09 -3.089224e-08
-2.522332e-08 -1.658762e-08
-2.415861e-08 8.079737e-09
-5.612199e-09 1.673985e-08
5.140710e-09 6.069137e-09
-2.280834e-09 -2.458809e-09
-1.094647e-08 6.403662e-09
-1.693585e-09 2.047142e-08
1.917072e-08 1.713176e-08
2.721528e-08 -5.143967e-09
1.196353e-08 -2.359518e-08
-9.640287e-09 -2.014746e-08
-1.566315e-08 -3.307782e-09
-6.369750e-09 5.405216e-09
-1.830827e-10 3.420803e-10
-6.205017e-09 -3.571639e-09
-1.226982e-08 5.202139e-09
-4.062244e-09 1.716393e-08
1.293256e-08 1.500221e-08
1.973267e-08 -1.759800e-09
9.036476e-09 -1.540591e-08
-5.880419e-09 -1.308872e-08
-9.599163e-09 -1.923262e-09
-3.514717e-09 3.199397e-09
-2.329861e-10 -1.727095e-10
-4.220096e-09 -1.805611e-09
-6.898520e-09 4.033407e-09
-1.015409e-09 1.011544e-08
8.194583e-09 7.366322e-09
