-3.191981e-07 -1.899387e-07
-6.995897e-07 9.352777e-08
-6.834692e-07 8.006898e-07
8.396495e-08 1.282167e-06
1.017824e-06 8.772331e-07
1.235365e-06 -1.088716e-07
6.548025e-07 -7.796976e-07
-2.496388e-08 -7.324547e-07
-2.568356e-07 -3.677092e-07
-1.824314e-07 -2.061547e-07
-2.233521e-07 -2.511178e-07
-4.426603e-07 -1.547252e-07
-5.196864e-07 1.992142e-07
-2.487843e-07 5.216259e-07
1.712445e-07 5.100547e-07
3.975160e-07 2.171457e-07
3.395242e-07 -6.304333e-08
1.822319e-07 -1.619372e-07
9.285765e-08 -1.593102e-07
4.699674e-08 -1.796811e-07
-4.728217e-08 -2.071690e-07
-1.730386e-07 -1.504776e-07
-2.255002e-07 -5.530834e-09
-1.584207e-07 1.273762e-07
-3.615245e-08 1.656691e-07
5.307228e-08 1.219884e-07
8.273828e-08 5.861839e-08
7.834290e-08 1.234398e-08
6.398980e-08 -1.747394e-08
4.435818e-08 -3.774631e-08
2.054085e-08 -4.742544e-08
-2.150272e-09 -4.609734e-08
-2.045480e-08 -3.696830e-08
-3.322391e-08 -2.129441e-08
-3.598050e-08 -7.229766e-10
-2.565069e-08 1.615472e-08
-9.987384e-09 2.000184e-08
-2.031226e-09 1.407591e-08
-3.294022e-09 1.177188e-08
-1.446876e-09 1.796781e-08
1.123303e-08 2.133208e-08
2.500755e-08 1.063784e-08
2.516783e-08 -8.021719e-09
1.224000e-08 -1.852185e-08
6.660672e-10 -1.602736e-08
-1.651113e-09 -1.153530e-08
-2.925987e-09 -1.382590e-08
-1.274376e-08 -1.584242e-08
-2.512887e-08 -5.520918e-09
-2.459247e-08 1.459476e-08
-7.281314e-09 2.744261e-08
1.230608e-08 2.203395e-08
1.867215e-08 6.652316e-09
1.323919e-08 -2.984558e-09
9.012670e-09 -3.795033e-09
1.066193e-08 -6.127851e-09
8.569013e-09 -1.537064e-08
-4.985005e-09 -2.155126e-08
-2.121011e-08 -1.255523e-08
-2.367959e-08 7.418826e-09
-9.321743e-09 2.070433e-08
