-4.900797e-08 -2.079286e-08
-7.803224e-08 3.187353e-08
-4.511332e-08 1.008859e-07
3.984557e-08 1.196856e-07
1.122293e-07 6.445674e-08
1.184622e-07 -2.233243e-08
6.782939e-08 -7.575277e-08
1.646834e-08 -7.715067e-08
-4.654278e-09 -6.542571e-08
-2.320175e-08 -7.150951e-08
-7.076885e-08 -6.834082e-08
-1.192441e-07 -1.296447e-08
-1.069422e-07 7.734964e-08
-2.398420e-08 1.292069e-07
6.415311e-08 9.939094e-08
9.148768e-08 2.646190e-08
6.413788e-08 -2.106741e-08
3.735599e-08 -2.621946e-08
3.726860e-08 -2.814802e-08
3.445303e-08 -5.529777e-08
-4.660817e-09 -8.340457e-08
-6.518117e-08 -6.919542e-08
-9.729484e-08 -8.768520e-09
-7.373391e-08 5.378111e-08
-1.968968e-08 7.434171e-08
1.768794e-08 5.470913e-08
2.272991e-08 3.405083e-08
2.479001e-08 3.669116e-08
5.408031e-08 3.912189e-08
9.252853e-08 9.579262e-10
8.644121e-08 -7.353287e-08
1.437634e-08 -1.244666e-07
-7.498171e-08 -1.008248e-07
-1.120027e-07 -2.313459e-08
-8.496311e-08 4.066560e-08
-4.443028e-08 5.796702e-08
-2.738882e-08 6.111295e-08
-8.753072e-09 8.410809e-08
4.947570e-08 1.000777e-07
1.233281e-07 5.478641e-08
1.400897e-07 -4.765241e-08
6.904098e-08 -1.310779e-07
-3.437581e-08 -1.314877e-07
-9.260069e-08 -6.747581e-08
-9.076473e-08 -5.540827e-09
-7.183751e-08 2.476915e-08
-6.185408e-08 4.895755e-08
-3.739538e-08 8.586437e-08
2.415760e-08 1.055583e-07
9.325147e-08 6.894299e-08
1.139053e-07 -1.127600e-08
7.062500e-08 -7.687551e-08
4.653146e-09 -8.829945e-08
-3.739194e-08 -6.021295e-08
-4.950586e-08 -2.914407e-08
-5.244391e-08 -6.974228e-09
-5.281759e-08 1.831560e-08
-3.648640e-08 4.819627e-08
1.468846e-09 6.220414e-08
3.995051e-08 4.443618e-08
5.299553e-08 6.754061e-09
