-2.330495e-08 -3.939474e-08
-7.144677e-08 -1.820316e-08
-8.588405e-08 4.867020e-08
-3.465847e-08 1.099090e-07
5.090992e-08 1.094982e-07
1.050386e-07 4.572888e-08
9.449303e-08 -2.610274e-08
5.112823e-08 -5.617765e-08
2.430128e-08 -5.453821e-08
1.438931e-08 -6.293554e-08
-1.818228e-08 -8.355496e-08
-8.059697e-08 -7.010079e-08
-1.199598e-07 1.541603e-09
-8.698522e-08 8.497130e-08
-4.104635e-09 1.113754e-07
5.828517e-08 7.079668e-08
6.472646e-08 1.693994e-08
4.526047e-08 -5.308295e-09
4.134374e-08 -8.083308e-09
4.916141e-08 -2.718173e-08
3.358380e-08 -6.378382e-08
-1.638700e-08 -8.089542e-08
-6.779537e-08 -5.197638e-08
-8.048749e-08 4.944878e-09
-5.083704e-08 4.691827e-08
-1.209082e-08 5.184383e-08
5.172426e-09 3.759115e-08
6.250568e-09 3.496139e-08
2.101017e-08 4.626725e-08
5.964502e-08 3.969647e-08
8.951653e-08 -8.789515e-09
6.850517e-08 -7.507579e-08
-4.671933e-10 -1.044244e-07
-6.512346e-08 -7.286597e-08
-8.185739e-08 -1.489602e-08
-6.256889e-08 2.175597e-08
-4.722784e-08 3.425356e-08
-4.173764e-08 5.502216e-08
-1.184991e-08 8.957148e-08
5.621084e-08 9.526590e-08
1.175800e-07 3.762913e-08
1.142651e-07 -5.332011e-08
4.618825e-08 -1.090103e-07
-2.885889e-08 -9.857539e-08
-6.444195e-08 -5.424271e-08
-6.886732e-08 -1.841114e-08
-7.107039e-08 7.681547e-09
-6.848161e-08 4.541164e-08
-3.430136e-08 8.773605e-08
3.156724e-08 9.626869e-08
8.696260e-08 5.145509e-08
9.202421e-08 -1.695157e-08
5.258501e-08 -6.155348e-08
6.538810e-09 -6.644542e-08
-2.195645e-08 -5.111418e-08
-3.823309e-08 -3.423918e-08
-5.145008e-08 -1.305780e-08
-5.327400e-08 1.856423e-08
-3.141160e-08 4.836398e-08
6.603956e-09 5.501219e-08
3.637057e-08 3.406253e-08
