1.867569e-07 -3.148612e-08
1.916110e-07 -2.261522e-07
-3.442832e-09 -4.024810e-07
-3.211067e-07 -3.594573e-07
-5.109386e-07 -5.863203e-08
-4.047135e-07 2.812951e-07
-1.170903e-07 4.119840e-07
1.103930e-07 3.275523e-07
1.990381e-07 1.970153e-07
2.400001e-07 1.014984e-07
2.772689e-07 -1.754629e-08
2.359188e-07 -1.813036e-07
7.336323e-08 -2.890268e-07
-1.173601e-07 -2.489005e-07
-2.098004e-07 -1.043478e-07
-1.853325e-07 2.656966e-08
-1.187280e-07 8.844425e-08
-6.325242e-08 1.108061e-07
-9.461163e-09 1.231953e-07
5.519302e-08 1.102372e-07
1.034901e-07 5.559153e-08
1.028322e-07 -1.522583e-08
6.095177e-08 -5.918085e-08
1.523720e-08 -6.281989e-08
-9.909564e-09 -4.650068e-08
-1.857699e-08 -3.229842e-08
-2.430443e-08 -2.393039e-08
-3.159757e-08 -1.446654e-08
-3.620347e-08 1.837805e-10
-3.273724e-08 1.786593e-08
-1.897861e-08 3.229382e-08
1.515266e-09 3.602175e-08
1.910512e-08 2.639158e-08
2.511227e-08 1.037890e-08
2.115364e-08 -9.207985e-10
1.723257e-08 -4.751610e-09
1.809366e-08 -9.360947e-09
1.589178e-08 -2.093571e-08
1.173781e-09 -3.183090e-08
-2.136000e-08 -2.783866e-08
-3.454130e-08 -6.745705e-09
-2.767421e-08 1.631455e-08
-8.940920e-09 2.490041e-08
4.768143e-09 1.884859e-08
7.511034e-09 1.142305e-08
8.408811e-09 1.062414e-08
1.591925e-08 9.504430e-09
2.398392e-08 -2.071798e-09
1.906577e-08 -2.042683e-08
-8.325933e-10 -2.933662e-08
-2.064033e-08 -1.910624e-08
-2.451571e-08 1.048313e-09
-1.348339e-08 1.369725e-08
-1.924960e-09 1.312337e-08
1.461224e-09 8.741418e-09
2.358410e-09 9.125543e-09
8.707328e-09 9.952629e-09
1.658607e-08 2.350161e-09
1.480775e-08 -1.153193e-08
1.364063e-09 -1.890674e-08
-1.214856e-08 -1.245890e-08
