5.347501e-08 2.122083e-08
1.145957e-07 -3.400723e-08
1.037522e-07 -1.441820e-07
-9.641337e-09 -2.118953e-07
-1.478423e-07 -1.626745e-07
-2.023714e-07 -2.613715e-08
-1.451597e-07 9.011581e-08
-5.199671e-08 1.193249e-07
2.424019e-09 9.651916e-08
2.597492e-08 8.102773e-08
5.984461e-08 7.061357e-08
9.684817e-08 2.905791e-08
9.348139e-08 -3.771364e-08
4.152428e-08 -7.997300e-08
-1.544330e-08 -6.994307e-08
-3.716221e-08 -3.312035e-08
-2.879000e-08 -9.249947e-09
-2.052043e-08 -6.717206e-09
-2.587879e-08 -6.024872e-09
-3.298870e-08 7.368575e-09
-2.657951e-08 2.746334e-08
-5.764490e-09 3.898077e-08
1.769731e-08 3.348465e-08
3.065742e-08 1.495401e-08
2.814218e-08 -4.423882e-09
1.664341e-08 -1.385022e-08
7.983586e-09 -1.321751e-08
6.709731e-09 -1.249922e-08
4.670304e-09 -1.867749e-08
-7.786034e-09 -2.473494e-08
-2.608765e-08 -1.702143e-08
-3.308988e-08 5.684480e-09
-1.914923e-08 2.651693e-08
4.429473e-09 2.830188e-08
1.740748e-08 1.343316e-08
1.385034e-08 -1.567420e-11
6.802320e-09 -1.181379e-09
8.826889e-09 1.637757e-09
1.483974e-08 -4.823689e-09
1.018021e-08 -1.839239e-08
-7.475131e-09 -2.289414e-08
-2.251213e-08 -9.678232e-09
-2.013398e-08 9.845848e-09
-4.619197e-09 1.764384e-08
6.918590e-09 1.057294e-08
6.210820e-09 1.792823e-09
1.868658e-09 1.647686e-09
4.482539e-09 4.870428e-09
1.091691e-08 6.793401e-10
9.552977e-09 -1.000537e-08
-2.079175e-09 -1.492305e-08
-1.271833e-08 -7.304804e-09
-1.188091e-08 4.875126e-09
-2.780006e-09 9.541942e-09
3.453194e-09 5.385883e-09
2.611543e-09 1.002531e-09
6.544054e-10 1.671750e-09
2.973366e-09 3.230844e-09
6.484072e-09 1.024688e-10
5.005594e-09 -5.778461e-09
-1.345113e-09 -7.717191e-09
