-1.485042e-06 6.028540e-07
-9.718699e-07 2.529940e-06
1.619357e-06 3.623384e-06
4.810060e-06 1.879616e-06
5.523560e-06 -2.402521e-06
2.338927e-06 -5.888636e-06
-2.275520e-06 -5.604925e-06
-4.700910e-06 -2.389278e-06
-4.228692e-06 6.198049e-07
-2.875965e-06 1.967927e-06
-1.964509e-06 2.722408e-06
-6.960099e-07 3.758288e-06
1.730100e-06 4.035800e-06
4.157562e-06 2.249401e-06
4.621881e-06 -9.464057e-07
2.758979e-06 -3.420179e-06
9.926906e-08 -3.876370e-06
-1.794460e-06 -2.814127e-06
-2.615737e-06 -1.332041e-06
-2.735217e-06 1.109055e-07
-2.227099e-06 1.476613e-06
-9.930041e-07 2.415756e-06
5.840296e-07 2.404939e-06
1.722445e-06 1.447824e-06
1.971075e-06 1.691723e-07
1.517375e-06 -8.133147e-07
7.733830e-07 -1.319378e-06
-2.897232e-08 -1.407593e-06
-7.506373e-07 -1.087085e-06
-1.152777e-06 -4.123573e-07
-1.043653e-06 3.271589e-07
-5.410453e-07 7.581318e-07
-1.469752e-09 7.580393e-07
3.189556e-07 5.120405e-07
4.277381e-07 2.464877e-07
4.355183e-07 2.421097e-08
3.680361e-07 -1.812740e-07
1.964511e-07 -3.341037e-07
-3.409534e-08 -3.508110e-07
-2.044177e-07 -2.240290e-07
-2.412795e-07 -5.064788e-08
-1.792394e-07 6.841960e-08
-9.748621e-08 1.119120e-07
-3.630404e-08 1.160837e-07
1.080217e-08 1.090857e-07
5.482154e-08 8.969276e-08
8.866929e-08 5.074546e-08
9.848839e-08 -1.567120e-09
7.896731e-08 -5.075194e-08
3.687837e-08 -8.020630e-08
-1.174690e-08 -8.071379e-08
-4.838404e-08 -5.574269e-08
-6.274644e-08 -1.992383e-08
-5.786711e-08 1.221245e-08
-4.209440e-08 3.562008e-08
-1.888927e-08 5.047534e-08
1.068150e-08 5.278568e-08
3.832878e-08 3.672456e-08
4.996273e-08 6.298953e-09
3.947606e-08 -2.262471e-08
1.611002e-08 -3.573389e-08
