5.830181e-08 -6.099498e-08
1.291514e-08 -1.380222e-07
-1.033794e-07 -1.582069e-07
-2.124728e-07 -6.473128e-08
-2.106955e-07 9.557726e-08
-8.706438e-08 1.993158e-07
5.723228e-08 1.773543e-07
1.229669e-07 7.883314e-08
1.050198e-07 -4.435418e-09
6.267373e-08 -3.478409e-08
3.863459e-08 -3.707375e-08
2.833377e-08 -4.366448e-08
9.241030e-09 -5.636428e-08
-2.307392e-08 -5.566730e-08
-4.998013e-08 -3.075012e-08
-5.188249e-08 5.422554e-09
-3.024196e-08 2.852289e-08
-6.373449e-09 2.781636e-08
1.606578e-09 1.614366e-08
-2.347163e-09 1.316743e-08
-1.599521e-11 2.143460e-08
1.613776e-08 2.459080e-08
3.236265e-08 9.849096e-09
3.080058e-08 -1.421175e-08
1.209347e-08 -2.738133e-08
-5.705109e-09 -2.213809e-08
-9.825062e-09 -1.100625e-08
-7.017342e-09 -8.240867e-09
-1.121566e-08 -1.096663e-08
-2.219769e-08 -4.962638e-09
-2.464954e-08 1.328894e-08
-9.160653e-09 2.882234e-08
1.337562e-08 2.594029e-08
2.384362e-08 7.995392e-09
1.755963e-08 -7.205506e-09
7.515398e-09 -9.751736e-09
5.069433e-09 -7.504805e-09
5.433645e-09 -1.135182e-08
-2.554189e-09 -1.783985e-08
-1.737211e-08 -1.390185e-08
-2.412298e-08 3.341382e-09
-1.361869e-08 1.992294e-08
5.036529e-09 2.119142e-08
1.534825e-08 8.980352e-09
1.261491e-08 -2.613981e-09
6.212186e-09 -5.518214e-09
4.340539e-09 -4.923208e-09
3.821154e-09 -7.867873e-09
-2.103394e-09 -1.157183e-08
-1.134066e-08 -8.054578e-09
-1.441805e-08 3.000521e-09
-7.172573e-09 1.223137e-08
3.613381e-09 1.193400e-08
8.787983e-09 4.700661e-09
7.045325e-09 -1.441260e-09
3.793158e-09 -3.104736e-09
2.526683e-09 -3.282659e-09
1.406289e-09 -4.677254e-09
-1.857612e-09 -5.522503e-09
-5.484943e-09 -3.063891e-09
-5.880515e-09 1.655525e-09
