-2.595612e-07 2.216670e-07
-6.807400e-08 5.121639e-07
2.999137e-07 5.690285e-07
6.250742e-07 4.003627e-07
8.593884e-07 6.828809e-08
9.087035e-07 -4.342583e-07
6.140521e-07 -9.815320e-07
-4.604976e-08 -1.297931e-06
-8.575031e-07 -1.131522e-06
-1.444402e-06 -4.429292e-07
-1.475909e-06 5.092411e-07
-8.991483e-07 1.278436e-06
-7.892256e-09 1.515992e-06
7.714681e-07 1.212694e-06
1.209923e-06 6.356762e-07
1.359834e-06 7.482111e-09
1.287591e-06 -6.693036e-07
8.446439e-07 -1.380675e-06
-1.118261e-07 -1.795463e-06
-1.278809e-06 -1.441716e-06
-1.934430e-06 -2.974591e-07
-1.597260e-06 9.712597e-07
-5.666931e-07 1.574787e-06
3.867691e-07 1.358684e-06
8.338375e-07 8.166544e-07
9.742780e-07 3.786008e-07
1.096410e-06 -4.302894e-08
1.045653e-06 -6.725785e-07
4.786035e-07 -1.286671e-06
-4.874422e-07 -1.334873e-06
-1.207304e-06 -6.399348e-07
-1.180291e-06 2.953655e-07
-5.848712e-07 8.122744e-07
-6.044745e-10 7.653935e-07
2.619954e-07 5.113464e-07
3.580998e-07 3.466568e-07
4.972912e-07 1.956820e-07
5.882302e-07 -1.144068e-07
4.078374e-07 -4.842649e-07
-1.935196e-08 -6.167756e-07
-3.895123e-07 -3.942098e-07
-4.575769e-07 -2.477988e-08
-2.795321e-07 2.075823e-07
-8.221526e-08 2.314397e-07
1.148283e-08 1.745935e-07
5.265164e-08 1.447417e-07
1.146796e-07 1.187172e-07
1.725867e-07 3.677378e-08
1.555234e-07 -7.972812e-08
5.873979e-08 -1.478335e-07
-4.472970e-08 -1.255825e-07
-8.838890e-08 -5.258978e-08
-7.287887e-08 6.116906e-09
-4.197652e-08 2.616329e-08
-2.514127e-08 2.722465e-08
-1.719247e-08 3.213397e-08
-1.909630e-09 4.014100e-08
2.159674e-08 3.666112e-08
3.864450e-08 1.624194e-08
3.715910e-08 -9.880275e-09
2.040252e-08 -2.587258e-08
