2.306595e-08 6.147754e-08
9.091828e-08 4.539323e-08
1.283771e-07 -3.153141e-08
9.351492e-08 -1.219020e-07
-2.961600e-09 -1.646266e-07
-1.040867e-07 -1.260713e-07
-1.465607e-07 -3.493115e-08
-1.239784e-07 4.422145e-08
-8.034527e-08 8.488542e-08
-3.901533e-08 1.097950e-07
1.912221e-08 1.276538e-07
9.769542e-08 1.050924e-07
1.486595e-07 2.269892e-08
1.245584e-07 -7.525191e-08
4.421633e-08 -1.213411e-07
-2.687604e-08 -1.018882e-07
-5.416411e-08 -6.259202e-08
-6.205906e-08 -4.080917e-08
-8.213838e-08 -2.230979e-08
-1.014034e-07 2.408901e-08
-7.998917e-08 9.036737e-08
-8.496280e-09 1.290450e-07
7.222892e-08 1.063239e-07
1.122292e-07 4.012945e-08
1.026040e-07 -2.197287e-08
7.494336e-08 -5.591886e-08
5.300457e-08 -7.943253e-08
1.997023e-08 -1.121885e-07
-5.132863e-08 -1.307962e-07
-1.408085e-07 -8.652241e-08
-1.794212e-07 2.584024e-08
-1.216725e-07 1.387915e-07
-4.967396e-09 1.743096e-07
8.774961e-08 1.263478e-07
1.190452e-07 5.568425e-08
1.212051e-07 4.924090e-09
1.248822e-07 -4.608117e-08
1.014387e-07 -1.223942e-07
9.226905e-09 -1.841962e-07
-1.216751e-07 -1.583591e-07
-1.967754e-07 -3.717449e-08
-1.597709e-07 9.477763e-08
-5.540068e-08 1.498286e-07
3.038490e-08 1.260740e-07
6.797407e-08 8.324253e-08
9.067563e-08 5.189369e-08
1.175919e-07 6.574505e-09
1.142814e-07 -6.978129e-08
4.683730e-08 -1.353723e-07
-5.457427e-08 -1.311118e-07
-1.176672e-07 -5.590873e-08
-1.068128e-07 2.889452e-08
-5.408712e-08 6.904584e-08
-9.731839e-09 6.701497e-08
1.384804e-08 5.584950e-08
3.527359e-08 4.682266e-08
5.953519e-08 2.395861e-08
6.517296e-08 -1.816896e-08
3.680570e-08 -5.529077e-08
-8.619213e-09 -5.977116e-08
-3.862648e-08 -3.306467e-08
