-1.729898e-07 3.591503e-07
2.153454e-07 6.483781e-07
8.822850e-07 4.886473e-07
1.287722e-06 -3.085321e-07
8.663874e-07 -1.302312e-06
-2.678092e-07 -1.650850e-06
-1.260849e-06 -1.029975e-06
-1.454731e-06 -2.754659e-08
-1.062722e-06 6.236535e-07
-6.686036e-07 8.804200e-07
-3.525539e-07 1.150773e-06
2.782062e-07 1.439718e-06
1.257352e-06 1.204989e-06
1.919057e-06 1.630769e-07
1.616342e-06 -1.135172e-06
5.175533e-07 -1.819241e-06
-6.018751e-07 -1.609831e-06
-1.222099e-06 -9.299967e-07
-1.414550e-06 -2.214228e-07
-1.366394e-06 4.741302e-07
-9.754900e-07 1.181359e-06
-1.274141e-07 1.602205e-06
8.714108e-07 1.361101e-06
1.452572e-06 5.226474e-07
1.351069e-06 -4.024654e-07
8.004449e-07 -9.700448e-07
1.661106e-07 -1.125334e-06
-3.979017e-07 -1.002034e-06
-8.544607e-07 -6.372626e-07
-1.059251e-06 -4.201055e-08
-8.457023e-07 5.799690e-07
-2.916060e-07 9.024387e-07
2.743166e-07 7.896857e-07
5.750270e-07 4.168671e-07
5.985016e-07 4.578342e-08
4.822829e-07 -2.190703e-07
2.973103e-07 -4.023826e-07
3.571966e-08 -4.890554e-07
-2.488325e-07 -4.045910e-07
-4.133398e-07 -1.535697e-07
-3.675877e-07 1.219660e-07
-1.786690e-07 2.669036e-07
5.968414e-09 2.538894e-07
1.049466e-07 1.679277e-07
1.383035e-07 8.569791e-08
1.467751e-07 1.538168e-08
1.300276e-07 -5.716424e-08
7.238912e-08 -1.145957e-07
-9.109957e-09 -1.232899e-07
-7.044272e-08 -7.995321e-08
-8.480432e-08 -1.879584e-08
-6.322300e-08 2.411129e-08
-3.348342e-08 3.955991e-08
-1.175033e-08 3.967036e-08
3.096831e-09 3.648879e-08
1.710456e-08 3.136714e-08
3.027405e-08 1.979315e-08
3.622519e-08 7.649933e-10
2.939728e-08 -1.917589e-08
1.196366e-08 -3.025998e-08
-6.595017e-09 -2.802237e-08
