-3.375076e-08 6.953572e-09
-3.291783e-08 6.016821e-08
2.503466e-08 9.293092e-08
8.721432e-08 6.789420e-08
1.187394e-07 1.070745e-08
1.126924e-07 -5.871764e-08
6.242558e-08 -1.155241e-07
-1.303162e-08 -1.285151e-07
-7.492963e-08 -9.662458e-08
-1.069357e-07 -4.709930e-08
-1.195859e-07 6.380517e-09
-1.104287e-07 7.096191e-08
-5.615838e-08 1.330885e-07
3.936516e-08 1.463818e-07
1.205146e-07 8.595260e-08
1.328211e-07 -7.701980e-09
8.585134e-08 -6.857708e-08
3.536851e-08 -7.890496e-08
9.984486e-09 -7.525307e-08
-1.462550e-08 -8.420885e-08
-6.421238e-08 -8.274176e-08
-1.163247e-07 -3.572063e-08
-1.217281e-07 4.682558e-08
-6.523341e-08 1.113220e-07
1.373211e-08 1.173262e-07
6.416306e-08 7.786613e-08
7.605336e-08 3.704501e-08
8.047633e-08 1.448314e-08
9.818830e-08 -1.517969e-08
1.010894e-07 -7.944945e-08
4.195655e-08 -1.523629e-07
-7.485395e-08 -1.636676e-07
-1.730320e-07 -7.718615e-08
-1.759821e-07 5.433380e-08
-9.154593e-08 1.372361e-07
6.106858e-10 1.373749e-07
4.768449e-08 1.041790e-07
7.689374e-08 8.631550e-08
1.299170e-07 5.879583e-08
1.751062e-07 -3.020522e-08
1.331144e-07 -1.570761e-07
-8.557101e-09 -2.190485e-07
-1.528152e-07 -1.506147e-07
-1.926901e-07 -7.946006e-09
-1.274720e-07 9.497270e-08
-4.472567e-08 1.142171e-07
-1.431066e-09 1.004525e-07
3.054868e-08 1.016664e-07
9.107965e-08 9.133869e-08
1.492042e-07 2.061748e-08
1.344235e-07 -8.971837e-08
3.582706e-08 -1.549370e-07
-7.225531e-08 -1.242378e-07
-1.130708e-07 -3.767345e-08
-8.639419e-08 2.871957e-08
-4.677996e-08 4.855706e-08
-2.553711e-08 5.207397e-08
-4.956744e-09 6.323514e-08
3.424440e-08 6.419636e-08
7.205564e-08 3.006079e-08
7.243822e-08 -2.579534e-08
