9.470697e-07 1.863690e-06
3.134741e-06 9.103552e-07
3.425952e-06 -2.023384e-06
8.774159e-07 -3.900243e-06
-1.937348e-06 -2.862983e-06
-2.569899e-06 -4.277887e-07
-1.343288e-06 9.577738e-07
-2.210964e-07 7.166038e-07
-2.256920e-07 1.484739e-07
-6.243467e-07 3.668566e-07
-3.478027e-07 1.028823e-06
5.666552e-07 1.117386e-06
1.193622e-06 3.545474e-07
9.548937e-07 -5.488794e-07
2.212329e-07 -8.375246e-07
-2.683009e-07 -5.213117e-07
-2.667438e-07 -1.697820e-07
-1.349674e-07 -1.374452e-07
-2.376191e-07 -2.202299e-07
-4.680496e-07 -5.865111e-08
-4.535688e-07 3.312170e-07
-8.600216e-08 5.780624e-07
3.302961e-07 4.347164e-07
4.557502e-07 6.472683e-08
2.890257e-07 -1.925476e-07
8.716614e-08 -2.153338e-07
1.396172e-08 -1.530108e-07
-2.631209e-09 -1.530543e-07
-8.317917e-08 -1.753004e-07
-1.992818e-07 -1.047473e-07
-2.254730e-07 5.475454e-08
-1.199975e-07 1.792784e-07
2.598616e-08 1.810494e-07
1.056098e-07 9.514221e-08
1.012779e-07 1.139625e-08
6.434597e-08 -2.577340e-08
3.769576e-08 -3.163357e-08
2.545506e-08 -3.332432e-08
1.482262e-08 -3.943106e-08
-2.230590e-09 -4.459147e-08
-2.490497e-08 -3.988591e-08
-4.322882e-08 -1.941596e-08
-4.282238e-08 1.008119e-08
-2.172376e-08 2.852996e-08
4.586693e-10 2.330933e-08
2.897013e-09 8.299400e-09
-8.214887e-09 8.606536e-09
-6.097661e-09 2.571534e-08
1.890008e-08 3.274825e-08
4.256383e-08 1.074533e-08
3.719361e-08 -2.339971e-08
8.119141e-09 -3.738800e-08
-1.417911e-08 -2.434476e-08
-1.424311e-08 -7.930579e-09
-7.977024e-09 -7.111211e-09
-1.501614e-08 -1.152715e-08
-2.867859e-08 -3.823347e-10
-2.559050e-08 2.437836e-08
1.781534e-10 3.783930e-08
2.660442e-08 2.439428e-08
3.061002e-08 -2.156673e-09
