8.154523e-08 2.354189e-08
1.170680e-07 -6.326917e-08
5.943412e-08 -1.653479e-07
-7.346408e-08 -1.943520e-07
-1.979760e-07 -1.083561e-07
-2.205248e-07 4.731558e-08
-1.281651e-07 1.629629e-07
-5.723477e-09 1.769398e-07
6.911448e-08 1.292254e-07
1.020729e-07 8.202072e-08
1.314037e-07 3.677992e-08
1.477338e-07 -3.678251e-08
1.080065e-07 -1.242877e-07
1.038277e-08 -1.664576e-07
-8.769038e-08 -1.309449e-07
-1.307463e-07 -5.011280e-08
-1.180207e-07 2.052301e-08
-8.613095e-08 5.954949e-08
-5.777506e-08 8.400669e-08
-2.236215e-08 1.098621e-07
3.745892e-08 1.234261e-07
1.110739e-07 9.450854e-08
1.574335e-07 1.443152e-08
1.403138e-07 -8.335126e-08
6.552688e-08 -1.468048e-07
-2.372984e-08 -1.513140e-07
-9.083507e-08 -1.144089e-07
-1.335033e-07 -6.126968e-08
-1.589246e-07 8.462829e-09
-1.475764e-07 1.010072e-07
-6.974944e-08 1.853339e-07
5.981373e-08 2.012713e-07
1.714608e-07 1.234000e-07
2.023720e-07 -3.157728e-09
1.540979e-07 -1.077372e-07
7.245734e-08 -1.603420e-07
-1.335016e-08 -1.730545e-07
-1.027708e-07 -1.501342e-07
-1.802551e-07 -7.392942e-08
-1.981011e-07 4.953365e-08
-1.258833e-07 1.614259e-07
7.559684e-10 1.948610e-07
1.064600e-07 1.412454e-07
1.474662e-07 5.108323e-08
1.369046e-07 -2.699258e-08
1.024925e-07 -8.430642e-08
4.751036e-08 -1.261841e-07
-3.144655e-08 -1.362137e-07
-1.081288e-07 -9.117436e-08
-1.364309e-07 -3.520210e-09
-9.891372e-08 7.580838e-08
-2.765132e-08 1.042832e-07
3.056136e-08 8.452656e-08
5.773884e-08 4.788905e-08
6.515568e-08 1.441411e-08
6.236506e-08 -1.754474e-08
4.365731e-08 -4.866029e-08
6.208391e-09 -6.442336e-08
-3.349590e-08 -5.101395e-08
-5.182008e-08 -1.599264e-08
-4.216174e-08 1.669637e-08
