-7.220461e-07 -1.666057e-06
-2.511546e-06 -1.032734e-06
-3.101219e-06 1.094504e-06
-1.805056e-06 2.903834e-06
1.623513e-07 3.215804e-06
1.540664e-06 2.458727e-06
2.246219e-06 1.589546e-06
2.945726e-06 7.304199e-07
3.596725e-06 -8.926103e-07
2.938485e-06 -3.382597e-06
1.178419e-07 -5.091682e-06
-3.497009e-06 -4.067251e-06
-5.169920e-06 -5.921994e-07
-3.760560e-06 2.675488e-06
-1.014875e-06 3.563068e-06
6.703586e-07 2.642851e-06
1.065049e-06 1.916507e-06
1.723053e-06 1.856364e-06
3.139955e-06 9.957688e-07
3.665961e-06 -1.453886e-06
1.798851e-06 -3.857095e-06
-1.420873e-06 -3.917477e-06
-3.357747e-06 -1.571442e-06
-2.821479e-06 9.335556e-07
-1.153256e-06 1.769417e-06
-1.770303e-07 1.352675e-06
-2.908872e-08 1.126069e-06
3.819298e-07 1.385258e-06
1.389790e-06 1.152789e-06
2.002971e-06 -9.044153e-08
1.344691e-06 -1.470198e-06
-1.011251e-07 -1.789509e-06
-1.088980e-06 -9.725754e-07
-1.064963e-06 1.141913e-08
-5.552178e-07 4.026195e-07
-2.538535e-07 3.448800e-07
-2.125707e-07 3.478971e-07
-6.444124e-08 5.068087e-07
2.963253e-07 5.040794e-07
5.670084e-07 1.728791e-07
4.815731e-07 -2.470939e-07
1.455858e-07 -4.247406e-07
-1.329675e-07 -3.104721e-07
-1.992545e-07 -1.117759e-07
-1.418147e-07 -6.557116e-09
-1.021872e-07 1.130626e-08
-1.061841e-07 3.504845e-08
-8.971893e-08 9.488438e-08
-1.721233e-08 1.382621e-07
7.179295e-08 1.149861e-07
1.154481e-07 3.866055e-08
9.558433e-08 -3.443594e-08
4.547341e-08 -6.478973e-08
6.653382e-09 -5.873835e-08
-1.045867e-08 -4.612862e-08
-2.337432e-08 -4.086570e-08
-4.407197e-08 -3.022383e-08
-5.943773e-08 -4.175733e-10
-4.860688e-08 3.794582e-08
-1.227839e-08 5.801304e-08
2.484517e-08 4.677745e-08
