5.098556e-07 7.765863e-07
1.462905e-06 2.472458e-07
1.591742e-06 -1.196431e-06
2.821223e-07 -2.321306e-06
-1.537333e-06 -1.908374e-06
-2.280134e-06 -2.540294e-07
-1.537654e-06 1.096186e-06
-4.878269e-07 1.241535e-06
-2.059590e-07 9.308339e-07
-2.126132e-07 1.241466e-06
6.437610e-07 1.816602e-06
2.206697e-06 1.262746e-06
2.844907e-06 -7.472381e-07
1.510486e-06 -2.651931e-06
-7.686994e-07 -2.754990e-06
-2.059412e-06 -1.247305e-06
-1.786957e-06 2.046087e-07
-1.075557e-06 6.323582e-07
-9.120050e-07 6.941880e-07
-8.419018e-07 1.277394e-06
6.828525e-08 1.977728e-06
1.575634e-06 1.639930e-06
2.346925e-06 8.188532e-08
1.626172e-06 -1.485424e-06
1.487345e-07 -1.875245e-06
-8.352318e-07 -1.200463e-06
-9.690550e-07 -4.295896e-07
-8.285819e-07 -7.605245e-08
-8.500331e-07 1.762341e-07
-7.749797e-07 6.660648e-07
-2.305426e-07 1.113086e-06
5.729035e-07 1.004100e-06
1.026592e-06 3.288247e-07
8.454167e-07 -3.785960e-07
3.289795e-07 -6.602835e-07
-7.567048e-08 -5.499469e-07
-2.395281e-07 -3.493774e-07
-3.081142e-07 -2.074434e-07
-3.719990e-07 -5.322030e-08
-3.518483e-07 1.631575e-07
-1.757311e-07 3.372874e-07
7.240620e-08 3.407482e-07
2.333312e-07 1.854247e-07
2.394961e-07 2.396827e-09
1.523109e-07 -1.023001e-07
6.299367e-08 -1.242810e-07
5.141669e-09 -1.127210e-07
-3.698833e-08 -9.525579e-08
-7.475260e-08 -6.475046e-08
-9.435412e-08 -1.450265e-08
-7.975398e-08 3.884099e-08
-3.749414e-08 6.890638e-08
6.930111e-09 6.556190e-08
3.256360e-08 4.201993e-08
3.857354e-08 1.835790e-08
3.705926e-08 2.262008e-09
3.472639e-08 -1.201938e-08
2.635163e-08 -2.857006e-08
6.458481e-09 -3.994168e-08
-1.829534e-08 -3.553774e-08
-3.352493e-08 -1.605248e-08
