-1.616211e-07 3.768801e-08
-3.159182e-07 3.703209e-07
4.180152e-08 9.023278e-07
9.268671e-07 8.145613e-07
1.380353e-06 -1.527722e-07
7.906788e-07 -1.120809e-06
-2.867383e-07 -1.183207e-06
-8.567377e-07 -4.504289e-07
-6.270341e-07 2.249501e-07
-1.654284e-07 3.145568e-07
-5.183966e-08 9.916830e-08
-2.046550e-07 1.047870e-07
-1.635893e-07 3.651559e-07
1.955229e-07 4.625908e-07
5.043085e-07 1.666230e-07
4.257156e-07 -2.533199e-07
7.768699e-08 -4.035649e-07
-1.726669e-07 -2.430772e-07
-1.739902e-07 -4.436773e-08
-8.655016e-08 3.739723e-09
-8.344386e-08 -2.260807e-08
-1.327088e-07 2.026740e-08
-1.082181e-07 1.236716e-07
7.177012e-09 1.696687e-07
1.121463e-07 1.075118e-07
1.285712e-07 3.310790e-09
7.706764e-08 -5.983507e-08
2.118446e-08 -6.556859e-08
-7.193196e-09 -4.656235e-08
-1.521302e-08 -3.052191e-08
-1.838702e-08 -2.260870e-08
-2.424823e-08 -1.710691e-08
-3.213424e-08 -6.673207e-09
-3.386333e-08 1.194439e-08
-2.038722e-08 3.055759e-08
4.057132e-09 3.371784e-08
2.077546e-08 1.774875e-08
1.755276e-08 -6.601783e-10
5.188949e-09 -3.586598e-09
3.626476e-09 4.944673e-09
1.471779e-08 5.258058e-09
2.002128e-08 -9.718277e-09
7.197971e-09 -2.395170e-08
-1.222465e-08 -2.031294e-08
-1.839949e-08 -3.847613e-09
-9.567779e-09 5.950357e-09
-2.543638e-09 2.042663e-09
-7.721704e-09 -1.991985e-09
-1.432037e-08 6.833576e-09
-6.365887e-09 2.081297e-08
1.326136e-08 2.100540e-08
2.456713e-08 3.358936e-09
1.609377e-08 -1.464797e-08
-5.077069e-10 -1.624881e-08
-6.758396e-09 -6.128497e-09
-1.643419e-09 -1.547763e-09
-3.126185e-10 -7.129400e-09
-9.978303e-09 -9.213659e-09
-1.811955e-08 2.584567e-09
-1.021177e-08 1.812731e-08
8.479501e-09 1.917207e-08
