6.278826e-09 5.732132e-09
1.621360e-08 -2.051714e-09
1.706618e-08 -1.773974e-08
7.220266e-09 -3.359637e-08
-1.616418e-08 -4.367721e-08
-4.893541e-08 -3.286809e-08
-6.833466e-08 4.980956e-09
-5.373958e-08 4.986873e-08
-1.197795e-08 7.182683e-08
2.924295e-08 6.181984e-08
5.240597e-08 3.585499e-08
6.199660e-08 8.234681e-09
6.286987e-08 -2.342496e-08
4.462322e-08 -5.914140e-08
8.003238e-10 -7.910330e-08
-4.850005e-08 -6.277095e-08
-7.187358e-08 -1.853685e-08
-6.138667e-08 2.305501e-08
-3.624981e-08 4.417885e-08
-1.269586e-08 5.181350e-08
1.227310e-08 5.407877e-08
4.207775e-08 4.293827e-08
6.230578e-08 1.053334e-08
5.488750e-08 -2.967743e-08
2.321892e-08 -5.254509e-08
-9.800002e-09 -4.859516e-08
-2.730575e-08 -3.087186e-08
-3.222037e-08 -1.519392e-08
-3.506696e-08 -3.174490e-09
-3.700451e-08 1.256021e-08
-2.952709e-08 3.311317e-08
-7.231377e-09 4.839448e-08
2.306055e-08 4.623415e-08
4.592024e-08 2.455341e-08
4.987491e-08 -5.397118e-09
3.699406e-08 -2.860233e-08
1.866842e-08 -3.976989e-08
1.069901e-09 -4.469892e-08
-2.072290e-08 -4.620447e-08
-4.912852e-08 -3.425210e-08
-6.908865e-08 1.111372e-09
-5.808568e-08 4.801206e-08
-1.438284e-08 7.552756e-08
3.446514e-08 6.462477e-08
5.902460e-08 2.878084e-08
5.733109e-08 -4.482245e-09
4.717359e-08 -2.611746e-08
3.467209e-08 -4.671609e-08
7.057835e-09 -6.718028e-08
-3.897058e-08 -6.616313e-08
-7.733241e-08 -2.752357e-08
-7.588751e-08 3.009691e-08
-3.489256e-08 6.680587e-08
1.211830e-08 6.363197e-08
3.676612e-08 3.815979e-08
4.193049e-08 1.568969e-08
4.412319e-08 -1.205465e-09
4.309003e-08 -2.421779e-08
2.385893e-08 -5.004557e-08
-1.438680e-08 -5.677703e-08
-4.757262e-08 -3.215428e-08
