1.493800e-07 -9.486910e-08
7.433449e-08 -2.757405e-07
-1.861624e-07 -3.479315e-07
-4.525662e-07 -1.496777e-07
-4.610870e-07 2.188059e-07
-1.781125e-07 4.554527e-07
1.450870e-07 3.968112e-07
2.799051e-07 1.808601e-07
2.525630e-07 1.852489e-08
2.086871e-07 -5.828967e-08
1.795777e-07 -1.389268e-07
8.971847e-08 -2.332401e-07
-7.167894e-08 -2.487823e-07
-2.030689e-07 -1.402620e-07
-2.165536e-07 1.645395e-08
-1.349840e-07 1.171166e-07
-4.084743e-08 1.356837e-07
2.107986e-08 1.128757e-07
5.882598e-08 8.168150e-08
8.382751e-08 4.241566e-08
8.750809e-08 -5.973215e-09
6.337151e-08 -4.671339e-08
2.460526e-08 -6.272419e-08
-8.520472e-09 -5.497823e-08
-2.679150e-08 -3.665457e-08
-3.277269e-08 -1.841856e-08
-3.194183e-08 -3.996881e-09
-2.823777e-08 6.751143e-09
-2.332001e-08 1.578114e-08
-1.555694e-08 2.458997e-08
-2.224429e-09 3.043148e-08
1.438586e-08 2.734022e-08
2.575517e-08 1.396656e-08
2.555836e-08 -2.035077e-09
1.749543e-08 -1.134213e-08
1.062377e-08 -1.352361e-08
7.395977e-09 -1.591402e-08
1.094508e-09 -2.151444e-08
-1.287857e-08 -2.281126e-08
-2.717850e-08 -1.127302e-08
-2.877028e-08 9.383614e-09
-1.452716e-08 2.447443e-08
3.948080e-09 2.400187e-08
1.323076e-08 1.325478e-08
1.263051e-08 4.818982e-09
1.188780e-08 2.518441e-09
1.562814e-08 -1.515710e-09
1.600902e-08 -1.297397e-08
4.156697e-09 -2.409302e-08
-1.495412e-08 -2.158416e-08
-2.538273e-08 -4.234161e-09
-1.854099e-08 1.361976e-08
-3.121869e-09 1.830234e-08
6.431540e-09 1.163987e-08
7.058243e-09 5.369513e-09
7.091570e-09 4.244714e-09
1.113004e-08 1.698291e-09
1.258710e-08 -7.256125e-09
4.294153e-09 -1.604062e-08
-9.164647e-09 -1.440524e-08
-1.573270e-08 -2.632312e-09
