2.080135e-08 -8.345679e-09
1.608817e-08 -3.385678e-08
-1.450097e-08 -5.088912e-08
-5.516250e-08 -3.651585e-08
-7.434724e-08 9.036902e-09
-5.293829e-08 5.647620e-08
-6.467111e-09 7.326218e-08
3.171313e-08 5.719952e-08
4.810234e-08 3.191685e-08
5.559901e-08 1.115829e-08
6.218689e-08 -1.527948e-08
5.171470e-08 -5.386316e-08
8.989683e-09 -8.236472e-08
-4.749306e-08 -7.076192e-08
-7.775913e-08 -2.190290e-08
-6.511802e-08 2.736991e-08
-3.192614e-08 4.830432e-08
-6.407119e-09 4.736067e-08
9.952085e-09 4.453131e-08
3.091590e-08 4.024823e-08
5.394224e-08 1.943053e-08
5.821926e-08 -1.832158e-08
3.335215e-08 -5.014485e-08
-4.511198e-09 -5.492147e-08
-3.045364e-08 -3.590762e-08
-3.627035e-08 -1.284516e-08
-3.240590e-08 1.649432e-09
-2.975229e-08 1.126937e-08
-2.655703e-08 2.452399e-08
-1.341801e-08 4.027468e-08
1.252036e-08 4.658824e-08
4.036600e-08 3.291736e-08
5.319964e-08 2.653872e-09
4.364966e-08 -2.779568e-08
2.042120e-08 -4.394424e-08
-2.725258e-09 -4.548569e-08
-2.198878e-08 -4.037830e-08
-4.181793e-08 -2.920262e-08
-5.876241e-08 -3.843346e-09
-5.662913e-08 3.497308e-08
-2.497871e-08 6.703069e-08
2.247965e-08 6.894905e-08
5.735107e-08 3.938463e-08
6.417826e-08 -3.220368e-10
5.063361e-08 -3.060973e-08
2.962237e-08 -4.946720e-08
2.300334e-09 -6.064596e-08
-3.337938e-08 -5.712837e-08
-6.498125e-08 -2.837564e-08
-7.024399e-08 1.841399e-08
-4.185245e-08 5.661809e-08
1.542291e-09 6.471399e-08
3.411713e-08 4.594917e-08
4.673903e-08 1.891632e-08
4.650920e-08 -5.051042e-09
3.851447e-08 -2.684423e-08
1.905697e-08 -4.522469e-08
-1.156220e-08 -4.931904e-08
-3.924882e-08 -3.108351e-08
-4.683660e-08 7.059294e-10
-3.203384e-08 2.630055e-08
