9.437028e-08 -1.550386e-07
-6.856497e-08 -2.829271e-07
-3.403272e-07 -2.047490e-07
-4.583955e-07 1.167359e-07
-2.535151e-07 4.302309e-07
1.153667e-07 4.570322e-07
3.351785e-07 2.166308e-07
3.018775e-07 -3.066768e-08
1.756451e-07 -1.228214e-07
1.087414e-07 -1.316331e-07
7.095425e-08 -1.707813e-07
-2.840146e-08 -2.138745e-07
-1.651303e-07 -1.634201e-07
-2.263868e-07 -1.652109e-08
-1.628217e-07 1.208402e-07
-4.119550e-08 1.619047e-07
4.673061e-08 1.198930e-07
7.462900e-08 6.036048e-08
7.223134e-08 2.042806e-08
6.598167e-08 -6.037458e-09
5.515343e-08 -3.169389e-08
3.169346e-08 -5.247326e-08
-2.944009e-10 -5.708568e-08
-2.740657e-08 -4.293844e-08
-3.923283e-08 -1.868445e-08
-3.512103e-08 3.089420e-09
-2.313301e-08 1.427092e-08
-1.331248e-08 1.608280e-08
-9.064617e-09 1.651831e-08
-4.758699e-09 2.074476e-08
5.987009e-09 2.430230e-08
2.020590e-08 1.857497e-08
2.722903e-08 2.919408e-09
2.130458e-08 -1.249805e-08
8.947156e-09 -1.797323e-08
7.353187e-10 -1.526691e-08
-1.835625e-09 -1.350752e-08
-6.563734e-09 -1.543102e-08
-1.729500e-08 -1.307627e-08
-2.565939e-08 3.831087e-10
-2.031146e-08 1.850150e-08
-2.321579e-09 2.659486e-08
1.415224e-08 1.871061e-08
1.787032e-08 4.486664e-09
1.256919e-08 -3.399727e-09
9.335781e-09 -4.468338e-09
1.024903e-08 -7.927610e-09
6.271636e-09 -1.655417e-08
-7.615954e-09 -2.034137e-08
-2.179612e-08 -9.817611e-09
-2.207302e-08 9.162898e-09
-7.620405e-09 2.039864e-08
7.628861e-09 1.623689e-08
1.203555e-08 5.221081e-09
8.551455e-09 -8.597742e-10
6.781237e-09 -1.585912e-09
8.037466e-09 -4.581984e-09
4.995022e-09 -1.128278e-08
-5.086648e-09 -1.357473e-08
-1.410484e-08 -5.747745e-09
-1.305516e-08 6.331716e-09
