-1.348916e-06 1.626235e-06
3.300351e-07 4.160905e-06
5.133438e-06 4.103887e-06
8.462755e-06 -1.441623e-06
5.044494e-06 -8.278621e-06
-2.937036e-06 -9.245154e-06
-7.874880e-06 -3.537643e-06
-6.227982e-06 2.471799e-06
-2.128921e-06 3.738025e-06
-7.517267e-07 2.244243e-06
-1.451424e-06 2.603666e-06
-9.680376e-09 4.821848e-06
4.237775e-06 4.626139e-06
6.978142e-06 1.611275e-07
4.812065e-06 -4.932048e-06
-2.308218e-07 -6.103075e-06
-3.506219e-06 -3.334649e-06
-3.368004e-06 -2.891697e-07
-2.047146e-06 7.197879e-07
-1.689404e-06 7.948910e-07
-1.696126e-06 1.665421e-06
-4.938115e-07 2.858036e-06
1.663828e-06 2.643847e-06
2.925360e-06 7.250709e-07
2.290353e-06 -1.309248e-06
6.739691e-07 -1.997670e-06
-4.866631e-07 -1.477147e-06
-8.125920e-07 -7.700629e-07
-8.416308e-07 -3.680114e-07
-9.203494e-07 -1.440975e-08
-8.289290e-07 4.941647e-07
-3.545476e-07 8.867205e-07
2.668443e-07 8.316587e-07
6.222597e-07 4.012655e-07
5.863407e-07 -4.543132e-08
3.556963e-07 -2.736203e-07
1.445278e-07 -3.158448e-07
1.494881e-10 -2.918726e-07
-1.174699e-07 -2.406547e-07
-2.090653e-07 -1.420490e-07
-2.339389e-07 -6.792656e-09
-1.776064e-07 1.105776e-07
-7.599617e-08 1.638669e-07
1.802853e-08 1.506600e-07
7.384725e-08 1.020762e-07
9.402948e-08 5.102858e-08
9.726396e-08 8.790751e-09
9.186286e-08 -3.271688e-08
6.710899e-08 -7.655093e-08
1.424645e-08 -1.040362e-07
-4.917428e-08 -9.124399e-08
-8.791261e-08 -4.042032e-08
-8.384227e-08 1.680881e-08
-5.189873e-08 5.101277e-08
-1.768169e-08 5.981189e-08
9.834681e-09 5.642100e-08
3.506852e-08 4.494801e-08
5.479244e-08 1.956905e-08
5.535217e-08 -1.622476e-08
3.175373e-08 -4.391813e-08
-1.639079e-09 -4.793942e-08
