1.949184e-07 -9.925656e-08
1.458735e-07 -3.079665e-07
-8.714488e-08 -4.415518e-07
-3.934701e-07 -3.503715e-07
-5.565320e-07 -3.088877e-08
-4.356292e-07 3.146997e-07
-1.354565e-07 4.577679e-07
1.203196e-07 3.827146e-07
2.441351e-07 2.361954e-07
2.986452e-07 1.006980e-07
3.159964e-07 -5.398346e-08
2.400069e-07 -2.258504e-07
5.393535e-08 -3.183952e-07
-1.418880e-07 -2.592102e-07
-2.304088e-07 -1.027568e-07
-2.012082e-07 3.514276e-08
-1.285623e-07 1.028918e-07
-6.367827e-08 1.279696e-07
-1.648984e-10 1.364614e-07
6.901789e-08 1.144341e-07
1.147953e-07 5.114293e-08
1.077802e-07 -2.347613e-08
6.038387e-08 -6.631160e-08
1.231010e-08 -6.687646e-08
-1.285153e-08 -4.825881e-08
-2.113801e-08 -3.304158e-08
-2.687736e-08 -2.386491e-08
-3.384976e-08 -1.317013e-08
-3.716044e-08 2.371443e-09
-3.216852e-08 1.964150e-08
-1.799523e-08 3.277678e-08
1.677932e-09 3.583522e-08
1.859020e-08 2.684733e-08
2.519545e-08 1.174707e-08
2.253337e-08 2.176618e-10
1.910812e-08 -4.942024e-09
1.918891e-08 -1.061662e-08
1.596742e-08 -2.213668e-08
1.020609e-09 -3.250613e-08
-2.128475e-08 -2.857263e-08
-3.484863e-08 -8.016961e-09
-2.912585e-08 1.515753e-08
-1.115965e-08 2.505546e-08
3.186533e-09 2.059864e-08
7.578017e-09 1.367943e-08
9.769456e-09 1.202821e-08
1.743061e-08 9.696742e-09
2.498834e-08 -2.480541e-09
1.977047e-08 -2.092092e-08
-1.583287e-10 -3.009854e-08
-2.039074e-08 -2.042204e-08
-2.532498e-08 -3.524822e-10
-1.519996e-08 1.324772e-08
-3.426247e-09 1.409497e-08
1.217997e-09 1.038997e-08
3.288551e-09 1.021575e-08
9.829969e-09 9.989400e-09
1.717261e-08 1.833275e-09
1.496889e-08 -1.198836e-08
1.475060e-09 -1.930011e-08
-1.218982e-08 -1.305760e-08
