3.204895e-09 -3.707364e-08
-3.895863e-08 -4.703222e-08
-8.314036e-08 -1.000239e-08
-8.119804e-08 5.903776e-08
-2.131780e-08 1.058812e-07
5.342581e-08 9.055867e-08
8.701134e-08 3.116389e-08
7.118130e-08 -1.826709e-08
4.611745e-08 -3.383963e-08
3.840348e-08 -4.272476e-08
2.474753e-08 -6.992688e-08
-2.495661e-08 -9.013716e-08
-8.874077e-08 -5.910680e-08
-1.082759e-07 1.798839e-08
-6.200196e-08 8.140618e-08
6.287246e-09 8.584952e-08
4.224226e-08 4.937510e-08
4.177675e-08 1.961895e-08
3.929435e-08 1.106502e-08
5.056070e-08 -1.461411e-09
5.291890e-08 -3.485138e-08
2.278988e-08 -6.830646e-08
-2.769168e-08 -6.899580e-08
-6.220579e-08 -3.282174e-08
-5.994616e-08 1.139543e-08
-3.424810e-08 3.412338e-08
-1.307222e-08 3.356472e-08
-7.039620e-09 3.090809e-08
-2.969214e-10 4.051804e-08
2.588560e-08 4.914974e-08
6.309970e-08 3.017582e-08
7.744403e-08 -2.022702e-08
4.695114e-08 -6.938410e-08
-9.042858e-09 -7.990384e-08
-4.925316e-08 -5.107206e-08
-5.698201e-08 -1.563090e-08
-5.227142e-08 4.801787e-09
-5.357912e-08 2.357221e-08
-4.562476e-08 5.793912e-08
-3.071621e-09 8.961812e-08
6.243390e-08 7.902132e-08
1.025683e-07 1.823441e-08
8.543023e-08 -5.128874e-08
3.100355e-08 -8.321545e-08
-1.731694e-08 -7.360785e-08
-4.273448e-08 -5.057990e-08
-5.923916e-08 -2.893295e-08
-7.333483e-08 2.718653e-09
-6.610835e-08 4.909353e-08
-2.255228e-08 8.489017e-08
3.749511e-08 7.922454e-08
7.432196e-08 3.410273e-08
6.989237e-08 -1.669355e-08
4.098444e-08 -4.500364e-08
1.184934e-08 -5.114660e-08
-1.160939e-08 -4.801495e-08
-3.441259e-08 -3.722643e-08
-5.157235e-08 -1.218915e-08
-4.874964e-08 2.200162e-08
-2.267998e-08 4.570463e-08
1.023503e-08 4.464523e-08
