1.836037e-07 -3.795780e-09
2.455119e-07 -2.233817e-07
3.757983e-08 -4.987960e-07
-4.143032e-07 -4.862603e-07
-7.088224e-07 -5.261348e-08
-5.292435e-07 4.603103e-07
-5.074676e-08 6.101168e-07
2.689055e-07 3.691154e-07
2.418216e-07 1.179833e-07
1.429391e-07 1.331593e-07
2.984680e-07 2.254232e-07
5.956723e-07 8.081080e-09
5.734112e-07 -5.263315e-07
3.114104e-08 -8.874689e-07
-6.265933e-07 -6.526688e-07
-8.221162e-07 -1.822547e-08
-4.977797e-07 4.217564e-07
-1.412400e-07 4.153252e-07
-9.059167e-08 3.103671e-07
-8.838604e-08 4.669012e-07
2.696533e-07 6.672967e-07
8.323639e-07 4.024743e-07
9.820361e-07 -3.450476e-07
4.409106e-07 -9.523471e-07
-3.262912e-07 -8.946515e-07
-6.809722e-07 -3.645209e-07
-5.565789e-07 5.607941e-08
-3.821008e-07 1.595736e-07
-3.843945e-07 2.453371e-07
-3.061454e-07 5.257422e-07
1.089285e-07 7.363547e-07
6.352229e-07 5.074652e-07
7.981818e-07 -7.803542e-08
4.703398e-07 -5.442642e-07
-8.931902e-10 -5.878429e-07
-2.538887e-07 -3.637373e-07
-2.899146e-07 -1.748034e-07
-3.120521e-07 -7.672827e-08
-3.602997e-07 7.555182e-08
-2.820527e-07 3.063722e-07
-1.595318e-08 4.337608e-07
2.674431e-07 3.163159e-07
3.598020e-07 4.885705e-08
2.490249e-07 -1.559129e-07
8.797353e-08 -2.055332e-07
-1.107136e-08 -1.715971e-07
-6.547438e-08 -1.379665e-07
-1.233446e-07 -9.745461e-08
-1.638673e-07 -1.252120e-08
-1.338748e-07 9.143272e-08
-3.841676e-08 1.431868e-07
5.407858e-08 1.132375e-07
8.870400e-08 4.325487e-08
7.266713e-08 -1.008427e-08
4.513259e-08 -3.115545e-08
2.587475e-08 -3.835825e-08
7.566801e-09 -4.440079e-08
-1.652055e-08 -4.223903e-08
-3.673748e-08 -2.386536e-08
-3.957922e-08 3.192841e-09
-2.489827e-08 2.262806e-08
