-9.170220e-07 -1.710334e-06
-2.738492e-06 -7.948352e-07
-2.950072e-06 1.482336e-06
-1.335517e-06 2.904963e-06
3.419924e-07 2.740171e-06
1.136984e-06 2.100876e-06
1.743085e-06 1.844916e-06
2.989119e-06 1.308420e-06
4.140502e-06 -6.993682e-07
3.320477e-06 -3.774588e-06
-5.825925e-08 -5.544594e-06
-3.894662e-06 -4.074159e-06
-5.256966e-06 -3.037199e-07
-3.537335e-06 2.757309e-06
-9.338304e-07 3.324868e-06
3.973224e-07 2.482488e-06
7.622936e-07 2.144415e-06
1.786603e-06 2.262529e-06
3.514650e-06 1.146921e-06
3.957686e-06 -1.663106e-06
1.786606e-06 -4.140714e-06
-1.584624e-06 -4.014897e-06
-3.439071e-06 -1.527604e-06
-2.808852e-06 9.370344e-07
-1.189334e-06 1.702779e-06
-3.037913e-07 1.343436e-06
-1.287469e-07 1.243432e-06
4.144115e-07 1.539755e-06
1.516941e-06 1.219019e-06
2.112142e-06 -1.319543e-07
1.380616e-06 -1.547601e-06
-1.119980e-07 -1.844975e-06
-1.109592e-06 -1.005420e-06
-1.091909e-06 -1.342314e-08
-5.948678e-07 3.925785e-07
-2.928618e-07 3.621236e-07
-2.293895e-07 3.841962e-07
-5.503242e-08 5.395728e-07
3.180550e-07 5.200802e-07
5.878927e-07 1.745447e-07
4.978729e-07 -2.537409e-07
1.562251e-07 -4.376054e-07
-1.314223e-07 -3.268742e-07
-2.079342e-07 -1.247708e-07
-1.551660e-07 -1.003870e-08
-1.121194e-07 1.648313e-08
-1.092660e-07 4.271819e-08
-8.842936e-08 1.002060e-07
-1.521825e-08 1.409959e-07
7.357296e-08 1.170312e-07
1.181541e-07 4.045139e-08
9.947146e-08 -3.434073e-08
4.878406e-08 -6.737754e-08
7.329217e-09 -6.280077e-08
-1.253771e-08 -4.915829e-08
-2.626427e-08 -4.145320e-08
-4.583275e-08 -2.917678e-08
-5.992598e-08 5.911782e-10
-4.895399e-08 3.840454e-08
-1.297257e-08 5.875360e-08
2.465038e-08 4.832287e-08
