-2.023779e-06 2.297178e-06
6.558595e-07 4.638483e-06
5.167225e-06 3.451369e-06
7.200866e-06 -1.747561e-06
3.922611e-06 -6.986435e-06
-2.326000e-06 -7.491194e-06
-6.123321e-06 -3.206152e-06
-5.256807e-06 1.286845e-06
-2.633919e-06 2.685355e-06
-1.524578e-06 2.379948e-06
-1.307002e-06 3.145034e-06
5.938291e-07 4.565405e-06
4.084555e-06 3.766575e-06
5.973915e-06 -7.560253e-08
4.113048e-06 -4.108788e-06
1.432667e-07 -5.158394e-06
-2.648267e-06 -3.248109e-06
-3.037218e-06 -8.556741e-07
-2.349343e-06 3.904093e-07
-1.920541e-06 9.969524e-07
-1.471169e-06 1.867973e-06
-2.071581e-07 2.626505e-06
1.534894e-06 2.248633e-06
2.511130e-06 6.707468e-07
2.077646e-06 -9.985888e-07
8.234981e-07 -1.732037e-06
-2.676117e-07 -1.502115e-06
-7.935488e-07 -9.130748e-07
-9.434885e-07 -3.777044e-07
-9.239199e-07 9.125997e-08
-7.105155e-07 5.255219e-07
-2.762041e-07 7.842462e-07
2.134194e-07 7.231723e-07
5.210105e-07 3.992485e-07
5.518859e-07 2.154262e-08
3.884018e-07 -2.371259e-07
1.682288e-07 -3.329942e-07
-1.805303e-08 -3.083127e-07
-1.395896e-07 -2.201116e-07
-1.967366e-07 -1.095535e-07
-1.991212e-07 -1.783940e-09
-1.570896e-07 8.621398e-08
-8.350806e-08 1.389410e-07
-2.797352e-10 1.453877e-07
6.522672e-08 1.105211e-07
9.710138e-08 5.650504e-08
1.000437e-07 5.112054e-09
8.608134e-08 -3.738566e-08
5.769607e-08 -7.230896e-08
1.243059e-08 -9.200892e-08
-3.982582e-08 -8.258226e-08
-7.615564e-08 -4.319176e-08
-8.046003e-08 7.045428e-09
-5.714875e-08 4.520276e-08
-2.241919e-08 6.177587e-08
1.136254e-08 5.945568e-08
3.828089e-08 4.244164e-08
5.249704e-08 1.433770e-08
4.842960e-08 -1.646826e-08
2.791638e-08 -3.764768e-08
1.636676e-09 -4.178924e-08
