-1.933144e-07 2.002735e-07
5.696390e-08 5.191730e-07
6.608278e-07 5.851693e-07
1.411394e-06 2.480790e-08
1.488540e-06 -1.359062e-06
8.454345e-08 -2.517544e-06
-1.962021e-06 -1.989829e-06
-2.781597e-06 3.889757e-08
-1.741253e-06 1.761847e-06
-1.546787e-07 1.932202e-06
5.257855e-07 1.227117e-06
5.117650e-07 9.897811e-07
1.009505e-06 1.211864e-06
2.139886e-06 6.457944e-07
2.509306e-06 -1.149654e-06
1.103014e-06 -2.818227e-06
-1.169458e-06 -2.756808e-06
-2.456725e-06 -1.091329e-06
-2.110896e-06 5.859255e-07
-1.128824e-06 1.214140e-06
-5.440618e-07 1.228604e-06
-1.831660e-07 1.427532e-06
6.277200e-07 1.636359e-06
1.714871e-06 1.069498e-06
2.102851e-06 -3.291500e-07
1.299876e-06 -1.589002e-06
-5.025807e-08 -1.825284e-06
-9.624412e-07 -1.169046e-06
-1.149964e-06 -3.756525e-07
-1.003110e-06 1.371310e-07
-8.220097e-07 5.110770e-07
-4.906565e-07 8.851371e-07
1.069543e-07 1.043819e-06
7.146699e-07 7.410682e-07
9.391617e-07 1.149355e-07
7.000420e-07 -4.232323e-07
2.682351e-07 -6.210175e-07
-7.935903e-08 -5.495507e-07
-2.849023e-07 -3.834362e-07
-4.012510e-07 -1.847861e-07
-4.201829e-07 5.266368e-08
-2.957626e-07 2.690833e-07
-6.734466e-08 3.550330e-07
1.374623e-07 2.777588e-07
2.235277e-07 1.196497e-07
2.015506e-07 -1.501684e-08
1.373631e-07 -8.915504e-08
7.106759e-08 -1.217901e-07
4.954547e-09 -1.290185e-07
-5.816042e-08 -1.055884e-07
-9.778925e-08 -5.135233e-08
-9.690093e-08 1.149850e-08
-6.263770e-08 5.420134e-08
-1.959663e-08 6.505285e-08
1.181471e-08 5.353244e-08
2.763718e-08 3.592877e-08
3.523147e-08 2.033274e-08
4.004848e-08 4.193522e-09
3.856590e-08 -1.606617e-08
2.427324e-08 -3.536087e-08
-8.423086e-10 -4.225508e-08
