-7.579745e-09 4.476899e-06
5.023462e-06 4.400731e-06
8.335100e-06 -1.033472e-06
5.371963e-06 -7.628691e-06
-1.973877e-06 -9.111784e-06
-7.142719e-06 -4.327062e-06
-6.393413e-06 1.480832e-06
-2.776570e-06 3.312958e-06
-1.223902e-06 2.233574e-06
-1.830404e-06 2.546972e-06
-6.696511e-07 4.914406e-06
3.610782e-06 5.375150e-06
7.159136e-06 1.325647e-06
5.873516e-06 -4.314872e-06
8.089429e-07 -6.515081e-06
-3.257264e-06 -4.169938e-06
-3.662507e-06 -7.293815e-07
-2.190694e-06 6.668035e-07
-1.614769e-06 5.645998e-07
-1.946200e-06 1.175448e-06
-1.244630e-06 2.707026e-06
1.012723e-06 3.219418e-06
2.998057e-06 1.581822e-06
2.934168e-06 -9.162573e-07
1.208085e-06 -2.222542e-06
-4.111121e-07 -1.837534e-06
-9.279284e-07 -8.717749e-07
-7.985579e-07 -3.371348e-07
-7.815089e-07 -1.530832e-07
-8.886107e-07 2.067156e-07
-6.637231e-07 7.513868e-07
-2.103405e-08 1.000288e-06
5.923083e-07 6.926378e-07
7.560604e-07 1.078170e-07
5.064920e-07 -3.060934e-07
1.743786e-07 -3.913778e-07
-1.630425e-08 -3.029708e-07
-8.865534e-08 -2.220488e-07
-1.504030e-07 -1.731319e-07
-2.214090e-07 -8.942048e-08
-2.374638e-07 4.638048e-08
-1.580038e-07 1.690372e-07
-2.369707e-08 2.069617e-07
8.575342e-08 1.551650e-07
1.267979e-07 6.911521e-08
1.169988e-07 2.315824e-09
9.513948e-08 -3.734927e-08
7.254735e-08 -7.085957e-08
3.235219e-08 -1.028732e-07
-3.116853e-08 -1.091159e-07
-9.024505e-08 -6.961004e-08
-1.083543e-07 -3.373404e-10
-7.841388e-08 5.858062e-08
-2.655617e-08 8.085758e-08
1.771241e-08 7.091074e-08
4.434066e-08 4.658678e-08
5.667313e-08 1.795073e-08
5.563420e-08 -1.266981e-08
3.851708e-08 -3.930881e-08
8.950334e-09 -5.123629e-08
-2.041755e-08 -4.308304e-08
