2.340754e-07 -1.385605e-08
2.521587e-07 -2.775718e-07
-9.909877e-09 -5.038883e-07
-4.144082e-07 -4.254974e-07
-6.253101e-07 -2.763892e-08
-4.506508e-07 3.816227e-07
-7.851516e-08 4.855100e-07
1.439296e-07 3.208847e-07
1.373538e-07 1.929675e-07
1.518280e-07 2.443417e-07
3.781171e-07 2.560197e-07
6.263641e-07 -4.182011e-08
5.218375e-07 -5.445366e-07
3.642027e-11 -8.121332e-07
-5.441048e-07 -5.733145e-07
-6.892329e-07 -6.179443e-08
-4.665615e-07 2.733149e-07
-2.509014e-07 3.163661e-07
-2.121829e-07 3.526268e-07
-9.781809e-08 5.652615e-07
3.329269e-07 6.889105e-07
8.414456e-07 3.509200e-07
9.142670e-07 -3.519378e-07
4.059165e-07 -8.675114e-07
-2.537290e-07 -8.148921e-07
-5.727876e-07 -3.916241e-07
-5.306261e-07 -4.313609e-08
-4.441242e-07 1.039347e-07
-4.369666e-07 2.710009e-07
-2.940096e-07 5.598867e-07
1.344344e-07 7.175520e-07
6.103057e-07 4.713239e-07
7.445376e-07 -6.452547e-08
4.573276e-07 -4.860635e-07
4.121655e-08 -5.509150e-07
-2.110404e-07 -3.797294e-07
-2.875668e-07 -2.061030e-07
-3.285070e-07 -8.097313e-08
-3.566673e-07 8.755703e-08
-2.627373e-07 2.989040e-07
-1.563691e-08 4.056468e-07
2.400352e-07 3.012419e-07
3.341776e-07 6.439377e-08
2.496230e-07 -1.309527e-07
1.037956e-07 -1.977685e-07
-4.311399e-09 -1.785915e-07
-7.040322e-08 -1.396366e-07
-1.232760e-07 -8.876417e-08
-1.517830e-07 -8.207706e-09
-1.226353e-07 8.145121e-08
-4.112572e-08 1.283248e-07
4.162833e-08 1.082852e-07
8.029652e-08 4.951404e-08
7.355639e-08 -3.126511e-09
4.873560e-08 -3.032109e-08
2.559331e-08 -4.017716e-08
4.970505e-09 -4.306004e-08
-1.618348e-08 -3.804601e-08
-3.246020e-08 -2.162079e-08
-3.527508e-08 1.029052e-09
-2.410108e-08 1.837261e-08
