2.000420e-07 1.995868e-07
4.057333e-07 2.611260e-08
4.046528e-07 -3.030917e-07
1.265376e-07 -5.431908e-07
-2.479286e-07 -4.945575e-07
-4.504279e-07 -2.070503e-07
-3.970198e-07 7.360449e-08
-2.488712e-07 1.912832e-07
-1.595348e-07 2.274755e-07
-7.635204e-08 3.017693e-07
1.119140e-07 3.485048e-07
3.346703e-07 2.188773e-07
3.919350e-07 -6.100779e-08
2.221410e-07 -2.785756e-07
-1.170816e-08 -2.884654e-07
-1.298600e-07 -1.661933e-07
-1.307205e-07 -6.935110e-08
-1.245328e-07 -3.485786e-08
-1.480069e-07 1.330597e-08
-1.325912e-07 1.061735e-07
-3.539491e-08 1.718821e-07
8.207285e-08 1.408280e-07
1.297302e-07 4.184878e-08
9.447640e-08 -3.826714e-08
3.693853e-08 -5.601853e-08
8.773417e-09 -3.880468e-08
7.178885e-09 -2.928486e-08
3.195025e-09 -3.610398e-08
-1.553140e-08 -4.066317e-08
-3.780441e-08 -2.832049e-08
-4.730274e-08 -2.042545e-09
-3.735292e-08 2.402432e-08
-1.445386e-08 3.588627e-08
6.143459e-09 2.982062e-08
1.274950e-08 1.657029e-08
9.566505e-09 1.126256e-08
1.221027e-08 1.514849e-08
2.650960e-08 1.254509e-08
3.713677e-08 -8.187165e-09
2.505633e-08 -3.512796e-08
-6.227399e-09 -4.328732e-08
-3.130899e-08 -2.447756e-08
-3.184592e-08 2.292304e-09
-1.667320e-08 1.418690e-08
-7.277749e-09 1.097189e-08
-9.141857e-09 1.035125e-08
-7.281662e-09 2.044069e-08
9.576307e-09 2.752213e-08
3.017262e-08 1.519637e-08
3.300792e-08 -1.154944e-08
1.340793e-08 -2.987130e-08
-1.023088e-08 -2.565723e-08
-1.860421e-08 -8.679055e-09
-1.274283e-08 2.122288e-09
-7.811632e-09 2.260977e-09
-1.027918e-08 3.214432e-09
-1.034169e-08 1.223035e-08
1.301627e-09 2.007153e-08
1.733021e-08 1.378165e-08
2.155994e-08 -4.112504e-09
9.743379e-09 -1.717357e-08
