-2.719113e-06 -2.183213e-06
-4.610433e-06 5.889352e-08
-4.100522e-06 2.875518e-06
-2.114500e-06 4.534650e-06
3.847908e-07 4.941745e-06
2.863725e-06 3.910797e-06
4.293596e-06 1.578743e-06
4.053119e-06 -9.869436e-07
2.555149e-06 -2.737192e-06
5.865971e-07 -3.318440e-06
-1.224088e-06 -2.790711e-06
-2.329883e-06 -1.415898e-06
-2.354432e-06 1.960093e-07
-1.479294e-06 1.271012e-06
-4.078419e-07 1.468936e-06
2.651869e-07 1.120063e-06
5.230568e-07 7.474184e-07
6.882084e-07 4.991591e-07
8.802614e-07 1.693823e-07
8.834640e-07 -3.448002e-07
5.066983e-07 -8.057971e-07
-9.684309e-08 -8.889478e-07
-5.509002e-07 -5.584336e-07
-6.358613e-07 -9.970785e-08
-4.623241e-07 1.958980e-07
-2.703300e-07 2.938926e-07
-1.434798e-07 3.394327e-07
1.160443e-08 3.956698e-07
2.441775e-07 3.587074e-07
4.282516e-07 1.394234e-07
4.021488e-07 -1.631177e-07
1.781437e-07 -3.432435e-07
-6.367437e-08 -3.122344e-07
-1.774929e-07 -1.691962e-07
-1.783744e-07 -5.176014e-08
-1.572695e-07 1.201094e-08
-1.407916e-07 7.294109e-08
-8.733130e-08 1.414981e-07
1.356335e-08 1.646356e-07
1.039271e-07 1.100858e-07
1.263441e-07 1.802242e-08
8.762425e-08 -4.702239e-08
3.633433e-08 -6.313097e-08
4.290743e-09 -5.229065e-08
-9.672903e-09 -3.887321e-08
-1.667968e-08 -2.973915e-08
-2.285616e-08 -2.330017e-08
-3.123816e-08 -1.579117e-08
-3.948654e-08 -6.182717e-10
-3.645951e-08 2.274386e-08
-1.512055e-08 3.993443e-08
1.170833e-08 3.548624e-08
2.241712e-08 1.569682e-08
1.511661e-08 3.603783e-09
1.088238e-08 7.609808e-09
2.271533e-08 9.172947e-09
3.445607e-08 -9.509320e-09
2.228995e-08 -3.665667e-08
-1.055637e-08 -4.348156e-08
-3.520511e-08 -2.152552e-08
-3.269015e-08 6.776266e-09
