-1.281405e-07 3.178088e-08
-1.285345e-07 1.625649e-07
5.316102e-09 2.826360e-07
2.262324e-07 2.492531e-07
3.521375e-07 3.575388e-08
2.694967e-07 -1.931694e-07
7.566453e-08 -2.663723e-07
-5.314546e-08 -2.020380e-07
-8.284676e-08 -1.434639e-07
-1.222884e-07 -1.409023e-07
-2.256433e-07 -9.702360e-08
-2.936783e-07 6.449237e-08
-2.054741e-07 2.609631e-07
1.081025e-08 3.327923e-07
1.964487e-07 2.314312e-07
2.425498e-07 7.023609e-08
2.024179e-07 -2.296817e-08
1.936926e-07 -6.236266e-08
2.149645e-07 -1.623015e-07
1.277770e-07 -3.388895e-07
-1.416923e-07 -4.235107e-07
-4.367315e-07 -2.456928e-07
-4.983765e-07 1.213116e-07
-2.677108e-07 3.956116e-07
3.378168e-08 4.004922e-07
1.789571e-07 2.535491e-07
2.025080e-07 1.660325e-07
2.850882e-07 1.320666e-07
4.219319e-07 -3.638576e-08
3.771335e-07 -3.672089e-07
2.488670e-08 -5.894324e-07
-4.040345e-07 -4.431185e-07
-5.526262e-07 -2.978250e-08
-3.560988e-07 2.919634e-07
-8.350432e-08 3.325559e-07
3.619257e-08 2.421947e-07
7.208835e-08 2.249339e-07
1.995307e-07 2.359127e-07
3.782828e-07 8.858847e-08
3.807562e-07 -2.149054e-07
1.198531e-07 -4.269931e-07
-2.014995e-07 -3.550068e-07
-3.263153e-07 -9.593089e-08
-2.323562e-07 1.028511e-07
-9.993204e-08 1.402989e-07
-4.916732e-08 1.204260e-07
-2.178527e-08 1.460401e-07
7.080610e-08 1.703819e-07
1.859297e-07 9.512345e-08
2.029584e-07 -6.150648e-08
9.183083e-08 -1.720900e-07
-4.617392e-08 -1.562218e-07
-1.047880e-07 -6.400445e-08
-8.293976e-08 6.414233e-09
-4.928328e-08 2.421912e-08
-3.968405e-08 2.898021e-08
-2.971244e-08 4.973011e-08
6.013367e-09 6.524134e-08
4.864428e-08 4.545111e-08
6.112132e-08 -5.874547e-10
3.657264e-08 -3.553421e-08
