7.381288e-11 6.489096e-11
-1.307361e-09 2.551219e-10
-1.560637e-09 3.435323e-09
2.685451e-09 4.873249e-09
6.628424e-09 9.913108e-10
5.232662e-09 -4.985060e-09
-6.666129e-10 -7.183024e-09
-5.647160e-09 -3.717538e-09
-5.696355e-09 1.818334e-09
-1.822810e-09 4.637771e-09
1.892820e-09 3.385881e-09
2.717576e-09 4.937746e-10
1.311875e-09 -1.097600e-09
1.294185e-11 -7.840103e-10
8.926519e-12 -4.695191e-11
5.265321e-10 -1.784767e-10
3.479709e-10 -8.729799e-10
-5.616455e-10 -9.970432e-10
-1.178602e-09 -1.834004e-10
-8.117280e-10 7.676884e-10
1.019655e-10 9.491217e-10
6.388505e-10 3.773459e-10
4.702575e-10 -2.052221e-10
5.358724e-11 -2.904127e-10
-8.841894e-11 -6.459317e-11
4.409378e-11 3.084161e-11
1.100992e-10 -1.038720e-10
-4.307323e-11 -2.087300e-10
-2.220200e-10 -8.977029e-11
-1.964519e-10 1.331248e-10
2.962084e-12 2.142271e-10
1.519269e-10 9.224257e-11
1.176184e-10 -6.602394e-11
-9.090972e-12 -9.259154e-11
-6.134883e-11 -6.075529e-12
-3.500644e-12 5.187540e-11
5.782484e-11 1.214521e-11
3.673945e-11 -5.436684e-11
-2.877519e-11 -5.699114e-11
-5.258910e-11 -5.118274e-12
-2.181403e-11 2.685282e-11
4.556226e-12 1.166563e-11
-8.103365e-12 -6.591695e-12
-2.804048e-11 1.049255e-11
-1.361170e-11 4.244730e-11
2.805879e-11 4.538384e-11
5.559422e-11 1.026966e-11
4.478587e-11 -3.218478e-11
8.606033e-12 -4.981691e-11
-2.389083e-11 -3.697176e-11
-3.505360e-11 -1.057400e-11
-2.759376e-11 1.005152e-11
-1.467638e-11 1.843281e-11
-4.290646e-12 2.015092e-11
5.612139e-12 1.990158e-11
1.693647e-11 1.411596e-11
2.276556e-11 -2.813310e-13
1.546629e-11 -1.535561e-11
-6.429353e-14 -1.891042e-11
-1.013738e-11 -1.034315e-11
-9.289528e-12 -1.269555e-12
