7.458268e-10 1.419613e-10
1.255514e-08 -1.451015e-08
-8.486563e-09 -3.024753e-08
-3.821889e-08 -1.311959e-08
-3.720182e-08 2.674619e-08
-2.121236e-10 4.766983e-08
3.707614e-08 2.777272e-08
4.076547e-08 -1.165617e-08
1.368558e-08 -3.400841e-08
-1.469551e-08 -2.603947e-08
-2.249579e-08 -4.032509e-09
-1.256406e-08 1.010550e-08
-8.771115e-10 1.012233e-08
2.947355e-09 4.432711e-09
1.515841e-09 1.838671e-09
1.338841e-09 2.724278e-09
3.867669e-09 2.391345e-09
5.335370e-09 -1.208811e-09
2.791782e-09 -5.041976e-09
-1.998001e-09 -5.177823e-09
-4.746165e-09 -1.504167e-09
-3.440121e-09 2.394488e-09
-8.828824e-11 3.309450e-09
1.961275e-09 1.443420e-09
1.527605e-09 -5.916798e-10
1.140427e-10 -9.633278e-10
-4.395820e-10 -1.757896e-10
1.454974e-11 2.648381e-10
3.596379e-10 -1.124617e-10
-1.342671e-11 -4.978422e-10
-5.221303e-10 -2.004575e-10
-4.030357e-10 4.061917e-10
2.040594e-10 5.165142e-10
5.226936e-10 1.694269e-11
2.064559e-10 -4.364248e-10
-2.858388e-10 -3.309972e-10
-3.708129e-10 1.087729e-10
-4.920863e-11 3.260072e-10
2.236366e-10 1.475374e-10
1.704496e-10 -1.117222e-10
-3.644318e-11 -1.383028e-10
-9.687134e-11 1.487123e-11
2.420796e-11 8.674779e-11
1.134168e-10 -2.001296e-11
2.683125e-11 -1.430965e-10
-1.312997e-10 -1.035892e-10
-1.638053e-10 6.242164e-11
-3.387984e-11 1.653730e-10
1.060449e-10 1.050072e-10
1.171432e-10 -2.508050e-11
2.946634e-11 -7.954085e-11
-3.174963e-11 -3.746011e-11
-1.596257e-11 8.638258e-12
1.574025e-11 -2.460364e-12
1.500669e-12 -3.319979e-11
-3.830585e-11 -2.314151e-11
-4.452799e-11 2.332299e-11
-3.773366e-12 5.124042e-11
4.013166e-11 2.950374e-11
4.364354e-11 -1.688874e-11
9.014601e-12 -4.192323e-11
