-1.735230e-12 -5.200062e-12
-4.134115e-11 5.795876e-12
2.646757e-11 4.486044e-11
8.041317e-11 -3.528139e-11
-6.342575e-12 -1.274532e-10
-1.511186e-10 -6.163581e-11
-1.424922e-10 1.259567e-10
5.344771e-11 1.990301e-10
2.066174e-10 3.936148e-11
1.181614e-10 -1.666506e-10
-1.013190e-10 -1.619987e-10
-1.713846e-10 3.600211e-11
-1.605064e-11 1.604694e-10
1.423189e-10 5.630292e-11
9.189023e-11 -1.197784e-10
-8.764114e-11 -1.246944e-10
-1.478017e-10 4.195063e-11
-1.258285e-11 1.511302e-10
1.304866e-10 6.319618e-11
9.681393e-11 -9.229831e-11
-5.026639e-11 -1.085574e-10
-1.043911e-10 1.653408e-11
-5.936915e-12 9.580947e-11
9.044412e-11 2.389920e-11
4.651698e-11 -8.577512e-11
-7.127692e-11 -7.554157e-11
-1.008691e-10 3.816640e-11
-1.038193e-11 1.060415e-10
8.073181e-11 5.712110e-11
7.990198e-11 -3.105002e-11
2.104029e-11 -6.654128e-11
-2.448271e-11 -5.023542e-11
-4.402283e-11 -2.267410e-11
-5.008680e-11 1.064591e-11
-2.720659e-11 4.747916e-11
2.439348e-11 4.844339e-11
4.756234e-11 -1.346972e-12
6.172889e-12 -3.661465e-11
-3.433552e-11 9.754328e-13
6.804853e-12 5.086725e-11
7.906682e-11 7.486656e-12
4.902706e-11 -9.816726e-11
-8.702195e-11 -1.063833e-10
-1.546305e-10 3.822209e-11
-3.574151e-11 1.691793e-10
1.400319e-10 1.080905e-10
1.520106e-10 -7.793817e-11
-8.550341e-12 -1.552444e-10
-1.261839e-10 -4.223418e-11
-6.287983e-11 8.744930e-11
6.080982e-11 6.142260e-11
5.773851e-11 -5.332164e-11
-5.414746e-11 -6.813192e-11
-9.312034e-11 4.422358e-11
1.167486e-11 1.171519e-10
1.202555e-10 3.834086e-11
8.640440e-11 -9.283215e-11
-4.277066e-11 -1.117604e-10
-1.056474e-10 -9.764509e-12
-4.528552e-11 7.571073e-11
3.943554e-11 5.603002e-11
