-8.752890e-12 -2.084177e-11
-2.382373e-10 -2.053171e-11
-9.724660e-11 2.530711e-10
2.455252e-10 1.930401e-10
2.987468e-10 -1.951082e-10
-9.071944e-11 -3.866786e-10
-4.227002e-10 -5.520438e-11
-2.063968e-10 3.874232e-10
2.920172e-10 3.208144e-10
3.770063e-10 -1.738535e-10
-7.088653e-11 -3.882598e-10
-3.897598e-10 -7.294587e-12
-8.677944e-11 4.052324e-10
4.193753e-10 2.047209e-10
3.692693e-10 -3.818262e-10
-2.447903e-10 -5.367261e-10
-6.284618e-10 7.963279e-12
-2.648144e-10 5.800277e-10
3.886399e-10 4.737644e-10
5.399791e-10 -1.240695e-10
1.070177e-10 -4.531132e-10
-2.778582e-10 -2.210538e-10
-2.034380e-10 1.147418e-10
4.045805e-11 1.116347e-10
3.462591e-11 -6.523698e-11
-1.331519e-10 -3.505375e-11
-1.105791e-10 1.641031e-10
1.102335e-10 1.986501e-10
2.215206e-10 9.714679e-12
1.210345e-10 -1.423663e-10
4.795587e-12 -1.427240e-10
-4.394758e-11 -1.325090e-10
-1.545269e-10 -1.307282e-10
-2.853388e-10 4.199309e-11
-1.564011e-10 3.307132e-10
2.385216e-10 3.437996e-10
4.342315e-10 -5.587817e-11
1.277047e-10 -4.021348e-10
-2.909577e-10 -2.374181e-10
-2.561718e-10 1.778851e-10
1.204907e-10 2.268963e-10
2.156771e-10 -1.211018e-10
-1.307917e-10 -2.624732e-10
-3.524699e-10 8.792534e-11
-3.583199e-11 4.259126e-10
4.185379e-10 2.126684e-10
3.733831e-10 -3.051989e-10
-1.180664e-10 -4.493082e-10
-4.135510e-10 -7.184806e-11
-1.967840e-10 2.949780e-10
1.572188e-10 2.298539e-10
1.943848e-10 -5.839682e-11
-1.910153e-11 -1.413959e-10
-1.131825e-10 1.845912e-11
1.734951e-11 1.186085e-10
1.348871e-10 1.050058e-11
6.175304e-11 -1.306084e-10
-9.086270e-11 -1.102063e-10
-1.285392e-10 2.679696e-11
-3.434171e-11 1.075478e-10
6.021387e-11 6.845240e-11
