-1.659157e-05 -1.945859e-06
-1.379203e-05 1.502424e-05
4.569936e-06 2.276339e-05
2.257896e-05 1.065739e-05
2.284852e-05 -1.171455e-05
5.311410e-06 -2.496925e-05
-1.477550e-05 -1.991790e-05
-2.366621e-05 -3.243482e-06
-1.922085e-05 1.326482e-05
-6.295742e-06 2.300057e-05
1.073493e-05 2.341880e-05
2.654337e-05 1.152472e-05
3.055328e-05 -1.182944e-05
1.355167e-05 -3.390895e-05
-1.799730e-05 -3.525027e-05
-4.046402e-05 -9.283056e-06
-3.322504e-05 2.583601e-05
-6.583343e-07 4.123973e-05
3.015193e-05 2.488191e-05
3.510295e-05 -7.333312e-06
1.453268e-05 -2.834946e-05
-1.089705e-05 -2.516805e-05
-2.192266e-05 -6.629870e-06
-1.579892e-05 9.792365e-06
-2.853459e-06 1.443589e-05
6.359089e-06 9.520764e-06
8.613367e-06 2.133872e-06
6.298279e-06 -3.036675e-06
2.570590e-06 -5.115735e-06
-8.673805e-07 -4.851930e-06
-3.273351e-06 -3.001372e-06
-4.124441e-06 -2.841160e-07
-3.176295e-06 2.314019e-06
-8.134463e-07 3.693044e-06
1.860085e-06 3.145872e-06
3.398309e-06 9.059696e-07
2.869128e-06 -1.711915e-06
6.718104e-07 -3.035204e-06
-1.602854e-06 -2.313808e-06
-2.442816e-06 -3.510822e-07
-1.644539e-06 1.288674e-06
-2.252667e-07 1.696048e-06
7.583330e-07 1.146123e-06
1.059464e-06 3.823272e-07
9.728085e-07 -2.371923e-07
6.529423e-07 -7.395416e-07
3.517902e-08 -1.024339e-06
-7.113651e-07 -7.875497e-07
-1.065075e-06 -1.027086e-08
-6.737338e-07 7.748861e-07
1.649041e-07 9.344677e-07
7.422948e-07 3.938196e-07
6.464172e-07 -2.997161e-07
1.165988e-07 -5.653692e-07
-3.001008e-07 -3.283051e-07
-3.205123e-07 4.037143e-08
-9.935595e-08 1.932177e-07
6.465173e-08 1.129274e-07
6.215058e-08 -2.979936e-10
1.880032e-10 -1.414770e-08
-2.044214e-09 2.650142e-08
