-6.052620e-07 -3.966043e-07
4.148650e-07 -6.532686e-07
-4.173417e-07 -2.621262e-06
-4.147379e-06 -2.298963e-06
-6.072218e-06 2.764921e-06
-1.613446e-06 7.997810e-06
6.190869e-06 6.592229e-06
9.198488e-06 -1.354514e-06
3.898936e-06 -8.103006e-06
-4.284888e-06 -7.056471e-06
-7.241927e-06 -4.213941e-08
-3.051862e-06 5.296669e-06
2.741956e-06 4.209458e-06
4.055073e-06 -6.605175e-07
7.076545e-07 -3.378320e-06
-2.584235e-06 -1.618578e-06
-2.267686e-06 1.656988e-06
5.259174e-07 2.558266e-06
2.292651e-06 6.363527e-07
1.460509e-06 -1.485201e-06
-4.585577e-07 -1.668734e-06
-1.301501e-06 -3.508781e-07
-6.818322e-07 6.849780e-07
1.917211e-07 5.858583e-07
3.299522e-07 -4.794393e-09
-5.458375e-08 -1.751129e-07
-2.101813e-07 1.369477e-07
9.118153e-08 3.415239e-07
4.081573e-07 9.618753e-08
3.130007e-07 -3.149643e-07
-9.131061e-08 -4.241928e-07
-3.694176e-07 -1.465280e-07
-2.838295e-07 1.928179e-07
-5.945305e-10 2.789600e-07
1.749900e-07 1.193671e-07
1.366188e-07 -5.549594e-08
1.541430e-08 -8.900456e-08
-3.542201e-08 -2.575592e-08
-5.281808e-09 1.273912e-08
2.002811e-08 -9.713295e-09
-4.174858e-09 -3.456476e-08
-3.785711e-08 -1.375764e-08
-2.949861e-08 2.799851e-08
1.299020e-08 3.685908e-08
3.833629e-08 1.847238e-09
1.753459e-08 -3.588312e-08
-2.579313e-08 -3.458710e-08
-4.636984e-08 4.036140e-09
-2.480834e-08 4.222911e-08
1.824503e-08 4.639554e-08
4.645655e-08 1.561296e-08
4.030070e-08 -2.320909e-08
9.359333e-09 -4.146312e-08
-2.052762e-08 -3.106622e-08
-3.033384e-08 -6.412061e-09
-2.103832e-08 1.212367e-08
-7.139485e-09 1.634725e-08
5.644000e-10 1.301390e-08
3.748091e-09 1.100316e-08
8.816959e-09 9.984646e-09
1.517283e-08 3.974312e-09
