5.116248e-06 -2.500818e-05
-2.297598e-05 -2.481729e-05
-4.077178e-05 5.091023e-06
-2.218011e-05 4.060861e-05
2.099173e-05 4.406706e-05
4.788299e-05 8.941782e-06
3.382558e-05 -3.172675e-05
-4.902384e-06 -4.211361e-05
-3.228255e-05 -1.882990e-05
-2.943372e-05 1.208939e-05
-7.147117e-06 2.516933e-05
1.184583e-05 1.703868e-05
1.576565e-05 1.748013e-06
9.019464e-06 -7.490005e-06
1.270970e-06 -8.431602e-06
-2.986165e-06 -5.674475e-06
-4.676548e-06 -2.614652e-06
-4.997802e-06 5.325970e-07
-3.389219e-06 3.602007e-06
1.810552e-07 4.812056e-06
3.514313e-06 2.857370e-06
3.999789e-06 -8.456793e-07
1.505892e-06 -3.198906e-06
-1.431360e-06 -2.552756e-06
-2.306300e-06 -1.801624e-07
-1.021266e-06 1.407013e-06
5.378276e-07 1.111858e-06
8.268615e-07 -4.531164e-08
9.152234e-08 -5.356810e-07
-4.058648e-07 -7.274837e-08
-7.811896e-08 4.123045e-07
4.481206e-07 1.781265e-07
3.495077e-07 -4.208069e-07
-2.883523e-07 -5.268271e-07
-6.393442e-07 5.597683e-08
-2.326207e-07 6.287242e-07
4.659876e-07 5.010695e-07
6.577247e-07 -1.735198e-07
1.654100e-07 -6.341973e-07
-4.292793e-07 -4.313117e-07
-5.258837e-07 1.248699e-07
-1.482292e-07 4.296737e-07
2.177416e-07 2.812229e-07
2.497513e-07 -1.590917e-08
7.661252e-08 -1.232510e-07
-1.303366e-08 -4.530737e-08
4.109962e-08 -4.123457e-09
6.750231e-08 -8.797928e-08
-4.395016e-08 -1.563580e-07
-1.825327e-07 -6.768933e-08
-1.732551e-07 1.157634e-07
-7.810174e-09 2.052556e-07
1.481252e-07 1.166168e-07
1.550337e-07 -4.321353e-08
4.502965e-08 -1.177448e-07
-4.623208e-08 -7.394953e-08
-4.721441e-08 -5.476179e-09
-9.070929e-09 4.907005e-09
-1.023949e-08 -2.232379e-08
-4.967311e-08 -1.549553e-08
-5.972871e-08 4.083454e-08
