8.317346e-06 6.769025e-07
5.616754e-06 -6.613582e-06
-1.885272e-06 -7.737691e-06
-5.841735e-06 -2.455001e-06
-3.620647e-06 2.033933e-06
-4.890201e-07 1.803998e-06
-5.683294e-07 3.049362e-07
-1.566390e-06 1.336096e-06
1.487076e-07 3.181188e-06
3.365159e-06 1.922832e-06
3.645951e-06 -2.163725e-06
-2.454727e-07 -4.408812e-06
-4.159798e-06 -1.774977e-06
-3.504941e-06 3.014493e-06
1.109553e-06 4.581258e-06
4.591626e-06 1.220836e-06
3.307070e-06 -3.320266e-06
-1.071874e-06 -4.358949e-06
-3.940199e-06 -1.319297e-06
-2.903446e-06 2.301532e-06
2.657074e-07 3.161729e-06
2.271816e-06 1.264028e-06
1.805710e-06 -9.178645e-07
1.755947e-07 -1.473420e-06
-7.676632e-07 -6.394650e-07
-5.538338e-07 1.943136e-07
-1.290646e-08 2.582495e-07
7.135304e-08 -7.057266e-08
-2.128293e-07 -1.124241e-07
-2.962986e-07 2.190930e-07
4.229816e-08 4.487437e-07
4.389041e-07 2.251780e-07
4.374205e-07 -2.504259e-07
2.935746e-08 -4.894457e-07
-3.677925e-07 -2.741574e-07
-3.898592e-07 1.420687e-07
-8.364716e-08 3.540105e-07
2.117263e-07 2.251742e-07
2.504447e-07 -4.141522e-08
8.535869e-08 -1.809701e-07
-7.119418e-08 -1.310857e-07
-1.003119e-07 -1.983888e-08
-5.342885e-08 3.085443e-08
-2.678101e-08 2.596908e-08
-3.164928e-08 3.513490e-08
-9.892406e-09 7.196196e-08
5.960741e-08 7.632092e-08
1.157549e-07 5.352611e-09
8.597314e-08 -9.533239e-08
-2.084716e-08 -1.321576e-07
-1.144411e-07 -6.609168e-08
-1.158862e-07 4.399339e-08
-3.568818e-08 1.041638e-07
4.660950e-08 7.918507e-08
6.935750e-08 1.458367e-08
4.167309e-08 -2.587254e-08
1.271249e-08 -2.659356e-08
7.283681e-09 -1.856816e-08
6.543411e-09 -2.633631e-08
-1.331607e-08 -3.623135e-08
-4.257118e-08 -2.103623e-08
