1.268150e-05 -1.017408e-07
9.994443e-06 -1.167764e-05
-8.848038e-07 -1.670505e-05
-1.101810e-05 -1.360883e-05
-1.881495e-05 -7.133698e-06
-2.580434e-05 5.921557e-06
-2.074333e-05 2.923914e-05
1.002246e-05 4.539281e-05
5.115044e-05 2.503578e-05
5.874081e-05 -3.068202e-05
9.534472e-06 -7.321409e-05
-5.926192e-05 -5.260779e-05
-7.958546e-05 2.088243e-05
-2.666904e-05 7.843433e-05
4.957796e-05 6.400776e-05
7.657956e-05 -5.558142e-06
3.502540e-05 -6.126271e-05
-2.737058e-05 -5.642387e-05
-5.301888e-05 -8.521265e-06
-3.120231e-05 3.114596e-05
4.592330e-06 3.415553e-05
2.157956e-05 1.342200e-05
1.696625e-05 -4.373631e-06
6.961138e-06 -9.101697e-06
1.749128e-06 -7.959626e-06
-1.290237e-06 -7.778828e-06
-6.145876e-06 -6.509686e-06
-9.830396e-06 -5.688816e-07
-7.221535e-06 7.106877e-06
7.766583e-07 9.789866e-06
7.473298e-06 5.119167e-06
7.656774e-06 -2.367069e-06
2.444711e-06 -6.384545e-06
-2.910108e-06 -4.828204e-06
-4.458802e-06 -5.291104e-07
-2.407655e-06 2.449645e-06
3.377643e-07 2.464409e-06
1.427023e-06 8.281400e-07
8.606325e-07 -3.206785e-07
1.564190e-07 -2.546796e-07
2.815642e-07 9.468890e-08
6.809355e-07 -2.745912e-07
2.964723e-07 -1.052165e-06
-8.508531e-07 -1.064800e-06
-1.539694e-06 1.012143e-07
-8.359979e-07 1.405717e-06
6.940906e-07 1.492629e-06
1.563110e-06 2.560248e-07
1.006431e-06 -1.059584e-06
-2.737912e-07 -1.263974e-06
-1.015333e-06 -4.122118e-07
-7.383226e-07 4.880548e-07
-1.398973e-08 6.755583e-07
3.870319e-07 2.840177e-07
2.929702e-07 -9.296054e-08
6.082411e-08 -1.521793e-07
-9.515200e-09 -5.625709e-08
3.044195e-08 -4.280193e-08
4.762638e-10 -1.035392e-07
-1.077899e-07 -8.507593e-08
-1.474316e-07 4.511287e-08
