1.670515e-06 -2.886157e-05
-3.298985e-05 -2.673215e-05
-5.286643e-05 1.445184e-05
-2.172776e-05 5.826497e-05
3.415642e-05 5.143308e-05
5.268823e-05 2.857892e-06
2.487692e-05 -2.729708e-05
1.381178e-06 -1.811317e-05
7.134407e-06 -1.007117e-05
6.729288e-06 -2.810563e-05
-2.759719e-05 -3.631773e-05
-5.924809e-05 3.376861e-06
-3.359355e-05 6.111486e-05
3.842331e-05 6.662797e-05
8.105522e-05 1.388129e-06
4.364613e-05 -6.985787e-05
-3.639436e-05 -7.233746e-05
-7.678463e-05 -6.703974e-06
-4.284885e-05 5.658071e-05
2.186809e-05 5.920106e-05
5.271865e-05 1.189295e-05
3.194378e-05 -3.082854e-05
-6.322855e-06 -3.419510e-05
-2.367233e-05 -1.006869e-05
-1.467460e-05 9.821611e-06
3.582969e-07 1.083976e-05
4.913306e-06 2.331413e-06
6.748984e-07 -1.657236e-06
-2.033795e-06 1.282638e-06
9.912699e-07 4.027489e-06
5.030073e-06 1.481033e-06
4.357039e-06 -3.778386e-06
-7.881491e-07 -5.822393e-06
-5.156074e-06 -2.448276e-06
-4.559452e-06 2.839680e-06
-1.909501e-08 4.941384e-06
3.793779e-06 2.353640e-06
3.532103e-06 -1.802752e-06
2.282319e-07 -3.446628e-06
-2.419770e-06 -1.657247e-06
-2.175313e-06 1.021932e-06
-1.609635e-07 1.864307e-06
1.114697e-06 7.572962e-07
7.430561e-07 -4.130164e-07
-9.171510e-08 -4.005044e-07
-1.176466e-07 1.785276e-07
4.317054e-07 1.471933e-07
4.712788e-07 -5.304578e-07
-2.927645e-07 -8.462761e-07
-9.838210e-07 -2.161424e-07
-7.412072e-07 7.425372e-07
2.105062e-07 1.008420e-06
8.917627e-07 3.608040e-07
7.141329e-07 -4.748251e-07
1.700717e-08 -7.296033e-07
-4.709949e-07 -3.561424e-07
-4.326584e-07 1.231409e-07
-1.260317e-07 2.902052e-07
7.329696e-08 1.840514e-07
8.381359e-08 6.935636e-08
6.679401e-08 5.851168e-08
