-2.798350e-10 -2.820643e-11
-1.979235e-09 1.944448e-09
2.600371e-10 2.078067e-09
7.906350e-10 5.398581e-10
-4.498697e-10 5.323690e-10
1.916054e-10 2.644307e-09
4.156549e-09 2.471798e-09
6.315978e-09 -3.087155e-09
9.972132e-10 -8.952161e-09
-8.297894e-09 -6.524783e-09
-1.077540e-08 4.032067e-09
-2.093265e-09 1.156119e-08
8.571073e-09 7.301651e-09
9.465006e-09 -3.487750e-09
1.137330e-09 -8.278625e-09
-5.224805e-09 -3.442567e-09
-3.228966e-09 2.458778e-09
1.425398e-09 1.803270e-09
9.202465e-10 -2.096425e-09
-3.226391e-09 -1.590869e-09
-3.515647e-09 3.341871e-09
1.755643e-09 5.421601e-09
5.983984e-09 1.034127e-09
3.739256e-09 -4.685346e-09
-2.080038e-09 -5.131184e-09
-4.759544e-09 -6.299037e-10
-2.355708e-09 3.110083e-09
1.183591e-09 2.702132e-09
2.038774e-09 1.537927e-10
6.095037e-10 -1.108739e-09
-5.065723e-10 -4.639951e-10
-2.257295e-10 3.772718e-10
4.738773e-10 2.376197e-10
4.967679e-10 -4.501618e-10
-1.416640e-10 -7.508922e-10
-7.406207e-10 -3.450308e-10
-7.472205e-10 3.946565e-10
-1.377220e-10 8.441363e-10
5.943661e-10 6.019648e-10
7.994429e-10 -1.406865e-10
2.937548e-10 -6.892325e-10
-3.834329e-10 -5.365331e-10
-5.450433e-10 5.922440e-11
-1.473538e-10 3.992669e-10
2.285397e-10 2.028143e-10
1.661981e-10 -1.266609e-10
-1.074697e-10 -1.272366e-10
-1.404851e-10 1.199162e-10
1.011215e-10 1.977030e-10
2.485547e-10 -2.507905e-11
8.460545e-11 -2.456715e-10
-1.782795e-10 -1.788978e-10
-2.198030e-10 7.396793e-11
-2.520631e-11 2.015126e-10
1.459026e-10 8.983015e-11
1.146940e-10 -8.242726e-11
-3.028133e-11 -1.120333e-10
-9.706024e-11 -6.366915e-12
-3.181772e-11 7.816156e-11
5.654830e-11 4.996414e-11
6.048341e-11 -3.166032e-11
