-1.301254e-07 4.173838e-08
-6.418813e-08 1.716925e-07
1.271557e-07 1.969146e-07
2.858539e-07 1.207927e-08
1.991014e-07 -2.668094e-07
-1.224634e-07 -3.469572e-07
-3.718768e-07 -9.533106e-08
-2.813973e-07 2.471624e-07
3.339812e-08 3.344395e-07
2.261353e-07 1.457899e-07
1.787593e-07 -3.259935e-08
1.040273e-07 -4.618891e-08
1.524931e-07 -6.821054e-08
1.421627e-07 -2.548553e-07
-1.436525e-07 -3.992545e-07
-5.188159e-07 -1.647705e-07
-5.161070e-07 3.797666e-07
1.037807e-08 7.063039e-07
6.073091e-07 4.183066e-07
6.899134e-07 -2.491530e-07
1.942888e-07 -6.697375e-07
-3.819911e-07 -5.062808e-07
-5.513731e-07 -8.867634e-09
-2.982439e-07 3.470702e-07
4.252148e-08 3.595181e-07
2.089589e-07 1.781316e-07
2.057879e-07 1.791312e-08
1.586766e-07 -6.347339e-08
1.199837e-07 -1.253739e-07
4.627902e-08 -1.983854e-07
-1.019235e-07 -2.259522e-07
-2.742760e-07 -1.199447e-07
-3.295405e-07 1.314952e-07
-1.431174e-07 3.850107e-07
2.270888e-07 4.030098e-07
4.982360e-07 8.181003e-08
3.890377e-07 -3.632115e-07
-5.751977e-08 -5.367043e-07
-4.519987e-07 -2.653282e-07
-4.450429e-07 1.896075e-07
-1.008567e-07 4.071624e-07
2.047012e-07 2.648417e-07
2.357328e-07 1.835666e-08
1.199772e-07 -7.188356e-08
8.649475e-08 -5.014408e-08
1.206278e-07 -1.124492e-07
2.371652e-08 -2.525265e-07
-2.320003e-07 -2.370204e-07
-3.866577e-07 4.695807e-08
-2.073889e-07 3.692224e-07
1.832561e-07 3.923436e-07
4.131265e-07 7.497974e-08
2.761392e-07 -2.718147e-07
-5.580066e-08 -3.358343e-07
-2.557897e-07 -1.232160e-07
-1.951211e-07 1.080394e-07
-1.888994e-08 1.612907e-07
7.714555e-08 7.235684e-08
5.549688e-08 -7.491649e-09
1.267877e-08 -1.001946e-08
1.901071e-08 1.006231e-08
