7.920189e-10 5.822559e-10
1.170661e-08 -3.617203e-09
4.303189e-09 -1.600094e-08
-1.376509e-08 -1.469298e-08
-2.202013e-08 4.583817e-09
-7.638037e-09 2.202043e-08
1.457083e-08 1.701899e-08
1.942638e-08 -3.811012e-09
4.559851e-09 -1.501725e-08
-7.905426e-09 -6.928311e-09
-3.898477e-09 3.276738e-09
3.963744e-09 -4.215859e-10
-1.365777e-09 -8.739433e-09
-1.333827e-08 -3.141304e-09
-1.126769e-08 1.339400e-08
7.310742e-09 1.852518e-08
2.064799e-08 2.745101e-09
1.223938e-08 -1.619591e-08
-7.285803e-09 -1.702646e-08
-1.567145e-08 -1.855019e-09
-7.440759e-09 9.964534e-09
3.503711e-09 8.129715e-09
5.340161e-09 5.715797e-10
1.221240e-09 -1.919963e-09
-2.192146e-10 3.703930e-10
2.008854e-09 8.276325e-10
2.625767e-09 -2.068170e-09
-3.993473e-10 -3.875402e-09
-3.478617e-09 -1.865635e-09
-3.281895e-09 1.589797e-09
-6.795403e-10 3.080180e-09
1.552818e-09 2.108177e-09
2.131940e-09 2.922736e-10
1.457321e-09 -1.066516e-09
2.493815e-10 -1.537127e-09
-8.245789e-10 -1.056430e-09
-1.099003e-09 -3.013120e-11
-5.000888e-10 6.441486e-10
1.723747e-10 4.691098e-10
1.874416e-10 -1.186371e-11
-1.650936e-10 -2.575557e-12
-9.519337e-11 3.944707e-10
4.468947e-10 3.931022e-10
6.760316e-10 -2.338542e-10
1.410147e-10 -7.539509e-10
-5.831464e-10 -4.859021e-10
-6.545558e-10 2.617384e-10
-5.915035e-11 6.174358e-10
4.451667e-10 2.695320e-10
3.425063e-10 -2.415513e-10
-8.159487e-11 -3.172908e-10
-2.537933e-10 -1.240739e-11
-5.777188e-11 1.944505e-10
1.513798e-10 8.291067e-11
1.052183e-10 -1.157819e-10
-7.539276e-11 -1.251402e-10
-1.334369e-10 2.675845e-11
-2.302915e-11 1.223108e-10
9.217526e-11 6.247328e-11
8.326849e-11 -5.126191e-11
-1.052905e-11 -8.419471e-11
