-1.371644e-07 1.390640e-07
7.961732e-08 2.511818e-07
3.475221e-07 5.418178e-08
2.705463e-07 -3.771988e-07
-2.656606e-07 -5.349668e-07
-7.392393e-07 -3.313139e-08
-4.657218e-07 7.446971e-07
4.796542e-07 8.780856e-07
1.100277e-06 1.659505e-09
5.517769e-07 -1.040541e-06
-7.127286e-07 -1.013192e-06
-1.275476e-06 1.983842e-07
-3.974233e-07 1.278334e-06
9.971128e-07 9.549615e-07
1.331981e-06 -4.564438e-07
2.319590e-07 -1.388841e-06
-1.062942e-06 -8.616290e-07
-1.200543e-06 4.439699e-07
-2.271066e-07 1.117631e-06
6.809685e-07 6.674994e-07
7.152985e-07 -1.412788e-07
2.097966e-07 -4.338438e-07
-7.416464e-08 -2.207072e-07
2.497691e-08 -9.032765e-08
5.236710e-08 -2.710731e-07
-2.700690e-07 -3.784740e-07
-6.169801e-07 -4.124390e-08
-4.935970e-07 5.403866e-07
1.258949e-07 7.972085e-07
7.357121e-07 4.225520e-07
8.034744e-07 -3.099493e-07
2.621338e-07 -8.082954e-07
-4.465431e-07 -6.835311e-07
-7.584264e-07 -7.076257e-08
-4.695260e-07 4.983631e-07
9.443585e-08 5.770946e-07
4.095869e-07 2.150482e-07
2.903656e-07 -1.368389e-07
4.064957e-08 -1.601778e-07
1.823178e-08 -1.918998e-08
1.529148e-07 -7.276034e-08
7.081331e-08 -3.181349e-07
-3.164737e-07 -3.438714e-07
-5.792101e-07 8.874079e-08
-2.837245e-07 6.135688e-07
3.866473e-07 6.232381e-07
7.560933e-07 2.025630e-08
4.270341e-07 -6.105096e-07
-2.561563e-07 -6.534146e-07
-6.161099e-07 -1.366515e-07
-3.930464e-07 3.684540e-07
6.112611e-08 4.275642e-07
2.809072e-07 1.497139e-07
1.893637e-07 -8.092266e-08
4.324508e-08 -9.466047e-08
2.614423e-08 -3.736238e-08
5.748445e-08 -7.173715e-08
-1.083026e-08 -1.467081e-07
-1.520014e-07 -1.081504e-07
-1.998912e-07 6.070890e-08
-7.408943e-08 2.026411e-07
