-2.802719e-05 2.616161e-05
7.282080e-06 5.021095e-05
5.794052e-05 3.037722e-05
7.475331e-05 -3.526095e-05
2.233836e-05 -9.969968e-05
-7.765355e-05 -9.524539e-05
-1.428749e-04 2.806505e-06
-9.531882e-05 1.283956e-04
4.772412e-05 1.650497e-04
1.657172e-04 6.273329e-05
1.476079e-04 -9.502036e-05
1.000733e-05 -1.669201e-04
-1.183571e-04 -9.731148e-05
-1.305975e-04 3.420603e-05
-4.141668e-05 1.064070e-04
4.965169e-05 7.791331e-05
7.088007e-05 5.458821e-06
3.500945e-05 -3.779827e-05
-3.335577e-06 -3.454663e-05
-1.567373e-05 -1.502728e-05
-1.356718e-05 -4.547094e-06
-1.380122e-05 2.892026e-08
-1.368916e-05 9.337564e-06
-3.333251e-06 1.877537e-05
1.322029e-05 1.544286e-05
2.027869e-05 -1.217792e-06
1.037440e-05 -1.620778e-05
-6.473966e-06 -1.613961e-05
-1.461990e-05 -3.469452e-06
-9.252600e-06 8.252260e-06
1.228363e-06 9.634826e-06
6.400375e-06 3.156120e-06
4.049341e-06 -2.575409e-06
-3.584517e-07 -2.800343e-06
-1.460742e-06 8.211903e-08
6.184804e-07 1.254693e-06
2.008942e-06 -6.225763e-07
4.134239e-07 -2.685502e-06
-2.385240e-06 -1.963859e-06
-3.058169e-06 1.015045e-06
-7.651341e-07 3.056271e-06
2.027563e-06 2.105699e-06
2.529185e-06 -5.714632e-07
6.539951e-07 -2.113136e-06
-1.281510e-06 -1.302336e-06
-1.400653e-06 4.627747e-07
-1.202281e-07 1.173027e-06
8.330851e-07 4.473575e-07
5.832755e-07 -4.943635e-07
-1.996319e-07 -5.839929e-07
-4.854359e-07 -2.159157e-08
-1.399611e-07 3.346491e-07
1.987337e-07 1.547696e-07
1.133922e-07 -1.321975e-07
-1.375741e-07 -8.770890e-08
-1.234562e-07 1.629216e-07
1.429347e-07 2.073782e-07
2.804863e-07 -4.959478e-08
8.842144e-08 -2.847488e-07
-2.045237e-07 -2.093716e-07
-2.619690e-07 7.314151e-08
