-1.241134e-12 6.274927e-12
5.063426e-11 6.876000e-12
-1.109655e-12 -6.719772e-11
-8.947240e-11 -2.615635e-11
-7.663937e-11 8.081121e-11
3.187999e-11 1.129252e-10
1.063448e-10 3.131808e-11
7.073216e-11 -6.148980e-11
-1.066065e-11 -6.816016e-11
-3.788359e-11 -1.420056e-11
-6.367609e-12 1.159120e-11
1.111668e-11 -1.393904e-11
-1.950369e-11 -3.241756e-11
-5.213596e-11 -8.525431e-13
-3.474174e-11 4.873423e-11
1.980168e-11 5.820370e-11
5.548072e-11 1.757680e-11
4.165341e-11 -3.015717e-11
4.676012e-15 -4.254662e-11
-2.721827e-11 -1.831125e-11
-2.086237e-11 1.060924e-11
2.344055e-12 1.580828e-11
1.294134e-11 -8.696465e-13
1.263772e-12 -1.442828e-11
-1.490099e-11 -7.830294e-12
-1.496387e-11 9.244856e-12
-8.115576e-13 1.602803e-11
9.396528e-12 8.064643e-12
7.264361e-12 -7.483722e-13
2.371967e-12 -6.028938e-13
4.374096e-12 2.046025e-12
8.647776e-12 -2.164030e-12
5.470912e-12 -1.011099e-11
-4.241261e-12 -1.146772e-11
-1.039715e-11 -4.136512e-12
-8.020577e-12 3.514818e-12
-2.723169e-12 4.867964e-12
-1.274974e-12 2.908804e-12
-2.368876e-12 3.844704e-12
-6.712843e-14 7.324582e-12
6.455529e-12 7.152995e-12
1.100895e-11 4.784243e-13
8.324033e-12 -7.837014e-12
3.730682e-13 -1.104584e-11
-6.707097e-12 -7.699539e-12
-9.209128e-12 -1.269810e-12
-7.223478e-12 4.611616e-12
-2.140604e-12 7.725766e-12
3.671991e-12 6.420625e-12
6.344327e-12 1.253399e-12
3.845119e-12 -3.413955e-12
-5.104912e-13 -3.471793e-12
-1.688456e-12 -5.445044e-13
1.361001e-13 3.897525e-13
4.035866e-13 -1.338116e-12
-1.991745e-12 -1.425014e-12
-2.727672e-12 1.698097e-12
5.416289e-13 3.678826e-12
3.797969e-12 1.138935e-12
2.721823e-12 -2.799024e-12
-8.917388e-13 -3.374381e-12
