-1.252705e-11 1.026879e-11
9.360284e-11 1.564488e-10
2.304069e-10 -6.392471e-11
5.714331e-11 -2.882574e-10
-2.396801e-10 -2.261267e-10
-3.335808e-10 6.919091e-11
-1.381442e-10 2.969838e-10
1.339226e-10 2.611980e-10
2.388300e-10 5.058836e-11
1.480805e-10 -1.126118e-10
1.531108e-11 -1.257195e-10
-3.690976e-11 -6.488790e-11
-2.984922e-11 -3.423084e-11
-3.925254e-11 -3.541373e-11
-6.959820e-11 -9.638737e-12
-6.407415e-11 4.936118e-11
-4.405176e-12 8.260447e-11
5.708118e-11 5.214783e-11
6.636722e-11 -9.651630e-12
2.874067e-11 -4.614222e-11
-1.136789e-11 -3.958344e-11
-2.524694e-11 -1.420552e-11
-1.850080e-11 2.871584e-12
-9.743537e-12 6.294355e-12
-7.517271e-12 6.165554e-12
-6.481923e-12 1.048429e-11
1.312437e-12 1.551648e-11
1.353159e-11 1.137554e-11
1.782065e-11 -3.098585e-12
7.493841e-12 -1.502642e-11
-7.316679e-12 -1.216808e-11
-1.103171e-11 7.023306e-13
-2.406478e-12 7.902534e-12
5.490079e-12 3.419492e-12
4.093274e-12 -3.601046e-12
-1.266551e-12 -4.172977e-12
-2.572449e-12 -8.185711e-13
-8.060622e-13 -1.252139e-13
-1.440812e-12 -1.674373e-12
-4.286062e-12 -4.249857e-13
-4.234238e-12 3.985704e-12
2.310744e-13 6.490067e-12
4.783789e-12 4.142067e-12
5.480328e-12 -2.757533e-13
3.285988e-12 -2.796130e-12
1.294959e-12 -3.071270e-12
2.384557e-13 -3.074754e-12
-1.187416e-12 -3.225336e-12
-3.028886e-12 -2.231856e-12
-3.718444e-12 -2.345747e-14
-2.855630e-12 1.775008e-12
-1.786406e-12 2.600727e-12
-7.514091e-13 3.589005e-12
1.780817e-12 4.404669e-12
5.307955e-12 2.387489e-12
5.805249e-12 -2.768352e-12
1.190029e-12 -6.244727e-12
-4.050651e-12 -3.822522e-12
-3.996028e-12 1.415849e-12
2.047400e-13 2.762967e-12
1.940742e-12 -4.754437e-13
