1.275676e-11 1.110122e-12
3.426791e-11 -1.314031e-10
-1.467508e-10 -8.252960e-11
-1.655871e-10 1.140364e-10
9.672316e-12 2.208721e-10
1.885444e-10 1.219308e-10
1.997098e-10 -7.031421e-11
6.483302e-11 -1.738234e-10
-6.824508e-11 -1.342701e-10
-1.062962e-10 -3.923186e-11
-7.928743e-11 2.005961e-11
-5.163174e-11 4.073291e-11
-3.048317e-11 6.005627e-11
1.105779e-11 7.445734e-11
6.259659e-11 4.986993e-11
7.780309e-11 -1.121337e-11
3.943486e-11 -5.945492e-11
-1.532251e-11 -5.796898e-11
-4.113623e-11 -2.175603e-11
-3.154264e-11 9.601187e-12
-1.157270e-11 1.725975e-11
-1.975832e-12 1.133836e-11
-2.438154e-12 8.420367e-12
-1.163179e-12 1.276024e-11
8.613298e-12 1.552030e-11
2.034726e-11 6.829212e-12
2.061747e-11 -1.074558e-11
5.636789e-12 -2.207017e-11
-1.151461e-11 -1.643241e-11
-1.544971e-11 -1.397852e-12
-7.111722e-12 6.832806e-12
-2.769219e-13 4.075617e-12
-1.624234e-12 4.968636e-13
-3.972143e-12 3.272731e-12
-2.785311e-13 7.072879e-12
5.416897e-12 4.766845e-12
5.738726e-12 -1.021592e-12
1.661359e-12 -2.989391e-12
-9.000624e-14 -5.935167e-13
2.134658e-12 2.586526e-13
3.157932e-12 -2.914548e-12
-3.903192e-13 -5.604749e-12
-4.963248e-12 -3.421735e-12
-5.375499e-12 1.600468e-12
-1.790622e-12 4.203825e-12
1.362526e-12 2.904159e-12
1.726377e-12 7.305465e-13
9.792982e-13 -4.547701e-15
7.732197e-13 -1.831796e-13
3.173207e-13 -6.704965e-13
-7.285020e-13 -2.156966e-13
-3.666136e-13 1.443920e-12
2.082991e-12 1.525809e-12
3.246437e-12 -1.535568e-12
3.260459e-13 -4.198396e-12
-3.551149e-12 -2.340966e-12
-3.174234e-12 1.885361e-12
6.197343e-13 2.655368e-12
1.898614e-12 -5.543648e-13
-1.082579e-12 -2.076216e-12
-3.153699e-12 8.996701e-13
