-3.800414e-09 -7.997216e-10
-3.610245e-08 3.213947e-08
9.966132e-09 6.403230e-08
6.976944e-08 3.135681e-08
6.919202e-08 -4.439824e-08
6.455157e-10 -8.156538e-08
-6.241193e-08 -4.153446e-08
-5.844320e-08 2.484460e-08
-9.011222e-09 4.789547e-08
2.279585e-08 2.308404e-08
1.633698e-08 -1.708905e-09
3.752655e-09 -5.369855e-10
9.769859e-09 5.253201e-09
1.827521e-08 -7.045448e-09
5.942827e-09 -2.419458e-08
-1.840733e-08 -1.999904e-08
-2.650602e-08 4.401291e-09
-9.934616e-09 2.253105e-08
1.140907e-08 1.779008e-08
1.703538e-08 4.414001e-10
7.699616e-09 -1.032793e-08
-2.538187e-09 -8.699233e-09
-5.342541e-09 -2.386181e-09
-3.235603e-09 1.096983e-09
-1.321547e-09 1.371128e-09
-8.151210e-10 1.209674e-09
-3.484436e-10 1.586644e-09
6.970417e-10 1.671769e-09
1.694749e-09 8.860487e-10
1.914152e-09 -4.826063e-10
1.076973e-09 -1.722024e-09
-5.210367e-10 -2.010472e-09
-1.872126e-09 -9.115549e-10
-1.810658e-09 8.962764e-10
-2.883040e-10 1.857271e-09
1.246862e-09 1.103618e-09
1.324252e-09 -4.442770e-10
1.493316e-10 -1.094988e-09
-7.293211e-10 -3.967727e-10
-4.083265e-10 4.698630e-10
3.684272e-10 3.796052e-10
4.280537e-10 -3.271514e-10
-2.270536e-10 -5.353670e-10
-6.043217e-10 3.167971e-11
-1.997992e-10 5.579651e-10
3.982550e-10 3.748455e-10
4.398085e-10 -1.919144e-10
-1.276542e-11 -4.063346e-10
-3.243840e-10 -1.053936e-10
-1.730038e-10 2.364272e-10
1.531274e-10 2.147721e-10
2.390344e-10 -6.401524e-11
3.498189e-11 -2.328530e-10
-1.820880e-10 -1.259684e-10
-1.791027e-10 9.378998e-11
-1.219710e-12 1.771168e-10
1.308668e-10 6.792477e-11
9.098705e-11 -7.185871e-11
-2.897015e-11 -8.213825e-11
-6.612760e-11 1.001733e-11
2.813448e-12 5.935913e-11
