-3.061262e-12 -3.945456e-11
-4.109596e-10 -1.342321e-10
-2.679872e-10 4.457732e-10
4.055396e-10 4.655309e-10
6.502423e-10 -2.454559e-10
-7.875349e-14 -7.402190e-10
-7.129681e-10 -2.514393e-10
-4.538801e-10 6.090200e-10
4.781672e-10 6.115409e-10
7.602590e-10 -3.242598e-10
-1.023676e-10 -9.056354e-10
-9.873577e-10 -2.271883e-10
-6.343088e-10 9.068774e-10
6.027428e-10 1.001658e-09
1.177236e-09 -1.176045e-10
3.974849e-10 -1.067284e-09
-7.068735e-10 -7.544004e-10
-8.347470e-10 2.551775e-10
-9.009916e-11 6.628771e-10
3.923725e-10 2.089580e-10
1.297588e-10 -2.083708e-10
-2.071020e-10 -3.286457e-12
6.609832e-12 3.347248e-10
4.307455e-10 1.575441e-10
4.019440e-10 -3.487876e-10
-7.040014e-11 -5.458229e-10
-4.518664e-10 -2.704748e-10
-4.724298e-10 1.305570e-10
-2.566845e-10 4.024982e-10
8.760825e-11 4.988933e-10
4.705891e-10 3.020294e-10
5.641798e-10 -2.069228e-10
1.301177e-10 -5.913072e-10
-4.260655e-10 -3.657859e-10
-4.241581e-10 2.128104e-10
8.653108e-11 3.614152e-10
3.048840e-10 -8.110602e-11
-1.188915e-10 -3.488911e-10
-4.845151e-10 8.156799e-11
-9.488298e-11 6.099513e-10
6.075354e-10 3.701301e-10
6.257809e-10 -4.281747e-10
-1.244925e-10 -7.435558e-10
-6.779859e-10 -1.848514e-10
-3.888922e-10 4.765834e-10
2.412443e-10 4.442231e-10
3.856592e-10 -6.369788e-11
2.099647e-11 -2.895436e-10
-2.209485e-10 -3.820846e-11
-4.139938e-11 1.998331e-10
2.022296e-10 7.101102e-11
1.311551e-10 -1.877994e-10
-1.313391e-10 -1.940036e-10
-2.232083e-10 3.862886e-11
-5.947859e-11 1.986220e-10
1.277318e-10 1.271250e-10
1.437389e-10 -3.965863e-11
3.203354e-11 -1.131968e-10
-5.859397e-11 -6.650106e-11
-6.342139e-11 7.736136e-12
-2.125366e-11 3.870041e-11
