2.476375e-10 -2.206299e-10
-2.821047e-09 -1.023806e-08
-2.593387e-08 -7.648429e-09
-3.203397e-08 2.749772e-08
7.407155e-09 5.409594e-08
5.718387e-08 2.643147e-08
5.604670e-08 -3.623102e-08
-1.018854e-09 -6.573206e-08
-5.196458e-08 -3.092038e-08
-4.574576e-08 2.433102e-08
-1.936879e-09 4.088255e-08
2.446718e-08 1.564979e-08
1.509140e-08 -8.510147e-09
-1.235510e-09 -6.744814e-09
4.527904e-10 3.356857e-09
9.574582e-09 -9.259940e-10
5.041549e-09 -1.320648e-08
-1.056245e-08 -1.279371e-08
-1.702279e-08 2.617548e-09
-6.390587e-09 1.511485e-08
8.278635e-09 1.200632e-08
1.216943e-08 -2.403865e-10
5.280097e-09 -7.966077e-09
-2.429682e-09 -6.614245e-09
-4.605236e-09 -1.532367e-09
-2.690394e-09 1.530126e-09
-5.515287e-10 1.712471e-09
2.199463e-10 9.054805e-10
1.448635e-10 4.741697e-10
9.097210e-11 5.793517e-10
5.039496e-10 7.419047e-10
1.172817e-09 3.220166e-10
1.261141e-09 -7.834803e-10
2.018314e-10 -1.654005e-09
-1.273352e-09 -1.185616e-09
-1.655528e-09 3.927250e-10
-4.863994e-10 1.486135e-09
9.225615e-10 9.898002e-10
1.055243e-09 -3.337204e-10
4.416034e-11 -8.686174e-10
-6.605428e-10 -2.010044e-10
-2.663752e-10 5.401868e-10
4.704451e-10 3.559450e-10
4.810982e-10 -3.598208e-10
-1.679364e-10 -5.702161e-10
-5.535480e-10 -6.061827e-11
-2.420956e-10 4.277359e-10
2.532282e-10 3.231953e-10
3.135863e-10 -1.017740e-10
-6.377306e-12 -2.638664e-10
-2.183095e-10 -4.775909e-11
-9.353972e-11 1.850432e-10
1.432912e-10 1.458764e-10
1.898369e-10 -7.368098e-11
1.816180e-11 -1.980356e-10
-1.575078e-10 -1.034306e-10
-1.519012e-10 8.207630e-11
2.311490e-12 1.528203e-10
1.186321e-10 5.518386e-11
8.128142e-11 -7.234564e-11
-3.209431e-11 -8.273026e-11
