-3.963961e-07 -3.746689e-07
-7.461827e-07 1.626800e-07
-3.712109e-07 9.735531e-07
8.201792e-07 1.109296e-06
1.758115e-06 -1.200442e-07
1.040105e-06 -1.893950e-06
-1.207956e-06 -2.230759e-06
-2.842574e-06 -2.174895e-07
-1.851447e-06 2.448695e-06
1.105188e-06 2.973027e-06
3.081026e-06 6.450300e-07
2.071933e-06 -2.171628e-06
-7.106148e-07 -2.653363e-06
-2.315194e-06 -6.539008e-07
-1.436360e-06 1.397918e-06
4.144345e-07 1.514290e-06
1.105707e-06 2.295071e-07
3.998354e-07 -5.853184e-07
-2.694094e-07 -2.309345e-07
1.082862e-09 2.775677e-07
5.124431e-07 -4.259264e-08
2.110280e-07 -7.399598e-07
-7.226963e-07 -6.699304e-07
-1.097384e-06 3.497906e-07
-2.923993e-07 1.231702e-06
9.306282e-07 9.480652e-07
1.315918e-06 -2.645244e-07
5.015404e-07 -1.211818e-06
-6.782118e-07 -1.039749e-06
-1.136514e-06 -3.152927e-08
-5.930939e-07 8.083782e-07
2.820290e-07 7.935634e-07
6.421504e-07 1.511367e-07
3.126025e-07 -3.396192e-07
-1.297255e-07 -2.315473e-07
-9.827951e-08 1.340767e-07
2.804673e-07 1.134959e-07
3.393267e-07 -3.684751e-07
-2.219746e-07 -6.529971e-07
-8.306113e-07 -1.783652e-07
-6.713205e-07 6.998302e-07
2.572850e-07 1.011819e-06
1.019733e-06 3.241207e-07
7.961753e-07 -6.834064e-07
-1.577412e-07 -9.740353e-07
-8.260524e-07 -3.313152e-07
-6.086955e-07 4.689848e-07
8.590404e-08 6.259508e-07
4.578151e-07 1.743567e-07
2.589974e-07 -2.377349e-07
-7.953949e-08 -2.111540e-07
-1.229391e-07 2.798549e-08
5.519318e-08 7.623335e-08
1.024492e-07 -9.350455e-08
-8.119792e-08 -1.758529e-07
-2.371333e-07 -2.736789e-09
-1.296515e-07 2.315432e-07
1.413199e-07 2.398870e-07
2.776222e-07 4.018304e-09
1.442355e-07 -2.224381e-07
-9.998251e-08 -2.217353e-07
