-9.177726e-12 9.718444e-13
-7.201914e-10 1.738986e-09
1.965083e-09 3.188067e-09
5.092159e-09 4.428242e-10
4.016872e-09 -4.435689e-09
-1.129126e-09 -6.288029e-09
-5.633244e-09 -2.976118e-09
-5.485053e-09 2.422596e-09
-1.357806e-09 5.166256e-09
2.673720e-09 3.610007e-09
3.530723e-09 1.490176e-10
1.692600e-09 -1.903886e-09
-2.370491e-10 -1.587341e-09
-6.356866e-10 -4.273496e-10
-9.756558e-11 -6.544396e-11
6.084022e-12 -4.815372e-10
-6.002334e-10 -5.768238e-10
-1.011928e-09 1.244711e-10
-5.455812e-10 9.109137e-10
3.685941e-10 9.182553e-10
8.104886e-10 2.122706e-10
4.948245e-10 -4.095689e-10
-4.058155e-11 -4.329216e-10
-2.183138e-10 -1.025805e-10
-5.063464e-11 7.015077e-11
7.047757e-11 -3.961932e-11
-4.332391e-11 -1.523966e-10
-2.006352e-10 -4.944411e-11
-1.616634e-10 1.551097e-10
4.189012e-11 2.124641e-10
1.786852e-10 6.779982e-11
1.199581e-10 -9.771251e-11
-2.600303e-11 -1.115274e-10
-7.878779e-11 -5.876960e-12
-8.152781e-12 5.923150e-11
6.117474e-11 1.139329e-11
3.318783e-11 -6.417168e-11
-4.555269e-11 -6.224876e-11
-7.255719e-11 6.188214e-12
-2.913580e-11 5.194328e-11
1.627722e-11 3.622449e-11
1.594128e-11 4.885630e-12
-3.181579e-12 6.041987e-12
4.078737e-12 2.616736e-11
3.483559e-11 2.260123e-11
4.921031e-11 -1.340430e-11
2.530429e-11 -4.897853e-11
-1.795900e-11 -5.168152e-11
-4.586886e-11 -2.178722e-11
-4.200332e-11 1.421695e-11
-1.783395e-11 3.174588e-11
4.202220e-12 2.789470e-11
1.355348e-11 1.674583e-11
1.644258e-11 8.869568e-12
1.988619e-11 9.473669e-13
1.889585e-11 -1.218569e-11
5.981813e-12 -2.323672e-11
-1.247889e-11 -1.982351e-11
-2.038700e-11 -3.335214e-12
-1.238020e-11 1.029987e-11
-4.457532e-13 1.046965e-11
