1.225670e-07 1.659555e-08
1.003867e-07 -1.121061e-07
-4.896128e-08 -1.677634e-07
-1.908880e-07 -4.600043e-08
-1.425917e-07 1.601596e-07
8.363625e-08 2.101782e-07
2.272578e-07 1.133252e-08
8.629212e-08 -1.987677e-07
-1.620325e-07 -1.204611e-07
-1.386592e-07 1.588215e-07
1.866318e-07 2.007363e-07
3.447461e-07 -1.766583e-07
-3.483915e-08 -5.264412e-07
-6.163512e-07 -2.718961e-07
-6.520141e-07 4.770768e-07
7.481415e-08 9.125749e-07
8.712262e-07 4.607309e-07
8.861802e-07 -4.857049e-07
9.414539e-08 -9.837233e-07
-6.998671e-07 -5.983714e-07
-7.930062e-07 1.874552e-07
-2.820616e-07 6.194495e-07
2.251722e-07 4.813779e-07
3.598951e-07 1.341402e-07
2.560819e-07 -6.174801e-08
1.785910e-07 -1.117816e-07
1.498909e-07 -1.916774e-07
2.187225e-08 -3.113462e-07
-2.333715e-07 -3.010250e-07
-4.366081e-07 -5.523898e-08
-3.793618e-07 3.098298e-07
-3.134857e-08 5.312886e-07
4.012763e-07 4.023246e-07
5.946810e-07 -4.417010e-08
3.547342e-07 -4.996444e-07
-1.686159e-07 -5.892210e-07
-5.494243e-07 -2.212432e-07
-4.718309e-07 2.789608e-07
-5.794268e-08 4.761083e-07
2.729363e-07 2.768067e-07
2.806266e-07 -1.513077e-08
1.283420e-07 -1.119170e-07
8.084484e-08 -7.677643e-08
1.145805e-07 -1.412265e-07
-6.559711e-09 -2.928841e-07
-3.081856e-07 -2.505923e-07
-4.679418e-07 1.123020e-07
-2.075050e-07 4.970175e-07
2.978670e-07 4.816723e-07
5.631458e-07 3.600997e-08
3.368565e-07 -4.154163e-07
-1.283522e-07 -4.649362e-07
-3.867055e-07 -1.439815e-07
-2.783536e-07 1.816959e-07
-1.909601e-08 2.476753e-07
1.195777e-07 1.167756e-07
9.516133e-08 1.490449e-09
4.375695e-08 -1.228012e-08
5.160997e-08 -3.996625e-09
6.620833e-08 -4.886541e-08
1.264914e-08 -1.052884e-07
