8.560637e-09 -1.995496e-08
-3.195804e-08 -1.835965e-08
-4.671280e-08 4.040968e-08
2.307508e-08 9.057618e-08
1.227699e-07 3.541962e-08
1.201061e-07 -1.058050e-07
-2.448594e-08 -1.844337e-07
-1.803487e-07 -9.210364e-08
-1.836355e-07 9.691062e-08
-2.672866e-08 1.994387e-07
1.342033e-07 1.265145e-07
1.566650e-07 -3.005480e-08
5.479369e-08 -1.171747e-07
-4.704055e-08 -8.482128e-08
-6.486113e-08 -7.626602e-09
-2.429581e-08 2.749729e-08
4.463899e-09 1.218857e-08
-3.342374e-09 -5.457471e-09
-1.793678e-08 3.876765e-09
-1.010175e-08 2.324666e-08
1.320437e-08 2.460908e-08
2.668089e-08 5.520742e-09
1.965468e-08 -1.469783e-08
2.401045e-09 -2.081689e-08
-1.070956e-08 -1.369198e-08
-1.421570e-08 -2.276582e-09
-1.021656e-08 6.665794e-09
-2.513563e-09 1.037816e-08
5.092699e-09 8.111779e-09
8.556597e-09 1.361728e-09
5.703444e-09 -5.306135e-09
-9.577956e-10 -6.805451e-09
-5.385621e-09 -2.325386e-09
-3.627866e-09 3.118801e-09
1.604689e-09 3.474488e-09
3.367443e-09 -1.366000e-09
-1.368729e-09 -4.607547e-09
-6.955633e-09 -3.071257e-10
-4.746676e-09 8.277255e-09
5.887865e-09 1.066099e-08
1.455183e-08 1.106002e-09
1.034363e-08 -1.291939e-08
-5.041499e-09 -1.713110e-08
-1.740695e-08 -5.926601e-09
-1.464652e-08 1.061467e-08
2.326307e-10 1.698450e-08
1.258461e-08 8.504683e-09
1.196288e-08 -4.754880e-09
2.069272e-09 -1.005417e-08
-5.552019e-09 -5.212200e-09
-4.906441e-09 1.664193e-09
-8.612500e-11 3.230111e-09
2.096407e-09 2.368899e-10
2.055644e-10 -1.990091e-09
-2.161004e-09 -8.622329e-10
-1.993970e-09 1.681112e-09
2.917675e-10 2.770408e-09
2.518605e-09 1.512600e-09
2.933092e-09 -1.141119e-09
9.355333e-10 -3.323807e-09
-2.406799e-09 -3.000762e-09
