9.521643e-11 -5.684700e-11
1.933669e-11 -1.276605e-09
-1.430093e-09 -7.205502e-10
-1.567830e-09 1.087925e-09
1.772681e-10 2.144989e-09
2.059414e-09 1.010072e-09
1.937229e-09 -1.243867e-09
-6.172728e-11 -2.158351e-09
-1.631355e-09 -8.972106e-10
-1.202718e-09 7.630339e-10
1.360347e-10 8.739823e-10
3.581382e-10 -1.058653e-10
-5.542362e-10 -2.073643e-10
-6.797283e-10 9.736697e-10
8.260010e-10 1.540498e-09
2.200917e-09 6.902214e-11
1.376758e-09 -2.103983e-09
-1.104254e-09 -2.429732e-09
-2.635020e-09 -4.072861e-10
-1.718440e-09 1.846998e-09
4.657952e-10 2.217764e-09
1.755660e-09 8.035136e-10
1.377236e-09 -7.145734e-10
2.531136e-10 -1.130371e-09
-4.301524e-10 -6.431934e-10
-3.969155e-10 -1.452393e-10
-2.037303e-10 -1.121946e-10
-3.762376e-10 -2.181494e-10
-7.209232e-10 1.175508e-10
-5.321510e-10 8.506360e-10
4.218011e-10 1.147106e-09
1.315494e-09 3.672285e-10
1.087417e-09 -9.137588e-10
-1.650108e-10 -1.371645e-09
-1.136057e-09 -5.342754e-10
-8.763066e-10 5.927418e-10
7.462102e-11 8.094184e-10
5.177022e-10 1.849936e-10
1.693024e-10 -2.583516e-10
-1.867627e-10 -3.642897e-11
2.296949e-11 2.825295e-10
4.023834e-10 8.154701e-11
2.984819e-10 -4.005774e-10
-2.277940e-10 -4.910980e-10
-5.378641e-10 -4.820261e-11
-2.976347e-10 4.070845e-10
1.658829e-10 4.124856e-10
3.646199e-10 6.990669e-11
2.055782e-10 -2.092101e-10
-4.110439e-11 -2.138307e-10
-1.354343e-10 -6.281510e-11
-8.009713e-11 4.217880e-11
-9.713612e-12 4.120881e-11
-1.677064e-12 7.018479e-12
-2.437497e-11 1.134417e-11
-1.528467e-11 4.583513e-11
3.413509e-11 5.333958e-11
7.236226e-11 6.280064e-12
5.114814e-11 -5.752338e-11
-1.669776e-11 -7.522607e-11
-6.804856e-11 -2.804879e-11
