-1.118765e-09 3.195750e-11
-3.042174e-09 4.788425e-09
-1.479930e-09 -8.647635e-09
-2.213923e-08 -7.918189e-09
-2.911289e-08 2.323473e-08
5.765465e-09 4.827537e-08
5.139207e-08 2.368589e-08
5.020459e-08 -3.386968e-08
-3.260703e-09 -6.034249e-08
-5.017565e-08 -2.605858e-08
-4.184111e-08 2.660896e-08
2.073437e-09 4.044381e-08
2.731133e-08 1.311021e-08
1.579630e-08 -1.225050e-08
-3.207204e-09 -1.007948e-08
-3.312317e-09 2.380785e-09
6.406767e-09 1.145428e-09
4.608388e-09 -9.688055e-09
-8.337058e-09 -1.051000e-08
-1.428833e-08 2.306285e-09
-5.223922e-09 1.316060e-08
7.616261e-09 1.033471e-08
1.087953e-08 -6.379864e-10
4.460771e-09 -7.470382e-09
-2.617339e-09 -5.993443e-09
-4.491078e-09 -1.087172e-09
-2.426162e-09 1.850854e-09
-1.122503e-10 1.845797e-09
6.769219e-10 6.784925e-10
2.850928e-10 -4.180589e-11
-2.135467e-10 1.508938e-10
1.774803e-11 7.137646e-10
8.849526e-10 6.372553e-10
1.305251e-09 -4.311159e-10
4.302589e-10 -1.488520e-09
-1.056935e-09 -1.212064e-09
-1.534223e-09 2.714591e-10
-4.616826e-10 1.343158e-09
8.628219e-10 8.726262e-10
9.448952e-10 -3.793964e-10
-5.140760e-11 -8.333354e-10
-6.975826e-10 -1.319881e-10
-2.615340e-10 5.939426e-10
4.849550e-10 3.945467e-10
5.112562e-10 -3.209480e-10
-1.062418e-10 -5.536748e-10
-4.914178e-10 -1.004787e-10
-2.358050e-10 3.522189e-10
1.990002e-10 2.789108e-10
2.582400e-10 -8.277542e-11
-1.353607e-11 -2.202603e-10
-1.923668e-10 -3.200467e-11
-7.978901e-11 1.697451e-10
1.310111e-10 1.337047e-10
1.748563e-10 -6.403736e-11
2.061848e-11 -1.803618e-10
-1.429518e-10 -9.679375e-11
-1.407425e-10 7.613958e-11
4.367932e-12 1.444508e-10
1.163277e-10 5.110605e-11
8.021097e-11 -7.301448e-11
