1.295651e-09 5.229344e-10
9.070823e-09 -7.030872e-09
-1.529870e-09 -8.173450e-09
-5.703332e-09 -1.389780e-09
-2.521146e-09 3.378494e-09
1.409186e-09 2.795319e-09
2.300485e-09 3.754491e-10
1.542892e-09 -8.677393e-10
9.694454e-10 -1.353244e-09
2.144270e-10 -1.989878e-09
-1.319804e-09 -2.043950e-09
-2.658057e-09 -6.444659e-10
-2.434706e-09 1.468689e-09
-6.999987e-10 2.690946e-09
1.248574e-09 2.292263e-09
2.265523e-09 8.016425e-10
2.047578e-09 -8.232253e-10
8.933387e-10 -1.822984e-09
-5.566974e-10 -1.765229e-09
-1.464842e-09 -7.399407e-10
-1.294262e-09 4.959625e-10
-3.626073e-10 1.028283e-09
4.075270e-10 6.575119e-10
4.598933e-10 4.420044e-11
1.181207e-10 -1.374240e-10
4.036499e-12 5.012009e-11
2.018047e-10 8.968749e-11
2.758095e-10 -1.823453e-10
-1.166126e-11 -3.858795e-10
-3.494774e-10 -1.917906e-10
-3.230661e-10 2.039744e-10
3.067126e-11 3.483799e-10
2.934546e-10 1.090138e-10
1.955996e-10 -2.006848e-10
-9.750522e-11 -2.358407e-10
-2.370451e-10 -6.423202e-12
-1.023313e-10 1.966847e-10
1.140918e-10 1.686483e-10
1.784509e-10 -9.466127e-12
7.407643e-11 -1.248012e-10
-3.904074e-11 -9.601987e-11
-5.332668e-11 -2.258170e-11
-2.049090e-11 -9.739536e-12
-3.335802e-11 -3.329341e-11
-8.218158e-11 -7.716869e-12
-8.085884e-11 7.261348e-11
1.096328e-12 1.228100e-10
9.433383e-11 8.230573e-11
1.170907e-10 -1.316168e-11
6.303445e-11 -8.239678e-11
-1.034082e-11 -8.554813e-11
-5.096471e-11 -4.495318e-11
-5.127429e-11 -3.331144e-12
-3.417316e-11 1.786166e-11
-1.991433e-11 2.495774e-11
-8.444986e-12 3.142504e-11
1.102210e-11 3.593130e-11
3.653486e-11 2.342675e-11
4.670546e-11 -1.040877e-11
2.464422e-11 -4.341743e-11
-1.636099e-11 -4.643513e-11
