4.182721e-12 2.719970e-12
1.199105e-11 -3.809338e-11
-6.535041e-11 -8.490616e-12
-4.612959e-11 8.556329e-11
6.415434e-11 1.000490e-10
1.277013e-10 -2.169675e-12
6.527632e-11 -1.051476e-10
-4.581419e-11 -9.856507e-11
-8.453319e-11 -1.225699e-11
-3.735798e-11 4.372153e-11
1.070099e-11 2.673689e-11
4.093076e-12 -6.055026e-12
-2.292950e-11 3.030181e-12
-1.422434e-11 3.685074e-11
2.821113e-11 4.127093e-11
5.470399e-11 1.922285e-12
3.449568e-11 -4.232121e-11
-1.182190e-11 -4.928341e-11
-4.050667e-11 -1.742404e-11
-3.057559e-11 1.877570e-11
-1.355074e-13 2.709345e-11
1.717965e-11 8.169939e-12
8.434478e-12 -1.049127e-11
-8.518498e-12 -8.313101e-12
-1.082209e-11 6.603586e-12
1.443573e-12 1.279810e-11
1.029097e-11 4.651173e-12
6.746652e-12 -4.169899e-12
3.301585e-13 -3.377207e-12
1.323767e-12 7.416619e-13
5.631452e-12 -1.749322e-12
3.330810e-12 -8.498419e-12
-5.333171e-12 -9.395170e-12
-1.064458e-11 -1.962681e-12
-7.410279e-12 5.722282e-12
-9.923523e-13 6.748082e-12
1.451755e-12 3.636181e-12
4.123895e-13 2.792660e-12
1.519025e-12 4.824662e-12
6.261516e-12 4.365042e-12
9.436722e-12 -1.517493e-12
6.168892e-12 -8.653299e-12
-1.796999e-12 -1.074545e-11
-8.478572e-12 -6.348555e-12
-9.997456e-12 9.353857e-13
-6.510445e-12 6.930665e-12
-1.332834e-13 9.053742e-12
5.911058e-12 6.130831e-12
7.661519e-12 -2.421440e-13
3.864879e-12 -5.067220e-12
-1.315023e-12 -4.484744e-12
-2.623144e-12 -7.922447e-13
-5.344747e-13 6.250104e-13
8.704040e-14 -9.130659e-13
-1.974978e-12 -1.026140e-12
-2.488745e-12 1.873271e-12
7.473349e-13 3.540604e-12
3.708524e-12 8.526800e-13
2.325536e-12 -2.895411e-12
-1.304781e-12 -3.074870e-12
-2.649254e-12 -4.578011e-13
