4.549996e-11 -1.478962e-11
6.204871e-11 -5.225430e-10
-5.865247e-10 -1.946932e-10
-4.116699e-10 6.162459e-10
5.403387e-10 6.942527e-10
9.769165e-10 -3.073367e-10
9.174560e-11 -1.163709e-09
-1.151363e-09 -6.061084e-10
-1.116169e-09 8.678749e-10
3.245990e-10 1.454792e-09
1.474572e-09 3.504677e-10
9.418064e-10 -1.136969e-09
-5.608623e-10 -1.245935e-09
-1.188249e-09 -2.183397e-11
-3.923088e-10 8.733573e-10
5.218398e-10 4.732439e-10
3.676700e-10 -3.282278e-10
-3.370735e-10 -2.765547e-10
-3.512032e-10 4.246131e-10
3.984993e-10 5.841777e-10
8.143500e-10 -1.444120e-10
2.827566e-10 -8.406793e-10
-5.651371e-10 -6.845568e-10
-8.423745e-10 6.834245e-11
-4.306463e-10 6.557827e-10
2.066080e-10 7.021067e-10
6.381085e-10 2.896031e-10
6.105836e-10 -3.073555e-10
9.775955e-11 -6.512401e-10
-4.686339e-10 -3.835381e-10
-4.669539e-10 2.252082e-10
7.261833e-11 4.078793e-10
3.464292e-10 -5.432087e-11
-8.933679e-11 -3.924169e-10
-5.434801e-10 4.357573e-11
-1.636804e-10 6.865303e-10
6.790802e-10 4.928232e-10
8.023013e-10 -4.524193e-10
-6.484591e-11 -9.384285e-10
-8.338292e-10 -3.307665e-10
-5.808827e-10 5.475951e-10
2.226973e-10 6.213330e-10
5.040701e-10 6.124938e-12
8.930456e-11 -3.481975e-10
-2.552344e-10 -7.511557e-11
-5.742191e-11 2.489698e-10
2.767353e-10 1.021343e-10
2.050938e-10 -2.623364e-10
-1.667687e-10 -3.053650e-10
-3.363191e-10 1.385381e-11
-1.313524e-10 2.735777e-10
1.476463e-10 2.091582e-10
2.013503e-10 -1.863531e-11
6.343268e-11 -1.348637e-10
-5.703365e-11 -8.416996e-11
-6.304515e-11 4.411725e-12
-1.366145e-11 3.202465e-11
1.323125e-11 1.037965e-11
4.746632e-12 -9.921384e-12
-1.235780e-11 -7.138622e-12
-1.569291e-11 9.928508e-12
