1.505298e-07 2.147818e-09
1.268371e-07 -1.669968e-07
-8.236961e-08 -2.633842e-07
-3.285366e-07 -1.024961e-07
-3.192001e-07 2.536311e-07
3.652313e-08 4.581163e-07
4.305408e-07 2.409980e-07
4.498169e-07 -2.282584e-07
6.154542e-08 -4.861441e-07
-3.350879e-07 -3.005086e-07
-3.780813e-07 8.311849e-08
-1.315015e-07 2.766132e-07
8.032254e-08 2.011110e-07
1.117184e-07 7.867748e-08
1.024331e-07 5.342596e-08
1.700957e-07 1.555291e-08
1.920713e-07 -1.507543e-07
5.382228e-09 -3.093469e-07
-2.857622e-07 -2.169607e-07
-3.711470e-07 1.197886e-07
-1.140447e-07 3.866515e-07
2.538358e-07 3.088393e-07
3.809487e-07 -3.430762e-08
1.744235e-07 -3.084010e-07
-1.359360e-07 -2.878363e-07
-2.724781e-07 -5.175222e-08
-1.731013e-07 1.569065e-07
1.262509e-08 1.881697e-07
1.149501e-07 8.470803e-08
9.497716e-08 -1.602781e-08
3.838129e-08 -3.429306e-08
3.548799e-08 -1.266646e-08
7.023637e-08 -4.527447e-08
3.472720e-08 -1.398262e-07
-1.217216e-07 -1.689893e-07
-2.714085e-07 -1.003314e-08
-2.062696e-07 2.569461e-07
9.995265e-08 3.637073e-07
3.854411e-07 1.402705e-07
3.479763e-07 -2.436568e-07
-1.872183e-09 -4.188341e-07
-3.236109e-07 -2.208472e-07
-3.216455e-07 1.248536e-07
-6.473316e-08 2.741528e-07
1.378552e-07 1.535152e-07
1.237767e-07 -1.284271e-08
2.680890e-08 -3.308734e-08
3.210115e-08 2.402899e-08
1.074513e-07 -1.569127e-08
7.541199e-08 -1.476790e-07
-1.017639e-07 -1.824273e-07
-2.364926e-07 -1.652984e-08
-1.501637e-07 2.010017e-07
8.927885e-08 2.355366e-07
2.373185e-07 4.823403e-08
1.544347e-07 -1.624970e-07
-5.039492e-08 -1.939184e-07
-1.652614e-07 -5.108286e-08
-1.082761e-07 9.487641e-08
1.960399e-08 1.131969e-07
8.104151e-08 3.146300e-08
