-1.888823e-05 3.099444e-06
-1.042294e-05 2.119175e-05
1.264162e-05 2.358305e-05
2.786989e-05 3.706863e-06
1.907054e-05 -2.005878e-05
-4.556365e-06 -2.537839e-05
-2.052431e-05 -1.024339e-05
-1.762946e-05 8.637555e-06
-3.472995e-06 1.587738e-05
7.969566e-06 1.037238e-05
1.027873e-05 9.286479e-07
6.368470e-06 -5.075228e-06
1.344968e-06 -6.544727e-06
-2.627909e-06 -5.334268e-06
-5.229908e-06 -2.374622e-06
-5.470824e-06 1.829277e-06
-2.461465e-06 5.230463e-06
2.264633e-06 5.184791e-06
5.158435e-06 1.471409e-06
3.988741e-06 -2.869642e-06
1.316314e-07 -4.342768e-06
-2.901191e-06 -2.303680e-06
-2.928103e-06 8.171816e-07
-7.971664e-07 2.254957e-06
1.069779e-06 1.436905e-06
1.256955e-06 -1.022863e-07
3.311827e-07 -7.446150e-07
-3.313367e-07 -3.269523e-07
-1.685872e-07 1.874170e-07
2.426359e-07 9.260174e-08
1.782149e-07 -3.268255e-07
-3.027750e-07 -3.654663e-07
-5.340389e-07 1.281111e-07
-1.488468e-07 5.785399e-07
4.529347e-07 4.271201e-07
5.997900e-07 -1.839424e-07
1.408787e-07 -5.970674e-07
-4.164313e-07 -4.066640e-07
-5.188469e-07 1.280987e-07
-1.521145e-07 4.472176e-07
2.430941e-07 3.157778e-07
3.159054e-07 -1.502114e-08
1.287906e-07 -1.904305e-07
-3.743666e-08 -1.397093e-07
-5.241439e-08 -4.573361e-08
-2.156666e-08 -4.361599e-08
-6.657254e-08 -6.938430e-08
-1.427946e-07 -3.760433e-09
-1.171054e-07 1.321895e-07
3.408080e-08 1.926449e-07
1.770722e-07 9.351864e-08
1.746781e-07 -7.927748e-08
4.023074e-08 -1.677049e-07
-8.941876e-08 -1.137925e-07
-1.114099e-07 -2.257327e-09
-5.136951e-08 5.546244e-08
-1.601767e-09 4.074093e-08
-2.096402e-09 1.753671e-08
-1.126302e-08 3.092838e-08
1.737640e-08 5.220613e-08
6.530011e-08 2.947996e-08
