-5.652828e-06 4.363281e-06
3.720275e-07 9.395567e-06
1.008252e-05 6.776068e-06
1.452918e-05 -5.073109e-06
5.880590e-06 -1.808255e-05
-1.292131e-05 -1.874165e-05
-2.623829e-05 -1.268913e-06
-1.872221e-05 2.231879e-05
6.931275e-06 3.022802e-05
2.892626e-05 1.294335e-05
2.722861e-05 -1.499525e-05
4.269665e-06 -2.894127e-05
-1.830696e-05 -1.898751e-05
-2.261154e-05 2.176252e-06
-1.052892e-05 1.535106e-05
3.216871e-06 1.411314e-05
8.837465e-06 6.200673e-06
8.244529e-06 1.889552e-07
6.705362e-06 -3.302881e-06
4.287626e-06 -7.014547e-06
-1.613240e-06 -9.348789e-06
-8.880333e-06 -5.777190e-06
-1.076201e-05 3.367054e-06
-4.003463e-06 1.074917e-05
6.063559e-06 9.421598e-06
1.052755e-05 6.416642e-07
6.088957e-06 -7.404600e-06
-2.150813e-06 -8.134528e-06
-6.652781e-06 -2.525802e-06
-4.791868e-06 3.213639e-06
-8.032866e-08 4.438603e-06
2.607172e-06 1.815802e-06
1.851493e-06 -8.258124e-07
-4.253180e-08 -1.046375e-06
-4.620201e-07 2.247453e-07
6.527210e-07 6.279293e-07
1.311612e-06 -5.832749e-07
2.101676e-07 -1.837128e-06
-1.641506e-06 -1.343746e-06
-2.154323e-06 6.656108e-07
-6.441202e-07 2.167876e-06
1.382642e-06 1.658977e-06
1.958851e-06 -2.197053e-07
7.715904e-07 -1.537964e-06
-7.346807e-07 -1.230734e-06
-1.132944e-06 -1.858061e-08
-4.401651e-07 7.167337e-07
2.863180e-07 4.983717e-07
3.462764e-07 -3.513852e-08
1.465687e-08 -1.767364e-07
-1.053249e-07 4.137835e-08
8.841583e-08 1.383557e-07
2.129683e-07 -6.342211e-08
3.019627e-08 -2.584854e-07
-2.365045e-07 -1.485793e-07
-2.420002e-07 1.484336e-07
2.284607e-08 2.772150e-07
2.448869e-07 1.014579e-07
1.892943e-07 -1.580445e-07
-4.580598e-08 -2.193121e-07
-1.901749e-07 -5.685116e-08
