-3.427972e-05 -4.896961e-05
-7.971836e-05 5.538662e-08
-5.659108e-05 8.112367e-05
3.965091e-05 1.089436e-04
1.253882e-04 3.472654e-05
1.105181e-04 -8.781234e-05
-4.492965e-06 -1.487078e-04
-1.237656e-04 -8.904492e-05
-1.458051e-04 4.198720e-05
-5.700773e-05 1.348058e-04
6.244566e-05 1.216472e-04
1.202180e-04 2.970331e-05
9.087839e-05 -6.037654e-05
1.758963e-05 -9.260009e-05
-4.386347e-05 -6.799560e-05
-6.775238e-05 -1.873016e-05
-5.675447e-05 2.685038e-05
-2.303550e-05 5.304673e-05
1.793790e-05 5.122616e-05
4.584081e-05 2.230451e-05
4.418434e-05 -1.666057e-05
1.548463e-05 -3.984178e-05
-1.765695e-05 -3.322828e-05
-3.142564e-05 -6.673792e-06
-2.076001e-05 1.655225e-05
-2.187237e-07 2.118730e-05
1.250509e-05 1.039006e-05
1.168817e-05 -2.232433e-06
4.046491e-06 -7.107265e-06
-1.512888e-06 -4.885247e-06
-2.261933e-06 -1.548269e-06
-1.260058e-06 -6.562181e-07
-1.616856e-06 -9.274816e-07
-2.789621e-06 2.565408e-07
-2.189100e-06 2.801746e-06
8.759526e-07 3.955293e-06
3.880441e-06 1.840011e-06
3.815247e-06 -2.000808e-06
6.249779e-07 -4.072872e-06
-2.675638e-06 -2.651577e-06
-3.242234e-06 5.432179e-07
-1.197056e-06 2.448716e-06
1.013592e-06 1.868824e-06
1.518594e-06 1.886977e-07
6.669902e-07 -7.106118e-07
-6.941102e-08 -4.828038e-07
-5.191513e-08 -9.396790e-08
1.337714e-07 -2.079015e-07
-1.263899e-07 -4.454692e-07
-5.678886e-07 -1.942837e-07
-5.245649e-07 4.148666e-07
8.048462e-08 6.792268e-07
6.048121e-07 2.675139e-07
4.950117e-07 -3.643133e-07
-6.992606e-08 -5.500218e-07
-4.542764e-07 -1.776138e-07
-3.185018e-07 2.711642e-07
7.556683e-08 3.394144e-07
2.682234e-07 6.971428e-08
1.335974e-07 -1.600009e-07
-7.171535e-08 -1.269893e-07
