9.539247e-08 -8.549365e-08
-3.114791e-08 -1.561451e-07
-1.702383e-07 -6.246012e-08
-1.499275e-07 1.156297e-07
1.485014e-08 1.803198e-07
1.375398e-07 7.603800e-08
1.090088e-07 -5.441421e-08
1.371488e-08 -7.915085e-08
-2.305898e-08 -3.102331e-08
-2.473520e-09 -1.355603e-08
-8.190882e-09 -3.812614e-08
-5.645316e-08 -2.957674e-08
-7.175933e-08 3.843654e-08
-6.921075e-09 9.205928e-08
7.870316e-08 5.748053e-08
9.063841e-08 -3.680818e-08
1.624390e-08 -9.280989e-08
-6.435389e-08 -5.889010e-08
-7.494955e-08 1.924909e-08
-2.154673e-08 6.160315e-08
3.088557e-08 4.136935e-08
3.734119e-08 -2.030153e-09
1.121421e-08 -2.080493e-08
-7.595486e-09 -8.935824e-09
-2.322068e-09 5.713076e-09
1.063181e-08 2.398588e-09
1.034704e-08 -1.177804e-08
-3.611321e-09 -1.779374e-08
-1.598087e-08 -9.106578e-09
-1.626586e-08 4.629063e-09
-7.772549e-09 1.220022e-08
8.229590e-10 1.191337e-08
5.875936e-09 8.305384e-09
8.624330e-09 3.914132e-09
9.148842e-09 -1.667897e-09
5.547396e-09 -6.882484e-09
-9.933578e-10 -7.515935e-09
-4.736574e-09 -2.639117e-09
-1.967333e-09 1.995549e-09
2.884862e-09 1.160811e-10
1.550723e-09 -6.140459e-09
-7.039312e-09 -7.222503e-09
-1.330577e-08 2.109430e-09
-7.388249e-09 1.440961e-08
8.113448e-09 1.617158e-08
1.888115e-08 3.078002e-09
1.360791e-08 -1.377614e-08
-3.479721e-09 -1.859798e-08
-1.647780e-08 -7.156485e-09
-1.395842e-08 9.094427e-09
3.464351e-11 1.513812e-08
1.136165e-08 7.260705e-09
1.066002e-08 -4.897818e-09
1.429194e-09 -9.785694e-09
-5.959925e-09 -5.286338e-09
-5.784752e-09 1.575541e-09
-1.150161e-09 3.879190e-09
1.694709e-09 1.480384e-09
5.324943e-10 -9.797695e-10
-1.791942e-09 -2.406981e-10
-1.631098e-09 2.559085e-09
