5.333481e-12 -9.810021e-12
-8.841877e-11 -6.900111e-11
-1.029206e-10 8.519312e-11
4.163224e-11 1.518917e-10
1.651890e-10 4.613924e-11
1.322092e-10 -1.096187e-10
-6.087594e-12 -1.582790e-10
-1.056777e-10 -8.270313e-11
-1.029160e-10 1.363030e-11
-5.229293e-11 5.261299e-11
-1.972164e-11 5.209330e-11
-1.197388e-12 5.655342e-11
3.495426e-11 5.803564e-11
7.403033e-11 2.190518e-11
6.908667e-11 -4.106803e-11
1.333855e-11 -7.561930e-11
-4.350361e-11 -5.190492e-11
-5.513753e-11 -1.798528e-13
-2.698336e-11 3.089846e-11
2.983128e-12 2.685635e-11
1.092420e-11 9.147601e-12
3.453915e-12 1.513404e-12
-4.153366e-13 7.058594e-12
7.978749e-12 1.201120e-11
1.960401e-11 3.837517e-12
1.875247e-11 -1.387068e-11
2.034684e-12 -2.409547e-11
-1.571902e-11 -1.607568e-11
-1.849208e-11 1.060031e-12
-8.285257e-12 9.983404e-12
-1.068837e-13 6.910103e-12
-6.691490e-13 2.990520e-12
-2.043096e-12 5.511437e-12
2.913600e-12 8.350640e-12
9.178507e-12 4.020494e-12
8.469971e-12 -3.932010e-12
2.158236e-12 -6.826986e-12
-1.663955e-12 -3.752647e-12
-4.618752e-13 -1.480320e-12
3.100573e-13 -3.368180e-12
-3.266868e-12 -4.853509e-12
-7.398818e-12 -1.161013e-12
-6.228495e-12 5.217024e-12
-1.475415e-13 7.819289e-12
4.961211e-12 4.648623e-12
5.394244e-12 -2.096274e-13
2.970599e-12 -2.735156e-12
7.029940e-13 -3.050267e-12
-1.059156e-12 -2.593328e-12
-2.534866e-12 -1.017817e-12
-2.110464e-12 1.589966e-12
7.511720e-13 2.474005e-12
2.721101e-12 -9.558673e-14
7.499653e-13 -2.890227e-12
-2.575468e-12 -1.742490e-12
-2.329619e-12 1.721988e-12
9.324960e-13 2.192830e-12
1.808935e-12 -8.206649e-13
-1.183728e-12 -2.020384e-12
-3.020073e-12 1.064338e-12
-2.286611e-13 3.933210e-12
