2.846311e-12 1.176856e-13
5.874752e-12 -4.286589e-11
-5.778622e-11 -3.128475e-11
-7.042537e-11 4.392921e-11
-2.284746e-12 9.301266e-11
7.618968e-11 5.787289e-11
8.881998e-11 -2.347007e-11
3.576427e-11 -7.519130e-11
-2.661968e-11 -6.668051e-11
-5.415355e-11 -2.419291e-11
-4.542152e-11 1.328217e-11
-2.302677e-11 2.908258e-11
-4.898415e-12 2.956565e-11
7.044084e-12 2.628849e-11
1.896310e-11 2.120310e-11
3.019965e-11 7.911622e-12
3.014938e-11 -1.367131e-11
1.298611e-11 -3.004299e-11
-1.012968e-11 -2.795511e-11
-2.173918e-11 -1.150517e-11
-1.824370e-11 3.190937e-12
-1.059874e-11 8.279411e-12
-6.460597e-12 9.666478e-12
-2.021926e-12 1.261269e-11
6.569238e-12 1.258803e-11
1.359266e-11 4.652383e-12
1.149288e-11 -6.098291e-12
2.479815e-12 -1.015206e-11
-4.121478e-12 -5.940254e-12
-3.869756e-12 -6.292381e-13
-1.118487e-12 2.282676e-13
-1.179668e-12 -1.237274e-12
-3.204823e-12 -3.283945e-13
-2.839679e-12 2.902730e-12
7.699869e-13 4.232396e-12
3.795542e-12 1.628637e-12
3.110576e-12 -2.095272e-12
-1.002674e-14 -3.338690e-12
-2.422893e-12 -1.818184e-12
-2.879253e-12 5.891358e-13
-1.684132e-12 2.666818e-12
9.856095e-13 3.499847e-12
3.883432e-12 1.610594e-12
3.898494e-12 -2.506229e-12
-8.519759e-14 -4.744658e-12
-3.945112e-12 -2.052591e-12
-2.955557e-12 2.354269e-12
1.134323e-12 2.720836e-12
2.245515e-12 -7.905504e-13
-8.700395e-13 -2.308022e-12
-2.860458e-12 5.633442e-13
-4.186681e-13 3.182788e-12
2.689053e-12 1.557556e-12
2.072235e-12 -1.548622e-12
-5.163915e-13 -1.699972e-12
-9.177494e-13 1.950737e-13
5.101000e-13 4.270770e-13
4.868276e-13 -9.013284e-13
-9.574603e-13 -7.834020e-13
-9.043491e-13 7.853765e-13
7.553257e-13 8.369571e-13
