1.463049e-07 5.619032e-08
1.577572e-07 -1.260018e-07
-3.028381e-08 -2.382206e-07
-2.396082e-07 -1.121203e-07
-2.303467e-07 1.422237e-07
-1.100748e-08 2.575869e-07
1.809749e-07 1.394142e-07
1.804880e-07 -5.113509e-08
5.577348e-08 -1.300120e-07
-3.702744e-08 -8.956258e-08
-5.182937e-08 -3.533344e-08
-4.959015e-08 -1.565642e-08
-6.328737e-08 9.399977e-09
-5.134548e-08 6.235720e-08
1.611135e-08 9.249525e-08
8.956631e-08 4.733902e-08
9.285048e-08 -4.435919e-08
1.850272e-08 -9.740091e-08
-6.172937e-08 -6.653370e-08
-7.820931e-08 8.452030e-09
-3.281301e-08 5.485746e-08
1.766926e-08 4.430963e-08
3.005094e-08 8.444738e-09
1.230732e-08 -9.619135e-09
-1.169395e-09 -1.940510e-09
5.473543e-09 7.704945e-09
1.749054e-08 3.463568e-10
1.473291e-08 -1.685990e-08
-3.120452e-09 -2.410339e-08
-1.929994e-08 -1.374690e-08
-2.091395e-08 3.667714e-09
-1.072682e-08 1.411974e-08
4.296578e-10 1.407290e-08
6.512198e-09 9.011168e-09
8.583129e-09 3.659037e-09
8.272465e-09 -1.529546e-09
4.769522e-09 -5.828520e-09
-9.644449e-10 -6.006323e-09
-3.837534e-09 -1.308570e-09
-4.244992e-10 2.717606e-09
4.698548e-09 -9.579211e-11
3.017617e-09 -7.388378e-09
-6.541616e-09 -9.112336e-09
-1.394935e-08 3.146193e-10
-8.841244e-09 1.330401e-08
6.350907e-09 1.600247e-08
1.730591e-08 3.878311e-09
1.276847e-08 -1.220473e-08
-3.178175e-09 -1.687173e-08
-1.522117e-08 -6.116031e-09
-1.255425e-08 9.038615e-09
8.162939e-10 1.437261e-08
1.142824e-08 6.521413e-09
1.046483e-08 -5.258013e-09
1.327156e-09 -9.942168e-09
-6.011011e-09 -5.479046e-09
-5.934109e-09 1.373541e-09
-1.355836e-09 3.784357e-09
1.538493e-09 1.442272e-09
3.558643e-10 -1.064374e-09
-2.127916e-09 -2.713532e-10
