-5.194891e-06 -1.328337e-06
-5.531572e-06 4.608237e-06
4.905987e-07 9.529058e-06
1.022609e-05 7.044304e-06
1.498501e-05 -4.783830e-06
6.555027e-06 -1.808837e-05
-1.222387e-05 -1.901232e-05
-2.538071e-05 -1.893233e-06
-1.800247e-05 2.074343e-05
6.211233e-06 2.774379e-05
2.588198e-05 1.132261e-05
2.329063e-05 -1.355549e-05
2.594886e-06 -2.451127e-05
-1.586887e-05 -1.458408e-05
-1.763580e-05 3.168182e-06
-6.697670e-06 1.233593e-05
3.450491e-06 9.636570e-06
6.054163e-06 3.383719e-06
4.858110e-06 2.169838e-07
4.647785e-06 -1.334041e-06
4.038678e-06 -4.603622e-06
-4.491155e-07 -7.524786e-06
-6.928240e-06 -5.124869e-06
-8.883855e-06 2.561331e-06
-3.241935e-06 8.847031e-06
5.180323e-06 7.597578e-06
8.634721e-06 1.475419e-07
4.605378e-06 -6.324097e-06
-2.227391e-06 -6.465287e-06
-5.542233e-06 -1.555635e-06
-3.552866e-06 2.991343e-06
4.218831e-07 3.533203e-06
2.316245e-06 1.054797e-06
1.284848e-06 -1.038958e-06
-4.182689e-07 -8.710047e-07
-5.734874e-07 4.498725e-07
6.293908e-07 7.664269e-07
1.275778e-06 -4.410759e-07
2.548195e-07 -1.618067e-06
-1.402578e-06 -1.164177e-06
-1.803380e-06 6.047570e-07
-4.411838e-07 1.832688e-06
1.251428e-06 1.275370e-06
1.585838e-06 -3.590337e-07
4.500058e-07 -1.349742e-06
-7.866445e-07 -9.024952e-07
-9.477741e-07 1.937899e-07
-2.142217e-07 7.169940e-07
4.038032e-07 3.751352e-07
3.504048e-07 -1.556472e-07
-2.836237e-08 -2.488423e-07
-1.602415e-07 1.349823e-09
1.904050e-08 1.262996e-07
1.434184e-07 -2.763189e-08
4.117286e-09 -1.798512e-07
-1.955451e-07 -7.758355e-08
-1.671060e-07 1.609686e-07
7.168480e-08 2.326721e-07
2.400424e-07 4.763807e-08
1.541348e-07 -1.795482e-07
-7.246306e-08 -2.083745e-07
