-2.586504e-08 -9.991116e-09
-3.319941e-08 3.614164e-08
2.647019e-08 7.284750e-08
1.083585e-07 2.060861e-08
9.884283e-08 -1.042232e-07
-3.759623e-08 -1.692533e-07
-1.811459e-07 -7.440091e-08
-1.762509e-07 1.111242e-07
-1.325305e-08 2.092790e-07
1.536726e-07 1.280161e-07
1.755157e-07 -4.294722e-08
6.021937e-08 -1.418232e-07
-6.123118e-08 -1.066822e-07
-8.958779e-08 -1.236623e-08
-4.297020e-08 4.059720e-08
1.004631e-09 3.131196e-08
4.977338e-09 7.791100e-09
-6.533450e-09 7.846271e-09
-1.129420e-09 2.090041e-08
1.853969e-08 1.932705e-08
2.836225e-08 -7.977956e-10
1.776003e-08 -2.019272e-08
-1.694104e-09 -2.355007e-08
-1.446101e-08 -1.337362e-08
-1.604887e-08 -6.741811e-10
-1.076665e-08 7.713656e-09
-3.284598e-09 1.082935e-08
3.825299e-09 9.210825e-09
8.017452e-09 3.649159e-09
6.959935e-09 -2.917142e-09
1.583149e-09 -5.883510e-09
-3.161186e-09 -3.219532e-09
-2.720747e-09 1.489529e-09
1.584866e-09 2.221798e-09
3.244949e-09 -2.237379e-09
-1.598208e-09 -5.675787e-09
-7.948941e-09 -1.460447e-09
-6.555330e-09 7.966120e-09
4.272215e-09 1.172886e-08
1.416427e-08 2.886545e-09
1.114451e-08 -1.160770e-08
-3.938494e-09 -1.678724e-08
-1.667657e-08 -6.165149e-09
-1.428385e-08 1.030549e-08
4.751435e-10 1.671094e-08
1.274170e-08 8.174233e-09
1.195374e-08 -5.092887e-09
1.957731e-09 -1.027837e-08
-5.623880e-09 -5.362991e-09
-4.962599e-09 1.431231e-09
-3.229014e-10 2.907996e-09
1.574270e-09 5.955938e-11
-4.192975e-10 -1.765965e-09
-2.530489e-09 -2.388373e-10
-1.879645e-09 2.402811e-09
8.004993e-10 3.231041e-09
3.119704e-09 1.567775e-09
3.376962e-09 -1.378219e-09
1.166645e-09 -3.666144e-09
-2.334206e-09 -3.354696e-09
-4.338388e-09 -1.429749e-11
