3.047960e-07 -1.221293e-06
-1.046220e-06 -1.226470e-06
-1.979730e-06 1.906265e-07
-1.157858e-06 2.085096e-06
1.247301e-06 2.494083e-06
3.141575e-06 4.392339e-07
2.376755e-06 -2.559075e-06
-7.434533e-07 -3.624676e-06
-3.407841e-06 -1.570172e-06
-3.205864e-06 1.692148e-06
-6.481850e-07 3.258590e-06
1.734883e-06 2.300033e-06
2.347976e-06 3.808191e-07
1.735049e-06 -8.947916e-07
9.889725e-07 -1.491377e-06
1.169462e-07 -1.970271e-06
-1.335011e-06 -1.949852e-06
-2.722193e-06 -5.524011e-07
-2.507797e-06 1.841193e-06
-2.342880e-07 3.306003e-06
2.447777e-06 2.320083e-06
3.265501e-06 -4.273006e-07
1.627796e-06 -2.635674e-06
-9.047711e-07 -2.665585e-06
-2.303643e-06 -9.070786e-07
-1.874788e-06 9.662717e-07
-4.613340e-07 1.676459e-06
6.883554e-07 1.199716e-06
1.004837e-06 3.356832e-07
7.607943e-07 -2.287900e-07
4.772319e-07 -4.321841e-07
2.940406e-07 -6.002575e-07
-6.952828e-08 -8.303159e-07
-7.484765e-07 -7.384090e-07
-1.266684e-06 3.871305e-08
-9.051082e-07 1.133289e-06
3.562385e-07 1.541372e-06
1.507037e-06 6.733028e-07
1.433754e-06 -8.176997e-07
1.643977e-07 -1.573210e-06
-1.089174e-06 -9.564255e-07
-1.228399e-06 2.955352e-07
-3.844414e-07 9.630588e-07
4.217395e-07 6.630241e-07
5.252680e-07 4.351590e-08
2.044687e-07 -1.905188e-07
5.803371e-08 -6.745834e-08
1.732815e-07 -5.641921e-08
1.583122e-07 -2.903923e-07
-1.750270e-07 -4.045551e-07
-4.954768e-07 -1.097926e-07
-3.932789e-07 3.602477e-07
7.279175e-08 5.190082e-07
4.376501e-07 2.145416e-07
3.730722e-07 -2.172515e-07
1.864337e-08 -3.647951e-07
-2.409955e-07 -1.708218e-07
-2.093605e-07 9.037048e-08
-1.837496e-08 1.665181e-07
9.770027e-08 6.388263e-08
6.355662e-08 -4.408343e-08
