1.401743e-05 2.317482e-05
2.969150e-05 3.191712e-06
1.876521e-05 -1.836830e-05
1.360329e-06 -1.546484e-05
6.629057e-06 -6.810051e-06
1.460048e-05 -2.542050e-05
-1.657657e-05 -4.970296e-05
-6.945229e-05 -2.293494e-05
-7.125805e-05 5.347945e-05
5.579950e-06 9.903524e-05
9.007832e-05 5.091162e-05
9.007027e-05 -4.935946e-05
3.793545e-06 -9.801245e-05
-7.677194e-05 -4.863403e-05
-7.247657e-05 3.885235e-05
-9.648323e-07 7.300082e-05
5.550902e-05 3.132785e-05
4.642761e-05 -2.892445e-05
-2.547837e-06 -4.593692e-05
-3.399810e-05 -1.637205e-05
-2.444088e-05 1.737001e-05
2.750703e-06 2.273850e-05
1.561965e-05 5.826226e-06
8.129084e-06 -8.095362e-06
-3.298971e-06 -6.760606e-06
-4.880948e-06 1.524825e-06
1.142833e-06 4.234488e-06
4.637634e-06 -3.875491e-07
1.355475e-06 -4.861961e-06
-3.923141e-06 -3.459440e-06
-4.849048e-06 1.789990e-06
-7.738473e-07 4.858487e-06
3.564026e-06 2.838002e-06
3.831642e-06 -1.566414e-06
4.273484e-07 -3.687942e-06
-2.696785e-06 -1.896527e-06
-2.590952e-06 1.294814e-06
-7.684845e-08 2.504012e-06
1.829190e-06 1.060412e-06
1.463045e-06 -9.027151e-07
-9.407827e-08 -1.318848e-06
-8.694999e-07 -3.434998e-07
-3.824009e-07 4.371082e-07
2.482299e-07 2.091374e-07
8.838334e-08 -3.182302e-07
-4.712246e-07 -1.877857e-07
-4.771338e-07 4.792098e-07
2.248751e-07 7.632813e-07
8.303517e-07 2.187006e-07
6.382007e-07 -5.878879e-07
-1.304027e-07 -8.196860e-07
-6.819678e-07 -3.244851e-07
-5.712618e-07 3.189464e-07
-6.828911e-08 5.337137e-07
2.930598e-07 2.965012e-07
2.993624e-07 -2.031847e-08
1.334443e-07 -1.446502e-07
2.806558e-08 -1.179481e-07
6.399772e-09 -1.002832e-07
-4.013637e-08 -1.234856e-07
-1.402851e-07 -9.199230e-08
