-2.828343e-09 6.096537e-10
-1.304870e-08 2.923847e-08
1.981676e-08 2.850136e-08
3.429683e-08 -2.463390e-09
1.344040e-08 -2.762851e-08
-1.382130e-08 -1.948783e-08
-1.430259e-08 2.724152e-09
1.616494e-09 4.538085e-09
-2.890548e-11 -9.942465e-09
-1.977467e-08 -6.353582e-09
-2.126652e-08 2.154259e-08
1.075261e-08 3.580237e-08
4.058971e-08 9.006576e-09
2.852971e-08 -3.179269e-08
-1.316639e-08 -3.883252e-08
-3.629616e-08 -6.712206e-09
-1.972328e-08 2.403592e-08
9.218551e-09 2.246228e-08
1.714438e-08 1.440702e-09
5.080763e-09 -9.231248e-09
-3.762292e-09 -3.268829e-09
5.098515e-12 2.733832e-09
4.792839e-09 -1.230014e-09
6.797562e-10 -6.920186e-09
-6.698083e-09 -4.309361e-09
-7.176984e-09 3.709765e-09
-5.692033e-10 7.504695e-09
5.200018e-09 4.002508e-09
5.173703e-09 -1.628890e-09
1.425954e-09 -4.060577e-09
-1.758945e-09 -2.824839e-09
-2.522819e-09 -3.638910e-10
-1.456021e-09 1.297743e-09
9.655481e-11 1.470034e-09
9.230088e-10 5.225949e-10
5.600925e-10 -4.139215e-10
-2.464331e-10 -3.715223e-10
-3.188661e-10 3.453045e-10
4.306367e-10 5.242269e-10
8.454467e-10 -2.731855e-10
1.468231e-10 -1.030237e-09
-9.097576e-10 -6.525441e-10
-1.008507e-09 5.016979e-10
-2.246499e-11 1.071007e-09
8.549761e-10 4.574584e-10
6.790506e-10 -4.943036e-10
-1.444833e-10 -6.853978e-10
-5.592002e-10 -9.914757e-11
-2.234582e-10 3.963187e-10
2.544458e-10 2.663609e-10
2.708543e-10 -1.454245e-10
-5.814312e-11 -2.588170e-10
-2.327571e-10 -1.652855e-11
-7.714872e-11 1.909315e-10
1.375457e-10 1.180398e-10
1.378658e-10 -8.139889e-11
-2.905035e-11 -1.408976e-10
-1.316960e-10 -1.826335e-11
-6.095863e-11 1.105858e-10
7.537556e-11 9.546583e-11
1.133875e-10 -2.767003e-11
