7.117940e-08 -1.320508e-07
-8.640758e-08 -1.902961e-07
-2.700078e-07 -5.539373e-08
-2.508444e-07 2.366096e-07
6.321748e-08 4.048296e-07
4.185281e-07 1.972395e-07
4.266935e-07 -2.537633e-07
3.058836e-08 -5.046579e-07
-3.829330e-07 -3.011909e-07
-4.241271e-07 1.223768e-07
-1.365919e-07 3.458719e-07
1.289644e-07 2.557786e-07
1.836191e-07 8.380256e-08
1.570546e-07 1.249081e-08
1.885861e-07 -4.714147e-08
1.713131e-07 -2.147191e-07
-5.560186e-08 -3.529294e-07
-3.713314e-07 -2.087958e-07
-4.325946e-07 1.944233e-07
-9.883514e-08 4.898696e-07
3.447038e-07 3.659234e-07
4.807709e-07 -6.698965e-08
2.103080e-07 -3.993989e-07
-1.768913e-07 -3.642364e-07
-3.436536e-07 -6.900726e-08
-2.236901e-07 1.882417e-07
-1.364724e-09 2.338857e-07
1.286106e-07 1.225772e-07
1.259356e-07 5.112553e-09
7.604559e-08 -3.765198e-08
6.079319e-08 -4.209899e-08
6.553942e-08 -8.400798e-08
3.206047e-09 -1.610725e-07
-1.565893e-07 -1.597469e-07
-2.874355e-07 1.981821e-08
-1.974802e-07 2.881745e-07
1.275434e-07 3.814913e-07
4.206058e-07 1.350074e-07
3.727629e-07 -2.751928e-07
-7.848461e-09 -4.636576e-07
-3.641816e-07 -2.491692e-07
-3.719825e-07 1.367657e-07
-8.934083e-08 3.191133e-07
1.526303e-07 1.991220e-07
1.611273e-07 7.263561e-09
6.250153e-08 -3.962482e-08
5.589805e-08 2.315216e-09
1.179186e-07 -4.669625e-08
6.582335e-08 -1.838415e-07
-1.374110e-07 -2.073652e-07
-2.843495e-07 -8.169341e-09
-1.776774e-07 2.442924e-07
1.040237e-07 2.844796e-07
2.815224e-07 6.720154e-08
1.924653e-07 -1.819307e-07
-4.246909e-08 -2.286708e-07
-1.817188e-07 -7.341070e-08
-1.279807e-07 9.266941e-08
9.292355e-09 1.206719e-07
7.793584e-08 3.823258e-08
4.613197e-08 -3.270063e-08
