-2.988174e-07 -1.449578e-08
-2.029607e-07 3.655639e-07
3.050301e-07 4.470689e-07
6.519355e-07 -8.406205e-08
2.588406e-07 -7.117065e-07
-5.600214e-07 -6.181126e-07
-8.569555e-07 2.096426e-07
-2.366484e-07 8.664507e-07
6.250609e-07 6.207423e-07
8.028724e-07 -2.198752e-07
1.930974e-07 -7.325508e-07
-4.697007e-07 -4.680732e-07
-5.374404e-07 1.445705e-07
-1.131169e-07 4.304853e-07
2.414027e-07 2.324063e-07
2.201753e-07 -7.280811e-08
1.350304e-08 -1.399054e-07
-6.731118e-08 -1.686356e-08
1.649567e-08 4.758587e-08
7.624696e-08 -3.094603e-08
1.123573e-09 -1.122188e-07
-1.123696e-07 -6.488343e-08
-1.190175e-07 6.306709e-08
-1.249914e-08 1.282708e-07
8.802640e-08 7.378933e-08
9.219606e-08 -2.449235e-08
2.628521e-08 -6.818000e-08
-2.629395e-08 -4.269796e-08
-2.810461e-08 -4.574017e-09
-9.775806e-09 3.421884e-09
-9.621406e-09 -5.292536e-09
-2.285385e-08 2.157938e-09
-1.864496e-08 2.633010e-08
1.082566e-08 3.657368e-08
3.784335e-08 1.485411e-08
3.474978e-08 -2.002912e-08
6.575915e-09 -3.646124e-08
-1.937862e-08 -2.585287e-08
-2.663762e-08 -4.918733e-09
-2.056166e-08 1.019232e-08
-1.093835e-08 1.825780e-08
1.386141e-09 2.197223e-08
1.623268e-08 1.708080e-08
2.435339e-08 8.183009e-10
1.656245e-08 -1.680245e-08
-1.520753e-09 -2.098448e-08
-1.355291e-08 -1.014704e-08
-1.153194e-08 2.275102e-09
-3.620734e-09 4.977035e-09
-1.331392e-09 1.091859e-09
-5.055895e-09 8.272557e-10
-6.021600e-09 7.052409e-09
1.107494e-09 1.254605e-08
1.180658e-08 9.376071e-09
1.666142e-08 -2.459545e-09
1.014160e-08 -1.488938e-08
-4.489688e-09 -1.810916e-08
-1.675970e-08 -8.434642e-09
-1.671036e-08 7.457214e-09
-4.079235e-09 1.677353e-08
1.013454e-08 1.200314e-08
