-2.392636e-10 1.478095e-10
-3.306090e-10 4.201252e-09
5.816613e-09 4.435391e-09
9.817611e-09 -3.624835e-09
2.714411e-09 -1.309658e-08
-1.145459e-08 -1.079024e-08
-1.663901e-08 4.615633e-09
-4.687383e-09 1.711825e-08
1.192171e-08 1.220099e-08
1.470272e-08 -3.845755e-09
2.939178e-09 -1.194041e-08
-6.652583e-09 -5.491584e-09
-3.841004e-09 2.660156e-09
2.334383e-09 7.257221e-10
-4.359525e-10 -5.147660e-09
-8.228302e-09 -2.086584e-09
-7.226003e-09 8.448809e-09
4.570630e-09 1.193140e-08
1.324560e-08 1.976762e-09
8.094425e-09 -1.019373e-08
-4.277228e-09 -1.099852e-08
-9.832862e-09 -1.610366e-09
-4.993730e-09 5.936740e-09
1.767809e-09 5.140011e-09
3.151470e-09 6.717510e-10
8.689666e-10 -9.590646e-10
-1.359740e-11 2.468523e-10
1.212020e-09 5.293027e-10
1.645600e-09 -1.078519e-09
7.677298e-11 -2.234226e-09
-1.719685e-09 -1.405321e-09
-1.999702e-09 3.837005e-10
-9.510977e-10 1.520525e-09
3.428389e-10 1.541954e-09
1.191015e-09 7.896800e-10
1.288899e-09 -2.778707e-10
5.818731e-10 -1.050026e-09
-4.085017e-10 -9.575896e-10
-8.155647e-10 -1.690547e-10
-4.014838e-10 4.318712e-10
1.333596e-10 3.117301e-10
1.209876e-10 -7.678336e-11
-1.982798e-10 -4.579485e-11
-1.552670e-10 3.191695e-10
2.964394e-10 3.632411e-10
5.220303e-10 -1.095248e-10
1.527009e-10 -5.300216e-10
-3.833326e-10 -3.680558e-10
-4.568397e-10 1.570320e-10
-5.280842e-11 4.138236e-10
2.914069e-10 1.825136e-10
2.219635e-10 -1.573956e-10
-5.751229e-11 -2.016145e-10
-1.624341e-10 1.427436e-12
-2.701506e-11 1.303461e-10
1.083693e-10 4.849601e-11
7.194288e-11 -8.573992e-11
-5.307940e-11 -9.201250e-11
-9.792141e-11 1.169204e-11
-2.785867e-11 8.426574e-11
5.553506e-11 5.409664e-11
