2.399225e-07 1.861243e-07
3.793543e-07 -2.201950e-07
-5.220278e-08 -5.804743e-07
-6.621048e-07 -2.603992e-07
-6.048471e-07 5.301934e-07
2.046585e-07 8.264301e-07
8.320083e-07 1.916069e-07
5.168143e-07 -6.376800e-07
-3.357774e-07 -6.881687e-07
-7.013780e-07 2.724600e-08
-2.247503e-07 5.992481e-07
4.292053e-07 3.984214e-07
4.897889e-07 -2.236490e-07
-8.901946e-09 -4.935833e-07
-4.079741e-07 -1.787927e-07
-2.959834e-07 2.537870e-07
8.121907e-08 3.164068e-07
2.536556e-07 5.101221e-08
1.099846e-07 -1.569135e-07
-7.943614e-08 -1.066475e-07
-8.177375e-08 4.515561e-08
4.000668e-08 7.237777e-08
8.650139e-08 -3.199302e-08
-5.282649e-10 -1.041485e-07
-9.905828e-08 -4.846959e-08
-9.014422e-08 6.136058e-08
4.645149e-09 1.011599e-07
7.643012e-08 4.460446e-08
6.512742e-08 -3.156713e-08
8.374099e-09 -5.376559e-08
-2.567041e-08 -2.512613e-08
-1.780616e-08 2.824118e-09
-1.101979e-09 1.369124e-09
-5.704285e-09 -1.075098e-08
-2.254133e-08 -4.381605e-09
-2.326475e-08 1.935085e-08
-3.094120e-10 3.397503e-08
2.543052e-08 2.319502e-08
3.227372e-08 -1.945125e-09
2.009358e-08 -2.074184e-08
2.552805e-09 -2.538696e-08
-1.159711e-08 -2.045502e-08
-2.102090e-08 -9.638226e-09
-2.261253e-08 5.971538e-09
-1.214327e-08 1.959381e-08
5.376408e-09 2.064673e-08
1.604250e-08 8.250172e-09
1.245862e-08 -4.952195e-09
2.790064e-09 -7.446070e-09
-5.320597e-10 -2.341176e-09
3.208705e-09 -9.815937e-10
4.180745e-09 -6.632190e-09
-3.132141e-09 -1.091532e-08
-1.251564e-08 -5.829900e-09
-1.402689e-08 6.194108e-09
-4.934572e-09 1.543027e-08
8.499777e-09 1.436645e-08
1.673370e-08 3.131936e-09
1.338999e-08 -1.092916e-08
-1.454568e-10 -1.744763e-08
-1.396918e-08 -1.042725e-08
