1.117468e-05 -1.013809e-05
1.610204e-06 -1.061974e-05
4.451384e-06 -6.193373e-06
1.038048e-05 -2.058050e-05
-1.465262e-05 -4.258535e-05
-6.418304e-05 -2.260440e-05
-7.324565e-05 4.973861e-05
-2.171474e-06 1.039770e-04
9.177315e-05 6.620882e-05
1.087092e-04 -4.016218e-05
2.523620e-05 -1.100351e-04
-7.411692e-05 -7.493964e-05
-9.238855e-05 2.163229e-05
-2.467204e-05 7.906052e-05
4.827463e-05 5.134777e-05
5.683546e-05 -1.510641e-05
1.044236e-05 -4.724162e-05
-3.061462e-05 -2.479779e-05
-2.880594e-05 1.344110e-05
-2.507651e-07 2.535010e-05
1.792028e-05 8.624546e-06
1.169681e-05 -9.816197e-06
-3.422654e-06 -1.094228e-05
-8.504440e-06 -3.529594e-07
-2.023728e-06 6.148150e-06
4.558385e-06 2.762681e-06
3.453788e-06 -3.420596e-06
-2.104020e-06 -4.210801e-06
-4.584734e-06 3.428522e-07
-1.564730e-06 4.128865e-06
2.811169e-06 3.044762e-06
3.669562e-06 -1.022535e-06
6.966599e-07 -3.375791e-06
-2.406772e-06 -1.931002e-06
-2.497589e-06 1.129477e-06
-1.083010e-07 2.412829e-06
1.827036e-06 1.037655e-06
1.496742e-06 -9.808336e-07
-1.573092e-07 -1.466208e-06
-1.085381e-06 -4.030200e-07
-5.992318e-07 6.006459e-07
2.466755e-07 5.102556e-07
3.352003e-07 -1.270420e-07
-1.745456e-07 -2.635478e-07
-3.592796e-07 2.187885e-07
1.138482e-07 5.338705e-07
6.208788e-07 1.598953e-07
4.841413e-07 -4.975960e-07
-1.721743e-07 -6.834300e-07
-6.410903e-07 -2.182719e-07
-4.929766e-07 3.739014e-07
1.968207e-08 5.374095e-07
3.664728e-07 2.493340e-07
3.275628e-07 -1.044932e-07
9.817783e-08 -2.273425e-07
-5.425686e-08 -1.537482e-07
-7.627065e-08 -6.876232e-08
-7.566595e-08 -4.476722e-08
-1.107290e-07 -1.372054e-08
-1.196732e-07 7.507105e-08
-3.502019e-08 1.602479e-07
