-2.631958e-11 5.932484e-10
6.096981e-09 4.944323e-09
1.102774e-08 -3.680584e-09
3.555733e-09 -1.468001e-08
-1.260803e-08 -1.271697e-08
-1.914891e-08 4.618004e-09
-5.972876e-09 1.932198e-08
1.310999e-08 1.424162e-08
1.665894e-08 -3.910309e-09
3.497944e-09 -1.320040e-08
-7.183703e-09 -5.938833e-09
-3.701021e-09 2.976875e-09
3.130500e-09 9.145867e-11
-9.479982e-10 -6.825113e-09
-1.059623e-08 -2.472190e-09
-8.967424e-09 1.076550e-08
5.913070e-09 1.485216e-08
1.656529e-08 2.216773e-09
9.870990e-09 -1.290177e-08
-5.639771e-09 -1.363037e-08
-1.236878e-08 -1.705649e-09
-6.050285e-09 7.644458e-09
2.455090e-09 6.392155e-09
4.002872e-09 6.735374e-10
1.006411e-09 -1.253351e-09
-5.300883e-12 3.810986e-10
1.671101e-09 6.232795e-10
2.100305e-09 -1.606480e-09
-1.797063e-10 -3.011077e-09
-2.541369e-09 -1.606902e-09
-2.584372e-09 9.305811e-10
-8.454635e-10 2.217232e-09
8.580628e-10 1.811906e-09
1.606293e-09 6.087903e-10
1.397384e-09 -5.961994e-10
4.814881e-10 -1.272330e-09
-5.689932e-10 -1.038875e-09
-9.513401e-10 -1.445412e-10
-4.719741e-10 5.105330e-10
1.273127e-10 3.855205e-10
1.369715e-10 -3.540550e-11
-1.882544e-10 -1.129909e-11
-1.241120e-10 3.673754e-10
3.759411e-10 3.845092e-10
6.037800e-10 -1.681212e-10
1.524763e-10 -6.400067e-10
-4.763728e-10 -4.282180e-10
-5.507225e-10 2.031697e-10
-5.740122e-11 5.073100e-10
3.608308e-10 2.222604e-10
2.755153e-10 -1.954298e-10
-6.923239e-11 -2.523174e-10
-2.021853e-10 -2.958321e-12
-3.809420e-11 1.584748e-10
1.283031e-10 6.074909e-11
8.416062e-11 -1.013945e-10
-6.625613e-11 -1.056442e-10
-1.144318e-10 2.139999e-11
-2.405460e-11 1.030399e-10
7.356931e-11 5.775568e-11
7.235975e-11 -3.600292e-11
