1.481708e-09 2.139853e-09
1.002647e-08 -4.143985e-10
-6.225760e-09 7.637782e-09
8.388340e-09 2.539762e-08
3.794870e-08 1.072532e-08
3.614793e-08 -3.049598e-08
-5.531246e-09 -5.003708e-08
-4.371714e-08 -2.244043e-08
-3.869337e-08 2.223805e-08
-1.487219e-09 3.791342e-08
2.532873e-08 1.652026e-08
1.990353e-08 -1.063787e-08
-8.450616e-10 -1.577095e-08
-1.023133e-08 -2.822946e-09
-3.176459e-09 6.856212e-09
5.611091e-09 3.379428e-09
4.573325e-09 -4.669130e-09
-2.712983e-09 -5.951925e-09
-6.249240e-09 -1.098200e-10
-2.725896e-09 4.992066e-09
2.700107e-09 4.176429e-09
4.211305e-09 -3.133568e-10
1.438940e-09 -3.210701e-09
-1.780754e-09 -2.290601e-09
-2.343011e-09 4.263779e-10
-5.604999e-10 1.866638e-09
1.161940e-09 1.081797e-09
1.189504e-09 -4.853588e-10
5.225174e-12 -1.037344e-09
-8.043604e-10 -2.839792e-10
-4.317694e-10 6.044838e-10
4.411090e-10 5.490018e-10
6.661739e-10 -2.464709e-10
2.533519e-11 -7.242800e-10
-6.395267e-10 -3.320090e-10
-5.604226e-10 3.933665e-10
6.864371e-11 6.110884e-10
4.768980e-10 1.985208e-10
3.103183e-10 -2.516386e-10
-6.389803e-11 -2.690889e-10
-1.643874e-10 -9.809386e-12
1.251608e-11 1.002066e-10
1.201182e-10 -4.719086e-11
-1.759503e-11 -1.845231e-10
-2.118608e-10 -8.603920e-11
-2.028486e-10 1.480987e-10
1.036083e-11 2.523776e-10
1.981956e-10 1.268471e-10
1.888727e-10 -7.456833e-11
4.201409e-11 -1.548476e-10
-6.713946e-11 -9.041591e-11
-6.473707e-11 -6.636664e-12
-2.440051e-11 8.376726e-12
-2.624590e-11 -7.023491e-12
-4.826905e-11 1.587268e-11
-2.513422e-11 6.264938e-11
3.992144e-11 6.438347e-11
7.687661e-11 4.489065e-12
4.556674e-11 -5.738987e-11
-1.777551e-11 -6.406141e-11
-5.372024e-11 -2.221577e-11
