1.850180e-05 -5.620409e-05
-4.706551e-05 -6.260727e-05
-9.730136e-05 3.403597e-06
-6.320381e-05 9.649639e-05
4.734502e-05 1.229895e-04
1.410022e-04 3.849391e-05
1.245678e-04 -9.665181e-05
-1.039009e-06 -1.652018e-04
-1.329874e-04 -1.022019e-04
-1.596396e-04 4.012832e-05
-6.529708e-05 1.416140e-04
6.182262e-05 1.284487e-04
1.216575e-04 3.211535e-05
8.974315e-05 -5.916728e-05
1.590071e-05 -8.796245e-05
-4.068324e-05 -6.089714e-05
-5.838081e-05 -1.550360e-05
-4.686934e-05 2.142136e-05
-2.035418e-05 4.145969e-05
1.108790e-05 4.158094e-05
3.470015e-05 2.111228e-05
3.668405e-05 -9.810611e-06
1.561155e-05 -3.100117e-05
-1.206935e-05 -2.837433e-05
-2.550305e-05 -7.381893e-06
-1.803403e-05 1.280653e-05
-8.246631e-07 1.776369e-05
1.043728e-05 8.916405e-06
9.867184e-06 -2.014238e-06
3.122762e-06 -6.123078e-06
-1.593622e-06 -3.838858e-06
-1.752892e-06 -8.345560e-07
-5.011698e-07 -4.995801e-07
-1.031877e-06 -1.323991e-06
-2.695279e-06 -3.906309e-07
-2.578154e-06 2.332286e-06
3.052468e-07 3.923842e-06
3.484057e-06 2.206174e-06
3.791513e-06 -1.486870e-06
9.515942e-07 -3.700559e-06
-2.198943e-06 -2.610948e-06
-2.888157e-06 2.519298e-07
-1.154390e-06 2.020483e-06
7.648430e-07 1.566978e-06
1.179027e-06 1.557799e-07
4.444874e-07 -5.343941e-07
-1.089093e-07 -2.611722e-07
2.664135e-08 6.027226e-08
2.499027e-07 -1.350511e-07
-3.602051e-09 -4.352743e-07
-4.547857e-07 -2.504559e-07
-4.666647e-07 2.936897e-07
3.776196e-08 5.468092e-07
4.799421e-07 2.087984e-07
3.754606e-07 -3.106983e-07
-1.002270e-07 -4.341593e-07
-3.887702e-07 -9.416464e-08
-2.268348e-07 2.673805e-07
1.170982e-07 2.734303e-07
2.416204e-07 1.006290e-08
8.068710e-08 -1.690210e-07
