-3.312171e-12 9.097911e-11
1.478261e-08 2.356062e-09
2.067241e-08 -2.239202e-08
-9.252446e-09 -4.127106e-08
-4.606166e-08 -1.906720e-08
-4.499764e-08 2.811304e-08
-3.554344e-09 5.215289e-08
3.683782e-08 3.109934e-08
4.068771e-08 -9.517930e-09
1.377369e-08 -3.107151e-08
-1.230278e-08 -2.260395e-08
-1.754527e-08 -2.955634e-09
-8.046576e-09 7.076891e-09
-6.319313e-11 4.850992e-09
-1.068162e-10 6.691586e-10
-2.579415e-09 1.612952e-09
-9.787566e-10 4.967815e-09
3.864585e-09 4.727493e-09
6.372139e-09 -8.312521e-11
3.661538e-09 -4.848316e-09
-1.477921e-09 -5.204205e-09
-4.258837e-09 -1.579029e-09
-2.965517e-09 2.049710e-09
6.370578e-11 2.696984e-09
1.647993e-09 9.243487e-10
1.007385e-09 -6.980298e-10
-2.282752e-10 -7.044695e-10
-4.575972e-10 1.452589e-10
1.795009e-10 4.148547e-10
4.994862e-10 -1.389360e-10
1.797836e-11 -5.755403e-10
-5.556200e-10 -2.355380e-10
-4.339721e-10 4.213820e-10
2.029357e-10 5.494429e-10
5.478239e-10 4.254793e-11
2.480386e-10 -4.320068e-10
-2.440389e-10 -3.586830e-10
-3.559163e-10 5.177072e-11
-8.118995e-11 2.681313e-10
1.562336e-10 1.271571e-10
1.070174e-10 -7.920582e-11
-6.008172e-11 -7.351358e-11
-7.398850e-11 7.502818e-11
7.466740e-11 1.169600e-10
1.670766e-10 -2.425438e-11
6.680062e-11 -1.741149e-10
-1.148934e-10 -1.502291e-10
-1.763543e-10 1.429682e-11
-7.280199e-11 1.334146e-10
5.574858e-11 1.037925e-10
7.874759e-11 5.243146e-12
2.091758e-11 -3.440708e-11
-1.031621e-11 -2.013982e-12
1.833876e-11 1.876018e-11
4.231208e-11 -1.541380e-11
1.038749e-11 -5.498839e-11
-4.406365e-11 -4.059508e-11
-5.680395e-11 1.530957e-11
-1.636076e-11 5.224768e-11
3.140245e-11 3.790638e-11
4.286925e-11 -4.252281e-12
