2.089934e-09 2.698626e-09
3.567388e-08 -9.773341e-10
1.648063e-08 -2.978841e-08
-1.514940e-08 -2.460447e-08
-2.040362e-08 1.650394e-09
-1.934566e-09 9.589993e-09
2.699147e-09 -5.554693e-09
-1.652873e-08 -7.418954e-09
-2.274877e-08 1.992779e-08
9.139697e-09 3.932203e-08
4.565113e-08 1.314881e-08
3.651382e-08 -3.578722e-08
-1.309614e-08 -4.944298e-08
-4.632976e-08 -1.212576e-08
-2.913065e-08 3.024746e-08
1.020274e-08 3.275192e-08
2.531475e-08 4.704431e-09
1.018525e-08 -1.390149e-08
-5.431618e-09 -7.955628e-09
-3.237341e-09 2.908083e-09
4.802207e-09 8.296687e-10
2.396302e-09 -7.233330e-09
-6.996716e-09 -6.291184e-09
-9.420701e-09 3.434529e-09
-1.691183e-09 9.540482e-09
6.506665e-09 5.770735e-09
7.080604e-09 -1.979590e-09
1.877945e-09 -5.606201e-09
-2.683291e-09 -3.696507e-09
-3.429297e-09 -4.155542e-11
-1.550216e-09 2.002081e-09
5.252054e-10 1.773454e-09
1.284947e-09 3.488156e-10
5.927085e-10 -7.394400e-10
-4.683173e-10 -5.530888e-10
-5.728197e-10 4.195506e-10
3.569760e-10 7.598267e-10
9.918725e-10 -1.041987e-10
3.333562e-10 -1.070934e-09
-8.809609e-10 -8.014036e-10
-1.114001e-09 4.532628e-10
-6.907969e-11 1.161179e-09
9.513902e-10 5.181356e-10
7.800719e-10 -5.857941e-10
-1.958697e-10 -8.298514e-10
-7.173174e-10 -1.161241e-10
-3.066416e-10 5.246140e-10
3.235825e-10 3.850231e-10
3.865933e-10 -1.539795e-10
-2.593113e-11 -3.460808e-10
-2.854129e-10 -6.496266e-11
-1.247675e-10 2.158177e-10
1.447016e-10 1.576187e-10
1.681891e-10 -7.867149e-11
-2.162513e-11 -1.631407e-10
-1.483620e-10 -2.720076e-11
-7.088072e-11 1.249832e-10
8.936872e-11 1.091322e-10
1.347336e-10 -3.873396e-11
2.174953e-11 -1.366319e-10
-1.087300e-10 -7.710446e-11
