3.516631e-08 9.059176e-06
9.622080e-06 6.719637e-06
1.398753e-05 -4.910004e-06
5.362874e-06 -1.751477e-05
-1.301239e-05 -1.785571e-05
-2.588422e-05 -5.184597e-07
-1.827777e-05 2.293660e-05
7.721800e-06 3.106330e-05
3.077891e-05 1.345531e-05
2.972114e-05 -1.624477e-05
5.336453e-06 -3.236447e-05
-2.044018e-05 -2.262872e-05
-2.716232e-05 1.263401e-06
-1.438649e-05 1.826333e-05
2.813282e-06 1.890438e-05
1.196059e-05 9.579745e-06
1.251043e-05 2.314738e-07
9.440900e-06 -6.034848e-06
4.335696e-06 -1.047907e-05
-3.709360e-06 -1.165142e-05
-1.170933e-05 -6.031544e-06
-1.285183e-05 4.984375e-06
-4.362351e-06 1.321882e-05
7.496678e-06 1.130670e-05
1.275106e-05 8.656292e-07
7.624950e-06 -8.810629e-06
-2.202098e-06 -1.004139e-05
-7.986148e-06 -3.602413e-06
-6.273098e-06 3.494628e-06
-7.248525e-07 5.563882e-06
2.963863e-06 2.843948e-06
2.670112e-06 -4.815042e-07
5.988648e-07 -1.329901e-06
-2.641571e-07 -2.697342e-07
5.302131e-07 2.593981e-07
1.093724e-06 -7.591401e-07
-7.976704e-09 -1.898427e-06
-1.874101e-06 -1.314294e-06
-2.365436e-06 8.414912e-07
-6.969045e-07 2.481069e-06
1.585454e-06 1.942802e-06
2.319569e-06 -1.757525e-07
1.040190e-06 -1.778235e-06
-7.414082e-07 -1.571984e-06
-1.371389e-06 -2.153992e-07
-7.046194e-07 7.599826e-07
1.651557e-07 6.846705e-07
3.847828e-07 1.373968e-07
1.262356e-07 -9.826688e-08
1.581351e-10 3.658631e-08
1.587296e-07 8.674096e-08
2.402718e-07 -1.386148e-07
5.850053e-09 -3.330184e-07
-3.040691e-07 -1.858956e-07
-3.121814e-07 1.710627e-07
-3.250215e-09 3.395636e-07
2.732594e-07 1.535269e-07
2.385057e-07 -1.505294e-07
-1.765747e-08 -2.476608e-07
-1.954879e-07 -8.690216e-08
-1.416726e-07 1.110716e-07
