1.127014e-12 -2.762091e-12
-3.350030e-11 -2.256679e-11
-4.583300e-11 3.144236e-11
5.645170e-12 6.650684e-11
6.355446e-11 3.502497e-11
6.667849e-11 -3.028132e-11
1.810160e-11 -6.738415e-11
-3.442135e-11 -5.352223e-11
-5.497235e-11 -1.194342e-11
-4.218147e-11 2.434765e-11
-1.457653e-11 3.895629e-11
9.666095e-12 3.398397e-11
2.292576e-11 2.014723e-11
2.738644e-11 5.447859e-12
2.603797e-11 -9.153854e-12
1.678253e-11 -2.281589e-11
-8.995817e-13 -2.840463e-11
-1.797141e-11 -1.987265e-11
-2.305457e-11 -3.154565e-12
-1.629143e-11 8.940716e-12
-7.813256e-12 1.208278e-11
-2.858131e-12 1.250817e-11
2.853571e-12 1.381579e-11
1.163284e-11 1.094079e-11
1.672808e-11 4.435999e-13
1.154806e-11 -1.090172e-11
1.646856e-13 -1.355909e-11
-7.202360e-12 -7.301495e-12
-6.587816e-12 -4.456151e-13
-3.161460e-12 1.301160e-12
-2.513263e-12 4.100706e-13
-3.662939e-12 1.670926e-12
-2.277935e-12 4.810638e-12
2.157919e-12 5.497047e-12
5.479560e-12 1.946358e-12
4.543097e-12 -2.614744e-12
8.880127e-13 -4.350080e-12
-2.096688e-12 -3.023728e-12
-3.130882e-12 -6.225098e-13
-2.552066e-12 1.706420e-12
-3.458140e-13 3.194786e-12
2.622378e-12 2.227274e-12
3.379425e-12 -1.225819e-12
3.961602e-13 -3.542643e-12
-2.880772e-12 -1.603113e-12
-2.050764e-12 1.963171e-12
1.406190e-12 1.955515e-12
1.933083e-12 -1.370699e-12
-1.399514e-12 -2.429834e-12
-3.240914e-12 8.446859e-13
-4.514045e-13 3.627861e-12
3.001755e-12 1.883593e-12
2.546725e-12 -1.546322e-12
-1.518541e-13 -2.042924e-12
-8.659989e-13 -3.235688e-13
2.192420e-13 -2.234354e-14
-2.550817e-14 -1.093312e-12
-1.500150e-12 -6.398006e-13
-1.274865e-12 1.228620e-12
7.151437e-13 1.424982e-12
1.257659e-12 -4.772035e-13
