-2.573738e-08 -9.527561e-08
-1.126999e-07 -3.041588e-08
-8.946524e-08 8.719919e-08
2.813295e-08 1.168737e-07
9.805517e-08 2.932992e-08
5.206023e-08 -5.273671e-08
-1.822254e-08 -3.688815e-08
-1.106234e-08 1.691478e-08
3.941196e-08 5.934096e-09
3.051936e-08 -5.683602e-08
-4.699888e-08 -6.785293e-08
-9.234490e-08 9.875925e-09
-3.701666e-08 8.908755e-08
6.011695e-08 7.372136e-08
8.892014e-08 -1.796844e-08
2.355744e-08 -8.135170e-08
-5.598314e-08 -5.401957e-08
-6.689205e-08 2.110450e-08
-1.270255e-08 6.024429e-08
3.855741e-08 3.488944e-08
3.978840e-08 -1.235891e-08
6.859656e-09 -3.037238e-08
-1.634187e-08 -1.366004e-08
-1.146685e-08 6.904288e-09
4.280768e-09 8.203971e-09
8.676263e-09 -3.817240e-09
-2.608085e-10 -1.089417e-08
-9.554503e-09 -6.261525e-09
-1.047619e-08 2.687015e-09
-5.515928e-09 7.824482e-09
-3.067082e-10 8.507938e-09
3.818343e-09 7.378039e-09
7.660310e-09 4.427115e-09
9.313439e-09 -1.396841e-09
5.776991e-09 -7.393774e-09
-1.352776e-09 -8.308177e-09
-5.633258e-09 -3.170982e-09
-3.170628e-09 1.977530e-09
1.654814e-09 8.257174e-10
8.469889e-10 -4.649522e-09
-6.644344e-09 -5.459104e-09
-1.185764e-08 3.248261e-09
-5.637559e-09 1.439491e-08
9.374426e-09 1.522537e-08
1.936279e-08 1.767285e-09
1.338119e-08 -1.503947e-08
-4.309115e-09 -1.953425e-08
-1.768635e-08 -7.436181e-09
-1.501440e-08 9.627733e-09
-3.207660e-10 1.611833e-08
1.172290e-08 8.000264e-09
1.119708e-08 -4.752481e-09
1.652305e-09 -9.973136e-09
-6.029243e-09 -5.365434e-09
-5.835599e-09 1.711239e-09
-1.044907e-09 4.050702e-09
1.879774e-09 1.586104e-09
7.836662e-10 -9.131215e-10
-1.407712e-09 -3.042411e-10
-1.248530e-09 2.161259e-09
1.566423e-09 3.173268e-09
