2.112158e-11 -4.370521e-12
-1.803622e-11 -2.516634e-10
-3.307962e-10 -5.848756e-11
-2.382183e-10 3.401533e-10
1.962802e-10 4.224487e-10
4.748196e-10 6.415857e-11
3.026608e-10 -3.406153e-10
-9.636597e-11 -3.896708e-10
-3.050271e-10 -1.140565e-10
-1.931538e-10 1.406883e-10
1.455587e-11 1.511711e-10
7.272279e-11 1.930144e-11
-9.387747e-12 -3.474516e-11
-5.294215e-11 3.607470e-11
2.154850e-11 9.107772e-11
1.062538e-10 2.719363e-11
7.783997e-11 -8.281986e-11
-3.369101e-11 -1.036362e-10
-9.745640e-11 -1.792044e-11
-5.421669e-11 6.755040e-11
2.805398e-11 6.751962e-11
5.897649e-11 7.127940e-12
2.788792e-11 -3.662097e-11
-1.231333e-11 -3.118885e-11
-2.211230e-11 -3.777235e-12
-8.272086e-12 1.016330e-11
2.953427e-12 4.936810e-12
2.839570e-13 -2.458050e-12
-6.112910e-12 1.083611e-12
-2.137221e-12 1.003611e-11
1.089390e-11 8.895977e-12
1.637728e-11 -6.379112e-12
3.626664e-12 -2.014671e-11
-1.606492e-11 -1.536100e-11
-2.197266e-11 4.122035e-12
-9.558423e-12 1.828430e-11
6.022212e-12 1.617285e-11
1.142053e-11 6.180354e-12
9.376070e-12 1.540672e-13
8.489452e-12 -2.010575e-12
8.588129e-12 -6.570967e-12
3.557486e-12 -1.264448e-11
-6.445862e-12 -1.287834e-11
-1.349924e-11 -4.796679e-12
-1.197996e-11 5.273388e-12
-4.726132e-12 1.005692e-11
1.801037e-12 8.765258e-12
4.837655e-12 5.350209e-12
5.908047e-12 2.430199e-12
6.394810e-12 -5.066875e-13
5.427225e-12 -4.026532e-12
2.118397e-12 -6.670262e-12
-2.363175e-12 -6.637414e-12
-5.896836e-12 -3.828118e-12
-7.098671e-12 6.397366e-13
-5.138983e-12 5.282095e-12
4.913864e-14 7.599388e-12
5.753352e-12 4.951576e-12
7.021045e-12 -1.536864e-12
2.233734e-12 -5.964412e-12
-3.441919e-12 -3.959752e-12
