2.164360e-08 1.686302e-08
2.028974e-08 -2.276215e-08
-3.071826e-08 -2.971493e-08
-5.639849e-08 3.487459e-08
1.334416e-08 9.550990e-08
1.191364e-07 4.541244e-08
1.223491e-07 -9.440889e-08
-1.422451e-08 -1.731438e-07
-1.596258e-07 -8.886425e-08
-1.615083e-07 8.098392e-08
-2.297223e-08 1.668193e-07
1.092929e-07 9.944167e-08
1.180861e-07 -2.840101e-08
3.151091e-08 -8.693132e-08
-3.958529e-08 -4.998180e-08
-3.735764e-08 7.573078e-09
4.364601e-10 1.902465e-08
1.315077e-08 -6.322691e-09
-7.895873e-09 -1.975089e-08
-2.648636e-08 -2.078335e-09
-1.730752e-08 2.254802e-08
7.757002e-09 2.628142e-08
2.279857e-08 9.052629e-09
1.834834e-08 -9.898143e-09
4.063328e-09 -1.673031e-08
-7.624981e-09 -1.200472e-08
-1.182926e-08 -2.668487e-09
-9.192398e-09 5.832499e-09
-1.938218e-09 1.006809e-08
6.091820e-09 7.835454e-09
9.637995e-09 2.753078e-10
5.894452e-09 -7.060917e-09
-1.905054e-09 -8.217131e-09
-6.699827e-09 -2.768401e-09
-4.575046e-09 3.260317e-09
8.749566e-10 3.609968e-09
2.375486e-09 -1.055361e-09
-2.357890e-09 -3.490708e-09
-6.992716e-09 1.531096e-09
-3.400141e-09 9.750173e-09
7.835915e-09 1.076241e-08
1.585276e-08 -4.160326e-11
1.047576e-08 -1.431970e-08
-5.640618e-09 -1.797715e-08
-1.806395e-08 -6.147101e-09
-1.506707e-08 1.068777e-08
4.691020e-12 1.710435e-08
1.245492e-08 8.594765e-09
1.185833e-08 -4.724622e-09
1.886816e-09 -1.005897e-08
-5.861158e-09 -5.104687e-09
-5.196028e-09 2.044437e-09
-8.019431e-11 3.831810e-09
2.531172e-09 7.563232e-10
8.876305e-10 -1.860797e-09
-1.578783e-09 -1.160269e-09
-1.719063e-09 1.176808e-09
2.959156e-10 2.278375e-09
2.350723e-09 1.086613e-09
2.585430e-09 -1.491652e-09
3.915165e-10 -3.467269e-09
