-1.585491e-06 -3.435977e-06
-5.096058e-06 -1.077013e-06
-5.442140e-06 4.591141e-06
2.862210e-07 9.556913e-06
9.994546e-06 7.430680e-06
1.502365e-05 -4.155329e-06
6.957538e-06 -1.731230e-05
-1.108633e-05 -1.823332e-05
-2.325986e-05 -2.038154e-06
-1.603125e-05 1.851468e-05
5.795115e-06 2.397762e-05
2.219518e-05 8.814213e-06
1.857105e-05 -1.218965e-05
5.957830e-07 -1.980581e-05
-1.349951e-05 -1.012486e-05
-1.297998e-05 4.085986e-06
-3.408029e-06 9.652520e-06
3.545477e-06 6.023994e-06
3.953970e-06 1.340771e-06
2.574312e-06 1.999504e-07
3.245413e-06 -2.428713e-07
3.544349e-06 -3.184824e-06
-9.617109e-08 -6.098329e-06
-5.677872e-06 -4.178363e-06
-7.219502e-06 2.333074e-06
-2.284925e-06 7.390974e-06
4.647324e-06 5.945707e-06
7.069968e-06 -4.100210e-07
3.331203e-06 -5.478643e-06
-2.298071e-06 -5.113042e-06
-4.654760e-06 -8.226753e-07
-2.645254e-06 2.769837e-06
7.048539e-07 2.875114e-06
2.066209e-06 6.132598e-07
9.728515e-07 -1.081118e-06
-5.174163e-07 -7.674677e-07
-5.640397e-07 4.439827e-07
5.286795e-07 6.849096e-07
1.053925e-06 -3.841567e-07
1.338446e-07 -1.338526e-06
-1.231614e-06 -8.512509e-07
-1.422768e-06 6.666573e-07
-1.538986e-07 1.564897e-06
1.216356e-06 8.972732e-07
1.290992e-06 -5.460835e-07
1.633498e-07 -1.246736e-06
-8.660351e-07 -6.651731e-07
-8.457678e-07 3.550989e-07
-8.445096e-08 7.376829e-07
4.683434e-07 3.324714e-07
3.735466e-07 -1.863431e-07
5.944862e-11 -2.750866e-07
-1.405489e-07 -5.498608e-08
-1.348621e-08 5.822142e-08
6.386399e-08 -4.875342e-08
-6.081318e-08 -1.315780e-07
-1.967144e-07 -4.591494e-09
-1.192202e-07 1.982685e-07
1.161225e-07 2.204349e-07
2.512799e-07 1.872691e-08
1.453005e-07 -1.939880e-07
