-2.159664e-08 2.690832e-08
2.272442e-08 5.200064e-08
8.334233e-08 1.017610e-08
7.206185e-08 -8.768891e-08
-4.109039e-08 -1.359520e-07
-1.581142e-07 -5.109854e-08
-1.468679e-07 1.093212e-07
2.365394e-09 1.908756e-07
1.533990e-07 1.100641e-07
1.689147e-07 -5.354462e-08
5.280250e-08 -1.483702e-07
-7.114751e-08 -1.109751e-07
-1.022534e-07 -1.067752e-08
-5.279023e-08 5.066022e-08
1.561500e-11 4.553365e-08
1.297338e-08 1.874357e-08
5.425002e-09 1.108738e-08
9.217860e-09 1.673812e-08
2.385554e-08 1.076686e-08
2.758605e-08 -9.897515e-09
1.221884e-08 -2.615927e-08
-8.577719e-09 -2.451186e-08
-1.917778e-08 -1.049942e-08
-1.748783e-08 3.013521e-09
-1.039795e-08 1.015245e-08
-2.877461e-09 1.226246e-08
4.138503e-09 1.083244e-08
9.287202e-09 5.581804e-09
9.584983e-09 -1.893957e-09
4.450368e-09 -6.836314e-09
-1.678703e-09 -5.731211e-09
-3.176034e-09 -1.013555e-09
9.258026e-11 9.191743e-10
1.911506e-09 -2.468261e-09
-2.512717e-09 -5.639987e-09
-8.950061e-09 -1.377587e-09
-7.746964e-09 8.640206e-09
3.629845e-09 1.325011e-08
1.473815e-08 4.526158e-09
1.258091e-08 -1.086905e-08
-2.660638e-09 -1.714259e-08
-1.612997e-08 -6.936520e-09
-1.421195e-08 9.731823e-09
5.006893e-10 1.631677e-08
1.271561e-08 7.701791e-09
1.163935e-08 -5.578698e-09
1.395516e-09 -1.046845e-08
-6.093607e-09 -5.173145e-09
-5.125876e-09 1.729424e-09
-3.347042e-10 3.040643e-09
1.431734e-09 8.700073e-11
-7.083731e-10 -1.547209e-09
-2.649813e-09 3.030206e-10
-1.525897e-09 3.001190e-09
1.541521e-09 3.436571e-09
3.795513e-09 1.197938e-09
3.586309e-09 -2.048558e-09
9.172527e-10 -4.186079e-09
-2.711361e-09 -3.524143e-09
-4.578515e-09 1.459469e-11
-2.636895e-09 3.832088e-09
