3.831895e-08 -1.261946e-07
-1.110604e-07 -1.165784e-07
-1.832356e-07 5.607828e-08
-3.113225e-08 2.252761e-07
2.276391e-07 1.446129e-07
2.651650e-07 -1.707339e-07
-5.105632e-08 -3.558251e-07
-3.852052e-07 -1.059925e-07
-2.656650e-07 3.499577e-07
2.631483e-07 4.128555e-07
5.490106e-07 -1.208711e-07
1.059449e-07 -6.531861e-07
-6.529841e-07 -4.293610e-07
-7.846104e-07 4.541427e-07
2.444476e-08 1.018974e-06
9.654515e-07 5.337749e-07
9.972791e-07 -5.635989e-07
6.334465e-08 -1.136707e-06
-8.641165e-07 -6.476095e-07
-9.232443e-07 3.074151e-07
-2.511375e-07 7.875004e-07
3.661649e-07 5.407675e-07
4.647941e-07 6.606013e-08
2.598734e-07 -1.514636e-07
1.403442e-07 -1.450629e-07
1.370358e-07 -1.959389e-07
1.683109e-08 -3.400327e-07
-2.830739e-07 -3.350129e-07
-5.168720e-07 -2.866683e-08
-4.099597e-07 4.057681e-07
3.344108e-08 6.184415e-07
5.103474e-07 4.005496e-07
6.540464e-07 -1.291599e-07
3.241444e-07 -5.887601e-07
-2.474625e-07 -6.139856e-07
-6.065192e-07 -1.797272e-07
-4.722545e-07 3.381839e-07
-1.836273e-08 5.051522e-07
3.109168e-07 2.636768e-07
2.881646e-07 -4.632246e-08
1.105848e-07 -1.284129e-07
6.608903e-08 -6.982164e-08
1.192234e-07 -1.325163e-07
5.851813e-10 -3.033669e-07
-3.252597e-07 -2.668354e-07
-5.020820e-07 1.257007e-07
-2.148582e-07 5.464638e-07
3.450656e-07 5.220033e-07
6.319605e-07 1.604720e-08
3.608564e-07 -4.892244e-07
-1.761183e-07 -5.281687e-07
-4.629938e-07 -1.420674e-07
-3.179916e-07 2.382773e-07
-1.655232e-09 3.033254e-07
1.614388e-07 1.337725e-07
1.235750e-07 -1.137082e-08
5.314496e-08 -2.828856e-08
5.664482e-08 -1.529699e-08
7.030341e-08 -6.503459e-08
3.678798e-09 -1.269166e-07
-1.095274e-07 -9.653597e-08
