-3.046016e-05 -3.395618e-06
-2.708063e-05 3.069951e-05
1.099561e-05 5.259085e-05
6.216727e-05 3.084731e-05
7.974970e-05 -3.668079e-05
2.646253e-05 -1.045287e-04
-7.743016e-05 -1.014839e-04
-1.449702e-04 -1.180105e-06
-9.628137e-05 1.249484e-04
4.489864e-05 1.583086e-04
1.547229e-04 5.691136e-05
1.313985e-04 -8.934198e-05
2.636297e-06 -1.474885e-04
-1.067589e-04 -7.754663e-05
-1.073164e-04 3.736430e-05
-2.528825e-05 9.052902e-05
4.712492e-05 5.747758e-05
5.559937e-05 -3.510325e-06
2.165612e-05 -3.241947e-05
-6.418977e-06 -2.399850e-05
-1.129540e-05 -8.556710e-06
-8.514933e-06 -3.767578e-06
-1.113561e-05 -1.545635e-06
-1.252643e-05 7.689610e-06
-2.848510e-06 1.690628e-05
1.237070e-05 1.338834e-05
1.796786e-05 -2.031307e-06
8.271602e-06 -1.480490e-05
-6.520011e-06 -1.366261e-05
-1.271415e-05 -2.127212e-06
-7.273946e-06 7.508702e-06
1.684121e-06 7.847399e-06
5.413383e-06 1.973813e-06
2.834005e-06 -2.513817e-06
-8.743498e-07 -2.073241e-06
-1.315101e-06 6.430953e-07
8.742738e-07 1.401998e-06
2.072732e-06 -5.910835e-07
4.546171e-07 -2.505702e-06
-2.106355e-06 -1.762783e-06
-2.609479e-06 9.201012e-07
-5.118217e-07 2.594789e-06
1.828911e-06 1.593527e-06
2.024346e-06 -7.399643e-07
2.455139e-07 -1.856895e-06
-1.333353e-06 -8.974597e-07
-1.182094e-06 6.964597e-07
1.068662e-07 1.162444e-06
9.231014e-07 3.409314e-07
5.870887e-07 -5.594189e-07
-1.873738e-07 -6.127897e-07
-4.661796e-07 -7.798567e-08
-1.747523e-07 2.577620e-07
1.068985e-07 1.301018e-07
4.053450e-08 -7.387352e-08
-1.305759e-07 -5.505263e-09
-6.362754e-08 1.919328e-07
1.815584e-07 1.768763e-07
2.681108e-07 -8.187530e-08
6.302815e-08 -2.779665e-07
-1.994828e-07 -1.847455e-07
