-3.396473e-11 2.035068e-11
1.879791e-10 2.349400e-10
2.862490e-10 -3.112261e-10
-2.749354e-10 -5.280960e-10
-7.113673e-10 -1.946908e-11
-4.181106e-10 6.256055e-10
2.797677e-10 6.645089e-10
6.194282e-10 1.196976e-10
3.508333e-10 -3.585152e-10
-8.320156e-11 -3.450198e-10
-2.056784e-10 -5.216879e-11
-4.058107e-11 8.916325e-11
7.330902e-11 -1.593518e-11
-1.947760e-11 -1.226469e-10
-1.532503e-10 -4.645364e-11
-1.279472e-10 1.169226e-10
3.104317e-11 1.647810e-10
1.395691e-10 5.271167e-11
9.570865e-11 -7.827324e-11
-1.915702e-11 -9.382272e-11
-6.746813e-11 -1.478969e-11
-2.255856e-11 4.056909e-11
2.681935e-11 1.670335e-11
1.203791e-11 -2.679758e-11
-3.159239e-11 -1.742282e-11
-3.171408e-11 2.974809e-11
1.536503e-11 4.526733e-11
4.740876e-11 7.239014e-12
2.677923e-11 -3.515164e-11
-1.552083e-11 -3.427045e-11
-2.993113e-11 -9.775934e-13
-9.296964e-12 2.119784e-11
1.450825e-11 1.231651e-11
1.517871e-11 -9.828791e-12
-3.203728e-12 -1.856862e-11
-1.840610e-11 -6.596993e-12
-1.535695e-11 1.157832e-11
6.300030e-13 1.750306e-11
1.204678e-11 7.920334e-12
9.544729e-12 -3.779476e-12
1.221030e-12 -5.480331e-12
-8.282267e-13 -7.565018e-13
2.604349e-12 -3.728793e-13
1.963004e-12 -4.853576e-12
-4.114578e-12 -5.134576e-12
-6.666133e-12 1.339121e-12
-1.442448e-12 6.022890e-12
4.180051e-12 2.922566e-12
2.972631e-12 -2.392171e-12
-1.474914e-12 -2.200861e-12
-1.503853e-12 1.646706e-12
2.458489e-12 1.733764e-12
3.199253e-12 -2.860449e-12
-1.778638e-12 -5.215772e-12
-6.328942e-12 -9.795823e-13
-4.312301e-12 5.319244e-12
2.210473e-12 6.443052e-12
6.136755e-12 1.619834e-12
4.313075e-12 -3.522147e-12
3.718036e-14 -4.649322e-12
-2.655277e-12 -2.766039e-12
