-1.216340e-07 2.642926e-07
2.538944e-07 3.141064e-07
5.116147e-07 -1.108602e-07
1.658726e-07 -6.182901e-07
-5.444673e-07 -5.070829e-07
-7.839832e-07 2.587151e-07
-1.725537e-07 8.594758e-07
6.657147e-07 5.935739e-07
8.307059e-07 -2.588289e-07
1.983515e-07 -7.894430e-07
-5.087365e-07 -5.231592e-07
-6.110988e-07 1.335995e-07
-1.712915e-07 4.805383e-07
2.435121e-07 3.069545e-07
2.756322e-07 -3.192120e-08
7.194824e-08 -1.568705e-07
-4.880495e-08 -6.496614e-08
-5.311123e-09 1.188685e-08
4.410141e-08 -3.494115e-08
-1.636529e-08 -9.622341e-08
-1.128847e-07 -4.873916e-08
-1.130132e-07 7.131106e-08
-6.868009e-09 1.316837e-07
9.365808e-08 7.562461e-08
9.889023e-08 -2.543189e-08
3.149288e-08 -7.346474e-08
-2.602083e-08 -5.012834e-08
-3.275284e-08 -9.602164e-09
-1.561461e-08 3.338870e-09
-1.276069e-08 -1.892333e-09
-2.238874e-08 5.553675e-09
-1.649234e-08 2.747482e-08
1.240294e-08 3.566540e-08
3.795782e-08 1.323159e-08
3.351888e-08 -2.133824e-08
4.300398e-09 -3.667784e-08
-2.183377e-08 -2.407770e-08
-2.737055e-08 -1.109269e-09
-1.797569e-08 1.405226e-08
-5.868191e-09 1.923637e-08
5.808392e-09 1.899567e-08
1.735322e-08 1.206859e-08
2.214913e-08 -3.298130e-09
1.283706e-08 -1.855050e-08
-5.196189e-09 -2.052572e-08
-1.639481e-08 -7.964580e-09
-1.278160e-08 5.741941e-09
-2.537356e-09 8.629244e-09
1.797560e-09 3.246584e-09
-1.468335e-09 4.980676e-10
-3.692565e-09 4.774287e-09
1.521686e-09 9.720203e-09
1.068022e-08 7.148389e-09
1.470727e-08 -3.541493e-09
8.107421e-09 -1.465843e-08
-5.816611e-09 -1.679419e-08
-1.687008e-08 -6.799480e-09
-1.583796e-08 8.479450e-09
-3.073834e-09 1.680898e-08
1.056297e-08 1.148475e-08
1.352616e-08 -1.715310e-09
