1.490024e-10 1.382591e-11
1.352209e-09 -1.572181e-09
-6.501468e-10 -2.561060e-09
-2.866745e-09 -1.080930e-09
-2.756586e-09 1.882784e-09
-5.244712e-11 3.458584e-09
2.757809e-09 2.025070e-09
3.070005e-09 -1.002008e-09
8.839430e-10 -2.759927e-09
-1.449610e-09 -1.980585e-09
-1.935115e-09 -3.338497e-12
-8.292623e-10 1.106223e-09
2.202450e-10 8.109319e-10
3.086583e-10 1.667764e-10
-5.384352e-12 1.102103e-10
1.085743e-10 3.832769e-10
5.533670e-10 2.413441e-10
6.119699e-10 -3.556886e-10
6.080810e-11 -7.206270e-10
-5.223039e-10 -4.195120e-10
-5.417372e-10 1.817137e-10
-9.561178e-11 4.406372e-10
2.531652e-10 2.106221e-10
1.970618e-10 -1.084376e-10
-4.745281e-11 -1.472940e-10
-1.253525e-10 3.387894e-11
1.518801e-11 1.342749e-10
1.410822e-10 2.899047e-11
8.198537e-11 -1.192680e-10
-7.057617e-11 -1.161746e-10
-1.193086e-10 1.684399e-11
-2.209847e-11 1.006592e-10
7.788431e-11 4.305024e-11
5.640544e-11 -5.992582e-11
-4.138829e-11 -7.126778e-11
-8.374895e-11 1.229566e-11
-2.686219e-11 7.990049e-11
5.103235e-11 6.012963e-11
6.766498e-11 -6.696862e-12
2.866934e-11 -4.436459e-11
-7.653214e-12 -3.465129e-11
-1.286402e-11 -1.476624e-11
-7.718885e-12 -1.320433e-11
-1.773804e-11 -1.842125e-11
-3.671262e-11 -5.337504e-12
-3.733842e-11 2.698009e-11
-7.010773e-12 5.108839e-11
3.387237e-11 4.110950e-11
5.108382e-11 2.602829e-12
3.265356e-11 -3.179954e-11
1.919865e-13 -3.738395e-11
-1.829487e-11 -2.117542e-11
-1.876337e-11 -6.144460e-12
-1.637648e-11 -3.253769e-13
-1.782496e-11 6.498929e-12
-1.312852e-11 1.919728e-11
4.136187e-12 2.585500e-11
2.217763e-11 1.503644e-11
2.435111e-11 -6.006846e-12
1.013572e-11 -1.895760e-11
-5.381011e-12 -1.583839e-11
