4.383780e-12 1.379049e-11
1.575343e-10 -2.349805e-11
2.499257e-11 -2.026396e-10
-2.058348e-10 -1.378286e-10
-2.519251e-10 1.113392e-10
-5.654222e-11 2.771648e-10
1.778358e-10 2.035721e-10
2.406099e-10 -9.246771e-12
1.241739e-10 -1.557873e-10
-2.073684e-11 -1.504256e-10
-7.976432e-11 -7.003916e-11
-7.035484e-11 -1.451982e-11
-5.961209e-11 6.343353e-12
-5.713493e-11 3.452511e-11
-2.684735e-11 7.096597e-11
3.250758e-11 7.241186e-11
7.235586e-11 2.366217e-11
5.821840e-11 -3.418534e-11
1.113890e-11 -5.454642e-11
-2.435883e-11 -3.509529e-11
-2.968322e-11 -6.513395e-12
-1.831667e-11 8.041309e-12
-9.034032e-12 9.339840e-12
-6.666032e-12 9.214828e-12
-4.010879e-12 1.355543e-11
5.543693e-12 1.683410e-11
1.772707e-11 9.906452e-12
2.013562e-11 -6.399470e-12
7.707020e-12 -1.836901e-11
-8.185535e-12 -1.471723e-11
-1.234605e-11 -1.430272e-12
-4.598988e-12 5.936114e-12
1.980106e-12 2.487888e-12
1.150925e-13 -2.267419e-12
-3.866405e-12 -5.441303e-13
-2.557769e-12 3.584008e-12
1.477786e-12 3.266270e-12
1.880923e-12 -4.698911e-14
-8.183715e-13 -4.108352e-13
-1.015559e-12 2.491982e-12
2.523201e-12 3.373225e-12
4.995505e-12 -7.264280e-14
3.010195e-12 -3.946424e-12
-9.036270e-13 -4.117823e-12
-2.540633e-12 -1.570006e-12
-1.632198e-12 7.027693e-14
-9.305573e-13 -1.158115e-13
-1.458665e-12 -1.174035e-13
-1.616022e-12 9.434950e-13
-6.783002e-13 1.624803e-12
-4.541341e-14 1.344467e-12
-9.047745e-14 1.606925e-12
1.112110e-12 2.582218e-12
3.838600e-12 1.550445e-12
4.465606e-12 -2.506385e-12
5.630063e-13 -5.456842e-12
-4.041533e-12 -3.160766e-12
-3.771191e-12 1.702313e-12
3.293108e-13 2.802312e-12
1.899964e-12 -4.628554e-13
-1.030096e-12 -2.188024e-12
