-6.578827e-06 1.396542e-05
8.932878e-06 1.593149e-05
1.966226e-05 2.187955e-06
1.328177e-05 -1.466794e-05
-3.760887e-06 -1.805725e-05
-1.468867e-05 -6.764671e-06
-1.187209e-05 6.326204e-06
-1.948755e-06 1.052270e-05
5.121552e-06 6.425499e-06
6.172031e-06 7.073546e-07
4.110875e-06 -2.622888e-06
1.661307e-06 -3.999506e-06
-1.105843e-06 -4.299935e-06
-4.071364e-06 -2.634228e-06
-5.098888e-06 1.318140e-06
-2.360402e-06 5.011590e-06
2.519598e-06 5.010575e-06
5.372940e-06 9.930232e-07
3.756080e-06 -3.490456e-06
-5.353955e-07 -4.607369e-06
-3.525385e-06 -1.982625e-06
-3.078502e-06 1.433964e-06
-4.892618e-07 2.694309e-06
1.492096e-06 1.490743e-06
1.506703e-06 -3.003975e-07
3.687878e-07 -9.701030e-07
-4.071436e-07 -4.728797e-07
-2.810216e-07 1.237227e-07
1.283495e-07 1.043282e-07
1.065745e-07 -2.465685e-07
-2.899350e-07 -2.674944e-07
-4.571938e-07 1.685740e-07
-8.651033e-08 5.398126e-07
4.466468e-07 3.663955e-07
5.502743e-07 -1.989568e-07
1.120550e-07 -5.619137e-07
-3.991183e-07 -3.702147e-07
-4.846771e-07 1.306633e-07
-1.354318e-07 4.271800e-07
2.421165e-07 2.995944e-07
3.147675e-07 -2.427623e-08
1.275618e-07 -2.062675e-07
-5.550527e-08 -1.597695e-07
-8.929015e-08 -4.650754e-08
-5.106738e-08 -1.105915e-08
-6.056586e-08 -2.232118e-08
-1.034296e-07 2.241907e-08
-7.472151e-08 1.212469e-07
5.255864e-08 1.597694e-07
1.701460e-07 6.405566e-08
1.572348e-07 -9.446267e-08
2.217527e-08 -1.727096e-07
-1.083507e-07 -1.116745e-07
-1.295001e-07 1.130756e-08
-5.782105e-08 8.130685e-08
1.309203e-08 6.640449e-08
2.776814e-08 2.507568e-08
1.411795e-08 1.459131e-08
2.233382e-08 2.479720e-08
5.111687e-08 9.958792e-09
5.422668e-08 -3.798332e-08
