-2.154683e-11 6.266342e-11
5.314552e-10 5.536849e-10
9.156153e-10 -4.341366e-10
-3.566152e-11 -1.286117e-09
-1.397611e-09 -6.590737e-10
-1.415847e-09 1.038097e-09
2.270101e-10 1.878102e-09
1.783579e-09 7.495595e-10
1.484280e-09 -1.142502e-09
-2.503566e-10 -1.685641e-09
-1.351922e-09 -4.806120e-10
-7.664643e-10 7.670041e-10
3.173289e-10 6.174038e-10
3.168812e-10 -2.440229e-10
-4.886443e-10 -2.234257e-10
-5.196326e-10 7.362365e-10
6.347727e-10 1.073317e-09
1.510162e-09 -5.113953e-11
8.094385e-10 -1.459771e-09
-8.157195e-10 -1.510417e-09
-1.655773e-09 -1.684756e-10
-1.020210e-09 1.147808e-09
2.554902e-10 1.336649e-09
1.028667e-09 5.546845e-10
9.099284e-10 -3.572515e-10
2.554665e-10 -7.470633e-10
-3.135591e-10 -5.037210e-10
-3.736066e-10 -3.228222e-11
-7.193675e-11 1.079223e-10
3.799079e-12 -1.448555e-10
-3.679388e-10 -1.965056e-10
-5.769361e-10 3.443280e-10
-1.625048e-12 8.839345e-10
8.905185e-10 5.239684e-10
9.605615e-10 -5.506925e-10
-1.664644e-11 -1.102307e-09
-9.112107e-10 -4.681972e-10
-7.174478e-10 5.212438e-10
1.384394e-10 6.956461e-10
5.102387e-10 8.490260e-11
1.236753e-10 -3.226036e-10
-2.435108e-10 -6.645876e-11
-3.703904e-11 2.771784e-10
3.396912e-10 1.078802e-10
2.591152e-10 -3.296993e-10
-2.007784e-10 -4.021314e-10
-4.450180e-10 -9.976230e-12
-2.102014e-10 3.537627e-10
1.708103e-10 3.132614e-10
2.897171e-10 1.615471e-11
1.297293e-10 -1.778468e-10
-5.182878e-11 -1.446477e-10
-9.178084e-11 -2.647133e-11
-3.943130e-11 2.789404e-11
-3.838617e-12 1.233913e-11
-1.383864e-11 -3.991678e-12
-2.854521e-11 1.292078e-11
-1.300327e-11 4.030189e-11
2.530134e-11 4.196475e-11
5.186160e-11 8.243948e-12
3.976069e-11 -3.587763e-11
