1.143390e-10 -2.830880e-10
-1.553060e-09 -2.832810e-09
-3.115849e-09 -3.849896e-10
-1.783109e-09 2.024910e-09
5.205242e-10 1.788244e-09
6.479383e-10 8.617109e-11
-8.365119e-10 3.878585e-10
-3.175514e-11 2.654758e-09
3.809708e-09 2.300098e-09
5.423140e-09 -2.878241e-09
3.857073e-10 -7.556507e-09
-7.160667e-09 -4.759768e-09
-8.219948e-09 4.000908e-09
-6.634161e-10 9.127483e-09
7.170663e-09 4.807060e-09
6.800795e-09 -3.483728e-09
8.962865e-11 -6.275234e-09
-4.182806e-09 -2.088142e-09
-2.194918e-09 2.081893e-09
1.143784e-09 1.238058e-09
5.030916e-10 -1.513442e-09
-2.380565e-09 -8.507992e-10
-2.209682e-09 2.640611e-09
1.666116e-09 3.720452e-09
4.368442e-09 3.108582e-10
2.402068e-09 -3.648672e-09
-1.842060e-09 -3.654409e-09
-3.612315e-09 -2.190739e-10
-1.681513e-09 2.510977e-09
1.040657e-09 2.132677e-09
1.731094e-09 1.055831e-10
5.957443e-10 -9.905565e-10
-4.123283e-10 -5.403904e-10
-3.036116e-10 2.108210e-10
2.729424e-10 2.121604e-10
3.569571e-10 -3.250319e-10
-1.634953e-10 -5.878508e-10
-6.677082e-10 -2.059463e-10
-5.929695e-10 4.605851e-10
2.703053e-11 7.705955e-10
6.331033e-10 4.237553e-10
6.762933e-10 -2.586047e-10
1.538422e-10 -6.410435e-10
-3.912005e-10 -4.160904e-10
-4.566758e-10 9.321029e-11
-1.075026e-10 3.363508e-10
1.796603e-10 1.640866e-10
1.267944e-10 -8.370399e-11
-6.810076e-11 -8.148772e-11
-8.298667e-11 8.832268e-11
8.674291e-11 1.282173e-10
1.756549e-10 -3.718432e-11
4.457189e-11 -1.847365e-10
-1.433136e-10 -1.210482e-10
-1.614529e-10 6.897042e-11
-8.290651e-12 1.575178e-10
1.211939e-10 6.502366e-11
9.298784e-11 -7.208294e-11
-2.591457e-11 -9.641766e-11
-8.429310e-11 -9.770347e-12
-3.362679e-11 6.437491e-11
