-3.090684e-05 7.970061e-06
-1.530149e-05 3.880260e-05
2.514118e-05 3.981833e-05
4.494095e-05 3.583131e-06
2.380377e-05 -2.521699e-05
6.589371e-07 -1.771965e-05
7.755314e-06 -7.028695e-06
1.417581e-05 -2.725923e-05
-2.009872e-05 -4.703437e-05
-6.637848e-05 -1.365345e-05
-5.579147e-05 5.681177e-05
2.077109e-05 8.425835e-05
8.592410e-05 2.622318e-05
6.574062e-05 -6.087262e-05
-1.937871e-05 -8.462568e-05
-7.853439e-05 -2.390538e-05
-5.538536e-05 5.180921e-05
1.514093e-05 6.667192e-05
5.707056e-05 1.842438e-05
3.845139e-05 -3.346958e-05
-7.023504e-06 -4.118468e-05
-3.045398e-05 -1.216499e-05
-1.949296e-05 1.471105e-05
2.025230e-06 1.687905e-05
1.009723e-05 3.811146e-06
3.923879e-06 -4.595796e-06
-2.632512e-06 -2.031062e-06
-1.299965e-06 3.151492e-06
3.717835e-06 2.562745e-06
4.606373e-06 -2.670413e-06
-4.727002e-08 -5.689801e-06
-4.904303e-06 -2.904229e-06
-4.831992e-06 2.559615e-06
-2.971833e-07 5.084930e-06
3.847265e-06 2.609603e-06
3.770763e-06 -1.802850e-06
2.794439e-07 -3.698224e-06
-2.690530e-06 -1.809399e-06
-2.482823e-06 1.244467e-06
-1.097528e-07 2.306268e-06
1.561184e-06 9.678830e-07
1.185312e-06 -6.827930e-07
-6.521271e-08 -9.146287e-07
-4.993631e-07 -1.199801e-07
1.765627e-08 2.673334e-07
3.450145e-07 -1.928518e-07
-1.468824e-07 -6.075339e-07
-7.894371e-07 -1.843738e-07
-6.406174e-07 6.760038e-07
2.476496e-07 9.545687e-07
9.306947e-07 3.110694e-07
7.329119e-07 -5.668214e-07
-4.677508e-08 -8.322761e-07
-6.060132e-07 -3.792031e-07
-5.408180e-07 2.158227e-07
-1.223319e-07 4.294657e-07
1.764744e-07 2.633219e-07
1.980899e-07 4.311826e-08
1.143533e-07 -3.249879e-08
9.354178e-08 -3.512530e-08
1.023373e-07 -9.280199e-08
