-1.404126e-05 -1.843741e-05
-3.138709e-05 8.381776e-07
-2.519673e-05 3.370704e-05
1.277886e-05 5.424671e-05
6.437878e-05 3.298561e-05
8.375702e-05 -3.554650e-05
3.019043e-05 -1.056728e-04
-7.480884e-05 -1.025232e-04
-1.400654e-04 -2.217329e-06
-8.941977e-05 1.180299e-04
4.462983e-05 1.435485e-04
1.399465e-04 4.482410e-05
1.097163e-04 -8.468988e-05
-7.599398e-06 -1.260463e-04
-9.575354e-05 -5.642216e-05
-8.507789e-05 4.085982e-05
-1.107050e-05 7.628838e-05
4.434574e-05 4.069201e-05
4.340154e-05 -9.439746e-06
1.280600e-05 -2.752151e-05
-7.171221e-06 -1.709122e-05
-8.152555e-06 -5.696985e-06
-6.408942e-06 -4.036327e-06
-1.048836e-05 -1.875535e-06
-1.158979e-05 7.671682e-06
-1.701179e-06 1.581447e-05
1.206165e-05 1.140452e-05
1.591331e-05 -2.906990e-06
6.394572e-06 -1.346588e-05
-6.373635e-06 -1.141219e-05
-1.087157e-05 -1.113553e-06
-5.620450e-06 6.637312e-06
1.858733e-06 6.281118e-06
4.470315e-06 1.154868e-06
1.949894e-06 -2.283535e-06
-1.058066e-06 -1.508959e-06
-1.085207e-06 8.560969e-07
9.412268e-07 1.271213e-06
1.835107e-06 -6.141794e-07
2.684872e-07 -2.177555e-06
-1.891444e-06 -1.335730e-06
-2.083972e-06 1.010124e-06
-1.130245e-07 2.224533e-06
1.782726e-06 1.079244e-06
1.639416e-06 -9.867623e-07
-1.086728e-07 -1.730573e-06
-1.420159e-06 -6.285128e-07
-1.075325e-06 8.495522e-07
2.035273e-07 1.165325e-06
9.338317e-07 3.245946e-07
5.940651e-07 -5.191420e-07
-1.130110e-07 -5.780775e-07
-3.749184e-07 -1.290349e-07
-1.626313e-07 1.479757e-07
2.939083e-08 6.218611e-08
-4.293605e-08 -5.168606e-08
-1.495325e-07 5.619691e-08
-3.409643e-08 2.211799e-07
2.000552e-07 1.656671e-07
2.564398e-07 -8.908911e-08
5.517157e-08 -2.582102e-07
