-8.863370e-08 -1.150921e-07
-2.003708e-07 -1.200429e-09
-1.572109e-07 2.101832e-07
1.006138e-07 3.110195e-07
3.710173e-07 1.103676e-07
3.367414e-07 -2.759890e-07
-4.263315e-08 -4.622842e-07
-4.083985e-07 -2.278093e-07
-3.989585e-07 1.909730e-07
-7.657925e-08 3.810332e-07
1.928982e-07 2.450551e-07
2.220672e-07 4.104037e-08
1.643800e-07 -3.567881e-08
1.770864e-07 -8.932056e-08
1.419140e-07 -2.548214e-07
-1.165627e-07 -3.783929e-07
-4.533481e-07 -1.820079e-07
-4.784302e-07 2.892992e-07
-5.156386e-08 6.003774e-07
4.683174e-07 4.023126e-07
5.879745e-07 -1.413322e-07
2.190248e-07 -5.240965e-07
-2.594927e-07 -4.418368e-07
-4.401201e-07 -5.834190e-08
-2.705923e-07 2.511257e-07
4.469628e-09 2.941600e-07
1.592501e-07 1.586072e-07
1.655347e-07 1.994163e-08
1.197545e-07 -4.689066e-08
9.115054e-08 -8.126132e-08
5.801062e-08 -1.367095e-07
-4.240979e-08 -1.906943e-07
-2.073138e-07 -1.442203e-07
-3.070667e-07 6.574351e-08
-1.776814e-07 3.298649e-07
1.682749e-07 3.948092e-07
4.574100e-07 1.167433e-07
3.868328e-07 -3.140640e-07
-2.581773e-08 -5.029683e-07
-4.072093e-07 -2.644230e-07
-4.139825e-07 1.586339e-07
-1.018021e-07 3.647383e-07
1.757188e-07 2.377215e-07
2.002649e-07 1.828756e-08
9.548608e-08 -5.329825e-08
7.513593e-08 -2.426260e-08
1.220675e-07 -8.115865e-08
4.704949e-08 -2.204445e-07
-1.830499e-07 -2.259787e-07
-3.364264e-07 1.394739e-08
-1.978440e-07 3.022667e-07
1.355041e-07 3.389117e-07
3.414753e-07 7.784741e-08
2.352053e-07 -2.177066e-07
-4.205117e-08 -2.767889e-07
-2.106550e-07 -9.954326e-08
-1.573544e-07 9.466705e-08
-5.380026e-09 1.352533e-07
7.446111e-08 5.200056e-08
4.733388e-08 -2.113956e-08
-3.506108e-10 -1.967610e-08
