-1.109803e-11 2.663088e-11
2.053975e-10 2.171971e-10
2.950834e-10 -1.818396e-10
-1.130102e-10 -4.009371e-10
-4.868991e-10 -3.117973e-11
-2.287491e-10 4.932206e-10
3.953385e-10 4.158939e-10
5.305870e-10 -2.239305e-10
-4.231707e-11 -5.549297e-10
-5.226410e-10 -1.011689e-10
-2.079817e-10 4.847732e-10
4.599925e-10 3.217713e-10
4.811664e-10 -4.106088e-10
-2.686629e-10 -6.690263e-10
-8.020942e-10 -2.383434e-12
-3.568201e-10 7.777355e-10
5.497705e-10 6.714043e-10
8.118764e-10 -1.776418e-10
1.931838e-10 -7.194589e-10
-4.554360e-10 -4.133850e-10
-4.207958e-10 1.679978e-10
3.634387e-13 2.766889e-10
1.206986e-10 -2.190782e-12
-1.050818e-10 -7.489711e-11
-1.631727e-10 1.782408e-10
1.245908e-10 3.007686e-10
3.595243e-10 4.952058e-11
2.383593e-10 -2.623355e-10
-4.141444e-11 -3.105202e-10
-2.009356e-10 -1.790714e-10
-2.633826e-10 -4.159196e-11
-2.828633e-10 1.527231e-10
-9.729581e-11 3.875186e-10
3.019640e-10 3.537017e-10
4.906354e-10 -8.166753e-11
1.521294e-10 -4.636921e-10
-3.263411e-10 -2.934309e-10
-3.143248e-10 1.822614e-10
1.106303e-10 2.699827e-10
2.480590e-10 -1.163861e-10
-1.361424e-10 -3.016332e-10
-4.120797e-10 9.046522e-11
-5.654479e-11 5.038945e-10
4.972699e-10 2.703184e-10
4.663708e-10 -3.612559e-10
-1.337450e-10 -5.615471e-10
-5.217793e-10 -1.013972e-10
-2.625736e-10 3.778100e-10
2.025219e-10 3.131384e-10
2.740704e-10 -6.699929e-11
-3.309127e-12 -2.024744e-10
-1.525236e-10 -4.860437e-12
-1.497775e-12 1.443525e-10
1.589338e-10 2.395645e-11
7.831808e-11 -1.588526e-10
-1.183297e-10 -1.390924e-10
-1.704684e-10 4.158687e-11
-4.131393e-11 1.523413e-10
9.307889e-11 9.566039e-11
1.040089e-10 -2.216482e-11
2.964192e-11 -7.424600e-11
