-5.412931e-11 -6.133016e-12
-3.259597e-10 5.259643e-10
5.599658e-10 5.759334e-10
9.422349e-10 -4.185692e-10
3.814008e-12 -1.264385e-09
-1.319398e-09 -6.578902e-10
-1.326255e-09 9.616933e-10
2.347921e-10 1.722488e-09
1.648271e-09 6.215064e-10
1.282074e-09 -1.114997e-09
-3.528327e-10 -1.507789e-09
-1.278871e-09 -3.076312e-10
-6.198127e-10 8.058023e-10
4.008721e-10 5.623612e-10
3.433307e-10 -2.814948e-10
-4.300157e-10 -2.543567e-10
-4.634711e-10 6.090508e-10
5.316913e-10 8.865210e-10
1.232652e-09 -7.574564e-11
6.078961e-10 -1.201123e-09
-6.969299e-10 -1.174873e-09
-1.305971e-09 -8.599068e-11
-7.749586e-10 9.160534e-10
2.103258e-10 1.047918e-09
8.259206e-10 4.477466e-10
7.625179e-10 -3.023898e-10
2.007039e-10 -6.726072e-10
-3.539018e-10 -4.427888e-10
-3.982104e-10 7.249009e-11
-8.531036e-13 2.346686e-10
1.684470e-10 -1.108143e-10
-2.333380e-10 -3.057697e-10
-5.759745e-10 1.809860e-10
-1.093386e-10 7.899954e-10
7.730258e-10 5.357339e-10
8.987869e-10 -4.790920e-10
-1.723118e-11 -1.026024e-09
-8.712414e-10 -4.185811e-10
-6.641674e-10 5.308904e-10
1.758276e-10 6.715244e-10
5.183434e-10 5.235298e-11
1.148299e-10 -3.431918e-10
-2.536232e-10 -7.801214e-11
-5.157026e-11 2.665186e-10
3.141679e-10 1.082028e-10
2.384483e-10 -3.046217e-10
-1.908830e-10 -3.660037e-10
-4.067709e-10 2.227730e-12
-1.791288e-10 3.275536e-10
1.653000e-10 2.744825e-10
2.569706e-10 1.307825e-12
1.032579e-10 -1.611056e-10
-5.284014e-11 -1.190173e-10
-7.667437e-11 -1.429905e-11
-2.654889e-11 2.548818e-11
1.058069e-12 6.647172e-12
-1.127364e-11 -7.731799e-12
-2.556278e-11 7.384931e-12
-1.445080e-11 3.129992e-11
1.601548e-11 3.574159e-11
4.014884e-11 1.160367e-11
