2.416484e-07 -1.808899e-07
-9.195113e-08 -4.241021e-07
-5.526327e-07 -1.374814e-07
-4.511742e-07 5.207541e-07
2.911593e-07 7.219463e-07
8.287036e-07 7.332311e-08
4.486627e-07 -7.230945e-07
-4.422797e-07 -7.155173e-07
-8.055082e-07 7.827673e-08
-2.651438e-07 7.140000e-07
4.875969e-07 5.069623e-07
6.064253e-07 -1.995563e-07
7.444484e-08 -5.641704e-07
-4.142991e-07 -2.733989e-07
-3.625719e-07 2.136817e-07
2.719841e-08 3.423595e-07
2.492958e-07 9.385402e-08
1.331264e-07 -1.407529e-07
-6.564585e-08 -1.146971e-07
-8.422257e-08 3.886671e-08
3.877878e-08 7.680723e-08
9.521886e-08 -2.998983e-08
6.911772e-09 -1.141715e-07
-1.049567e-07 -6.165057e-08
-1.048877e-07 5.942235e-08
-4.409727e-09 1.118590e-07
7.991102e-08 5.634911e-08
7.470689e-08 -2.868420e-08
1.425072e-08 -5.873568e-08
-2.634742e-08 -3.073068e-08
-2.130493e-08 8.563749e-10
-3.881917e-09 2.106957e-09
-7.548834e-09 -9.061656e-09
-2.372355e-08 -1.378175e-09
-2.191095e-08 2.383941e-08
5.303578e-09 3.697902e-08
3.288581e-08 2.057882e-08
3.572768e-08 -1.027434e-08
1.600862e-08 -2.934051e-08
-6.334360e-09 -2.819518e-08
-1.908467e-08 -1.651864e-08
-2.350257e-08 -2.958711e-09
-2.111416e-08 1.145854e-08
-8.992248e-09 2.310785e-08
9.631773e-09 2.266639e-08
2.142934e-08 7.842674e-09
1.702074e-08 -9.074378e-09
3.423287e-09 -1.396428e-08
-4.583372e-09 -7.379050e-09
-2.672715e-09 -1.650861e-09
1.676856e-10 -3.589682e-09
-3.955399e-09 -7.001459e-09
-1.127911e-08 -3.065468e-09
-1.215156e-08 7.591539e-09
-2.941280e-09 1.581861e-08
1.035434e-08 1.373953e-08
1.781908e-08 1.593565e-09
1.323351e-08 -1.260723e-08
-1.157957e-09 -1.835615e-08
-1.493033e-08 -1.040286e-08
-1.675822e-08 5.512413e-09
