-6.948411e-08 -1.244977e-08
-4.846032e-08 6.094502e-08
3.163935e-08 6.928696e-08
6.526053e-08 -1.490370e-09
1.033077e-08 -4.850686e-08
-4.182379e-08 -5.034754e-09
-3.804451e-09 5.484241e-08
7.256236e-08 2.597658e-08
6.806975e-08 -6.897416e-08
-3.192877e-08 -1.049942e-07
-1.113609e-07 -2.524678e-08
-7.488608e-08 8.171098e-08
3.230551e-08 9.629876e-08
8.792262e-08 1.377772e-08
4.270879e-08 -6.268511e-08
-3.469707e-08 -5.429070e-08
-5.491123e-08 1.045886e-08
-9.868733e-09 4.893169e-08
3.676056e-08 2.619062e-08
3.547024e-08 -1.901129e-08
-3.966872e-11 -3.462376e-08
-2.483592e-08 -1.373568e-08
-1.867024e-08 1.178102e-08
1.396261e-09 1.637239e-08
1.132547e-08 4.177608e-09
6.475979e-09 -6.603224e-09
-2.297600e-09 -7.307520e-09
-6.373858e-09 -2.273959e-09
-5.886183e-09 2.507312e-09
-3.381922e-09 5.810305e-09
9.886751e-10 7.610487e-09
6.625080e-09 5.782736e-09
9.554941e-09 -6.245723e-10
6.082565e-09 -7.505210e-09
-1.559408e-09 -8.721246e-09
-6.279907e-09 -3.390788e-09
-4.057481e-09 2.201552e-09
8.471911e-10 1.717248e-09
7.291968e-10 -3.147673e-09
-5.606728e-09 -4.054354e-09
-1.003083e-08 3.598182e-09
-4.099641e-09 1.342124e-08
9.805772e-09 1.364442e-08
1.879239e-08 5.300556e-10
1.245710e-08 -1.557165e-08
-5.149715e-09 -1.955397e-08
-1.836525e-08 -7.136807e-09
-1.544054e-08 1.021206e-08
-2.976551e-10 1.680714e-08
1.215034e-08 8.405902e-09
1.161992e-08 -4.809633e-09
1.725065e-09 -1.020832e-08
-6.193608e-09 -5.380347e-09
-5.874376e-09 1.951707e-09
-8.225642e-10 4.272649e-09
2.210371e-09 1.617154e-09
1.100721e-09 -1.035108e-09
-1.102548e-09 -5.859662e-10
-1.085229e-09 1.617777e-09
1.282386e-09 2.493729e-09
3.577722e-09 5.790217e-10
