6.550724e-11 1.085328e-10
2.166415e-09 1.496655e-10
1.954310e-09 -2.386614e-09
-9.737611e-10 -3.631525e-09
-3.919200e-09 -1.506022e-09
-3.706204e-09 2.373168e-09
-3.035830e-10 4.362188e-09
3.126766e-09 2.700245e-09
3.623586e-09 -7.812099e-10
1.329470e-09 -2.845984e-09
-1.147989e-09 -2.203906e-09
-1.763482e-09 -3.228916e-10
-8.494829e-10 7.277440e-10
-2.900940e-11 5.121791e-10
-6.393832e-11 9.773284e-11
-3.073457e-10 2.848604e-10
4.235046e-12 6.706210e-10
6.351647e-10 4.869151e-10
7.887597e-10 -2.300064e-10
2.461553e-10 -7.173548e-10
-3.848824e-10 -5.098808e-10
-4.892862e-10 4.119076e-11
-1.388777e-10 3.107973e-10
1.477600e-10 1.492229e-10
9.503915e-11 -8.506571e-11
-9.405971e-11 -7.535219e-11
-1.120792e-10 9.909560e-11
5.510727e-11 1.619313e-10
1.737244e-10 2.508378e-11
9.699258e-11 -1.330918e-10
-6.539805e-11 -1.273290e-10
-1.165313e-10 7.342530e-12
-2.289479e-11 8.970103e-11
7.045257e-11 3.390626e-11
4.556899e-11 -6.171021e-11
-4.829978e-11 -6.636793e-11
-8.431320e-11 1.680141e-11
-2.675235e-11 7.938369e-11
4.554487e-11 5.875826e-11
5.873837e-11 -7.728097e-13
2.594689e-11 -2.959090e-11
2.662143e-12 -1.969211e-11
6.677814e-12 -1.080214e-11
9.708864e-12 -2.368611e-11
-1.151936e-11 -3.701580e-11
-4.273592e-11 -2.252380e-11
-5.090073e-11 1.712998e-11
-2.282104e-11 5.003949e-11
1.998673e-11 4.849244e-11
4.340715e-11 1.685588e-11
3.503124e-11 -1.522708e-11
1.258176e-11 -2.582892e-11
-1.777917e-12 -2.039741e-11
-6.599079e-12 -1.569613e-11
-1.362559e-11 -1.388605e-11
-2.327999e-11 -4.042795e-12
-2.195036e-11 1.475362e-11
-4.065533e-12 2.657472e-11
1.609311e-11 1.899753e-11
2.094591e-11 1.187433e-13
1.042032e-11 -1.179698e-11
