-3.937276e-12 -4.916034e-11
-5.139854e-10 -1.882625e-10
-3.522508e-10 5.746058e-10
5.619897e-10 6.321892e-10
9.685909e-10 -3.668742e-10
5.732816e-11 -1.220811e-09
-1.229002e-09 -6.455221e-10
-1.225135e-09 8.982908e-10
2.658725e-10 1.578955e-09
1.546536e-09 4.875297e-10
1.102994e-09 -1.117728e-09
-4.598556e-10 -1.367431e-09
-1.232260e-09 -1.556147e-10
-4.999317e-10 8.471201e-10
4.714621e-10 5.202210e-10
3.652803e-10 -3.097372e-10
-3.788023e-10 -2.762619e-10
-4.113253e-10 5.036377e-10
4.500066e-10 7.268988e-10
1.002599e-09 -1.029218e-10
4.360023e-10 -9.950593e-10
-6.132769e-10 -9.025357e-10
-1.038203e-09 -6.868711e-12
-5.791994e-10 7.571520e-10
2.000772e-10 8.405895e-10
7.042578e-10 3.557600e-10
6.649030e-10 -2.959927e-10
1.410673e-10 -6.486708e-10
-4.153855e-10 -4.021410e-10
-4.340673e-10 1.646923e-10
4.811139e-11 3.399693e-10
2.842157e-10 -7.832816e-11
-1.398333e-10 -3.685738e-10
-5.619789e-10 8.448993e-11
-1.568410e-10 7.252415e-10
7.084887e-10 5.204852e-10
8.461621e-10 -4.541889e-10
-3.872912e-11 -9.761544e-10
-8.513915e-10 -3.719864e-10
-6.212875e-10 5.432887e-10
2.041660e-10 6.497258e-10
5.173234e-10 2.761574e-11
1.043812e-10 -3.508297e-10
-2.562857e-10 -8.038720e-11
-5.703699e-11 2.568924e-10
2.940255e-10 1.054505e-10
2.206815e-10 -2.830901e-10
-1.796508e-10 -3.345575e-10
-3.709801e-10 9.432430e-12
-1.537228e-10 3.004309e-10
1.566499e-10 2.401026e-10
2.271718e-10 -9.483314e-12
8.145788e-11 -1.462033e-10
-5.424323e-11 -9.880438e-11
-6.712112e-11 -4.017840e-12
-1.798191e-11 2.720892e-11
7.224720e-12 6.388082e-12
-4.295180e-12 -9.892208e-12
-1.979641e-11 -1.078634e-13
-1.573620e-11 2.040102e-11
6.664455e-12 2.899013e-11
