2.976891e-12 -2.434541e-11
-3.105790e-10 -1.773907e-11
-1.223212e-10 4.381415e-10
4.338225e-10 3.744658e-10
5.991265e-10 -2.111772e-10
1.359070e-10 -6.210686e-10
-4.110371e-10 -4.100217e-10
-4.716938e-10 1.044999e-10
-1.173992e-10 3.415880e-10
1.606407e-10 1.707391e-10
1.109397e-10 -5.936229e-11
-6.128896e-11 -5.423229e-11
-6.779746e-11 9.584767e-11
8.588470e-11 1.287741e-10
1.706218e-10 -1.684496e-11
6.742008e-11 -1.539331e-10
-9.315195e-11 -1.181375e-10
-1.229292e-10 2.878865e-11
-1.327464e-11 1.024083e-10
8.009399e-11 3.503772e-11
5.018018e-11 -6.213409e-11
-4.165401e-11 -6.433184e-11
-7.175085e-11 1.411771e-11
-1.536731e-11 6.538948e-11
4.568094e-11 3.698943e-11
4.446347e-11 -2.031802e-11
1.373267e-12 -3.845319e-11
-2.496368e-11 -1.325363e-11
-1.451561e-11 1.198594e-11
5.734169e-12 9.839521e-12
6.963279e-12 -6.888370e-12
-9.460717e-12 -1.118870e-11
-2.018626e-11 5.199644e-12
-8.503421e-12 2.477745e-11
1.691011e-11 2.449998e-11
3.089574e-11 1.831154e-12
1.993124e-11 -2.166964e-11
-2.892302e-12 -2.522984e-11
-1.544813e-11 -1.189406e-11
-1.309461e-11 1.178433e-14
-8.395710e-12 2.686228e-12
-8.572863e-12 4.436162e-12
-6.579480e-12 1.096130e-11
3.379355e-12 1.459577e-11
1.356209e-11 7.293101e-12
1.304180e-11 -5.350570e-12
3.292801e-12 -1.101330e-11
-4.479772e-12 -6.800394e-12
-4.518461e-12 -9.433021e-13
-1.820703e-12 -2.021274e-15
-2.459972e-12 -1.221136e-12
-4.807040e-12 9.312301e-13
-3.263696e-12 5.638397e-12
2.715074e-12 6.949327e-12
7.434127e-12 2.268418e-12
6.281561e-12 -4.224777e-12
8.436108e-13 -6.993232e-12
-4.135047e-12 -4.936241e-12
-5.978967e-12 -5.593536e-13
-4.565353e-12 3.709239e-12
-4.446908e-13 5.994726e-12
