4.302448e-05 2.885757e-05
6.341122e-05 -2.491897e-05
2.027448e-05 -8.329383e-05
-6.785580e-05 -7.938493e-05
-1.236051e-04 8.677012e-06
-7.813534e-05 1.200456e-04
5.377129e-05 1.515641e-04
1.661467e-04 5.396709e-05
1.508592e-04 -1.036158e-04
9.655442e-06 -1.843380e-04
-1.362486e-04 -1.162564e-04
-1.634998e-04 3.466039e-05
-6.528747e-05 1.349628e-04
5.653882e-05 1.161275e-04
1.039408e-04 2.407541e-05
6.770167e-05 -5.033050e-05
6.653121e-06 -6.352136e-05
-2.852789e-05 -3.706970e-05
-3.340114e-05 -8.677401e-06
-2.657580e-05 8.688906e-06
-1.629275e-05 2.050879e-05
4.226885e-07 2.655897e-05
1.937983e-05 1.870828e-05
2.634601e-05 -2.250877e-06
1.393871e-05 -2.069719e-05
-7.214325e-06 -2.146882e-05
-1.881809e-05 -6.137682e-06
-1.350348e-05 9.737353e-06
-8.052979e-09 1.342908e-05
8.375630e-06 6.000079e-06
6.980150e-06 -2.423482e-06
1.256434e-06 -4.598546e-06
-1.702398e-06 -1.820838e-06
-5.484261e-07 3.914893e-07
9.749896e-07 -5.352211e-07
-1.606733e-07 -2.255375e-06
-2.702649e-06 -1.496245e-06
-3.216994e-06 1.604024e-06
-5.529873e-07 3.766550e-06
2.749555e-06 2.574666e-06
3.440937e-06 -7.588383e-07
1.147152e-06 -2.914087e-06
-1.531329e-06 -2.159439e-06
-2.120615e-06 1.206907e-07
-7.357032e-07 1.432111e-06
6.569074e-07 9.378728e-07
7.441614e-07 -1.564584e-07
2.221028e-08 -4.818213e-07
-3.328795e-07 -2.753156e-08
-1.848009e-08 3.021672e-07
3.112778e-07 6.177737e-08
1.427262e-07 -2.976733e-07
-2.463461e-07 -2.258195e-07
-2.922386e-07 1.658278e-07
6.109086e-08 3.347026e-07
3.391865e-07 6.524139e-08
1.952221e-07 -2.860336e-07
-1.712610e-07 -2.913627e-07
-3.172131e-07 2.253869e-08
-1.107774e-07 2.648262e-07
1.627242e-07 1.873873e-07
