1.408332e-06 -7.855934e-06
3.342418e-06 -5.278672e-06
7.849816e-06 -1.710097e-05
-1.325794e-05 -3.630878e-05
-5.792984e-05 -1.986506e-05
-6.873835e-05 4.659094e-05
-3.194134e-06 1.009927e-04
9.037307e-05 6.831255e-05
1.130358e-04 -3.718122e-05
3.249271e-05 -1.138529e-04
-7.312900e-05 -8.541566e-05
-1.015325e-04 1.391464e-05
-3.673138e-05 8.218303e-05
4.397777e-05 6.261137e-05
6.292875e-05 -6.047541e-06
1.970509e-05 -4.711450e-05
-2.644511e-05 -3.083722e-05
-3.092205e-05 8.495089e-06
-3.825059e-06 2.498867e-05
1.693631e-05 1.054768e-05
1.281243e-05 -9.140773e-06
-2.916441e-06 -1.201968e-05
-9.614312e-06 -1.195268e-06
-3.364492e-06 6.860007e-06
4.504500e-06 4.258113e-06
4.577502e-06 -2.653051e-06
-1.030072e-06 -4.652642e-06
-4.398949e-06 -5.808730e-07
-2.082945e-06 3.607097e-06
2.262809e-06 3.152183e-06
3.509275e-06 -6.357693e-07
8.707343e-07 -3.115864e-06
-2.172431e-06 -1.929216e-06
-2.394862e-06 9.879374e-07
-1.438025e-07 2.290594e-06
1.748761e-06 9.995842e-07
1.444105e-06 -9.700014e-07
-1.902838e-07 -1.451730e-06
-1.124411e-06 -3.780469e-07
-6.253960e-07 6.634205e-07
2.807367e-07 5.915335e-07
4.331255e-07 -9.459859e-08
-7.928909e-08 -3.226732e-07
-3.436211e-07 1.048336e-07
3.839070e-08 4.503528e-07
5.151058e-07 1.619710e-07
4.209030e-07 -4.252543e-07
-1.649744e-07 -5.988402e-07
-5.856190e-07 -1.698501e-07
-4.295200e-07 3.730559e-07
6.145275e-08 5.014456e-07
3.754529e-07 2.013697e-07
3.070928e-07 -1.436998e-07
6.079347e-08 -2.440883e-07
-9.166274e-08 -1.440097e-07
-9.817518e-08 -3.876669e-08
-7.322405e-08 -8.469979e-09
-8.517534e-08 1.200235e-08
-8.319473e-08 7.702959e-08
-6.869420e-09 1.365047e-07
1.069827e-07 1.072595e-07
