6.054093e-07 -2.243306e-06
-1.955946e-06 -2.213515e-06
-3.429364e-06 5.217747e-07
-1.518141e-06 3.491739e-06
2.267440e-06 3.237534e-06
3.912752e-06 -2.787213e-07
1.671702e-06 -3.359415e-06
-1.903927e-06 -2.906830e-06
-3.110874e-06 1.611173e-07
-1.234057e-06 2.392838e-06
1.198700e-06 1.875901e-06
1.737579e-06 -8.598616e-08
5.492565e-07 -1.133382e-06
-5.040266e-07 -6.393236e-07
-4.083605e-07 1.602161e-07
1.456923e-07 1.760673e-07
1.472913e-07 -2.851167e-07
-3.510468e-07 -3.196440e-07
-5.391210e-07 2.206618e-07
-7.047412e-08 6.330391e-07
5.204240e-07 3.821437e-07
5.696002e-07 -2.426403e-07
7.938225e-08 -5.619303e-07
-3.850228e-07 -3.182064e-07
-4.003298e-07 1.336778e-07
-8.225785e-08 3.305493e-07
1.770718e-07 1.896456e-07
1.794864e-07 -2.955898e-08
4.757585e-08 -9.984466e-08
-2.085319e-08 -4.283542e-08
6.683974e-09 -7.003074e-09
2.254964e-08 -4.576291e-08
-3.707177e-08 -7.599345e-08
-1.068633e-07 -1.874899e-08
-8.817766e-08 8.634275e-08
1.962871e-08 1.286108e-07
1.150352e-07 5.936857e-08
1.097363e-07 -5.425459e-08
2.045392e-08 -1.081099e-07
-6.168208e-08 -7.021923e-08
-7.407097e-08 2.163760e-09
-3.528478e-08 4.038002e-08
-1.000876e-09 3.435763e-08
6.236129e-09 2.029245e-08
7.852469e-09 2.096305e-08
2.371685e-08 2.125664e-08
4.062024e-08 3.513486e-10
3.254442e-08 -3.295004e-08
-2.246641e-09 -4.854898e-08
-3.676089e-08 -3.061792e-08
-4.428272e-08 5.801198e-09
-2.332924e-08 3.218718e-08
5.687770e-09 3.327316e-08
2.198368e-08 1.605044e-08
2.055878e-08 -1.961769e-09
1.093802e-08 -9.779838e-09
3.904286e-09 -9.527723e-09
1.028909e-09 -8.811890e-09
-2.756399e-09 -9.545806e-09
-8.795648e-09 -7.033301e-09
-1.151131e-08 6.696374e-10
