6.573026e-07 6.968896e-07
1.069887e-06 -3.156781e-07
1.887527e-07 -1.225441e-06
-1.126137e-06 -7.331374e-07
-1.212414e-06 7.654364e-07
1.618647e-07 1.489732e-06
1.407674e-06 5.579685e-07
1.135051e-06 -9.192725e-07
-1.980027e-07 -1.315506e-06
-1.045534e-06 -4.302610e-07
-7.031681e-07 5.295075e-07
8.496865e-08 5.993930e-07
3.280547e-07 8.310494e-08
4.475719e-09 -1.497088e-07
-1.831723e-07 1.212788e-07
1.040383e-07 3.456878e-07
4.515343e-07 9.398161e-08
3.517938e-07 -3.703217e-07
-1.184872e-07 -5.006641e-07
-4.508898e-07 -1.696586e-07
-3.474616e-07 2.421088e-07
-1.295203e-09 3.503345e-07
2.195548e-07 1.596563e-07
1.856526e-07 -5.668811e-08
4.722061e-08 -1.142158e-07
-2.276598e-08 -5.998203e-08
-1.160808e-08 -2.359969e-08
-7.199683e-09 -3.907199e-08
-4.742511e-08 -4.296728e-08
-8.025518e-08 8.248268e-09
-4.890972e-08 7.460839e-08
2.935268e-08 8.590405e-08
8.257865e-08 2.715934e-08
6.452307e-08 -4.603084e-08
-1.238491e-10 -6.928524e-08
-4.822654e-08 -3.284155e-08
-4.388578e-08 1.822913e-08
-6.179008e-09 3.703481e-08
2.185784e-08 1.871948e-08
2.008557e-08 -6.822804e-09
3.035933e-09 -1.429989e-08
-6.401488e-09 -5.928815e-09
-3.172811e-09 1.201732e-09
1.449545e-09 -1.035757e-09
-1.637850e-09 -5.837715e-09
-9.260819e-09 -3.608295e-09
-1.168304e-08 6.447456e-09
-3.390744e-09 1.594638e-08
1.128107e-08 1.501209e-08
2.058664e-08 1.348925e-09
1.496147e-08 -1.564877e-08
-2.686944e-09 -2.147167e-08
-1.753396e-08 -1.062829e-08
-1.707788e-08 6.615185e-09
-4.141376e-09 1.475178e-08
7.401111e-09 9.354984e-09
8.604527e-09 -5.600813e-10
2.816147e-09 -5.185050e-09
-2.261999e-09 -3.518381e-09
-3.685824e-09 2.832366e-10
-2.184304e-09 3.790820e-09
