1.358208e-07 -4.069200e-07
-3.754275e-07 -4.755293e-07
-8.283461e-07 9.052148e-08
-4.771421e-07 1.004030e-06
7.751412e-07 1.201068e-06
1.762800e-06 -2.634392e-08
1.080690e-06 -1.778171e-06
-1.051371e-06 -2.102841e-06
-2.536131e-06 -2.400338e-07
-1.598505e-06 2.118012e-06
9.886025e-07 2.473155e-06
2.550982e-06 3.952677e-07
1.514370e-06 -1.887144e-06
-8.237261e-07 -2.034577e-06
-1.914069e-06 -2.142709e-07
-9.102976e-07 1.352028e-06
6.511280e-07 1.149231e-06
1.006961e-06 -8.120206e-08
2.081116e-07 -6.782900e-07
-3.836805e-07 -2.186448e-07
-8.383854e-08 2.779975e-07
3.824317e-07 -2.929953e-10
1.198546e-07 -5.708491e-07
-6.345720e-07 -4.576001e-07
-8.569141e-07 4.089137e-07
-1.065084e-07 1.068480e-06
9.009089e-07 7.170043e-07
1.128038e-06 -3.557518e-07
3.485851e-07 -1.118075e-06
-6.794614e-07 -8.915125e-07
-1.036167e-06 3.067066e-08
-5.131033e-07 7.661656e-07
2.830779e-07 7.275026e-07
6.015359e-07 1.314937e-07
2.943159e-07 -3.177660e-07
-1.109246e-07 -2.206235e-07
-8.529902e-08 1.061148e-07
2.454805e-07 8.109807e-08
2.764563e-07 -3.457503e-07
-2.384822e-07 -5.683383e-07
-7.550399e-07 -1.065702e-07
-5.553656e-07 6.726758e-07
3.025440e-07 8.908582e-07
9.422754e-07 2.159470e-07
6.662755e-07 -6.795538e-07
-2.213209e-07 -8.725162e-07
-7.830887e-07 -2.374499e-07
-5.277044e-07 4.801189e-07
1.212897e-07 5.806654e-07
4.417797e-07 1.451988e-07
2.464850e-07 -2.281273e-07
-5.943790e-08 -2.037140e-07
-1.024543e-07 -3.273184e-10
3.553979e-08 3.609548e-08
5.345981e-08 -9.789010e-08
-1.106087e-07 -1.370930e-07
-2.214039e-07 3.837816e-08
-9.358556e-08 2.377326e-07
1.583423e-07 2.177907e-07
2.676371e-07 -1.286502e-08
1.312716e-07 -2.176103e-07
