-1.141062e-05 2.833215e-05
1.948715e-05 3.156556e-05
3.783903e-05 3.549305e-06
2.179243e-05 -2.223895e-05
9.548415e-07 -1.694641e-05
7.376768e-06 -6.751498e-06
1.522844e-05 -2.658433e-05
-1.786458e-05 -4.959903e-05
-6.867745e-05 -1.956927e-05
-6.489713e-05 5.496802e-05
1.241471e-05 9.240185e-05
8.809275e-05 3.918626e-05
7.803175e-05 -5.509097e-05
-8.162765e-06 -9.125166e-05
-7.796461e-05 -3.554101e-05
-6.337397e-05 4.627304e-05
8.342090e-06 6.997067e-05
5.716950e-05 2.392807e-05
4.221935e-05 -3.238644e-05
-5.720994e-06 -4.401660e-05
-3.295197e-05 -1.388459e-05
-2.204534e-05 1.662114e-05
2.658442e-06 2.005164e-05
1.302491e-05 4.763610e-06
6.005501e-06 -6.386542e-06
-2.972310e-06 -4.311156e-06
-2.970462e-06 2.405923e-06
2.571470e-06 3.326086e-06
4.643899e-06 -1.682713e-06
5.556239e-07 -5.371427e-06
-4.525064e-06 -3.162965e-06
-4.880010e-06 2.254286e-06
-5.030094e-07 5.032107e-06
3.759552e-06 2.729186e-06
3.829454e-06 -1.720361e-06
3.395048e-07 -3.732268e-06
-2.733018e-06 -1.862300e-06
-2.566609e-06 1.296873e-06
-8.839767e-08 2.444499e-06
1.727953e-06 1.032592e-06
1.355276e-06 -8.059747e-07
-7.177331e-08 -1.144012e-06
-6.960539e-07 -2.503219e-07
-1.970509e-07 3.480583e-07
2.868569e-07 1.017402e-08
-3.753440e-08 -4.596710e-07
-6.388524e-07 -1.778970e-07
-5.608296e-07 5.928313e-07
2.473234e-07 8.731146e-07
8.998230e-07 2.663754e-07
6.995275e-07 -5.908842e-07
-8.945861e-08 -8.444084e-07
-6.569217e-07 -3.623086e-07
-5.702062e-07 2.695439e-07
-1.020692e-07 4.913213e-07
2.364221e-07 2.892358e-07
2.546000e-07 1.593620e-08
1.297726e-07 -8.867952e-08
6.479228e-08 -7.944706e-08
5.595713e-08 -1.008695e-07
-9.004050e-09 -1.567818e-07
