-5.181364e-12 1.567342e-13
2.078926e-12 4.500703e-11
7.158415e-11 -2.035432e-11
-8.026645e-13 -1.204236e-10
-1.516667e-10 -6.583864e-11
-1.545465e-10 1.306607e-10
5.226963e-11 2.214969e-10
2.325631e-10 5.522023e-11
1.491008e-10 -1.841954e-10
-1.020877e-10 -1.993448e-10
-2.036355e-10 2.059564e-11
-3.977907e-11 1.810537e-10
1.525152e-10 8.008157e-11
1.128049e-10 -1.251019e-10
-9.167433e-11 -1.453860e-10
-1.718826e-10 4.314886e-11
-1.895280e-11 1.784664e-10
1.562890e-10 8.043606e-11
1.236446e-10 -1.101483e-10
-5.611001e-11 -1.395934e-10
-1.332137e-10 1.063810e-11
-1.988590e-11 1.180675e-10
1.051274e-10 4.130417e-11
6.418160e-11 -9.442951e-11
-7.606614e-11 -9.260683e-11
-1.181086e-10 4.002628e-11
-1.239764e-11 1.240517e-10
9.823440e-11 6.477791e-11
9.358586e-11 -4.472024e-11
1.467504e-11 -8.362214e-11
-3.993215e-11 -5.200454e-11
-5.077040e-11 -1.337284e-11
-4.785046e-11 1.686019e-11
-2.576149e-11 4.902395e-11
2.484216e-11 5.202912e-11
5.301031e-11 2.103102e-12
1.269748e-11 -4.054495e-11
-3.604136e-11 -5.956964e-12
7.605720e-13 5.226610e-11
8.200387e-11 1.420636e-11
5.928160e-11 -1.018533e-10
-8.807027e-11 -1.213784e-10
-1.724179e-10 3.309712e-11
-4.825885e-11 1.857931e-10
1.518937e-10 1.264733e-10
1.734217e-10 -8.331660e-11
-7.296628e-12 -1.770597e-10
-1.463487e-10 -4.960136e-11
-7.542673e-11 1.041079e-10
7.240245e-11 7.741853e-11
7.474310e-11 -5.938931e-11
-5.577909e-11 -8.409722e-11
-1.075725e-10 4.316946e-11
8.665785e-12 1.310113e-10
1.341270e-10 4.435065e-11
9.701987e-11 -1.053477e-10
-5.080915e-11 -1.268905e-10
-1.223865e-10 -8.861400e-12
-5.138254e-11 8.963655e-11
4.737763e-11 6.588645e-11
5.732405e-11 -1.443503e-11
