-1.324733e-06 -1.447880e-06
-2.394753e-06 4.212814e-07
-1.032232e-06 2.596981e-06
1.838205e-06 2.393636e-06
3.076605e-06 -4.041472e-07
1.152408e-06 -2.847969e-06
-1.842578e-06 -2.304645e-06
-2.718582e-06 4.391155e-07
-8.770142e-07 2.329271e-06
1.366540e-06 1.675713e-06
1.764873e-06 -2.738262e-07
5.035520e-07 -1.284589e-06
-6.139105e-07 -7.497985e-07
-5.670254e-07 1.336428e-07
9.404800e-09 2.597644e-07
1.098341e-07 -1.398314e-07
-2.826032e-07 -2.058960e-07
-4.308500e-07 2.450974e-07
2.326392e-09 5.842625e-07
5.314693e-07 3.181212e-07
5.435700e-07 -2.789270e-07
5.217644e-08 -5.676759e-07
-3.994443e-07 -3.126668e-07
-4.086434e-07 1.387285e-07
-9.016791e-08 3.383272e-07
1.753116e-07 2.034238e-07
1.900298e-07 -1.806127e-08
6.350769e-08 -1.020891e-07
-1.481814e-08 -5.736744e-08
-3.010458e-09 -1.850098e-08
8.566604e-09 -4.196495e-08
-3.937146e-08 -6.179638e-08
-9.491466e-08 -1.027344e-08
-7.468702e-08 7.999379e-08
2.169922e-08 1.140443e-07
1.053920e-07 4.955441e-08
9.771560e-08 -5.381894e-08
1.313161e-08 -1.014550e-07
-6.429890e-08 -6.235667e-08
-7.350052e-08 1.056423e-08
-2.978217e-08 4.902828e-08
1.079013e-08 3.866609e-08
1.954920e-08 1.481532e-08
1.384868e-08 6.855220e-09
1.796728e-08 7.160429e-09
2.758669e-08 -5.196360e-09
2.091457e-08 -2.867194e-08
-7.283014e-09 -3.962301e-08
-3.590469e-08 -2.249199e-08
-4.049229e-08 1.130063e-08
-1.802780e-08 3.542952e-08
1.235209e-08 3.377459e-08
2.852132e-08 1.232483e-08
2.351974e-08 -9.671946e-09
7.757041e-09 -1.780032e-08
-3.897967e-09 -1.295098e-08
-6.300264e-09 -5.816673e-09
-5.241462e-09 -3.135050e-09
-6.426183e-09 -2.059911e-09
-7.744577e-09 1.946497e-09
-4.696607e-09 6.670577e-09
