-4.044579e-09 4.055199e-09
9.514313e-09 6.589461e-08
7.305745e-08 3.369928e-08
7.460979e-08 -4.696768e-08
1.437034e-09 -8.897278e-08
-6.875718e-08 -4.666665e-08
-6.611948e-08 2.717347e-08
-1.130884e-08 5.457628e-08
2.569613e-08 2.771577e-08
1.977622e-08 -7.938112e-10
5.871092e-09 -6.208635e-10
1.235716e-08 5.104301e-09
2.145009e-08 -9.490650e-09
6.360113e-09 -2.936828e-08
-2.272455e-08 -2.396447e-08
-3.237833e-08 5.565052e-09
-1.224198e-08 2.766855e-08
1.393027e-08 2.201600e-08
2.102305e-08 7.236773e-10
9.591625e-09 -1.265741e-08
-3.075223e-09 -1.067345e-08
-6.465137e-09 -2.850160e-09
-3.754740e-09 1.310417e-09
-1.515577e-09 1.431175e-09
-1.175971e-09 1.268915e-09
-6.632945e-10 2.021081e-09
8.769916e-10 2.260284e-09
2.288311e-09 1.076071e-09
2.373117e-09 -8.463599e-10
1.032789e-09 -2.243988e-09
-9.177591e-10 -2.229525e-09
-2.214976e-09 -7.395220e-10
-1.861435e-09 1.212994e-09
-1.049537e-10 2.052222e-09
1.471843e-09 1.090312e-09
1.444505e-09 -5.960580e-10
1.229632e-10 -1.263018e-09
-8.548442e-10 -4.798412e-10
-5.342310e-10 5.037207e-10
3.224685e-10 4.756566e-10
4.592067e-10 -2.556518e-10
-1.836540e-10 -5.183794e-10
-5.852600e-10 3.328546e-11
-1.777631e-10 5.730281e-10
4.480509e-10 3.727265e-10
4.805967e-10 -2.456840e-10
-3.477923e-11 -4.801910e-10
-3.990237e-10 -1.299085e-10
-2.307804e-10 2.814247e-10
1.583997e-10 2.776535e-10
2.839255e-10 -4.085519e-11
6.684642e-11 -2.530247e-10
-1.843565e-10 -1.524189e-10
-1.964376e-10 8.810888e-11
-9.176046e-12 1.875016e-10
1.361530e-10 7.648274e-11
9.847479e-11 -7.238411e-11
-2.652138e-11 -8.579361e-11
-6.532577e-11 9.076629e-12
6.945616e-12 5.819451e-11
6.451285e-11 1.099483e-12
