1.410334e-12 1.364852e-11
1.554161e-10 6.633745e-11
1.551678e-10 -1.539679e-10
-9.409608e-11 -2.441242e-10
-2.936922e-10 -1.390085e-11
-1.370030e-10 2.825205e-10
2.152859e-10 2.388852e-10
2.965793e-10 -1.157728e-10
-1.275961e-11 -3.070638e-10
-2.834959e-10 -7.316825e-11
-1.364351e-10 2.447589e-10
2.038745e-10 1.845700e-10
2.290156e-10 -1.613704e-10
-1.074728e-10 -2.742367e-10
-3.122517e-10 3.162057e-11
-6.731282e-11 3.261842e-10
2.999630e-10 1.769598e-10
2.753794e-10 -2.274252e-10
-1.159895e-10 -3.392041e-10
-3.511869e-10 -1.497261e-11
-1.384322e-10 3.054323e-10
2.109896e-10 2.257239e-10
2.553550e-10 -9.288007e-11
1.318089e-11 -2.235016e-10
-1.500213e-10 -7.448451e-11
-7.835822e-11 7.241478e-11
2.696443e-11 4.096433e-11
-1.361105e-12 -2.734607e-11
-5.626684e-11 1.551002e-11
-5.601452e-12 7.843026e-11
6.743700e-11 3.813751e-11
4.565832e-11 -2.744387e-11
7.290365e-12 -8.543462e-12
5.688801e-11 3.700194e-12
7.580864e-11 -1.046223e-10
-8.792421e-11 -1.830291e-10
-2.693596e-10 -8.002509e-12
-1.522125e-10 2.818480e-10
2.039563e-10 2.836006e-10
3.467340e-10 -6.680564e-11
6.991743e-11 -3.246655e-10
-2.467678e-10 -1.551845e-10
-1.770087e-10 1.662310e-10
1.228342e-10 1.653353e-10
1.659501e-10 -1.170931e-10
-1.137687e-10 -2.045697e-10
-2.671825e-10 7.138044e-11
-2.447682e-11 3.104050e-10
2.933155e-10 1.483479e-10
2.510345e-10 -2.069321e-10
-8.055170e-11 -2.916020e-10
-2.618719e-10 -3.772120e-11
-1.104741e-10 1.875584e-10
1.083292e-10 1.296846e-10
1.142277e-10 -5.312247e-11
-2.739910e-11 -9.185641e-11
-8.047677e-11 1.775860e-11
6.762894e-12 8.066824e-11
8.118438e-11 1.401517e-11
4.039023e-11 -7.044278e-11
-4.522924e-11 -6.103017e-11
