2.188337e-10 -1.978774e-09
-4.656711e-08 -4.302745e-08
-5.607534e-08 1.254762e-08
-1.734099e-08 4.483718e-08
2.128269e-08 2.952796e-08
2.366391e-08 -1.255711e-09
5.689146e-09 -9.573492e-09
9.416739e-10 -1.096020e-10
1.018674e-08 -1.208855e-09
7.814872e-09 -1.614950e-08
-1.270556e-08 -1.958911e-08
-2.645693e-08 9.059530e-10
-1.338310e-08 2.397127e-08
1.303748e-08 2.314153e-08
2.414270e-08 1.023714e-09
1.179187e-08 -1.701759e-08
-6.358815e-09 -1.538448e-08
-1.221002e-08 -2.371330e-09
-6.002512e-09 5.954065e-09
8.011817e-10 4.908563e-09
1.879073e-09 1.068380e-09
1.756240e-10 2.095523e-10
1.712886e-10 1.409513e-09
1.875862e-09 1.270901e-09
2.555914e-09 -7.905661e-10
1.008519e-09 -2.588599e-09
-1.356175e-09 -2.323539e-09
-2.476375e-09 -3.422773e-10
-1.606529e-09 1.594876e-09
3.094700e-10 1.990110e-09
1.600094e-09 7.521664e-10
1.286751e-09 -8.405631e-10
-9.300721e-11 -1.326449e-09
-1.062597e-09 -4.458812e-10
-7.433233e-10 6.765346e-10
2.795444e-10 8.353690e-10
7.658104e-10 6.326639e-11
3.026412e-10 -5.840335e-10
-3.591221e-10 -4.106106e-10
-4.034859e-10 1.671894e-10
5.364373e-11 3.419946e-10
2.949094e-10 -6.680104e-12
2.897428e-11 -2.921836e-10
-3.063694e-10 -1.051796e-10
-2.265255e-10 2.782857e-10
1.672775e-10 3.434120e-10
3.869332e-10 1.219694e-11
1.945636e-10 -3.190475e-10
-1.613270e-10 -3.039387e-10
-3.016397e-10 -1.733351e-11
-1.433673e-10 2.072816e-10
8.143922e-11 1.803801e-10
1.428240e-10 1.425027e-11
5.045716e-11 -7.716084e-11
-2.873783e-11 -3.749033e-11
-8.473895e-12 1.782886e-11
3.604797e-11 -5.093412e-12
1.013296e-11 -5.858948e-11
-6.115451e-11 -4.600124e-11
-8.004198e-11 3.327195e-11
-1.595200e-11 8.869740e-11
