-1.436635e-07 2.907755e-07
3.196580e-07 3.214858e-07
5.579165e-07 -2.263101e-07
4.488787e-08 -7.409604e-07
-7.286892e-07 -4.310564e-07
-7.644723e-07 4.705448e-07
6.176144e-08 8.896345e-07
7.720230e-07 3.245783e-07
5.581628e-07 -5.034970e-07
-2.167339e-07 -6.187983e-07
-5.706793e-07 -6.350753e-09
-1.623615e-07 4.858571e-07
3.883819e-07 2.857665e-07
3.899100e-07 -2.591043e-07
-8.364839e-08 -4.456572e-07
-4.121996e-07 -1.091074e-07
-2.558362e-07 2.849597e-07
1.125842e-07 3.049711e-07
2.563424e-07 3.267165e-08
1.035438e-07 -1.596198e-07
-7.598095e-08 -1.039589e-07
-7.521946e-08 3.732326e-08
3.384327e-08 5.910749e-08
6.924555e-08 -3.329341e-08
-1.116950e-08 -8.917933e-08
-9.224187e-08 -3.180532e-08
-7.395124e-08 6.450074e-08
1.464695e-08 9.107628e-08
7.421243e-08 3.327763e-08
5.696738e-08 -3.512170e-08
2.708398e-09 -5.043496e-08
-2.647659e-08 -2.046353e-08
-1.603577e-08 5.889285e-09
1.728678e-09 3.125184e-09
-1.475622e-09 -1.068131e-08
-1.808278e-08 -8.037808e-09
-2.258704e-08 1.192388e-08
-6.319853e-09 2.733619e-08
1.544101e-08 2.319313e-08
2.526223e-08 5.701703e-09
2.078000e-08 -1.072808e-08
9.304055e-09 -1.937147e-08
-3.976407e-09 -2.030337e-08
-1.579930e-08 -1.300792e-08
-1.980534e-08 1.305708e-09
-1.157113e-08 1.393840e-08
2.433898e-09 1.482582e-08
9.340173e-09 5.315349e-09
5.227041e-09 -2.338538e-09
-3.509635e-10 -6.258070e-10
1.924014e-09 4.002554e-09
8.430574e-09 1.307765e-09
8.339825e-09 -8.075697e-09
-1.409048e-09 -1.354605e-08
-1.231578e-08 -8.029219e-09
-1.447561e-08 4.419736e-09
-6.110731e-09 1.397489e-08
6.633102e-09 1.383674e-08
1.507441e-08 3.930873e-09
1.286809e-08 -9.459747e-09
3.769903e-10 -1.641691e-08
