-2.089139e-12 -2.099044e-12
-3.070288e-11 1.727665e-11
5.973857e-12 4.300084e-11
4.575420e-11 1.762706e-11
4.193285e-11 -2.947817e-11
2.342313e-12 -5.037732e-11
-3.414796e-11 -3.309651e-11
-4.381855e-11 7.909599e-13
-2.920208e-11 2.756248e-11
-4.065643e-12 3.663651e-11
1.818798e-11 2.850751e-11
2.904008e-11 1.064890e-11
2.746818e-11 -7.559938e-12
1.739286e-11 -2.054464e-11
2.407753e-12 -2.606155e-11
-1.341726e-11 -2.167114e-11
-2.255225e-11 -7.888225e-12
-1.960637e-11 7.101999e-12
-9.296259e-12 1.380415e-11
-1.478949e-12 1.249865e-11
1.702813e-12 1.097644e-11
6.366042e-12 1.135293e-11
1.412003e-11 7.184504e-12
1.707214e-11 -4.355288e-12
9.129047e-12 -1.510455e-11
-3.978763e-12 -1.544181e-11
-1.112836e-11 -6.555759e-12
-8.988372e-12 1.857010e-12
-3.937586e-12 3.881966e-12
-2.179092e-12 2.608998e-12
-2.632322e-12 3.335439e-12
-7.514116e-13 5.843463e-12
3.932509e-12 5.719276e-12
7.078769e-12 1.289145e-12
5.519514e-12 -3.929848e-12
1.018057e-12 -5.857400e-12
-2.703013e-12 -4.249285e-12
-4.152793e-12 -1.304173e-12
-3.677844e-12 1.606950e-12
-1.344711e-12 3.638654e-12
2.002892e-12 3.140556e-12
3.417790e-12 -1.036623e-13
1.143114e-12 -2.715675e-12
-1.823862e-12 -1.520390e-12
-1.332453e-12 1.323779e-12
1.402452e-12 1.120581e-12
1.384429e-12 -1.811308e-12
-1.972826e-12 -2.282218e-12
-3.427465e-12 1.326915e-12
-1.939157e-13 4.036090e-12
3.477673e-12 1.946691e-12
2.933007e-12 -1.857478e-12
-8.027955e-14 -2.556516e-12
-1.158342e-12 -7.759776e-13
-3.037248e-13 -1.954109e-13
-5.510073e-13 -9.159654e-13
-1.826513e-12 -1.921823e-13
-1.294558e-12 1.782801e-12
1.008953e-12 1.900290e-12
1.772386e-12 -2.485289e-13
-3.633222e-15 -1.369808e-12
