-5.821896e-05 -1.628292e-06
-4.685869e-05 6.293832e-05
3.067030e-05 9.248514e-05
1.084233e-04 3.250998e-05
9.833744e-05 -7.685868e-05
-5.079512e-06 -1.321115e-04
-1.119647e-04 -7.652966e-05
-1.284889e-04 4.213955e-05
-4.575698e-05 1.229031e-04
6.135864e-05 1.074095e-04
1.112944e-04 2.287407e-05
8.343667e-05 -5.888560e-05
1.583925e-05 -8.937016e-05
-4.372811e-05 -6.826978e-05
-7.116377e-05 -2.045679e-05
-6.304961e-05 2.966222e-05
-2.554283e-05 6.197330e-05
2.408903e-05 6.016689e-05
5.740707e-05 2.335532e-05
5.237518e-05 -2.489292e-05
1.443480e-05 -5.076049e-05
-2.579607e-05 -3.876401e-05
-3.951796e-05 -4.368196e-06
-2.358106e-05 2.280143e-05
2.023554e-06 2.601299e-05
1.626251e-05 1.153114e-05
1.408618e-05 -3.586805e-06
4.600440e-06 -8.870631e-06
-1.940601e-06 -6.035627e-06
-2.959338e-06 -2.084298e-06
-1.995607e-06 -7.322104e-07
-2.209270e-06 -5.587615e-07
-2.952009e-06 9.160922e-07
-1.816656e-06 3.346677e-06
1.511682e-06 4.020458e-06
4.325786e-06 1.409686e-06
3.782074e-06 -2.602207e-06
1.657464e-07 -4.439575e-06
-3.241609e-06 -2.562363e-06
-3.550350e-06 1.003847e-06
-1.074497e-06 2.961109e-06
1.438749e-06 2.107323e-06
1.932654e-06 5.564064e-08
8.276910e-07 -1.044843e-06
-1.689325e-07 -7.656633e-07
-2.529829e-07 -2.035019e-07
-3.264494e-08 -1.857499e-07
-2.322907e-07 -3.715228e-07
-6.313879e-07 -9.131365e-08
-5.269105e-07 5.475608e-07
1.716962e-07 7.946306e-07
7.590444e-07 2.863669e-07
6.126861e-07 -4.659233e-07
-7.120343e-08 -6.983040e-07
-5.606515e-07 -2.621873e-07
-4.357363e-07 2.994847e-07
3.392792e-08 4.351660e-07
3.126072e-07 1.465367e-07
2.073775e-07 -1.518905e-07
-3.011259e-08 -1.715486e-07
-1.002176e-07 -1.485770e-08
