7.217220e-08 1.292597e-07
2.045440e-07 2.236136e-08
1.766772e-07 -2.041526e-07
-8.708839e-08 -3.242717e-07
-3.760469e-07 -1.274026e-07
-3.539601e-07 2.738562e-07
3.570812e-08 4.802282e-07
4.317086e-07 2.416729e-07
4.311481e-07 -2.211863e-07
5.228658e-08 -4.475389e-07
-2.982545e-07 -2.582983e-07
-3.107868e-07 7.791922e-08
-9.066598e-08 2.157202e-07
6.029485e-08 1.303360e-07
5.021041e-08 4.664308e-08
4.149869e-08 6.978665e-08
1.348664e-07 6.196175e-08
1.899643e-07 -9.269352e-08
4.153771e-08 -2.577491e-07
-2.173053e-07 -2.007079e-07
-3.060321e-07 7.861726e-08
-1.009070e-07 3.068005e-07
2.011369e-07 2.472865e-07
3.036904e-07 -3.269250e-08
1.310248e-07 -2.531589e-07
-1.234434e-07 -2.281089e-07
-2.282471e-07 -2.649415e-08
-1.332989e-07 1.452979e-07
3.006177e-08 1.590338e-07
1.100890e-07 5.585286e-08
7.401677e-08 -3.336941e-08
1.175390e-08 -3.238636e-08
1.868329e-08 7.934099e-09
7.431027e-08 -1.938994e-08
5.587618e-08 -1.257942e-07
-9.776018e-08 -1.737110e-07
-2.564456e-07 -2.902119e-08
-2.060458e-07 2.311255e-07
8.143853e-08 3.401268e-07
3.499127e-07 1.341516e-07
3.132878e-07 -2.187682e-07
-7.537005e-09 -3.706808e-07
-2.886219e-07 -1.820535e-07
-2.684941e-07 1.238617e-07
-3.168555e-08 2.353983e-07
1.326965e-07 1.079859e-07
9.398236e-08 -3.763198e-08
-4.683091e-09 -3.401826e-08
8.579159e-09 3.680415e-08
9.222502e-08 6.431752e-09
7.461730e-08 -1.169152e-07
-7.927258e-08 -1.549320e-07
-1.976412e-07 -1.316924e-08
-1.210688e-07 1.731824e-07
8.649034e-08 1.965413e-07
2.078214e-07 2.800164e-08
1.251055e-07 -1.530960e-07
-5.864890e-08 -1.704952e-07
-1.548975e-07 -3.570954e-08
-9.577844e-08 9.527692e-08
2.383086e-08 1.073896e-07
