3.524549e-06 -9.696640e-06
-9.308003e-06 -2.181903e-05
-4.019301e-05 -1.208004e-05
-5.101012e-05 3.663478e-05
-1.325111e-06 8.325548e-05
8.032168e-05 6.044504e-05
1.074212e-04 -3.358144e-05
3.658067e-05 -1.125933e-04
-7.101095e-05 -9.434071e-05
-1.122885e-04 4.533740e-06
-5.412499e-05 8.700859e-05
3.721455e-05 8.163921e-05
7.472533e-05 1.095185e-05
3.942944e-05 -4.673678e-05
-1.586351e-05 -4.493064e-05
-3.537530e-05 -5.588119e-06
-1.485896e-05 2.150967e-05
1.036997e-05 1.575401e-05
1.341605e-05 -3.684698e-06
-6.530576e-09 -1.091984e-05
-8.876257e-06 -2.463054e-06
-4.453587e-06 6.777132e-06
4.288307e-06 5.783286e-06
6.121353e-06 -1.635412e-06
6.960728e-07 -5.468533e-06
-4.144441e-06 -2.349028e-06
-3.230530e-06 2.550301e-06
9.974450e-07 3.431591e-06
3.108853e-06 3.226482e-07
1.302561e-06 -2.426258e-06
-1.543763e-06 -1.891397e-06
-2.086336e-06 6.129345e-07
-2.313559e-07 1.926929e-06
1.489264e-06 8.770207e-07
1.243213e-06 -8.850857e-07
-2.564996e-07 -1.300822e-06
-1.095689e-06 -2.524007e-07
-5.462974e-07 7.459229e-07
3.962091e-07 6.200786e-07
5.541028e-07 -1.496727e-07
-2.355155e-08 -4.590313e-07
-4.069876e-07 -3.944987e-08
-1.146869e-07 3.966510e-07
3.720770e-07 2.367169e-07
3.773369e-07 -2.752780e-07
-9.332764e-08 -4.690933e-07
-4.526766e-07 -1.287015e-07
-3.120912e-07 3.165792e-07
1.072181e-07 3.881636e-07
3.358163e-07 9.387820e-08
2.121677e-07 -1.926884e-07
-3.404316e-08 -2.180394e-07
-1.390367e-07 -6.865628e-08
-8.506935e-08 3.940600e-08
-1.977568e-08 3.696911e-08
-2.217410e-08 1.450347e-08
-3.435905e-08 4.367389e-08
1.209192e-08 8.099791e-08
8.644303e-08 5.024880e-08
1.017183e-07 -4.177722e-08
2.923452e-08 -1.088101e-07
