-3.851688e-10 1.913427e-10
4.410522e-11 1.034352e-09
-1.537103e-09 -2.103146e-09
-5.263867e-09 2.214987e-10
-3.904096e-09 5.776890e-09
2.473533e-09 7.367270e-09
7.352263e-09 2.595070e-09
6.119986e-09 -3.836543e-09
7.347335e-10 -6.195716e-09
-3.499552e-09 -3.605191e-09
-3.718547e-09 3.270985e-10
-1.377607e-09 2.068315e-09
4.577102e-10 1.288093e-09
4.472088e-10 3.139728e-11
-3.829588e-10 -5.407499e-11
-4.662486e-10 7.681447e-10
4.690540e-10 1.146002e-09
1.351322e-09 3.878551e-10
1.161071e-09 -8.263629e-10
6.704669e-11 -1.324350e-09
-8.644522e-10 -7.460561e-10
-8.868829e-10 1.873876e-10
-2.698210e-10 5.931794e-10
2.067423e-10 3.480536e-10
1.874901e-10 -1.962431e-12
-2.208236e-11 -3.131171e-11
-2.115969e-11 1.306025e-10
1.711131e-10 1.320652e-10
2.456322e-10 -8.743703e-11
6.535373e-11 -2.643610e-10
-1.758188e-10 -1.901703e-10
-2.252837e-10 3.992307e-11
-6.880487e-11 1.761947e-10
9.383749e-11 1.129509e-10
1.045368e-10 -2.808168e-11
4.505395e-12 -7.918538e-11
-6.085221e-11 -1.798426e-11
-3.016181e-11 4.806700e-11
2.890941e-11 4.133282e-11
3.881385e-11 -3.741414e-12
1.092604e-11 -1.864147e-11
2.658697e-12 -1.589589e-12
2.258523e-11 -1.815873e-12
2.555610e-11 -3.384752e-11
-1.229139e-11 -5.593746e-11
-5.765363e-11 -3.204016e-11
-6.522827e-11 2.122048e-11
-2.979034e-11 5.931669e-11
1.756072e-11 5.844263e-11
4.602506e-11 2.849786e-11
4.632704e-11 -6.511574e-12
2.750558e-11 -2.841818e-11
4.936535e-12 -3.254455e-11
-1.096505e-11 -2.540292e-11
-1.959151e-11 -1.510051e-11
-2.400773e-11 -3.324295e-12
-2.244048e-11 1.095549e-11
-1.112483e-11 2.287643e-11
6.120465e-12 2.401076e-11
1.866600e-11 1.330647e-11
2.040453e-11 -9.661377e-13
