3.255670e-06 4.547697e-05
5.168158e-05 3.055703e-05
6.975378e-05 -3.103447e-05
2.021193e-05 -9.242243e-05
-7.445824e-05 -8.700388e-05
-1.348443e-04 7.007983e-06
-8.795889e-05 1.268133e-04
5.156972e-05 1.622248e-04
1.700251e-04 6.110310e-05
1.544639e-04 -1.005712e-04
1.228801e-05 -1.803162e-04
-1.290810e-04 -1.111978e-04
-1.507682e-04 3.321962e-05
-5.580275e-05 1.222192e-04
5.283729e-05 9.882162e-05
8.791968e-05 1.539068e-05
5.128874e-05 -4.396123e-05
1.342100e-06 -4.833385e-05
-2.159178e-05 -2.493145e-05
-2.206396e-05 -6.238318e-06
-1.896978e-05 3.455528e-06
-1.494386e-05 1.350863e-05
-2.382032e-06 2.188351e-05
1.535827e-05 1.726873e-05
2.300009e-05 -1.106805e-06
1.235800e-05 -1.803454e-05
-6.579659e-06 -1.874963e-05
-1.662382e-05 -4.888385e-06
-1.138188e-05 8.959843e-06
6.236871e-07 1.153762e-05
7.413963e-06 4.555125e-06
5.495427e-06 -2.536803e-06
3.964278e-07 -3.684114e-06
-1.588582e-06 -7.927838e-07
1.170472e-07 8.832378e-07
1.609540e-06 -6.159407e-07
1.773605e-07 -2.599013e-06
-2.611135e-06 -1.859048e-06
-3.277495e-06 1.273150e-06
-7.745019e-07 3.484268e-06
2.362870e-06 2.460265e-06
3.041075e-06 -5.758161e-07
9.839927e-07 -2.489866e-06
-1.342856e-06 -1.757908e-06
-1.731523e-06 2.454053e-07
-4.270417e-07 1.257311e-06
7.253700e-07 6.570258e-07
6.295344e-07 -3.438525e-07
-1.258325e-07 -5.274664e-07
-4.327367e-07 1.711796e-09
-7.940036e-08 3.502402e-07
2.733001e-07 1.286111e-07
1.503327e-07 -2.125703e-07
-1.774559e-07 -1.667048e-07
-2.037151e-07 1.515100e-07
9.892840e-08 2.608432e-07
3.027667e-07 2.060596e-09
1.333072e-07 -2.855480e-07
-1.938507e-07 -2.446299e-07
-2.888298e-07 5.588633e-08
-7.534070e-08 2.534942e-07
