-6.370930e-07 2.294750e-07
-2.438683e-07 9.015902e-07
8.235197e-07 9.488160e-07
1.629030e-06 -2.173986e-07
8.982246e-07 -1.874830e-06
-1.308129e-06 -2.164692e-06
-2.947594e-06 -1.141313e-07
-1.919651e-06 2.676716e-06
1.257823e-06 3.289790e-06
3.523001e-06 7.771443e-07
2.532748e-06 -2.472826e-06
-6.465658e-07 -3.258514e-06
-2.761177e-06 -1.098095e-06
-2.044870e-06 1.464036e-06
1.074586e-07 1.982405e-06
1.238368e-06 6.908884e-07
7.416846e-07 -4.096928e-07
9.741017e-09 -3.029867e-07
1.481887e-07 1.211486e-07
5.770112e-07 -2.217658e-07
1.790699e-07 -9.514700e-07
-9.093135e-07 -8.393751e-07
-1.378997e-06 3.677986e-07
-4.706885e-07 1.468365e-06
1.002345e-06 1.232795e-06
1.568968e-06 -1.527582e-07
7.204215e-07 -1.331044e-06
-6.444329e-07 -1.252770e-06
-1.259346e-06 -1.627476e-07
-7.369551e-07 8.201239e-07
2.187621e-07 8.851597e-07
6.628263e-07 2.299331e-07
3.606557e-07 -3.132834e-07
-9.861026e-08 -2.366862e-07
-8.125106e-08 1.304460e-07
3.085047e-07 1.096496e-07
3.743378e-07 -4.035164e-07
-2.262039e-07 -7.249499e-07
-9.077286e-07 -2.318054e-07
-7.785400e-07 7.362314e-07
2.196288e-07 1.134912e-06
1.104417e-06 4.341061e-07
9.383457e-07 -6.892027e-07
-8.244081e-08 -1.090250e-06
-8.730478e-07 -4.497014e-07
-7.151431e-07 4.424227e-07
1.919312e-08 6.816776e-07
4.608134e-07 2.352665e-07
2.863040e-07 -2.171096e-07
-6.971738e-08 -2.095343e-07
-1.190942e-07 4.320956e-08
8.265828e-08 9.428479e-08
1.451621e-07 -1.075717e-07
-6.503042e-08 -2.246982e-07
-2.681450e-07 -4.533079e-08
-1.792142e-07 2.325770e-07
1.178955e-07 2.763279e-07
2.923806e-07 3.604709e-08
1.708374e-07 -2.199115e-07
-9.016927e-08 -2.378830e-07
-2.204057e-07 -4.347444e-08
