2.305404e-08 -2.451258e-07
-2.845873e-07 -1.833335e-07
-3.826027e-07 2.101335e-07
-7.467538e-09 5.297106e-07
5.171930e-07 3.177825e-07
5.891673e-07 -2.945079e-07
7.462043e-08 -6.747320e-07
-5.099682e-07 -4.287579e-07
-6.014546e-07 1.658177e-07
-1.897835e-07 5.245492e-07
2.655775e-07 3.948000e-07
3.853402e-07 2.309685e-08
2.005623e-07 -2.179886e-07
-1.854311e-08 -2.126014e-07
-1.046792e-07 -9.983878e-08
-9.631541e-08 -2.348571e-08
-8.529661e-08 1.016057e-08
-7.846626e-08 5.470559e-08
-3.001032e-08 1.045947e-07
5.607562e-08 1.016926e-07
1.121665e-07 2.739916e-08
8.838066e-08 -6.094702e-08
1.159070e-08 -9.267546e-08
-4.885730e-08 -5.772948e-08
-5.611554e-08 -4.572564e-09
-3.101733e-08 2.177147e-08
-1.139716e-08 2.097452e-08
-6.743385e-09 1.855076e-08
-1.675078e-11 2.458196e-08
1.831557e-08 2.439255e-08
3.379937e-08 5.221814e-09
2.742464e-08 -2.195573e-08
1.422030e-09 -3.359177e-08
-2.216541e-08 -2.070040e-08
-2.587792e-08 2.725350e-09
-1.269277e-08 1.732459e-08
2.745396e-09 1.720298e-08
1.126854e-08 9.080506e-09
1.297098e-08 -2.800052e-10
9.333978e-09 -8.666580e-09
3.257052e-10 -1.312352e-08
-1.008581e-08 -8.972737e-09
-1.316627e-08 2.612294e-09
-5.043046e-09 1.164366e-08
6.398933e-09 9.292540e-09
9.336639e-09 -1.054010e-09
1.896523e-09 -7.261361e-09
-5.839850e-09 -2.834347e-09
-4.156262e-09 5.808275e-09
5.128478e-09 7.433597e-09
1.121388e-08 -1.132617e-09
6.286783e-09 -1.176137e-08
-6.395117e-09 -1.352923e-08
-1.561965e-08 -3.508203e-09
-1.276675e-08 1.025439e-08
2.637663e-11 1.601059e-08
1.170024e-08 9.249263e-09
1.277222e-08 -3.144541e-09
4.249620e-09 -1.000361e-08
-4.370824e-09 -7.019229e-09
-5.618295e-09 5.765952e-11
