-9.140851e-07 -1.011776e-06
-1.701918e-06 2.003622e-07
-9.716763e-07 1.814039e-06
1.096589e-06 2.122276e-06
2.677604e-06 3.308858e-07
1.970631e-06 -2.216280e-06
-7.193937e-07 -3.075617e-06
-2.980169e-06 -1.264219e-06
-2.760092e-06 1.558870e-06
-5.225328e-07 2.901627e-06
1.556620e-06 2.085158e-06
2.169855e-06 4.553410e-07
1.813431e-06 -7.310262e-07
1.246637e-06 -1.564276e-06
1.931242e-07 -2.354107e-06
-1.700913e-06 -2.315141e-06
-3.342935e-06 -4.567735e-07
-2.849654e-06 2.466893e-06
6.836643e-08 4.007211e-06
3.196728e-06 2.522443e-06
3.872471e-06 -8.659685e-07
1.676158e-06 -3.321034e-06
-1.325130e-06 -3.091924e-06
-2.800117e-06 -9.013688e-07
-2.168631e-06 1.234248e-06
-5.295934e-07 1.993540e-06
7.839153e-07 1.480182e-06
1.250685e-06 5.260954e-07
1.104083e-06 -2.412864e-07
7.302330e-07 -7.045517e-07
2.591059e-07 -9.832477e-07
-3.793877e-07 -1.048239e-06
-1.092013e-06 -6.457484e-07
-1.401572e-06 3.284232e-07
-7.935154e-07 1.385281e-06
5.734540e-07 1.617295e-06
1.679187e-06 5.943754e-07
1.500415e-06 -9.618378e-07
1.312457e-07 -1.710135e-06
-1.195144e-06 -1.037418e-06
-1.358856e-06 3.047664e-07
-4.704017e-07 1.057988e-06
4.277613e-07 7.854839e-07
6.094816e-07 1.205137e-07
3.084391e-07 -1.918353e-07
1.292158e-07 -1.300368e-07
1.895786e-07 -1.442339e-07
1.178144e-07 -3.697027e-07
-2.601307e-07 -4.418619e-07
-5.886358e-07 -7.893947e-08
-4.400436e-07 4.508120e-07
1.054887e-07 6.161317e-07
5.276258e-07 2.559834e-07
4.582391e-07 -2.516224e-07
4.915003e-08 -4.405506e-07
-2.680728e-07 -2.351875e-07
-2.619471e-07 6.628873e-08
-6.399311e-08 1.787048e-07
7.312727e-08 9.445515e-08
6.080774e-08 -9.806917e-09
-1.841186e-09 -1.949171e-08
