-2.226450e-07 3.017799e-06
3.275406e-06 2.692766e-06
5.193201e-06 -1.457367e-06
2.048045e-06 -5.978167e-06
-4.139454e-06 -5.524435e-06
-7.097068e-06 3.688912e-07
-3.527604e-06 5.993528e-06
2.907264e-06 5.825293e-06
5.819956e-06 6.068092e-07
3.097312e-06 -3.993934e-06
-1.514607e-06 -3.905686e-06
-3.282316e-06 -4.982425e-07
-1.493900e-06 2.008630e-06
8.494116e-07 1.573475e-06
1.203560e-06 -1.820670e-07
3.830447e-08 -8.303199e-07
-6.504002e-07 -6.614992e-08
-1.197973e-07 6.190776e-07
5.984808e-07 2.654665e-07
4.490125e-07 -4.941538e-07
-2.974415e-07 -5.878326e-07
-6.324821e-07 5.236881e-08
-1.887510e-07 5.729196e-07
4.207712e-07 3.819726e-07
4.891421e-07 -2.022919e-07
3.588352e-08 -4.824911e-07
-3.632813e-07 -2.297776e-07
-3.226666e-07 1.754151e-07
-7.055185e-09 2.977294e-07
1.916382e-07 1.170818e-07
1.317683e-07 -7.451281e-08
-7.813306e-09 -8.243941e-08
-2.998698e-08 8.786319e-09
4.537709e-08 2.261315e-08
6.490249e-08 -6.400030e-08
-3.008676e-08 -1.186869e-07
-1.339282e-07 -4.697365e-08
-1.215696e-07 8.698680e-08
-1.397019e-09 1.459688e-07
1.053302e-07 8.115901e-08
1.091492e-07 -2.770671e-08
3.766381e-08 -7.893518e-08
-2.219058e-08 -5.619582e-08
-3.028311e-08 -1.766555e-08
-1.769576e-08 -7.535321e-09
-2.267530e-08 -1.116022e-08
-3.749547e-08 4.441834e-09
-2.943389e-08 3.629186e-08
7.251393e-09 5.026841e-08
4.176733e-08 2.801978e-08
4.491163e-08 -1.091443e-08
1.995485e-08 -3.442444e-08
-7.742042e-09 -3.134479e-08
-2.018998e-08 -1.459721e-08
-1.877912e-08 -4.583015e-10
-1.341313e-08 6.512661e-09
-8.851254e-09 1.051521e-08
-2.911772e-09 1.416477e-08
6.297107e-09 1.434992e-08
1.478459e-08 7.164403e-09
1.547063e-08 -5.007387e-09
