-1.994727e-05 1.632291e-05
1.724399e-06 4.043712e-05
4.707521e-05 3.161007e-05
6.784800e-05 -2.478313e-05
2.319518e-05 -8.170244e-05
-5.785229e-05 -7.322684e-05
-9.670695e-05 4.255913e-06
-5.233495e-05 7.991888e-05
3.248591e-05 8.413448e-05
7.912783e-05 2.039869e-05
5.439524e-05 -4.583416e-05
-5.066455e-06 -5.921551e-05
-4.112689e-05 -2.379791e-05
-3.263690e-05 1.550759e-05
-3.799098e-06 2.557430e-05
1.285061e-05 1.121459e-05
9.402709e-06 -3.221977e-06
1.847050e-07 -4.619243e-06
-1.728875e-06 7.208851e-07
2.284429e-06 1.963426e-06
3.744085e-06 -2.121276e-06
-1.310754e-07 -4.892209e-06
-4.326293e-06 -2.328330e-06
-3.867538e-06 2.394031e-06
1.719541e-07 3.964509e-06
2.984070e-06 1.422065e-06
2.080505e-06 -1.655907e-06
-5.479034e-07 -2.022663e-06
-1.647607e-06 -1.466408e-07
-5.153668e-07 1.243163e-06
8.999367e-07 7.188073e-07
8.474279e-07 -5.884180e-07
-2.729274e-07 -9.040697e-07
-8.641171e-07 -3.321510e-08
-2.860702e-07 7.320415e-07
5.476304e-07 4.570717e-07
5.539643e-07 -3.524095e-07
-1.594879e-07 -6.008465e-07
-6.038890e-07 -4.132947e-08
-2.502421e-07 5.412156e-07
3.894677e-07 4.321868e-07
5.286601e-07 -1.618787e-07
8.055330e-08 -4.997954e-07
-3.598427e-07 -2.593706e-07
-3.269882e-07 1.737139e-07
1.651906e-08 2.934074e-07
2.114144e-07 7.070049e-08
9.555946e-08 -1.358608e-07
-9.099459e-08 -9.364782e-08
-9.519622e-08 6.750549e-08
4.360068e-08 1.063159e-07
1.141142e-07 -7.823605e-09
3.364477e-08 -1.045395e-07
-7.578231e-08 -6.576978e-08
-7.822632e-08 3.864017e-08
7.132484e-09 7.252391e-08
5.908840e-08 1.161779e-08
2.090250e-08 -4.821556e-08
-4.219399e-08 -2.958930e-08
-4.305265e-08 3.455786e-08
1.718762e-08 5.726857e-08
