2.349221e-06 -4.144383e-06
5.493765e-06 -1.334724e-05
-1.145255e-05 -2.912433e-05
-4.970101e-05 -1.614055e-05
-6.103929e-05 4.224584e-05
-2.707582e-06 9.400204e-05
8.671947e-05 6.628599e-05
1.127669e-04 -3.516780e-05
3.633772e-05 -1.150164e-04
-7.227075e-05 -9.223359e-05
-1.085919e-04 8.056512e-06
-4.699334e-05 8.504063e-05
4.014107e-05 7.317902e-05
6.912692e-05 3.037401e-06
2.976297e-05 -4.687045e-05
-2.127360e-05 -3.774602e-05
-3.309559e-05 1.920024e-06
-8.790788e-06 2.360142e-05
1.435366e-05 1.291105e-05
1.336165e-05 -7.113266e-06
-1.825393e-06 -1.204689e-05
-9.822981e-06 -1.891472e-06
-4.233425e-06 7.145810e-06
4.433393e-06 5.357997e-06
5.540967e-06 -2.017461e-06
-3.213611e-08 -5.097121e-06
-4.235087e-06 -1.527799e-06
-2.656498e-06 3.049082e-06
1.635223e-06 3.275966e-06
3.310682e-06 -1.799607e-07
1.070577e-06 -2.792195e-06
-1.883401e-06 -1.912401e-06
-2.255973e-06 8.166703e-07
-1.840109e-07 2.127736e-06
1.634964e-06 9.449793e-07
1.357280e-06 -9.371533e-07
-2.241534e-07 -1.393497e-06
-1.125781e-06 -3.249684e-07
-6.043094e-07 7.122304e-07
3.329923e-07 6.262588e-07
5.067112e-07 -1.045604e-07
-2.939642e-08 -3.898672e-07
-3.606822e-07 1.691147e-08
-4.018683e-08 4.032539e-07
4.287273e-07 1.880835e-07
3.827259e-07 -3.479458e-07
-1.382021e-07 -5.229008e-07
-5.191380e-07 -1.371278e-07
-3.647401e-07 3.533221e-07
9.311370e-08 4.483633e-07
3.647547e-07 1.459728e-07
2.663467e-07 -1.750083e-07
1.437068e-08 -2.410129e-07
-1.214454e-07 -1.146171e-07
-1.017785e-07 -1.332250e-09
-5.449194e-08 2.022610e-08
-5.469320e-08 2.258246e-08
-5.315475e-08 6.681609e-08
1.020371e-08 1.090576e-07
1.015316e-07 7.430524e-08
1.298826e-07 -3.187335e-08
