2.279419e-06 1.798505e-06
3.745736e-06 -1.145335e-06
1.442405e-06 -4.614266e-06
-3.453909e-06 -4.315174e-06
-5.896674e-06 5.296689e-07
-2.814347e-06 5.301096e-06
2.849480e-06 5.059430e-06
5.386443e-06 2.647546e-07
2.735553e-06 -3.971455e-06
-1.702532e-06 -3.786562e-06
-3.410233e-06 -3.801442e-07
-1.590061e-06 2.191117e-06
8.858118e-07 1.816862e-06
1.411101e-06 -1.938328e-08
2.923210e-07 -8.653903e-07
-5.167043e-07 -2.530248e-07
-1.543903e-07 4.306358e-07
4.763336e-07 1.788642e-07
3.385066e-07 -4.831554e-07
-3.579716e-07 -5.340505e-07
-6.515818e-07 1.121313e-07
-1.768349e-07 6.268628e-07
4.601961e-07 4.174660e-07
5.404367e-07 -2.021114e-07
6.909342e-08 -5.172198e-07
-3.679049e-07 -2.727738e-07
-3.546999e-07 1.559461e-07
-3.588276e-08 3.104577e-07
1.878349e-07 1.427791e-07
1.486237e-07 -6.135752e-08
8.565361e-09 -8.990792e-08
-2.919605e-08 -6.951863e-09
3.344169e-08 1.493022e-08
5.315925e-08 -5.910249e-08
-3.358722e-08 -1.082641e-07
-1.306911e-07 -3.836725e-08
-1.154340e-07 9.259942e-08
7.620151e-09 1.490881e-07
1.174708e-07 7.835469e-08
1.186761e-07 -4.028427e-08
3.554032e-08 -9.736186e-08
-3.808437e-08 -6.868194e-08
-5.062566e-08 -1.504502e-08
-2.967842e-08 7.806123e-09
-2.126119e-08 6.151557e-09
-2.728682e-08 1.511412e-08
-1.728397e-08 3.900197e-08
1.805132e-08 4.714969e-08
4.988348e-08 1.996679e-08
4.745295e-08 -2.309630e-08
1.392821e-08 -4.648565e-08
-2.078810e-08 -3.661075e-08
-3.327382e-08 -9.541094e-09
-2.444891e-08 1.164862e-08
-9.498810e-09 1.806681e-08
5.642849e-10 1.550749e-08
5.696032e-09 1.195263e-08
1.034961e-08 8.595493e-09
1.464158e-08 1.883175e-09
1.346318e-08 -8.317108e-09
4.137975e-09 -1.536137e-08
