1.339791e-11 -1.430445e-11
-6.571536e-11 -2.050297e-10
-2.500638e-10 -5.016808e-12
-1.005667e-10 2.678617e-10
2.439331e-10 2.076038e-10
3.043765e-10 -1.721359e-10
-5.963712e-11 -3.661087e-10
-3.743473e-10 -7.132785e-11
-1.896958e-10 3.277731e-10
2.459685e-10 2.706585e-10
3.106868e-10 -1.588683e-10
-8.597581e-11 -3.288913e-10
-3.496577e-10 2.119473e-11
-6.181156e-11 3.779889e-10
3.881760e-10 1.845186e-10
3.371531e-10 -3.381171e-10
-2.014102e-10 -4.730671e-10
-5.313263e-10 -5.895098e-12
-2.245314e-10 4.737975e-10
3.119656e-10 3.798746e-10
4.216001e-10 -1.054196e-10
6.770251e-11 -3.509244e-10
-2.193346e-10 -1.510237e-10
-1.379353e-10 9.965076e-11
4.584149e-11 7.152680e-11
1.632740e-11 -6.442811e-11
-1.144318e-10 -1.788669e-11
-7.441007e-11 1.368215e-10
9.609070e-11 1.390286e-10
1.529478e-10 -7.149940e-12
7.178950e-11 -8.886606e-11
2.485897e-11 -7.777039e-11
1.178539e-11 -1.176097e-10
-1.204983e-10 -1.585403e-10
-2.827901e-10 1.212688e-11
-1.649381e-10 3.112797e-10
2.218909e-10 3.285161e-10
4.059969e-10 -5.590283e-11
1.095070e-10 -3.761049e-10
-2.767285e-10 -2.095708e-10
-2.292412e-10 1.753063e-10
1.226521e-10 2.060873e-10
1.985986e-10 -1.210154e-10
-1.267885e-10 -2.422979e-10
-3.234443e-10 8.486516e-11
-2.937357e-11 3.877599e-10
3.777615e-10 1.892613e-10
3.313291e-10 -2.728859e-10
-1.049872e-10 -3.948450e-10
-3.591563e-10 -6.082249e-11
-1.659065e-10 2.538755e-10
1.367051e-10 1.908373e-10
1.601042e-10 -5.621077e-11
-2.568756e-11 -1.187423e-10
-1.000592e-10 2.389011e-11
1.796520e-11 1.072970e-10
1.191341e-10 1.065235e-11
5.550171e-11 -1.108708e-10
-7.378301e-11 -9.392380e-11
-1.055306e-10 1.977078e-11
-2.885556e-11 8.582843e-11
