-9.367006e-08 -2.876031e-07
-4.241584e-07 -5.813173e-08
-3.142668e-07 4.588007e-07
3.223065e-07 5.895985e-07
7.649824e-07 -2.133822e-08
3.589240e-07 -7.493883e-07
-5.223253e-07 -6.924054e-07
-8.631706e-07 1.429672e-07
-2.709591e-07 8.112000e-07
5.579032e-07 5.886602e-07
7.198775e-07 -1.969325e-07
1.483261e-07 -6.494570e-07
-4.350158e-07 -3.773630e-07
-4.478883e-07 1.735885e-07
-4.187693e-08 3.815907e-07
2.442644e-07 1.570548e-07
1.708662e-07 -1.115553e-07
-3.420902e-08 -1.260783e-07
-7.988913e-08 1.823062e-08
3.085971e-08 6.942376e-08
9.274979e-08 -2.907198e-08
8.471435e-09 -1.174610e-07
-1.094170e-07 -6.825018e-08
-1.153803e-07 5.949982e-08
-1.082203e-08 1.212788e-07
8.374975e-08 6.661682e-08
8.396219e-08 -2.620574e-08
2.017049e-08 -6.364821e-08
-2.684026e-08 -3.642737e-08
-2.479262e-08 -1.095366e-09
-6.351956e-09 3.267222e-09
-8.179455e-09 -7.182460e-09
-2.328210e-08 4.341104e-10
-2.013697e-08 2.560354e-08
8.964253e-09 3.726846e-08
3.671350e-08 1.727799e-08
3.596191e-08 -1.664320e-08
1.073596e-08 -3.452351e-08
-1.426182e-08 -2.779684e-08
-2.422576e-08 -1.050673e-08
-2.293393e-08 4.342973e-09
-1.653793e-08 1.580597e-08
-3.878055e-09 2.372254e-08
1.359420e-08 2.107284e-08
2.428508e-08 4.918908e-09
1.827220e-08 -1.341903e-08
1.709980e-09 -1.875948e-08
-9.299600e-09 -1.008506e-08
-7.954721e-09 -4.554841e-10
-2.674735e-09 5.657380e-10
-3.396407e-09 -2.641180e-09
-8.633943e-09 -5.420583e-10
-9.197937e-09 8.028911e-09
-6.313765e-10 1.482142e-08
1.165741e-08 1.189770e-08
1.785386e-08 -4.989347e-10
1.208725e-08 -1.412125e-08
-2.739142e-09 -1.869196e-08
-1.601191e-08 -9.767525e-09
-1.700683e-08 6.336009e-09
-4.761804e-09 1.639045e-08
