6.326411e-09 1.272624e-07
1.339318e-07 9.237871e-08
1.867955e-07 -6.664003e-08
5.843049e-08 -2.242702e-07
-1.746087e-07 -1.916109e-07
-2.711385e-07 4.802943e-08
-1.017096e-07 2.538572e-07
1.471168e-07 1.983958e-07
1.902452e-07 -1.814357e-08
4.111917e-08 -9.598020e-08
-7.752567e-09 1.796768e-08
1.487731e-07 3.281139e-08
2.064704e-07 -2.234014e-07
-1.175099e-07 -4.426861e-07
-5.710095e-07 -1.882111e-07
-5.673792e-07 4.466669e-07
6.079437e-08 8.086802e-07
7.458840e-07 4.304995e-07
7.866782e-07 -3.713065e-07
1.463177e-07 -8.251164e-07
-5.331642e-07 -5.555785e-07
-6.692691e-07 7.664663e-08
-3.006821e-07 4.711471e-07
1.164166e-07 4.220396e-07
2.756835e-07 1.711277e-07
2.375017e-07 -7.596623e-09
1.813987e-07 -8.536625e-08
1.414228e-07 -1.652390e-07
3.280270e-08 -2.599886e-07
-1.689473e-07 -2.634932e-07
-3.529174e-07 -8.829565e-08
-3.533273e-07 2.151641e-07
-9.285212e-08 4.528223e-07
3.055289e-07 4.048696e-07
5.437086e-07 2.765427e-08
3.779155e-07 -4.248418e-07
-1.050399e-07 -5.649723e-07
-4.990379e-07 -2.507317e-07
-4.640630e-07 2.297185e-07
-8.602104e-08 4.443821e-07
2.375951e-07 2.780047e-07
2.633504e-07 6.964992e-09
1.316781e-07 -9.245920e-08
8.828962e-08 -6.938040e-08
1.165644e-07 -1.340470e-07
3.148956e-09 -2.767736e-07
-2.760119e-07 -2.431347e-07
-4.306348e-07 8.312355e-08
-2.082137e-07 4.366600e-07
2.407426e-07 4.399668e-07
4.892003e-07 5.889246e-08
3.101334e-07 -3.403181e-07
-8.581544e-08 -4.002198e-07
-3.160014e-07 -1.386132e-07
-2.368682e-07 1.371459e-07
-2.474465e-08 1.994970e-07
9.144816e-08 9.544284e-08
7.190362e-08 1.815981e-09
2.900323e-08 -6.608923e-09
3.782835e-08 5.135344e-09
5.695612e-08 -2.952497e-08
