-7.740830e-12 1.740426e-12
1.018464e-11 6.750372e-11
7.850408e-11 -1.204253e-11
1.523411e-11 -9.853643e-11
-9.193808e-11 -6.604911e-11
-1.056491e-10 4.536558e-11
-1.804450e-11 1.030561e-10
5.998523e-11 5.883685e-11
5.562646e-11 -9.381856e-12
1.324206e-11 -2.211437e-11
6.688070e-12 1.314263e-12
3.122064e-11 -4.535693e-12
2.611378e-11 -4.433431e-11
-2.473738e-11 -5.907170e-11
-6.723782e-11 -1.645350e-11
-5.224293e-11 4.333817e-11
3.133905e-12 6.142944e-11
4.305481e-11 2.887958e-11
3.809288e-11 -1.382867e-11
7.056963e-12 -2.807365e-11
-1.374725e-11 -1.222774e-11
-8.488330e-12 7.148780e-12
8.450705e-12 7.221389e-12
1.278645e-11 -9.009432e-12
-1.988297e-12 -1.944938e-11
-1.859520e-11 -1.020283e-11
-1.844923e-11 8.292699e-12
-4.320496e-12 1.623955e-11
6.213642e-12 9.814613e-12
5.384412e-12 2.365268e-12
2.403466e-12 2.832548e-12
5.958085e-12 4.675080e-12
1.090689e-11 -7.542992e-13
7.830904e-12 -9.702224e-12
-1.875449e-12 -1.191258e-11
-8.227006e-12 -5.670755e-12
-6.795625e-12 8.096520e-13
-3.277410e-12 1.729345e-12
-3.606299e-12 6.746618e-13
-5.426611e-12 3.433320e-12
-2.584118e-12 8.580127e-12
5.082391e-12 9.276566e-12
1.077140e-11 2.844759e-12
9.215565e-12 -5.570522e-12
2.461712e-12 -9.447095e-12
-3.886667e-12 -7.609056e-12
-6.890225e-12 -3.013275e-12
-6.609731e-12 1.860200e-12
-3.367574e-12 5.458102e-12
1.601701e-12 5.619495e-12
4.621724e-12 1.800479e-12
3.008084e-12 -2.277566e-12
-5.805434e-13 -2.383686e-12
-1.293507e-12 2.266141e-13
7.503418e-13 7.480012e-13
9.715461e-13 -1.415687e-12
-1.743373e-12 -1.770097e-12
-2.855368e-12 1.439967e-12
3.081673e-13 3.765748e-12
3.821524e-12 1.476788e-12
3.108616e-12 -2.564141e-12
