7.890896e-09 -5.068137e-09
8.866733e-09 -9.626909e-08
-7.260780e-08 -5.936230e-08
-8.070028e-08 2.511361e-08
-1.911691e-08 6.747171e-08
3.439536e-08 3.941637e-08
3.267228e-08 -4.208129e-09
7.156762e-09 -1.188950e-08
4.564638e-09 1.359085e-09
1.811069e-08 -4.919940e-09
1.002366e-08 -2.802900e-08
-2.239951e-08 -2.934988e-08
-4.013289e-08 3.359798e-09
-1.874682e-08 3.558718e-08
1.840393e-08 3.257535e-08
3.256959e-08 2.057524e-09
1.612914e-08 -2.128468e-08
-6.524548e-09 -1.932126e-08
-1.374154e-08 -4.073471e-09
-7.220712e-09 5.351360e-09
-3.945884e-10 4.633679e-09
5.742936e-10 1.491746e-09
-5.370605e-10 1.444551e-09
5.405239e-10 2.715886e-09
2.956476e-09 1.837317e-09
3.568235e-09 -1.132464e-09
1.405731e-09 -3.437487e-09
-1.670845e-09 -3.098036e-09
-3.193511e-09 -5.845954e-10
-2.181422e-09 1.970760e-09
2.846016e-10 2.604993e-09
2.038219e-09 1.063431e-09
1.700468e-09 -1.022608e-09
-6.302055e-11 -1.685803e-09
-1.293675e-09 -5.793879e-10
-8.768271e-10 7.939151e-10
3.501271e-10 9.204679e-10
8.205002e-10 -2.461295e-11
1.797672e-10 -6.639911e-10
-5.092591e-10 -2.897632e-10
-3.472821e-10 3.849353e-10
2.867221e-10 3.936302e-10
4.479057e-10 -1.843423e-10
-4.575115e-11 -4.935210e-10
-4.879979e-10 -1.332762e-10
-3.161112e-10 3.940623e-10
2.116640e-10 4.411886e-10
4.581341e-10 1.247260e-11
2.059415e-10 -3.598839e-10
-1.889189e-10 -3.088881e-10
-3.042079e-10 1.397641e-11
-1.062961e-10 2.213094e-10
1.142007e-10 1.493415e-10
1.310133e-10 -3.087441e-11
7.181588e-12 -8.809469e-11
-5.533208e-11 -7.356355e-12
5.611540e-12 4.956637e-11
6.556784e-11 -6.081417e-12
1.834737e-11 -8.237813e-11
-7.695637e-11 -5.993258e-11
-9.494783e-11 3.973167e-11
