1.466843e-09 7.230305e-09
7.373341e-08 3.556355e-08
7.830367e-08 -4.712400e-08
3.371006e-09 -9.386114e-08
-7.305965e-08 -5.146505e-08
-7.300088e-08 2.885548e-08
-1.321838e-08 6.137015e-08
3.006886e-08 3.229662e-08
2.465373e-08 -1.799443e-09
7.102550e-09 -3.535970e-09
1.196626e-08 4.015396e-09
2.234287e-08 -1.015211e-08
6.941294e-09 -3.217181e-08
-2.557591e-08 -2.710324e-08
-3.742376e-08 6.269862e-09
-1.459764e-08 3.252742e-08
1.657273e-08 2.650712e-08
2.565297e-08 9.794749e-10
1.187935e-08 -1.571156e-08
-4.033417e-09 -1.339723e-08
-8.373139e-09 -3.348924e-09
-4.633793e-09 2.065991e-09
-1.485166e-09 1.932305e-09
-1.186399e-09 1.326338e-09
-8.894609e-10 2.235091e-09
9.284894e-10 2.745503e-09
2.779647e-09 1.340697e-09
2.861977e-09 -1.108767e-09
1.074755e-09 -2.750623e-09
-1.269495e-09 -2.498026e-09
-2.566044e-09 -6.108408e-10
-1.930192e-09 1.517856e-09
7.585335e-11 2.242989e-09
1.695308e-09 1.059039e-09
1.542837e-09 -7.698052e-10
5.632852e-11 -1.432732e-09
-1.016388e-09 -5.331745e-10
-6.684519e-10 5.884990e-10
3.062622e-10 6.189963e-10
5.477376e-10 -1.687755e-10
-8.707516e-11 -5.317037e-10
-5.517083e-10 -2.350929e-11
-1.865079e-10 5.417316e-10
4.506063e-10 3.634863e-10
4.920535e-10 -2.762054e-10
-6.036552e-11 -5.282246e-10
-4.667356e-10 -1.402628e-10
-2.826438e-10 3.347115e-10
1.718779e-10 3.492613e-10
3.438306e-10 -1.381884e-11
1.140750e-10 -2.813195e-10
-1.817743e-10 -1.953268e-10
-2.215115e-10 6.935198e-11
-2.895353e-11 1.954872e-10
1.348447e-10 9.017264e-11
1.061096e-10 -6.826620e-11
-2.238752e-11 -8.923715e-11
-6.572680e-11 6.529721e-12
7.861771e-12 5.758481e-11
6.692056e-11 -3.160896e-12
2.087785e-11 -7.603661e-11
