8.260414e-12 2.989254e-11
2.564971e-10 -1.427425e-10
-2.126522e-10 -3.995008e-10
-6.092517e-10 5.042649e-11
-3.000118e-10 6.391481e-10
3.908594e-10 6.123339e-10
6.784938e-10 8.891208e-12
3.252380e-10 -4.771106e-10
-1.711527e-10 -4.087203e-10
-2.942385e-10 -4.274224e-11
-8.642893e-11 1.368799e-10
6.591419e-11 2.789212e-11
-1.336784e-11 -9.368377e-11
-1.420307e-10 -2.254084e-11
-1.043534e-10 1.350290e-10
6.303339e-11 1.624894e-10
1.580181e-10 2.719800e-11
8.566808e-11 -1.053653e-10
-4.487853e-11 -9.764750e-11
-8.116890e-11 5.004712e-12
-1.171553e-11 6.096216e-11
4.896602e-11 1.773027e-11
2.431489e-11 -4.322007e-11
-3.663509e-11 -3.458348e-11
-4.519473e-11 2.419098e-11
5.546561e-12 5.038124e-11
4.559480e-11 1.486039e-11
2.978309e-11 -3.088095e-11
-1.214980e-11 -3.381115e-11
-2.795920e-11 -2.337014e-12
-8.518775e-12 1.917666e-11
1.396762e-11 9.716798e-12
1.240220e-11 -1.222517e-11
-8.144594e-12 -1.855398e-11
-2.297110e-11 -2.374089e-12
-1.586175e-11 1.882671e-11
5.636585e-12 2.360812e-11
1.997459e-11 8.987928e-12
1.579264e-11 -8.056691e-12
2.989919e-12 -1.195816e-11
-2.943430e-12 -5.977539e-12
-1.163797e-12 -3.030699e-12
-1.950624e-12 -5.344588e-12
-7.624570e-12 -3.824430e-12
-8.956059e-12 4.396881e-12
-1.294551e-12 9.896426e-12
6.891189e-12 5.518708e-12
6.390269e-12 -2.635554e-12
2.200760e-13 -4.610565e-12
-2.244492e-12 -6.268188e-13
7.126200e-13 1.193099e-12
2.178556e-12 -2.069491e-12
-1.776515e-12 -4.425207e-12
-6.120058e-12 -7.103295e-13
-4.332744e-12 5.567258e-12
2.413810e-12 7.000821e-12
6.969400e-12 1.965770e-12
5.297182e-12 -4.045461e-12
2.642957e-13 -5.849805e-12
-3.459991e-12 -3.701378e-12
-4.565290e-12 -4.618413e-13
