-1.548519e-10 -7.668280e-11
-1.700689e-09 9.284806e-10
-6.793942e-11 2.263364e-09
2.117106e-09 1.363802e-09
2.387155e-09 -1.154794e-09
2.551614e-10 -2.610191e-09
-1.927748e-09 -1.432374e-09
-1.816794e-09 7.861341e-10
-8.519301e-11 1.371991e-09
6.385152e-10 1.830806e-10
-3.872934e-10 -3.587801e-10
-9.241366e-10 9.597150e-10
7.759580e-10 2.047760e-09
2.916226e-09 4.475315e-10
2.260309e-09 -2.729795e-09
-1.262691e-09 -3.717802e-09
-3.965558e-09 -9.402966e-10
-2.864815e-09 2.780712e-09
7.188208e-10 3.627502e-09
2.989079e-09 1.220651e-09
2.187181e-09 -1.461723e-09
3.958746e-11 -1.953654e-09
-9.862924e-10 -7.650063e-10
-5.547665e-10 8.962405e-11
-1.272521e-10 -1.338039e-10
-5.887481e-10 -3.832079e-10
-1.130490e-09 3.397642e-10
-5.402264e-10 1.459120e-09
1.005947e-09 1.512844e-09
1.956496e-09 6.478291e-11
1.189966e-09 -1.580529e-09
-5.944860e-10 -1.789449e-09
-1.628672e-09 -4.606094e-10
-1.077296e-09 9.244321e-10
1.509219e-10 1.082310e-09
6.830437e-10 2.903971e-10
3.014456e-10 -2.641738e-10
-1.066920e-10 -8.194021e-11
6.932978e-11 2.282808e-10
4.297299e-10 2.024372e-11
3.008831e-10 -4.781500e-10
-2.781973e-10 -5.731848e-10
-6.485987e-10 -8.072802e-11
-4.082262e-10 4.743111e-10
1.484152e-10 5.469559e-10
4.614087e-10 1.616941e-10
3.264431e-10 -2.361354e-10
-4.819474e-12 -3.165064e-10
-1.944978e-10 -1.319651e-10
-1.504894e-10 5.808214e-11
-2.116576e-11 9.436431e-11
3.098550e-11 2.813136e-11
-4.859232e-12 -6.984955e-12
-2.759817e-11 3.103345e-11
2.147419e-11 6.519821e-11
8.472780e-11 2.130206e-11
7.157819e-11 -6.734333e-11
-1.913099e-11 -1.005068e-10
-9.370790e-11 -3.661709e-11
-7.535505e-11 5.690103e-11
9.151435e-12 8.454005e-11
