1.243603e-05 -3.555664e-06
5.346938e-06 -1.541176e-05
-1.148512e-05 -1.609716e-05
-2.325586e-05 -1.385419e-07
-1.597144e-05 2.133524e-05
8.222067e-06 2.859578e-05
2.997900e-05 1.195422e-05
2.940657e-05 -1.687171e-05
5.544017e-06 -3.395840e-05
-2.200136e-05 -2.554455e-05
-3.193184e-05 -2.316661e-07
-2.008213e-05 2.142698e-05
9.585446e-07 2.645122e-05
1.678722e-05 1.684133e-05
2.173869e-05 1.669481e-06
1.696031e-05 -1.206075e-05
4.964204e-06 -2.009087e-05
-1.018935e-05 -1.841720e-05
-2.060209e-05 -5.845266e-06
-1.832488e-05 1.118050e-05
-3.603216e-06 2.072209e-05
1.289344e-05 1.539365e-05
1.866045e-05 -1.515407e-07
1.053093e-05 -1.319214e-05
-3.222514e-06 -1.450606e-05
-1.139838e-05 -5.648364e-06
-9.613870e-06 4.392289e-06
-2.190212e-06 8.201672e-06
3.732504e-06 5.371039e-06
4.734067e-06 5.667587e-07
2.504914e-06 -2.003042e-06
4.481650e-07 -1.865371e-06
-3.238787e-08 -1.114602e-06
-4.754185e-08 -1.222254e-06
-9.285223e-07 -1.525569e-06
-2.223808e-06 -6.160661e-07
-2.255552e-06 1.444200e-06
-3.545017e-07 2.856956e-06
2.038443e-06 2.083531e-06
2.785944e-06 -3.161065e-07
1.327568e-06 -2.201991e-06
-8.212834e-07 -2.092260e-06
-1.791558e-06 -5.233306e-07
-1.192516e-06 8.440559e-07
-8.863688e-08 1.059818e-06
4.649610e-07 5.300487e-07
4.130111e-07 9.431838e-08
2.894706e-07 -1.084456e-08
3.145743e-07 -1.066027e-07
2.325019e-07 -3.510993e-07
-1.206884e-07 -4.679311e-07
-4.660317e-07 -1.991266e-07
-4.224303e-07 2.609898e-07
-1.392941e-08 4.615161e-07
3.427343e-07 2.287494e-07
3.210455e-07 -1.540612e-07
1.952838e-08 -2.996716e-07
-2.111321e-07 -1.315421e-07
-1.744843e-07 1.042388e-07
1.251524e-08 1.633858e-07
1.207437e-07 4.749981e-08
