-1.488655e-11 1.857652e-11
2.114145e-10 2.063093e-10
3.431890e-10 -2.086476e-10
-5.588165e-11 -4.900341e-10
-5.023420e-10 -2.115016e-10
-4.466983e-10 3.203631e-10
2.785242e-11 5.090167e-10
3.782619e-10 2.140655e-10
2.959187e-10 -1.625518e-10
-2.586276e-15 -2.339273e-10
-1.316719e-10 -4.872469e-11
-2.436986e-11 7.988499e-11
9.112570e-11 6.026651e-12
3.462849e-11 -1.161124e-10
-1.061732e-10 -9.125212e-11
-1.326578e-10 5.507521e-11
-9.143983e-12 1.353126e-10
1.068675e-10 5.805072e-11
8.318353e-11 -6.727262e-11
-2.878804e-11 -9.039549e-11
-8.513485e-11 -6.165126e-12
-3.572791e-11 6.777153e-11
3.976131e-11 5.389482e-11
5.534656e-11 -8.697487e-12
1.490342e-11 -4.179453e-11
-2.180616e-11 -2.472632e-11
-2.198910e-11 5.044214e-12
-2.971579e-12 1.315454e-11
5.638567e-12 2.334330e-12
-2.369805e-12 -4.480175e-12
-1.008245e-11 4.362846e-12
-1.535833e-12 1.731206e-11
1.799362e-11 1.448608e-11
2.645746e-11 -7.193702e-12
1.117317e-11 -2.746134e-11
-1.428687e-11 -2.561447e-11
-2.590564e-11 -5.241016e-12
-1.766455e-11 1.220505e-11
-4.392599e-12 1.501396e-11
1.570233e-12 1.106014e-11
3.992502e-12 1.010278e-11
1.014458e-11 9.019418e-12
1.608475e-11 6.638866e-13
1.268043e-11 -1.146562e-11
4.775560e-13 -1.636020e-11
-9.937710e-12 -1.016847e-11
-1.119074e-11 -3.394391e-13
-6.401494e-12 4.776574e-12
-2.488617e-12 4.895206e-12
-1.116336e-12 4.678589e-12
9.147116e-13 5.659958e-12
4.894832e-12 4.858011e-12
7.635085e-12 3.442839e-13
5.872996e-12 -5.232884e-12
5.216955e-13 -7.673936e-12
-4.707872e-12 -5.641025e-12
-7.008771e-12 -8.234005e-13
-5.457586e-12 4.261941e-12
-5.292739e-13 6.869595e-12
4.969666e-12 4.647153e-12
6.396290e-12 -1.339622e-12
