3.646156e-10 -6.493043e-10
3.225865e-09 7.900116e-09
2.619122e-08 5.083976e-09
2.926447e-08 -2.869958e-08
-8.418335e-09 -4.992484e-08
-4.997360e-08 -2.382925e-08
-4.840951e-08 2.714635e-08
-5.477313e-09 5.149319e-08
3.386882e-08 2.997551e-08
3.600392e-08 -8.343238e-09
1.061351e-08 -2.595783e-08
-1.056323e-08 -1.626429e-08
-1.168817e-08 -3.491012e-11
-2.459147e-09 4.813818e-09
1.652788e-09 -2.131965e-11
-2.083067e-09 -2.933537e-09
-5.490554e-09 8.797327e-10
-2.673247e-09 5.966319e-09
3.454961e-09 5.755743e-09
6.306114e-09 4.735296e-10
3.543593e-09 -4.320341e-09
-1.307858e-09 -4.496409e-09
-3.577734e-09 -1.100925e-09
-2.151513e-09 1.887676e-09
4.418660e-10 2.050559e-09
1.442462e-09 3.364595e-10
5.558122e-10 -8.641517e-10
-5.236124e-10 -5.241152e-10
-4.790197e-10 3.756998e-10
2.916751e-10 5.057198e-10
5.795412e-10 -1.723832e-10
1.765465e-11 -6.319590e-10
-5.965402e-10 -2.546147e-10
-4.718156e-10 4.403746e-10
1.858797e-10 5.899531e-10
5.601318e-10 9.076319e-11
2.946812e-10 -3.974497e-10
-1.782957e-10 -3.648131e-10
-3.087767e-10 -2.059354e-12
-8.457088e-11 1.946154e-10
1.045203e-10 7.687618e-11
3.914770e-11 -8.232380e-11
-1.102402e-10 -3.637593e-11
-9.087887e-11 1.296803e-10
9.021392e-11 1.684249e-10
2.074568e-10 9.529747e-12
1.198320e-10 -1.689660e-10
-6.815610e-11 -1.781274e-10
-1.568645e-10 -3.705921e-11
-9.058839e-11 8.242510e-11
1.112333e-11 7.849802e-11
3.303939e-11 1.539131e-11
-2.515506e-12 -8.819001e-13
-5.808243e-12 3.180214e-11
3.903156e-11 3.641799e-11
6.328126e-11 -1.540155e-11
2.309873e-11 -6.493941e-11
-4.047037e-11 -5.328588e-11
-6.120572e-11 4.066046e-12
-2.729267e-11 4.662740e-11
1.881392e-11 4.208451e-11
