7.463175e-11 6.499660e-11
7.485077e-10 -2.786559e-10
-1.486062e-11 -6.037060e-10
-5.256273e-10 -8.759580e-11
-2.263295e-10 5.298278e-10
4.627503e-10 4.656240e-10
6.817709e-10 -2.107395e-10
1.643446e-10 -7.030892e-10
-4.830166e-10 -4.745088e-10
-5.680079e-10 1.444931e-10
-1.256324e-10 4.461623e-10
2.423240e-10 2.210575e-10
1.755213e-10 -1.023722e-10
-7.858419e-11 -1.060407e-10
-1.066299e-10 1.152489e-10
1.169814e-10 1.824271e-10
2.632446e-10 -3.147784e-11
1.153757e-10 -2.691700e-10
-1.716652e-10 -2.459666e-10
-2.888283e-10 1.034195e-11
-1.371680e-10 2.248899e-10
9.514936e-11 2.057889e-10
1.801359e-10 2.949441e-11
9.313960e-11 -9.711966e-11
-1.629363e-11 -8.499678e-11
-3.731355e-11 -1.957699e-11
-6.879870e-12 -3.477266e-12
-9.280313e-12 -2.589307e-11
-4.473449e-11 -1.611473e-11
-4.789035e-11 3.405085e-11
2.061966e-12 6.222945e-11
5.136201e-11 3.102164e-11
4.871047e-11 -2.362920e-11
6.127994e-12 -4.617987e-11
-2.876881e-11 -2.592971e-11
-3.070106e-11 6.438248e-12
-1.105132e-11 2.218637e-11
7.240095e-12 1.747492e-11
1.252656e-11 5.164877e-12
8.457125e-12 -2.100202e-12
5.134880e-12 -2.498533e-12
6.315914e-12 -3.610537e-12
5.151197e-12 -9.848851e-12
-4.433527e-12 -1.394133e-11
-1.562533e-11 -6.540548e-12
-1.558768e-11 8.484599e-12
-2.956077e-12 1.684686e-11
9.961074e-12 1.164303e-11
1.289442e-11 3.150740e-13
7.720494e-12 -7.027789e-12
1.455350e-12 -8.457619e-12
-3.181998e-12 -7.033078e-12
-6.611301e-12 -3.812986e-12
-7.575193e-12 1.305598e-12
-4.539747e-12 5.846109e-12
5.423391e-13 6.595353e-12
3.810626e-12 3.880101e-12
4.084712e-12 9.153700e-13
3.350952e-12 -5.514505e-13
3.070331e-12 -1.635002e-12
2.247769e-12 -3.381363e-12
