-3.742409e-07 -1.054217e-07
-2.762116e-07 4.201457e-07
3.817576e-07 5.196132e-07
7.722837e-07 -1.721900e-07
2.162507e-07 -8.837474e-07
-7.283970e-07 -6.471050e-07
-9.146125e-07 3.311832e-07
-1.309637e-07 8.985045e-07
6.497239e-07 4.583005e-07
5.659804e-07 -3.345881e-07
-1.004400e-07 -5.153680e-07
-4.310605e-07 -1.836849e-08
-8.800193e-08 3.888522e-07
3.684805e-07 1.856706e-07
3.195854e-07 -2.980534e-07
-1.380361e-07 -4.240788e-07
-4.235794e-07 -7.295729e-08
-2.454359e-07 3.019172e-07
1.177140e-07 3.079969e-07
2.566827e-07 4.018760e-08
1.140734e-07 -1.489957e-07
-5.630817e-08 -1.069837e-07
-6.570295e-08 1.683466e-08
2.143942e-08 3.923380e-08
4.650198e-08 -3.382388e-08
-2.318981e-08 -7.212361e-08
-8.595599e-08 -1.481919e-08
-5.958271e-08 6.834316e-08
2.365306e-08 8.383943e-08
7.407931e-08 2.476307e-08
5.237052e-08 -3.904658e-08
-1.665871e-09 -5.036596e-08
-2.962377e-08 -1.839192e-08
-1.775975e-08 9.802157e-09
3.314497e-09 8.388628e-09
4.723020e-09 -7.433188e-09
-1.011688e-08 -1.090842e-08
-1.891292e-08 2.996374e-09
-1.070269e-08 1.795124e-08
5.527956e-09 1.987366e-08
1.636793e-08 1.010167e-08
1.751691e-08 -2.467033e-09
1.141907e-08 -1.205284e-08
9.047730e-10 -1.585205e-08
-9.668401e-09 -1.135466e-08
-1.313199e-08 -4.531644e-10
-6.666546e-09 7.901021e-09
2.118431e-09 6.355751e-09
3.039323e-09 -6.866473e-10
-3.122461e-09 -2.019417e-09
-5.311112e-09 4.964221e-09
2.353498e-09 1.017678e-08
1.188505e-08 4.499297e-09
1.159522e-08 -7.796650e-09
6.434923e-10 -1.435484e-08
-1.083234e-08 -9.140327e-09
-1.347591e-08 2.652437e-09
-6.380906e-09 1.177410e-08
4.950385e-09 1.243920e-08
1.316023e-08 4.166496e-09
1.202280e-08 -8.205552e-09
