-6.495074e-07 -2.674994e-06
-1.519960e-06 -7.451564e-07
-1.230297e-07 -2.728629e-07
-3.732063e-07 -2.186638e-06
-3.781553e-06 -2.156430e-06
-5.647899e-06 2.477634e-06
-1.538688e-06 7.271423e-06
5.523452e-06 5.880091e-06
8.005387e-06 -1.309616e-06
3.051978e-06 -7.049425e-06
-4.028774e-06 -5.642764e-06
-5.997419e-06 6.955146e-07
-1.736998e-06 4.859563e-06
3.229729e-06 3.045094e-06
3.581360e-06 -1.643816e-06
-1.465997e-07 -3.634906e-06
-3.183349e-06 -1.284710e-06
-2.422761e-06 2.127756e-06
6.353110e-07 2.883425e-06
2.474096e-06 8.043667e-07
1.661692e-06 -1.420732e-06
-2.579669e-07 -1.717343e-06
-1.180249e-06 -5.114478e-07
-7.047333e-07 5.026670e-07
6.701606e-08 4.945863e-07
2.135271e-07 1.802071e-08
-9.920225e-08 -1.064043e-07
-2.038324e-07 1.864310e-07
1.060328e-07 3.660994e-07
4.243215e-07 1.155408e-07
3.420617e-07 -3.042779e-07
-6.003956e-08 -4.398295e-07
-3.641220e-07 -1.813998e-07
-3.098082e-07 1.724771e-07
-2.722117e-08 2.931182e-07
1.790343e-07 1.479247e-07
1.658760e-07 -4.912290e-08
3.499062e-08 -1.149520e-07
-4.909288e-08 -5.778168e-08
-4.021390e-08 5.943199e-09
-5.672539e-09 1.280637e-08
-4.346441e-09 -3.973400e-09
-2.045457e-08 4.893726e-09
-9.545994e-09 3.216915e-08
3.019834e-08 3.289315e-08
5.382321e-08 -9.402492e-09
2.628725e-08 -5.747809e-08
-3.414770e-08 -6.088394e-08
-7.317897e-08 -1.057334e-08
-5.490431e-08 5.148326e-08
4.645971e-09 7.351696e-08
5.545470e-08 4.141709e-08
6.083542e-08 -1.293596e-08
2.683007e-08 -4.579161e-08
-1.131549e-08 -4.097688e-08
-2.657120e-08 -1.680848e-08
-2.133416e-08 6.979747e-10
-1.427026e-08 5.046653e-09
-1.381703e-08 8.051785e-09
-1.108855e-08 1.752372e-08
2.837795e-09 2.497158e-08
