-1.379210e-12 -2.638071e-12
-2.110350e-11 3.168920e-11
5.538519e-11 4.961520e-11
9.939737e-11 -3.804350e-11
2.385175e-11 -1.255225e-10
-9.778782e-11 -9.558445e-11
-1.312563e-10 2.523405e-11
-5.066910e-11 1.090405e-10
4.669628e-11 8.750978e-11
7.247447e-11 1.359162e-11
3.750395e-11 -2.863219e-11
6.041130e-12 -2.212294e-11
6.545998e-12 -8.584434e-12
1.396314e-11 -1.774680e-11
-8.123203e-13 -3.469544e-11
-3.138715e-11 -2.903638e-11
-4.641955e-11 4.153617e-12
-2.725907e-11 3.772917e-11
1.056028e-11 4.172136e-11
3.336927e-11 1.532744e-11
2.521209e-11 -1.325090e-11
2.726563e-12 -1.922380e-11
-8.192381e-12 -6.903801e-12
-2.972083e-12 2.118631e-12
2.759217e-12 -9.874745e-13
-8.029735e-13 -5.491495e-12
-6.038917e-12 -1.827442e-12
-3.507232e-12 4.381006e-12
2.974062e-12 3.466965e-12
3.539697e-12 -2.849006e-12
-2.471242e-12 -4.968810e-12
-6.452844e-12 1.581606e-13
-3.342163e-12 5.688347e-12
2.345963e-12 5.316397e-12
4.053747e-12 1.120924e-12
1.850059e-12 -9.310465e-13
7.531083e-13 4.031365e-13
2.811451e-12 9.332536e-13
4.475307e-12 -2.149049e-12
1.992576e-12 -6.151744e-12
-3.470120e-12 -6.544350e-12
-7.514714e-12 -2.385799e-12
-7.325582e-12 3.466092e-12
-3.149580e-12 7.650420e-12
3.015692e-12 7.899229e-12
7.815677e-12 3.396801e-12
7.478810e-12 -3.488882e-12
1.763401e-12 -7.264764e-12
-3.994642e-12 -4.681244e-12
-4.359211e-12 6.030765e-13
-7.689309e-13 2.335617e-12
8.234594e-13 1.041439e-13
-1.112159e-12 -8.840548e-13
-2.006254e-12 1.483377e-12
7.148650e-13 3.028685e-12
3.228087e-12 5.817452e-13
1.686273e-12 -2.625624e-12
-1.596730e-12 -2.247787e-12
-2.197023e-12 4.862927e-13
-3.942981e-13 1.546899e-12
4.722622e-13 6.672833e-13
