2.808528e-10 -7.462781e-11
1.268692e-09 -2.852117e-09
-1.637913e-09 -2.744068e-09
-2.988811e-09 -1.520601e-10
-1.407051e-09 2.019177e-09
7.231728e-10 1.422512e-09
4.600345e-10 -2.322045e-10
-1.062307e-09 3.887033e-10
-2.758621e-11 2.655239e-09
3.677569e-09 2.045387e-09
4.828972e-09 -2.902106e-09
-8.296300e-11 -6.803490e-09
-6.614807e-09 -3.771323e-09
-6.925229e-09 3.995239e-09
-2.647428e-11 7.916326e-09
6.395413e-09 3.705190e-09
5.576788e-09 -3.285796e-09
-1.850412e-10 -5.246165e-09
-3.494325e-09 -1.588649e-09
-1.700854e-09 1.682977e-09
8.760275e-10 8.449149e-10
1.583470e-10 -1.244122e-09
-2.093008e-09 -4.362412e-10
-1.654548e-09 2.431506e-09
1.662727e-09 3.068191e-09
3.757094e-09 4.993491e-11
1.933512e-09 -3.226245e-09
-1.680901e-09 -3.117607e-09
-3.149139e-09 -1.511719e-10
-1.483410e-09 2.198686e-09
8.790710e-10 1.904176e-09
1.530045e-09 1.590714e-10
5.830965e-10 -8.337124e-10
-3.013118e-10 -4.856566e-10
-2.230000e-10 1.506166e-10
2.685350e-10 1.282114e-10
2.972344e-10 -3.683155e-10
-2.302397e-10 -5.706417e-10
-6.918678e-10 -1.439229e-10
-5.528214e-10 5.103735e-10
8.588485e-11 7.546970e-10
6.372046e-10 3.645662e-10
6.202988e-10 -2.807083e-10
1.132121e-10 -5.937682e-10
-3.617643e-10 -3.601707e-10
-3.959988e-10 8.832876e-11
-8.986936e-11 2.843034e-10
1.442870e-10 1.340020e-10
9.503569e-11 -6.396446e-11
-5.776276e-11 -5.285082e-11
-5.606995e-11 8.294978e-11
8.697234e-11 1.006338e-10
1.487757e-10 -4.608581e-11
2.639800e-11 -1.635965e-10
-1.325853e-10 -9.760052e-11
-1.391262e-10 6.929252e-11
-4.926409e-13 1.411244e-10
1.117422e-10 5.469212e-11
8.338197e-11 -6.762841e-11
-2.407627e-11 -8.814759e-11
-7.654901e-11 -9.931316e-12
