-1.200322e-05 1.171983e-05
2.774909e-06 2.009024e-05
1.968793e-05 1.096222e-05
2.142766e-05 -9.085779e-06
6.479997e-06 -2.169381e-05
-1.083822e-05 -1.813272e-05
-1.878254e-05 -5.379218e-06
-1.755394e-05 7.241389e-06
-1.056922e-05 1.756926e-05
3.493242e-06 2.399373e-05
2.327170e-05 1.812607e-05
3.481922e-05 -5.842186e-06
2.082433e-05 -3.513102e-05
-1.599609e-05 -4.253290e-05
-4.644233e-05 -1.443776e-05
-4.090350e-05 2.897589e-05
-1.659509e-06 4.978676e-05
3.705333e-05 3.015725e-05
4.302904e-05 -1.027971e-05
1.631787e-05 -3.603791e-05
-1.563554e-05 -3.036568e-05
-2.783762e-05 -5.940388e-06
-1.821163e-05 1.389596e-05
-1.616908e-06 1.777536e-05
8.635404e-06 1.047821e-05
1.015793e-05 1.691334e-06
7.149350e-06 -3.779475e-06
3.071867e-06 -6.098581e-06
-1.053649e-06 -6.112164e-06
-4.421795e-06 -3.833781e-06
-5.553180e-06 9.038230e-08
-3.726734e-06 3.660091e-06
-8.585808e-08 4.855515e-06
3.108649e-06 3.215896e-06
4.089774e-06 3.827020e-08
2.611399e-06 -2.637700e-06
-8.591467e-08 -3.330501e-06
-2.181268e-06 -1.972638e-06
-2.530482e-06 1.810605e-07
-1.383713e-06 1.616477e-06
8.485293e-08 1.733403e-06
9.467000e-07 1.026843e-06
1.134211e-06 2.423526e-07
9.950422e-07 -3.698328e-07
6.206807e-07 -8.880490e-07
-9.920354e-08 -1.154884e-06
-9.329464e-07 -7.987134e-07
-1.247721e-06 1.565387e-07
-6.743637e-07 1.035487e-06
3.604019e-07 1.107102e-06
9.887165e-07 3.594543e-07
7.677342e-07 -4.911110e-07
5.806480e-08 -7.535069e-07
-4.498828e-07 -3.934651e-07
-4.375810e-07 9.416804e-08
-1.309225e-07 2.845105e-07
9.248485e-08 1.764074e-07
1.051679e-07 2.372894e-08
3.803495e-08 -1.549793e-08
2.631664e-08 8.019239e-09
5.531808e-08 -9.214712e-09
