4.021325e-05 1.516436e-05
5.024191e-05 -3.379977e-05
1.820249e-06 -7.639470e-05
-6.996481e-05 -5.192227e-05
-8.607660e-05 2.826230e-05
-2.587407e-05 8.278052e-05
4.556890e-05 6.213340e-05
6.384324e-05 2.360867e-06
3.507499e-05 -3.536945e-05
3.836563e-06 -3.783871e-05
-1.273008e-05 -3.062482e-05
-2.955247e-05 -2.344206e-05
-4.772932e-05 7.767846e-07
-3.941845e-05 4.336248e-05
9.731211e-06 6.713945e-05
6.464288e-05 3.646757e-05
7.062989e-05 -3.111483e-05
1.673003e-05 -7.479017e-05
-4.797640e-05 -5.487170e-05
-6.625088e-05 5.734268e-06
-3.029567e-05 4.971139e-05
1.843196e-05 4.523796e-05
3.791811e-05 9.841327e-06
2.340563e-05 -1.853602e-05
-2.815988e-07 -2.139666e-05
-1.115340e-05 -8.668602e-06
-8.042087e-06 1.603431e-06
-2.257428e-06 2.922403e-06
-1.083421e-06 8.064133e-07
-2.407530e-06 1.336237e-06
-1.325113e-06 3.966407e-06
2.633039e-06 4.316156e-06
5.449712e-06 6.083856e-07
3.799410e-06 -4.099114e-06
-1.104545e-06 -5.358148e-06
-4.780158e-06 -2.042185e-06
-4.054162e-06 2.600661e-06
-8.060988e-08 4.354147e-06
3.158122e-06 2.170000e-06
3.019350e-06 -1.235635e-06
5.039277e-07 -2.614316e-06
-1.473208e-06 -1.426048e-06
-1.411785e-06 3.187744e-07
-3.083026e-07 8.196401e-07
2.074689e-07 2.901340e-07
-9.170789e-08 1.147520e-08
-2.242425e-07 3.999755e-07
3.347137e-07 6.556674e-07
9.193238e-07 1.046362e-07
6.633750e-07 -7.898571e-07
-3.007876e-07 -1.021336e-06
-9.911668e-07 -3.069902e-07
-7.483218e-07 6.079160e-07
7.868401e-08 8.544344e-07
6.416565e-07 3.522980e-07
5.323378e-07 -2.696693e-07
6.478347e-08 -4.562094e-07
-2.372457e-07 -2.301425e-07
-2.090660e-07 2.696063e-08
-6.764013e-08 8.250861e-08
-3.150825e-08 3.017844e-08
