-7.012925e-06 -1.517600e-05
-3.039094e-05 -8.329187e-06
-3.993863e-05 2.999679e-05
1.930084e-07 6.968585e-05
7.108511e-05 5.177836e-05
9.728718e-05 -3.164454e-05
3.375068e-05 -1.060001e-04
-6.855682e-05 -9.140052e-05
-1.116264e-04 3.199129e-06
-5.731610e-05 8.724514e-05
3.523818e-05 8.670129e-05
7.880949e-05 1.671864e-05
4.740890e-05 -4.672372e-05
-1.101572e-05 -5.153836e-05
-3.768839e-05 -1.305082e-05
-2.143923e-05 1.918712e-05
5.507285e-06 1.901651e-05
1.319133e-05 9.156120e-07
2.597420e-06 -8.787778e-06
-6.709161e-06 -3.023205e-06
-3.992905e-06 5.571382e-06
3.956625e-06 5.338701e-06
6.090831e-06 -1.564773e-06
9.717404e-07 -5.645470e-06
-4.152644e-06 -2.858711e-06
-3.708222e-06 2.223291e-06
4.587413e-07 3.621563e-06
2.956518e-06 8.185154e-07
1.566532e-06 -2.066738e-06
-1.174089e-06 -1.888718e-06
-1.905279e-06 3.745682e-07
-2.961224e-07 1.696624e-06
1.312884e-06 8.058195e-07
1.111096e-06 -8.113611e-07
-2.807768e-07 -1.182185e-06
-1.038986e-06 -1.718171e-07
-4.647878e-07 7.617793e-07
4.598086e-07 5.821589e-07
5.753801e-07 -2.166490e-07
-5.327469e-08 -5.220025e-07
-4.726705e-07 -6.358594e-08
-1.776946e-07 4.266210e-07
3.500506e-07 3.013322e-07
4.061203e-07 -2.165395e-07
-3.550998e-08 -4.474281e-07
-3.982901e-07 -1.494013e-07
-2.846833e-07 2.680582e-07
9.801539e-08 3.341047e-07
2.938071e-07 5.807370e-08
1.563133e-07 -1.916522e-07
-7.401068e-08 -1.791013e-07
-1.402405e-07 -1.439212e-08
-4.970084e-08 7.618708e-08
2.642846e-08 3.781618e-08
7.339204e-09 -1.301440e-08
-3.124580e-08 9.560396e-09
-3.669789e-09 5.669238e-08
6.283705e-08 4.030256e-08
7.724867e-08 -3.757168e-08
1.065078e-08 -9.046449e-08
-6.929561e-08 -5.880757e-08
