-1.363111e-07 -7.459740e-08
-1.652366e-07 1.118230e-07
3.971445e-08 2.511572e-07
3.120709e-07 8.924247e-08
2.739576e-07 -3.042184e-07
-1.782156e-07 -4.686836e-07
-5.871569e-07 -7.025682e-08
-3.774859e-07 5.564454e-07
3.651055e-07 6.475654e-07
8.072153e-07 -5.768867e-08
3.064699e-07 -8.234342e-07
-6.800038e-07 -6.753212e-07
-9.846012e-07 3.603332e-07
-1.248125e-07 1.133358e-06
1.008511e-06 6.846366e-07
1.135420e-06 -5.658132e-07
9.251609e-08 -1.272253e-06
-9.965826e-07 -7.234817e-07
-1.058028e-06 4.080118e-07
-2.227414e-07 9.615822e-07
5.280616e-07 6.015180e-07
5.878553e-07 -3.105602e-08
2.452563e-07 -2.798045e-07
5.627959e-08 -1.846575e-07
9.457639e-08 -1.663006e-07
2.289286e-08 -3.304032e-07
-3.018394e-07 -3.605698e-07
-5.813232e-07 -1.864768e-08
-4.466798e-07 4.891207e-07
9.116247e-08 7.096799e-07
6.261194e-07 4.050683e-07
7.240869e-07 -2.213134e-07
2.914036e-07 -6.930579e-07
-3.411888e-07 -6.446346e-07
-6.754987e-07 -1.288827e-07
-4.705356e-07 4.104946e-07
3.207427e-08 5.372894e-07
3.549363e-07 2.424052e-07
2.899568e-07 -8.626209e-08
8.081565e-08 -1.432764e-07
4.543201e-08 -4.964846e-08
1.323809e-07 -1.091335e-07
2.668747e-08 -3.112837e-07
-3.274578e-07 -2.972558e-07
-5.379354e-07 1.183270e-07
-2.385420e-07 5.848183e-07
3.758571e-07 5.673397e-07
6.958368e-07 8.328164e-09
3.887729e-07 -5.558081e-07
-2.212881e-07 -5.906224e-07
-5.409199e-07 -1.377769e-07
-3.561224e-07 3.024812e-07
2.600807e-08 3.644409e-07
2.161685e-07 1.452522e-07
1.559323e-07 -3.855611e-08
5.422061e-08 -5.582786e-08
4.939880e-08 -2.736706e-08
6.778555e-08 -7.439893e-08
-5.068899e-09 -1.423376e-07
-1.342091e-07 -1.043912e-07
-1.776823e-07 4.454582e-08
