-4.441371e-10 -1.510107e-09
-2.076363e-08 -5.385932e-09
-1.962140e-08 1.823892e-08
4.584543e-09 2.993313e-08
2.846228e-08 1.442239e-08
2.849832e-08 -1.407617e-08
6.144544e-09 -2.953508e-08
-1.726245e-08 -2.128080e-08
-2.386652e-08 -5.451061e-10
-1.357317e-08 1.461965e-08
1.160974e-09 1.590814e-08
9.212656e-09 7.901965e-09
8.722419e-09 -2.499914e-10
4.646799e-09 -3.687234e-09
1.693333e-09 -3.675436e-09
4.046454e-10 -3.345313e-09
-1.065559e-09 -3.433225e-09
-3.179112e-09 -2.402677e-09
-4.139899e-09 4.084629e-10
-2.476469e-09 3.187666e-09
6.926698e-10 3.582236e-09
2.693988e-09 1.477522e-09
2.210211e-09 -9.253851e-10
4.372373e-10 -1.644053e-09
-6.524645e-10 -8.285558e-10
-5.031156e-10 1.282710e-11
-5.508696e-11 5.115721e-11
-1.212098e-10 -1.984891e-10
-4.175621e-10 -2.137958e-11
-2.824041e-10 4.208356e-10
2.425789e-10 4.654887e-10
5.000409e-10 -1.154590e-11
1.746033e-10 -4.229562e-10
-2.977073e-10 -2.897329e-10
-3.473204e-10 1.598387e-10
1.759801e-11 3.567729e-10
3.113532e-10 1.189937e-10
2.210237e-10 -2.083184e-10
-7.251699e-11 -2.541869e-10
-2.096593e-10 -4.520565e-11
-9.904483e-11 1.213281e-10
4.798539e-11 8.396307e-11
4.236532e-11 -3.012388e-11
-5.749839e-11 -3.048453e-11
-7.044087e-11 7.870024e-11
4.751338e-11 1.306951e-10
1.542018e-10 3.448070e-11
1.179619e-10 -1.096137e-10
-1.906847e-11 -1.482661e-10
-1.107699e-10 -6.142344e-11
-8.860715e-11 3.926390e-11
-1.607754e-11 6.282513e-11
1.941212e-11 2.855355e-11
8.513379e-12 5.138534e-12
-4.997670e-13 1.433969e-11
1.774995e-11 2.219063e-11
3.811429e-11 2.583601e-13
2.663176e-11 -3.523300e-11
-1.405661e-11 -4.543351e-11
-4.646703e-11 -1.523963e-11
-3.886266e-11 2.871053e-11
