-1.654426e-09 -4.603876e-10
-1.457402e-08 1.389665e-08
4.584276e-09 2.200064e-08
2.200314e-08 8.843932e-09
2.013911e-08 -1.290246e-08
1.839066e-09 -2.312099e-08
-1.578096e-08 -1.491699e-08
-1.957435e-08 2.143006e-09
-1.006459e-08 1.410755e-08
2.942905e-09 1.451081e-08
1.029774e-08 6.646697e-09
9.598715e-09 -1.924350e-09
4.493288e-09 -6.022050e-09
-1.401938e-10 -5.560076e-09
-2.276770e-09 -3.425371e-09
-2.886599e-09 -1.684992e-09
-3.187409e-09 -1.893216e-10
-2.845677e-09 1.683602e-09
-1.078663e-09 3.187755e-09
1.436914e-09 2.902464e-09
2.803131e-09 8.005969e-10
2.034371e-09 -1.346854e-09
1.944425e-10 -1.868639e-09
-9.215716e-10 -9.170463e-10
-7.590846e-10 7.455901e-11
-2.021091e-10 2.389978e-10
-1.058441e-10 3.107537e-12
-2.980042e-10 8.249370e-11
-1.693136e-10 4.111581e-10
2.881363e-10 4.085803e-10
4.946077e-10 -5.111149e-11
1.615337e-10 -4.322719e-10
-2.985979e-10 -2.886775e-10
-3.411224e-10 1.563628e-10
2.360413e-11 3.471837e-10
3.139379e-10 1.028011e-10
2.122558e-10 -2.312931e-10
-1.021726e-10 -2.723505e-10
-2.539799e-10 -3.719709e-11
-1.309161e-10 1.646462e-10
5.570649e-11 1.433688e-10
9.100602e-11 9.727821e-12
5.159031e-12 -3.363169e-11
-2.694662e-11 3.737181e-11
5.501221e-11 7.563866e-11
1.299273e-10 -9.829759e-12
7.703426e-11 -1.304483e-10
-6.134242e-11 -1.439225e-10
-1.423391e-10 -3.624013e-11
-1.003491e-10 7.659392e-11
-3.995797e-12 9.885061e-11
4.976818e-11 4.848774e-11
4.201581e-11 1.152581e-12
1.960344e-11 -8.280307e-12
1.728509e-11 -3.967246e-12
2.286438e-11 -1.542431e-11
8.777960e-12 -3.610025e-11
-2.535583e-11 -3.622710e-11
-4.876453e-11 -3.186975e-12
-3.375919e-11 3.856498e-11
1.054794e-11 5.018801e-11
