3.013958e-05 -1.958404e-05
2.284370e-06 -5.159016e-05
-5.185963e-05 -4.053582e-05
-7.169851e-05 2.130386e-05
-2.471735e-05 7.193097e-05
3.985954e-05 5.662522e-05
5.600552e-05 1.922350e-06
2.675196e-05 -2.890292e-05
2.616890e-06 -2.330073e-05
6.002639e-07 -1.777377e-05
-8.438193e-06 -2.660940e-05
-3.714201e-05 -1.919951e-05
-4.937276e-05 2.353250e-05
-1.036959e-05 6.450775e-05
5.363298e-05 4.975177e-05
7.560243e-05 -1.836985e-05
2.695548e-05 -7.439740e-05
-4.570932e-05 -6.225127e-05
-7.238710e-05 2.797058e-06
-3.476746e-05 5.529081e-05
2.224538e-05 5.198633e-05
4.590603e-05 9.582018e-06
2.713298e-05 -2.528663e-05
-3.621369e-06 -2.751353e-05
-1.704807e-05 -9.154850e-06
-1.097367e-05 5.297543e-06
-1.173313e-06 6.274885e-06
1.281879e-06 1.444764e-06
-1.271214e-06 2.599361e-07
-1.568855e-06 3.100800e-06
2.175913e-06 4.298418e-06
5.461838e-06 8.570474e-07
4.032854e-06 -4.150722e-06
-1.109081e-06 -5.630333e-06
-5.057591e-06 -2.137882e-06
-4.261665e-06 2.836519e-06
6.220934e-08 4.671072e-06
3.552683e-06 2.192315e-06
3.269236e-06 -1.608413e-06
3.076681e-07 -3.071411e-06
-1.994398e-06 -1.529262e-06
-1.806369e-06 6.922193e-07
-2.397362e-07 1.344997e-06
6.367881e-07 5.284500e-07
3.015066e-07 -1.634165e-07
-1.401808e-07 5.642791e-08
1.724249e-07 4.418853e-07
7.373138e-07 8.964790e-08
5.771298e-07 -7.287571e-07
-3.392568e-07 -9.796236e-07
-1.040001e-06 -2.589396e-07
-7.705283e-07 7.072498e-07
1.477996e-07 9.608914e-07
7.805775e-07 3.707114e-07
6.360130e-07 -3.675994e-07
5.326511e-08 -5.925927e-07
-3.418274e-07 -2.998496e-07
-3.155455e-07 6.034061e-08
-1.043830e-07 1.718115e-07
4.993130e-09 1.035584e-07
-6.389907e-09 6.889170e-08
