4.550049e-07 1.156222e-06
1.367609e-06 3.438286e-07
1.081466e-06 -9.207197e-07
-1.086301e-07 -1.246760e-06
-7.855721e-07 -4.755757e-07
-4.440965e-07 1.289949e-07
-1.745224e-07 -1.221471e-07
-7.867651e-07 -1.844175e-07
-1.145726e-06 1.013582e-06
3.885482e-07 2.296696e-06
2.965445e-06 1.174661e-06
3.252621e-06 -2.458078e-06
-4.620119e-07 -4.917780e-06
-5.096374e-06 -2.581164e-06
-5.462005e-06 3.198864e-06
-3.523226e-07 6.721703e-06
5.492475e-06 4.131990e-06
6.391085e-06 -2.130876e-06
1.843535e-06 -6.055087e-06
-3.398656e-06 -4.557066e-06
-4.860196e-06 -8.565884e-08
-2.574981e-06 2.976298e-06
2.955316e-07 2.990613e-06
1.566478e-06 1.535407e-06
1.616198e-06 4.254404e-07
1.561920e-06 -2.500851e-07
1.384907e-06 -1.160219e-06
3.815107e-07 -2.070021e-06
-1.315237e-06 -1.948577e-06
-2.477239e-06 -4.029743e-07
-2.021459e-06 1.610561e-06
-1.425636e-07 2.587151e-06
1.815768e-06 1.783628e-06
2.449768e-06 -1.963915e-07
1.365185e-06 -1.890397e-06
-5.360878e-07 -2.099350e-06
-1.777233e-06 -8.270479e-07
-1.537043e-06 7.555939e-07
-3.116321e-07 1.394646e-06
6.903574e-07 8.812091e-07
7.986369e-07 4.617406e-08
3.879393e-07 -3.104835e-07
1.523938e-07 -2.355216e-07
1.831843e-07 -2.607704e-07
3.131985e-08 -5.028687e-07
-4.634954e-07 -4.975025e-07
-8.095574e-07 5.888773e-08
-4.828598e-07 7.484993e-07
3.284875e-07 8.561633e-07
8.651183e-07 2.296675e-07
6.440873e-07 -5.275469e-07
-4.309880e-08 -7.377831e-07
-5.242063e-07 -3.405043e-07
-4.710765e-07 1.713304e-07
-1.177501e-07 3.585239e-07
1.364555e-07 2.236377e-07
1.579235e-07 4.017642e-08
8.788644e-08 -2.420943e-08
6.576813e-08 -2.411926e-08
7.018094e-08 -6.029874e-08
1.725329e-08 -1.163379e-07
