-1.368051e-07 4.557619e-09
-1.019503e-07 1.625362e-07
1.044588e-07 2.317927e-07
3.152948e-07 5.138885e-08
2.592140e-07 -2.799920e-07
-1.020315e-07 -4.220283e-07
-4.429099e-07 -1.620221e-07
-3.950485e-07 2.892227e-07
2.182600e-08 4.853848e-07
3.948781e-07 2.364098e-07
3.730465e-07 -1.807211e-07
4.331385e-08 -3.496200e-07
-2.147975e-07 -1.772084e-07
-1.881887e-07 6.353847e-08
-2.466113e-08 1.158126e-07
3.373951e-08 2.652621e-08
-2.576616e-08 -3.606185e-10
-3.035289e-08 7.649895e-08
8.251575e-08 9.787566e-08
1.598244e-07 -3.221911e-08
5.637805e-08 -1.799960e-07
-1.424699e-07 -1.492035e-07
-2.106511e-07 5.394865e-08
-5.999101e-08 2.147982e-07
1.539484e-07 1.620725e-07
2.147968e-07 -4.408318e-08
7.696251e-08 -1.958702e-07
-1.115821e-07 -1.627056e-07
-1.799957e-07 -1.658943e-09
-9.326850e-08 1.282963e-07
4.221028e-08 1.260122e-07
9.847544e-08 2.819307e-08
4.908435e-08 -4.575699e-08
-1.504469e-08 -2.544986e-08
2.854240e-09 3.123937e-08
7.712471e-08 9.041545e-09
7.550800e-08 -1.039202e-07
-6.637816e-08 -1.652782e-07
-2.189745e-07 -4.203429e-08
-1.792683e-07 1.880544e-07
6.836535e-08 2.777032e-07
2.844937e-07 9.446438e-08
2.306231e-07 -1.924903e-07
-4.286602e-08 -2.849955e-07
-2.448517e-07 -9.977675e-08
-1.824089e-07 1.416197e-07
2.926471e-08 1.879399e-07
1.376019e-07 4.562416e-08
6.531953e-08 -7.371549e-08
-3.460824e-08 -4.466526e-08
-1.783302e-08 3.512057e-08
6.152631e-08 1.665899e-08
5.204176e-08 -8.213650e-08
-6.738859e-08 -1.078086e-07
-1.501844e-07 8.527849e-09
-7.558787e-08 1.477889e-07
9.091120e-08 1.478440e-07
1.733921e-07 1.346178e-09
9.063192e-08 -1.393906e-07
-6.216119e-08 -1.400987e-07
-1.338996e-07 -2.238766e-08
