6.975912e-06 -1.029331e-05
-4.472857e-06 -1.637257e-05
-1.958323e-05 -1.158469e-05
-3.026151e-05 6.059554e-06
-2.443059e-05 3.431960e-05
1.046243e-05 5.517887e-05
6.179904e-05 3.598001e-05
8.056946e-05 -3.107133e-05
2.724655e-05 -9.526447e-05
-6.716137e-05 -8.531729e-05
-1.140588e-04 6.568644e-06
-5.959076e-05 9.946286e-05
4.877651e-05 1.029093e-04
1.074306e-04 1.510883e-05
6.606176e-05 -7.551159e-05
-2.431428e-05 -8.669987e-05
-7.459585e-05 -2.373545e-05
-5.129380e-05 4.101652e-05
3.922639e-06 5.269811e-05
3.448950e-05 2.097274e-05
2.688196e-05 -1.032989e-05
6.729915e-06 -1.746477e-05
-2.963521e-06 -1.054098e-05
-3.590634e-06 -6.453221e-06
-6.180905e-06 -6.207653e-06
-1.117571e-05 -1.430338e-06
-9.955106e-06 8.319344e-06
1.337653e-07 1.360296e-05
1.058025e-05 8.039635e-06
1.180381e-05 -3.329726e-06
3.825143e-06 -1.008166e-05
-4.953922e-06 -7.595370e-06
-7.293127e-06 -3.154377e-07
-3.396771e-06 4.462889e-06
1.346458e-06 3.849751e-06
2.703290e-06 5.551803e-07
1.009710e-06 -1.352267e-06
-6.490447e-07 -6.757292e-07
-3.654357e-07 6.452622e-07
8.865040e-07 5.059795e-07
1.025494e-06 -8.782477e-07
-4.002811e-07 -1.556918e-06
-1.726605e-06 -4.324432e-07
-1.291390e-06 1.357368e-06
5.327858e-07 1.820483e-06
1.800162e-06 4.577740e-07
1.252216e-06 -1.240064e-06
-3.720766e-07 -1.575643e-06
-1.361738e-06 -4.572395e-07
-9.499472e-07 7.745117e-07
1.139470e-07 9.924943e-07
6.885037e-07 3.433989e-07
4.759473e-07 -2.737469e-07
2.808013e-08 -3.474208e-07
-1.309604e-07 -1.177753e-07
-4.085319e-08 -1.145939e-08
-1.490439e-08 -7.821327e-08
-1.296842e-07 -8.004095e-08
-1.817489e-07 7.796413e-08
-3.878606e-08 2.156864e-07
1.624783e-07 1.509018e-07
