1.348378e-09 -4.992273e-10
4.790007e-09 -1.657282e-08
-1.460411e-08 -1.625727e-08
-2.474750e-08 4.524666e-09
-9.458536e-09 2.493027e-08
1.627827e-08 2.037156e-08
2.307025e-08 -3.574349e-09
6.279897e-09 -1.759688e-08
-8.930462e-09 -8.845007e-09
-4.887224e-09 3.417059e-09
4.471559e-09 -5.019114e-10
-1.607866e-09 -1.047984e-08
-1.614321e-08 -4.016965e-09
-1.402062e-08 1.614588e-08
8.626227e-09 2.288242e-08
2.543943e-08 3.715904e-09
1.537146e-08 -1.997876e-08
-9.054514e-09 -2.132847e-08
-1.981292e-08 -2.252616e-09
-9.348576e-09 1.290020e-08
4.874686e-09 1.050406e-08
7.286752e-09 4.263614e-10
1.593240e-09 -3.061872e-09
-7.323202e-10 1.115931e-10
2.105413e-09 1.178902e-09
3.209927e-09 -2.347454e-09
-4.935523e-10 -4.774157e-09
-4.458376e-09 -2.227806e-09
-4.096536e-09 2.293351e-09
-4.969726e-10 4.085945e-09
2.398105e-09 2.443952e-09
2.760243e-09 -1.448107e-10
1.463570e-09 -1.679634e-09
-1.198820e-10 -1.829458e-09
-1.168765e-09 -9.893660e-10
-1.236786e-09 1.867303e-10
-4.606634e-10 8.270446e-10
2.832036e-10 5.425595e-10
2.713332e-10 -2.907562e-11
-1.424181e-10 -3.567718e-11
-8.736436e-11 3.963947e-10
4.936092e-10 3.967841e-10
7.325539e-10 -2.925227e-10
1.223779e-10 -8.593064e-10
-6.943689e-10 -5.360147e-10
-7.608062e-10 3.305191e-10
-5.578250e-11 7.395468e-10
5.431960e-10 3.218180e-10
4.220004e-10 -2.956650e-10
-9.392129e-11 -3.963436e-10
-3.166292e-10 -2.802740e-11
-8.679482e-11 2.371837e-10
1.766612e-10 1.153294e-10
1.356616e-10 -1.281535e-10
-7.922493e-11 -1.513864e-10
-1.553710e-10 2.550581e-11
-2.746792e-11 1.410685e-10
1.088122e-10 7.003650e-11
9.489689e-11 -6.537481e-11
-1.998097e-11 -1.000594e-10
-8.820156e-11 -1.934793e-11
