6.983454e-07 -6.967861e-08
5.038680e-07 -4.910862e-07
3.459184e-07 -6.253062e-07
3.027178e-07 -1.127322e-06
-7.500518e-07 -1.968509e-06
-3.077948e-06 -1.255226e-06
-4.059030e-06 2.288177e-06
-6.825125e-07 5.948042e-06
5.448476e-06 4.724637e-06
7.955501e-06 -2.253755e-06
2.604183e-06 -8.737682e-06
-6.461309e-06 -7.280948e-06
-9.946874e-06 1.778588e-06
-3.688495e-06 9.527576e-06
6.121036e-06 7.984883e-06
9.581911e-06 -9.819519e-07
3.945417e-06 -8.013495e-06
-4.119174e-06 -6.832017e-06
-6.798046e-06 -2.969587e-07
-3.322744e-06 4.344156e-06
1.074840e-06 3.904923e-06
2.368066e-06 1.199435e-06
1.477553e-06 -1.418861e-07
1.156087e-06 -7.798261e-08
1.671319e-06 -7.075563e-07
1.070848e-06 -2.343269e-06
-1.319172e-06 -2.888587e-06
-3.458682e-06 -8.757870e-07
-2.972541e-06 2.303032e-06
-5.235864e-09 3.780100e-06
2.886506e-06 2.253949e-06
3.340291e-06 -8.313248e-07
1.290219e-06 -2.874168e-06
-1.304072e-06 -2.489558e-06
-2.397504e-06 -4.421063e-07
-1.527096e-06 1.357714e-06
1.125931e-07 1.630708e-06
1.015564e-06 6.749744e-07
7.656958e-07 -2.564743e-07
1.531198e-07 -3.819336e-07
2.642865e-08 -6.981576e-08
2.882330e-07 -1.030663e-07
2.094822e-07 -5.467696e-07
-4.391696e-07 -6.797546e-07
-9.701335e-07 -3.573587e-08
-6.367270e-07 8.583042e-07
3.637270e-07 1.043862e-06
1.049866e-06 2.799870e-07
7.714473e-07 -6.676479e-07
-1.039365e-07 -9.104371e-07
-6.928559e-07 -3.707723e-07
-5.716894e-07 2.873999e-07
-7.895240e-08 4.828444e-07
2.353951e-07 2.506268e-07
2.123314e-07 -7.867980e-09
8.231199e-08 -6.648938e-08
5.247849e-08 -3.101991e-08
7.756374e-08 -6.476259e-08
1.962811e-08 -1.431913e-07
-1.153981e-07 -1.279005e-07
-1.837256e-07 1.405599e-08
