2.950231e-12 -2.404305e-12
-3.325617e-11 -1.441842e-11
-2.597052e-11 6.515767e-11
7.119091e-11 7.500621e-11
1.228567e-10 -2.809691e-11
4.610395e-11 -1.276913e-10
-7.866623e-11 -1.068869e-10
-1.185197e-10 3.846703e-12
-5.268654e-11 8.043911e-11
2.474399e-11 6.423162e-11
3.860286e-11 1.070530e-11
1.052330e-11 -7.432817e-12
1.200855e-12 1.046271e-11
2.366891e-11 1.618758e-11
3.948879e-11 -1.176938e-11
1.851867e-11 -4.465524e-11
-2.405187e-11 -4.465779e-11
-4.829241e-11 -9.043472e-12
-3.339808e-11 2.922137e-11
2.784047e-12 3.718924e-11
2.487125e-11 1.456885e-11
1.754375e-11 -9.810383e-12
-1.714255e-12 -1.241994e-11
-8.030211e-12 6.148810e-13
8.913698e-13 7.506630e-12
7.968909e-12 1.049764e-12
3.731727e-12 -6.199031e-12
-2.953094e-12 -4.023559e-12
-1.823205e-12 1.552509e-12
3.332096e-12 4.173651e-13
2.511957e-12 -5.640511e-12
-4.659204e-12 -6.804147e-12
-9.061809e-12 -2.482092e-13
-5.516327e-12 6.543025e-12
1.007904e-12 6.830635e-12
3.465805e-12 2.846049e-12
1.937886e-12 9.080450e-13
1.735276e-12 2.187513e-12
4.798597e-12 2.043502e-12
6.906671e-12 -2.442211e-12
3.758822e-12 -7.920723e-12
-3.206838e-12 -8.950602e-12
-8.692543e-12 -4.290587e-12
-9.188372e-12 2.709830e-12
-4.910030e-12 8.017000e-12
1.828586e-12 9.048764e-12
7.459427e-12 4.934121e-12
8.060672e-12 -2.069503e-12
3.042707e-12 -6.544320e-12
-2.672911e-12 -4.949412e-12
-3.673774e-12 -3.470003e-13
-9.065802e-13 1.390292e-12
2.353295e-13 -3.294949e-13
-1.634004e-12 -7.868290e-13
-2.195725e-12 1.816635e-12
8.391597e-13 3.308457e-12
3.523251e-12 6.438320e-13
1.963260e-12 -2.844031e-12
-1.554791e-12 -2.679077e-12
-2.519650e-12 8.106338e-14
-9.729744e-13 1.459870e-12
