8.814084e-06 6.630459e-06
1.339903e-05 -4.350537e-06
5.233269e-06 -1.662087e-05
-1.249517e-05 -1.689249e-05
-2.472564e-05 -5.786066e-08
-1.714692e-05 2.253764e-05
8.248099e-06 3.033779e-05
3.110994e-05 1.297981e-05
3.041266e-05 -1.696240e-05
5.716298e-06 -3.414419e-05
-2.180436e-05 -2.491990e-05
-3.048591e-05 4.742712e-07
-1.772768e-05 2.048159e-05
2.111223e-06 2.327268e-05
1.483748e-05 1.323810e-05
1.720803e-05 6.152165e-07
1.286969e-05 -9.144168e-06
4.433181e-06 -1.491283e-05
-6.653968e-06 -1.460198e-05
-1.557192e-05 -5.972875e-06
-1.528505e-05 7.561589e-06
-4.225432e-06 1.644543e-05
9.685178e-06 1.325083e-05
1.538348e-05 6.522503e-07
9.109415e-06 -1.065973e-05
-2.504184e-06 -1.213742e-05
-9.534780e-06 -4.668913e-06
-7.890685e-06 3.864410e-06
-1.443707e-06 6.828230e-06
3.351299e-06 4.047973e-06
3.658165e-06 -2.341071e-08
1.456446e-06 -1.677843e-06
1.961797e-08 -9.884717e-07
2.757248e-07 -3.177671e-07
6.309020e-07 -9.525920e-07
-3.796682e-07 -1.779745e-06
-2.056508e-06 -1.069866e-06
-2.393493e-06 1.096258e-06
-5.993962e-07 2.706997e-06
1.804912e-06 2.081857e-06
2.595713e-06 -2.121913e-07
1.221749e-06 -2.004899e-06
-7.786833e-07 -1.860188e-06
-1.598362e-06 -3.768631e-07
-9.549986e-07 8.136934e-07
4.965347e-08 8.793312e-07
4.366543e-07 3.234156e-07
2.653408e-07 -1.883900e-08
1.278044e-07 7.445046e-09
2.232086e-07 4.228335e-10
2.366655e-07 -2.299026e-07
-4.772151e-08 -3.931754e-07
-3.764280e-07 -1.945554e-07
-3.646287e-07 2.112458e-07
-8.893778e-09 3.981955e-07
3.087881e-07 1.902634e-07
2.812778e-07 -1.549369e-07
-8.532896e-11 -2.780559e-07
-2.078684e-07 -1.119368e-07
-1.633518e-07 1.091310e-07
1.700983e-08 1.586615e-07
