-2.250139e-11 -8.761271e-12
-1.225779e-10 2.829126e-10
3.431618e-10 2.627482e-10
4.741504e-10 -2.467638e-10
2.038587e-11 -5.887787e-10
-4.919086e-10 -3.253560e-10
-4.934642e-10 2.212851e-10
-6.473724e-11 4.490607e-10
2.659527e-10 2.183830e-10
2.113353e-10 -9.009507e-11
-1.585543e-11 -1.303011e-10
-8.074976e-11 2.851991e-11
4.913642e-11 9.825974e-11
1.413167e-10 -2.057873e-11
4.939316e-11 -1.513595e-10
-1.096727e-10 -1.137087e-10
-1.377572e-10 4.221749e-11
-1.564536e-11 1.234730e-10
9.352564e-11 4.975625e-11
6.715868e-11 -6.416206e-11
-3.615956e-11 -7.719667e-11
-7.949941e-11 5.455407e-12
-2.513717e-11 6.858152e-11
4.432544e-11 4.636488e-11
5.128416e-11 -1.501708e-11
8.466592e-12 -4.115650e-11
-2.383683e-11 -1.964209e-11
-1.885968e-11 8.423705e-12
9.027668e-13 1.171822e-11
5.905081e-12 -1.876201e-12
-6.211234e-12 -7.139849e-12
-1.502446e-11 5.832914e-12
-4.116921e-12 2.211781e-11
1.913274e-11 1.988725e-11
3.046998e-11 -3.506981e-12
1.651296e-11 -2.643886e-11
-8.965552e-12 -2.749322e-11
-2.211124e-11 -9.948330e-12
-1.716149e-11 5.771324e-12
-7.942669e-12 9.395921e-12
-4.537164e-12 8.879355e-12
-1.650947e-12 1.198544e-11
7.208189e-12 1.322456e-11
1.595624e-11 4.874739e-12
1.420085e-11 -8.356175e-12
2.849703e-12 -1.435162e-11
-6.888416e-12 -9.386904e-12
-8.022442e-12 -1.358438e-12
-4.467023e-12 1.960114e-12
-2.874971e-12 1.607829e-12
-3.409666e-12 2.745596e-12
-1.608442e-12 5.832141e-12
3.569699e-12 6.312795e-12
7.621205e-12 1.736421e-12
6.382416e-12 -4.513438e-12
9.659221e-13 -7.377963e-12
-4.304302e-12 -5.439838e-12
-6.495934e-12 -7.912039e-13
-5.014413e-12 3.957087e-12
-4.485399e-13 6.401505e-12
4.737191e-12 4.399572e-12
