2.788627e-12 -5.934486e-12
-7.413084e-11 -6.118729e-11
-1.290150e-10 8.633796e-11
3.447062e-11 2.089098e-10
2.463278e-10 7.585138e-11
2.002865e-10 -2.079941e-10
-1.025076e-10 -2.845673e-10
-2.977755e-10 -2.730374e-11
-1.332474e-10 2.478036e-10
1.700159e-10 1.907411e-10
2.079068e-10 -9.945763e-11
-4.820377e-11 -2.105037e-10
-2.168045e-10 3.964905e-12
-5.168348e-11 2.230823e-10
2.100879e-10 1.225182e-10
1.919155e-10 -1.628338e-10
-8.562124e-11 -2.356005e-10
-2.404245e-10 -1.121459e-13
-7.177484e-11 2.126717e-10
1.699085e-10 1.205001e-10
1.523318e-10 -1.252120e-10
-7.850724e-11 -1.762774e-10
-1.914462e-10 2.224742e-11
-4.470395e-11 1.856162e-10
1.468503e-10 1.084125e-10
1.452123e-10 -7.804087e-11
-1.393645e-12 -1.378008e-10
-8.962592e-11 -5.222703e-11
-6.220096e-11 2.585619e-11
-2.095792e-11 3.168340e-11
-1.446274e-11 3.104295e-11
9.198763e-12 4.658301e-11
5.041096e-11 2.052561e-11
3.397844e-11 -3.595756e-11
-2.806778e-11 -2.616629e-11
-1.593271e-11 4.493368e-11
8.054400e-11 3.144086e-11
8.638945e-11 -1.052699e-10
-8.574966e-11 -1.649549e-10
-2.280131e-10 1.021972e-11
-9.971217e-11 2.374856e-10
1.815866e-10 2.003702e-10
2.527154e-10 -8.262562e-11
1.800209e-11 -2.453424e-10
-1.979349e-10 -8.618405e-11
-1.138674e-10 1.443223e-10
1.088098e-10 1.183104e-10
1.248561e-10 -9.262639e-11
-7.810104e-11 -1.472164e-10
-1.787938e-10 4.500797e-11
-1.359602e-11 1.989750e-10
1.879972e-10 8.609036e-11
1.491874e-10 -1.399192e-10
-6.637717e-11 -1.811640e-10
-1.731895e-10 -9.680610e-12
-6.568885e-11 1.329761e-10
7.970867e-11 8.995827e-11
8.568305e-11 -3.366736e-11
-6.413972e-12 -6.687259e-11
-4.903425e-11 -3.136171e-12
-4.965445e-12 4.037272e-11
