5.688997e-13 2.595439e-12
4.162766e-11 -1.273331e-11
1.964237e-12 -7.259286e-11
-8.237982e-11 -4.916645e-11
-9.898623e-11 4.878476e-11
-1.763476e-11 1.139190e-10
7.803064e-11 7.961793e-11
1.002003e-10 -1.022342e-11
4.889140e-11 -6.992271e-11
-1.330163e-11 -6.645070e-11
-4.039269e-11 -3.021214e-11
-3.563507e-11 -1.444548e-12
-2.465190e-11 9.178277e-12
-2.009910e-11 1.476093e-11
-1.413375e-11 2.557693e-11
3.856201e-12 3.417526e-11
2.796822e-11 2.536578e-11
3.817007e-11 -1.498847e-12
2.366617e-11 -2.642231e-11
-2.177150e-12 -2.991576e-11
-1.703081e-11 -1.508293e-11
-1.518027e-11 -7.545296e-13
-8.898765e-12 3.360232e-12
-7.338206e-12 4.079781e-12
-5.947904e-12 8.330274e-12
1.141603e-12 1.145882e-11
9.082606e-12 6.651096e-12
9.280367e-12 -2.599741e-12
2.358441e-12 -6.799229e-12
-3.013274e-12 -3.417172e-12
-2.097635e-12 1.031898e-12
1.071981e-12 9.638570e-13
1.042439e-12 -1.613704e-12
-1.571019e-12 -1.728298e-12
-2.247687e-12 1.021263e-12
3.637181e-13 2.539946e-12
2.787353e-12 4.972585e-13
1.850412e-12 -2.638800e-12
-1.369716e-12 -3.312032e-12
-3.690264e-12 -1.106734e-12
-3.603023e-12 1.992367e-12
-1.383335e-12 4.309714e-12
2.296492e-12 4.566154e-12
5.507589e-12 1.523329e-12
4.930721e-12 -3.579750e-12
-7.025664e-14 -6.045525e-12
-4.678330e-12 -2.861235e-12
-3.842456e-12 2.267490e-12
5.515218e-13 3.147908e-12
2.129337e-12 -2.055750e-13
-5.862234e-13 -1.882077e-12
-2.401863e-12 6.281586e-13
-9.168171e-14 2.881092e-12
2.662464e-12 1.108596e-12
1.706164e-12 -1.838248e-12
-1.000003e-12 -1.646383e-12
-1.260545e-12 5.676320e-13
4.700254e-13 9.543583e-13
7.861606e-13 -4.321493e-13
-4.094634e-13 -5.772387e-13
-3.247016e-13 6.094411e-13
