-3.369365e-05 4.307800e-05
2.155889e-05 7.143825e-05
8.827638e-05 2.913179e-05
8.592757e-05 -6.407250e-05
-3.109454e-06 -1.160134e-04
-9.908144e-05 -6.698881e-05
-1.117320e-04 3.971582e-05
-3.511887e-05 1.083442e-04
5.785475e-05 8.928557e-05
9.602302e-05 1.381167e-05
6.841581e-05 -5.376060e-05
1.135046e-05 -7.718935e-05
-3.859666e-05 -6.040635e-05
-6.566838e-05 -2.074326e-05
-6.333928e-05 2.734428e-05
-2.808740e-05 6.455653e-05
2.675518e-05 6.617190e-05
6.625883e-05 2.478945e-05
5.983738e-05 -3.230936e-05
1.291639e-05 -6.184564e-05
-3.538824e-05 -4.424164e-05
-4.898720e-05 -4.594443e-07
-2.600596e-05 3.144452e-05
6.393338e-06 3.204347e-05
2.209857e-05 1.182705e-05
1.700159e-05 -6.774277e-06
4.252415e-06 -1.183658e-05
-3.469958e-06 -7.181277e-06
-4.085349e-06 -2.011605e-06
-2.561532e-06 -3.826177e-07
-2.550298e-06 -1.601491e-07
-3.058637e-06 1.460693e-06
-1.501606e-06 3.855214e-06
2.122843e-06 4.116636e-06
4.782798e-06 9.849315e-07
3.724166e-06 -3.223874e-06
-3.598503e-07 -4.777376e-06
-3.834553e-06 -2.365175e-06
-3.775274e-06 1.582869e-06
-7.825575e-07 3.495491e-06
2.010053e-06 2.226236e-06
2.361896e-06 -2.753044e-07
8.553675e-07 -1.527874e-06
-4.607873e-07 -1.055629e-06
-5.825987e-07 -1.900089e-07
-2.016533e-07 -6.063039e-09
-2.465977e-07 -2.003547e-07
-5.864789e-07 1.994456e-08
-4.587569e-07 6.309740e-07
2.858815e-07 8.457285e-07
9.008240e-07 2.493395e-07
6.934568e-07 -6.043014e-07
-1.216825e-07 -8.541320e-07
-7.074197e-07 -3.218679e-07
-5.641687e-07 3.701460e-07
1.213493e-08 5.642727e-07
3.893603e-07 2.305953e-07
3.040669e-07 -1.594287e-07
1.517944e-08 -2.391295e-07
-1.197667e-07 -7.918489e-08
-4.761502e-08 3.384507e-08
