-2.566313e-11 -1.872082e-13
-1.176771e-10 2.386925e-10
2.327235e-10 1.929248e-10
2.935587e-10 -2.012985e-10
-1.124154e-10 -3.988981e-10
-4.632046e-10 -3.893880e-11
-2.186111e-10 4.467017e-10
3.456694e-10 3.706616e-10
4.533428e-10 -1.978763e-10
-5.651078e-11 -4.668404e-10
-4.492723e-10 -4.943570e-11
-1.366092e-10 4.407596e-10
4.425893e-10 2.497606e-10
4.149921e-10 -4.068010e-10
-2.706155e-10 -6.003945e-10
-7.200078e-10 1.374746e-11
-3.060040e-10 6.857511e-10
4.730656e-10 5.716689e-10
6.736352e-10 -1.510654e-10
1.492190e-10 -5.795468e-10
-3.578345e-10 -3.105681e-10
-2.988379e-10 1.365352e-10
2.413284e-11 1.789207e-10
6.713918e-11 -4.519316e-11
-1.328172e-10 -5.278045e-11
-1.412262e-10 1.811606e-10
1.215365e-10 2.554686e-10
2.934554e-10 2.897054e-11
1.783312e-10 -2.020011e-10
-1.756626e-11 -2.221202e-10
-1.158088e-10 -1.535306e-10
-2.025499e-10 -9.163500e-11
-2.854759e-10 8.866285e-11
-1.344342e-10 3.558545e-10
2.644024e-10 3.526136e-10
4.622860e-10 -6.345573e-11
1.425970e-10 -4.306202e-10
-3.066650e-10 -2.654315e-10
-2.841285e-10 1.797479e-10
1.165609e-10 2.478048e-10
2.321687e-10 -1.198781e-10
-1.340253e-10 -2.826035e-10
-3.823239e-10 8.954795e-11
-4.521263e-11 4.645956e-10
4.581561e-10 2.397006e-10
4.180785e-10 -3.347033e-10
-1.282130e-10 -5.046798e-10
-4.681831e-10 -8.461837e-11
-2.287226e-10 3.373168e-10
1.801658e-10 2.711860e-10
2.334608e-10 -6.228236e-11
-1.108986e-11 -1.701322e-10
-1.306974e-10 8.066634e-12
1.055108e-11 1.303822e-10
1.476916e-10 1.451508e-11
6.868303e-11 -1.468173e-10
-1.064980e-10 -1.250401e-10
-1.506978e-10 3.478888e-11
-3.840676e-11 1.305991e-10
7.619349e-11 8.272397e-11
8.604709e-11 -1.546331e-11
