-1.157567e-10 6.147978e-11
-1.228017e-10 1.221638e-09
8.954320e-10 6.540321e-10
9.119339e-10 -4.639464e-10
-3.659365e-11 -9.799614e-10
-8.953228e-10 -3.751177e-10
-7.297197e-10 6.333552e-10
2.108107e-10 9.148762e-10
8.358509e-10 2.432610e-10
5.439110e-10 -5.259112e-10
-1.530088e-10 -5.841772e-10
-4.175689e-10 -9.325473e-11
-1.350399e-10 2.127044e-10
1.219154e-10 4.723856e-11
-1.975079e-11 -1.751243e-10
-2.778313e-10 -3.702667e-11
-2.026331e-10 3.005245e-10
1.801203e-10 3.696226e-10
4.252017e-10 4.077382e-11
2.529787e-10 -3.290229e-10
-1.312687e-10 -3.576750e-10
-3.242211e-10 -6.928766e-11
-1.892128e-10 1.964967e-10
5.438122e-11 2.030657e-10
1.438690e-10 3.734782e-11
5.991626e-11 -7.022501e-11
-2.691128e-11 -3.759396e-11
-1.060702e-11 2.390560e-11
4.187358e-11 6.303703e-12
2.671243e-11 -5.361973e-11
-4.352238e-11 -5.539074e-11
-7.308455e-11 1.355267e-11
-2.294336e-11 6.948237e-11
4.586450e-11 5.106618e-11
6.096599e-11 -1.162685e-11
2.049034e-11 -5.035575e-11
-2.487033e-11 -3.884849e-11
-3.757093e-11 -3.516757e-12
-2.142390e-11 2.020313e-11
-1.105124e-12 2.148517e-11
7.484856e-12 1.252347e-11
7.797478e-12 7.757298e-12
1.141352e-11 7.268796e-12
1.921712e-11 -6.727960e-14
1.790667e-11 -1.715905e-11
-9.016971e-13 -2.887714e-11
-2.419247e-11 -1.915135e-11
-2.984975e-11 6.323011e-12
-1.329663e-11 2.470963e-11
8.094280e-12 2.261875e-11
1.726955e-11 8.396693e-12
1.434423e-11 -3.040241e-12
8.848480e-12 -7.644204e-12
4.614851e-12 -1.009381e-11
-1.149538e-12 -1.199270e-11
-8.784449e-12 -9.733582e-12
-1.341591e-11 -1.882657e-12
-1.109828e-11 7.163766e-12
-3.574878e-12 1.171823e-11
4.034094e-12 1.018210e-11
8.154385e-12 5.085064e-12
