-1.498392e-10 1.655332e-10
2.600852e-10 1.965501e-09
6.875946e-10 5.019083e-10
-5.433595e-10 6.197207e-10
2.143650e-10 2.832788e-09
4.421956e-09 2.638395e-09
6.785614e-09 -3.262092e-09
1.190646e-09 -9.661939e-09
-8.933875e-09 -7.274832e-09
-1.196957e-08 4.171098e-09
-2.694233e-09 1.277015e-08
9.288067e-09 8.496322e-09
1.077796e-08 -3.460732e-09
1.738649e-09 -9.211336e-09
-5.580957e-09 -4.160307e-09
-3.650343e-09 2.444653e-09
1.459265e-09 1.841698e-09
8.440073e-10 -2.481547e-09
-3.930528e-09 -1.797539e-09
-4.231505e-09 4.028533e-09
2.022686e-09 6.538570e-09
7.129382e-09 1.387704e-09
4.593753e-09 -5.455408e-09
-2.272817e-09 -6.132936e-09
-5.537195e-09 -9.246035e-10
-2.846032e-09 3.474923e-09
1.196737e-09 3.087327e-09
2.176670e-09 2.698586e-10
6.398499e-10 -1.059493e-09
-4.432388e-10 -3.339330e-10
-1.741719e-11 4.404086e-10
6.753982e-10 9.711399e-11
5.122326e-10 -6.850738e-10
-2.828708e-10 -8.926297e-10
-8.967770e-10 -3.501632e-10
-8.493970e-10 4.614513e-10
-1.863559e-10 9.424334e-10
6.136674e-10 7.123898e-10
8.919569e-10 -7.493297e-11
3.958138e-10 -7.166738e-10
-3.521087e-10 -6.187999e-10
-5.824785e-10 7.836612e-12
-1.836353e-10 4.034029e-10
2.270213e-10 2.138117e-10
1.644220e-10 -1.395503e-10
-1.368668e-10 -1.321585e-10
-1.643725e-10 1.540249e-10
1.244469e-10 2.404103e-10
3.000430e-10 -2.703251e-11
1.056004e-10 -2.920299e-10
-2.080862e-10 -2.156753e-10
-2.602807e-10 8.292839e-11
-3.316106e-11 2.345178e-10
1.661244e-10 1.056751e-10
1.298503e-10 -9.159969e-11
-3.408164e-11 -1.226804e-10
-1.045297e-10 -3.131378e-12
-2.815511e-11 8.582574e-11
6.612127e-11 4.809048e-11
6.289853e-11 -4.172231e-11
-1.304572e-11 -6.796611e-11
