-1.176969e-09 -1.880369e-09
-1.862758e-08 -1.373039e-09
-3.321814e-09 6.700229e-09
7.222600e-10 -6.436555e-09
-1.821607e-08 -8.234587e-09
-2.640316e-08 1.977426e-08
5.188701e-09 4.372531e-08
4.780238e-08 2.078195e-08
4.565564e-08 -3.353542e-08
-6.252073e-09 -5.706834e-08
-5.005831e-08 -2.184258e-08
-3.903621e-08 2.930792e-08
5.548755e-09 4.041049e-08
2.947731e-08 1.100669e-08
1.596339e-08 -1.484366e-08
-4.584790e-09 -1.189587e-08
-5.354691e-09 1.955286e-09
4.713540e-09 2.181951e-09
4.207439e-09 -7.813886e-09
-7.226609e-09 -9.054746e-09
-1.258635e-08 2.339348e-09
-4.274719e-09 1.196416e-08
7.289031e-09 9.062898e-09
9.893883e-09 -1.068880e-09
3.709996e-09 -7.103890e-09
-2.817727e-09 -5.408353e-09
-4.345328e-09 -6.540855e-10
-2.139391e-09 2.101345e-09
2.631153e-10 1.906431e-09
1.025776e-09 4.735753e-10
3.874957e-10 -4.447394e-10
-4.364588e-10 -1.821939e-10
-3.401471e-10 6.666565e-10
6.525517e-10 8.336194e-10
1.284322e-09 -1.901979e-10
5.367849e-10 -1.335480e-09
-9.173090e-10 -1.157685e-09
-1.401691e-09 2.460889e-10
-3.728613e-10 1.246888e-09
8.648888e-10 7.481356e-10
8.695928e-10 -4.583035e-10
-1.363182e-10 -8.364918e-10
-7.439776e-10 -9.840776e-11
-2.833149e-10 6.243420e-10
4.660578e-10 4.307130e-10
5.161593e-10 -2.653952e-10
-5.396226e-11 -5.122387e-10
-4.239312e-10 -1.170548e-10
-2.129060e-10 2.921315e-10
1.668677e-10 2.365326e-10
2.196257e-10 -7.673234e-11
-1.884141e-11 -1.954261e-10
-1.770129e-10 -2.719005e-11
-7.666486e-11 1.557293e-10
1.162225e-10 1.270390e-10
1.619491e-10 -5.320408e-11
2.257562e-11 -1.651378e-10
-1.321739e-10 -9.069348e-11
-1.324134e-10 7.292377e-11
6.077827e-12 1.389933e-10
1.139684e-10 4.893548e-11
