1.017655e-06 1.602902e-05
1.600939e-05 1.069388e-05
1.987169e-05 -6.321018e-06
8.082505e-06 -1.894560e-05
-7.158375e-06 -1.749017e-05
-1.487069e-05 -8.185108e-06
-1.675517e-05 1.041617e-06
-1.580366e-05 1.186852e-05
-5.477059e-06 2.478771e-05
1.829319e-05 2.667782e-05
3.946538e-05 3.435743e-06
3.129805e-05 -3.429244e-05
-1.020015e-05 -5.117555e-05
-5.130875e-05 -2.341284e-05
-5.092102e-05 2.927515e-05
-5.830740e-06 5.873485e-05
4.296893e-05 3.785304e-05
5.234011e-05 -1.172961e-05
1.955152e-05 -4.435979e-05
-2.059203e-05 -3.686188e-05
-3.497332e-05 -5.355911e-06
-2.111393e-05 1.909102e-05
3.825198e-07 2.195787e-05
1.188720e-05 1.115469e-05
1.185311e-05 4.218727e-07
7.472196e-06 -4.889688e-06
3.197286e-06 -6.812325e-06
-1.102234e-06 -7.065920e-06
-5.299445e-06 -4.753401e-06
-7.012074e-06 1.884754e-07
-4.541195e-06 4.945587e-06
4.998939e-07 6.216474e-06
4.466419e-06 3.454115e-06
4.930499e-06 -8.783439e-07
2.324081e-06 -3.699212e-06
-1.001151e-06 -3.616586e-06
-2.818329e-06 -1.446310e-06
-2.461904e-06 8.801023e-07
-8.737153e-07 1.903936e-06
5.159608e-07 1.537084e-06
1.027340e-06 6.697364e-07
9.696548e-07 3.792904e-08
8.315278e-07 -3.746191e-07
5.653058e-07 -8.414642e-07
-1.268811e-07 -1.161932e-06
-1.026351e-06 -8.024667e-07
-1.357084e-06 2.630842e-07
-6.589417e-07 1.231851e-06
5.464118e-07 1.233235e-06
1.213546e-06 2.876324e-07
8.479265e-07 -7.089680e-07
-5.586756e-08 -9.365092e-07
-6.383315e-07 -4.136866e-07
-5.481933e-07 2.065236e-07
-1.175887e-07 4.074128e-07
1.670595e-07 2.281047e-07
1.659876e-07 1.203277e-08
6.413551e-08 -4.570419e-08
3.329399e-08 -1.876405e-08
5.146368e-08 -3.464401e-08
1.932051e-08 -8.658168e-08
