2.534597e-05 -1.084882e-05
8.254156e-06 -3.691764e-05
-3.153316e-05 -3.545084e-05
-5.473582e-05 5.630794e-06
-2.981348e-05 5.166848e-05
2.487692e-05 5.575992e-05
5.819198e-05 1.243884e-05
4.152765e-05 -3.694126e-05
-4.492628e-06 -4.975767e-05
-3.686572e-05 -2.270460e-05
-3.372170e-05 1.305997e-05
-8.321585e-06 2.782492e-05
1.266764e-05 1.839471e-05
1.626474e-05 1.673015e-06
8.579009e-06 -7.399704e-06
1.051758e-06 -7.399404e-06
-2.005128e-06 -4.594910e-06
-3.012646e-06 -2.745021e-06
-4.035127e-06 -8.898975e-07
-3.865679e-06 2.031534e-06
-1.182871e-06 4.245692e-06
2.397717e-06 3.440649e-06
3.771929e-06 1.492517e-07
1.963514e-06 -2.561206e-06
-8.644887e-07 -2.479167e-06
-1.989808e-06 -4.155917e-07
-9.558535e-07 1.152677e-06
4.837295e-07 9.386877e-07
7.222517e-07 -1.473386e-07
-4.148835e-08 -5.595883e-07
-5.133054e-07 -5.041976e-09
-9.638804e-08 5.242505e-07
5.131272e-07 2.467236e-07
4.215748e-07 -4.329515e-07
-2.695622e-07 -5.756238e-07
-6.623437e-07 3.027310e-08
-2.523530e-07 6.350735e-07
4.647069e-07 5.113692e-07
6.581185e-07 -1.710918e-07
1.619430e-07 -6.257917e-07
-4.185784e-07 -4.145514e-07
-4.945932e-07 1.250511e-07
-1.245582e-07 3.950714e-07
2.003296e-07 2.339403e-07
1.964646e-07 -3.167667e-08
3.033888e-08 -9.021066e-08
-1.674751e-08 8.777789e-09
7.495500e-08 3.014968e-08
1.073455e-07 -8.806475e-08
-2.030106e-08 -1.762709e-07
-1.746517e-07 -9.029813e-08
-1.745314e-07 9.388015e-08
-2.043757e-08 1.837967e-07
1.207951e-07 1.052376e-07
1.235937e-07 -3.145719e-08
3.086476e-08 -8.492325e-08
-3.157828e-08 -4.121578e-08
-1.490470e-08 5.132390e-09
1.760813e-08 -9.836527e-09
-3.336677e-09 -4.712411e-08
-5.886944e-08 -3.369343e-08
