2.461862e-11 1.159003e-10
5.356399e-10 3.480252e-10
-8.514496e-10 7.024502e-10
9.516944e-11 3.244657e-09
4.803648e-09 3.048111e-09
7.488871e-09 -3.415663e-09
1.476809e-09 -1.051841e-08
-9.640192e-09 -8.105196e-09
-1.320534e-08 4.364270e-09
-3.219638e-09 1.401364e-08
1.006748e-08 9.605523e-09
1.202296e-08 -3.524447e-09
2.238691e-09 -1.009739e-08
-5.897233e-09 -4.763157e-09
-3.914330e-09 2.405599e-09
1.535352e-09 1.668188e-09
5.507910e-10 -3.037745e-09
-4.940577e-09 -1.885138e-09
-5.016653e-09 5.072764e-09
2.562553e-09 7.919602e-09
8.639221e-09 1.660938e-09
5.573764e-09 -6.547812e-09
-2.637476e-09 -7.381990e-09
-6.558510e-09 -1.217734e-09
-3.440080e-09 3.985523e-09
1.238367e-09 3.581764e-09
2.355347e-09 4.234353e-10
6.935527e-10 -9.713737e-10
-3.104504e-10 -1.562470e-10
3.091414e-10 4.759757e-10
9.381299e-10 -1.772592e-10
4.506885e-10 -1.059723e-09
-5.812885e-10 -1.055778e-09
-1.156370e-09 -2.519103e-10
-9.372242e-10 6.526488e-10
-1.523190e-10 1.095745e-09
7.035056e-10 8.063721e-10
1.012665e-09 -4.854041e-11
5.004019e-10 -7.748798e-10
-3.261214e-10 -7.231024e-10
-6.321159e-10 -6.170473e-11
-2.402734e-10 3.979741e-10
2.040308e-10 2.290991e-10
1.493621e-10 -1.370659e-10
-1.671266e-10 -1.184119e-10
-1.776356e-10 2.021329e-10
1.644407e-10 2.857964e-10
3.640451e-10 -3.930949e-11
1.257835e-10 -3.537128e-10
-2.502992e-10 -2.594397e-10
-3.118611e-10 9.860280e-11
-4.040521e-11 2.790729e-10
1.955086e-10 1.254347e-10
1.511002e-10 -1.060911e-10
-3.967517e-11 -1.390419e-10
-1.158755e-10 8.978140e-14
-2.444463e-11 9.576357e-11
7.770057e-11 4.534510e-11
6.424346e-11 -5.465833e-11
-2.413834e-11 -7.482133e-11
-7.104575e-11 -8.333944e-12
