-1.572240e-10 -2.613360e-10
-3.114366e-09 -4.652124e-10
-1.983050e-09 1.995593e-09
3.471461e-10 2.030290e-09
7.725076e-10 3.852364e-10
-5.853274e-10 4.481040e-10
7.371809e-11 2.622048e-09
3.963778e-09 2.412129e-09
5.905568e-09 -2.942334e-09
7.537768e-10 -8.270151e-09
-7.711893e-09 -5.698724e-09
-9.523709e-09 3.985871e-09
-1.390570e-09 1.034679e-08
7.881825e-09 6.039658e-09
8.116998e-09 -3.528793e-09
5.499949e-10 -7.295725e-09
-4.767550e-09 -2.721492e-09
-2.721968e-09 2.349982e-09
1.332401e-09 1.582582e-09
7.861913e-10 -1.790787e-09
-2.737018e-09 -1.258926e-09
-2.838566e-09 2.914520e-09
1.670083e-09 4.497034e-09
5.092136e-09 6.548655e-10
3.006296e-09 -4.114667e-09
-1.960696e-09 -4.317472e-09
-4.137188e-09 -3.833134e-10
-1.968415e-09 2.806184e-09
1.141237e-09 2.391901e-09
1.898088e-09 9.822149e-11
5.987874e-10 -1.087626e-09
-4.912686e-10 -5.345494e-10
-3.153295e-10 2.939768e-10
3.389396e-10 2.635625e-10
4.332337e-10 -3.395748e-10
-1.181844e-10 -6.464528e-10
-6.730335e-10 -2.826785e-10
-6.572707e-10 4.094882e-10
-5.420390e-11 7.930155e-10
6.115336e-10 5.020510e-10
7.315849e-10 -2.095114e-10
2.119714e-10 -6.700324e-10
-3.992765e-10 -4.720994e-10
-5.059605e-10 8.635738e-11
-1.247579e-10 3.768089e-10
2.103858e-10 1.874673e-10
1.525229e-10 -1.058311e-10
-8.411446e-11 -1.081859e-10
-1.118891e-10 9.919440e-11
9.014569e-11 1.602269e-10
2.080099e-10 -2.947877e-11
6.408529e-11 -2.110991e-10
-1.576846e-10 -1.478172e-10
-1.877018e-10 6.993216e-11
-1.675817e-11 1.768536e-10
1.318586e-10 7.659752e-11
1.030677e-10 -7.653607e-11
-2.775542e-11 -1.040107e-10
-9.086877e-11 -8.681747e-12
-3.381123e-11 7.132406e-11
4.856356e-11 4.957391e-11
