6.880008e-11 5.072586e-11
9.067205e-10 -4.044719e-10
-3.169649e-11 -1.286956e-09
-1.437747e-09 -6.739048e-10
-1.494347e-09 1.091132e-09
2.192903e-10 2.026087e-09
1.933237e-09 8.748560e-10
1.706177e-09 -1.195504e-09
-1.568722e-10 -1.907564e-09
-1.470337e-09 -6.767947e-10
-9.576563e-10 7.498755e-10
2.274904e-10 7.131704e-10
3.118680e-10 -1.894145e-10
-5.390995e-10 -2.007444e-10
-5.897171e-10 8.684234e-10
7.422529e-10 1.293144e-09
1.836728e-09 -1.050478e-11
1.059350e-09 -1.766022e-09
-9.585710e-10 -1.923954e-09
-2.096772e-09 -2.673471e-10
-1.327026e-09 1.458986e-09
3.429734e-10 1.720520e-09
1.333244e-09 6.708564e-10
1.111675e-09 -4.884692e-10
2.796665e-10 -8.934006e-10
-3.284181e-10 -5.746993e-10
-3.711977e-10 -1.173556e-10
-1.489285e-10 -1.625363e-11
-1.888709e-10 -1.782429e-10
-5.342747e-10 -4.739991e-11
-5.601803e-10 5.726800e-10
1.771049e-10 1.004395e-09
1.071398e-09 4.702043e-10
1.026198e-09 -6.913020e-10
-5.893544e-11 -1.216217e-09
-9.931429e-10 -5.117895e-10
-7.877978e-10 5.337547e-10
9.946238e-11 7.364602e-10
5.039416e-10 1.292894e-10
1.385077e-10 -2.910610e-10
-2.216885e-10 -4.925254e-11
-1.121574e-11 2.847778e-10
3.706104e-10 1.002175e-10
2.807348e-10 -3.614209e-10
-2.118630e-10 -4.443378e-10
-4.881022e-10 -2.756060e-11
-2.494441e-10 3.795639e-10
1.710790e-10 3.584993e-10
3.252407e-10 3.817941e-11
1.629251e-10 -1.943344e-10
-4.885680e-11 -1.759098e-10
-1.116632e-10 -4.183651e-11
-5.694669e-11 3.398108e-11
-7.101819e-12 2.385619e-11
-1.068465e-11 8.628734e-13
-2.821681e-11 1.452862e-11
-1.290099e-11 4.551247e-11
3.201510e-11 4.770271e-11
6.293255e-11 5.788268e-12
4.484444e-11 -4.749187e-11
-1.080904e-11 -6.345486e-11
