-4.077923e-07 1.191869e-06
9.920730e-07 1.112571e-06
1.611312e-06 -3.946926e-07
3.989467e-07 -1.723570e-06
-1.420215e-06 -1.163715e-06
-1.705118e-06 7.592773e-07
-1.193962e-07 1.847844e-06
1.494732e-06 9.582496e-07
1.446613e-06 -7.449374e-07
8.886674e-08 -1.405284e-06
-9.301475e-07 -6.459940e-07
-7.493617e-07 3.415630e-07
-3.479037e-08 5.083352e-07
2.110444e-07 7.959900e-08
-7.651846e-08 -1.021271e-07
-2.227619e-07 1.915320e-07
1.065441e-07 4.207714e-07
4.961532e-07 1.526791e-07
4.228602e-07 -3.543970e-07
-5.878648e-08 -5.375219e-07
-4.388556e-07 -2.334802e-07
-3.840209e-07 1.978204e-07
-4.965233e-08 3.518539e-07
1.977168e-07 1.916351e-07
1.960230e-07 -2.933055e-08
6.721780e-08 -1.094688e-07
-1.324789e-08 -6.878004e-08
-1.248820e-08 -3.021643e-08
-8.579190e-09 -4.031903e-08
-4.658192e-08 -4.490144e-08
-8.225094e-08 4.233637e-09
-5.498569e-08 7.439728e-08
2.603530e-08 9.238381e-08
8.780987e-08 3.381086e-08
7.407576e-08 -4.795358e-08
3.404960e-09 -7.964475e-08
-5.537436e-08 -4.216488e-08
-5.577594e-08 1.831856e-08
-1.342551e-08 4.565322e-08
2.275315e-08 2.863585e-08
2.588895e-08 -8.269587e-10
9.878297e-09 -1.236634e-08
5.549690e-10 -6.989090e-09
3.282685e-09 -3.745121e-09
4.108871e-09 -1.029128e-08
-6.333174e-09 -1.563381e-08
-2.004936e-08 -7.543451e-09
-2.193132e-08 1.135181e-08
-6.728501e-09 2.591162e-08
1.535292e-08 2.308879e-08
2.732209e-08 3.805414e-09
1.988551e-08 -1.725257e-08
-1.274456e-10 -2.395209e-08
-1.577611e-08 -1.319242e-08
-1.615553e-08 2.891694e-09
-5.917836e-09 1.030956e-08
2.498027e-09 7.052405e-09
3.405813e-09 1.453450e-09
9.375932e-10 -2.706060e-10
-1.378081e-10 5.216084e-10
-1.621549e-10 1.123997e-09
