7.262039e-07 -5.400489e-08
8.012293e-07 -6.728132e-07
4.385337e-07 -1.604837e-06
-1.159609e-06 -2.443317e-06
-3.928829e-06 -1.295946e-06
-4.958338e-06 3.066333e-06
-7.955732e-07 7.569774e-06
6.900833e-06 6.252972e-06
1.052464e-05 -2.391041e-06
4.341181e-06 -1.113758e-05
-7.373206e-06 -1.038592e-05
-1.310541e-05 6.086443e-07
-6.467390e-06 1.139802e-05
6.073978e-06 1.117156e-05
1.196766e-05 6.676802e-07
6.273541e-06 -8.981900e-06
-3.794680e-06 -8.893691e-06
-8.068822e-06 -1.325221e-06
-4.424874e-06 4.812031e-06
1.049923e-06 4.705138e-06
2.806972e-06 1.354162e-06
1.531330e-06 -3.709971e-07
9.277379e-07 1.272612e-08
1.802310e-06 -3.342166e-07
1.609126e-06 -2.347061e-06
-1.059695e-06 -3.483116e-06
-3.924749e-06 -1.427534e-06
-3.712638e-06 2.469419e-06
-2.103552e-07 4.511769e-06
3.407762e-06 2.766271e-06
3.991064e-06 -1.022418e-06
1.425951e-06 -3.468594e-06
-1.700131e-06 -2.846291e-06
-2.827427e-06 -2.931919e-07
-1.588708e-06 1.733645e-06
3.639722e-07 1.820000e-06
1.247083e-06 5.599960e-07
7.612819e-07 -4.699967e-07
-1.328259e-08 -4.509409e-07
-8.502307e-08 4.154403e-08
3.442175e-07 2.966156e-08
3.464837e-07 -5.473219e-07
-3.860198e-07 -8.022613e-07
-1.057726e-06 -1.335908e-07
-7.604255e-07 8.946829e-07
3.430025e-07 1.167874e-06
1.148670e-06 3.508758e-07
8.745632e-07 -7.220199e-07
-1.052121e-07 -1.020918e-06
-7.842811e-07 -4.180838e-07
-6.495752e-07 3.389686e-07
-7.448806e-08 5.642396e-07
2.944738e-07 2.827655e-07
2.573015e-07 -3.208824e-08
8.637402e-08 -1.001075e-07
4.108375e-08 -4.340374e-08
7.586068e-08 -6.827800e-08
1.895667e-08 -1.573186e-07
-1.345223e-07 -1.437511e-07
-2.153416e-07 2.099034e-08
-1.129965e-07 1.883190e-07
