-1.570456e-06 3.065723e-07
-6.663036e-07 1.816968e-06
1.396569e-06 1.677585e-06
2.290244e-06 -4.346453e-07
7.199072e-07 -2.281713e-06
-1.672535e-06 -1.701750e-06
-2.228616e-06 6.487699e-07
-4.836489e-07 2.141437e-06
1.476928e-06 1.352896e-06
1.667248e-06 -5.116614e-07
3.405268e-07 -1.388377e-06
-7.700634e-07 -7.573638e-07
-6.946879e-07 1.975753e-07
-5.943067e-08 3.812716e-07
1.312004e-07 -5.308051e-09
-1.832983e-07 -1.246499e-07
-3.153378e-07 2.363968e-07
6.786647e-08 5.084700e-07
5.243507e-07 2.354206e-07
4.922313e-07 -3.198487e-07
3.494456e-09 -5.604080e-07
-4.189675e-07 -2.842151e-07
-4.043644e-07 1.604020e-07
-8.048063e-08 3.461980e-07
1.816529e-07 2.056535e-07
1.963330e-07 -1.642548e-08
7.168785e-08 -1.048929e-07
-1.108787e-08 -6.690437e-08
-9.349857e-09 -2.744155e-08
-2.450488e-09 -4.071703e-08
-4.300692e-08 -5.134863e-08
-8.672574e-08 -2.521948e-09
-6.363894e-08 7.572627e-08
2.334909e-08 1.016195e-07
9.549662e-08 4.119714e-08
8.528069e-08 -5.090179e-08
7.613691e-09 -9.094316e-08
-6.143014e-08 -5.235182e-08
-6.647883e-08 1.601255e-08
-2.174877e-08 5.039511e-08
1.917240e-08 3.608795e-08
2.619436e-08 6.915652e-09
1.409595e-08 -5.111169e-09
9.311268e-09 -2.717717e-09
1.408254e-08 -6.305758e-09
1.081654e-08 -2.023585e-08
-8.528110e-09 -2.764332e-08
-2.966274e-08 -1.418874e-08
-3.226525e-08 1.319125e-08
-1.195641e-08 3.298263e-08
1.579364e-08 2.989459e-08
3.027062e-08 7.780293e-09
2.306671e-08 -1.514959e-08
3.667994e-09 -2.274238e-08
-1.092838e-08 -1.412121e-08
-1.236888e-08 -1.583219e-09
-6.340424e-09 3.935948e-09
-2.426538e-09 2.970127e-09
-2.439832e-09 2.293579e-09
-1.823162e-09 3.915707e-09
8.657213e-10 4.263577e-09
