-9.376933e-12 -1.403148e-10
-1.388318e-09 -7.913901e-10
-1.640295e-09 1.023062e-09
7.752783e-11 2.223570e-09
2.125105e-09 1.171873e-09
2.166669e-09 -1.241839e-09
6.397762e-11 -2.404469e-09
-1.801714e-09 -1.145794e-09
-1.495341e-09 7.901766e-10
3.892961e-11 1.102796e-09
4.722310e-10 1.623370e-11
-5.073879e-10 -2.605714e-10
-7.922426e-10 1.012987e-09
8.485916e-10 1.798829e-09
2.573879e-09 2.133551e-10
1.775110e-09 -2.441127e-09
-1.220293e-09 -3.031709e-09
-3.265847e-09 -6.200074e-10
-2.222780e-09 2.297768e-09
6.026472e-10 2.848801e-09
2.307006e-09 9.752763e-10
1.726229e-09 -1.041637e-09
1.694251e-10 -1.476998e-09
-6.438036e-10 -7.037337e-10
-4.551392e-10 -8.309470e-11
-2.046447e-10 -1.574586e-10
-5.206712e-10 -2.804768e-10
-9.202294e-10 2.606060e-10
-5.142992e-10 1.154314e-09
7.097953e-10 1.312932e-09
1.614113e-09 2.232975e-10
1.139709e-09 -1.215815e-09
-3.456592e-10 -1.564886e-09
-1.349156e-09 -5.198569e-10
-9.765341e-10 7.196912e-10
8.523634e-11 9.247101e-10
5.722908e-10 2.438160e-10
2.236397e-10 -2.422680e-10
-1.439583e-10 -4.270759e-11
5.525103e-11 2.641030e-10
4.257565e-10 5.236339e-11
3.063789e-10 -4.429015e-10
-2.507380e-10 -5.368858e-10
-5.932749e-10 -6.739095e-11
-3.524392e-10 4.386593e-10
1.572496e-10 4.760962e-10
4.096748e-10 1.118511e-10
2.599741e-10 -2.226268e-10
-2.650848e-11 -2.601538e-10
-1.628277e-10 -9.219615e-11
-1.106144e-10 5.061827e-11
-1.367090e-11 6.452539e-11
1.250455e-11 1.554098e-11
-1.676828e-11 3.754271e-12
-2.041425e-11 4.095101e-11
3.062198e-11 5.919222e-11
7.966300e-11 1.125444e-11
5.979858e-11 -6.440941e-11
-1.996757e-11 -8.751710e-11
-8.135062e-11 -3.089048e-11
-6.497293e-11 4.778102e-11
