1.305652e-09 -2.649415e-09
-1.292352e-08 -2.483286e-08
-2.003009e-08 -4.645102e-10
-3.386870e-09 8.989404e-09
2.584191e-09 -4.731642e-09
-1.569307e-08 -8.257528e-09
-2.440148e-08 1.820977e-08
5.911186e-09 4.105195e-08
4.639473e-08 1.795455e-08
4.228530e-08 -3.452933e-08
-9.276059e-09 -5.497351e-08
-5.015097e-08 -1.825752e-08
-3.640761e-08 3.121298e-08
8.091842e-09 3.945144e-08
2.992713e-08 8.974410e-09
1.499400e-08 -1.587834e-08
-5.386098e-09 -1.185755e-08
-5.696991e-09 2.094329e-09
4.246745e-09 2.305182e-09
3.759330e-09 -7.151346e-09
-6.873825e-09 -8.069865e-09
-1.143445e-08 2.620432e-09
-3.389821e-09 1.113004e-08
7.092895e-09 7.931296e-09
8.981979e-09 -1.490006e-09
2.996561e-09 -6.714325e-09
-2.937039e-09 -4.813582e-09
-4.120246e-09 -2.987868e-10
-1.874185e-09 2.223643e-09
5.100217e-10 1.906997e-09
1.245291e-09 3.425750e-10
4.736399e-10 -6.958404e-10
-5.463857e-10 -4.117367e-10
-5.504235e-10 5.916946e-10
4.841038e-10 9.021366e-10
1.206987e-09 -6.751924e-11
5.319103e-10 -1.209195e-09
-8.546210e-10 -1.048114e-09
-1.279859e-09 2.932791e-10
-2.558456e-10 1.196069e-09
9.015870e-10 6.415715e-10
8.273698e-10 -5.346895e-10
-1.898402e-10 -8.526077e-10
-7.710515e-10 -9.486135e-11
-3.090351e-10 6.194984e-10
4.232445e-10 4.440893e-10
4.916220e-10 -2.122729e-10
-2.378287e-11 -4.565993e-10
-3.644889e-10 -1.111916e-10
-1.824478e-10 2.525468e-10
1.522163e-10 2.027455e-10
1.961127e-10 -7.650455e-11
-2.041206e-11 -1.819865e-10
-1.661761e-10 -2.822791e-11
-7.661009e-11 1.428043e-10
1.033539e-10 1.213312e-10
1.510478e-10 -4.560542e-11
2.259897e-11 -1.539220e-10
-1.250100e-10 -8.558942e-11
-1.261617e-10 7.031690e-11
6.054187e-12 1.332513e-10
