2.520846e-06 -8.218467e-07
9.609533e-07 -3.330026e-06
-2.690764e-06 -3.182219e-06
-4.627670e-06 5.715472e-07
-2.121612e-06 4.427624e-06
2.624135e-06 4.155722e-06
4.716304e-06 -4.969674e-08
2.225950e-06 -3.751805e-06
-1.850460e-06 -3.428896e-06
-3.352565e-06 -1.343502e-07
-1.490495e-06 2.337264e-06
1.020631e-06 1.924857e-06
1.606883e-06 8.646003e-09
4.737870e-07 -9.792866e-07
-4.673871e-07 -4.597683e-07
-2.594123e-07 2.668157e-07
3.135669e-07 1.473281e-07
2.300044e-07 -4.078934e-07
-3.772597e-07 -4.374055e-07
-6.177028e-07 1.726714e-07
-1.341702e-07 6.479741e-07
4.954540e-07 4.170336e-07
5.684906e-07 -2.163543e-07
8.443168e-08 -5.448689e-07
-3.751920e-07 -3.038267e-07
-3.818248e-07 1.409514e-07
-6.251995e-08 3.217289e-07
1.824498e-07 1.683510e-07
1.653802e-07 -4.536940e-08
2.814205e-08 -9.604010e-08
-2.610126e-08 -2.525285e-08
1.946705e-08 4.622736e-09
3.807421e-08 -5.212094e-08
-3.561478e-08 -9.257132e-08
-1.202217e-07 -2.828827e-08
-1.028541e-07 9.172744e-08
1.515352e-08 1.419238e-07
1.203117e-07 6.986735e-08
1.180374e-07 -4.987990e-08
2.875350e-08 -1.074245e-07
-5.249882e-08 -7.315538e-08
-6.631276e-08 -7.401476e-09
-3.575052e-08 2.546539e-08
-1.300705e-08 2.279640e-08
-1.097863e-08 2.077347e-08
-3.436489e-09 3.307499e-08
2.402515e-08 3.613314e-08
4.915187e-08 9.589284e-09
4.255701e-08 -3.111937e-08
5.602355e-09 -5.139830e-08
-3.137545e-08 -3.607473e-08
-4.192057e-08 -1.936507e-09
-2.593879e-08 2.358463e-08
-2.413843e-09 2.775909e-08
1.184481e-08 1.742813e-08
1.422981e-08 6.006205e-09
1.201380e-08 -2.239618e-10
1.066829e-08 -4.221448e-09
8.175378e-09 -9.745016e-09
6.521461e-10 -1.396106e-08
-9.128168e-09 -1.089908e-08
