1.060924e-06 -3.631700e-07
4.191164e-07 -1.400655e-06
-1.148524e-06 -1.446731e-06
-2.269336e-06 1.594611e-07
-1.374821e-06 2.359736e-06
1.367161e-06 2.874349e-06
3.536150e-06 5.713232e-07
2.699950e-06 -2.777739e-06
-7.183975e-07 -3.945547e-06
-3.567252e-06 -1.723952e-06
-3.308895e-06 1.702938e-06
-6.351111e-07 3.245033e-06
1.712762e-06 2.165697e-06
2.144950e-06 2.453990e-07
1.401866e-06 -8.214729e-07
7.636362e-07 -1.127794e-06
2.394849e-07 -1.481610e-06
-8.418679e-07 -1.668528e-06
-2.132741e-06 -7.328313e-07
-2.227133e-06 1.259359e-06
-4.773165e-07 2.699849e-06
1.851610e-06 2.097830e-06
2.733474e-06 -1.565197e-07
1.474924e-06 -2.117881e-06
-6.788829e-07 -2.250146e-06
-1.919085e-06 -7.749918e-07
-1.544132e-06 8.424293e-07
-2.901038e-07 1.404143e-06
6.580981e-07 8.882055e-07
7.760677e-07 1.152062e-07
4.370325e-07 -2.293364e-07
2.547328e-07 -1.989105e-07
3.177086e-07 -2.915973e-07
1.582900e-07 -6.587387e-07
-5.015290e-07 -7.876591e-07
-1.153648e-06 -1.427234e-07
-9.421356e-07 9.604828e-07
2.400761e-07 1.451200e-06
1.377044e-06 6.707706e-07
1.331258e-06 -7.441883e-07
1.326726e-07 -1.447115e-06
-1.021592e-06 -8.396029e-07
-1.095422e-06 3.264220e-07
-2.757224e-07 8.867496e-07
4.364031e-07 5.400530e-07
4.539113e-07 -4.121461e-08
1.090797e-07 -1.998209e-07
-9.373299e-09 -2.053494e-08
1.495630e-07 1.269045e-08
1.772418e-07 -2.223594e-07
-1.170187e-07 -3.595906e-07
-4.177307e-07 -1.134718e-07
-3.374994e-07 3.017716e-07
7.006548e-08 4.384230e-07
3.801655e-07 1.635949e-07
3.036188e-07 -2.110552e-07
-1.915493e-08 -3.178304e-07
-2.359099e-07 -1.214259e-07
-1.802315e-07 1.164651e-07
1.145494e-08 1.683507e-07
1.178317e-07 5.249279e-08
