2.161069e-05 2.594410e-06
1.505387e-05 -1.415642e-05
1.609304e-06 -1.328183e-05
5.596515e-06 -6.712138e-06
1.278465e-05 -2.343272e-05
-1.567719e-05 -4.724976e-05
-6.805668e-05 -2.380218e-05
-7.412579e-05 5.191110e-05
7.022498e-07 1.031588e-04
9.148833e-05 6.021404e-05
1.006923e-04 -4.426613e-05
1.532036e-05 -1.044893e-04
-7.537976e-05 -6.220025e-05
-8.237455e-05 3.030076e-05
-1.230174e-05 7.598349e-05
5.235327e-05 4.062149e-05
5.127794e-05 -2.301615e-05
2.859060e-06 -4.694503e-05
-3.322684e-05 -1.995234e-05
-2.667125e-05 1.640693e-05
1.889476e-06 2.457688e-05
1.738908e-05 7.078122e-06
1.008629e-05 -9.361952e-06
-3.499025e-06 -9.080707e-06
-6.819582e-06 5.802265e-07
-4.474782e-07 5.217078e-06
4.605198e-06 1.142700e-06
2.341799e-06 -4.190415e-06
-3.100697e-06 -3.808289e-06
-4.744979e-06 1.148968e-06
-1.125983e-06 4.555090e-06
3.248327e-06 2.941745e-06
3.777823e-06 -1.333742e-06
5.472909e-07 -3.567275e-06
-2.584372e-06 -1.918789e-06
-2.564339e-06 1.235886e-06
-8.350739e-08 2.488461e-06
1.858983e-06 1.059084e-06
1.506888e-06 -9.611706e-07
-1.247537e-07 -1.425516e-06
-1.001552e-06 -3.934357e-07
-5.188993e-07 5.241521e-07
2.349341e-07 3.809647e-07
2.172584e-07 -2.031747e-07
-3.095825e-07 -2.171261e-07
-4.059197e-07 3.486375e-07
1.786620e-07 6.434973e-07
7.317588e-07 1.802712e-07
5.612226e-07 -5.550075e-07
-1.599797e-07 -7.620075e-07
-6.758065e-07 -2.730814e-07
-5.434543e-07 3.554266e-07
-2.560565e-08 5.494236e-07
3.382398e-07 2.825919e-07
3.249209e-07 -6.197500e-08
1.229253e-07 -1.929107e-07
-1.306029e-08 -1.442295e-07
-3.976858e-08 -8.955134e-08
-6.368425e-08 -8.457897e-08
-1.296203e-07 -5.010299e-08
-1.578839e-07 6.264807e-08
