2.320133e-11 2.240574e-11
3.113082e-10 -1.341691e-10
-8.293292e-11 -3.937486e-10
-4.856971e-10 -4.024311e-11
-2.383027e-10 5.140877e-10
4.288648e-10 4.504766e-10
5.974514e-10 -2.444102e-10
-2.711836e-11 -6.394082e-10
-5.989547e-10 -1.574425e-10
-2.926456e-10 5.319877e-10
4.720398e-10 4.144452e-10
5.669363e-10 -3.950062e-10
-2.361172e-10 -7.452491e-10
-8.741370e-10 -4.935732e-11
-4.268440e-10 8.467529e-10
6.026298e-10 7.748162e-10
9.451623e-10 -1.893222e-10
2.434092e-10 -8.569308e-10
-5.581011e-10 -5.231480e-10
-5.592702e-10 2.061303e-10
-2.650207e-11 3.998794e-10
1.979651e-10 5.993412e-11
-4.717361e-11 -1.069820e-10
-1.776199e-10 1.467118e-10
1.111271e-10 3.281452e-10
4.088301e-10 7.333906e-11
2.958220e-10 -3.142141e-10
-6.356172e-11 -3.993140e-10
-2.925408e-10 -2.067335e-10
-3.326824e-10 1.697074e-11
-2.766280e-10 2.314515e-10
-4.498704e-11 4.243867e-10
3.515606e-10 3.457250e-10
5.187477e-10 -1.125748e-10
1.541239e-10 -5.026959e-10
-3.525111e-10 -3.207831e-10
-3.480234e-10 1.874112e-10
1.028866e-10 2.954019e-10
2.643486e-10 -1.092540e-10
-1.356826e-10 -3.188574e-10
-4.401205e-10 9.048336e-11
-6.874109e-11 5.427647e-10
5.360853e-10 3.033879e-10
5.181968e-10 -3.855109e-10
-1.343768e-10 -6.206341e-10
-5.743494e-10 -1.237680e-10
-2.999058e-10 4.146181e-10
2.212322e-10 3.554174e-10
3.135578e-10 -7.037474e-11
3.839985e-12 -2.349787e-10
-1.768005e-10 -1.771021e-11
-1.615594e-11 1.612846e-10
1.707888e-10 3.820171e-11
9.214639e-11 -1.679911e-10
-1.254701e-10 -1.541304e-10
-1.879229e-10 4.499067e-11
-4.451960e-11 1.708314e-10
1.084148e-10 1.066383e-10
1.201706e-10 -2.973941e-11
3.154943e-11 -8.999700e-11
-4.066021e-11 -5.648308e-11
