7.513626e-07 6.149609e-07
1.244360e-06 -3.386188e-07
5.556608e-07 -1.571301e-06
-1.245072e-06 -1.692547e-06
-2.575036e-06 1.052396e-07
-1.608655e-06 2.602346e-06
1.423294e-06 3.194572e-06
3.771433e-06 6.990208e-07
2.861689e-06 -2.832825e-06
-6.738907e-07 -3.982054e-06
-3.472400e-06 -1.686726e-06
-3.092465e-06 1.642025e-06
-4.772518e-07 2.951871e-06
1.579254e-06 1.770839e-06
1.714094e-06 4.683991e-08
9.268883e-07 -6.398648e-07
5.460241e-07 -6.498297e-07
4.141066e-07 -9.795612e-07
-3.695759e-07 -1.420667e-06
-1.619032e-06 -8.749635e-07
-1.955380e-06 8.052410e-07
-5.975480e-07 2.195078e-06
1.427166e-06 1.834870e-06
2.276126e-06 -4.916209e-08
1.245030e-06 -1.751713e-06
-5.993886e-07 -1.866893e-06
-1.632392e-06 -5.697581e-07
-1.225021e-06 8.085574e-07
-8.813321e-08 1.184177e-06
6.599232e-07 6.041883e-07
5.888646e-07 -8.281113e-08
1.779634e-07 -2.346487e-07
8.605597e-08 -2.732927e-08
3.275219e-07 -7.582779e-08
2.993155e-07 -5.366133e-07
-3.462889e-07 -7.973136e-07
-1.061839e-06 -2.319144e-07
-9.230858e-07 8.519781e-07
1.968037e-07 1.354296e-06
1.277450e-06 6.169260e-07
1.210885e-06 -7.129089e-07
6.918394e-08 -1.329376e-06
-9.716297e-07 -7.107339e-07
-9.657834e-07 3.689311e-07
-1.676389e-07 8.175235e-07
4.510687e-07 4.261738e-07
3.902209e-07 -1.149610e-07
3.068817e-08 -2.060420e-07
-6.052933e-08 1.420600e-08
1.281623e-07 5.943483e-08
1.806286e-07 -1.724309e-07
-8.347158e-08 -3.162067e-07
-3.584758e-07 -1.010748e-07
-2.839161e-07 2.670789e-07
8.112741e-08 3.759012e-07
3.434072e-07 1.168116e-07
2.512054e-07 -2.139977e-07
-4.971310e-08 -2.869147e-07
-2.340177e-07 -8.798942e-08
-1.622936e-07 1.317556e-07
2.605348e-08 1.678821e-07
