1.576374e-11 5.281783e-12
1.433237e-10 -1.283053e-10
-8.301935e-11 -2.189166e-10
-2.716942e-10 -5.117864e-12
-1.174872e-10 2.784385e-10
2.322356e-10 2.260838e-10
3.051753e-10 -1.426493e-10
-3.055351e-11 -3.390216e-10
-3.258796e-10 -7.912115e-11
-1.662630e-10 2.780674e-10
2.158726e-10 2.239575e-10
2.606996e-10 -1.557507e-10
-9.953521e-11 -2.922372e-10
-3.266851e-10 3.372382e-11
-5.839183e-11 3.537653e-10
3.476660e-10 1.794520e-10
3.084479e-10 -2.831492e-10
-1.544544e-10 -4.066517e-10
-4.360947e-10 -1.552759e-11
-1.817021e-10 3.797451e-10
2.523270e-10 2.954289e-10
3.261261e-10 -9.632527e-11
3.535653e-11 -2.757466e-10
-1.788566e-10 -1.029505e-10
-9.876547e-11 8.654153e-11
4.026202e-11 5.068581e-11
5.678361e-12 -4.926396e-11
-8.626720e-11 -5.879852e-13
-3.791934e-11 1.067969e-10
8.152919e-11 8.404145e-11
9.346927e-11 -1.981222e-11
3.369039e-11 -4.397125e-11
4.237239e-11 -2.916567e-11
5.123995e-11 -1.087431e-10
-9.915801e-11 -1.756171e-10
-2.775685e-10 -3.425479e-12
-1.625783e-10 2.956634e-10
2.113670e-10 3.079978e-10
3.769425e-10 -6.042851e-11
8.978079e-11 -3.506526e-10
-2.622388e-10 -1.820479e-10
-2.027692e-10 1.714096e-10
1.233859e-10 1.852999e-10
1.817110e-10 -1.198447e-10
-1.214224e-10 -2.229394e-10
-2.952573e-10 7.943968e-11
-2.595066e-11 3.494289e-10
3.356739e-10 1.683823e-10
2.907190e-10 -2.392543e-10
-9.162427e-11 -3.417072e-10
-3.075774e-10 -4.964987e-11
-1.365800e-10 2.173241e-10
1.204269e-10 1.566963e-10
1.331557e-10 -5.501612e-11
-2.884283e-11 -1.027119e-10
-8.984356e-11 2.333809e-11
1.355933e-11 9.482512e-11
1.006429e-10 1.258533e-11
4.845998e-11 -8.987416e-11
-5.794975e-11 -7.695578e-11
-8.405231e-11 1.489307e-11
