7.981934e-09 3.329849e-09
8.016916e-08 -4.586765e-08
6.314679e-09 -9.589723e-08
-7.409720e-08 -5.580288e-08
-7.796529e-08 2.826115e-08
-1.562206e-08 6.609986e-08
3.367567e-08 3.629454e-08
2.950522e-08 -3.535976e-09
7.382545e-09 -8.052682e-09
8.816698e-09 2.485593e-09
2.085991e-08 -8.491042e-09
8.043974e-09 -3.160298e-08
-2.563736e-08 -2.886134e-08
-4.025250e-08 5.756465e-09
-1.676805e-08 3.560188e-08
1.842786e-08 3.032471e-08
2.993435e-08 1.326536e-09
1.421692e-08 -1.892417e-08
-5.306347e-09 -1.652900e-08
-1.097353e-08 -3.800556e-09
-5.871884e-09 3.460304e-09
-1.137562e-09 3.028011e-09
-6.367918e-10 1.418444e-09
-8.761337e-10 2.089992e-09
8.315254e-10 2.955848e-09
3.052453e-09 1.618674e-09
3.301406e-09 -1.223326e-09
1.206748e-09 -3.180912e-09
-1.534838e-09 -2.804691e-09
-2.905835e-09 -5.574067e-10
-2.038696e-09 1.778602e-09
2.123273e-10 2.429695e-09
1.889633e-09 1.043528e-09
1.625272e-09 -9.222239e-10
-1.692092e-11 -1.578763e-09
-1.175063e-09 -5.610855e-10
-7.875442e-10 6.982039e-10
3.211668e-10 7.795113e-10
6.797921e-10 -8.744240e-11
4.391767e-11 -5.843642e-10
-5.223981e-10 -1.388079e-10
-2.436232e-10 4.724597e-10
3.942391e-10 3.656451e-10
4.768325e-10 -2.594337e-10
-7.057753e-11 -5.337716e-10
-5.029573e-10 -1.376948e-10
-3.135001e-10 3.797894e-10
1.930723e-10 4.106514e-10
4.084723e-10 6.245276e-12
1.658277e-10 -3.193198e-10
-1.812920e-10 -2.517147e-10
-2.581710e-10 4.121338e-11
-6.306713e-11 2.049728e-10
1.259010e-10 1.138016e-10
1.155569e-10 -5.460478e-11
-1.253597e-11 -8.974418e-11
-6.351937e-11 1.978179e-12
7.103341e-12 5.600364e-11
6.771750e-11 -4.699641e-12
1.933890e-11 -8.081339e-11
-7.272346e-11 -5.839200e-11
