-9.589950e-12 5.334376e-12
5.777522e-12 1.446914e-10
1.891510e-10 6.731927e-11
1.746779e-10 -1.787954e-10
-9.999221e-11 -2.691085e-10
-3.084590e-10 -2.403120e-11
-1.496807e-10 2.786804e-10
1.972199e-10 2.386168e-10
2.760997e-10 -9.825790e-11
-1.130066e-11 -2.727543e-10
-2.513054e-10 -5.329748e-11
-1.040142e-10 2.285740e-10
2.050768e-10 1.552268e-10
2.121943e-10 -1.684970e-10
-1.068826e-10 -2.652088e-10
-2.963486e-10 2.040820e-11
-7.726380e-11 2.920244e-10
2.506228e-10 1.674482e-10
2.359579e-10 -1.803279e-10
-9.185448e-11 -2.756231e-10
-2.822255e-10 -5.211380e-12
-9.930629e-11 2.515367e-10
1.834625e-10 1.728463e-10
2.056616e-10 -9.022619e-11
1.350596e-12 -1.870499e-10
-1.273033e-10 -6.014130e-11
-6.888456e-11 5.689872e-11
1.031922e-11 3.652955e-11
-6.545048e-12 -4.653344e-12
-2.904097e-11 2.895899e-11
2.012488e-11 5.395701e-11
5.445223e-11 3.009079e-12
1.007178e-11 -3.043843e-11
-8.515505e-12 1.741502e-11
6.799344e-11 2.283676e-11
8.783548e-11 -1.036249e-10
-8.382268e-11 -1.823977e-10
-2.581582e-10 -5.173509e-12
-1.367408e-10 2.681711e-10
1.973042e-10 2.567121e-10
3.154852e-10 -7.317480e-11
5.087628e-11 -2.979636e-10
-2.305059e-10 -1.295991e-10
-1.528945e-10 1.600549e-10
1.206987e-10 1.472769e-10
1.517096e-10 -1.118924e-10
-1.033795e-10 -1.865189e-10
-2.383630e-10 6.161258e-11
-2.300374e-11 2.711229e-10
2.529295e-10 1.278304e-10
2.129995e-10 -1.787284e-10
-7.314170e-11 -2.469904e-10
-2.242927e-10 -2.593638e-11
-8.952400e-11 1.648410e-10
9.880148e-11 1.105814e-10
1.018899e-10 -4.898311e-11
-2.179243e-11 -8.363010e-11
-7.049556e-11 9.670391e-12
4.148521e-13 6.570732e-11
6.323928e-11 1.374387e-11
3.218780e-11 -5.472489e-11
