8.393912e-10 -9.377084e-10
-6.316734e-09 -2.030129e-08
-2.885255e-08 -8.157913e-09
-2.777776e-08 2.308509e-08
2.908621e-09 3.939956e-08
3.405368e-08 2.144032e-08
3.619129e-08 -1.354093e-08
1.067744e-08 -3.353939e-08
-1.671341e-08 -2.549858e-08
-2.491342e-08 -3.009527e-09
-1.458982e-08 1.300095e-08
-3.836506e-10 1.425507e-08
6.409924e-09 7.129377e-09
5.708688e-09 1.192068e-09
3.471822e-09 -4.285757e-10
3.153591e-09 -7.126686e-10
3.202125e-09 -2.477478e-09
1.054833e-09 -4.612779e-09
-2.677669e-09 -4.211777e-09
-4.774121e-09 -7.853010e-10
-3.312368e-09 2.842312e-09
1.236744e-10 3.678147e-09
2.351645e-09 1.683261e-09
1.988333e-09 -6.521610e-10
3.820706e-10 -1.298858e-09
-4.882892e-10 -5.367347e-10
-2.201820e-10 1.029201e-10
1.599304e-10 -6.183453e-11
-7.236110e-11 -3.749113e-10
-4.850642e-10 -1.279479e-10
-3.594880e-10 4.091261e-10
2.122840e-10 4.938364e-10
5.048912e-10 5.630141e-12
1.834615e-10 -4.270193e-10
-2.996425e-10 -3.032496e-10
-3.620322e-10 1.471845e-10
-9.474738e-12 3.546061e-10
2.809764e-10 1.398355e-10
2.101618e-10 -1.626470e-10
-4.416611e-11 -2.060868e-10
-1.495324e-10 -2.901617e-11
-4.169084e-11 8.953914e-11
6.822150e-11 2.148789e-11
1.720572e-11 -8.791269e-11
-1.096367e-10 -5.714013e-11
-1.230694e-10 8.787140e-11
1.269116e-11 1.648565e-10
1.442439e-10 7.883167e-11
1.328516e-10 -6.861067e-11
1.542889e-11 -1.229386e-10
-6.862393e-11 -6.100037e-11
-5.602776e-11 1.451591e-11
-7.292319e-12 2.520946e-11
2.922561e-12 -2.535779e-12
-2.046521e-11 -5.373682e-12
-2.446144e-11 2.438713e-11
8.929166e-12 4.148836e-11
4.322116e-11 1.654815e-11
3.847093e-11 -2.782329e-11
-2.010408e-12 -4.691929e-11
-3.841047e-11 -2.353291e-11
