2.415788e-05 1.501101e-05
3.753124e-05 -1.529108e-05
1.242729e-05 -5.103381e-05
-4.072398e-05 -4.769525e-05
-6.956136e-05 5.650284e-06
-3.795338e-05 6.251250e-05
2.815264e-05 6.713019e-05
6.742753e-05 1.596810e-05
4.817942e-05 -4.114426e-05
-4.070673e-06 -5.561379e-05
-3.992851e-05 -2.524234e-05
-3.588931e-05 1.374276e-05
-8.339429e-06 2.869659e-05
1.292800e-05 1.783544e-05
1.514933e-05 8.604808e-07
6.775650e-06 -6.696841e-06
4.725629e-07 -5.238417e-06
-5.971692e-07 -2.751091e-06
-7.818635e-07 -2.706886e-06
-2.740490e-06 -2.441661e-06
-4.191812e-06 3.258060e-07
-2.423676e-06 3.555983e-06
1.362781e-06 3.822906e-06
3.472913e-06 9.048173e-07
2.197202e-06 -2.047359e-06
-5.252683e-07 -2.332253e-06
-1.759185e-06 -4.623163e-07
-8.239353e-07 1.052920e-06
5.507895e-07 8.087222e-07
7.014789e-07 -2.900966e-07
-1.508533e-07 -6.441109e-07
-6.346508e-07 1.924100e-08
-1.426261e-07 6.163481e-07
5.496999e-07 3.176084e-07
4.782330e-07 -4.252706e-07
-2.437441e-07 -6.030566e-07
-6.647902e-07 7.636114e-09
-2.613455e-07 6.239231e-07
4.513173e-07 5.038417e-07
6.358091e-07 -1.662942e-07
1.480809e-07 -5.965362e-07
-3.977125e-07 -3.779167e-07
-4.440737e-07 1.299024e-07
-8.681494e-08 3.525396e-07
1.888751e-07 1.754901e-07
1.447139e-07 -5.883031e-08
-1.956976e-08 -7.035987e-08
-3.376812e-08 5.172834e-08
8.817308e-08 6.510615e-08
1.317228e-07 -7.154264e-08
4.806789e-09 -1.730534e-07
-1.496848e-07 -9.884024e-08
-1.561254e-07 6.960061e-08
-2.272183e-08 1.492295e-07
9.274360e-08 8.057596e-08
8.573263e-08 -2.781900e-08
8.768007e-09 -5.565444e-08
-2.568952e-08 -8.204750e-09
9.191173e-09 2.137049e-08
4.112224e-08 -1.370872e-08
9.147854e-09 -6.094368e-08
