-4.067548e-11 -3.177058e-11
-2.378705e-10 2.601480e-10
3.413551e-10 1.816520e-10
3.659647e-10 -4.142013e-10
-2.519355e-10 -6.397270e-10
-7.414777e-10 -1.310062e-10
-5.104958e-10 5.435654e-10
1.529540e-10 6.582673e-10
5.251844e-10 1.958460e-10
3.355544e-10 -2.533113e-10
-3.566630e-11 -2.742562e-10
-1.461566e-10 -3.401370e-11
3.952943e-13 7.832260e-11
9.900125e-11 -3.409724e-11
-2.273211e-12 -1.483855e-10
-1.540155e-10 -8.052794e-11
-1.542617e-10 9.275286e-11
-3.555151e-12 1.712533e-10
1.272437e-10 8.393847e-11
1.157354e-10 -5.334094e-11
1.116569e-11 -9.860919e-11
-5.614731e-11 -4.169653e-11
-3.706816e-11 1.802847e-11
3.580702e-12 1.501436e-11
-9.409216e-13 -1.305109e-11
-3.030839e-11 -3.324445e-12
-2.420551e-11 3.582684e-11
2.129819e-11 4.503778e-11
5.022224e-11 5.361776e-12
2.821361e-11 -3.694209e-11
-1.497831e-11 -3.658032e-11
-3.144717e-11 -3.419115e-12
-1.293748e-11 2.091406e-11
1.143982e-11 1.590253e-11
1.628871e-11 -3.999058e-12
2.892365e-12 -1.500172e-11
-1.085789e-11 -8.866531e-12
-1.153624e-11 4.284125e-12
-1.665187e-12 9.778617e-12
5.704403e-12 4.104798e-12
3.202312e-12 -2.793320e-12
-2.566378e-12 -1.697464e-12
-1.874854e-12 3.615003e-12
3.686014e-12 3.538356e-12
4.877240e-12 -2.115312e-12
-7.313359e-14 -4.694800e-12
-3.412243e-12 -1.054582e-12
-9.917007e-13 2.211867e-12
1.786931e-12 4.017030e-13
-2.343491e-14 -2.066634e-12
-2.720319e-12 -2.569864e-14
-7.007159e-13 3.457395e-12
3.848795e-12 2.110569e-12
4.003076e-12 -3.273462e-12
-1.383614e-12 -5.551503e-12
-5.775860e-12 -1.376115e-12
-3.884091e-12 4.301244e-12
1.683174e-12 5.069247e-12
4.557615e-12 9.843007e-13
2.714864e-12 -2.738232e-12
-4.283050e-13 -2.991058e-12
