3.248892e-11 -1.523315e-11
-1.942930e-11 -3.844808e-10
-4.573836e-10 -7.348871e-11
-2.495616e-10 4.989672e-10
4.350201e-10 4.678295e-10
6.410849e-10 -2.532612e-10
-1.194743e-11 -7.058667e-10
-6.660202e-10 -2.110028e-10
-3.792323e-10 5.750947e-10
4.777866e-10 5.157553e-10
6.638794e-10 -3.641228e-10
-1.775247e-10 -8.263425e-10
-9.362234e-10 -1.271000e-10
-5.205819e-10 8.893878e-10
6.209833e-10 8.849235e-10
1.067770e-09 -1.718245e-10
3.087798e-10 -9.763678e-10
-6.476576e-10 -6.366913e-10
-7.011056e-10 2.402818e-10
-5.526842e-11 5.347446e-10
2.933284e-10 1.330872e-10
3.537625e-11 -1.524331e-10
-1.900492e-10 8.393512e-11
7.292139e-11 3.371865e-10
4.329715e-10 1.065406e-10
3.489258e-10 -3.462123e-10
-7.681036e-11 -4.794292e-10
-3.800551e-10 -2.358636e-10
-4.040618e-10 7.786437e-11
-2.667786e-10 3.179874e-10
1.922420e-11 4.628693e-10
4.100598e-10 3.279559e-10
5.444059e-10 -1.558016e-10
1.468080e-10 -5.467010e-10
-3.863962e-10 -3.458336e-10
-3.854041e-10 1.972687e-10
9.425866e-11 3.258862e-10
2.827862e-10 -9.739831e-11
-1.304923e-10 -3.343179e-10
-4.646636e-10 8.821870e-11
-8.133613e-11 5.790235e-10
5.736199e-10 3.371868e-10
5.721619e-10 -4.079784e-10
-1.309191e-10 -6.818302e-10
-6.264241e-10 -1.519686e-10
-3.419886e-10 4.473690e-10
2.342977e-10 3.988066e-10
3.506996e-10 -6.987575e-11
1.135574e-11 -2.645710e-10
-2.005684e-10 -2.886209e-11
-3.025091e-11 1.804347e-10
1.850458e-10 5.490757e-11
1.102462e-10 -1.767789e-10
-1.289715e-10 -1.720755e-10
-2.047046e-10 4.384382e-11
-5.004016e-11 1.857611e-10
1.201756e-10 1.164813e-10
1.332875e-10 -3.622839e-11
3.188163e-11 -1.034908e-10
-5.065183e-11 -6.288747e-11
-5.726402e-11 3.135635e-12
