-6.786493e-08 -1.065591e-07
-1.779471e-07 -5.077271e-09
-1.379922e-07 1.926861e-07
1.041600e-07 2.799180e-07
3.469365e-07 8.417979e-08
3.002877e-07 -2.728685e-07
-6.253091e-08 -4.351313e-07
-4.096802e-07 -1.979831e-07
-3.882562e-07 2.283340e-07
-2.187698e-08 4.256392e-07
3.115844e-07 2.251722e-07
3.048763e-07 -1.226796e-07
4.258613e-08 -2.599469e-07
-1.509936e-07 -1.218046e-07
-1.142215e-07 5.281608e-08
9.633858e-09 6.448295e-08
2.446276e-08 -1.991664e-08
-5.189301e-08 -2.242157e-08
-5.565365e-08 7.074404e-08
5.728456e-08 1.023940e-07
1.380425e-07 -1.111747e-08
5.550540e-08 -1.446717e-07
-1.133919e-07 -1.238756e-07
-1.720717e-07 4.530250e-08
-4.586454e-08 1.790052e-07
1.329502e-07 1.329479e-07
1.824830e-07 -4.174955e-08
6.400631e-08 -1.705168e-07
-9.880870e-08 -1.418241e-07
-1.594119e-07 -1.201558e-09
-8.325756e-08 1.147336e-07
3.886095e-08 1.131167e-07
8.974804e-08 2.311746e-08
4.174402e-08 -4.493420e-08
-1.989034e-08 -2.268509e-08
-1.280336e-09 3.474234e-08
7.299180e-08 1.520564e-08
7.470843e-08 -9.276126e-08
-5.712906e-08 -1.519982e-07
-1.975054e-07 -3.790540e-08
-1.571433e-07 1.716329e-07
7.056445e-08 2.452750e-07
2.581445e-07 6.994985e-08
1.936440e-07 -1.866158e-07
-6.015105e-08 -2.528033e-07
-2.307166e-07 -6.967287e-08
-1.550300e-07 1.468825e-07
4.441551e-08 1.734718e-07
1.355441e-07 3.260958e-08
6.044450e-08 -7.588255e-08
-3.285865e-08 -4.536810e-08
-1.708029e-08 2.729629e-08
5.171375e-08 9.253131e-09
3.806908e-08 -7.644707e-08
-6.947244e-08 -9.154585e-08
-1.366127e-07 1.804683e-08
-6.151673e-08 1.399607e-07
8.961591e-08 1.324658e-07
1.593092e-07 -3.441699e-09
8.076256e-08 -1.287896e-07
-5.703863e-08 -1.269526e-07
