-1.300545e-11 2.372497e-10
1.980447e-09 1.692658e-09
2.746476e-09 -7.954135e-10
8.412010e-10 -2.838106e-09
-1.898552e-09 -2.133674e-09
-2.465990e-09 4.812935e-10
-5.671521e-10 1.836795e-09
8.979774e-10 6.832553e-10
1.389751e-11 -5.211694e-10
-1.159627e-09 6.370594e-10
3.538909e-10 2.454901e-09
3.400626e-09 1.206321e-09
3.473768e-09 -2.993880e-09
-9.470998e-10 -5.239848e-09
-5.392361e-09 -2.032923e-09
-4.609353e-09 3.631546e-09
6.894423e-10 5.597504e-09
4.658153e-09 2.093386e-09
3.554118e-09 -2.460746e-09
-2.325026e-10 -3.350411e-09
-2.068271e-09 -9.938090e-10
-9.487404e-10 7.657096e-10
2.792022e-10 1.769456e-10
-4.141737e-10 -7.415167e-10
-1.588559e-09 1.808039e-10
-8.619137e-10 2.003396e-09
1.478709e-09 2.100052e-09
2.756997e-09 -1.347863e-10
1.384482e-09 -2.398999e-09
-1.187779e-09 -2.336065e-09
-2.329746e-09 -2.556605e-10
-1.255878e-09 1.523262e-09
4.640292e-10 1.477982e-09
1.066973e-09 2.858333e-10
4.797475e-10 -4.741036e-10
-1.213403e-10 -2.683186e-10
-1.503894e-11 1.428682e-10
3.611345e-10 6.837605e-12
2.687841e-10 -4.763720e-10
-3.068963e-10 -5.914814e-10
-7.177488e-10 -9.263472e-11
-4.965008e-10 5.340038e-10
1.340415e-10 6.815642e-10
5.726972e-10 2.664920e-10
4.809298e-10 -2.677019e-10
5.139680e-11 -4.562393e-10
-2.740931e-10 -2.399747e-10
-2.615372e-10 7.142527e-11
-5.062773e-11 1.767732e-10
7.949704e-11 7.126867e-11
3.482606e-11 -3.283858e-11
-4.323174e-11 -2.680425e-12
-1.062108e-11 7.571170e-11
8.864723e-11 5.469601e-11
1.047545e-10 -6.176963e-11
-3.573331e-12 -1.293461e-10
-1.144848e-10 -5.979505e-11
-1.024685e-10 6.773074e-11
9.742270e-12 1.118896e-10
9.155012e-11 3.850613e-11
6.498898e-11 -5.520364e-11
