5.344501e-05 -1.818555e-05
2.045531e-05 -7.151165e-05
-5.852047e-05 -7.213222e-05
-1.112540e-04 7.010407e-06
-6.960908e-05 1.094850e-04
5.241135e-05 1.372875e-04
1.554004e-04 4.527743e-05
1.393403e-04 -1.023210e-04
4.325495e-06 -1.784301e-04
-1.376437e-04 -1.124491e-04
-1.663506e-04 3.739958e-05
-6.841454e-05 1.418283e-04
5.979117e-05 1.265462e-04
1.158914e-04 2.998092e-05
8.133303e-05 -5.570771e-05
1.180867e-05 -7.754368e-05
-3.528431e-05 -4.973382e-05
-4.613458e-05 -1.185015e-05
-3.618467e-05 1.500670e-05
-1.801979e-05 3.008048e-05
5.028625e-06 3.310462e-05
2.574158e-05 1.991007e-05
3.074456e-05 -5.044745e-06
1.503206e-05 -2.477403e-05
-8.828465e-06 -2.453323e-05
-2.154851e-05 -7.046800e-06
-1.565186e-05 1.082790e-05
-5.696844e-07 1.537235e-05
9.283407e-06 7.437361e-06
8.396292e-06 -2.215830e-06
2.163110e-06 -5.398483e-06
-1.718002e-06 -2.845313e-06
-1.206719e-06 -1.747382e-07
2.464022e-07 -4.587794e-07
-5.537269e-07 -1.783970e-06
-2.693304e-06 -9.827110e-07
-2.946439e-06 1.949591e-06
-1.753059e-07 3.888599e-06
3.121502e-06 2.468166e-06
3.681923e-06 -1.073107e-06
1.129527e-06 -3.321046e-06
-1.820943e-06 -2.447014e-06
-2.512837e-06 1.187476e-07
-9.888600e-07 1.686489e-06
6.604150e-07 1.249126e-06
9.254489e-07 2.296691e-08
2.194117e-07 -4.739767e-07
-2.143194e-07 -1.129010e-07
2.448959e-08 2.011875e-07
3.059779e-07 -3.212913e-08
9.080745e-08 -3.764686e-07
-3.404058e-07 -2.569185e-07
-3.824636e-07 2.107587e-07
3.688574e-08 4.291368e-07
3.945956e-07 1.359346e-07
2.746035e-07 -2.908433e-07
-1.386850e-07 -3.516247e-07
-3.482454e-07 -2.672149e-08
-1.599174e-07 2.687432e-07
1.469885e-07 2.256648e-07
2.200065e-07 -3.132500e-08
