-1.951745e-07 -1.164153e-07
-2.657846e-07 1.593574e-07
1.095772e-08 3.950059e-07
4.138076e-07 2.288272e-07
4.644372e-07 -2.614674e-07
3.339453e-08 -5.670129e-07
-4.581923e-07 -3.463887e-07
-5.248970e-07 1.736457e-07
-1.498189e-07 4.849912e-07
2.641056e-07 3.580843e-07
3.721216e-07 7.937103e-09
1.931174e-07 -2.252326e-07
-2.819241e-08 -2.234389e-07
-1.263142e-07 -1.050005e-07
-1.203033e-07 -8.462358e-09
-9.069886e-08 4.181860e-08
-5.711183e-08 8.085742e-08
3.469697e-09 1.057991e-07
7.811006e-08 7.893225e-08
1.107606e-07 -1.276189e-09
6.970039e-08 -7.764549e-08
-9.583095e-09 -9.202386e-08
-6.162887e-08 -4.574053e-08
-5.799397e-08 9.671126e-09
-2.503857e-08 3.202340e-08
-2.189345e-09 2.474086e-08
1.304263e-09 1.616767e-08
3.724513e-09 1.869030e-08
1.718582e-08 1.892222e-08
3.016580e-08 3.071343e-09
2.464213e-08 -2.083696e-08
1.091838e-09 -3.154232e-08
-2.089438e-08 -1.978446e-08
-2.457506e-08 2.221952e-09
-1.204866e-08 1.605095e-08
2.581860e-09 1.550405e-08
9.822394e-09 7.325049e-09
1.004358e-08 -8.659261e-10
6.220802e-09 -6.778308e-09
-7.229809e-10 -9.174305e-09
-8.037094e-09 -5.260243e-09
-9.272919e-09 3.929438e-09
-1.513921e-09 1.027237e-08
8.213809e-09 6.396765e-09
9.223921e-09 -4.197768e-09
1.206869e-10 -9.690285e-09
-8.620901e-09 -3.699833e-09
-6.678233e-09 6.833729e-09
4.069526e-09 9.540538e-09
1.166186e-08 6.323604e-10
7.204330e-09 -1.100562e-08
-5.799585e-09 -1.327458e-08
-1.511535e-08 -3.138093e-09
-1.185196e-08 1.051287e-08
1.109168e-09 1.556055e-08
1.219465e-08 8.161416e-09
1.243487e-08 -4.114540e-09
3.621358e-09 -1.036451e-08
-4.753531e-09 -7.031971e-09
-5.845560e-09 -4.402322e-11
-1.566843e-09 2.935323e-09
