1.398570e-11 -6.464995e-11
-4.057448e-10 -2.155553e-10
-1.299618e-10 3.558777e-10
4.504049e-10 2.083361e-10
4.705407e-10 -4.281754e-10
-1.564400e-10 -7.077820e-10
-7.015570e-10 -2.545203e-10
-5.638443e-10 4.213711e-10
3.712810e-11 6.094525e-10
4.236375e-10 2.348221e-10
2.969501e-10 -1.759324e-10
-2.221737e-11 -2.120116e-10
-1.146147e-10 -8.200194e-13
3.509245e-11 9.257019e-11
1.367000e-10 -3.813709e-11
2.626203e-11 -1.777206e-10
-1.569793e-10 -1.232997e-10
-1.906247e-10 6.940213e-11
-4.252089e-11 1.880973e-10
1.203319e-10 1.242784e-10
1.436952e-10 -2.683370e-11
4.543630e-11 -1.054369e-10
-4.300994e-11 -6.874717e-11
-4.718833e-11 -3.935032e-12
-1.347270e-11 9.680705e-12
-1.160256e-11 -7.813678e-12
-3.376815e-11 2.791362e-12
-2.528784e-11 4.001587e-11
2.097185e-11 4.928212e-11
5.252024e-11 9.809824e-12
3.342584e-11 -3.533738e-11
-1.042691e-11 -3.990787e-11
-3.184622e-11 -9.295289e-12
-1.862220e-11 1.791889e-11
5.106483e-12 1.928080e-11
1.499875e-11 3.791898e-12
8.269360e-12 -8.637230e-12
-2.539179e-12 -8.481722e-12
-5.718426e-12 -9.923240e-13
-9.834673e-13 2.807170e-12
2.433001e-12 -8.999409e-13
-1.466203e-12 -4.713653e-12
-6.979497e-12 -1.029655e-12
-5.163942e-12 6.370436e-12
2.615282e-12 7.755576e-12
6.877517e-12 1.813663e-12
4.064673e-12 -3.410712e-12
6.541302e-14 -3.223911e-12
-5.666207e-13 -1.504940e-12
-5.892747e-13 -1.886449e-12
-2.785273e-12 -1.667477e-12
-3.902476e-12 1.852095e-12
-3.919357e-13 5.035193e-12
4.528047e-12 2.954390e-12
4.716980e-12 -2.577089e-12
-9.459330e-14 -4.980799e-12
-3.919054e-12 -1.818276e-12
-2.637950e-12 2.388482e-12
1.145713e-12 2.667345e-12
2.470010e-12 -2.732485e-13
5.482880e-13 -2.153704e-12
