1.939510e-08 1.819657e-07
2.213886e-07 9.747908e-08
2.421820e-07 -1.715121e-07
-1.969928e-08 -3.386595e-07
-3.153775e-07 -1.794418e-07
-3.264632e-07 1.624251e-07
-5.043909e-08 3.416871e-07
2.211830e-07 2.157795e-07
2.584104e-07 -3.840905e-08
1.070444e-07 -1.791098e-07
-4.436654e-08 -1.515166e-07
-9.760488e-08 -6.227117e-08
-8.971239e-08 4.014273e-10
-7.278591e-08 4.089886e-08
-3.911304e-08 8.129418e-08
2.854118e-08 9.520308e-08
9.426821e-08 4.682870e-08
9.761700e-08 -4.093823e-08
2.961174e-08 -9.652278e-08
-5.028758e-08 -7.606858e-08
-7.711431e-08 -8.254251e-09
-4.421946e-08 4.248552e-08
2.177634e-09 4.380296e-08
2.017368e-08 1.725806e-08
1.089775e-08 8.717099e-10
2.671816e-09 5.187917e-09
1.081049e-08 1.097286e-08
2.273731e-08 7.648853e-10
1.909024e-08 -1.889695e-08
-9.420608e-10 -2.790943e-08
-1.994023e-08 -1.739009e-08
-2.308855e-08 2.024410e-09
-1.229658e-08 1.437155e-08
2.668788e-10 1.453132e-08
6.746088e-09 8.478483e-09
7.944902e-09 2.537454e-09
6.610284e-09 -2.080661e-09
2.881404e-09 -5.156691e-09
-2.200148e-09 -4.260832e-09
-3.900018e-09 9.190195e-10
7.905535e-10 4.661564e-09
6.807142e-09 8.448107e-10
5.249406e-09 -7.766731e-09
-4.920580e-09 -1.057504e-08
-1.333299e-08 -1.722015e-09
-9.373938e-09 1.123096e-08
4.718993e-09 1.452788e-08
1.508538e-08 3.665210e-09
1.097237e-08 -1.100383e-08
-3.699466e-09 -1.499032e-08
-1.453097e-08 -4.656536e-09
-1.148018e-08 9.563810e-09
1.591067e-09 1.429705e-08
1.189405e-08 6.356244e-09
1.090112e-08 -5.439727e-09
1.728126e-09 -1.033661e-08
-5.892040e-09 -6.054030e-09
-6.146287e-09 9.068933e-10
-1.660237e-09 3.575240e-09
1.317779e-09 1.347539e-09
1.270746e-10 -1.185491e-09
