2.489846e-07 -8.611343e-08
4.882814e-08 -3.605962e-07
-3.851481e-07 -2.729441e-07
-5.192620e-07 2.536377e-07
-4.362708e-08 6.683116e-07
6.062384e-07 4.183474e-07
7.064719e-07 -3.074740e-07
1.228841e-07 -7.582130e-07
-5.375619e-07 -4.951871e-07
-6.464032e-07 1.524999e-07
-2.103017e-07 5.359707e-07
2.594027e-07 3.973397e-07
3.684272e-07 2.165829e-08
1.776696e-07 -1.994027e-07
-1.878652e-08 -1.743152e-07
-7.064538e-08 -7.289900e-08
-5.236401e-08 -3.432746e-08
-6.704112e-08 -3.032506e-08
-9.715787e-08 1.775669e-08
-6.588805e-08 9.615320e-08
3.037447e-08 1.196989e-07
1.081320e-07 5.269523e-08
9.956361e-08 -4.413271e-08
2.653315e-08 -8.785072e-08
-3.679651e-08 -6.125406e-08
-4.897211e-08 -1.267399e-08
-2.980759e-08 1.194236e-08
-1.621152e-08 1.313132e-08
-1.471185e-08 1.628814e-08
-6.107133e-09 2.811761e-08
1.726846e-08 2.987533e-08
3.651948e-08 8.294699e-09
3.022741e-08 -2.233137e-08
2.179639e-09 -3.534823e-08
-2.289106e-08 -2.187157e-08
-2.699170e-08 2.334919e-09
-1.412901e-08 1.752457e-08
1.165517e-09 1.868824e-08
1.107558e-08 1.214089e-08
1.561233e-08 2.587439e-09
1.382216e-08 -8.638153e-09
3.611182e-09 -1.653777e-08
-1.017228e-08 -1.361419e-08
-1.611752e-08 -4.936220e-10
-8.831170e-09 1.115230e-08
3.386766e-09 1.091356e-08
7.868604e-09 1.767266e-09
2.328515e-09 -4.247284e-09
-3.754138e-09 -8.568449e-10
-1.599791e-09 5.945873e-09
6.779137e-09 6.167818e-09
1.160447e-08 -2.575502e-09
6.105006e-09 -1.269454e-08
-6.593224e-09 -1.422465e-08
-1.604632e-08 -4.284943e-09
-1.371622e-08 9.748069e-09
-1.053393e-09 1.627033e-08
1.119410e-08 1.007164e-08
1.294218e-08 -2.488369e-09
4.520336e-09 -9.849650e-09
-4.424444e-09 -6.986810e-09
