-4.126818e-11 -1.193282e-11
-3.009748e-10 3.665467e-10
3.396108e-10 4.504046e-10
6.218291e-10 -2.160939e-10
6.888337e-12 -7.320255e-10
-7.308025e-10 -2.679029e-10
-5.012036e-10 6.320899e-10
4.787716e-10 6.876155e-10
8.458216e-10 -2.855237e-10
-2.303145e-11 -9.775384e-10
-1.027154e-09 -3.370353e-10
-7.582608e-10 9.034326e-10
5.532942e-10 1.120272e-09
1.271996e-09 -2.873906e-11
5.115359e-10 -1.125773e-09
-7.256251e-10 -8.771606e-10
-9.529255e-10 2.375456e-10
-1.385506e-10 7.675147e-10
4.762809e-10 2.824697e-10
2.204489e-10 -2.647670e-10
-2.324050e-10 -9.947195e-11
-8.259521e-11 3.324015e-10
4.104198e-10 2.327844e-10
4.647334e-10 -3.194121e-10
-3.345016e-11 -6.014385e-10
-5.003242e-10 -3.203175e-10
-5.383172e-10 1.622498e-10
-2.549740e-10 4.760365e-10
1.487064e-10 5.314804e-10
5.246883e-10 2.739341e-10
5.756525e-10 -2.569884e-10
1.075408e-10 -6.290336e-10
-4.649286e-10 -3.777765e-10
-4.587020e-10 2.320687e-10
8.174776e-11 3.980757e-10
3.300849e-10 -6.309814e-11
-1.015532e-10 -3.637758e-10
-4.998973e-10 6.914211e-11
-1.106990e-10 6.335741e-10
6.348375e-10 4.014798e-10
6.762582e-10 -4.443058e-10
-1.156398e-10 -8.027782e-10
-7.276096e-10 -2.204221e-10
-4.390765e-10 5.026488e-10
2.428375e-10 4.916297e-10
4.191676e-10 -5.148683e-11
3.423137e-11 -3.097621e-10
-2.362012e-10 -4.681583e-11
-4.879845e-11 2.171956e-10
2.214584e-10 8.402006e-11
1.525471e-10 -2.025284e-10
-1.353488e-10 -2.196583e-10
-2.454496e-10 3.121142e-11
-7.329091e-11 2.119969e-10
1.321518e-10 1.407429e-10
1.534202e-10 -3.894838e-11
3.397937e-11 -1.191704e-10
-6.288766e-11 -6.828906e-11
-6.574624e-11 1.143742e-11
-1.878959e-11 4.221652e-11
1.644356e-11 2.617912e-11
