4.770716e-12 2.439458e-12
3.670727e-11 -2.573835e-11
-1.911716e-11 -2.928290e-11
-2.737920e-11 2.779788e-11
3.993727e-11 4.372213e-11
7.684440e-11 -3.678559e-11
-6.365257e-12 -1.102123e-10
-1.224664e-10 -4.699816e-11
-1.044254e-10 1.012411e-10
5.059547e-11 1.437847e-10
1.520269e-10 1.239290e-11
6.819235e-11 -1.304205e-10
-9.066913e-11 -1.046565e-10
-1.202505e-10 4.624589e-11
5.458971e-12 1.202971e-10
1.105016e-10 2.980044e-11
6.033591e-11 -9.292620e-11
-6.685278e-11 -8.504880e-11
-9.961909e-11 3.287535e-11
-3.964398e-12 9.954851e-11
8.478266e-11 3.530045e-11
5.441253e-11 -6.149387e-11
-3.874760e-11 -6.098372e-11
-6.120362e-11 2.221870e-11
1.016906e-11 6.240178e-11
6.626341e-11 4.401313e-12
2.654065e-11 -6.652382e-11
-5.382638e-11 -5.284400e-11
-7.153935e-11 2.447109e-11
-1.394967e-11 7.005158e-11
4.476333e-11 4.514567e-11
5.383382e-11 -5.467862e-12
2.930247e-11 -3.581402e-11
-1.166929e-12 -4.316547e-11
-3.157657e-11 -3.175549e-11
-4.742557e-11 3.871362e-12
-2.338741e-11 4.195363e-11
2.414172e-11 3.710681e-11
3.548894e-11 -8.520999e-12
-5.059315e-12 -2.821153e-11
-2.898742e-11 1.208192e-11
1.699135e-11 4.514400e-11
7.088449e-11 -4.752004e-12
3.083141e-11 -8.910457e-11
-8.156803e-11 -8.044364e-11
-1.224839e-10 4.149508e-11
-1.995787e-11 1.352760e-10
1.107662e-10 7.864698e-11
1.114697e-10 -6.021360e-11
-7.322328e-12 -1.102499e-10
-8.573057e-11 -2.682986e-11
-3.651602e-11 5.881689e-11
4.555181e-11 3.280636e-11
3.324195e-11 -4.680887e-11
-4.978032e-11 -4.791404e-11
-7.226849e-11 3.925388e-11
9.678400e-12 9.122620e-11
9.057046e-11 3.069055e-11
6.562872e-11 -6.680960e-11
-2.893897e-11 -8.154689e-11
-7.514929e-11 -7.930046e-12
