-7.915677e-13 4.920292e-12
5.591814e-11 4.959457e-12
9.469390e-12 -1.004179e-10
-1.383836e-10 -6.649561e-11
-1.565609e-10 1.262555e-10
4.920600e-11 2.325989e-10
2.508588e-10 6.793087e-11
1.768443e-10 -1.990309e-10
-1.018640e-10 -2.369565e-10
-2.386719e-10 1.487834e-12
-7.127275e-11 2.026653e-10
1.585381e-10 1.126475e-10
1.388756e-10 -1.217180e-10
-8.663358e-11 -1.654668e-10
-1.915888e-10 3.891864e-11
-2.639183e-11 2.017233e-10
1.809406e-10 9.692946e-11
1.510624e-10 -1.292955e-10
-6.323553e-11 -1.737836e-10
-1.666853e-10 3.882239e-12
-3.729976e-11 1.444807e-10
1.220162e-10 6.386978e-11
8.735866e-11 -1.028586e-10
-7.844800e-11 -1.143151e-10
-1.381845e-10 3.809241e-11
-1.831474e-11 1.427238e-10
1.148287e-10 7.512584e-11
1.082612e-10 -5.735793e-11
8.159190e-12 -1.008346e-10
-5.620759e-11 -5.237644e-11
-5.614127e-11 -1.650990e-12
-4.217874e-11 2.315274e-11
-2.249569e-11 4.759881e-11
2.376862e-11 5.306155e-11
5.637889e-11 5.914000e-12
1.939694e-11 -4.316037e-11
-3.660951e-11 -1.339336e-11
-5.793111e-12 5.221457e-11
8.342256e-11 2.100332e-11
6.942722e-11 -1.044497e-10
-8.827185e-11 -1.367686e-10
-1.911789e-10 2.642372e-11
-6.363936e-11 2.028977e-10
1.624597e-10 1.482617e-10
1.969992e-10 -8.558393e-11
-2.786242e-12 -1.986995e-10
-1.648758e-10 -5.839137e-11
-8.723146e-11 1.199324e-10
8.551367e-11 9.233051e-11
9.269438e-11 -6.858548e-11
-5.968132e-11 -1.037290e-10
-1.267253e-10 4.155257e-11
2.519888e-12 1.480558e-10
1.484786e-10 5.393231e-11
1.096222e-10 -1.166472e-10
-5.794693e-11 -1.421908e-10
-1.388929e-10 -7.445541e-12
-5.616642e-11 1.043980e-10
5.738216e-11 7.507314e-11
6.741910e-11 -1.858678e-11
1.103254e-12 -4.818257e-11
