1.179046e-08 -5.152272e-07
-5.774737e-07 -2.229111e-07
-4.885662e-07 5.607704e-07
3.971981e-07 7.880586e-07
1.007062e-06 -3.065954e-08
4.689873e-07 -9.803076e-07
-6.403967e-07 -8.923455e-07
-1.030387e-06 1.138943e-07
-3.516085e-07 8.398255e-07
4.738704e-07 5.677295e-07
5.298375e-07 -1.551045e-07
-9.559663e-09 -3.874446e-07
-3.028418e-07 -1.017332e-09
-9.522386e-09 3.247495e-07
3.739506e-07 1.120332e-07
2.883613e-07 -3.349974e-07
-1.643450e-07 -4.302450e-07
-4.383635e-07 -7.418222e-08
-2.636680e-07 3.009403e-07
9.610303e-08 3.220231e-07
2.521379e-07 7.075323e-08
1.373560e-07 -1.253803e-07
-2.375000e-08 -1.125312e-07
-5.287751e-08 -1.148017e-08
6.775737e-09 1.556926e-08
2.279799e-08 -3.479509e-08
-3.474454e-08 -5.685984e-08
-8.170889e-08 -9.441194e-10
-5.002456e-08 7.197238e-08
2.957658e-08 8.081342e-08
7.588281e-08 2.098810e-08
5.251129e-08 -4.239924e-08
-3.567500e-09 -5.396053e-08
-3.478443e-08 -1.999888e-08
-2.352720e-08 1.359602e-08
2.584844e-09 1.670336e-08
1.156950e-08 -7.915661e-10
1.365568e-10 -1.187127e-08
-1.261271e-08 -5.408990e-09
-1.225318e-08 7.941757e-09
-1.731719e-09 1.411661e-08
8.215151e-09 1.013430e-08
1.151703e-08 1.496027e-09
8.238348e-09 -5.998484e-09
1.147839e-09 -8.590517e-09
-4.814703e-09 -4.809374e-09
-4.379721e-09 1.701750e-09
1.647508e-09 3.265499e-09
4.720891e-09 -2.770720e-09
-1.400256e-09 -8.386930e-09
-1.066756e-08 -3.916583e-09
-1.073700e-08 8.190849e-09
9.480316e-10 1.466123e-08
1.284818e-08 7.575642e-09
1.302648e-08 -6.013072e-09
2.426256e-09 -1.306729e-08
-8.306269e-09 -8.813785e-09
-1.110604e-08 1.160481e-09
-5.762974e-09 9.061376e-09
3.517275e-09 1.039059e-08
1.113297e-08 3.978666e-09
