-1.264654e-09 1.155691e-09
3.624769e-09 1.738233e-08
1.665913e-08 5.787203e-09
1.344726e-08 -1.058415e-08
-9.506830e-10 -1.624489e-08
-1.259039e-08 -8.480257e-09
-1.336233e-08 3.908778e-09
-5.437719e-09 1.136141e-08
4.009425e-09 1.053072e-08
9.102316e-09 4.040678e-09
8.108065e-09 -3.018769e-09
3.225270e-09 -6.586433e-09
-1.666370e-09 -5.794219e-09
-3.983341e-09 -2.704825e-09
-3.810231e-09 1.305914e-10
-2.599773e-09 1.768924e-09
-1.173338e-09 2.581334e-09
4.933673e-10 2.702178e-09
2.063007e-09 1.719342e-09
2.523803e-09 -1.855379e-10
1.411206e-09 -1.748742e-09
-3.178639e-10 -1.827097e-09
-1.207745e-09 -7.047155e-10
-8.762461e-10 3.148082e-10
-1.922641e-10 4.634158e-10
1.173434e-11 1.624427e-10
-1.334603e-10 1.252127e-10
-4.817299e-11 3.472593e-10
3.194438e-10 3.120278e-10
4.640505e-10 -1.113272e-10
1.254024e-10 -4.448358e-10
-3.135239e-10 -2.836328e-10
-3.447454e-10 1.553282e-10
1.613908e-11 3.412228e-10
3.017098e-10 1.005899e-10
1.994973e-10 -2.288682e-10
-1.167825e-10 -2.656688e-10
-2.696626e-10 -1.932123e-11
-1.345083e-10 1.983071e-10
8.037593e-11 1.796330e-10
1.417185e-10 2.190338e-11
5.554789e-11 -6.179524e-11
-7.853881e-12 -1.967572e-11
3.190546e-11 2.072225e-11
7.964540e-11 -3.575767e-11
2.592248e-11 -1.206862e-10
-9.350220e-11 -1.096347e-10
-1.490665e-10 5.693662e-12
-8.464099e-11 1.123527e-10
2.678944e-11 1.190917e-10
8.512074e-11 4.780181e-11
6.883432e-11 -1.960863e-11
2.699130e-11 -3.938098e-11
3.768803e-12 -2.994208e-11
-1.491390e-12 -2.434993e-11
-1.164563e-11 -2.731463e-11
-3.259011e-11 -1.915492e-11
-4.350151e-11 1.110661e-11
-2.267730e-11 4.455844e-11
2.123622e-11 4.826796e-11
5.111710e-11 1.330570e-11
