3.321133e-09 -3.322938e-10
1.703561e-08 -2.891436e-08
-1.423122e-08 -2.516592e-08
-2.098607e-08 6.960575e-10
-2.981972e-09 1.019498e-08
3.270798e-09 -4.379516e-09
-1.525615e-08 -7.930647e-09
-2.327130e-08 1.854971e-08
7.474781e-09 3.991593e-08
4.613455e-08 1.540365e-08
3.948572e-08 -3.563404e-08
-1.167064e-08 -5.276333e-08
-4.912758e-08 -1.509268e-08
-3.319525e-08 3.157169e-08
9.610503e-09 3.687363e-08
2.840951e-08 6.842126e-09
1.291051e-08 -1.544171e-08
-5.657457e-09 -1.031513e-08
-4.796621e-09 2.528502e-09
4.455505e-09 1.763976e-09
3.166279e-09 -7.118853e-09
-6.898187e-09 -7.211216e-09
-1.044606e-08 3.031257e-09
-2.513229e-09 1.037300e-08
6.868599e-09 6.830305e-09
8.046877e-09 -1.821752e-09
2.364962e-09 -6.223620e-09
-2.903847e-09 -4.231021e-09
-3.810968e-09 -8.497162e-11
-1.673084e-09 2.189937e-09
5.952341e-10 1.861164e-09
1.328826e-09 3.057313e-10
5.459456e-10 -7.867627e-10
-5.467310e-10 -5.335165e-10
-6.184650e-10 5.017392e-10
3.864778e-10 8.640297e-10
1.099575e-09 -4.933425e-11
4.494129e-10 -1.120894e-09
-8.521886e-10 -9.190024e-10
-1.183471e-09 3.752606e-10
-1.466346e-10 1.175343e-09
9.396147e-10 5.656380e-10
8.039149e-10 -5.810807e-10
-2.069182e-10 -8.559603e-10
-7.625796e-10 -1.062032e-10
-3.197529e-10 5.822857e-10
3.715651e-10 4.273634e-10
4.446522e-10 -1.741714e-10
-1.675300e-11 -3.987371e-10
-3.189103e-10 -9.087091e-11
-1.520317e-10 2.296903e-10
1.470247e-10 1.777619e-10
1.811579e-10 -7.754816e-11
-2.035669e-11 -1.726254e-10
-1.568464e-10 -2.925270e-11
-7.496314e-11 1.324180e-10
9.476835e-11 1.152781e-10
1.423659e-10 -4.159709e-11
2.185299e-11 -1.455178e-10
-1.183353e-10 -8.147906e-11
-1.193783e-10 6.558167e-11
