-2.349012e-08 3.939222e-08
2.838956e-08 3.670333e-08
3.924986e-08 -1.803472e-08
-1.721706e-08 -4.080933e-08
-5.546766e-08 1.892113e-08
3.192130e-09 8.260905e-08
9.993075e-08 4.190022e-08
1.020606e-07 -8.016746e-08
-1.745828e-08 -1.422598e-07
-1.333732e-07 -6.257032e-08
-1.196917e-07 7.600412e-08
3.675162e-10 1.281144e-07
9.285797e-08 5.646534e-08
7.563685e-08 -4.172692e-08
-2.538972e-09 -6.431360e-08
-4.348554e-08 -1.455680e-08
-1.748017e-08 2.922392e-08
2.324147e-08 1.923224e-08
2.518233e-08 -1.766859e-08
-6.284002e-09 -3.083190e-08
-2.906899e-08 -9.003435e-09
-2.079653e-08 1.812692e-08
3.071024e-09 2.337278e-08
1.701276e-08 8.884938e-09
1.364255e-08 -6.586158e-09
2.693430e-09 -1.161989e-08
-5.655954e-09 -7.976565e-09
-8.628031e-09 -1.321010e-09
-6.894487e-09 5.126251e-09
-1.084050e-09 8.943102e-09
6.291345e-09 7.214779e-09
9.926770e-09 -5.286167e-11
6.245857e-09 -7.556464e-09
-1.792177e-09 -8.852403e-09
-6.772708e-09 -3.317699e-09
-4.661888e-09 2.676074e-09
5.078159e-10 2.771577e-09
1.256441e-09 -1.786939e-09
-4.045064e-09 -3.273191e-09
-8.210493e-09 3.026085e-09
-3.208778e-09 1.172578e-08
9.282955e-09 1.195396e-08
1.747500e-08 -1.887076e-10
1.133035e-08 -1.529668e-08
-5.649046e-09 -1.891565e-08
-1.844017e-08 -6.619416e-09
-1.538086e-08 1.056774e-08
-1.556781e-10 1.708267e-08
1.237120e-08 8.550873e-09
1.178287e-08 -4.819297e-09
1.740783e-09 -1.020881e-08
-6.171799e-09 -5.220962e-09
-5.637138e-09 2.152175e-09
-4.164961e-10 4.258430e-09
2.536861e-09 1.332174e-09
1.219720e-09 -1.426946e-09
-1.135543e-09 -9.853487e-10
-1.290720e-09 1.179050e-09
7.491043e-10 2.133223e-09
2.774118e-09 6.558980e-10
2.680741e-09 -2.224452e-09
