-1.458392e-11 1.146132e-10
7.826241e-10 6.327524e-10
7.542944e-10 -3.472898e-10
-5.017321e-11 -7.233108e-10
-6.792299e-10 -1.780638e-10
-4.305210e-10 5.928962e-10
3.693632e-10 6.737657e-10
7.734395e-10 -7.357936e-12
3.568685e-10 -6.391667e-10
-3.285781e-10 -5.533553e-10
-5.179146e-10 1.214193e-11
-1.589156e-10 3.369460e-10
1.676208e-10 1.589579e-10
8.454354e-11 -1.133938e-10
-1.591023e-10 -5.959544e-11
-1.362818e-10 2.054830e-10
1.600467e-10 2.660387e-10
3.490487e-10 -8.208542e-12
1.819437e-10 -3.130276e-10
-1.621941e-10 -3.127144e-10
-3.226394e-10 -3.087593e-11
-1.758881e-10 2.207746e-10
7.298238e-11 2.196064e-10
1.704437e-10 4.400545e-11
8.772328e-11 -8.239864e-11
-1.460781e-11 -6.664283e-11
-2.276917e-11 -4.177204e-12
1.540677e-11 -2.506456e-12
6.151538e-12 -4.115678e-11
-4.609183e-11 -3.585522e-11
-6.194649e-11 2.428021e-11
-1.143388e-11 6.685080e-11
4.843843e-11 4.236430e-11
5.561873e-11 -1.669081e-11
1.439462e-11 -4.839579e-11
-2.650186e-11 -3.337122e-11
-3.497490e-11 7.589579e-13
-1.736547e-11 2.171307e-11
2.945614e-12 2.087018e-11
1.119564e-11 9.759422e-12
9.588841e-12 2.351481e-12
8.734546e-12 9.520193e-13
1.196807e-11 -3.007686e-12
1.025481e-11 -1.365107e-11
-3.561861e-12 -2.072058e-11
-2.017281e-11 -1.188371e-11
-2.247634e-11 8.336067e-12
-7.387017e-12 2.156203e-11
1.029748e-11 1.742586e-11
1.648864e-11 3.687733e-12
1.172962e-11 -6.655729e-12
4.532689e-12 -9.824317e-12
-9.329927e-13 -9.449113e-12
-5.581659e-12 -7.502886e-12
-9.115744e-12 -3.000589e-12
-9.036424e-12 3.260968e-12
-4.800706e-12 7.835512e-12
8.699061e-13 8.408878e-12
5.016880e-12 5.776915e-12
6.750589e-12 1.951979e-12
6.409654e-12 -1.868925e-12
