-6.768273e-07 1.200569e-06
7.055737e-07 1.481495e-06
1.784292e-06 2.881585e-07
1.276852e-06 -1.355086e-06
-4.029180e-07 -1.763155e-06
-1.544118e-06 -6.035059e-07
-1.192525e-06 7.610767e-07
-1.705502e-07 1.072991e-06
2.900535e-07 6.891819e-07
3.496661e-07 6.769807e-07
1.058714e-06 8.200644e-07
2.144337e-06 -2.549513e-07
1.640444e-06 -2.576959e-06
-1.372648e-06 -3.681863e-06
-4.525463e-06 -1.279166e-06
-4.166262e-06 3.286163e-06
2.274199e-07 5.683838e-06
4.829860e-06 3.246796e-06
5.370305e-06 -1.898517e-06
1.631332e-06 -5.082631e-06
-2.676656e-06 -3.971006e-06
-4.089405e-06 -4.070511e-07
-2.490758e-06 2.276238e-06
-1.377520e-07 2.662792e-06
1.234012e-06 1.673111e-06
1.598651e-06 5.931514e-07
1.562394e-06 -2.762238e-07
1.200718e-06 -1.137654e-06
2.542468e-07 -1.773274e-06
-1.072644e-06 -1.598796e-06
-1.985898e-06 -4.207201e-07
-1.752520e-06 1.162901e-06
-3.679558e-07 2.116815e-06
1.325113e-06 1.713469e-06
2.146204e-06 1.377887e-07
1.455837e-06 -1.504827e-06
-2.240140e-07 -1.975119e-06
-1.545559e-06 -9.772905e-07
-1.526825e-06 5.353492e-07
-4.457569e-07 1.288540e-06
5.671811e-07 9.171789e-07
7.700696e-07 1.334763e-07
4.266784e-07 -2.639537e-07
1.848662e-07 -2.437991e-07
1.774128e-07 -2.733409e-07
2.266641e-08 -4.817289e-07
-4.301404e-07 -4.697951e-07
-7.506264e-07 3.568814e-08
-4.683448e-07 6.688957e-07
2.597336e-07 7.907870e-07
7.633686e-07 2.518441e-07
6.025735e-07 -4.278853e-07
1.271614e-08 -6.475556e-07
-4.256670e-07 -3.323818e-07
-4.125289e-07 1.067085e-07
-1.289771e-07 2.869510e-07
8.886964e-08 1.935038e-07
1.180343e-07 4.871754e-08
6.907052e-08 -3.162674e-09
5.927783e-08 -3.504172e-09
7.240742e-08 -3.855556e-08
