-3.229879e-11 7.554150e-11
1.137504e-09 1.804413e-09
3.473106e-09 2.070516e-10
2.852889e-09 -3.441035e-09
-1.200210e-09 -4.965211e-09
-4.954481e-09 -2.160763e-09
-4.710272e-09 2.607405e-09
-7.731081e-10 5.022180e-09
3.121133e-09 3.308552e-09
3.829950e-09 -3.506726e-10
1.659811e-09 -2.547968e-09
-6.886917e-10 -2.090330e-09
-1.293716e-09 -5.064382e-10
-5.990925e-10 2.835867e-10
-1.250115e-10 3.685353e-11
-4.090209e-10 -1.693400e-10
-6.828428e-10 2.979135e-10
-2.378824e-10 8.723214e-10
5.689538e-10 7.425699e-10
8.660758e-10 -1.679971e-11
4.106984e-10 -6.018548e-10
-2.041016e-10 -5.160357e-10
-3.683817e-10 -6.521541e-11
-1.211908e-10 1.728006e-10
8.128449e-11 5.514822e-11
6.248178e-12 -1.036971e-10
-1.523634e-10 -4.121776e-11
-1.281234e-10 1.436623e-10
6.316085e-11 1.924438e-10
1.875733e-10 4.153691e-11
1.122433e-10 -1.238564e-10
-4.748957e-11 -1.254649e-10
-1.004524e-10 -1.623531e-12
-1.704094e-11 7.338314e-11
6.440047e-11 2.082590e-11
3.619740e-11 -6.469639e-11
-5.152818e-11 -6.377210e-11
-8.210621e-11 1.505086e-11
-2.883650e-11 7.069180e-11
3.270313e-11 5.196493e-11
4.077967e-11 5.092676e-12
1.591890e-11 -1.035710e-11
8.656697e-12 2.360827e-12
2.538826e-11 1.856972e-12
3.103794e-11 -2.518871e-11
3.922687e-12 -4.957421e-11
-3.678858e-11 -4.041358e-11
-5.518488e-11 -9.939227e-13
-3.664841e-11 3.689110e-11
4.550889e-13 4.580362e-11
2.612692e-11 2.694015e-11
2.830942e-11 3.217785e-12
1.902573e-11 -8.493691e-12
1.276403e-11 -1.219508e-11
7.686125e-12 -1.808138e-11
-5.128158e-12 -2.265178e-11
-2.127149e-11 -1.412754e-11
-2.479582e-11 6.146947e-12
-1.041942e-11 2.071843e-11
7.528681e-12 1.735134e-11
1.287952e-11 3.817533e-12
