-1.293192e-09 3.222561e-09
1.186827e-08 1.725190e-08
2.700982e-09 -7.812887e-10
-9.106017e-09 1.032948e-08
7.549322e-09 2.583455e-08
3.447158e-08 1.048666e-08
3.128126e-08 -2.635926e-08
-5.621908e-09 -4.149017e-08
-3.625494e-08 -1.606133e-08
-2.865336e-08 2.048775e-08
3.335380e-09 2.942109e-08
2.221823e-08 8.388761e-09
1.306789e-08 -1.294071e-08
-5.525592e-09 -1.288922e-08
-1.079843e-08 8.837441e-10
-1.826735e-09 8.510072e-09
6.377469e-09 3.552662e-09
4.638898e-09 -4.236480e-09
-2.070197e-09 -5.036927e-09
-4.720402e-09 8.901312e-11
-1.479979e-09 3.826458e-09
2.561800e-09 2.513778e-09
2.956325e-09 -1.123621e-09
2.710705e-10 -2.780877e-09
-2.048602e-09 -1.356136e-09
-1.895177e-09 9.835719e-10
-6.580741e-11 1.823679e-09
1.310504e-09 7.892994e-10
1.073810e-09 -6.602252e-10
-1.276781e-10 -1.025027e-09
-8.413978e-10 -2.059894e-10
-4.090868e-10 6.557180e-10
4.726203e-10 5.728617e-10
7.059561e-10 -2.320435e-10
8.138907e-11 -7.354196e-10
-5.952472e-10 -3.894501e-10
-5.704545e-10 3.102164e-10
-1.949155e-12 5.560683e-10
3.874665e-10 2.089997e-10
2.545605e-10 -1.853508e-10
-6.214311e-11 -1.880544e-10
-1.155692e-10 4.756255e-11
8.197769e-11 1.151729e-10
1.826659e-10 -7.601580e-11
1.404165e-11 -2.450286e-10
-2.254698e-10 -1.527671e-10
-2.559033e-10 1.069264e-10
-5.410958e-11 2.569621e-10
1.569701e-10 1.706926e-10
1.887448e-10 -2.070840e-11
7.336468e-11 -1.211174e-10
-2.986513e-11 -8.731883e-11
-4.140897e-11 -2.349169e-11
-1.819049e-11 -1.189515e-11
-3.024723e-11 -2.225647e-11
-5.720415e-11 6.278800e-12
-3.744373e-11 5.951665e-11
2.823082e-11 7.049980e-11
7.374369e-11 1.801960e-11
5.508924e-11 -4.616560e-11
-2.158836e-12 -6.525980e-11
