3.298964e-07 -2.727900e-08
2.115927e-07 -4.163809e-07
-3.460847e-07 -5.417526e-07
-8.595255e-07 3.366050e-08
-5.293892e-07 9.763791e-07
6.954147e-07 1.186763e-06
1.629674e-06 3.017984e-08
9.932469e-07 -1.560130e-06
-8.948774e-07 -1.805268e-06
-2.109429e-06 -1.584348e-07
-1.211598e-06 1.774831e-06
9.424016e-07 1.900411e-06
2.041110e-06 7.863182e-08
9.669119e-07 -1.664209e-06
-9.509330e-07 -1.501199e-06
-1.598676e-06 1.426954e-07
-5.306638e-07 1.306366e-06
7.762245e-07 9.037923e-07
9.227142e-07 -2.235173e-07
1.465544e-07 -6.728286e-07
-3.521149e-07 -2.323977e-07
-9.705362e-08 1.735742e-07
2.378257e-07 -6.082241e-08
-3.098589e-08 -4.598646e-07
-6.148966e-07 -2.597762e-07
-6.789470e-07 4.889698e-07
3.813368e-08 9.595682e-07
8.741756e-07 5.577666e-07
9.931564e-07 -3.956347e-07
2.683994e-07 -1.026633e-06
-6.354651e-07 -7.954524e-07
-9.436463e-07 3.008925e-08
-4.795896e-07 6.921979e-07
2.368162e-07 6.738523e-07
5.428810e-07 1.494548e-07
2.907673e-07 -2.641430e-07
-6.393368e-08 -2.028617e-07
-5.380709e-08 6.338008e-08
2.102660e-07 2.973232e-08
2.021970e-07 -3.323760e-07
-2.659600e-07 -4.829083e-07
-6.866133e-07 -3.013155e-08
-4.452597e-07 6.527121e-07
3.456398e-07 7.830720e-07
8.748871e-07 1.237233e-07
5.604087e-07 -6.709585e-07
-2.615014e-07 -7.888006e-07
-7.379522e-07 -1.764573e-07
-4.712470e-07 4.667134e-07
1.222255e-07 5.372320e-07
4.048479e-07 1.408800e-07
2.363998e-07 -1.896328e-07
-2.132959e-08 -1.792597e-07
-6.133225e-08 -2.648569e-08
3.194801e-08 -1.207086e-08
1.377884e-08 -1.165326e-07
-1.399292e-07 -1.159127e-07
-2.168981e-07 6.466881e-08
-7.635616e-08 2.400235e-07
1.591319e-07 2.057780e-07
2.534625e-07 -1.208752e-08
