-4.084976e-09 8.751837e-10
-1.195696e-08 2.936523e-08
9.672801e-09 1.381559e-08
2.473361e-09 -1.202688e-09
-7.382224e-09 7.253638e-09
5.308589e-09 1.950077e-08
2.588030e-08 7.405367e-09
2.223268e-08 -2.084271e-08
-7.074488e-09 -3.047631e-08
-2.884772e-08 -8.271371e-09
-1.900197e-08 1.971547e-08
7.926515e-09 2.272958e-08
2.044282e-08 2.377204e-09
9.058258e-09 -1.462610e-08
-7.777410e-09 -1.172383e-08
-1.106396e-08 1.809171e-09
-2.133866e-09 8.382690e-09
5.190690e-09 3.806421e-09
3.818560e-09 -2.674201e-09
-1.246373e-09 -3.204031e-09
-2.763037e-09 5.454727e-10
-7.534043e-11 2.641924e-09
2.452280e-09 9.546580e-10
1.890882e-09 -1.773624e-09
-5.868937e-10 -2.396609e-09
-2.155164e-09 -6.943597e-10
-1.551352e-09 1.280990e-09
2.136380e-10 1.726520e-09
1.341809e-09 6.050882e-10
9.859299e-10 -7.333451e-10
-1.907571e-10 -1.010790e-09
-8.671091e-10 -1.850366e-10
-4.385119e-10 6.760570e-10
4.476173e-10 6.259416e-10
7.319849e-10 -1.562272e-10
1.686714e-10 -6.964139e-10
-4.994613e-10 -4.301654e-10
-5.330148e-10 2.109858e-10
-4.424562e-11 4.622866e-10
2.983973e-10 1.720075e-10
1.703045e-10 -1.570300e-10
-1.058846e-10 -1.185610e-10
-1.076365e-10 1.244286e-10
1.336526e-10 1.687170e-10
2.547714e-10 -6.724247e-11
7.300868e-11 -2.840915e-10
-2.082266e-10 -2.182381e-10
-2.853575e-10 5.122641e-11
-1.075658e-10 2.385083e-10
1.125519e-10 1.904543e-10
1.727317e-10 1.570845e-11
8.222943e-11 -9.153936e-11
-1.144213e-11 -7.364173e-11
-2.431903e-11 -2.180113e-11
-4.752631e-12 -1.710826e-11
-2.163146e-11 -3.338832e-11
-5.783944e-11 -8.287931e-12
-4.905911e-11 4.998909e-11
1.332542e-11 7.420545e-11
6.822269e-11 3.282037e-11
6.436257e-11 -3.273186e-11
