7.860092e-11 -2.414864e-11
6.915028e-11 -6.087958e-10
-4.349410e-10 -1.023601e-10
-1.246105e-10 4.501624e-10
4.916460e-10 3.071075e-10
5.788947e-10 -3.554261e-10
-1.142516e-11 -7.267207e-10
-6.097891e-10 -3.715684e-10
-5.813843e-10 2.839451e-10
-5.688795e-11 5.363349e-10
3.287679e-10 2.430432e-10
2.445919e-10 -1.260720e-10
-3.576242e-11 -1.579266e-10
-1.022786e-10 4.667030e-11
7.228191e-11 1.260862e-10
1.900661e-10 -3.780616e-11
6.391462e-11 -2.187626e-10
-1.656509e-10 -1.787144e-10
-2.387781e-10 4.389237e-11
-8.846987e-11 2.102544e-10
1.115533e-10 1.691729e-10
1.692032e-10 2.538261e-12
7.636874e-11 -1.060732e-10
-2.803858e-11 -8.564537e-11
-4.723054e-11 -1.868896e-11
-1.767642e-11 2.031264e-12
-1.539201e-11 -1.299117e-11
-3.976015e-11 -1.810261e-12
-3.428056e-11 3.974283e-11
1.396020e-11 5.583850e-11
5.300304e-11 1.922481e-11
4.084922e-11 -3.048968e-11
-2.813067e-12 -4.332011e-11
-3.084214e-11 -1.737449e-11
-2.498802e-11 1.266614e-11
-3.043677e-12 2.147260e-11
1.161182e-11 1.151220e-11
1.160605e-11 -1.293059e-12
4.331381e-12 -5.897100e-12
2.581245e-13 -3.245174e-12
1.946775e-12 -1.786810e-12
2.425685e-12 -5.701736e-12
-3.879010e-12 -8.617700e-12
-1.129500e-11 -2.879376e-12
-9.824280e-12 7.800171e-12
2.754882e-13 1.212205e-11
8.531776e-12 6.394350e-12
8.414856e-12 -1.827397e-12
3.711008e-12 -5.418552e-12
-1.993114e-14 -5.227175e-12
-2.622081e-12 -4.302218e-12
-5.242325e-12 -1.941986e-12
-5.535381e-12 2.679595e-12
-1.493451e-12 6.117391e-12
3.673541e-12 4.594717e-12
4.914333e-12 -1.522326e-13
1.999062e-12 -2.892715e-12
-6.513082e-13 -1.755604e-12
-2.503148e-13 8.562411e-14
1.191360e-12 -4.507894e-13
5.829091e-13 -2.247629e-12
