1.116214e-05 9.396068e-06
1.710602e-05 -3.343598e-06
9.435938e-06 -1.595970e-05
-3.987714e-06 -1.744491e-05
-1.253531e-05 -1.113884e-05
-1.734262e-05 -3.959726e-06
-2.125394e-05 7.674261e-06
-1.425497e-05 2.652921e-05
1.331180e-05 3.634184e-05
4.496185e-05 1.452920e-05
4.450580e-05 -3.238033e-05
-1.138700e-06 -6.152577e-05
-5.540067e-05 -3.647519e-05
-6.387405e-05 2.639202e-05
-1.416886e-05 6.824195e-05
4.721829e-05 4.900107e-05
6.344005e-05 -1.041059e-05
2.546936e-05 -5.288029e-05
-2.479931e-05 -4.534042e-05
-4.335904e-05 -5.869458e-06
-2.518017e-05 2.499544e-05
2.668407e-06 2.728860e-05
1.618116e-05 1.193815e-05
1.397019e-05 -1.639865e-06
7.336927e-06 -6.554343e-06
2.822782e-06 -7.339498e-06
-1.084522e-06 -7.638629e-06
-5.848338e-06 -5.718118e-06
-8.469076e-06 -7.205897e-08
-5.729221e-06 6.094726e-06
7.882362e-07 7.856404e-06
5.909216e-06 4.062555e-06
6.073990e-06 -1.692458e-06
2.219570e-06 -4.914493e-06
-1.950194e-06 -4.050576e-06
-3.533518e-06 -9.146189e-07
-2.356395e-06 1.638918e-06
-2.562290e-07 2.145523e-06
9.653538e-07 1.181367e-06
9.669993e-07 1.850929e-07
6.029221e-07 -1.313551e-07
5.662831e-07 -1.988282e-07
5.797892e-07 -6.091352e-07
1.575157e-08 -1.107404e-06
-9.822386e-07 -8.831123e-07
-1.438901e-06 2.424712e-07
-7.020959e-07 1.345912e-06
6.607547e-07 1.348297e-06
1.398770e-06 2.409767e-07
9.148431e-07 -9.027773e-07
-1.776364e-07 -1.100723e-06
-8.294044e-07 -4.087441e-07
-6.423722e-07 3.458047e-07
-7.020686e-08 5.380207e-07
2.696545e-07 2.588444e-07
2.277323e-07 -3.202019e-08
6.847409e-08 -9.338428e-08
1.854355e-08 -3.973473e-08
4.157352e-08 -4.430565e-08
5.970459e-09 -9.699333e-08
-8.951445e-08 -8.062351e-08
