1.332859e-05 4.760046e-05
6.447704e-05 2.301417e-05
7.006591e-05 -4.942728e-05
-2.082327e-07 -9.825036e-05
-8.544082e-05 -5.986956e-05
-9.804569e-05 3.473378e-05
-2.838698e-05 9.434332e-05
5.203440e-05 7.279387e-05
7.830020e-05 6.170318e-06
5.025959e-05 -4.501782e-05
6.651104e-06 -5.807078e-05
-2.755008e-05 -4.631977e-05
-5.066946e-05 -2.123585e-05
-5.744665e-05 1.761220e-05
-3.218370e-05 5.819227e-05
2.257091e-05 6.820853e-05
6.915447e-05 2.840768e-05
6.574538e-05 -3.542710e-05
1.275406e-05 -7.047870e-05
-4.382143e-05 -4.934289e-05
-5.831829e-05 3.759679e-06
-2.793642e-05 4.112436e-05
1.241427e-05 3.861878e-05
2.964081e-05 1.105896e-05
2.014715e-05 -1.196771e-05
2.587993e-06 -1.608587e-05
-6.527340e-06 -8.092896e-06
-5.768925e-06 -8.648437e-07
-2.715611e-06 7.508859e-07
-2.285136e-06 2.925343e-07
-2.937552e-06 1.677774e-06
-1.313196e-06 4.136924e-06
2.556006e-06 4.226720e-06
5.184111e-06 6.783557e-07
3.705117e-06 -3.757947e-06
-8.268959e-07 -5.076311e-06
-4.366282e-06 -2.148592e-06
-3.919906e-06 2.158556e-06
-4.028704e-07 3.970936e-06
2.622829e-06 2.220198e-06
2.731806e-06 -7.491890e-07
7.257357e-07 -2.082899e-06
-9.264947e-07 -1.283417e-06
-9.919398e-07 -5.845601e-09
-3.052049e-07 3.452718e-07
-1.033449e-07 3.766991e-08
-4.012836e-07 7.200089e-08
-3.418921e-07 5.945426e-07
3.620274e-07 7.986686e-07
9.695650e-07 1.730092e-07
7.098615e-07 -7.330655e-07
-2.118584e-07 -9.742998e-07
-8.663775e-07 -3.358485e-07
-6.764471e-07 4.820781e-07
2.722143e-08 7.130942e-07
5.032018e-07 3.042043e-07
4.170200e-07 -1.972850e-07
5.072911e-08 -3.350780e-07
-1.631110e-07 -1.539978e-07
-1.185022e-07 2.030139e-08
-2.128946e-08 2.160423e-08
