-3.736865e-07 -1.913373e-06
-3.196942e-06 -1.580166e-06
-4.768761e-06 2.468614e-06
-1.048991e-06 7.005573e-06
6.069288e-06 5.882090e-06
9.148901e-06 -1.712240e-06
3.956134e-06 -8.742184e-06
-4.839824e-06 -8.004634e-06
-8.670012e-06 -4.122319e-07
-4.498354e-06 6.245094e-06
2.485599e-06 6.042937e-06
5.269015e-06 7.267282e-07
2.429176e-06 -3.386319e-06
-1.588787e-06 -2.757369e-06
-2.405935e-06 4.136845e-07
-2.408232e-07 1.956717e-06
1.574394e-06 6.865977e-07
1.066044e-06 -1.146106e-06
-5.858193e-07 -1.291789e-06
-1.235404e-06 -9.780034e-09
-4.437581e-07 9.144800e-07
5.037805e-07 5.999546e-07
5.339055e-07 -1.955912e-07
-6.014529e-08 -4.074151e-07
-3.487083e-07 2.522399e-08
-2.954582e-08 3.658080e-07
3.720655e-07 1.604425e-07
3.209582e-07 -2.821228e-07
-9.046052e-08 -4.128086e-07
-3.715713e-07 -1.247099e-07
-2.630517e-07 2.166571e-07
3.397492e-08 2.739952e-07
1.856024e-07 8.691272e-08
1.105939e-07 -7.566415e-08
-1.288822e-08 -6.868933e-08
-2.473317e-08 1.346983e-08
4.185303e-08 2.257605e-08
5.812589e-08 -4.896684e-08
-1.405743e-08 -9.223517e-08
-8.897732e-08 -4.255643e-08
-8.176331e-08 4.552081e-08
-9.284548e-09 8.010532e-08
4.652619e-08 4.202106e-08
4.142029e-08 -1.021485e-08
5.926575e-09 -2.262399e-08
-9.135725e-09 -1.749724e-09
5.791613e-09 1.146653e-08
2.115633e-08 -1.655262e-09
1.362008e-08 -2.254465e-08
-9.017040e-09 -2.653715e-08
-2.466489e-08 -1.118897e-08
-2.318104e-08 8.175479e-09
-1.074784e-08 1.869996e-08
2.604722e-09 1.865580e-08
1.161608e-08 1.203197e-08
1.489089e-08 2.739285e-09
1.248752e-08 -5.937938e-09
6.006779e-09 -1.109637e-08
-1.580901e-09 -1.137287e-08
-7.326119e-09 -7.390469e-09
-9.208862e-09 -1.207246e-09
