-1.267955e-07 8.105942e-07
7.967033e-07 7.742537e-07
1.437656e-06 -2.908062e-07
7.193430e-07 -1.744734e-06
-1.314829e-06 -1.954210e-06
-2.835599e-06 1.103108e-08
-1.815870e-06 2.730153e-06
1.382927e-06 3.359424e-06
3.772368e-06 7.840251e-07
2.809786e-06 -2.717618e-06
-6.399924e-07 -3.734442e-06
-3.176820e-06 -1.464676e-06
-2.635288e-06 1.551591e-06
-2.108381e-07 2.493248e-06
1.404767e-06 1.238395e-06
1.205898e-06 -1.851962e-07
4.300202e-07 -4.468900e-07
3.365659e-07 -2.018187e-07
5.429808e-07 -5.422720e-07
-1.438418e-08 -1.182863e-06
-1.207819e-06 -9.155158e-07
-1.671969e-06 5.098950e-07
-5.871464e-07 1.787366e-06
1.155446e-06 1.539028e-06
1.889163e-06 -6.458620e-08
9.800383e-07 -1.501362e-06
-6.052324e-07 -1.530972e-06
-1.419464e-06 -3.512804e-07
-9.499393e-07 8.130360e-07
9.138152e-08 1.013091e-06
6.664963e-07 3.805709e-07
4.506588e-07 -2.286586e-07
1.080400e-10 -2.376733e-07
-2.347856e-08 8.026319e-08
3.245486e-07 5.245511e-08
3.659881e-07 -4.560242e-07
-2.621271e-07 -7.748021e-07
-9.833010e-07 -2.544790e-07
-8.651729e-07 7.838779e-07
1.964414e-07 1.249986e-06
1.190388e-06 5.343004e-07
1.079154e-06 -6.985119e-07
-5.128389e-09 -1.211236e-06
-9.230918e-07 -5.792938e-07
-8.378313e-07 4.084121e-07
-6.816508e-08 7.479364e-07
4.584402e-07 3.226956e-07
3.321543e-07 -1.739389e-07
-3.041513e-08 -2.076204e-07
-9.656894e-08 3.749823e-08
1.076838e-07 8.719346e-08
1.711710e-07 -1.353301e-07
-6.653648e-08 -2.727261e-07
-3.100041e-07 -7.872086e-08
-2.321614e-07 2.449329e-07
9.715338e-08 3.231371e-07
3.149949e-07 7.506008e-08
2.079635e-07 -2.168303e-07
-7.242795e-08 -2.606257e-07
-2.280542e-07 -6.290408e-08
-1.459761e-07 1.377058e-07
