-8.287611e-06 -1.361630e-05
-1.960983e-05 -1.422817e-06
-1.464139e-05 1.758560e-05
6.233789e-06 2.467960e-05
2.524161e-05 1.051108e-05
2.483778e-05 -1.407011e-05
4.912514e-06 -2.864215e-05
-1.830539e-05 -2.237975e-05
-2.818439e-05 -1.852905e-06
-2.069968e-05 1.792457e-05
-3.095806e-06 2.662304e-05
1.528973e-05 2.221358e-05
2.720478e-05 6.836464e-06
2.614907e-05 -1.433603e-05
8.984810e-06 -3.048750e-05
-1.685995e-05 -2.885602e-05
-3.364672e-05 -6.855163e-06
-2.714447e-05 2.099479e-05
-1.368930e-06 3.327194e-05
2.329719e-05 2.100546e-05
2.838653e-05 -4.203535e-06
1.321349e-05 -2.182310e-05
-7.142161e-06 -2.087322e-05
-1.727716e-05 -6.826137e-06
-1.356582e-05 6.971938e-06
-3.195309e-06 1.180823e-05
4.954420e-06 8.233123e-06
7.179175e-06 1.889112e-06
5.070650e-06 -2.571917e-06
1.837156e-06 -3.983794e-06
-6.082893e-07 -3.463313e-06
-2.047823e-06 -2.258342e-06
-2.809433e-06 -7.516226e-07
-2.764734e-06 1.072987e-06
-1.477423e-06 2.714201e-06
8.263039e-07 3.080914e-06
2.808195e-06 1.557598e-06
2.967901e-06 -9.954479e-07
1.148706e-06 -2.710371e-06
-1.162510e-06 -2.396024e-06
-2.227750e-06 -6.179227e-07
-1.627098e-06 1.021846e-06
-3.262354e-07 1.493946e-06
5.801317e-07 1.025486e-06
8.355592e-07 3.765359e-07
7.769511e-07 -9.789453e-08
5.899523e-07 -4.908417e-07
1.638169e-07 -7.888530e-07
-4.496467e-07 -7.090003e-07
-8.294429e-07 -1.421446e-07
-6.116076e-07 5.241513e-07
3.309906e-08 7.354208e-07
5.320867e-07 3.612600e-07
5.042456e-07 -1.854920e-07
1.056596e-07 -4.155812e-07
-2.210902e-07 -2.396955e-07
-2.304250e-07 4.728538e-08
-4.532018e-08 1.534633e-07
7.936928e-08 6.483362e-08
5.075400e-08 -3.884608e-08
-2.696541e-08 -3.652987e-08
