-2.345507e-13 2.393727e-12
1.927813e-11 7.954860e-12
1.080612e-11 -1.542083e-11
-1.071005e-11 -1.446648e-11
-1.658973e-11 2.774928e-12
-6.536162e-12 1.306656e-11
3.355662e-12 1.137104e-11
7.206113e-12 6.943363e-12
9.773866e-12 3.682440e-12
1.248279e-11 -1.925811e-12
1.085506e-11 -1.072827e-11
1.879131e-12 -1.762223e-11
-1.140420e-11 -1.615339e-11
-2.067968e-11 -4.258476e-12
-1.780475e-11 1.165284e-11
-3.673893e-12 1.947305e-11
9.675664e-12 1.338778e-11
1.143401e-11 1.827073e-12
5.160035e-12 -2.520535e-12
3.021336e-12 7.648598e-13
7.968205e-12 7.189278e-13
9.922346e-12 -7.624438e-12
1.399470e-12 -1.522811e-11
-1.092647e-11 -1.177123e-11
-1.493760e-11 1.758681e-13
-8.386476e-12 9.036731e-12
4.409300e-14 8.822719e-12
2.875341e-12 4.328714e-12
1.673392e-12 2.523570e-12
2.145354e-12 3.675129e-12
5.469940e-12 3.017773e-12
7.419045e-12 -1.520254e-12
4.724298e-12 -6.531219e-12
-8.416890e-13 -7.821083e-12
-5.289173e-12 -5.044599e-12
-6.718258e-12 -6.173604e-13
-5.339039e-12 3.497338e-12
-1.634037e-12 5.912155e-12
2.888010e-12 4.962539e-12
4.922474e-12 8.526533e-13
2.755327e-12 -2.677209e-12
-5.358880e-13 -2.311608e-12
-8.074594e-13 -6.899263e-15
9.484005e-13 -1.197172e-13
3.126336e-13 -2.273600e-12
-2.843424e-12 -1.805569e-12
-3.474562e-12 2.173354e-12
4.809184e-13 4.440782e-12
4.191891e-12 1.544132e-12
3.032614e-12 -2.756287e-12
-7.469697e-13 -3.294703e-12
-2.222770e-12 -8.459364e-13
-1.186435e-12 4.803357e-13
-8.148569e-13 1.805458e-13
-1.377012e-12 8.305699e-13
-3.608896e-13 2.337188e-12
2.051848e-12 1.841669e-12
2.589266e-12 -8.360606e-13
3.714216e-13 -2.275604e-12
-1.429809e-12 -8.381176e-13
-6.037626e-13 8.579096e-13
