6.695487e-07 -2.268162e-07
6.916003e-08 -8.195070e-07
-8.339144e-07 -4.235470e-07
-7.994716e-07 6.875437e-07
3.326966e-07 1.120622e-06
1.232510e-06 2.151964e-07
7.890962e-07 -9.992547e-07
-4.572414e-07 -1.131167e-06
-1.080987e-06 -1.566448e-07
-5.588981e-07 7.102335e-07
2.706423e-07 6.214965e-07
4.455758e-07 -2.550423e-09
3.006397e-08 -2.549947e-07
-2.122483e-07 4.915343e-08
6.054799e-08 3.090307e-07
4.049957e-07 7.867595e-08
3.010456e-07 -3.622803e-07
-1.574340e-07 -4.598380e-07
-4.499347e-07 -1.103177e-07
-3.024844e-07 2.799412e-07
5.249340e-08 3.390755e-07
2.396106e-07 1.152043e-07
1.644153e-07 -9.199141e-08
1.416341e-08 -1.157683e-07
-3.744418e-08 -3.964648e-08
-5.216540e-09 -7.199266e-09
3.551054e-09 -3.682975e-08
-4.346730e-08 -4.672040e-08
-7.997473e-08 7.016844e-09
-4.668154e-08 7.419435e-08
3.125093e-08 8.184278e-08
7.882950e-08 2.225226e-08
5.699085e-08 -4.456784e-08
-2.775696e-09 -6.054737e-08
-4.117859e-08 -2.513233e-08
-3.265343e-08 1.651993e-08
-6.889143e-10 2.677368e-08
1.769362e-08 8.375500e-09
1.083832e-08 -1.052529e-08
-4.874521e-09 -1.160379e-08
-1.076006e-08 -5.462711e-10
-4.818256e-09 7.467347e-09
2.907831e-09 6.115877e-09
4.639489e-09 2.312114e-10
7.706106e-10 -3.002458e-09
-3.426810e-09 -5.911413e-10
-2.624503e-09 5.011458e-09
4.323609e-09 7.324252e-09
1.143546e-08 1.039627e-09
9.452903e-09 -1.057208e-08
-3.284782e-09 -1.589158e-08
-1.577729e-08 -7.180816e-09
-1.507244e-08 8.638965e-09
-1.552856e-09 1.632438e-08
1.118070e-08 9.459359e-09
1.203443e-08 -3.315346e-09
3.307451e-09 -9.796191e-09
-5.209420e-09 -6.869791e-09
-7.630527e-09 2.764074e-10
-4.281913e-09 6.208135e-09
2.525327e-09 7.944403e-09
