-4.439405e-11 -8.977480e-10
-4.820602e-09 -2.423101e-09
-7.156085e-10 1.415058e-09
1.846099e-09 -1.605691e-09
-1.400644e-09 -4.182503e-09
-5.255455e-09 -1.340807e-09
-4.231304e-09 3.608675e-09
3.773299e-10 5.022680e-09
3.468062e-09 2.177554e-09
2.749062e-09 -1.112445e-09
3.541208e-10 -1.807230e-09
-7.584972e-10 -4.772578e-10
-5.085514e-11 5.305269e-10
9.167994e-10 6.691342e-11
7.478159e-10 -1.069294e-09
-4.560464e-10 -1.482842e-09
-1.533499e-09 -6.522883e-10
-1.498787e-09 7.384395e-10
-3.911549e-10 1.534317e-09
8.319200e-10 1.152344e-09
1.200814e-09 6.450726e-11
6.185833e-10 -7.184487e-10
-1.568598e-10 -6.624764e-10
-3.991945e-10 -1.426200e-10
-1.386244e-10 1.447236e-10
7.534682e-11 9.921183e-12
-4.925349e-11 -1.584843e-10
-2.525404e-10 -2.827471e-11
-1.788351e-10 2.459278e-10
1.262021e-10 2.944393e-10
3.085883e-10 4.060674e-11
1.738857e-10 -2.263938e-10
-1.004444e-10 -2.299788e-10
-2.141216e-10 -1.377709e-11
-8.843385e-11 1.586948e-10
9.305129e-11 1.244961e-10
1.324456e-10 -2.951792e-11
2.811095e-11 -1.157716e-10
-7.378123e-11 -6.944898e-11
-7.739565e-11 1.729759e-11
-2.570984e-11 4.642878e-11
-1.530707e-12 2.807043e-11
-9.383242e-12 2.684240e-11
4.832159e-12 5.125139e-11
5.446427e-11 4.876606e-11
8.747125e-11 -6.937003e-12
5.894884e-11 -7.360036e-11
-1.199550e-11 -9.277149e-11
-6.899411e-11 -5.353657e-11
-7.743795e-11 7.478630e-12
-4.535091e-11 4.900312e-11
-2.851974e-12 5.539720e-11
2.521006e-11 3.702145e-11
3.304110e-11 1.388451e-11
3.022310e-11 -2.544964e-12
2.534534e-11 -1.513667e-11
1.504910e-11 -2.847166e-11
-6.316610e-12 -3.514504e-11
-3.031953e-11 -2.306802e-11
-3.819607e-11 5.019915e-12
-2.232327e-11 2.939300e-11
