1.269089e-06 -5.814470e-07
6.399256e-07 -1.975884e-06
-1.485515e-06 -2.759869e-06
-4.499571e-06 -1.144133e-06
-5.370538e-06 3.774160e-06
-5.785144e-07 8.730629e-06
8.256150e-06 7.250372e-06
1.275703e-05 -2.783840e-06
5.818330e-06 -1.357561e-05
-8.483982e-06 -1.355578e-05
-1.663713e-05 -6.029271e-07
-9.741000e-06 1.358753e-05
5.886762e-06 1.512312e-05
1.493419e-05 3.026335e-06
9.593842e-06 -9.959315e-06
-2.863058e-06 -1.175062e-05
-9.590467e-06 -3.264958e-06
-6.306548e-06 4.973853e-06
4.378021e-07 5.871713e-06
3.202032e-06 2.033718e-06
1.849119e-06 -3.581846e-07
9.004054e-07 8.314391e-08
2.002118e-06 -1.942857e-09
2.233095e-06 -2.352343e-06
-6.716893e-07 -4.170646e-06
-4.380973e-06 -2.192926e-06
-4.648528e-06 2.486251e-06
-6.593535e-07 5.328719e-06
3.869981e-06 3.524786e-06
4.804810e-06 -1.044984e-06
1.763225e-06 -4.105130e-06
-2.037604e-06 -3.364051e-06
-3.342527e-06 -2.485516e-07
-1.748079e-06 2.128258e-06
6.001580e-07 2.077514e-06
1.523428e-06 4.677534e-07
7.821728e-07 -7.199791e-07
-2.113308e-07 -5.570158e-07
-2.502030e-07 1.678558e-07
3.838400e-07 2.216560e-07
5.255760e-07 -4.987894e-07
-2.680936e-07 -9.307964e-07
-1.113512e-06 -2.855013e-07
-9.073512e-07 8.781268e-07
2.728012e-07 1.281408e-06
1.217077e-06 4.498556e-07
9.819862e-07 -7.459441e-07
-8.901470e-08 -1.123224e-06
-8.696918e-07 -4.704644e-07
-7.308576e-07 3.933979e-07
-6.367761e-08 6.577234e-07
3.748638e-07 3.168947e-07
3.199980e-07 -7.645591e-08
8.465282e-08 -1.628626e-07
3.000122e-09 -6.963047e-08
4.807730e-08 -6.097463e-08
1.001297e-08 -1.480967e-07
-1.448964e-07 -1.411412e-07
-2.322926e-07 3.467975e-08
-1.154483e-07 2.196463e-07
1.094805e-07 2.196654e-07
