-1.566188e-05 -1.630458e-05
-2.863298e-05 4.171893e-06
-1.562417e-05 3.021275e-05
1.678582e-05 3.309031e-05
3.748388e-05 5.954497e-06
2.607441e-05 -2.592090e-05
-4.965830e-06 -3.365946e-05
-2.662139e-05 -1.443110e-05
-2.376828e-05 1.062167e-05
-5.346287e-06 2.100140e-05
1.028138e-05 1.415201e-05
1.366440e-05 1.378294e-06
8.170783e-06 -6.740829e-06
1.289553e-06 -8.128060e-06
-3.253754e-06 -5.885734e-06
-5.460792e-06 -2.430575e-06
-5.480438e-06 1.523995e-06
-2.866072e-06 4.739518e-06
1.417583e-06 5.138447e-06
4.499837e-06 2.153127e-06
4.082374e-06 -1.920737e-06
8.621248e-07 -3.838178e-06
-2.152512e-06 -2.502248e-06
-2.646321e-06 2.463790e-07
-9.773874e-07 1.795070e-06
7.357778e-07 1.294422e-06
1.013844e-06 -2.010692e-08
2.268711e-07 -5.945601e-07
-3.364603e-07 -1.843625e-07
-9.962437e-08 2.926198e-07
3.551763e-07 1.217375e-07
2.648124e-07 -3.860435e-07
-3.005899e-07 -4.555006e-07
-5.961960e-07 8.872629e-08
-1.986091e-07 6.089079e-07
4.603743e-07 4.728894e-07
6.371154e-07 -1.764021e-07
1.586661e-07 -6.231355e-07
-4.278796e-07 -4.281742e-07
-5.339112e-07 1.262117e-07
-1.571905e-07 4.482746e-07
2.338387e-07 3.098103e-07
2.926264e-07 -1.103439e-08
1.112575e-07 -1.599379e-07
-2.125049e-08 -9.863676e-08
-5.040775e-09 -3.102938e-08
2.111965e-08 -7.175720e-08
-6.064935e-08 -1.178550e-07
-1.712419e-07 -3.642734e-08
-1.526665e-07 1.298439e-07
1.196060e-08 2.087178e-07
1.686226e-07 1.124864e-07
1.735711e-07 -6.046295e-08
4.847854e-08 -1.475394e-07
-6.689312e-08 -1.000380e-07
-8.170078e-08 -8.247348e-09
-3.377476e-08 2.807533e-08
-9.811631e-09 8.950732e-09
-2.964236e-08 2.884204e-09
-3.765021e-08 4.003794e-08
7.405680e-09 7.336955e-08
