9.678965e-06 -5.926575e-06
2.806642e-06 -1.426749e-05
-8.680758e-06 -1.532559e-05
-1.993398e-05 -9.192416e-06
-2.874049e-05 5.986954e-06
-2.389670e-05 3.217338e-05
9.228770e-06 5.198034e-05
5.714264e-05 3.260970e-05
7.152899e-05 -3.013910e-05
1.966330e-05 -8.500989e-05
-6.318288e-05 -6.973017e-05
-9.690107e-05 1.383412e-05
-4.235041e-05 8.903310e-05
5.004477e-05 8.236819e-05
9.147607e-05 3.028251e-06
4.858988e-05 -6.901869e-05
-2.748583e-05 -7.028705e-05
-6.365887e-05 -1.419983e-05
-3.977250e-05 3.685174e-05
5.376506e-06 4.270665e-05
2.791396e-05 1.620883e-05
2.122169e-05 -7.510563e-06
6.609169e-06 -1.278793e-05
-2.244388e-07 -8.963312e-06
-2.078432e-06 -7.381971e-06
-6.260888e-06 -6.754824e-06
-1.083521e-05 -1.065943e-06
-8.732902e-06 7.916513e-06
5.543305e-07 1.182344e-05
9.108819e-06 6.508140e-06
9.641226e-06 -2.930522e-06
3.001401e-06 -8.152268e-06
-3.921712e-06 -6.032979e-06
-5.716156e-06 -3.320414e-07
-2.747277e-06 3.382525e-06
8.699551e-07 3.011465e-06
1.984713e-06 6.041847e-07
8.478220e-07 -8.258524e-07
-2.717731e-07 -4.115181e-07
-1.739239e-08 3.972681e-07
8.037759e-07 9.946613e-08
6.438222e-07 -9.893593e-07
-6.627431e-07 -1.302804e-06
-1.648651e-06 -1.240630e-07
-1.038066e-06 1.420722e-06
6.585212e-07 1.660301e-06
1.709227e-06 3.278592e-07
1.125439e-06 -1.181707e-06
-3.416338e-07 -1.432337e-06
-1.200736e-06 -4.322369e-07
-8.475452e-07 6.329607e-07
4.407116e-08 8.312376e-07
5.256751e-07 3.165286e-07
3.766247e-07 -1.691407e-07
5.088288e-08 -2.332352e-07
-5.382234e-08 -8.168223e-08
7.493703e-09 -3.536009e-08
-5.877049e-09 -1.027310e-07
-1.243380e-07 -8.859171e-08
-1.691994e-07 6.132586e-08
-4.371714e-08 1.841414e-07
