5.299932e-07 -7.044219e-07
-4.217029e-07 -2.424565e-06
-3.869840e-06 -2.033375e-06
-5.678108e-06 2.751279e-06
-1.395623e-06 7.846731e-06
6.379301e-06 6.529868e-06
9.561665e-06 -1.536258e-06
4.166972e-06 -8.701366e-06
-4.603226e-06 -7.859208e-06
-8.185881e-06 -3.968457e-07
-4.008304e-06 5.805594e-06
2.496858e-06 5.270138e-06
4.660268e-06 1.728871e-07
1.623064e-06 -3.292704e-06
-2.013813e-06 -2.141788e-06
-2.255588e-06 1.043271e-06
2.158523e-07 2.219463e-06
1.966887e-06 5.868033e-07
1.240124e-06 -1.388701e-06
-5.808911e-07 -1.513428e-06
-1.322737e-06 -1.675027e-07
-5.882391e-07 8.352484e-07
3.489914e-07 6.260016e-07
4.468087e-07 -7.939174e-08
-3.756531e-08 -2.828012e-07
-2.599338e-07 7.723860e-08
4.265052e-08 3.389201e-07
3.880878e-07 1.109107e-07
3.041510e-07 -3.071554e-07
-1.030159e-07 -4.142771e-07
-3.728749e-07 -1.258764e-07
-2.678341e-07 2.095892e-07
2.141718e-08 2.736680e-07
1.787199e-07 9.867453e-08
1.187003e-07 -6.525211e-08
-6.700288e-10 -7.394899e-08
-2.701319e-08 -1.885589e-09
2.295574e-08 1.786425e-08
4.173906e-08 -3.177018e-08
-8.378986e-09 -6.564539e-08
-6.275052e-08 -3.007192e-08
-5.537407e-08 3.353161e-08
-7.335377e-10 5.444167e-08
3.649609e-08 2.054227e-08
2.370117e-08 -1.926518e-08
-1.114789e-08 -2.157201e-08
-2.368026e-08 6.598384e-09
-3.553229e-09 2.770286e-08
2.380367e-08 1.961680e-08
3.135032e-08 -7.077758e-09
1.525824e-08 -2.793080e-08
-9.106787e-09 -2.892195e-08
-2.471874e-08 -1.325097e-08
-2.442741e-08 6.466177e-09
-1.213863e-08 1.848521e-08
2.304218e-09 1.854819e-08
1.073988e-08 1.080160e-08
1.193327e-08 2.495266e-09
9.763729e-09 -2.838487e-09
7.001582e-09 -6.357043e-09
2.985708e-09 -9.094024e-09
