1.052703e-10 -1.164572e-10
-4.046914e-10 -1.854209e-09
-2.038837e-09 -8.375025e-10
-2.018954e-09 1.350974e-09
7.617738e-12 2.573387e-09
2.191664e-09 1.449570e-09
2.382086e-09 -9.957184e-10
4.801197e-10 -2.382952e-09
-1.521518e-09 -1.560018e-09
-1.815444e-09 3.111661e-10
-6.117283e-10 1.307921e-09
5.056523e-10 8.816498e-10
5.897112e-10 6.153466e-11
1.474183e-10 -1.436234e-10
6.424589e-11 1.094202e-10
3.658841e-10 8.154531e-11
4.025679e-10 -3.605145e-10
-8.092080e-11 -6.195366e-10
-5.728752e-10 -2.822606e-10
-5.130537e-10 3.068928e-10
-8.529422e-12 5.205915e-10
3.636242e-10 2.201877e-10
2.802677e-10 -1.684193e-10
-2.984449e-11 -2.373500e-10
-1.689635e-10 -3.150963e-11
-4.779507e-11 1.224848e-10
1.008264e-10 5.761100e-11
7.644891e-11 -8.411375e-11
-5.708132e-11 -9.701985e-11
-1.063059e-10 2.036564e-11
-1.578690e-11 9.967516e-11
8.220382e-11 4.344114e-11
6.242115e-11 -6.064443e-11
-3.626685e-11 -7.600922e-11
-8.317100e-11 6.044496e-12
-2.932442e-11 7.664564e-11
5.034381e-11 5.963573e-11
6.964527e-11 -9.462277e-12
2.786539e-11 -5.193852e-11
-1.659406e-11 -4.191678e-11
-2.745279e-11 -1.321583e-11
-1.830569e-11 -2.049602e-13
-1.627800e-11 -8.065140e-13
-2.389196e-11 6.527836e-12
-2.094437e-11 2.767479e-11
5.222310e-12 4.252123e-11
3.873280e-11 2.840947e-11
4.870034e-11 -1.006355e-11
2.392013e-11 -4.136251e-11
-1.293663e-11 -4.049709e-11
-3.112835e-11 -1.547298e-11
-2.509068e-11 6.597364e-12
-1.289626e-11 1.307606e-11
-7.170244e-12 1.372097e-11
-1.798661e-12 1.790306e-11
1.092189e-11 1.900244e-11
2.346714e-11 7.262451e-12
2.204579e-11 -1.204556e-11
5.968271e-12 -2.285088e-11
-1.075815e-11 -1.743229e-11
-1.589597e-11 -3.855867e-12
