-1.711681e-09 -1.734562e-09
-2.736090e-08 4.014726e-09
-1.235805e-08 2.903366e-08
1.932529e-08 2.669685e-08
3.128390e-08 -2.929865e-09
1.109393e-08 -2.449639e-08
-1.208736e-08 -1.559771e-08
-1.033479e-08 3.075292e-09
3.291755e-09 1.931568e-09
-1.054323e-09 -1.134951e-08
-1.983811e-08 -5.725959e-09
-1.944380e-08 2.064644e-08
1.050136e-08 3.212969e-08
3.597235e-08 6.993800e-09
2.383164e-08 -2.814702e-08
-1.217647e-08 -3.256002e-08
-3.039894e-08 -4.603894e-09
-1.545438e-08 2.016942e-08
7.953944e-09 1.767193e-08
1.324503e-08 6.567546e-10
3.366090e-09 -6.822881e-09
-2.625187e-09 -1.613357e-09
1.151919e-09 2.237862e-09
4.378835e-09 -1.958942e-09
1.987440e-11 -6.377858e-09
-6.159257e-09 -3.437695e-09
-6.064128e-09 3.448630e-09
-3.645693e-10 6.356175e-09
4.303257e-09 3.354226e-09
4.291593e-09 -1.182813e-09
1.400840e-09 -3.221181e-09
-1.175424e-09 -2.467719e-09
-2.044019e-09 -6.117617e-10
-1.416022e-09 8.839987e-10
-1.457996e-10 1.263833e-09
6.833136e-10 5.777515e-10
4.797787e-10 -2.373968e-10
-1.713521e-10 -2.362088e-10
-1.978229e-10 3.552108e-10
4.799700e-10 4.486805e-10
8.063159e-10 -3.218008e-10
1.101982e-10 -9.999407e-10
-8.715987e-10 -6.119627e-10
-9.433521e-10 4.648350e-10
-3.220256e-11 9.794063e-10
7.591554e-10 4.206099e-10
5.991652e-10 -4.256991e-10
-1.229748e-10 -5.870176e-10
-4.717198e-10 -7.532495e-11
-1.721719e-10 3.381619e-10
2.281722e-10 2.083299e-10
2.198422e-10 -1.432887e-10
-7.034799e-11 -2.200373e-10
-2.064457e-10 2.627670e-12
-5.598095e-11 1.756915e-10
1.311630e-10 9.848370e-11
1.220608e-10 -8.061087e-11
-3.044083e-11 -1.285648e-10
-1.204845e-10 -1.621895e-11
-5.674511e-11 9.843451e-11
6.317750e-11 8.600001e-11
