2.081771e-10 1.667847e-10
2.821569e-09 -6.546972e-10
1.119939e-09 -2.868548e-09
-1.769777e-09 -2.487144e-09
-2.757634e-09 1.713872e-10
-9.643150e-10 1.963317e-09
8.697040e-10 1.031395e-09
2.420935e-10 -4.514735e-10
-1.174068e-09 4.760946e-10
1.162455e-10 2.587924e-09
3.550663e-09 1.655797e-09
4.157990e-09 -2.966179e-09
-5.604813e-10 -6.025643e-09
-6.034667e-09 -2.834946e-09
-5.706154e-09 3.885848e-09
4.336090e-10 6.730952e-09
5.547233e-09 2.795730e-09
4.486425e-09 -2.929267e-09
-2.775466e-10 -4.253969e-09
-2.764812e-09 -1.229755e-09
-1.278512e-09 1.220034e-09
5.720514e-10 4.746154e-10
-1.663223e-10 -9.827367e-10
-1.834522e-09 -7.806918e-11
-1.199292e-09 2.228861e-09
1.608258e-09 2.530081e-09
3.226132e-09 -1.004638e-10
1.599290e-09 -2.814119e-09
-1.460673e-09 -2.685958e-09
-2.725547e-09 -1.721515e-10
-1.351365e-09 1.864943e-09
6.756993e-10 1.689227e-09
1.301969e-09 2.293750e-10
5.459874e-10 -6.489906e-10
-1.947130e-10 -3.863556e-10
-1.140830e-10 1.279098e-10
3.066665e-10 5.156547e-11
2.685270e-10 -4.293715e-10
-2.835115e-10 -5.787407e-10
-7.151534e-10 -1.075733e-10
-5.252160e-10 5.366411e-10
1.190423e-10 7.276527e-10
6.157992e-10 3.151103e-10
5.554059e-10 -2.804577e-10
8.117590e-11 -5.295890e-10
-3.196271e-10 -3.008875e-10
-3.285949e-10 7.960105e-11
-7.033645e-11 2.288921e-10
1.099975e-10 1.015079e-10
6.306023e-11 -4.732264e-11
-5.026706e-11 -2.598113e-11
-3.189040e-11 7.947046e-11
8.813942e-11 7.630827e-11
1.254434e-10 -5.468313e-11
1.007851e-11 -1.455518e-10
-1.234608e-10 -7.710852e-11
-1.195963e-10 6.930785e-11
5.795124e-12 1.261623e-10
1.021039e-10 4.572648e-11
7.399802e-11 -6.217328e-11
-2.159172e-11 -7.892936e-11
