1.885475e-07 2.051728e-07
3.705462e-07 -1.072139e-07
9.460373e-08 -4.919576e-07
-4.797217e-07 -3.844919e-07
-6.616720e-07 2.739412e-07
-1.012881e-07 7.874758e-07
6.604431e-07 5.179820e-07
7.946967e-07 -2.938836e-07
1.694878e-07 -7.998549e-07
-5.358834e-07 -5.310480e-07
-6.503890e-07 1.389583e-07
-2.049807e-07 5.194023e-07
2.505510e-07 3.659179e-07
3.285493e-07 2.063012e-09
1.309097e-07 -1.773417e-07
-3.031823e-08 -1.207660e-07
-3.516208e-08 -3.177776e-08
-1.395655e-09 -3.752939e-08
-4.132522e-08 -6.820834e-08
-1.086332e-07 -1.970010e-08
-9.516970e-08 8.348076e-08
7.796655e-09 1.295620e-07
1.009193e-07 6.922672e-08
1.023275e-07 -3.161771e-08
3.274611e-08 -8.040668e-08
-2.887026e-08 -5.747687e-08
-4.004898e-08 -1.359008e-08
-2.335237e-08 5.545017e-09
-1.599288e-08 4.485653e-09
-2.015659e-08 1.095121e-08
-1.227833e-08 2.867234e-08
1.476695e-08 3.376515e-08
3.772550e-08 1.123311e-08
3.225373e-08 -2.197329e-08
3.133206e-09 -3.630418e-08
-2.277847e-08 -2.292100e-08
-2.744247e-08 1.095153e-09
-1.588167e-08 1.639226e-08
-1.819076e-09 1.935217e-08
9.120034e-09 1.560673e-08
1.712765e-08 6.996796e-09
1.840495e-08 -6.661291e-09
8.165134e-09 -1.845474e-08
-8.345633e-09 -1.781881e-08
-1.728964e-08 -4.395555e-09
-1.170748e-08 8.983572e-09
8.500502e-11 1.072475e-08
5.148174e-09 3.405345e-09
1.176989e-09 -1.402816e-09
-2.915059e-09 1.871281e-09
4.790600e-10 7.307392e-09
8.776513e-09 6.008575e-09
1.282205e-08 -3.492650e-09
6.683125e-09 -1.375030e-08
-6.461471e-09 -1.534336e-08
-1.650688e-08 -5.359716e-09
-1.473856e-08 9.197473e-09
-2.043565e-09 1.655417e-08
1.086614e-08 1.078347e-08
1.320570e-08 -2.088908e-09
4.724863e-09 -9.988367e-09
