2.682656e-11 3.871411e-11
5.112829e-10 -9.084765e-11
2.929387e-11 -6.009777e-10
-6.611786e-10 -2.246514e-10
-4.737015e-10 6.394663e-10
5.104948e-10 7.327285e-10
9.585794e-10 -2.680666e-10
8.801707e-11 -1.102834e-09
-1.096915e-09 -5.369050e-10
-1.002006e-09 8.689804e-10
4.015109e-10 1.343865e-09
1.415060e-09 2.147070e-10
7.903601e-10 -1.153740e-09
-6.451630e-10 -1.126600e-09
-1.130357e-09 9.286768e-11
-2.928748e-10 8.727383e-10
5.436023e-10 4.164496e-10
3.444452e-10 -3.299267e-10
-3.001146e-10 -2.470527e-10
-2.744818e-10 3.713586e-10
3.793896e-10 4.522197e-10
6.639929e-10 -2.017072e-10
1.481755e-10 -7.321808e-10
-5.421464e-10 -5.175945e-10
-7.055600e-10 1.290699e-10
-3.301830e-10 5.898673e-10
2.087669e-10 6.169937e-10
6.001027e-10 2.564001e-10
5.876590e-10 -3.113436e-10
8.060587e-11 -6.576749e-10
-4.955954e-10 -3.801413e-10
-4.845633e-10 2.504022e-10
8.003239e-11 4.344564e-10
3.641580e-10 -4.430239e-11
-7.485697e-11 -3.914405e-10
-5.266500e-10 3.937119e-11
-1.497762e-10 6.651713e-10
6.657240e-10 4.620834e-10
7.626187e-10 -4.556463e-10
-8.719498e-11 -9.006569e-10
-8.083737e-10 -2.931938e-10
-5.375091e-10 5.408521e-10
2.338707e-10 5.838269e-10
4.807438e-10 -1.460298e-11
7.060102e-11 -3.390856e-10
-2.520348e-10 -6.588065e-11
-5.578452e-11 2.410872e-10
2.595601e-10 9.843090e-11
1.896162e-10 -2.413322e-10
-1.537607e-10 -2.765730e-10
-3.029822e-10 1.810010e-11
-1.104055e-10 2.490029e-10
1.404415e-10 1.818212e-10
1.805417e-10 -2.710207e-11
4.927519e-11 -1.275413e-10
-6.060193e-11 -7.499098e-11
-6.311981e-11 1.021067e-11
-1.319479e-11 3.771989e-11
1.734536e-11 1.659395e-11
1.309266e-11 -7.773643e-12
-4.865023e-12 -1.173893e-11
