-5.763661e-12 -7.599228e-12
-7.781457e-11 4.362413e-11
3.781439e-11 9.552382e-11
1.218902e-10 -1.113948e-12
6.328989e-11 -1.173600e-10
-6.353710e-11 -1.164013e-10
-1.186300e-10 -1.498432e-11
-6.928032e-11 6.721363e-11
5.779017e-13 6.764109e-11
2.167346e-11 3.354084e-11
1.649260e-11 2.514541e-11
3.396435e-11 2.931089e-11
6.199572e-11 2.232676e-13
4.892148e-11 -5.419911e-11
-1.148105e-11 -7.564748e-11
-6.353942e-11 -3.629796e-11
-5.984073e-11 2.434766e-11
-1.454811e-11 5.069064e-11
2.311409e-11 3.193252e-11
2.612373e-11 5.755696e-13
7.723672e-12 -1.161546e-11
-4.275458e-12 -2.371068e-12
2.097016e-12 8.308140e-12
1.514996e-11 3.324856e-12
1.546486e-11 -1.362288e-11
-1.235924e-12 -2.318310e-11
-1.866658e-11 -1.360033e-11
-1.976497e-11 4.915691e-12
-7.255429e-12 1.375630e-11
2.447942e-12 9.277637e-12
2.190149e-12 3.791022e-12
5.868694e-13 5.276615e-12
5.383417e-12 7.256007e-12
1.122087e-11 1.738801e-12
9.137936e-12 -7.329701e-12
6.819709e-13 -1.022964e-11
-4.863130e-12 -5.642216e-12
-3.938179e-12 -1.193768e-12
-2.176753e-12 -1.485760e-12
-4.453530e-12 -2.334704e-12
-7.460257e-12 1.527763e-12
-5.033108e-12 7.856539e-12
2.541135e-12 9.659316e-12
8.531528e-12 4.538121e-12
8.199587e-12 -2.638724e-12
3.517242e-12 -6.319346e-12
-1.052688e-12 -5.881285e-12
-3.793234e-12 -3.528077e-12
-4.809690e-12 -2.778213e-13
-3.321868e-12 3.106160e-12
5.091311e-13 4.069096e-12
3.223297e-12 1.232808e-12
1.782012e-12 -2.107474e-12
-1.416727e-12 -1.722189e-12
-1.574120e-12 1.113140e-12
1.031706e-12 1.468226e-12
1.500937e-12 -1.177372e-12
-1.417843e-12 -1.955152e-12
-2.925511e-12 1.222543e-12
6.090969e-14 3.854464e-12
3.767305e-12 1.854618e-12
