-2.417329e-05 -1.983520e-05
-4.200639e-05 1.112307e-05
-1.893477e-05 4.925351e-05
3.024868e-05 4.674836e-05
5.004121e-05 3.313620e-06
2.474935e-05 -2.690972e-05
7.701526e-07 -1.797231e-05
7.737556e-06 -8.078907e-06
1.129653e-05 -2.777550e-05
-2.346059e-05 -4.245933e-05
-6.316144e-05 -5.710481e-06
-4.502025e-05 5.901151e-05
2.977671e-05 7.548975e-05
8.363578e-05 1.328837e-05
5.409949e-05 -6.598355e-05
-2.894219e-05 -7.829748e-05
-7.814930e-05 -1.425092e-05
-4.854777e-05 5.517507e-05
1.950897e-05 6.301427e-05
5.539864e-05 1.451722e-05
3.499505e-05 -3.270753e-05
-7.047056e-06 -3.773954e-05
-2.713800e-05 -1.092796e-05
-1.694603e-05 1.227774e-05
1.199023e-06 1.367503e-05
7.294691e-06 2.975514e-06
2.097207e-06 -2.982674e-06
-2.323265e-06 -1.370208e-07
2.208261e-08 3.699700e-06
4.530006e-06 1.955742e-06
4.509365e-06 -3.351194e-06
-4.816554e-07 -5.825637e-06
-5.096165e-06 -2.666663e-06
-4.715390e-06 2.742650e-06
-1.380611e-07 5.042574e-06
3.850308e-06 2.479660e-06
3.664482e-06 -1.827156e-06
2.414148e-07 -3.596081e-06
-2.580382e-06 -1.736927e-06
-2.345400e-06 1.149407e-06
-1.332585e-07 2.104157e-06
1.349150e-06 8.703591e-07
9.718362e-07 -5.486170e-07
-7.464727e-08 -6.574470e-07
-3.011515e-07 3.017020e-08
2.350089e-07 2.005102e-07
4.105531e-07 -3.777267e-07
-2.323139e-07 -7.408515e-07
-9.062915e-07 -1.993337e-07
-7.024114e-07 7.247221e-07
2.331697e-07 9.987252e-07
9.248410e-07 3.430852e-07
7.354335e-07 -5.250539e-07
-1.058200e-08 -7.898467e-07
-5.404338e-07 -3.749100e-07
-4.911652e-07 1.658235e-07
-1.289449e-07 3.591672e-07
1.207556e-07 2.255981e-07
1.388263e-07 6.034140e-08
9.180011e-08 1.761342e-08
1.130154e-07 8.541172e-09
