-2.922027e-11 -1.511638e-10
-1.532112e-09 -6.989352e-10
-1.531932e-09 9.399845e-10
-3.074566e-11 1.876119e-09
1.619085e-09 1.038113e-09
1.737882e-09 -8.389880e-10
1.964993e-10 -1.872263e-09
-1.392839e-09 -1.092341e-09
-1.497873e-09 5.280648e-10
-3.095532e-10 1.306421e-09
7.256486e-10 7.565469e-10
7.138161e-10 -1.405267e-10
1.413616e-10 -3.805232e-10
-8.345423e-11 -7.326704e-11
1.470875e-10 3.944243e-11
2.294369e-10 -2.600340e-10
-1.379798e-10 -4.586077e-10
-5.279978e-10 -1.495820e-10
-4.213849e-10 3.744968e-10
8.761289e-11 5.281402e-10
4.417162e-10 1.798146e-10
3.194272e-10 -2.432365e-10
-4.613776e-11 -3.172052e-10
-2.308728e-10 -7.644663e-11
-1.158314e-10 1.330068e-10
6.694626e-11 1.059975e-10
8.651866e-11 -3.705032e-11
-2.515794e-11 -7.830632e-11
-8.101049e-11 1.246756e-11
-8.518509e-12 8.409872e-11
7.863813e-11 3.471152e-11
5.926076e-11 -6.194101e-11
-3.565488e-11 -7.654850e-11
-8.248230e-11 2.905642e-12
-3.139347e-11 7.328079e-11
4.726893e-11 5.862311e-11
6.800951e-11 -9.531743e-12
2.622173e-11 -5.362382e-11
-2.171057e-11 -4.368102e-11
-3.544161e-11 -9.896974e-12
-2.279165e-11 1.039856e-11
-1.110862e-11 1.182956e-11
-1.018793e-11 1.228280e-11
-6.885357e-12 2.217793e-11
1.156652e-11 2.952875e-11
3.548793e-11 1.559439e-11
3.953258e-11 -1.746952e-11
1.332705e-11 -4.245768e-11
-2.220621e-11 -3.621822e-11
-3.692823e-11 -6.728598e-12
-2.481800e-11 1.773727e-11
-5.417363e-12 2.209716e-11
4.560053e-12 1.575061e-11
8.015363e-12 1.180457e-11
1.391927e-11 8.773953e-12
1.959401e-11 -1.212987e-12
1.515012e-11 -1.553210e-11
-1.364456e-13 -2.203498e-11
-1.477131e-11 -1.452267e-11
-1.812863e-11 -5.292263e-14
-1.099686e-11 9.947688e-12
