-2.696486e-11 3.673765e-11
2.494076e-10 4.381886e-10
5.671544e-10 -1.626784e-10
1.340653e-11 -6.806339e-10
-7.133687e-10 -2.560560e-10
-5.085265e-10 6.433314e-10
4.880300e-10 7.309567e-10
9.135910e-10 -2.621828e-10
4.573663e-11 -1.041823e-09
-1.059974e-09 -4.439986e-10
-8.825474e-10 8.865755e-10
4.822900e-10 1.234724e-09
1.350673e-09 8.559914e-11
6.453844e-10 -1.153016e-09
-7.030507e-10 -1.002861e-09
-1.052056e-09 1.821419e-10
-2.063204e-10 8.383932e-10
5.291214e-10 3.519737e-10
2.945148e-10 -3.084486e-10
-2.646888e-10 -1.857783e-10
-1.814916e-10 3.419363e-10
3.875841e-10 3.328207e-10
5.490329e-10 -2.653846e-10
4.005840e-11 -6.579240e-10
-5.265970e-10 -3.986393e-10
-6.106079e-10 1.626454e-10
-2.748385e-10 5.359340e-10
1.910240e-10 5.663430e-10
5.669227e-10 2.544302e-10
5.806860e-10 -2.946676e-10
8.722673e-11 -6.521963e-10
-4.920671e-10 -3.812131e-10
-4.811657e-10 2.483892e-10
8.055719e-11 4.268075e-10
3.534574e-10 -4.869936e-11
-8.348680e-11 -3.790509e-10
-5.128720e-10 5.263032e-11
-1.296365e-10 6.504430e-10
6.536318e-10 4.317188e-10
7.217303e-10 -4.538935e-10
-1.037409e-10 -8.559092e-10
-7.722888e-10 -2.567815e-10
-4.896670e-10 5.248304e-10
2.402276e-10 5.392945e-10
4.513508e-10 -3.442053e-11
5.127213e-11 -3.260545e-10
-2.461820e-10 -5.594409e-11
-5.314756e-11 2.309766e-10
2.410528e-10 9.294085e-11
1.723318e-10 -2.208373e-10
-1.427923e-10 -2.477094e-10
-2.722294e-10 2.386599e-11
-9.071837e-11 2.283603e-10
1.356465e-10 1.588431e-10
1.649370e-10 -3.434120e-11
3.944024e-11 -1.230928e-10
-6.319604e-11 -7.032394e-11
-6.493931e-11 1.257806e-11
-1.548398e-11 4.173917e-11
1.841803e-11 2.257236e-11
1.848243e-11 -4.179683e-12
