9.167116e-07 3.931806e-07
9.190178e-07 -4.974827e-07
2.131611e-07 -8.565658e-07
-1.555184e-07 -5.160772e-07
5.561466e-08 -5.349673e-07
-3.836221e-07 -1.193156e-06
-1.979117e-06 -8.825107e-07
-2.715508e-06 1.566951e-06
-2.502190e-07 4.092374e-06
4.088393e-06 2.927619e-06
5.425353e-06 -2.310588e-06
9.180670e-07 -6.616325e-06
-5.720235e-06 -4.605402e-06
-7.373965e-06 2.684837e-06
-1.630645e-06 7.981096e-06
5.934347e-06 5.656803e-06
7.752390e-06 -1.884201e-06
2.531831e-06 -7.036876e-06
-3.936515e-06 -5.445099e-06
-5.744970e-06 3.335344e-08
-2.782242e-06 3.695926e-06
7.548541e-07 3.370897e-06
1.947185e-06 1.326781e-06
1.546849e-06 1.585186e-07
1.405275e-06 -1.766993e-07
1.538997e-06 -1.007284e-06
6.527087e-07 -2.259892e-06
-1.406012e-06 -2.375563e-06
-2.972175e-06 -5.398748e-07
-2.415060e-06 2.005055e-06
-2.125060e-10 3.137905e-06
2.344843e-06 1.943108e-06
2.835275e-06 -5.372189e-07
1.289794e-06 -2.345774e-06
-9.048901e-07 -2.254898e-06
-2.053334e-06 -6.346536e-07
-1.523035e-06 1.030342e-06
-1.183161e-07 1.498516e-06
8.359258e-07 7.900295e-07
7.875339e-07 -8.660555e-08
2.893013e-07 -3.446877e-07
9.848963e-08 -1.695488e-07
2.243102e-07 -1.983642e-07
9.944372e-08 -5.231505e-07
-4.616600e-07 -5.693309e-07
-8.795859e-07 3.141019e-08
-5.378757e-07 8.065914e-07
3.609928e-07 9.348922e-07
9.544804e-07 2.355460e-07
6.926195e-07 -6.055781e-07
-8.634098e-08 -8.179782e-07
-6.106700e-07 -3.448149e-07
-5.161786e-07 2.352292e-07
-9.347018e-08 4.204873e-07
1.876671e-07 2.354610e-07
1.860797e-07 1.542697e-08
8.666432e-08 -4.684784e-08
5.908543e-08 -3.090975e-08
7.036028e-08 -6.494196e-08
1.389789e-08 -1.278860e-07
-1.012764e-07 -1.098584e-07
