-3.365878e-09 -3.185668e-09
-4.034744e-08 8.431354e-09
-1.199391e-08 2.902759e-08
1.170800e-08 1.673996e-08
9.419063e-09 -1.046176e-09
-1.442272e-09 -2.030862e-10
2.668372e-09 8.669388e-09
1.517201e-08 2.546045e-09
1.205389e-08 -1.560306e-08
-9.104496e-09 -2.029607e-08
-2.319586e-08 -1.567190e-09
-1.216577e-08 1.953015e-08
1.081335e-08 1.888729e-08
1.971069e-08 -3.829923e-10
8.013910e-09 -1.506170e-08
-7.527502e-09 -1.183107e-08
-1.082651e-08 5.270572e-10
-3.462266e-09 6.935609e-09
2.915734e-09 4.035353e-09
2.629596e-09 -6.703719e-10
-3.859160e-10 -1.213140e-09
-9.246448e-10 9.353826e-10
1.036361e-09 1.590204e-09
2.253494e-09 -2.059495e-10
1.098931e-09 -2.106842e-09
-1.069391e-09 -2.045602e-09
-2.111213e-09 -3.009072e-10
-1.318865e-09 1.375863e-09
3.298462e-10 1.632793e-09
1.333936e-09 5.294064e-10
9.720929e-10 -7.521187e-10
-1.825791e-10 -1.043062e-09
-8.980459e-10 -2.463927e-10
-5.326280e-10 6.536002e-10
3.547519e-10 6.952371e-10
7.231432e-10 -3.043473e-11
2.577933e-10 -6.040159e-10
-3.751734e-10 -4.311483e-10
-4.513037e-10 1.287333e-10
-4.045621e-11 3.567249e-10
2.386855e-10 9.742432e-11
8.500184e-11 -1.754586e-10
-1.788699e-10 -8.254727e-11
-1.401551e-10 1.946170e-10
1.530036e-10 2.401382e-10
3.132287e-10 -2.849089e-11
1.372546e-10 -2.940098e-10
-1.720243e-10 -2.639963e-10
-2.893072e-10 1.053825e-12
-1.376689e-10 2.099947e-10
8.006030e-11 1.885376e-10
1.520481e-10 2.907544e-11
7.376881e-11 -7.460708e-11
-1.132311e-11 -5.733395e-11
-1.590242e-11 -8.061750e-12
1.100626e-11 -1.167166e-11
-6.637502e-12 -4.129966e-11
-5.492685e-11 -2.487510e-11
-6.094492e-11 3.834703e-11
-2.885933e-12 7.766859e-11
6.177518e-11 4.807277e-11
