9.817484e-07 -2.244091e-06
-1.635947e-06 -3.079854e-06
-4.861476e-06 -1.015638e-06
-5.446889e-06 4.304944e-06
-1.453401e-07 9.357739e-06
9.329290e-06 7.604494e-06
1.431392e-05 -3.414657e-06
6.742634e-06 -1.573965e-05
-9.764082e-06 -1.632426e-05
-2.018211e-05 -1.571620e-06
-1.310571e-05 1.602233e-05
5.728270e-06 1.955601e-05
1.841371e-05 5.877043e-06
1.380723e-05 -1.100177e-05
-1.337927e-06 -1.543121e-05
-1.139285e-05 -6.228336e-06
-9.141213e-06 4.731434e-06
-1.002110e-06 7.495729e-06
3.466591e-06 3.511359e-06
2.595526e-06 1.338414e-07
1.341731e-06 1.452387e-07
2.418169e-06 1.122969e-07
2.902809e-06 -2.537745e-06
-2.741467e-07 -5.009974e-06
-4.907063e-06 -3.141521e-06
-5.807225e-06 2.392471e-06
-1.369467e-06 6.259703e-06
4.261872e-06 4.575792e-06
5.812327e-06 -8.411680e-07
2.378882e-06 -4.766196e-06
-2.248713e-06 -4.096129e-06
-3.941790e-06 -3.959941e-07
-2.069421e-06 2.487043e-06
7.455258e-07 2.414565e-06
1.806949e-06 4.522939e-07
8.363776e-07 -9.529767e-07
-4.096709e-07 -6.709926e-07
-4.354510e-07 3.156834e-07
4.364460e-07 4.650454e-07
7.701966e-07 -4.218786e-07
-7.539592e-08 -1.098855e-06
-1.151280e-06 -5.282745e-07
-1.115275e-06 7.877866e-07
1.084962e-07 1.395358e-06
1.229600e-06 6.169848e-07
1.103618e-06 -6.927369e-07
-1.633168e-08 -1.191621e-06
-9.052176e-07 -5.364170e-07
-7.913703e-07 4.165374e-07
-5.151517e-08 7.250945e-07
4.500916e-07 3.298861e-07
3.683165e-07 -1.416251e-07
5.361713e-08 -2.366243e-07
-6.862909e-08 -8.249366e-08
5.391981e-09 -1.821638e-08
1.652207e-08 -1.039208e-07
-1.215647e-07 -1.266245e-07
-2.208605e-07 3.426700e-08
-1.089703e-07 2.256486e-07
1.285127e-07 2.253178e-07
2.523216e-07 2.141776e-08
