5.138129e-12 1.466229e-12
2.476290e-11 -6.977159e-11
-1.112938e-10 -6.422500e-11
-1.473536e-10 1.112074e-10
4.349946e-11 2.284237e-10
2.563110e-10 7.497020e-11
1.951853e-10 -2.079670e-10
-1.019984e-10 -2.675972e-10
-2.720782e-10 -1.610104e-11
-1.050264e-10 2.254489e-10
1.631682e-10 1.516110e-10
1.710534e-10 -1.113226e-10
-7.112921e-11 -1.863380e-10
-2.057505e-10 2.621441e-11
-3.638396e-11 2.169020e-10
2.001682e-10 1.107695e-10
1.748894e-10 -1.480066e-10
-7.306845e-11 -2.074494e-10
-2.035250e-10 -8.542430e-13
-5.601055e-11 1.759505e-10
1.427046e-10 9.103652e-11
1.166231e-10 -1.121635e-10
-7.879778e-11 -1.415853e-10
-1.620056e-10 3.222274e-11
-2.874464e-11 1.628479e-10
1.308711e-10 8.923603e-11
1.250295e-10 -6.852099e-11
2.535269e-12 -1.185665e-10
-7.269934e-11 -5.209880e-11
-5.976895e-11 1.158916e-11
-3.308282e-11 2.823091e-11
-1.844497e-11 4.181731e-11
1.913186e-11 5.121309e-11
5.598520e-11 1.146095e-11
2.630063e-11 -4.245748e-11
-3.470953e-11 -2.045445e-11
-1.193786e-11 5.015968e-11
8.300038e-11 2.725703e-11
7.881070e-11 -1.055566e-10
-8.747230e-11 -1.516048e-10
-2.100505e-10 1.867680e-11
-8.108374e-11 2.203579e-10
1.723124e-10 1.732015e-10
2.234755e-10 -8.512840e-11
5.707799e-12 -2.211905e-10
-1.818063e-10 -7.024402e-11
-9.948926e-11 1.334846e-10
9.824628e-11 1.056888e-10
1.097187e-10 -8.025742e-11
-6.717112e-11 -1.254315e-10
-1.508418e-10 4.159415e-11
-5.579148e-12 1.703785e-10
1.656023e-10 6.798152e-11
1.264189e-10 -1.274968e-10
-6.313272e-11 -1.594008e-10
-1.553021e-10 -7.131225e-12
-6.030622e-11 1.189467e-10
6.859669e-11 8.291336e-11
7.714428e-11 -2.525066e-11
-1.156794e-12 -5.737012e-11
-3.977942e-11 -5.112601e-12
