-7.070606e-08 1.249555e-07
8.763670e-08 1.797109e-07
2.605349e-07 3.621289e-08
2.174009e-07 -2.458964e-07
-1.015698e-07 -3.762362e-07
-4.191415e-07 -1.383519e-07
-3.746700e-07 2.962895e-07
4.225927e-08 4.923911e-07
4.290061e-07 2.334405e-07
4.060227e-07 -2.156943e-07
3.928139e-08 -4.079828e-07
-2.658876e-07 -2.155778e-07
-2.504262e-07 7.750253e-08
-5.253864e-08 1.673703e-07
4.960585e-08 7.352013e-08
8.279954e-09 1.818021e-08
-1.262453e-09 7.366056e-08
1.045446e-07 8.546366e-08
1.756521e-07 -5.576839e-08
5.365562e-08 -2.142376e-07
-1.731810e-07 -1.740966e-07
-2.522132e-07 6.253091e-08
-7.821230e-08 2.534870e-07
1.739694e-07 1.976160e-07
2.517610e-07 -4.081266e-08
9.736950e-08 -2.210366e-07
-1.195060e-07 -1.888641e-07
-2.013060e-07 -8.697927e-09
-1.082471e-07 1.384894e-07
4.035354e-08 1.405300e-07
1.056371e-07 3.810096e-08
5.965684e-08 -4.278927e-08
-5.065102e-09 -2.920383e-08
8.903739e-09 2.228764e-08
7.730933e-08 -2.203906e-09
6.936023e-08 -1.148247e-07
-7.986613e-08 -1.728672e-07
-2.391633e-07 -3.955369e-08
-1.966746e-07 2.080085e-07
7.107356e-08 3.104876e-07
3.152849e-07 1.176685e-07
2.721098e-07 -2.018801e-07
-2.306390e-08 -3.244507e-07
-2.625590e-07 -1.389745e-07
-2.202410e-07 1.316075e-07
2.414798e-09 2.069395e-07
1.346713e-07 7.047592e-08
7.497888e-08 -6.011432e-08
-2.592169e-08 -3.955333e-08
-9.266008e-09 3.965571e-08
7.568247e-08 1.692040e-08
6.549671e-08 -9.489810e-08
-6.909119e-08 -1.291231e-07
-1.694131e-07 -3.066751e-09
-9.541163e-08 1.572664e-07
8.888336e-08 1.681104e-07
1.882992e-07 1.171481e-08
1.045916e-07 -1.468922e-07
-6.291236e-08 -1.538873e-07
-1.452626e-07 -2.680959e-08
-8.676051e-08 9.148016e-08
