3.403605e-06 -4.076345e-06
-1.158334e-06 -4.673495e-06
-3.177160e-06 -1.375664e-06
-1.368070e-06 5.916653e-07
-3.532521e-07 -7.932880e-07
-2.596836e-06 -1.360401e-06
-4.172422e-06 1.948482e-06
-9.960144e-07 5.619983e-06
4.507302e-06 4.302068e-06
6.071897e-06 -1.547497e-06
1.625255e-06 -5.734134e-06
-3.963705e-06 -3.787585e-06
-4.671810e-06 1.766203e-06
-2.626920e-07 4.604584e-06
3.892130e-06 1.985094e-06
3.323903e-06 -2.595988e-06
-7.792217e-07 -3.997167e-06
-3.676221e-06 -1.187580e-06
-2.661722e-06 2.358668e-06
5.366724e-07 3.106752e-06
2.468128e-06 1.035207e-06
1.788330e-06 -1.215948e-06
-2.984590e-08 -1.647474e-06
-9.887522e-07 -6.138112e-07
-6.571874e-07 3.281727e-07
-3.782614e-09 3.767774e-07
1.222084e-07 -7.591984e-09
-1.562692e-07 -8.590613e-08
-2.357412e-07 2.148368e-07
8.742503e-08 4.040412e-07
4.339816e-07 1.617025e-07
3.852015e-07 -2.802039e-07
-1.723758e-08 -4.612035e-07
-3.622350e-07 -2.252957e-07
-3.455168e-07 1.545502e-07
-5.531057e-08 3.185763e-07
1.923603e-07 1.838489e-07
2.056339e-07 -4.547899e-08
5.861767e-08 -1.483575e-07
-6.322773e-08 -9.517460e-08
-7.517364e-08 -4.767996e-09
-3.220124e-08 2.866233e-08
-1.180904e-08 1.888867e-08
-1.704453e-08 2.289115e-08
-1.415188e-09 4.755965e-08
4.743952e-08 4.618443e-08
8.148774e-08 -8.971801e-09
5.038472e-08 -7.929398e-08
-3.288939e-08 -9.603357e-08
-9.805064e-08 -3.563788e-08
-8.791872e-08 5.239686e-08
-1.484727e-08 9.467426e-08
5.566330e-08 6.468112e-08
7.169397e-08 8.766664e-10
3.891819e-08 -4.031767e-08
8.626479e-10 -3.979865e-08
-1.320418e-08 -2.161012e-08
-1.179641e-08 -1.327565e-08
-1.678121e-08 -1.370115e-08
-2.937568e-08 -3.959425e-09
-2.996766e-08 2.021541e-08
