4.248043e-10 -1.887643e-09
-1.477505e-08 -1.701671e-08
-2.668513e-08 4.367408e-09
-1.111878e-08 2.748224e-08
1.800435e-08 2.381275e-08
2.726055e-08 -3.273252e-09
8.567199e-09 -2.089876e-08
-1.034688e-08 -1.182710e-08
-7.028598e-09 3.334593e-09
4.298738e-09 2.074306e-10
-1.553865e-09 -1.150055e-08
-1.850179e-08 -4.931036e-09
-1.689907e-08 1.870626e-08
9.734990e-09 2.760558e-08
3.070386e-08 5.167446e-09
1.930171e-08 -2.406354e-08
-1.074831e-08 -2.656834e-08
-2.477723e-08 -3.118293e-09
-1.197636e-08 1.636282e-08
6.428973e-09 1.365881e-08
9.920925e-09 3.847344e-10
2.252510e-09 -4.715105e-09
-1.559876e-09 -5.118476e-10
1.846353e-09 1.672688e-09
3.817193e-09 -2.333811e-09
-3.732620e-10 -5.635781e-09
-5.385568e-09 -2.741327e-09
-5.027763e-09 2.947607e-09
-3.650780e-10 5.195783e-09
3.340159e-09 2.846890e-09
3.483117e-09 -6.594787e-10
1.432018e-09 -2.410781e-09
-6.085482e-10 -2.139579e-09
-1.583520e-09 -8.345722e-10
-1.345360e-09 4.998559e-10
-3.406374e-10 1.041625e-09
4.593567e-10 5.839320e-10
3.758600e-10 -1.035275e-10
-1.389169e-10 -1.164733e-10
-1.185376e-10 3.785165e-10
5.049562e-10 4.098638e-10
7.733371e-10 -3.267083e-10
1.070179e-10 -9.437036e-10
-7.958301e-10 -5.766629e-10
-8.598519e-10 4.024354e-10
-4.601185e-11 8.644968e-10
6.507601e-10 3.741589e-10
5.100868e-10 -3.576194e-10
-1.069336e-10 -4.877737e-10
-3.897476e-10 -4.981196e-11
-1.253190e-10 2.852735e-10
2.025902e-10 1.574434e-10
1.744190e-10 -1.376136e-10
-7.748617e-11 -1.836635e-10
-1.800913e-10 1.712580e-11
-3.869286e-11 1.589178e-10
1.218639e-10 8.196862e-11
1.076649e-10 -7.556402e-11
-2.733132e-11 -1.150429e-10
-1.057454e-10 -1.697676e-11
-5.243535e-11 8.234907e-11
