-1.674083e-13 4.820334e-12
3.705510e-11 2.452095e-11
2.905865e-11 -2.524538e-11
-2.106205e-11 -2.665881e-11
-2.833712e-11 2.661073e-11
3.350982e-11 4.292396e-11
6.906217e-11 -2.833946e-11
-2.570098e-12 -9.452818e-11
-1.035270e-10 -4.055996e-11
-8.708375e-11 8.655216e-11
4.601834e-11 1.201129e-10
1.288325e-10 5.561109e-12
5.286675e-11 -1.130242e-10
-8.104872e-11 -8.536541e-11
-1.005862e-10 4.363709e-11
8.191887e-12 1.019447e-10
9.384226e-11 2.278815e-11
4.911204e-11 -7.829827e-11
-5.550326e-11 -6.937558e-11
-8.015048e-11 2.697575e-11
-2.377559e-12 7.868093e-11
6.632565e-11 2.590395e-11
3.949902e-11 -4.899101e-11
-3.344138e-11 -4.464150e-11
-4.698105e-11 2.233785e-11
1.245455e-11 5.115974e-11
5.614041e-11 1.916991e-12
2.285350e-11 -5.530289e-11
-4.176872e-11 -4.506734e-11
-5.802960e-11 1.499819e-11
-1.660472e-11 5.285151e-11
2.903780e-11 3.947040e-11
4.271480e-11 3.819827e-12
3.078607e-11 -2.485095e-11
5.012358e-12 -3.979681e-11
-2.825778e-11 -3.221429e-11
-4.474321e-11 4.109278e-12
-1.920872e-11 3.976224e-11
2.463076e-11 3.096150e-11
2.966484e-11 -1.165885e-11
-9.505745e-12 -2.378821e-11
-2.562539e-11 1.656959e-11
2.117898e-11 4.174921e-11
6.644871e-11 -9.422528e-12
2.400412e-11 -8.348857e-11
-7.617680e-11 -6.962464e-11
-1.070179e-10 3.937408e-11
-1.528082e-11 1.170508e-10
9.430384e-11 6.542856e-11
9.163259e-11 -5.068666e-11
-7.430424e-12 -8.904310e-11
-6.884032e-11 -1.876462e-11
-2.543048e-11 4.886959e-11
4.080415e-11 2.335661e-11
2.661318e-11 -4.318430e-11
-4.459224e-11 -4.158063e-11
-6.281755e-11 3.350808e-11
7.115809e-12 7.777022e-11
7.589946e-11 2.683540e-11
5.535937e-11 -5.550192e-11
-2.419385e-11 -6.820839e-11
