2.619001e-11 -1.932309e-12
-7.786384e-11 -2.934848e-10
-4.603704e-10 5.244073e-11
-1.887838e-10 5.711844e-10
4.506211e-10 5.056893e-10
6.744736e-10 -1.141389e-10
2.492900e-10 -5.769497e-10
-2.904738e-10 -4.378753e-10
-3.941781e-10 9.119723e-12
-1.200663e-10 2.260106e-10
9.149107e-11 9.670616e-11
2.963493e-11 -6.671092e-11
-1.100917e-10 -2.012773e-11
-8.122969e-11 1.321301e-10
8.608340e-11 1.525906e-10
1.732195e-10 3.071109e-12
7.905137e-11 -1.337416e-10
-6.929981e-11 -1.089224e-10
-1.006251e-10 1.776715e-11
-9.351998e-12 8.082671e-11
6.632286e-11 2.307025e-11
3.620744e-11 -5.594678e-11
-4.143856e-11 -5.061896e-11
-5.992389e-11 1.959812e-11
-5.251109e-12 5.831585e-11
4.537187e-11 2.580508e-11
3.641702e-11 -2.558299e-11
-5.965565e-12 -3.545121e-11
-2.620583e-11 -6.899683e-12
-1.056150e-11 1.577645e-11
1.057380e-11 8.893132e-12
9.275597e-12 -1.091907e-11
-1.038343e-11 -1.556571e-11
-2.341453e-11 2.146049e-12
-1.309930e-11 2.371355e-11
1.180686e-11 2.612155e-11
2.703724e-11 6.670491e-12
1.973868e-11 -1.472716e-11
1.599076e-12 -1.937218e-11
-8.265164e-12 -1.030035e-11
-7.006500e-12 -3.135545e-12
-5.942393e-12 -2.753622e-12
-9.496999e-12 -3.819835e-13
-9.159552e-12 7.952135e-12
2.553859e-13 1.315257e-11
1.016119e-11 7.335317e-12
1.003432e-11 -3.418304e-12
2.102862e-12 -7.543752e-12
-3.052035e-12 -3.557897e-12
-1.536694e-12 1.828729e-13
5.506295e-13 -1.198995e-12
-1.952666e-12 -3.187751e-12
-5.602031e-12 -2.115764e-13
-4.062949e-12 5.539652e-12
2.438750e-12 7.116205e-12
7.275734e-12 2.224188e-12
5.892740e-12 -4.195050e-12
5.230245e-13 -6.555189e-12
-3.942812e-12 -4.362980e-12
-5.397797e-12 -4.216510e-13
-4.197120e-12 3.291897e-12
