1.684390e-06 2.784730e-05
3.488311e-05 2.251472e-05
5.202964e-05 -2.010883e-05
1.751325e-05 -6.640474e-05
-4.977430e-05 -6.067583e-05
-8.401246e-05 5.140448e-06
-4.578886e-05 7.221509e-05
3.067594e-05 7.698687e-05
7.465223e-05 1.887004e-05
5.275466e-05 -4.410711e-05
-4.101186e-06 -5.890538e-05
-4.130663e-05 -2.574384e-05
-3.552331e-05 1.445450e-05
-6.850244e-06 2.783417e-05
1.290010e-05 1.532882e-05
1.269738e-05 -8.078423e-07
3.823826e-06 -5.676657e-06
-4.936011e-07 -2.359116e-06
9.233749e-07 -4.305692e-07
1.607656e-06 -2.477417e-06
-1.351072e-06 -3.843924e-06
-4.335503e-06 -1.210055e-06
-3.352379e-06 2.892200e-06
5.853510e-07 3.986921e-06
3.187032e-06 1.333554e-06
2.220426e-06 -1.736541e-06
-4.297328e-07 -2.165852e-06
-1.644908e-06 -3.557077e-07
-6.666769e-07 1.094334e-06
7.021803e-07 7.358639e-07
7.499659e-07 -4.437744e-07
-2.281044e-07 -7.652960e-07
-7.542035e-07 7.249719e-09
-2.075607e-07 6.853391e-07
5.604704e-07 3.876533e-07
5.216771e-07 -3.985563e-07
-2.076046e-07 -6.113138e-07
-6.455195e-07 -1.627621e-08
-2.613615e-07 5.920997e-07
4.243270e-07 4.776159e-07
5.908468e-07 -1.608689e-07
1.216981e-07 -5.507103e-07
-3.741776e-07 -3.238723e-07
-3.834931e-07 1.446244e-07
-3.766323e-08 3.141818e-07
1.910044e-07 1.167203e-07
1.074725e-07 -9.545164e-08
-6.338079e-08 -7.086770e-08
-6.200408e-08 7.329096e-08
7.691184e-08 9.298526e-08
1.345052e-07 -4.217820e-08
2.485869e-08 -1.471455e-07
-1.136747e-07 -9.043808e-08
-1.215889e-07 4.922265e-08
-1.321115e-08 1.091072e-07
7.035897e-08 4.719201e-08
4.898572e-08 -3.360504e-08
-1.724863e-08 -3.582935e-08
-2.979492e-08 1.882998e-08
2.058721e-08 4.006948e-08
5.688270e-08 -6.286575e-09
