-5.631099e-10 -3.277078e-10
-2.524922e-09 1.536807e-09
8.849310e-10 -9.123061e-10
-2.054167e-09 -3.647825e-09
-6.103802e-09 -4.997827e-10
-4.624801e-09 5.331528e-09
1.466364e-09 6.980487e-09
5.895492e-09 2.864488e-09
4.987648e-09 -2.426036e-09
9.213736e-10 -4.218298e-09
-1.949091e-09 -2.337452e-09
-1.851171e-09 1.245880e-10
-3.394885e-10 7.857203e-10
3.532617e-10 -7.148803e-11
-3.095164e-10 -7.195277e-10
-1.176763e-09 -1.664531e-10
-1.024395e-09 1.006824e-09
1.497669e-10 1.529086e-09
1.259295e-09 8.345853e-10
1.319499e-09 -4.198638e-10
4.160396e-10 -1.110091e-09
-5.008127e-10 -7.973161e-10
-6.791947e-10 -4.674582e-11
-2.626899e-10 3.386492e-10
8.662927e-11 1.878694e-10
3.851883e-11 -4.721397e-11
-1.401487e-10 5.569535e-12
-8.542142e-11 2.109108e-10
1.670238e-10 2.208299e-10
2.916996e-10 -2.547707e-11
1.293495e-10 -2.519812e-10
-1.328668e-10 -2.192401e-10
-2.197424e-10 2.887601e-12
-8.409250e-11 1.594241e-10
8.527397e-11 1.157003e-10
1.114835e-10 -2.724173e-11
1.185190e-11 -9.417573e-11
-7.070210e-11 -4.015723e-11
-5.696678e-11 3.789092e-11
8.664478e-13 5.207288e-11
2.364257e-11 2.112360e-11
1.153277e-11 8.783451e-12
1.583064e-11 2.170226e-11
4.623829e-11 1.359379e-11
5.688615e-11 -3.245468e-11
1.720099e-11 -7.431069e-11
-4.448335e-11 -6.680094e-11
-7.708357e-11 -1.485446e-11
-6.108591e-11 3.958784e-11
-1.663689e-11 6.276347e-11
2.446300e-11 5.062802e-11
4.289460e-11 2.021692e-11
3.827970e-11 -7.713011e-12
2.291407e-11 -2.233807e-11
8.181204e-12 -2.640063e-11
-4.818125e-12 -2.635567e-11
-1.912912e-11 -2.098733e-11
-2.992475e-11 -5.342077e-12
-2.686424e-11 1.615959e-11
-8.657603e-12 2.949543e-11
1.261201e-11 2.583790e-11
