-1.114452e-09 3.044278e-09
1.939075e-08 2.906598e-08
3.573686e-08 -1.778406e-09
1.528142e-08 -2.950828e-08
-1.500365e-08 -2.268570e-08
-1.799328e-08 2.287630e-09
-2.920029e-10 7.411870e-09
1.376987e-09 -7.720924e-09
-1.842542e-08 -6.886720e-09
-2.227051e-08 2.120621e-08
1.031429e-08 3.817878e-08
4.391585e-08 1.105943e-08
3.287570e-08 -3.448238e-08
-1.353960e-08 -4.468955e-08
-4.185343e-08 -9.290661e-09
-2.446033e-08 2.756323e-08
1.002201e-08 2.769379e-08
2.133348e-08 2.821699e-09
7.421399e-09 -1.169835e-08
-4.760546e-09 -5.453306e-09
-1.521961e-09 2.992893e-09
4.950302e-09 -2.429467e-10
1.520059e-09 -7.205196e-09
-6.966883e-09 -5.294722e-09
-8.316753e-09 3.693905e-09
-1.017818e-09 8.580937e-09
5.950698e-09 4.812035e-09
6.111894e-09 -1.913369e-09
1.569044e-09 -4.872949e-09
-2.285303e-09 -3.228912e-09
-2.992821e-09 -1.517955e-10
-1.489139e-09 1.688829e-09
3.397627e-10 1.642760e-09
1.137624e-09 4.351499e-10
5.996528e-10 -5.975929e-10
-3.545882e-10 -4.890615e-10
-4.571626e-10 3.647727e-10
3.801703e-10 6.344917e-10
9.049879e-10 -1.916395e-10
2.238686e-10 -1.047307e-09
-9.086956e-10 -7.122592e-10
-1.060952e-09 4.992267e-10
-3.009090e-11 1.131000e-09
9.228852e-10 4.868143e-10
7.404913e-10 -5.525418e-10
-1.709170e-10 -7.705690e-10
-6.449701e-10 -1.143403e-10
-2.716374e-10 4.596410e-10
2.848819e-10 3.277473e-10
3.269650e-10 -1.469336e-10
-4.210617e-11 -3.001249e-10
-2.583810e-10 -3.934981e-11
-1.001931e-10 2.040861e-10
1.418896e-10 1.382026e-10
1.537728e-10 -8.012253e-11
-2.512195e-11 -1.524605e-10
-1.403929e-10 -2.266759e-11
-6.574737e-11 1.187090e-10
8.387609e-11 1.028367e-10
1.257586e-10 -3.438828e-11
2.243900e-11 -1.241689e-10
