-1.732666e-07 1.121296e-07
1.845413e-08 2.772506e-07
3.121857e-07 1.551269e-07
3.461426e-07 -2.181289e-07
1.708897e-09 -4.511200e-07
-3.906625e-07 -2.600759e-07
-4.288550e-07 1.730587e-07
-9.971265e-08 4.213297e-07
2.500640e-07 2.939279e-07
3.273381e-07 -1.619154e-08
1.579345e-07 -2.131500e-07
-4.003603e-08 -2.012094e-07
-1.250578e-07 -8.932210e-08
-1.170976e-07 2.313460e-09
-8.424732e-08 5.354503e-08
-4.144970e-08 8.954314e-08
2.481199e-08 1.010349e-07
9.120057e-08 5.830766e-08
1.047123e-07 -2.595961e-08
4.810487e-08 -9.007074e-08
-3.187299e-08 -8.564235e-08
-7.159512e-08 -2.773727e-08
-5.349673e-08 2.657203e-08
-1.300988e-08 3.975881e-08
9.035489e-09 2.319518e-08
7.336770e-09 9.780337e-09
4.411698e-09 1.198691e-08
1.449892e-08 1.455269e-08
2.655550e-08 1.808537e-09
2.216076e-08 -1.974748e-08
6.116651e-10 -2.984101e-08
-2.002348e-08 -1.906418e-08
-2.377534e-08 1.572896e-09
-1.228093e-08 1.478061e-08
1.266759e-09 1.458027e-08
7.874035e-09 7.387536e-09
8.154863e-09 5.575844e-10
5.425769e-09 -4.060899e-09
5.232155e-10 -6.170353e-09
-4.905971e-09 -3.645413e-09
-5.781524e-09 3.122113e-09
6.015160e-10 7.554276e-09
8.282926e-09 3.207942e-09
7.637066e-09 -6.683530e-09
-2.437218e-09 -1.088456e-08
-1.138513e-08 -3.269224e-09
-8.599319e-09 8.813764e-09
3.874365e-09 1.212257e-08
1.300323e-08 2.418828e-09
8.873940e-09 -1.063158e-08
-4.775287e-09 -1.369468e-08
-1.461035e-08 -3.497936e-09
-1.126852e-08 1.023975e-08
1.752026e-09 1.486073e-08
1.228661e-08 7.015912e-09
1.173062e-08 -5.037277e-09
2.639095e-09 -1.055220e-08
-5.402135e-09 -6.701460e-09
-6.127133e-09 3.070346e-10
-1.794418e-09 3.205122e-09
1.189683e-09 1.040127e-09
