5.293528e-06 -1.363537e-05
-1.007976e-05 -1.519741e-05
-2.165553e-05 -7.004088e-07
-1.517161e-05 1.963908e-05
7.523988e-06 2.656153e-05
2.782742e-05 1.097075e-05
2.726749e-05 -1.587317e-05
5.131268e-06 -3.193131e-05
-2.082228e-05 -2.454380e-05
-3.114518e-05 -9.472774e-07
-2.110564e-05 2.065870e-05
-7.448411e-07 2.774261e-05
1.714583e-05 1.997307e-05
2.535899e-05 3.664283e-06
2.151355e-05 -1.408248e-05
6.332932e-06 -2.555039e-05
-1.385766e-05 -2.320140e-05
-2.676469e-05 -5.980291e-06
-2.222936e-05 1.579224e-05
-2.571172e-06 2.632375e-05
1.740588e-05 1.792525e-05
2.291520e-05 -1.730540e-06
1.190463e-05 -1.679279e-05
-4.646673e-06 -1.735263e-05
-1.385579e-05 -6.434471e-06
-1.149304e-05 5.299194e-06
-2.858493e-06 9.791660e-06
4.185278e-06 6.790611e-06
5.891479e-06 1.262172e-06
3.735878e-06 -2.274225e-06
1.072065e-06 -2.870538e-06
-3.299403e-07 -2.169517e-06
-9.418161e-07 -1.649854e-06
-1.725274e-06 -1.178743e-06
-2.447771e-06 8.357291e-08
-1.959540e-06 1.961845e-06
9.323860e-08 2.978073e-06
2.352416e-06 1.932328e-06
2.917502e-06 -5.442680e-07
1.335066e-06 -2.422035e-06
-9.169411e-07 -2.285795e-06
-1.991601e-06 -6.370242e-07
-1.433674e-06 8.853881e-07
-2.433871e-07 1.258364e-06
4.903017e-07 7.785923e-07
5.974043e-07 2.485225e-07
5.144147e-07 -2.830645e-08
4.516809e-07 -2.626069e-07
2.231329e-07 -5.389712e-07
-2.434087e-07 -5.822711e-07
-6.129872e-07 -1.958536e-07
-5.106809e-07 3.511464e-07
-1.406106e-08 5.671089e-07
4.023467e-07 2.904754e-07
3.884327e-07 -1.510975e-07
5.878238e-08 -3.324440e-07
-2.048901e-07 -1.683715e-07
-1.868452e-07 8.089831e-08
-3.595387e-09 1.543785e-07
1.072068e-07 4.699535e-08
6.194425e-08 -6.444916e-08
