2.849342e-10 1.568928e-09
1.383665e-08 5.080041e-09
9.753174e-09 -8.267409e-09
-1.889413e-09 -1.086452e-08
-8.782862e-09 -3.709436e-09
-7.118087e-09 4.229103e-09
-1.251477e-09 7.147581e-09
3.770594e-09 5.283716e-09
5.859815e-09 1.196554e-09
4.847513e-09 -2.877567e-09
1.529078e-09 -5.098061e-09
-2.185493e-09 -4.416142e-09
-4.128583e-09 -1.574866e-09
-3.589098e-09 1.358519e-09
-1.621494e-09 2.841443e-09
3.724303e-10 2.788787e-09
1.742680e-09 1.805979e-09
2.301561e-09 3.333261e-10
1.832914e-09 -1.171818e-09
4.578250e-10 -1.930949e-09
-9.461488e-10 -1.435933e-09
-1.372883e-09 -1.923198e-10
-7.542515e-10 6.762950e-10
2.149310e-11 6.370475e-10
2.223762e-10 1.958279e-10
2.972640e-11 5.566459e-11
2.797464e-11 2.179575e-10
2.985009e-10 1.913842e-10
3.898306e-10 -1.676530e-10
6.180768e-11 -4.369834e-10
-3.372938e-10 -2.544737e-10
-3.451373e-10 1.712212e-10
1.306622e-11 3.443596e-10
2.916261e-10 1.077317e-10
1.939945e-10 -2.127618e-10
-1.121129e-10 -2.488352e-10
-2.592913e-10 -6.822664e-12
-1.199819e-10 2.088038e-10
1.043752e-10 1.856533e-10
1.740358e-10 1.085007e-11
7.883732e-11 -9.844843e-11
-1.541381e-11 -6.997180e-11
-1.074317e-11 -1.484702e-11
2.251952e-11 -3.421222e-11
-1.557541e-11 -8.319457e-11
-1.014069e-10 -5.772282e-11
-1.259753e-10 4.755475e-11
-4.599688e-11 1.308129e-10
6.485673e-11 1.135645e-10
1.116684e-10 2.461256e-11
7.767476e-11 -5.154193e-11
1.632786e-11 -6.914025e-11
-2.152154e-11 -4.618666e-11
-2.931592e-11 -2.083735e-11
-2.831746e-11 -8.087900e-12
-3.164884e-11 3.216710e-12
-2.960289e-11 2.426366e-11
-6.693328e-12 4.437267e-11
3.081601e-11 3.919588e-11
5.238604e-11 2.388804e-12
3.512025e-11 -3.865294e-11
