-1.400767e-06 1.746616e-07
-8.164471e-07 1.529867e-06
9.192389e-07 1.788806e-06
2.214555e-06 2.757315e-07
1.577034e-06 -1.798606e-06
-6.129155e-07 -2.408073e-06
-2.323990e-06 -8.992386e-07
-2.035115e-06 1.254088e-06
-3.246193e-07 2.146406e-06
1.089301e-06 1.513125e-06
1.503489e-06 5.220929e-07
1.576870e-06 -1.917114e-07
1.600102e-06 -1.181655e-06
6.467316e-07 -2.561164e-06
-1.763615e-06 -2.852517e-06
-3.949756e-06 -6.288934e-07
-3.352393e-06 3.000512e-06
2.914491e-07 4.795382e-06
4.027319e-06 2.780955e-06
4.560987e-06 -1.406584e-06
1.641691e-06 -4.153495e-06
-1.939859e-06 -3.516863e-06
-3.401604e-06 -7.224691e-07
-2.377409e-06 1.676139e-06
-4.289480e-07 2.331258e-06
9.666036e-07 1.656217e-06
1.466956e-06 6.258089e-07
1.395780e-06 -2.640955e-07
9.801289e-07 -9.640657e-07
2.316809e-07 -1.394302e-06
-7.356514e-07 -1.304219e-06
-1.514823e-06 -5.247070e-07
-1.558517e-06 7.165173e-07
-6.047932e-07 1.715859e-06
9.013529e-07 1.671266e-06
1.893186e-06 4.135448e-07
1.509546e-06 -1.191915e-06
4.133532e-09 -1.847879e-06
-1.349194e-06 -1.050738e-06
-1.466188e-06 3.816923e-07
-4.991381e-07 1.171632e-06
4.751637e-07 8.808965e-07
6.992558e-07 1.584494e-07
3.941954e-07 -2.175877e-07
1.782206e-07 -1.985544e-07
1.883082e-07 -2.279005e-07
6.289538e-08 -4.392137e-07
-3.555380e-07 -4.609868e-07
-6.790940e-07 -2.203599e-08
-4.637027e-07 5.628553e-07
1.741570e-07 7.124976e-07
6.442446e-07 2.690695e-07
5.413370e-07 -3.259752e-07
4.992760e-08 -5.420283e-07
-3.319660e-07 -2.964992e-07
-3.363400e-07 6.745100e-08
-1.087283e-07 2.200592e-07
6.528903e-08 1.437944e-07
7.960573e-08 2.865851e-08
3.253466e-08 -1.019768e-10
3.146790e-08 1.748801e-08
