-6.996092e-10 -1.905697e-09
-2.802399e-08 -7.771457e-09
-3.455042e-08 3.087267e-08
9.167770e-09 5.983414e-08
6.395798e-08 2.894848e-08
6.268336e-08 -4.023106e-08
1.506856e-10 -7.320061e-08
-5.621568e-08 -3.619547e-08
-5.133371e-08 2.361951e-08
-5.833816e-09 4.313418e-08
2.250307e-08 1.895663e-08
1.491916e-08 -4.584695e-09
1.204849e-09 -3.027244e-09
5.266813e-09 4.510433e-09
1.386708e-08 -3.858842e-09
5.505154e-09 -1.831067e-08
-1.403393e-08 -1.604685e-08
-2.113172e-08 3.331357e-09
-7.941581e-09 1.820226e-08
9.495074e-09 1.441544e-08
1.411050e-08 1.180820e-10
6.299108e-09 -8.826529e-09
-2.362873e-09 -7.429515e-09
-4.814509e-09 -1.959315e-09
-2.932543e-09 1.232376e-09
-9.783499e-10 1.524613e-09
-3.036939e-10 1.093973e-09
-6.323663e-11 1.041878e-09
4.172655e-10 1.093254e-09
1.079765e-09 7.843940e-10
1.514114e-09 -7.168658e-11
1.170527e-09 -1.224141e-09
-1.297318e-10 -1.825264e-09
-1.552032e-09 -1.076401e-09
-1.748162e-09 6.093525e-10
-4.265376e-10 1.663636e-09
1.054329e-09 1.072095e-09
1.188501e-09 -3.516738e-10
1.200200e-10 -9.568855e-10
-6.642467e-10 -2.962645e-10
-3.144955e-10 4.887664e-10
4.258245e-10 3.428136e-10
4.440275e-10 -3.643429e-10
-2.164504e-10 -5.601587e-10
-5.945094e-10 -8.819395e-12
-2.277171e-10 5.033932e-10
3.250727e-10 3.582576e-10
3.788720e-10 -1.390580e-10
-3.744550e-12 -3.284072e-10
-2.615895e-10 -7.447862e-11
-1.244558e-10 2.053199e-10
1.501101e-10 1.708086e-10
2.094309e-10 -7.532369e-11
2.046966e-11 -2.156563e-10
-1.722608e-10 -1.117394e-10
-1.649073e-10 8.963095e-11
9.664574e-13 1.645458e-10
1.236668e-10 6.105069e-11
8.474324e-11 -7.137183e-11
-3.112686e-11 -8.110770e-11
-6.905301e-11 8.548187e-12
