-4.211612e-11 -1.849817e-11
-1.184735e-09 7.468183e-10
-1.201561e-10 3.790417e-09
5.304584e-09 3.705661e-09
8.529554e-09 -3.532350e-09
1.979938e-09 -1.165179e-08
-1.046246e-08 -9.230268e-09
-1.468704e-08 4.532147e-09
-3.816036e-09 1.540360e-08
1.093228e-08 1.075319e-08
1.326311e-08 -3.679965e-09
2.602127e-09 -1.097254e-08
-6.238391e-09 -5.184712e-09
-3.969423e-09 2.456539e-09
1.792870e-09 1.283831e-09
9.408679e-11 -3.889256e-09
-6.348271e-09 -1.935284e-09
-5.963815e-09 6.540056e-09
3.420953e-09 9.670499e-09
1.063743e-08 1.838203e-09
6.712330e-09 -8.092396e-09
-3.279687e-09 -8.964887e-09
-7.943449e-09 -1.456571e-09
-4.146269e-09 4.760022e-09
1.394160e-09 4.239287e-09
2.645832e-09 5.740637e-10
7.694182e-10 -9.061799e-10
-1.453135e-10 4.892119e-11
7.336736e-10 4.953808e-10
1.260250e-09 -5.803666e-10
3.009171e-10 -1.578050e-09
-1.059506e-09 -1.227056e-09
-1.524021e-09 -1.319303e-11
-9.793121e-10 9.999793e-10
1.194297e-11 1.299601e-09
8.910110e-10 8.454929e-10
1.152058e-09 -1.036110e-10
5.756665e-10 -8.830144e-10
-3.348893e-10 -8.426293e-10
-7.075790e-10 -1.304882e-10
-3.167592e-10 4.003506e-10
1.669735e-10 2.592780e-10
1.300984e-10 -1.150249e-10
-1.901889e-10 -8.678666e-11
-1.750237e-10 2.601711e-10
2.228293e-10 3.288142e-10
4.395497e-10 -6.600446e-11
1.426665e-10 -4.331254e-10
-3.079796e-10 -3.106446e-10
-3.769431e-10 1.227190e-10
-4.695569e-11 3.380943e-10
2.366536e-10 1.505695e-10
1.810541e-10 -1.276781e-10
-4.746905e-11 -1.644357e-10
-1.342320e-10 2.033804e-12
-2.317719e-11 1.099182e-10
9.163861e-11 4.436691e-11
6.632777e-11 -6.974568e-11
-3.815965e-11 -8.237711e-11
-8.350690e-11 8.247277e-13
-3.166169e-11 6.738827e-11
