-1.565669e-11 -8.892592e-12
-1.249440e-10 1.627792e-10
1.663250e-10 2.156451e-10
3.305926e-10 -6.678097e-11
1.307737e-10 -3.567099e-10
-2.291678e-10 -3.201907e-10
-3.788473e-10 -1.579630e-12
-2.044348e-10 2.707701e-10
7.477268e-11 2.713344e-10
1.961533e-10 8.287153e-11
1.257534e-10 -6.501900e-11
2.212340e-11 -7.155739e-11
2.517760e-12 -2.475080e-11
2.563511e-11 -2.989616e-11
1.314302e-12 -6.832900e-11
-6.490293e-11 -5.580643e-11
-8.930449e-11 1.965093e-11
-3.526620e-11 8.097251e-11
4.037306e-11 6.799942e-11
6.607099e-11 6.331614e-12
3.545001e-11 -3.851269e-11
-5.741386e-12 -3.813315e-11
-2.186688e-11 -1.417147e-11
-1.521858e-11 2.725438e-12
-6.101544e-12 4.472969e-12
-5.354879e-12 2.117569e-12
-7.299292e-12 5.926986e-12
-1.827946e-12 1.268219e-11
1.005606e-11 1.091108e-11
1.528744e-11 -2.236632e-12
5.623445e-12 -1.391541e-11
-9.238268e-12 -1.061846e-11
-1.261411e-11 3.558016e-12
-2.206324e-12 1.194863e-11
8.333134e-12 6.997816e-12
8.665137e-12 -2.362830e-12
3.041018e-12 -5.739551e-12
2.899165e-14 -4.178129e-12
-1.736605e-13 -4.021304e-12
-2.579272e-12 -5.379199e-12
-7.154550e-12 -3.308585e-12
-8.481663e-12 2.960178e-12
-4.040782e-12 8.174369e-12
2.393791e-12 8.086167e-12
6.003205e-12 4.084634e-12
6.059224e-12 4.140637e-14
4.674716e-12 -2.469479e-12
2.940078e-12 -4.177902e-12
4.154777e-13 -5.214252e-12
-2.579195e-12 -4.587329e-12
-4.530862e-12 -2.259962e-12
-4.791145e-12 4.069179e-13
-4.060773e-12 2.708990e-12
-2.273533e-12 4.988372e-12
1.572304e-12 6.149376e-12
6.072861e-12 3.544510e-12
6.766041e-12 -2.463309e-12
1.821164e-12 -6.457702e-12
-3.802098e-12 -4.124381e-12
-3.947597e-12 1.233213e-12
2.246644e-13 2.718747e-12
