-2.376419e-06 -1.104279e-06
-3.646242e-06 2.008775e-06
-6.980075e-07 5.740982e-06
5.341748e-06 4.881968e-06
8.125107e-06 -1.778131e-06
3.423278e-06 -8.225238e-06
-4.873390e-06 -7.557550e-06
-8.620240e-06 -1.993437e-07
-4.515475e-06 6.476622e-06
2.629930e-06 6.403208e-06
5.736915e-06 9.494070e-07
2.982691e-06 -3.604529e-06
-1.376327e-06 -3.335709e-06
-2.685439e-06 -1.038527e-07
-7.494030e-07 1.833953e-06
1.209722e-06 9.258203e-07
9.939855e-07 -8.110089e-07
-4.618005e-07 -1.065779e-06
-1.060734e-06 7.372443e-08
-2.879415e-07 8.983783e-07
6.147871e-07 5.118889e-07
5.657375e-07 -3.269202e-07
-1.229404e-07 -5.174955e-07
-4.588890e-07 -4.869664e-10
-1.058193e-07 4.225749e-07
3.700141e-07 2.351738e-07
3.638985e-07 -2.485468e-07
-5.598353e-08 -4.237856e-07
-3.668685e-07 -1.451952e-07
-2.712897e-07 2.112746e-07
3.300284e-08 2.782461e-07
1.910978e-07 8.591784e-08
1.107580e-07 -8.236507e-08
-1.928667e-08 -7.009004e-08
-2.632299e-08 2.034393e-08
5.129848e-08 2.604769e-08
6.806790e-08 -5.987626e-08
-1.980713e-08 -1.111120e-07
-1.117662e-07 -5.001640e-08
-1.039341e-07 6.057986e-08
-1.196102e-08 1.077614e-07
6.471573e-08 6.173924e-08
6.558345e-08 -9.452163e-09
2.173695e-08 -3.565276e-08
-4.531534e-09 -1.801944e-08
2.789218e-09 -3.230159e-09
1.151672e-08 -1.398846e-08
-3.310812e-09 -2.836923e-08
-2.793505e-08 -1.948243e-08
-3.421739e-08 8.119750e-09
-1.626014e-08 2.861539e-08
7.534351e-09 2.753620e-08
1.958986e-08 1.278389e-08
1.863794e-08 -1.213188e-09
1.252215e-08 -8.908180e-09
5.929274e-09 -1.246178e-08
-1.290495e-09 -1.342411e-08
-8.801113e-09 -1.039032e-08
-1.336032e-08 -2.713571e-09
-1.154262e-08 6.519265e-09
-3.708906e-09 1.177310e-08
