3.059528e-12 -1.960801e-11
-2.190291e-10 -6.510886e-11
-1.561645e-10 2.610636e-10
2.086030e-10 3.144551e-10
4.246527e-10 -2.037694e-11
2.246234e-10 -3.781767e-10
-1.741767e-10 -3.839800e-10
-3.681664e-10 -7.330053e-11
-2.267011e-10 2.096732e-10
2.759425e-11 2.290684e-10
1.318731e-10 7.142324e-11
6.546779e-11 -3.519115e-11
-4.545613e-12 -1.035200e-11
2.314209e-11 3.468868e-11
7.575493e-11 -4.921861e-12
4.570092e-11 -8.360478e-11
-4.934008e-11 -8.929920e-11
-9.910780e-11 -5.613519e-12
-5.207050e-11 7.364138e-11
2.974401e-11 7.157110e-11
6.226334e-11 1.111453e-11
3.373680e-11 -3.531870e-11
-7.091455e-12 -3.454498e-11
-2.108708e-11 -9.567384e-12
-1.135033e-11 6.052952e-12
-1.076639e-12 4.365907e-12
-2.030916e-12 -9.281875e-13
-6.728425e-12 2.318451e-12
-2.838396e-12 1.027426e-11
9.037631e-12 9.521437e-12
1.441632e-11 -3.783203e-12
3.735832e-12 -1.585410e-11
-1.284256e-11 -1.157344e-11
-1.682119e-11 5.187610e-12
-4.796358e-12 1.614862e-11
8.742311e-12 1.197273e-11
1.166303e-11 1.363445e-12
7.256026e-12 -4.182682e-12
4.321307e-12 -4.776090e-12
3.392106e-12 -6.612232e-12
-7.396637e-13 -9.633577e-12
-8.030025e-12 -8.068349e-12
-1.202243e-11 -3.920256e-13
-8.693642e-12 7.668130e-12
-1.274285e-12 1.027193e-11
4.498316e-12 7.494314e-12
6.534764e-12 3.185946e-12
6.363790e-12 -2.714612e-13
5.284357e-12 -3.086255e-12
2.981799e-12 -5.429191e-12
-5.437979e-13 -6.215693e-12
-3.913863e-12 -4.750768e-12
-5.834953e-12 -1.756455e-12
-6.000423e-12 1.863153e-12
-3.941021e-12 5.499364e-12
8.317345e-13 7.264559e-12
6.125719e-12 4.498144e-12
7.137641e-12 -1.944867e-12
2.183319e-12 -6.270288e-12
-3.554145e-12 -4.104293e-12
-3.833368e-12 1.207963e-12
