-1.300193e-10 -6.292122e-11
-1.270208e-09 7.121898e-10
-8.498140e-11 1.429154e-09
1.170700e-09 7.828247e-10
1.237695e-09 -6.365584e-10
3.563572e-11 -1.374192e-09
-1.153007e-09 -6.821981e-10
-1.103471e-09 6.256625e-10
-1.869528e-11 1.148933e-09
8.327703e-10 5.161898e-10
6.825298e-10 -3.546353e-10
2.019936e-11 -5.334821e-10
-2.638539e-10 -1.351515e-10
-3.271383e-11 9.839370e-11
1.345806e-10 -1.050093e-10
-1.076321e-10 -2.956418e-10
-4.144570e-10 -6.292812e-11
-3.050070e-10 3.678264e-10
1.571015e-10 4.685320e-10
4.627598e-10 1.105108e-10
3.065314e-10 -3.041261e-10
-8.643679e-11 -3.612761e-10
-2.897865e-10 -8.868302e-11
-1.680700e-10 1.619977e-10
5.041812e-11 1.604138e-10
1.116743e-10 7.897636e-12
1.795391e-11 -6.807986e-11
-5.140745e-11 -8.241534e-12
-5.661292e-12 5.646735e-11
6.473099e-11 2.045011e-11
4.630468e-11 -6.047022e-11
-3.898683e-11 -6.981893e-11
-7.976315e-11 5.528408e-12
-2.982400e-11 7.113111e-11
4.528555e-11 5.626697e-11
6.495656e-11 -9.470453e-12
2.412429e-11 -5.234476e-11
-2.376900e-11 -4.229819e-11
-3.813862e-11 -6.731161e-12
-2.333055e-11 1.692410e-11
-5.632057e-12 1.886521e-11
5.950814e-13 1.363160e-11
2.625941e-12 1.460428e-11
1.289207e-11 1.692415e-11
2.774420e-11 5.879744e-12
2.812565e-11 -1.919515e-11
4.568246e-12 -3.710656e-11
-2.565802e-11 -2.793681e-11
-3.568035e-11 1.273843e-12
-1.988058e-11 2.397667e-11
2.534649e-12 2.497416e-11
1.339754e-11 1.321173e-11
1.356522e-11 3.759882e-12
1.273089e-11 -1.095579e-12
1.232759e-11 -7.475507e-12
6.410236e-12 -1.530224e-11
-5.663510e-12 -1.696241e-11
-1.573916e-11 -8.538428e-12
-1.622353e-11 4.233682e-12
-8.159615e-12 1.235184e-11
1.341457e-12 1.238418e-11
