-2.592501e-12 9.509014e-13
1.431991e-12 2.840050e-11
2.934830e-11 8.746283e-12
2.187937e-11 -2.323717e-11
-7.543046e-12 -3.063247e-11
-2.696215e-11 -1.249282e-11
-2.554551e-11 9.671261e-12
-1.216695e-11 2.232347e-11
3.994323e-12 2.428062e-11
1.794699e-11 1.680158e-11
2.463297e-11 2.215073e-12
2.075967e-11 -1.343964e-11
8.072322e-12 -2.327600e-11
-8.093414e-12 -2.312794e-11
-2.059264e-11 -1.238767e-11
-2.228102e-11 3.975194e-12
-1.222780e-11 1.558577e-11
5.349816e-13 1.551175e-11
5.899119e-12 8.687322e-12
4.915944e-12 5.275548e-12
6.581174e-12 6.268997e-12
1.276630e-11 3.106306e-12
1.441363e-11 -7.585452e-12
5.149635e-12 -1.684103e-11
-8.324739e-12 -1.479537e-11
-1.419987e-11 -3.698446e-12
-9.790874e-12 5.535826e-12
-2.785025e-12 6.871607e-12
-1.114619e-13 4.240237e-12
-5.147929e-13 3.753289e-12
1.036240e-12 5.432955e-12
5.270562e-12 4.745038e-12
7.855719e-12 -8.000719e-14
5.595442e-12 -5.467838e-12
3.441404e-13 -7.210868e-12
-3.941493e-12 -5.025663e-12
-5.526012e-12 -1.287206e-12
-4.716754e-12 2.300646e-12
-1.799487e-12 4.652672e-12
2.116138e-12 4.127089e-12
3.970493e-12 6.304872e-13
1.972150e-12 -2.407771e-12
-9.992337e-13 -1.762837e-12
-8.960089e-13 6.349420e-13
1.233513e-12 3.989498e-13
8.097190e-13 -2.104307e-12
-2.461114e-12 -2.029414e-12
-3.462424e-12 1.808284e-12
1.840510e-13 4.297736e-12
3.919120e-12 1.774495e-12
3.089767e-12 -2.337413e-12
-3.302162e-13 -3.031813e-12
-1.686967e-12 -9.676827e-13
-8.464900e-13 1.300831e-15
-8.597178e-13 -4.241419e-13
-1.784859e-12 3.797515e-13
-9.436996e-13 2.218788e-12
1.527831e-12 2.068086e-12
2.290875e-12 -3.830297e-13
3.577267e-13 -1.758982e-12
-1.183289e-12 -4.042100e-13
