-2.444090e-12 9.354681e-13
2.612764e-11 3.213070e-11
6.882646e-11 -3.111453e-11
7.673968e-12 -1.037462e-10
-9.822833e-11 -7.306997e-11
-1.225275e-10 4.226989e-11
-3.625764e-11 1.208159e-10
6.710180e-11 9.186842e-11
9.495692e-11 4.523988e-12
5.077267e-11 -5.243294e-11
-2.137368e-13 -5.051925e-11
-1.760517e-11 -2.534281e-11
-1.392107e-11 -1.361177e-11
-1.684350e-11 -1.466583e-11
-3.012936e-11 -6.928707e-12
-3.398943e-11 1.731541e-11
-1.341265e-11 4.009016e-11
2.030809e-11 3.775905e-11
3.889052e-11 9.423992e-12
2.793309e-11 -1.972143e-11
2.692841e-12 -2.615680e-11
-1.164129e-11 -1.307427e-11
-9.127939e-12 -1.133581e-12
-3.686666e-12 -2.203618e-13
-5.104907e-12 -1.715230e-12
-7.362455e-12 2.801457e-12
-2.577575e-12 8.216076e-12
5.059874e-12 6.009289e-12
6.142772e-12 -1.520162e-12
3.057959e-13 -4.869536e-12
-4.033125e-12 -1.035974e-12
-1.954644e-12 3.538757e-12
2.399105e-12 2.996908e-12
3.090768e-12 -6.531169e-13
4.302756e-13 -1.950942e-12
-8.285641e-13 1.721496e-14
1.126926e-12 1.212110e-12
2.976115e-12 -9.714112e-13
1.354123e-12 -4.144834e-12
-2.707207e-12 -4.452656e-12
-5.590015e-12 -1.251416e-12
-5.223753e-12 3.118219e-12
-1.867955e-12 6.190730e-12
3.118773e-12 6.188122e-12
7.014325e-12 2.134944e-12
6.264171e-12 -4.009908e-12
5.847372e-13 -7.028929e-12
-4.739382e-12 -3.856207e-12
-4.401539e-12 1.618413e-12
-1.870664e-13 3.017869e-12
1.576448e-12 1.524098e-13
-6.844658e-13 -1.316282e-12
-2.069288e-12 1.004472e-12
3.604089e-13 2.839484e-12
2.890986e-12 7.391163e-13
1.575611e-12 -2.256291e-12
-1.402135e-12 -1.864623e-12
-1.740506e-12 6.688896e-13
1.310692e-13 1.366746e-12
7.772652e-13 1.461061e-13
-3.239247e-14 -9.685164e-14
