-6.471604e-12 -5.539013e-12
-1.069244e-10 5.493272e-11
2.185980e-11 1.782858e-10
2.222275e-10 7.215418e-11
1.921421e-10 -1.978736e-10
-1.023123e-10 -2.845720e-10
-3.105456e-10 -2.969400e-11
-1.491131e-10 2.665906e-10
1.814002e-10 2.219154e-10
2.449475e-10 -9.327873e-11
-2.526661e-11 -2.395749e-10
-2.301049e-10 -2.486021e-11
-7.443781e-11 2.242689e-10
2.101505e-10 1.357073e-10
2.026021e-10 -1.700738e-10
-9.835371e-11 -2.545726e-10
-2.726047e-10 7.744332e-12
-7.969068e-11 2.527380e-10
2.059620e-10 1.477318e-10
1.933034e-10 -1.465293e-10
-8.105163e-11 -2.206456e-10
-2.300259e-10 8.845611e-12
-6.780900e-11 2.136058e-10
1.636197e-10 1.350391e-10
1.708482e-10 -8.546197e-11
-2.505106e-12 -1.598824e-10
-1.075993e-10 -5.411990e-11
-6.461504e-11 4.105872e-11
-6.250848e-12 3.405380e-11
-1.067405e-11 1.534008e-11
-6.889969e-12 3.924416e-11
3.868080e-11 3.452130e-11
4.321999e-11 -2.136566e-11
-1.395571e-11 -2.972854e-11
-1.555235e-11 3.470249e-11
7.572206e-11 3.101962e-11
9.030645e-11 -1.042687e-10
-8.393950e-11 -1.757254e-10
-2.442384e-10 1.754125e-12
-1.186478e-10 2.535232e-10
1.899923e-10 2.285906e-10
2.837967e-10 -7.856422e-11
3.333952e-11 -2.711835e-10
-2.140870e-10 -1.062340e-10
-1.315972e-10 1.529150e-10
1.162634e-10 1.317330e-10
1.384391e-10 -1.036387e-10
-9.090207e-11 -1.676637e-10
-2.085912e-10 5.210187e-11
-1.964719e-11 2.332092e-10
2.171861e-10 1.066789e-10
1.783980e-10 -1.564105e-10
-6.900969e-11 -2.099636e-10
-1.952586e-10 -1.607535e-11
-7.477596e-11 1.475171e-10
8.973658e-11 9.821407e-11
9.333334e-11 -4.217645e-11
-1.395478e-11 -7.569046e-11
-5.970527e-11 2.002149e-12
-3.621681e-12 5.171283e-11
4.884520e-11 1.190718e-11
