9.474150e-07 -1.669716e-05
-1.744780e-05 -1.500254e-05
-3.106937e-05 4.444413e-06
-2.430190e-05 3.493145e-05
1.223927e-05 5.547253e-05
6.430366e-05 3.549321e-05
8.457912e-05 -3.318530e-05
3.087165e-05 -1.024871e-04
-7.111790e-05 -9.690540e-05
-1.291200e-04 6.616410e-07
-7.621751e-05 1.092526e-04
4.647239e-05 1.240437e-04
1.237827e-04 2.976183e-05
8.692050e-05 -8.050281e-05
-1.741422e-05 -1.053950e-04
-8.525165e-05 -3.784387e-05
-6.624741e-05 4.246690e-05
-1.199192e-06 6.383872e-05
4.021935e-05 2.872165e-05
3.409578e-05 -1.148116e-05
8.290040e-06 -2.255345e-05
-5.691080e-06 -1.299470e-05
-5.666414e-06 -5.493197e-06
-6.024392e-06 -5.079836e-06
-1.085761e-05 -1.705453e-06
-1.082753e-05 8.156034e-06
-6.024715e-07 1.488616e-05
1.158736e-05 9.642656e-06
1.391043e-05 -3.376616e-06
4.923805e-06 -1.191255e-05
-5.837789e-06 -9.400655e-06
-9.054698e-06 -5.337161e-07
-4.343350e-06 5.597044e-06
1.716364e-06 4.950762e-06
3.556222e-06 7.116926e-07
1.365978e-06 -1.870391e-06
-9.432361e-07 -1.050191e-06
-7.478854e-07 8.171701e-07
9.279145e-07 9.278815e-07
1.440053e-06 -7.284661e-07
-6.210155e-08 -1.841625e-06
-1.783239e-06 -8.476501e-07
-1.628296e-06 1.198334e-06
2.723621e-07 1.985070e-06
1.809040e-06 6.914760e-07
1.401324e-06 -1.179543e-06
-3.148604e-07 -1.665173e-06
-1.444526e-06 -5.021677e-07
-1.019968e-06 8.681055e-07
1.848915e-07 1.115302e-06
8.437939e-07 3.427958e-07
5.590749e-07 -4.041736e-07
-2.768749e-08 -4.773238e-07
-2.469270e-07 -1.423890e-07
-1.078442e-07 4.869456e-08
-1.034179e-08 -1.872718e-08
-1.052014e-07 -6.109910e-08
-1.736058e-07 8.229113e-08
-3.108711e-08 2.313555e-07
1.912655e-07 1.611029e-07
2.355668e-07 -7.556095e-08
