5.911134e-06 1.017662e-05
1.314926e-05 1.239866e-06
8.835336e-06 -1.013197e-05
-2.797026e-06 -1.214545e-05
-9.689144e-06 -4.188410e-06
-7.110535e-06 4.014864e-06
-9.653365e-07 5.654913e-06
2.125890e-06 2.939189e-06
2.018962e-06 8.597661e-07
1.910078e-06 2.822532e-07
2.351806e-06 -9.943780e-07
1.108727e-06 -3.139473e-06
-2.275479e-06 -3.320736e-06
-4.586791e-06 4.054252e-08
-2.699580e-06 4.192369e-06
2.107330e-06 4.755580e-06
5.145426e-06 8.812045e-07
3.486011e-06 -3.648466e-06
-9.769513e-07 -4.597237e-06
-3.894186e-06 -1.618095e-06
-3.063672e-06 1.968529e-06
-1.065821e-07 3.018367e-06
1.922531e-06 1.429923e-06
1.705048e-06 -5.901633e-07
3.167183e-07 -1.230809e-06
-5.607769e-07 -5.871329e-07
-4.187084e-07 1.233621e-07
3.585976e-08 1.618423e-07
6.710232e-08 -1.558844e-07
-2.593781e-07 -1.775352e-07
-3.741494e-07 2.016613e-07
-1.933663e-08 4.953709e-07
4.422981e-07 2.964247e-07
4.941820e-07 -2.218181e-07
7.386528e-08 -5.241366e-07
-3.811784e-07 -3.241039e-07
-4.387348e-07 1.347492e-07
-1.112180e-07 3.932588e-07
2.305008e-07 2.665502e-07
2.904601e-07 -3.423537e-08
1.107740e-07 -2.026989e-07
-6.846718e-08 -1.556248e-07
-1.063720e-07 -3.587459e-08
-6.161148e-08 1.649627e-08
-4.528078e-08 1.195758e-08
-6.287792e-08 3.598680e-08
-3.589827e-08 9.915208e-08
6.190189e-08 1.174978e-07
1.480833e-07 3.178116e-08
1.249303e-07 -1.007844e-07
-5.168021e-10 -1.600714e-07
-1.179524e-07 -9.410202e-08
-1.311870e-07 2.860002e-08
-5.179980e-08 9.921346e-08
3.083004e-08 8.017497e-08
5.356690e-08 2.378280e-08
3.306659e-08 -5.909768e-09
2.067086e-08 -3.463788e-09
3.041778e-08 -7.353967e-09
3.023102e-08 -3.519987e-08
-4.255162e-09 -5.772522e-08
