-2.554327e-06 1.486095e-06
-4.151705e-07 4.333818e-06
4.349810e-06 3.758072e-06
6.723551e-06 -1.687960e-06
2.739121e-06 -7.247444e-06
-4.637481e-06 -6.667020e-06
-8.059258e-06 1.020387e-07
-4.144578e-06 6.401899e-06
2.809678e-06 6.312890e-06
5.941420e-06 8.758483e-07
3.204241e-06 -3.844724e-06
-1.373700e-06 -3.747865e-06
-3.012003e-06 -4.174516e-07
-1.198134e-06 1.864882e-06
9.545149e-07 1.249318e-06
1.046738e-06 -4.633070e-07
-2.348877e-07 -8.986216e-07
-8.466892e-07 5.378132e-08
-1.680344e-07 7.898020e-07
6.496136e-07 3.877484e-07
5.334120e-07 -4.370609e-07
-2.107255e-07 -5.830511e-07
-5.626881e-07 9.952067e-09
-1.639717e-07 4.982101e-07
3.873672e-07 3.161318e-07
4.249937e-07 -2.187535e-07
-9.439411e-09 -4.484806e-07
-3.629825e-07 -1.834436e-07
-2.924927e-07 1.956806e-07
1.802003e-08 2.862963e-07
1.930464e-07 9.659378e-08
1.182579e-07 -8.213266e-08
-1.773468e-08 -7.530553e-08
-2.875187e-08 1.859616e-08
5.205982e-08 2.643389e-08
7.039619e-08 -6.466285e-08
-2.527810e-08 -1.201544e-07
-1.275296e-07 -5.144973e-08
-1.179407e-07 7.547089e-08
-8.859656e-09 1.313837e-07
8.615269e-08 7.563887e-08
9.012463e-08 -1.612436e-08
3.302910e-08 -5.636495e-08
-9.639138e-09 -3.785237e-08
-1.061857e-08 -1.359926e-08
-2.643811e-09 -1.577507e-08
-1.627995e-08 -2.399771e-08
-3.800230e-08 -8.253700e-09
-3.583164e-08 2.516296e-08
-5.292525e-09 4.373165e-08
2.645625e-08 3.090559e-08
3.488594e-08 2.134532e-09
2.169542e-08 -1.801382e-08
4.347285e-09 -2.128411e-08
-5.934165e-09 -1.562970e-08
-1.031291e-08 -9.561333e-09
-1.310991e-08 -3.872362e-09
-1.390796e-08 3.816262e-09
-9.234221e-09 1.212465e-08
1.091928e-09 1.549745e-08
1.118343e-08 1.004570e-08
