4.310796e-12 -3.540524e-12
-1.350272e-11 -4.094782e-11
-3.131315e-11 2.150166e-11
3.867107e-11 4.454742e-11
8.162748e-11 -4.008125e-11
-7.891456e-12 -1.227683e-10
-1.398198e-10 -5.472039e-11
-1.241813e-10 1.151261e-10
5.299646e-11 1.712324e-10
1.785005e-10 2.403439e-11
9.003259e-11 -1.484512e-10
-9.776939e-11 -1.299000e-10
-1.436492e-10 4.453581e-11
-1.591623e-12 1.401946e-10
1.276238e-10 4.032892e-11
7.463211e-11 -1.077987e-10
-7.821529e-11 -1.039785e-10
-1.226633e-10 3.805242e-11
-7.375192e-12 1.239592e-10
1.062859e-10 4.769312e-11
7.343238e-11 -7.606893e-11
-4.452451e-11 -8.226851e-11
-8.037597e-11 2.037536e-11
4.054054e-12 7.724174e-11
7.753318e-11 1.161791e-11
3.409238e-11 -7.658055e-11
-6.387263e-11 -6.257899e-11
-8.564763e-11 3.271415e-11
-1.137528e-11 8.806151e-11
6.253963e-11 5.092575e-11
6.657210e-11 -1.746624e-11
2.612586e-11 -5.015897e-11
-1.114878e-11 -4.702743e-11
-3.713229e-11 -2.881136e-11
-4.955875e-11 6.017309e-12
-2.631795e-11 4.467914e-11
2.397054e-11 4.314449e-11
4.147251e-11 -4.953428e-12
1.602543e-13 -3.243628e-11
-3.195428e-11 6.967046e-12
1.217353e-11 4.835010e-11
7.516904e-11 1.062563e-12
3.931588e-11 -9.387677e-11
-8.501489e-11 -9.261219e-11
-1.381136e-10 4.116668e-11
-2.643764e-11 1.525683e-10
1.263090e-10 9.252524e-11
1.316262e-10 -6.983068e-11
-8.026444e-12 -1.327882e-10
-1.054003e-10 -3.483026e-11
-4.954061e-11 7.184928e-11
5.187805e-11 4.592223e-11
4.356288e-11 -4.966176e-11
-5.273199e-11 -5.630990e-11
-8.194537e-11 4.306373e-11
1.164869e-11 1.043218e-10
1.056885e-10 3.428210e-11
7.612437e-11 -7.960128e-11
-3.517957e-11 -9.641611e-11
-8.954109e-11 -9.386883e-12
-3.836200e-11 6.360593e-11
