1.662559e-09 -5.552988e-11
-3.358383e-10 -1.667796e-10
6.976510e-09 1.850622e-08
3.488591e-08 8.438053e-09
3.525800e-08 -3.157099e-08
-6.765381e-09 -5.323367e-08
-4.895023e-08 -2.527768e-08
-4.608034e-08 2.476472e-08
-4.803869e-09 4.610857e-08
2.953704e-08 2.454814e-08
2.828365e-08 -8.793401e-09
5.144801e-09 -2.037324e-08
-9.944498e-09 -8.990461e-09
-6.549521e-09 3.678616e-09
2.516570e-09 3.649572e-09
3.457148e-09 -3.342467e-09
-2.856666e-09 -5.307535e-09
-6.683058e-09 1.752687e-10
-3.256833e-09 5.844450e-09
2.997331e-09 5.444286e-09
5.445896e-09 3.356078e-10
2.664421e-09 -3.727623e-09
-1.466852e-09 -3.411362e-09
-2.907557e-09 -3.346834e-10
-1.282792e-09 1.861591e-09
8.562988e-10 1.498746e-09
1.306573e-09 -1.570773e-10
2.241168e-10 -9.911645e-10
-7.131906e-10 -3.917184e-10
-4.678281e-10 5.190706e-10
3.761162e-10 5.389986e-10
6.263735e-10 -2.160728e-10
9.622094e-12 -6.830197e-10
-6.330085e-10 -2.832616e-10
-5.193752e-10 4.373164e-10
1.391217e-10 6.184035e-10
5.388241e-10 1.509324e-10
3.222631e-10 -3.315952e-10
-1.091778e-10 -3.343773e-10
-2.374589e-10 -2.754740e-11
-5.041894e-11 1.305180e-10
9.025741e-11 1.086048e-11
-8.393411e-12 -1.224694e-10
-1.683803e-10 -4.139494e-11
-1.404504e-10 1.574649e-10
6.529813e-11 2.200305e-10
2.186641e-10 6.704479e-11
1.651984e-10 -1.306118e-10
-9.346000e-12 -1.782869e-10
-1.147958e-10 -7.453412e-11
-8.517775e-11 3.078296e-11
-1.630302e-11 4.178683e-11
-4.884119e-12 8.360985e-12
-2.882948e-11 1.531049e-11
-1.306785e-11 5.432732e-11
4.505444e-11 5.311162e-11
7.451554e-11 -7.323898e-12
3.519922e-11 -6.461428e-11
-3.095081e-11 -6.058448e-11
-5.957114e-11 -8.604446e-12
-3.656882e-11 3.616754e-11
