9.399466e-10 -6.717426e-10
-8.061390e-10 -8.244990e-09
-4.319155e-09 -1.262535e-09
-4.318089e-10 2.164232e-09
2.284144e-09 -3.777812e-10
2.752016e-10 -2.941631e-09
-2.534820e-09 -1.661058e-09
-2.319118e-09 1.094666e-09
-1.811289e-10 1.757728e-09
7.781567e-10 4.174801e-10
-8.067844e-11 -4.336034e-10
-9.074488e-10 3.083563e-10
-3.190395e-10 1.420164e-09
1.105395e-09 1.386537e-09
1.926666e-09 1.069535e-10
1.427159e-09 -1.354064e-09
1.712464e-11 -1.924789e-09
-1.304588e-09 -1.276562e-09
-1.674717e-09 7.470076e-11
-9.368409e-10 1.145501e-09
2.230099e-10 1.219802e-09
8.526135e-10 4.605053e-10
6.224483e-10 -2.879710e-10
6.389264e-11 -4.079301e-10
-1.464613e-10 -9.432279e-11
3.985845e-11 6.125062e-11
1.540917e-10 -1.244289e-10
-6.046688e-11 -2.860018e-10
-3.255884e-10 -1.064080e-10
-2.660557e-10 2.371460e-10
7.266543e-11 3.365240e-10
3.038267e-10 8.859462e-11
1.935214e-10 -2.052061e-10
-8.927558e-11 -2.315676e-10
-2.190678e-10 -1.298764e-11
-9.176457e-11 1.745721e-10
1.072763e-10 1.437708e-10
1.597666e-10 -2.495329e-11
5.221516e-11 -1.299510e-10
-6.255222e-11 -9.306166e-11
-7.799599e-11 -7.359073e-12
-3.649915e-11 2.268855e-11
-2.544179e-11 8.823021e-12
-4.575337e-11 2.294018e-11
-3.107020e-11 7.256194e-11
3.879790e-11 9.097954e-11
1.027478e-10 3.638923e-11
9.722648e-11 -5.076915e-11
2.895939e-11 -9.872236e-11
-4.325020e-11 -8.027172e-11
-7.298516e-11 -2.482212e-11
-5.808031e-11 2.332726e-11
-2.507100e-11 4.228822e-11
1.170073e-12 3.828335e-11
1.500565e-11 2.828500e-11
2.520812e-11 1.914549e-11
3.529218e-11 3.595180e-12
3.369958e-11 -2.203484e-11
9.804531e-12 -4.272370e-11
-2.493665e-11 -3.765336e-11
-4.342068e-11 -6.955247e-12
