-2.136124e-05 -5.313973e-06
-2.922287e-05 2.295693e-05
1.270105e-06 5.484126e-05
5.960307e-05 4.170504e-05
8.352439e-05 -2.874900e-05
2.890595e-05 -9.538581e-05
-6.423449e-05 -8.395776e-05
-1.062747e-04 3.384982e-06
-5.651149e-05 8.499528e-05
3.384653e-05 8.756357e-05
8.047669e-05 1.984565e-05
5.260389e-05 -4.656777e-05
-7.333888e-06 -5.658830e-05
-3.975688e-05 -1.940980e-05
-2.767865e-05 1.709368e-05
5.220052e-07 2.244415e-05
1.294685e-05 6.140025e-06
5.855425e-06 -6.046755e-06
-3.532032e-06 -3.716183e-06
-2.994963e-06 3.492717e-06
3.311343e-06 4.003462e-06
5.298229e-06 -1.766709e-06
6.901485e-07 -5.487855e-06
-4.236260e-06 -2.884344e-06
-3.961553e-06 2.159431e-06
1.473337e-07 3.818589e-06
2.905285e-06 1.219861e-06
1.841400e-06 -1.784895e-06
-8.200408e-07 -1.928274e-06
-1.745989e-06 1.117763e-07
-3.894315e-07 1.457602e-06
1.111573e-06 7.472421e-07
9.738476e-07 -7.125789e-07
-2.886915e-07 -1.046660e-06
-9.603047e-07 -9.539291e-08
-3.741509e-07 7.574342e-07
5.128577e-07 5.241601e-07
5.735279e-07 -2.890189e-07
-1.040048e-07 -5.708275e-07
-5.431165e-07 -6.078429e-08
-2.233829e-07 4.806682e-07
3.595997e-07 3.705823e-07
4.615405e-07 -1.784702e-07
2.589677e-08 -4.602521e-07
-3.661414e-07 -1.964907e-07
-2.902850e-07 2.170153e-07
6.544633e-08 2.997404e-07
2.484762e-07 4.924848e-08
1.133837e-07 -1.709990e-07
-9.497557e-08 -1.334409e-07
-1.241527e-07 3.540927e-08
-2.847277e-09 1.004937e-07
7.489580e-08 2.162263e-08
2.754658e-08 -5.582190e-08
-4.587887e-08 -2.973766e-08
-3.578683e-08 4.128436e-08
3.445258e-08 4.788418e-08
6.169870e-08 -1.872519e-08
7.327281e-09 -6.871003e-08
-6.086646e-08 -3.804837e-08
-6.232431e-08 3.578420e-08
