-3.124033e-11 2.423758e-10
-2.176306e-10 -3.408940e-10
-3.403970e-09 4.636957e-10
-2.704924e-09 4.988359e-09
2.923960e-09 6.466675e-09
7.541084e-09 1.809095e-09
6.093372e-09 -4.794073e-09
6.682954e-11 -7.227886e-09
-4.877971e-09 -4.033293e-09
-5.105455e-09 1.002714e-09
-1.888839e-09 3.502593e-09
1.046586e-09 2.561334e-09
1.577207e-09 4.781896e-10
5.514206e-10 -3.996273e-10
-6.714399e-11 9.551179e-11
4.232557e-10 5.440653e-10
1.073424e-09 -4.230872e-12
7.882294e-10 -1.001613e-09
-3.061644e-10 -1.281397e-09
-1.122065e-09 -5.144976e-10
-9.399908e-10 4.935361e-10
-1.372831e-10 8.247406e-10
4.116660e-10 4.246753e-10
3.515165e-10 -5.547126e-11
5.551040e-11 -1.397588e-10
-1.784837e-11 2.618347e-11
1.271861e-10 5.807386e-11
1.778495e-10 -1.194975e-10
-1.240722e-13 -2.503364e-10
-2.111691e-10 -1.431075e-10
-2.192396e-10 8.885912e-11
-3.817663e-11 1.989309e-10
1.190856e-10 1.073515e-10
1.094645e-10 -4.054323e-11
1.882521e-15 -7.901788e-11
-5.527561e-11 -7.736562e-12
-1.019644e-11 5.026444e-11
4.852607e-11 2.422961e-11
4.137903e-11 -3.274524e-11
-6.316460e-12 -4.275888e-11
-2.447861e-11 -1.024340e-11
-3.514596e-12 5.033293e-12
6.398255e-12 -1.544420e-11
-2.042895e-11 -2.930669e-11
-4.982810e-11 -2.841535e-12
-4.016670e-11 4.202812e-11
4.147462e-12 6.048464e-11
4.458842e-11 3.795768e-11
5.342088e-11 -3.032275e-12
3.326493e-11 -3.311566e-11
3.915997e-12 -3.971854e-11
-1.723519e-11 -2.833739e-11
-2.484645e-11 -1.167663e-11
-2.358668e-11 1.943621e-12
-1.855566e-11 1.234251e-11
-9.197233e-12 2.058724e-11
5.174813e-12 2.233723e-11
1.789330e-11 1.323392e-11
2.003293e-11 -1.746895e-12
1.194824e-11 -1.177879e-11
2.669210e-12 -1.294530e-11
