-1.760405e-10 1.063606e-10
-2.053141e-10 2.269549e-09
2.055414e-09 1.557650e-09
2.588559e-09 -9.880584e-10
5.255088e-10 -2.754934e-09
-1.963220e-09 -1.765540e-09
-2.146062e-09 6.941441e-10
-2.748571e-10 1.632326e-09
8.040589e-10 4.018953e-10
-2.048412e-10 -4.674578e-10
-1.058956e-09 8.197403e-10
5.993413e-10 2.270548e-09
3.195031e-09 7.842180e-10
2.830721e-09 -2.921958e-09
-1.182992e-09 -4.463110e-09
-4.691008e-09 -1.402485e-09
-3.659310e-09 3.245892e-09
7.667263e-10 4.551238e-09
3.785996e-09 1.579893e-09
2.789607e-09 -1.949955e-09
-1.085983e-10 -2.577120e-09
-1.464278e-09 -8.506229e-10
-7.124318e-10 3.772389e-10
3.725681e-11 -2.598658e-11
-5.568534e-10 -5.373989e-10
-1.353210e-09 3.198449e-10
-6.465593e-10 1.745907e-09
1.272439e-09 1.767323e-09
2.336733e-09 -6.866468e-11
1.260240e-09 -1.982852e-09
-8.871058e-10 -2.043612e-09
-1.960848e-09 -3.641502e-10
-1.169848e-09 1.199815e-09
2.802345e-10 1.271815e-09
8.523675e-10 3.077166e-10
3.925872e-10 -3.405616e-10
-9.366661e-11 -1.597718e-10
4.863812e-11 1.825736e-10
4.072506e-10 -3.829736e-13
2.847862e-10 -4.927845e-10
-3.013290e-10 -5.921051e-10
-6.937240e-10 -8.736143e-11
-4.578878e-10 5.093489e-10
1.413707e-10 6.185584e-10
5.178748e-10 2.148142e-10
4.021248e-10 -2.513499e-10
2.212532e-11 -3.829143e-10
-2.315332e-10 -1.821057e-10
-2.010086e-10 6.462648e-11
-3.356950e-11 1.316043e-10
5.327563e-11 4.646142e-11
1.212723e-11 -1.945911e-11
-3.558201e-11 1.640467e-11
7.410723e-12 7.089500e-11
8.765020e-11 3.607795e-11
8.666756e-11 -6.628413e-11
-1.358140e-11 -1.144019e-10
-1.047293e-10 -4.617859e-11
-8.773666e-11 6.369300e-11
1.082652e-11 9.803575e-11
7.989329e-11 3.322759e-11
