1.117081e-07 2.273033e-07
3.517279e-07 2.153961e-08
2.551030e-07 -4.077597e-07
-3.141264e-07 -5.600774e-07
-8.300914e-07 -2.516130e-09
-5.209673e-07 8.887308e-07
5.936876e-07 1.069704e-06
1.391541e-06 3.697711e-08
7.998795e-07 -1.296764e-06
-7.785739e-07 -1.412780e-06
-1.662597e-06 5.538250e-09
-7.802840e-07 1.486769e-06
9.588955e-07 1.368135e-06
1.626789e-06 -2.290210e-07
5.226033e-07 -1.507362e-06
-1.043865e-06 -1.109037e-06
-1.369902e-06 3.654383e-07
-3.125512e-07 1.233916e-06
7.786701e-07 7.565075e-07
8.293109e-07 -2.249141e-07
1.650458e-07 -5.796473e-07
-2.274046e-07 -2.383831e-07
-5.045808e-08 3.204756e-08
1.218038e-07 -1.694994e-07
-1.757206e-07 -4.030862e-07
-6.217583e-07 -1.172647e-07
-5.638165e-07 5.411322e-07
1.149964e-07 8.772250e-07
8.218861e-07 4.663057e-07
8.908698e-07 -3.758272e-07
2.475726e-07 -9.232334e-07
-5.514908e-07 -7.315816e-07
-8.504356e-07 -1.205524e-08
-4.704669e-07 5.970658e-07
1.666444e-07 6.238700e-07
4.748821e-07 1.823262e-07
2.907289e-07 -1.984804e-07
-9.106693e-09 -1.809819e-07
-1.610193e-08 1.931496e-08
1.790671e-07 -2.500260e-08
1.307132e-07 -3.244929e-07
-2.945436e-07 -4.063898e-07
-6.281785e-07 3.791355e-08
-3.528210e-07 6.349140e-07
3.759690e-07 6.940256e-07
8.145666e-07 5.763685e-08
4.820190e-07 -6.493264e-07
-2.722173e-07 -7.180810e-07
-6.830348e-07 -1.461037e-07
-4.297328e-07 4.269840e-07
9.728149e-08 4.867818e-07
3.478620e-07 1.466022e-07
2.179653e-07 -1.350351e-07
1.709439e-08 -1.394506e-07
-1.340457e-08 -3.914012e-08
4.251716e-08 -5.120531e-08
-7.129533e-09 -1.367922e-07
-1.553943e-07 -1.094485e-07
-2.126699e-07 7.048070e-08
-7.317186e-08 2.286213e-07
1.421050e-07 1.939586e-07
