1.214219e-11 1.948026e-11
2.500841e-10 -1.155717e-10
-6.749400e-11 -3.623251e-10
-4.395178e-10 -1.108519e-10
-3.485868e-10 3.648840e-10
1.278233e-10 4.981148e-10
4.579042e-10 1.548572e-10
3.310126e-10 -2.577106e-10
-2.915942e-11 -3.325103e-10
-2.148439e-10 -1.045278e-10
-1.157923e-10 9.240300e-11
4.058917e-11 6.757011e-11
3.887224e-11 -5.246801e-11
-7.225954e-11 -5.901700e-11
-1.019396e-10 5.685944e-11
6.308731e-12 1.265538e-10
1.143359e-10 5.107420e-11
8.962265e-11 -7.451829e-11
-2.633886e-11 -1.014641e-10
-9.122541e-11 -1.632175e-11
-4.668855e-11 6.607346e-11
3.301580e-11 6.082279e-11
5.721003e-11 -8.115359e-13
2.123039e-11 -3.979009e-11
-1.790618e-11 -2.827544e-11
-2.295819e-11 1.196806e-12
-5.792520e-12 1.281621e-11
5.045671e-12 4.614746e-12
1.922438e-13 -3.223509e-12
-6.966474e-12 2.187197e-12
-1.166988e-12 1.263902e-11
1.456070e-11 1.044887e-11
2.094655e-11 -8.043379e-12
6.265885e-12 -2.481249e-11
-1.686921e-11 -2.079830e-11
-2.566605e-11 1.983671e-13
-1.461153e-11 1.692906e-11
9.844857e-13 1.750616e-11
7.634305e-12 9.994550e-12
8.203468e-12 5.629970e-12
1.072456e-11 3.241881e-12
1.340096e-11 -3.762749e-12
8.682219e-12 -1.325067e-11
-3.111986e-12 -1.595145e-11
-1.256427e-11 -8.510516e-12
-1.281325e-11 2.150989e-12
-6.620665e-12 7.854484e-12
-8.490996e-13 7.664975e-12
1.900015e-12 5.807010e-12
3.755390e-12 4.578164e-12
6.098489e-12 2.452776e-12
7.020464e-12 -1.788621e-12
4.442221e-12 -6.144985e-12
-6.674516e-13 -7.561211e-12
-5.349352e-12 -5.178556e-12
-7.331385e-12 -3.627748e-13
-5.606148e-12 4.746838e-12
-4.253709e-13 7.353986e-12
5.301391e-12 4.921696e-12
6.689839e-12 -1.365931e-12
2.127859e-12 -5.745189e-12
